L 01/17/2019 - 02:47:45: Log file started (file "logs\L0117015.log") (game "F:\sup\steamapps\common\GarrysModDS\garrysmod") (version "7334")
L 01/17/2019 - 02:47:45: server_cvar: "sv_alltalk" "3"
L 01/17/2019 - 02:47:45: server_cvar: "sv_allowcslua" "1"
L 01/17/2019 - 02:47:45: server_cvar: "sv_airaccelerate" "1000"
L 01/17/2019 - 02:47:45: server_cvar: "sv_alltalk" "0"
L 01/17/2019 - 02:47:46: Connection to Steam servers successful.
L 01/17/2019 - 02:47:46:    Public IP is 31.130.42.81.
L 01/17/2019 - 02:47:46: Assigned anonymous gameserver Steam ID [A-1:571893767(11799)].
L 01/17/2019 - 02:47:46: VAC secure mode is activated.
L 01/17/2019 - 02:47:52: "Bot-Crash<2><STEAM_0:0:151607932><>" connected, address "192.168.1.103:27005"
L 01/17/2019 - 02:47:52: "Bot-Crash<2><STEAM_0:0:151607932><>" STEAM USERID validated
L 01/17/2019 - 02:48:02: [FAdmin] Bot-Crash (STEAM_0:0:151607932) is Authed
L 01/17/2019 - 02:48:02: [FAdmin] Bot-Crash (STEAM_0:0:151607932) Spawned for the first time
L 01/17/2019 - 02:48:02: [FAdmin] Bot-Crash (STEAM_0:0:151607932) Spawned
L 01/17/2019 - 02:48:02: "Bot-Crash<2><STEAM_0:0:151607932><>" entered the game
L 01/17/2019 - 02:48:02: [FAdmin] Bot-Crash (STEAM_0:0:151607932) Attempted to pick up a keys
L 01/17/2019 - 02:48:02: [FAdmin] Bot-Crash (STEAM_0:0:151607932) Attempted to pick up a weapon_physcannon
L 01/17/2019 - 02:48:02: [FAdmin] Bot-Crash (STEAM_0:0:151607932) Attempted to pick up a gmod_camera
L 01/17/2019 - 02:48:02: [FAdmin] Bot-Crash (STEAM_0:0:151607932) Attempted to pick up a gmod_tool
L 01/17/2019 - 02:48:02: [FAdmin] Bot-Crash (STEAM_0:0:151607932) Attempted to pick up a pocket
L 01/17/2019 - 02:48:02: [FAdmin] Bot-Crash (STEAM_0:0:151607932) Attempted to pick up a weapon_physgun
L 01/17/2019 - 02:48:02: [FAdmin] Bot-Crash (STEAM_0:0:151607932) Attempted to pick up a weapon_keypadchecker
L 01/17/2019 - 02:48:02: [FAdmin] Bot-Crash (STEAM_0:0:151607932) Attempted to pick up a door_ram
L 01/17/2019 - 02:48:02: [FAdmin] Bot-Crash (STEAM_0:0:151607932) Attempted to pick up a arrest_stick
L 01/17/2019 - 02:48:02: [FAdmin] Bot-Crash (STEAM_0:0:151607932) Attempted to pick up a unarrest_stick
L 01/17/2019 - 02:48:02: [FAdmin] Bot-Crash (STEAM_0:0:151607932) Attempted to pick up a stunstick
L 01/17/2019 - 02:48:02: [FAdmin] Bot-Crash (STEAM_0:0:151607932) Attempted to pick up a weaponchecker
L 01/17/2019 - 03:09:22: Lua Error: 
[ERROR] conquest/lua/conquest/config.lua:65: '}' expected (to close '{' at line 62) near 'subcategories'
  1. unknown - addons/[server]_conquest/lua/conquest/config.lua:0


L 01/17/2019 - 03:10:25: [FAdmin] Server succesfully shut down.
L 01/17/2019 - 03:10:25: [FAdmin] prop_physics(models/props/de_nuke/handtruck.mdl) Got removed
L 01/17/2019 - 03:10:25: [FAdmin] prop_physics(models/props_c17/door01_left.mdl) Got removed
L 01/17/2019 - 03:10:25: [FAdmin] prop_physics(models/props_c17/door01_left.mdl) Got removed
L 01/17/2019 - 03:10:25: [FAdmin] prop_physics(models/props_c17/door01_left.mdl) Got removed
L 01/17/2019 - 03:10:25: [FAdmin] prop_physics(models/props_c17/door01_left.mdl) Got removed
L 01/17/2019 - 03:10:25: [FAdmin] prop_physics(models/props_c17/door01_left.mdl) Got removed
L 01/17/2019 - 03:10:25: [FAdmin] prop_physics(models/props_c17/door01_left.mdl) Got removed
L 01/17/2019 - 03:10:25: [FAdmin] prop_physics(models/props_junk/pushcart01a.mdl) Got removed
L 01/17/2019 - 03:10:25: [FAdmin] prop_physics(models/props/de_nuke/handtruck.mdl) Got removed
L 01/17/2019 - 03:10:25: [FAdmin] prop_physics(models/props_c17/door01_left.mdl) Got removed
L 01/17/2019 - 03:10:25: [FAdmin] prop_physics(models/props_c17/door01_left.mdl) Got removed
L 01/17/2019 - 03:10:25: [FAdmin] prop_physics(models/props_junk/wood_crate001a_damaged.mdl) Got removed
L 01/17/2019 - 03:10:25: [FAdmin] prop_physics(models/props_junk/wood_crate001a_damaged.mdl) Got removed
L 01/17/2019 - 03:10:25: [FAdmin] prop_physics(models/props_junk/wood_crate001a_damaged.mdl) Got removed
L 01/17/2019 - 03:10:25: [FAdmin] prop_physics(models/props_junk/wood_crate001a_damaged.mdl) Got removed
L 01/17/2019 - 03:10:25: [FAdmin] prop_physics(models/props_junk/wood_crate001a_damaged.mdl) Got removed
L 01/17/2019 - 03:10:25: "Bot-Crash<2><STEAM_0:0:151607932><>" disconnected (reason "Server shutting down")
L 01/17/2019 - 03:10:25: server_message: "quit"
L 01/17/2019 - 03:10:25: Log file closed.
