L 01/19/2019 - 23:54:28: Log file started (file "logs\L0119016.log") (game "F:\sup\steamapps\common\GarrysModDS\garrysmod") (version "7334")
L 01/19/2019 - 23:54:28: server_cvar: "sv_alltalk" "3"
L 01/19/2019 - 23:54:28: server_cvar: "sv_allowcslua" "1"
L 01/19/2019 - 23:54:28: server_cvar: "sv_airaccelerate" "1000"
L 01/19/2019 - 23:54:28: server_cvar: "sv_alltalk" "0"
L 01/19/2019 - 23:54:28: Banid: "<><STEAM_0:0:432813650><>" was banned "permanently" by "Console"
L 01/19/2019 - 23:54:28: Banid: "<><STEAM_0:0:207758038><>" was banned "permanently" by "Console"
L 01/19/2019 - 23:54:28: Banid: "<><STEAM_0:0:432813650><>" was banned "permanently" by "Console"
L 01/19/2019 - 23:54:28: Banid: "<><STEAM_0:0:207758038><>" was banned "permanently" by "Console"
L 01/19/2019 - 23:54:30: Connection to Steam servers successful.
L 01/19/2019 - 23:54:30:    Public IP is 31.130.42.81.
L 01/19/2019 - 23:54:30: Assigned anonymous gameserver Steam ID [A-1:2098695179(11819)].
L 01/19/2019 - 23:54:30: VAC secure mode is activated.
L 01/19/2019 - 23:54:59: [FAdmin] Server succesfully shut down.
L 01/19/2019 - 23:54:59: [FAdmin] prop_physics(models/props/de_nuke/handtruck.mdl) Got removed
L 01/19/2019 - 23:54:59: [FAdmin] prop_physics(models/props_c17/door01_left.mdl) Got removed
L 01/19/2019 - 23:54:59: [FAdmin] prop_physics(models/props_c17/door01_left.mdl) Got removed
L 01/19/2019 - 23:54:59: [FAdmin] prop_physics(models/props_c17/door01_left.mdl) Got removed
L 01/19/2019 - 23:54:59: [FAdmin] prop_physics(models/props_c17/door01_left.mdl) Got removed
L 01/19/2019 - 23:54:59: [FAdmin] prop_physics(models/props_c17/door01_left.mdl) Got removed
L 01/19/2019 - 23:54:59: [FAdmin] prop_physics(models/props_c17/door01_left.mdl) Got removed
L 01/19/2019 - 23:54:59: [FAdmin] prop_physics(models/props_junk/pushcart01a.mdl) Got removed
L 01/19/2019 - 23:54:59: [FAdmin] prop_physics(models/props/de_nuke/handtruck.mdl) Got removed
L 01/19/2019 - 23:54:59: [FAdmin] prop_physics(models/props_c17/door01_left.mdl) Got removed
L 01/19/2019 - 23:54:59: [FAdmin] prop_physics(models/props_c17/door01_left.mdl) Got removed
L 01/19/2019 - 23:54:59: [FAdmin] prop_physics(models/props_junk/wood_crate001a_damaged.mdl) Got removed
L 01/19/2019 - 23:54:59: [FAdmin] prop_physics(models/props_junk/wood_crate001a_damaged.mdl) Got removed
L 01/19/2019 - 23:54:59: [FAdmin] prop_physics(models/props_junk/wood_crate001a_damaged.mdl) Got removed
L 01/19/2019 - 23:54:59: [FAdmin] prop_physics(models/props_junk/wood_crate001a_damaged.mdl) Got removed
L 01/19/2019 - 23:54:59: [FAdmin] prop_physics(models/props_junk/wood_crate001a_damaged.mdl) Got removed
L 01/19/2019 - 23:54:59: server_message: "quit"
L 01/19/2019 - 23:54:59: Log file closed.
