L 01/18/2019 - 23:01:14: Log file started (file "logs\L0118012.log") (game "F:\sup\steamapps\common\GarrysModDS\garrysmod") (version "7334")
L 01/18/2019 - 23:01:14: server_cvar: "sv_alltalk" "3"
L 01/18/2019 - 23:01:14: server_cvar: "sv_allowcslua" "1"
L 01/18/2019 - 23:01:14: server_cvar: "sv_airaccelerate" "1000"
L 01/18/2019 - 23:01:14: server_cvar: "sv_alltalk" "0"
L 01/18/2019 - 23:01:15: Connection to Steam servers successful.
L 01/18/2019 - 23:01:15:    Public IP is 31.130.42.81.
L 01/18/2019 - 23:01:15: Assigned anonymous gameserver Steam ID [A-1:874053635(11812)].
L 01/18/2019 - 23:01:16: VAC secure mode is activated.
L 01/18/2019 - 23:20:58: "DidVaitel<2><STEAM_0:1:74202541><>" connected, address "192.168.1.103:27006"
L 01/18/2019 - 23:20:59: "DidVaitel<2><STEAM_0:1:74202541><>" STEAM USERID validated
L 01/18/2019 - 23:21:19: [FAdmin] DidVaitel (STEAM_0:1:74202541) is Authed
L 01/18/2019 - 23:21:19: [FAdmin] DidVaitel (STEAM_0:1:74202541) Spawned for the first time
L 01/18/2019 - 23:21:19: [FAdmin] DidVaitel (STEAM_0:1:74202541) Spawned
L 01/18/2019 - 23:21:20: "DidVaitel<2><STEAM_0:1:74202541><>" entered the game
L 01/18/2019 - 23:21:20: [FAdmin] DidVaitel (STEAM_0:1:74202541) Attempted to pick up a keys
L 01/18/2019 - 23:21:20: [FAdmin] DidVaitel (STEAM_0:1:74202541) Attempted to pick up a weapon_physcannon
L 01/18/2019 - 23:21:20: [FAdmin] DidVaitel (STEAM_0:1:74202541) Attempted to pick up a gmod_camera
L 01/18/2019 - 23:21:20: [FAdmin] DidVaitel (STEAM_0:1:74202541) Attempted to pick up a gmod_tool
L 01/18/2019 - 23:21:20: [FAdmin] DidVaitel (STEAM_0:1:74202541) Attempted to pick up a pocket
L 01/18/2019 - 23:21:20: [FAdmin] DidVaitel (STEAM_0:1:74202541) Attempted to pick up a weapon_physgun
L 01/18/2019 - 23:21:20: [FAdmin] DidVaitel (STEAM_0:1:74202541) Attempted to pick up a weapon_keypadchecker
L 01/18/2019 - 23:21:20: [FAdmin] DidVaitel (STEAM_0:1:74202541) Attempted to pick up a door_ram
L 01/18/2019 - 23:21:20: [FAdmin] DidVaitel (STEAM_0:1:74202541) Attempted to pick up a arrest_stick
L 01/18/2019 - 23:21:20: [FAdmin] DidVaitel (STEAM_0:1:74202541) Attempted to pick up a unarrest_stick
L 01/18/2019 - 23:21:20: [FAdmin] DidVaitel (STEAM_0:1:74202541) Attempted to pick up a stunstick
L 01/18/2019 - 23:21:20: [FAdmin] DidVaitel (STEAM_0:1:74202541) Attempted to pick up a weaponchecker
L 01/18/2019 - 23:26:27: [FAdmin] DidVaitel (STEAM_0:1:74202541) Attempted to switch noclip
L 01/18/2019 - 23:26:29: [FAdmin] DidVaitel (STEAM_0:1:74202541) Attempted to switch noclip
L 01/18/2019 - 23:26:39: [FAdmin] DidVaitel (STEAM_0:1:74202541) Spawned a duel_npc
L 01/18/2019 - 23:31:03: Lua Error: 
[ERROR] addons/super-mega-ultra-duel-system2/lua/gduel/core/sv_functions.lua:113: '(' expected near 'func'
  1. unknown - addons/super-mega-ultra-duel-system2/lua/gduel/core/sv_functions.lua:0


L 01/18/2019 - 23:35:03: "eLeCtrOssSnake<3><STEAM_0:1:164666257><>" connected, address "212.66.63.1:27005"
L 01/18/2019 - 23:35:04: "eLeCtrOssSnake<3><STEAM_0:1:164666257><>" STEAM USERID validated
L 01/18/2019 - 23:36:02: [FAdmin] eLeCtrOssSnake (STEAM_0:1:164666257) is Authed
L 01/18/2019 - 23:36:02: [FAdmin] eLeCtrOssSnake (STEAM_0:1:164666257) Spawned for the first time
L 01/18/2019 - 23:36:02: [FAdmin] eLeCtrOssSnake (STEAM_0:1:164666257) Spawned
L 01/18/2019 - 23:36:02: "eLeCtrOssSnake<3><STEAM_0:1:164666257><>" entered the game
L 01/18/2019 - 23:36:02: [FAdmin] eLeCtrOssSnake (STEAM_0:1:164666257) Attempted to pick up a keys
L 01/18/2019 - 23:36:02: [FAdmin] eLeCtrOssSnake (STEAM_0:1:164666257) Attempted to pick up a weapon_physcannon
L 01/18/2019 - 23:36:02: [FAdmin] eLeCtrOssSnake (STEAM_0:1:164666257) Attempted to pick up a gmod_camera
L 01/18/2019 - 23:36:02: [FAdmin] eLeCtrOssSnake (STEAM_0:1:164666257) Attempted to pick up a gmod_tool
L 01/18/2019 - 23:36:02: [FAdmin] eLeCtrOssSnake (STEAM_0:1:164666257) Attempted to pick up a pocket
L 01/18/2019 - 23:36:02: [FAdmin] eLeCtrOssSnake (STEAM_0:1:164666257) Attempted to pick up a weapon_physgun
L 01/18/2019 - 23:36:42: [FAdmin] eLeCtrOssSnake (STEAM_0:1:164666257) Attempted to pick up a weapon_deagle2
L 01/18/2019 - 23:36:48: [FAdmin] DidVaitel (STEAM_0:1:74202541) Got killed by eLeCtrOssSnake with a player
L 01/18/2019 - 23:37:14: [FAdmin] Server succesfully shut down.
L 01/18/2019 - 23:37:14: [FAdmin] prop_physics(models/props/de_nuke/handtruck.mdl) Got removed
L 01/18/2019 - 23:37:14: [FAdmin] prop_physics(models/props_c17/door01_left.mdl) Got removed
L 01/18/2019 - 23:37:14: [FAdmin] prop_physics(models/props_c17/door01_left.mdl) Got removed
L 01/18/2019 - 23:37:14: [FAdmin] prop_physics(models/props_c17/door01_left.mdl) Got removed
L 01/18/2019 - 23:37:14: [FAdmin] prop_physics(models/props_c17/door01_left.mdl) Got removed
L 01/18/2019 - 23:37:14: [FAdmin] prop_physics(models/props_c17/door01_left.mdl) Got removed
L 01/18/2019 - 23:37:14: [FAdmin] prop_physics(models/props_c17/door01_left.mdl) Got removed
L 01/18/2019 - 23:37:14: [FAdmin] prop_physics(models/props_junk/pushcart01a.mdl) Got removed
L 01/18/2019 - 23:37:14: [FAdmin] prop_physics(models/props/de_nuke/handtruck.mdl) Got removed
L 01/18/2019 - 23:37:14: [FAdmin] prop_physics(models/props_c17/door01_left.mdl) Got removed
L 01/18/2019 - 23:37:14: [FAdmin] prop_physics(models/props_c17/door01_left.mdl) Got removed
L 01/18/2019 - 23:37:14: [FAdmin] prop_physics(models/props_junk/wood_crate001a_damaged.mdl) Got removed
L 01/18/2019 - 23:37:14: [FAdmin] prop_physics(models/props_junk/wood_crate001a_damaged.mdl) Got removed
L 01/18/2019 - 23:37:14: [FAdmin] prop_physics(models/props_junk/wood_crate001a_damaged.mdl) Got removed
L 01/18/2019 - 23:37:14: [FAdmin] prop_physics(models/props_junk/wood_crate001a_damaged.mdl) Got removed
L 01/18/2019 - 23:37:14: [FAdmin] prop_physics(models/props_junk/wood_crate001a_damaged.mdl) Got removed
L 01/18/2019 - 23:37:14: "eLeCtrOssSnake<3><STEAM_0:1:164666257><>" disconnected (reason "Server shutting down")
L 01/18/2019 - 23:37:14: "DidVaitel<2><STEAM_0:1:74202541><>" disconnected (reason "Server shutting down")
L 01/18/2019 - 23:37:14: server_message: "quit"
L 01/18/2019 - 23:37:14: Log file closed.
