L 01/17/2019 - 02:01:29: Log file started (file "logs\L0117009.log") (game "F:\sup\steamapps\common\GarrysModDS\garrysmod") (version "7334")
L 01/17/2019 - 02:01:29: server_cvar: "sv_alltalk" "3"
L 01/17/2019 - 02:01:29: server_cvar: "sv_allowcslua" "1"
L 01/17/2019 - 02:01:29: server_cvar: "sv_airaccelerate" "1000"
L 01/17/2019 - 02:01:29: server_cvar: "sv_alltalk" "0"
L 01/17/2019 - 02:01:31: Could not establish connection to Steam servers.  (Result = 3)
L 01/17/2019 - 02:01:36: Connection to Steam servers successful.
L 01/17/2019 - 02:01:36:    Public IP is 31.130.42.81.
L 01/17/2019 - 02:01:36: Assigned anonymous gameserver Steam ID [A-1:242001923(11799)].
L 01/17/2019 - 02:01:36: VAC secure mode is activated.
L 01/17/2019 - 02:01:39: [FAdmin] Server succesfully shut down.
L 01/17/2019 - 02:01:39: [FAdmin] prop_physics(models/props/de_nuke/handtruck.mdl) Got removed
L 01/17/2019 - 02:01:39: [FAdmin] prop_physics(models/props_c17/door01_left.mdl) Got removed
L 01/17/2019 - 02:01:39: [FAdmin] prop_physics(models/props_c17/door01_left.mdl) Got removed
L 01/17/2019 - 02:01:39: [FAdmin] prop_physics(models/props_c17/door01_left.mdl) Got removed
L 01/17/2019 - 02:01:39: [FAdmin] prop_physics(models/props_c17/door01_left.mdl) Got removed
L 01/17/2019 - 02:01:39: [FAdmin] prop_physics(models/props_c17/door01_left.mdl) Got removed
L 01/17/2019 - 02:01:39: [FAdmin] prop_physics(models/props_c17/door01_left.mdl) Got removed
L 01/17/2019 - 02:01:39: [FAdmin] prop_physics(models/props_junk/pushcart01a.mdl) Got removed
L 01/17/2019 - 02:01:39: [FAdmin] prop_physics(models/props/de_nuke/handtruck.mdl) Got removed
L 01/17/2019 - 02:01:39: [FAdmin] prop_physics(models/props_c17/door01_left.mdl) Got removed
L 01/17/2019 - 02:01:39: [FAdmin] prop_physics(models/props_c17/door01_left.mdl) Got removed
L 01/17/2019 - 02:01:39: [FAdmin] prop_physics(models/props_junk/wood_crate001a_damaged.mdl) Got removed
L 01/17/2019 - 02:01:39: [FAdmin] prop_physics(models/props_junk/wood_crate001a_damaged.mdl) Got removed
L 01/17/2019 - 02:01:39: [FAdmin] prop_physics(models/props_junk/wood_crate001a_damaged.mdl) Got removed
L 01/17/2019 - 02:01:39: [FAdmin] prop_physics(models/props_junk/wood_crate001a_damaged.mdl) Got removed
L 01/17/2019 - 02:01:39: [FAdmin] prop_physics(models/props_junk/wood_crate001a_damaged.mdl) Got removed
L 01/17/2019 - 02:01:39: server_message: "quit"
L 01/17/2019 - 02:01:39: Log file closed.
