L 01/10/2019 - 21:53:56: Log file started (file "logs\L0110001.log") (game "F:\sup\steamapps\common\GarrysModDS\garrysmod") (version "7334")
L 01/10/2019 - 21:53:56: server_cvar: "sv_alltalk" "3"
L 01/10/2019 - 21:53:56: server_cvar: "sv_allowcslua" "1"
L 01/10/2019 - 21:53:56: server_cvar: "sv_airaccelerate" "1000"
L 01/10/2019 - 21:53:56: server_cvar: "sv_alltalk" "0"
L 01/10/2019 - 21:53:57: Connection to Steam servers successful.
L 01/10/2019 - 21:53:57:    Public IP is 31.130.42.81.
L 01/10/2019 - 21:53:57: Assigned anonymous gameserver Steam ID [A-1:985990151(11751)].
L 01/10/2019 - 21:53:58: VAC secure mode is activated.
L 01/10/2019 - 21:54:20: "DidVaitel<2><STEAM_0:1:74202541><>" connected, address "192.168.1.102:27006"
L 01/10/2019 - 21:54:20: "DidVaitel<2><STEAM_0:1:74202541><>" STEAM USERID validated
L 01/10/2019 - 21:54:38: [FAdmin] DidVaitel (STEAM_0:1:74202541) is Authed
L 01/10/2019 - 21:54:38: [FAdmin] DidVaitel (STEAM_0:1:74202541) Spawned for the first time
L 01/10/2019 - 21:54:38: [FAdmin] DidVaitel (STEAM_0:1:74202541) Spawned
L 01/10/2019 - 21:54:38: "DidVaitel<2><STEAM_0:1:74202541><>" entered the game
L 01/10/2019 - 21:54:38: [FAdmin] DidVaitel (STEAM_0:1:74202541) Attempted to pick up a keys
L 01/10/2019 - 21:54:38: [FAdmin] DidVaitel (STEAM_0:1:74202541) Attempted to pick up a weapon_physcannon
L 01/10/2019 - 21:54:38: [FAdmin] DidVaitel (STEAM_0:1:74202541) Attempted to pick up a gmod_camera
L 01/10/2019 - 21:54:38: [FAdmin] DidVaitel (STEAM_0:1:74202541) Attempted to pick up a gmod_tool
L 01/10/2019 - 21:54:38: [FAdmin] DidVaitel (STEAM_0:1:74202541) Attempted to pick up a pocket
L 01/10/2019 - 21:54:38: [FAdmin] DidVaitel (STEAM_0:1:74202541) Attempted to pick up a weapon_physgun
L 01/10/2019 - 21:54:38: [FAdmin] DidVaitel (STEAM_0:1:74202541) Attempted to pick up a weapon_keypadchecker
L 01/10/2019 - 21:54:38: [FAdmin] DidVaitel (STEAM_0:1:74202541) Attempted to pick up a door_ram
L 01/10/2019 - 21:54:38: [FAdmin] DidVaitel (STEAM_0:1:74202541) Attempted to pick up a arrest_stick
L 01/10/2019 - 21:54:38: [FAdmin] DidVaitel (STEAM_0:1:74202541) Attempted to pick up a unarrest_stick
L 01/10/2019 - 21:54:38: [FAdmin] DidVaitel (STEAM_0:1:74202541) Attempted to pick up a stunstick
L 01/10/2019 - 21:54:38: [FAdmin] DidVaitel (STEAM_0:1:74202541) Attempted to pick up a weaponchecker
L 01/10/2019 - 21:55:09: "DidVaitel<2><STEAM_0:1:74202541><>" disconnected (reason "Disconnect by user.")
L 01/10/2019 - 21:55:09: [FAdmin] DidVaitel (STEAM_0:1:74202541) Disconnected
L 01/10/2019 - 21:55:58: "DidVaitel<3><STEAM_0:1:74202541><>" connected, address "192.168.1.102:27006"
L 01/10/2019 - 21:55:58: "DidVaitel<3><STEAM_0:1:74202541><>" STEAM USERID validated
L 01/10/2019 - 21:56:07: [FAdmin] DidVaitel (STEAM_0:1:74202541) is Authed
L 01/10/2019 - 21:56:07: [FAdmin] DidVaitel (STEAM_0:1:74202541) Spawned for the first time
L 01/10/2019 - 21:56:07: [FAdmin] DidVaitel (STEAM_0:1:74202541) Spawned
L 01/10/2019 - 21:56:07: "DidVaitel<3><STEAM_0:1:74202541><>" entered the game
L 01/10/2019 - 21:56:07: [FAdmin] DidVaitel (STEAM_0:1:74202541) Attempted to pick up a keys
L 01/10/2019 - 21:56:07: [FAdmin] DidVaitel (STEAM_0:1:74202541) Attempted to pick up a weapon_physcannon
L 01/10/2019 - 21:56:07: [FAdmin] DidVaitel (STEAM_0:1:74202541) Attempted to pick up a gmod_camera
L 01/10/2019 - 21:56:07: [FAdmin] DidVaitel (STEAM_0:1:74202541) Attempted to pick up a gmod_tool
L 01/10/2019 - 21:56:07: [FAdmin] DidVaitel (STEAM_0:1:74202541) Attempted to pick up a pocket
L 01/10/2019 - 21:56:07: [FAdmin] DidVaitel (STEAM_0:1:74202541) Attempted to pick up a weapon_physgun
L 01/10/2019 - 21:56:07: [FAdmin] DidVaitel (STEAM_0:1:74202541) Attempted to pick up a weapon_keypadchecker
L 01/10/2019 - 21:56:07: [FAdmin] DidVaitel (STEAM_0:1:74202541) Attempted to pick up a door_ram
L 01/10/2019 - 21:56:07: [FAdmin] DidVaitel (STEAM_0:1:74202541) Attempted to pick up a arrest_stick
L 01/10/2019 - 21:56:07: [FAdmin] DidVaitel (STEAM_0:1:74202541) Attempted to pick up a unarrest_stick
L 01/10/2019 - 21:56:07: [FAdmin] DidVaitel (STEAM_0:1:74202541) Attempted to pick up a stunstick
L 01/10/2019 - 21:56:07: [FAdmin] DidVaitel (STEAM_0:1:74202541) Attempted to pick up a weaponchecker
L 01/10/2019 - 21:57:07: "DidVaitel<3><STEAM_0:1:74202541><>" disconnected (reason "Disconnect by user.")
L 01/10/2019 - 21:57:07: [FAdmin] DidVaitel (STEAM_0:1:74202541) Disconnected
L 01/10/2019 - 21:57:07: "DidVaitel<4><STEAM_0:1:74202541><>" connected, address "192.168.1.102:27006"
L 01/10/2019 - 21:57:08: "DidVaitel<4><STEAM_0:1:74202541><>" STEAM USERID validated
L 01/10/2019 - 21:57:17: [FAdmin] DidVaitel (STEAM_0:1:74202541) is Authed
L 01/10/2019 - 21:57:17: [FAdmin] DidVaitel (STEAM_0:1:74202541) Spawned for the first time
L 01/10/2019 - 21:57:17: [FAdmin] DidVaitel (STEAM_0:1:74202541) Spawned
L 01/10/2019 - 21:57:17: "DidVaitel<4><STEAM_0:1:74202541><>" entered the game
L 01/10/2019 - 21:57:17: [FAdmin] DidVaitel (STEAM_0:1:74202541) Attempted to pick up a keys
L 01/10/2019 - 21:57:17: [FAdmin] DidVaitel (STEAM_0:1:74202541) Attempted to pick up a weapon_physcannon
L 01/10/2019 - 21:57:17: [FAdmin] DidVaitel (STEAM_0:1:74202541) Attempted to pick up a gmod_camera
L 01/10/2019 - 21:57:17: [FAdmin] DidVaitel (STEAM_0:1:74202541) Attempted to pick up a gmod_tool
L 01/10/2019 - 21:57:17: [FAdmin] DidVaitel (STEAM_0:1:74202541) Attempted to pick up a pocket
L 01/10/2019 - 21:57:17: [FAdmin] DidVaitel (STEAM_0:1:74202541) Attempted to pick up a weapon_physgun
L 01/10/2019 - 21:57:17: [FAdmin] DidVaitel (STEAM_0:1:74202541) Attempted to pick up a weapon_keypadchecker
L 01/10/2019 - 21:57:17: [FAdmin] DidVaitel (STEAM_0:1:74202541) Attempted to pick up a door_ram
L 01/10/2019 - 21:57:17: [FAdmin] DidVaitel (STEAM_0:1:74202541) Attempted to pick up a arrest_stick
L 01/10/2019 - 21:57:17: [FAdmin] DidVaitel (STEAM_0:1:74202541) Attempted to pick up a unarrest_stick
L 01/10/2019 - 21:57:17: [FAdmin] DidVaitel (STEAM_0:1:74202541) Attempted to pick up a stunstick
L 01/10/2019 - 21:57:17: [FAdmin] DidVaitel (STEAM_0:1:74202541) Attempted to pick up a weaponchecker
L 01/10/2019 - 21:57:18: "DidVaitel<4><STEAM_0:1:74202541><>" disconnected (reason "Disconnect by user.")
L 01/10/2019 - 21:57:18: [FAdmin] DidVaitel (STEAM_0:1:74202541) Disconnected
L 01/10/2019 - 21:57:20: [FAdmin] Server succesfully shut down.
L 01/10/2019 - 21:57:20: [FAdmin] prop_physics(models/props/de_nuke/handtruck.mdl) Got removed
L 01/10/2019 - 21:57:20: [FAdmin] prop_physics(models/props_c17/door01_left.mdl) Got removed
L 01/10/2019 - 21:57:20: [FAdmin] prop_physics(models/props_c17/door01_left.mdl) Got removed
L 01/10/2019 - 21:57:20: [FAdmin] prop_physics(models/props_c17/door01_left.mdl) Got removed
L 01/10/2019 - 21:57:20: [FAdmin] prop_physics(models/props_c17/door01_left.mdl) Got removed
L 01/10/2019 - 21:57:20: [FAdmin] prop_physics(models/props_c17/door01_left.mdl) Got removed
L 01/10/2019 - 21:57:20: [FAdmin] prop_physics(models/props_c17/door01_left.mdl) Got removed
L 01/10/2019 - 21:57:20: [FAdmin] prop_physics(models/props_junk/pushcart01a.mdl) Got removed
L 01/10/2019 - 21:57:20: [FAdmin] prop_physics(models/props/de_nuke/handtruck.mdl) Got removed
L 01/10/2019 - 21:57:20: [FAdmin] prop_physics(models/props_c17/door01_left.mdl) Got removed
L 01/10/2019 - 21:57:20: [FAdmin] prop_physics(models/props_c17/door01_left.mdl) Got removed
L 01/10/2019 - 21:57:20: [FAdmin] prop_physics(models/props_junk/wood_crate001a_damaged.mdl) Got removed
L 01/10/2019 - 21:57:20: [FAdmin] prop_physics(models/props_junk/wood_crate001a_damaged.mdl) Got removed
L 01/10/2019 - 21:57:20: [FAdmin] prop_physics(models/props_junk/wood_crate001a_damaged.mdl) Got removed
L 01/10/2019 - 21:57:20: [FAdmin] prop_physics(models/props_junk/wood_crate001a_damaged.mdl) Got removed
L 01/10/2019 - 21:57:20: [FAdmin] prop_physics(models/props_junk/wood_crate001a_damaged.mdl) Got removed
L 01/10/2019 - 21:57:21: server_message: "quit"
L 01/10/2019 - 21:57:21: Log file closed.
