L 01/19/2019 - 22:52:28: Log file started (file "logs\L0119005.log") (game "F:\sup\steamapps\common\GarrysModDS\garrysmod") (version "7334")
L 01/19/2019 - 22:52:28: server_cvar: "sv_alltalk" "3"
L 01/19/2019 - 22:52:28: server_cvar: "sv_allowcslua" "1"
L 01/19/2019 - 22:52:28: server_cvar: "sv_airaccelerate" "1000"
L 01/19/2019 - 22:52:28: server_cvar: "sv_alltalk" "0"
L 01/19/2019 - 22:52:28: Banid: "<><STEAM_0:0:432813650><>" was banned "permanently" by "Console"
L 01/19/2019 - 22:52:28: Banid: "<><STEAM_0:0:207758038><>" was banned "permanently" by "Console"
L 01/19/2019 - 22:52:28: Banid: "<><STEAM_0:0:432813650><>" was banned "permanently" by "Console"
L 01/19/2019 - 22:52:28: Banid: "<><STEAM_0:0:207758038><>" was banned "permanently" by "Console"
L 01/19/2019 - 22:52:29: Connection to Steam servers successful.
L 01/19/2019 - 22:52:29:    Public IP is 31.130.42.81.
L 01/19/2019 - 22:52:29: Assigned anonymous gameserver Steam ID [A-1:1018015751(11819)].
L 01/19/2019 - 22:52:29: VAC secure mode is activated.
L 01/19/2019 - 22:58:55: Lua Error: 
[ERROR] addons/gduels-system/lua/autorun/gduel_includefile.lua:7: attempt to call global 'TestFunctiofn' (a nil value)
  1. unknown - addons/gduels-system/lua/autorun/gduel_includefile.lua:7


L 01/19/2019 - 22:59:09: Lua Error: 
[ERROR] addons/gduels-system/lua/autorun/gduel_includefile.lua:7: attempt to call global 'MyExampleFunction' (a nil value)
  1. unknown - addons/gduels-system/lua/autorun/gduel_includefile.lua:7


L 01/19/2019 - 22:59:13: "DidVaitel<2><STEAM_0:1:74202541><>" connected, address "192.168.1.103:27006"
L 01/19/2019 - 22:59:14: "DidVaitel<2><STEAM_0:1:74202541><>" STEAM USERID validated
L 01/19/2019 - 22:59:23: [FAdmin] DidVaitel (STEAM_0:1:74202541) is Authed
L 01/19/2019 - 22:59:23: [FAdmin] DidVaitel (STEAM_0:1:74202541) Spawned for the first time
L 01/19/2019 - 22:59:23: [FAdmin] DidVaitel (STEAM_0:1:74202541) Spawned
L 01/19/2019 - 22:59:23: "DidVaitel<2><STEAM_0:1:74202541><>" entered the game
L 01/19/2019 - 22:59:23: [FAdmin] DidVaitel (STEAM_0:1:74202541) Attempted to pick up a keys
L 01/19/2019 - 22:59:23: [FAdmin] DidVaitel (STEAM_0:1:74202541) Attempted to pick up a weapon_physcannon
L 01/19/2019 - 22:59:23: [FAdmin] DidVaitel (STEAM_0:1:74202541) Attempted to pick up a gmod_camera
L 01/19/2019 - 22:59:23: [FAdmin] DidVaitel (STEAM_0:1:74202541) Attempted to pick up a gmod_tool
L 01/19/2019 - 22:59:23: [FAdmin] DidVaitel (STEAM_0:1:74202541) Attempted to pick up a pocket
L 01/19/2019 - 22:59:23: [FAdmin] DidVaitel (STEAM_0:1:74202541) Attempted to pick up a weapon_physgun
L 01/19/2019 - 22:59:23: [FAdmin] DidVaitel (STEAM_0:1:74202541) Attempted to pick up a weapon_keypadchecker
L 01/19/2019 - 22:59:23: [FAdmin] DidVaitel (STEAM_0:1:74202541) Attempted to pick up a door_ram
L 01/19/2019 - 22:59:23: [FAdmin] DidVaitel (STEAM_0:1:74202541) Attempted to pick up a arrest_stick
L 01/19/2019 - 22:59:23: [FAdmin] DidVaitel (STEAM_0:1:74202541) Attempted to pick up a unarrest_stick
L 01/19/2019 - 22:59:23: [FAdmin] DidVaitel (STEAM_0:1:74202541) Attempted to pick up a stunstick
L 01/19/2019 - 22:59:23: [FAdmin] DidVaitel (STEAM_0:1:74202541) Attempted to pick up a weaponchecker
L 01/19/2019 - 22:59:54: [FAdmin] Server succesfully shut down.
L 01/19/2019 - 22:59:54: [FAdmin] prop_physics(models/props/de_nuke/handtruck.mdl) Got removed
L 01/19/2019 - 22:59:54: [FAdmin] prop_physics(models/props_c17/door01_left.mdl) Got removed
L 01/19/2019 - 22:59:54: [FAdmin] prop_physics(models/props_c17/door01_left.mdl) Got removed
L 01/19/2019 - 22:59:54: [FAdmin] prop_physics(models/props_c17/door01_left.mdl) Got removed
L 01/19/2019 - 22:59:54: [FAdmin] prop_physics(models/props_c17/door01_left.mdl) Got removed
L 01/19/2019 - 22:59:54: [FAdmin] prop_physics(models/props_c17/door01_left.mdl) Got removed
L 01/19/2019 - 22:59:54: [FAdmin] prop_physics(models/props_c17/door01_left.mdl) Got removed
L 01/19/2019 - 22:59:54: [FAdmin] prop_physics(models/props_junk/pushcart01a.mdl) Got removed
L 01/19/2019 - 22:59:54: [FAdmin] prop_physics(models/props/de_nuke/handtruck.mdl) Got removed
L 01/19/2019 - 22:59:54: [FAdmin] prop_physics(models/props_c17/door01_left.mdl) Got removed
L 01/19/2019 - 22:59:54: [FAdmin] prop_physics(models/props_c17/door01_left.mdl) Got removed
L 01/19/2019 - 22:59:54: [FAdmin] prop_physics(models/props_junk/wood_crate001a_damaged.mdl) Got removed
L 01/19/2019 - 22:59:54: [FAdmin] prop_physics(models/props_junk/wood_crate001a_damaged.mdl) Got removed
L 01/19/2019 - 22:59:54: [FAdmin] prop_physics(models/props_junk/wood_crate001a_damaged.mdl) Got removed
L 01/19/2019 - 22:59:54: [FAdmin] prop_physics(models/props_junk/wood_crate001a_damaged.mdl) Got removed
L 01/19/2019 - 22:59:54: [FAdmin] prop_physics(models/props_junk/wood_crate001a_damaged.mdl) Got removed
L 01/19/2019 - 22:59:54: "DidVaitel<2><STEAM_0:1:74202541><>" disconnected (reason "Server shutting down")
L 01/19/2019 - 22:59:55: server_message: "quit"
L 01/19/2019 - 22:59:55: Log file closed.
