L 01/17/2019 - 00:44:51: Log file started (file "logs\L0117000.log") (game "F:\sup\steamapps\common\GarrysModDS\garrysmod") (version "7334")
L 01/17/2019 - 00:44:51: server_cvar: "sv_alltalk" "3"
L 01/17/2019 - 00:44:51: server_cvar: "sv_allowcslua" "1"
L 01/17/2019 - 00:44:51: server_cvar: "sv_airaccelerate" "1000"
L 01/17/2019 - 00:44:51: server_cvar: "sv_alltalk" "0"
L 01/17/2019 - 00:44:52: Connection to Steam servers successful.
L 01/17/2019 - 00:44:52:    Public IP is 31.130.42.81.
L 01/17/2019 - 00:44:52: Assigned anonymous gameserver Steam ID [A-1:3633779723(11798)].
L 01/17/2019 - 00:44:52: VAC secure mode is activated.
L 01/17/2019 - 00:47:05: "Bot-Crash<2><STEAM_0:0:151607932><>" connected, address "192.168.1.103:27005"
L 01/17/2019 - 00:47:05: "Bot-Crash<2><STEAM_0:0:151607932><>" STEAM USERID validated
L 01/17/2019 - 00:47:28: Lua Error: 
[ERROR] conquest/lua/conquest/config.lua:74: '}' expected (to close '{' at line 46) near 'other'
  1. unknown - addons/[server]_conquest/lua/conquest/config.lua:0


L 01/17/2019 - 00:47:45: [FAdmin] Bot-Crash (STEAM_0:0:151607932) is Authed
L 01/17/2019 - 00:47:45: [FAdmin] Bot-Crash (STEAM_0:0:151607932) Spawned for the first time
L 01/17/2019 - 00:47:45: [FAdmin] Bot-Crash (STEAM_0:0:151607932) Spawned
L 01/17/2019 - 00:47:45: "Bot-Crash<2><STEAM_0:0:151607932><>" entered the game
L 01/17/2019 - 00:47:45: [FAdmin] Bot-Crash (STEAM_0:0:151607932) Attempted to pick up a keys
L 01/17/2019 - 00:47:45: [FAdmin] Bot-Crash (STEAM_0:0:151607932) Attempted to pick up a weapon_physcannon
L 01/17/2019 - 00:47:45: [FAdmin] Bot-Crash (STEAM_0:0:151607932) Attempted to pick up a gmod_camera
L 01/17/2019 - 00:47:45: [FAdmin] Bot-Crash (STEAM_0:0:151607932) Attempted to pick up a gmod_tool
L 01/17/2019 - 00:47:45: [FAdmin] Bot-Crash (STEAM_0:0:151607932) Attempted to pick up a pocket
L 01/17/2019 - 00:47:45: [FAdmin] Bot-Crash (STEAM_0:0:151607932) Attempted to pick up a weapon_physgun
L 01/17/2019 - 00:48:05: [FAdmin] Bot-Crash (STEAM_0:0:151607932) Attempted to switch noclip
L 01/17/2019 - 00:48:17: [FAdmin] Server succesfully shut down.
L 01/17/2019 - 00:48:17: [FAdmin] prop_physics(models/props/de_nuke/handtruck.mdl) Got removed
L 01/17/2019 - 00:48:17: [FAdmin] prop_physics(models/props_c17/door01_left.mdl) Got removed
L 01/17/2019 - 00:48:17: [FAdmin] prop_physics(models/props_c17/door01_left.mdl) Got removed
L 01/17/2019 - 00:48:17: [FAdmin] prop_physics(models/props_c17/door01_left.mdl) Got removed
L 01/17/2019 - 00:48:17: [FAdmin] prop_physics(models/props_c17/door01_left.mdl) Got removed
L 01/17/2019 - 00:48:17: [FAdmin] prop_physics(models/props_c17/door01_left.mdl) Got removed
L 01/17/2019 - 00:48:17: [FAdmin] prop_physics(models/props_c17/door01_left.mdl) Got removed
L 01/17/2019 - 00:48:17: [FAdmin] prop_physics(models/props_junk/pushcart01a.mdl) Got removed
L 01/17/2019 - 00:48:17: [FAdmin] prop_physics(models/props/de_nuke/handtruck.mdl) Got removed
L 01/17/2019 - 00:48:17: [FAdmin] prop_physics(models/props_c17/door01_left.mdl) Got removed
L 01/17/2019 - 00:48:17: [FAdmin] prop_physics(models/props_c17/door01_left.mdl) Got removed
L 01/17/2019 - 00:48:17: [FAdmin] prop_physics(models/props_junk/wood_crate001a_damaged.mdl) Got removed
L 01/17/2019 - 00:48:17: [FAdmin] prop_physics(models/props_junk/wood_crate001a_damaged.mdl) Got removed
L 01/17/2019 - 00:48:17: [FAdmin] prop_physics(models/props_junk/wood_crate001a_damaged.mdl) Got removed
L 01/17/2019 - 00:48:17: [FAdmin] prop_physics(models/props_junk/wood_crate001a_damaged.mdl) Got removed
L 01/17/2019 - 00:48:17: [FAdmin] prop_physics(models/props_junk/wood_crate001a_damaged.mdl) Got removed
L 01/17/2019 - 00:48:17: "Bot-Crash<2><STEAM_0:0:151607932><>" disconnected (reason "Server shutting down")
L 01/17/2019 - 00:48:17: server_message: "quit"
L 01/17/2019 - 00:48:17: Log file closed.
