L 01/17/2019 - 01:28:46: Log file started (file "logs\L0117006.log") (game "F:\sup\steamapps\common\GarrysModDS\garrysmod") (version "7334")
L 01/17/2019 - 01:28:46: server_cvar: "sv_alltalk" "3"
L 01/17/2019 - 01:28:46: server_cvar: "sv_allowcslua" "1"
L 01/17/2019 - 01:28:46: server_cvar: "sv_airaccelerate" "1000"
L 01/17/2019 - 01:28:46: server_cvar: "sv_alltalk" "0"
L 01/17/2019 - 01:28:47: Connection to Steam servers successful.
L 01/17/2019 - 01:28:47:    Public IP is 31.130.42.81.
L 01/17/2019 - 01:28:47: Assigned anonymous gameserver Steam ID [A-1:4227479555(11798)].
L 01/17/2019 - 01:28:47: VAC secure mode is activated.
L 01/17/2019 - 01:29:13: "Bot-Crash<2><STEAM_0:0:151607932><>" connected, address "192.168.1.103:27005"
L 01/17/2019 - 01:29:14: "Bot-Crash<2><STEAM_0:0:151607932><>" STEAM USERID validated
L 01/17/2019 - 01:29:23: [FAdmin] Bot-Crash (STEAM_0:0:151607932) is Authed
L 01/17/2019 - 01:29:23: [FAdmin] Bot-Crash (STEAM_0:0:151607932) Spawned for the first time
L 01/17/2019 - 01:29:23: [FAdmin] Bot-Crash (STEAM_0:0:151607932) Spawned
L 01/17/2019 - 01:29:23: "Bot-Crash<2><STEAM_0:0:151607932><>" entered the game
L 01/17/2019 - 01:29:23: [FAdmin] Bot-Crash (STEAM_0:0:151607932) Attempted to pick up a keys
L 01/17/2019 - 01:29:23: [FAdmin] Bot-Crash (STEAM_0:0:151607932) Attempted to pick up a weapon_physcannon
L 01/17/2019 - 01:29:23: [FAdmin] Bot-Crash (STEAM_0:0:151607932) Attempted to pick up a gmod_camera
L 01/17/2019 - 01:29:23: [FAdmin] Bot-Crash (STEAM_0:0:151607932) Attempted to pick up a gmod_tool
L 01/17/2019 - 01:29:23: [FAdmin] Bot-Crash (STEAM_0:0:151607932) Attempted to pick up a pocket
L 01/17/2019 - 01:29:23: [FAdmin] Bot-Crash (STEAM_0:0:151607932) Attempted to pick up a weapon_physgun
L 01/17/2019 - 01:29:57: Lua Error: 
[ERROR] conquest/lua/entities/flag_entity/shared.lua:23: attempt to call field 'Tick' (a nil value)
  1. unknown - addons/[server]_conquest/lua/entities/flag_entity/shared.lua:23


L 01/17/2019 - 01:29:57: Lua Error: 
[ERROR] conquest/lua/entities/flag_entity/shared.lua:23: attempt to call field 'Tick' (a nil value)
  1. unknown - addons/[server]_conquest/lua/entities/flag_entity/shared.lua:23


L 01/17/2019 - 01:29:57: Lua Error: 
[ERROR] conquest/lua/entities/flag_entity/shared.lua:23: attempt to call field 'Tick' (a nil value)
  1. unknown - addons/[server]_conquest/lua/entities/flag_entity/shared.lua:23


L 01/17/2019 - 01:29:57: Lua Error: 
[ERROR] conquest/lua/entities/flag_entity/shared.lua:23: attempt to call field 'Tick' (a nil value)
  1. unknown - addons/[server]_conquest/lua/entities/flag_entity/shared.lua:23


L 01/17/2019 - 01:30:17: Lua Error: 
[ERROR] conquest/lua/conquest/server/sv_main.lua:110: unexpected symbol near '\'
  1. unknown - addons/[server]_conquest/lua/conquest/server/sv_main.lua:0


L 01/17/2019 - 01:30:21: Lua Error: 
[ERROR] conquest/lua/conquest/server/sv_main.lua:109: unexpected symbol near '\'
  1. unknown - addons/[server]_conquest/lua/conquest/server/sv_main.lua:0


L 01/17/2019 - 01:30:22: Lua Error: 
[ERROR] conquest/lua/conquest/server/sv_main.lua:109: unexpected symbol near '\'
  1. unknown - addons/[server]_conquest/lua/conquest/server/sv_main.lua:0


L 01/17/2019 - 01:31:11: [FAdmin] Bot-Crash (STEAM_0:0:151607932) changed from Citizen to Civil Protection
L 01/17/2019 - 01:31:11: [FAdmin] Bot-Crash (STEAM_0:0:151607932) Attempted to pick up a arrest_stick
L 01/17/2019 - 01:31:11: [FAdmin] Bot-Crash (STEAM_0:0:151607932) Attempted to pick up a unarrest_stick
L 01/17/2019 - 01:31:11: [FAdmin] Bot-Crash (STEAM_0:0:151607932) Attempted to pick up a weapon_glock2
L 01/17/2019 - 01:31:11: [FAdmin] Bot-Crash (STEAM_0:0:151607932) Attempted to pick up a stunstick
L 01/17/2019 - 01:31:11: [FAdmin] Bot-Crash (STEAM_0:0:151607932) Attempted to pick up a door_ram
L 01/17/2019 - 01:31:11: [FAdmin] Bot-Crash (STEAM_0:0:151607932) Attempted to pick up a weaponchecker
L 01/17/2019 - 01:31:11: [FAdmin] Bot-Crash (STEAM_0:0:151607932) Attempted to pick up a keys
L 01/17/2019 - 01:31:11: [FAdmin] Bot-Crash (STEAM_0:0:151607932) Attempted to pick up a weapon_physcannon
L 01/17/2019 - 01:31:11: [FAdmin] Bot-Crash (STEAM_0:0:151607932) Attempted to pick up a gmod_camera
L 01/17/2019 - 01:31:11: [FAdmin] Bot-Crash (STEAM_0:0:151607932) Attempted to pick up a gmod_tool
L 01/17/2019 - 01:31:11: [FAdmin] Bot-Crash (STEAM_0:0:151607932) Attempted to pick up a pocket
L 01/17/2019 - 01:31:11: [FAdmin] Bot-Crash (STEAM_0:0:151607932) Attempted to pick up a weapon_physgun
L 01/17/2019 - 01:31:23: Lua Error: 
[ERROR] conquest/lua/conquest/server/sv_points.lua:71: attempt to concatenate field 'owner' (a nil value)
  1. PointCapturedMessage - addons/[server]_conquest/lua/conquest/server/sv_points.lua:71
   2. unknown - addons/[server]_conquest/lua/conquest/server/sv_main.lua:130


L 01/17/2019 - 01:32:08: [FAdmin] Bot-Crash (STEAM_0:0:151607932) changed from Civil Protection to Hobo
L 01/17/2019 - 01:32:08: [FAdmin] Bot-Crash (STEAM_0:0:151607932) Attempted to pick up a weapon_bugbait
L 01/17/2019 - 01:32:08: [FAdmin] Bot-Crash (STEAM_0:0:151607932) Attempted to pick up a keys
L 01/17/2019 - 01:32:08: [FAdmin] Bot-Crash (STEAM_0:0:151607932) Attempted to pick up a weapon_physcannon
L 01/17/2019 - 01:32:08: [FAdmin] Bot-Crash (STEAM_0:0:151607932) Attempted to pick up a gmod_camera
L 01/17/2019 - 01:32:08: [FAdmin] Bot-Crash (STEAM_0:0:151607932) Attempted to pick up a gmod_tool
L 01/17/2019 - 01:32:08: [FAdmin] Bot-Crash (STEAM_0:0:151607932) Attempted to pick up a pocket
L 01/17/2019 - 01:32:08: [FAdmin] Bot-Crash (STEAM_0:0:151607932) Attempted to pick up a weapon_physgun
L 01/17/2019 - 01:32:21: "Bot-Crash<2><STEAM_0:0:151607932><Hobo>" say "/conquest"

L 01/17/2019 - 01:32:28: [FAdmin] Server succesfully shut down.
L 01/17/2019 - 01:32:28: [FAdmin] prop_physics(models/props/de_nuke/handtruck.mdl) Got removed
L 01/17/2019 - 01:32:28: [FAdmin] prop_physics(models/props_c17/door01_left.mdl) Got removed
L 01/17/2019 - 01:32:28: [FAdmin] prop_physics(models/props_c17/door01_left.mdl) Got removed
L 01/17/2019 - 01:32:28: [FAdmin] prop_physics(models/props_c17/door01_left.mdl) Got removed
L 01/17/2019 - 01:32:28: [FAdmin] prop_physics(models/props_c17/door01_left.mdl) Got removed
L 01/17/2019 - 01:32:28: [FAdmin] prop_physics(models/props_c17/door01_left.mdl) Got removed
L 01/17/2019 - 01:32:28: [FAdmin] prop_physics(models/props_c17/door01_left.mdl) Got removed
L 01/17/2019 - 01:32:28: [FAdmin] prop_physics(models/props_junk/pushcart01a.mdl) Got removed
L 01/17/2019 - 01:32:28: [FAdmin] prop_physics(models/props/de_nuke/handtruck.mdl) Got removed
L 01/17/2019 - 01:32:28: [FAdmin] prop_physics(models/props_c17/door01_left.mdl) Got removed
L 01/17/2019 - 01:32:28: [FAdmin] prop_physics(models/props_c17/door01_left.mdl) Got removed
L 01/17/2019 - 01:32:28: [FAdmin] prop_physics(models/props_junk/wood_crate001a_damaged.mdl) Got removed
L 01/17/2019 - 01:32:28: [FAdmin] prop_physics(models/props_junk/wood_crate001a_damaged.mdl) Got removed
L 01/17/2019 - 01:32:28: [FAdmin] prop_physics(models/props_junk/wood_crate001a_damaged.mdl) Got removed
L 01/17/2019 - 01:32:28: [FAdmin] prop_physics(models/props_junk/wood_crate001a_damaged.mdl) Got removed
L 01/17/2019 - 01:32:28: [FAdmin] prop_physics(models/props_junk/wood_crate001a_damaged.mdl) Got removed
L 01/17/2019 - 01:32:28: "Bot-Crash<2><STEAM_0:0:151607932><>" disconnected (reason "Server shutting down")
L 01/17/2019 - 01:32:29: server_message: "quit"
L 01/17/2019 - 01:32:29: Log file closed.
