L 01/19/2019 - 23:50:13: Log file started (file "logs\L0119013.log") (game "F:\sup\steamapps\common\GarrysModDS\garrysmod") (version "7334")
L 01/19/2019 - 23:50:13: server_cvar: "sv_alltalk" "3"
L 01/19/2019 - 23:50:13: server_cvar: "sv_allowcslua" "1"
L 01/19/2019 - 23:50:13: server_cvar: "sv_airaccelerate" "1000"
L 01/19/2019 - 23:50:13: server_cvar: "sv_alltalk" "0"
L 01/19/2019 - 23:50:13: Banid: "<><STEAM_0:0:432813650><>" was banned "permanently" by "Console"
L 01/19/2019 - 23:50:13: Banid: "<><STEAM_0:0:207758038><>" was banned "permanently" by "Console"
L 01/19/2019 - 23:50:13: Banid: "<><STEAM_0:0:432813650><>" was banned "permanently" by "Console"
L 01/19/2019 - 23:50:13: Banid: "<><STEAM_0:0:207758038><>" was banned "permanently" by "Console"
L 01/19/2019 - 23:50:13: "eLeCtrOssSnake<2><STEAM_0:1:164666257><>" connected, address "212.66.63.1:27005"
L 01/19/2019 - 23:50:15: Connection to Steam servers successful.
L 01/19/2019 - 23:50:15:    Public IP is 31.130.42.81.
L 01/19/2019 - 23:50:15: Assigned anonymous gameserver Steam ID [A-1:1956539399(11819)].
L 01/19/2019 - 23:50:15: VAC secure mode is activated.
L 01/19/2019 - 23:50:15: "eLeCtrOssSnake<2><STEAM_0:1:164666257><>" STEAM USERID validated
L 01/19/2019 - 23:50:22: [FAdmin] eLeCtrOssSnake (STEAM_0:1:164666257) is Authed
L 01/19/2019 - 23:50:22: [FAdmin] eLeCtrOssSnake (STEAM_0:1:164666257) Spawned for the first time
L 01/19/2019 - 23:50:22: [FAdmin] eLeCtrOssSnake (STEAM_0:1:164666257) Spawned
L 01/19/2019 - 23:50:22: "eLeCtrOssSnake<2><STEAM_0:1:164666257><>" entered the game
L 01/19/2019 - 23:50:22: [FAdmin] eLeCtrOssSnake (STEAM_0:1:164666257) Attempted to pick up a keys
L 01/19/2019 - 23:50:22: [FAdmin] eLeCtrOssSnake (STEAM_0:1:164666257) Attempted to pick up a weapon_physcannon
L 01/19/2019 - 23:50:22: [FAdmin] eLeCtrOssSnake (STEAM_0:1:164666257) Attempted to pick up a gmod_camera
L 01/19/2019 - 23:50:22: [FAdmin] eLeCtrOssSnake (STEAM_0:1:164666257) Attempted to pick up a gmod_tool
L 01/19/2019 - 23:50:22: [FAdmin] eLeCtrOssSnake (STEAM_0:1:164666257) Attempted to pick up a pocket
L 01/19/2019 - 23:50:22: [FAdmin] eLeCtrOssSnake (STEAM_0:1:164666257) Attempted to pick up a weapon_physgun
L 01/19/2019 - 23:50:22: [FAdmin] eLeCtrOssSnake (STEAM_0:1:164666257) Attempted to pick up a weapon_keypadchecker
L 01/19/2019 - 23:50:22: [FAdmin] eLeCtrOssSnake (STEAM_0:1:164666257) Attempted to pick up a door_ram
L 01/19/2019 - 23:50:22: [FAdmin] eLeCtrOssSnake (STEAM_0:1:164666257) Attempted to pick up a arrest_stick
L 01/19/2019 - 23:50:22: [FAdmin] eLeCtrOssSnake (STEAM_0:1:164666257) Attempted to pick up a unarrest_stick
L 01/19/2019 - 23:50:22: [FAdmin] eLeCtrOssSnake (STEAM_0:1:164666257) Attempted to pick up a stunstick
L 01/19/2019 - 23:50:22: [FAdmin] eLeCtrOssSnake (STEAM_0:1:164666257) Attempted to pick up a weaponchecker
L 01/19/2019 - 23:50:58: [FAdmin] eLeCtrOssSnake (STEAM_0:1:164666257) Spawned a models/props_lab/blastdoor001c.mdl
L 01/19/2019 - 23:50:58: "eLeCtrOssSnake<2><STEAM_0:1:164666257><>" disconnected (reason "Disconnect by user.")
L 01/19/2019 - 23:50:58: [FAdmin] eLeCtrOssSnake (STEAM_0:1:164666257) Disconnected
L 01/19/2019 - 23:50:58: "eLeCtrOssSnake<3><STEAM_0:1:164666257><>" connected, address "212.66.63.1:27005"
L 01/19/2019 - 23:50:58: "eLeCtrOssSnake<3><STEAM_0:1:164666257><>" disconnected (reason "Connection closing")
L 01/19/2019 - 23:50:58: "eLeCtrOssSnake<4><STEAM_0:1:164666257><>" connected, address "212.66.63.1:27005"
L 01/19/2019 - 23:50:58: "eLeCtrOssSnake<4><STEAM_0:1:164666257><>" disconnected (reason "Connection closing")
L 01/19/2019 - 23:50:58: "eLeCtrOssSnake<5><STEAM_0:1:164666257><>" connected, address "212.66.63.1:27005"
L 01/19/2019 - 23:50:59: "eLeCtrOssSnake<5><STEAM_0:1:164666257><>" STEAM USERID validated
L 01/19/2019 - 23:50:59: [FAdmin] Server succesfully shut down.
L 01/19/2019 - 23:50:59: [FAdmin] prop_physics(models/props/de_nuke/handtruck.mdl) Got removed
L 01/19/2019 - 23:50:59: [FAdmin] prop_physics(models/props_c17/door01_left.mdl) Got removed
L 01/19/2019 - 23:50:59: [FAdmin] prop_physics(models/props_c17/door01_left.mdl) Got removed
L 01/19/2019 - 23:50:59: [FAdmin] prop_physics(models/props_c17/door01_left.mdl) Got removed
L 01/19/2019 - 23:50:59: [FAdmin] prop_physics(models/props_c17/door01_left.mdl) Got removed
L 01/19/2019 - 23:50:59: [FAdmin] prop_physics(models/props_c17/door01_left.mdl) Got removed
L 01/19/2019 - 23:50:59: [FAdmin] prop_physics(models/props_c17/door01_left.mdl) Got removed
L 01/19/2019 - 23:50:59: [FAdmin] prop_physics(models/props_junk/pushcart01a.mdl) Got removed
L 01/19/2019 - 23:50:59: [FAdmin] prop_physics(models/props/de_nuke/handtruck.mdl) Got removed
L 01/19/2019 - 23:50:59: [FAdmin] prop_physics(models/props_c17/door01_left.mdl) Got removed
L 01/19/2019 - 23:50:59: [FAdmin] prop_physics(models/props_c17/door01_left.mdl) Got removed
L 01/19/2019 - 23:50:59: [FAdmin] prop_physics(models/props_junk/wood_crate001a_damaged.mdl) Got removed
L 01/19/2019 - 23:50:59: [FAdmin] prop_physics(models/props_junk/wood_crate001a_damaged.mdl) Got removed
L 01/19/2019 - 23:50:59: [FAdmin] prop_physics(models/props_junk/wood_crate001a_damaged.mdl) Got removed
L 01/19/2019 - 23:50:59: [FAdmin] prop_physics(models/props_junk/wood_crate001a_damaged.mdl) Got removed
L 01/19/2019 - 23:50:59: [FAdmin] prop_physics(models/props_junk/wood_crate001a_damaged.mdl) Got removed
L 01/19/2019 - 23:50:59: [FAdmin] prop_physics(models/props_lab/blastdoor001c.mdl) Got removed
L 01/19/2019 - 23:50:59: "eLeCtrOssSnake<5><STEAM_0:1:164666257><>" disconnected (reason "Server shutting down")
L 01/19/2019 - 23:50:59: server_message: "quit"
L 01/19/2019 - 23:50:59: Log file closed.
