L 01/17/2019 - 01:20:36: Log file started (file "logs\L0117005.log") (game "F:\sup\steamapps\common\GarrysModDS\garrysmod") (version "7334")
L 01/17/2019 - 01:20:36: server_cvar: "sv_alltalk" "3"
L 01/17/2019 - 01:20:36: server_cvar: "sv_allowcslua" "1"
L 01/17/2019 - 01:20:36: server_cvar: "sv_airaccelerate" "1000"
L 01/17/2019 - 01:20:36: server_cvar: "sv_alltalk" "0"
L 01/17/2019 - 01:20:37: Connection to Steam servers successful.
L 01/17/2019 - 01:20:37:    Public IP is 31.130.42.81.
L 01/17/2019 - 01:20:37: Assigned anonymous gameserver Steam ID [A-1:4156308491(11798)].
L 01/17/2019 - 01:20:37: VAC secure mode is activated.
L 01/17/2019 - 01:22:20: "Bot-Crash<2><STEAM_0:0:151607932><>" connected, address "192.168.1.103:27005"
L 01/17/2019 - 01:22:20: "Bot-Crash<2><STEAM_0:0:151607932><>" STEAM USERID validated
L 01/17/2019 - 01:22:30: [FAdmin] Bot-Crash (STEAM_0:0:151607932) is Authed
L 01/17/2019 - 01:22:30: [FAdmin] Bot-Crash (STEAM_0:0:151607932) Spawned for the first time
L 01/17/2019 - 01:22:30: [FAdmin] Bot-Crash (STEAM_0:0:151607932) Spawned
L 01/17/2019 - 01:22:30: "Bot-Crash<2><STEAM_0:0:151607932><>" entered the game
L 01/17/2019 - 01:22:30: [FAdmin] Bot-Crash (STEAM_0:0:151607932) Attempted to pick up a keys
L 01/17/2019 - 01:22:30: [FAdmin] Bot-Crash (STEAM_0:0:151607932) Attempted to pick up a weapon_physcannon
L 01/17/2019 - 01:22:30: [FAdmin] Bot-Crash (STEAM_0:0:151607932) Attempted to pick up a gmod_camera
L 01/17/2019 - 01:22:30: [FAdmin] Bot-Crash (STEAM_0:0:151607932) Attempted to pick up a gmod_tool
L 01/17/2019 - 01:22:30: [FAdmin] Bot-Crash (STEAM_0:0:151607932) Attempted to pick up a pocket
L 01/17/2019 - 01:22:30: [FAdmin] Bot-Crash (STEAM_0:0:151607932) Attempted to pick up a weapon_physgun
L 01/17/2019 - 01:22:57: Lua Error: 
[ERROR] conquest/lua/entities/flag_entity/shared.lua:23: attempt to call field 'Tick' (a nil value)
  1. unknown - addons/[server]_conquest/lua/entities/flag_entity/shared.lua:23


L 01/17/2019 - 01:22:57: Lua Error: 
[ERROR] conquest/lua/entities/flag_entity/shared.lua:23: attempt to call field 'Tick' (a nil value)
  1. unknown - addons/[server]_conquest/lua/entities/flag_entity/shared.lua:23


L 01/17/2019 - 01:22:57: Lua Error: 
[ERROR] conquest/lua/entities/flag_entity/shared.lua:23: attempt to call field 'Tick' (a nil value)
  1. unknown - addons/[server]_conquest/lua/entities/flag_entity/shared.lua:23


L 01/17/2019 - 01:22:57: Lua Error: 
[ERROR] conquest/lua/entities/flag_entity/shared.lua:23: attempt to call field 'Tick' (a nil value)
  1. unknown - addons/[server]_conquest/lua/entities/flag_entity/shared.lua:23


L 01/17/2019 - 01:22:58: Lua Error: 
[ERROR] conquest/lua/entities/flag_entity/shared.lua:23: attempt to call field 'Tick' (a nil value)
  1. unknown - addons/[server]_conquest/lua/entities/flag_entity/shared.lua:23


L 01/17/2019 - 01:22:58: Lua Error: 
[ERROR] conquest/lua/entities/flag_entity/shared.lua:23: attempt to call field 'Tick' (a nil value)
  1. unknown - addons/[server]_conquest/lua/entities/flag_entity/shared.lua:23


L 01/17/2019 - 01:22:58: Lua Error: 
[ERROR] conquest/lua/entities/flag_entity/shared.lua:23: attempt to call field 'Tick' (a nil value)
  1. unknown - addons/[server]_conquest/lua/entities/flag_entity/shared.lua:23


L 01/17/2019 - 01:22:58: Lua Error: 
[ERROR] conquest/lua/entities/flag_entity/shared.lua:23: attempt to call field 'Tick' (a nil value)
  1. unknown - addons/[server]_conquest/lua/entities/flag_entity/shared.lua:23


L 01/17/2019 - 01:22:58: Lua Error: 
[ERROR] conquest/lua/entities/flag_entity/shared.lua:23: attempt to call field 'Tick' (a nil value)
  1. unknown - addons/[server]_conquest/lua/entities/flag_entity/shared.lua:23


L 01/17/2019 - 01:22:58: Lua Error: 
[ERROR] conquest/lua/entities/flag_entity/shared.lua:23: attempt to call field 'Tick' (a nil value)
  1. unknown - addons/[server]_conquest/lua/entities/flag_entity/shared.lua:23


L 01/17/2019 - 01:22:59: Lua Error: 
[ERROR] conquest/lua/entities/flag_entity/shared.lua:23: attempt to call field 'Tick' (a nil value)
  1. unknown - addons/[server]_conquest/lua/entities/flag_entity/shared.lua:23


L 01/17/2019 - 01:22:59: Lua Error: 
[ERROR] conquest/lua/entities/flag_entity/shared.lua:23: attempt to call field 'Tick' (a nil value)
  1. unknown - addons/[server]_conquest/lua/entities/flag_entity/shared.lua:23


L 01/17/2019 - 01:22:59: Lua Error: 
[ERROR] conquest/lua/entities/flag_entity/shared.lua:23: attempt to call field 'Tick' (a nil value)
  1. unknown - addons/[server]_conquest/lua/entities/flag_entity/shared.lua:23


L 01/17/2019 - 01:22:59: Lua Error: 
[ERROR] conquest/lua/entities/flag_entity/shared.lua:23: attempt to call field 'Tick' (a nil value)
  1. unknown - addons/[server]_conquest/lua/entities/flag_entity/shared.lua:23


L 01/17/2019 - 01:22:59: Lua Error: 
[ERROR] conquest/lua/entities/flag_entity/shared.lua:23: attempt to call field 'Tick' (a nil value)
  1. unknown - addons/[server]_conquest/lua/entities/flag_entity/shared.lua:23


L 01/17/2019 - 01:22:59: Lua Error: 
[ERROR] conquest/lua/entities/flag_entity/shared.lua:23: attempt to call field 'Tick' (a nil value)
  1. unknown - addons/[server]_conquest/lua/entities/flag_entity/shared.lua:23


L 01/17/2019 - 01:22:59: Lua Error: 
[ERROR] conquest/lua/entities/flag_entity/shared.lua:23: attempt to call field 'Tick' (a nil value)
  1. unknown - addons/[server]_conquest/lua/entities/flag_entity/shared.lua:23


L 01/17/2019 - 01:22:59: Lua Error: 
[ERROR] conquest/lua/entities/flag_entity/shared.lua:23: attempt to call field 'Tick' (a nil value)
  1. unknown - addons/[server]_conquest/lua/entities/flag_entity/shared.lua:23


L 01/17/2019 - 01:22:59: Lua Error: 
[ERROR] conquest/lua/entities/flag_entity/shared.lua:23: attempt to call field 'Tick' (a nil value)
  1. unknown - addons/[server]_conquest/lua/entities/flag_entity/shared.lua:23


L 01/17/2019 - 01:22:59: Lua Error: 
[ERROR] conquest/lua/entities/flag_entity/shared.lua:23: attempt to call field 'Tick' (a nil value)
  1. unknown - addons/[server]_conquest/lua/entities/flag_entity/shared.lua:23


L 01/17/2019 - 01:22:59: Lua Error: 
[ERROR] conquest/lua/entities/flag_entity/shared.lua:23: attempt to call field 'Tick' (a nil value)
  1. unknown - addons/[server]_conquest/lua/entities/flag_entity/shared.lua:23


L 01/17/2019 - 01:22:59: Lua Error: 
[ERROR] conquest/lua/entities/flag_entity/shared.lua:23: attempt to call field 'Tick' (a nil value)
  1. unknown - addons/[server]_conquest/lua/entities/flag_entity/shared.lua:23


L 01/17/2019 - 01:22:59: Lua Error: 
[ERROR] conquest/lua/entities/flag_entity/shared.lua:23: attempt to call field 'Tick' (a nil value)
  1. unknown - addons/[server]_conquest/lua/entities/flag_entity/shared.lua:23


L 01/17/2019 - 01:22:59: Lua Error: 
[ERROR] conquest/lua/entities/flag_entity/shared.lua:23: attempt to call field 'Tick' (a nil value)
  1. unknown - addons/[server]_conquest/lua/entities/flag_entity/shared.lua:23


L 01/17/2019 - 01:22:59: Lua Error: 
[ERROR] conquest/lua/entities/flag_entity/shared.lua:23: attempt to call field 'Tick' (a nil value)
  1. unknown - addons/[server]_conquest/lua/entities/flag_entity/shared.lua:23


L 01/17/2019 - 01:22:59: Lua Error: 
[ERROR] conquest/lua/entities/flag_entity/shared.lua:23: attempt to call field 'Tick' (a nil value)
  1. unknown - addons/[server]_conquest/lua/entities/flag_entity/shared.lua:23


L 01/17/2019 - 01:22:59: Lua Error: 
[ERROR] conquest/lua/entities/flag_entity/shared.lua:23: attempt to call field 'Tick' (a nil value)
  1. unknown - addons/[server]_conquest/lua/entities/flag_entity/shared.lua:23


L 01/17/2019 - 01:22:59: Lua Error: 
[ERROR] conquest/lua/entities/flag_entity/shared.lua:23: attempt to call field 'Tick' (a nil value)
  1. unknown - addons/[server]_conquest/lua/entities/flag_entity/shared.lua:23


L 01/17/2019 - 01:22:59: Lua Error: 
[ERROR] conquest/lua/entities/flag_entity/shared.lua:23: attempt to call field 'Tick' (a nil value)
  1. unknown - addons/[server]_conquest/lua/entities/flag_entity/shared.lua:23


L 01/17/2019 - 01:22:59: Lua Error: 
[ERROR] conquest/lua/entities/flag_entity/shared.lua:23: attempt to call field 'Tick' (a nil value)
  1. unknown - addons/[server]_conquest/lua/entities/flag_entity/shared.lua:23


L 01/17/2019 - 01:22:59: Lua Error: 
[ERROR] conquest/lua/entities/flag_entity/shared.lua:23: attempt to call field 'Tick' (a nil value)
  1. unknown - addons/[server]_conquest/lua/entities/flag_entity/shared.lua:23


L 01/17/2019 - 01:22:59: Lua Error: 
[ERROR] conquest/lua/entities/flag_entity/shared.lua:23: attempt to call field 'Tick' (a nil value)
  1. unknown - addons/[server]_conquest/lua/entities/flag_entity/shared.lua:23


L 01/17/2019 - 01:22:59: Lua Error: 
[ERROR] conquest/lua/entities/flag_entity/shared.lua:23: attempt to call field 'Tick' (a nil value)
  1. unknown - addons/[server]_conquest/lua/entities/flag_entity/shared.lua:23


L 01/17/2019 - 01:22:59: Lua Error: 
[ERROR] conquest/lua/entities/flag_entity/shared.lua:23: attempt to call field 'Tick' (a nil value)
  1. unknown - addons/[server]_conquest/lua/entities/flag_entity/shared.lua:23


L 01/17/2019 - 01:22:59: Lua Error: 
[ERROR] conquest/lua/entities/flag_entity/shared.lua:23: attempt to call field 'Tick' (a nil value)
  1. unknown - addons/[server]_conquest/lua/entities/flag_entity/shared.lua:23


L 01/17/2019 - 01:23:00: Lua Error: 
[ERROR] conquest/lua/entities/flag_entity/shared.lua:23: attempt to call field 'Tick' (a nil value)
  1. unknown - addons/[server]_conquest/lua/entities/flag_entity/shared.lua:23


L 01/17/2019 - 01:23:00: Lua Error: 
[ERROR] conquest/lua/entities/flag_entity/shared.lua:23: attempt to call field 'Tick' (a nil value)
  1. unknown - addons/[server]_conquest/lua/entities/flag_entity/shared.lua:23


L 01/17/2019 - 01:23:00: Lua Error: 
[ERROR] conquest/lua/entities/flag_entity/shared.lua:23: attempt to call field 'Tick' (a nil value)
  1. unknown - addons/[server]_conquest/lua/entities/flag_entity/shared.lua:23


L 01/17/2019 - 01:23:00: Lua Error: 
[ERROR] conquest/lua/entities/flag_entity/shared.lua:23: attempt to call field 'Tick' (a nil value)
  1. unknown - addons/[server]_conquest/lua/entities/flag_entity/shared.lua:23


L 01/17/2019 - 01:23:00: Lua Error: 
[ERROR] conquest/lua/entities/flag_entity/shared.lua:23: attempt to call field 'Tick' (a nil value)
  1. unknown - addons/[server]_conquest/lua/entities/flag_entity/shared.lua:23


L 01/17/2019 - 01:23:00: Lua Error: 
[ERROR] conquest/lua/entities/flag_entity/shared.lua:23: attempt to call field 'Tick' (a nil value)
  1. unknown - addons/[server]_conquest/lua/entities/flag_entity/shared.lua:23


L 01/17/2019 - 01:23:00: Lua Error: 
[ERROR] conquest/lua/entities/flag_entity/shared.lua:23: attempt to call field 'Tick' (a nil value)
  1. unknown - addons/[server]_conquest/lua/entities/flag_entity/shared.lua:23


L 01/17/2019 - 01:23:00: Lua Error: 
[ERROR] conquest/lua/entities/flag_entity/shared.lua:23: attempt to call field 'Tick' (a nil value)
  1. unknown - addons/[server]_conquest/lua/entities/flag_entity/shared.lua:23


L 01/17/2019 - 01:23:00: Lua Error: 
[ERROR] conquest/lua/entities/flag_entity/shared.lua:23: attempt to call field 'Tick' (a nil value)
  1. unknown - addons/[server]_conquest/lua/entities/flag_entity/shared.lua:23


L 01/17/2019 - 01:23:00: Lua Error: 
[ERROR] conquest/lua/entities/flag_entity/shared.lua:23: attempt to call field 'Tick' (a nil value)
  1. unknown - addons/[server]_conquest/lua/entities/flag_entity/shared.lua:23


L 01/17/2019 - 01:23:00: Lua Error: 
[ERROR] conquest/lua/entities/flag_entity/shared.lua:23: attempt to call field 'Tick' (a nil value)
  1. unknown - addons/[server]_conquest/lua/entities/flag_entity/shared.lua:23


L 01/17/2019 - 01:23:00: Lua Error: 
[ERROR] conquest/lua/entities/flag_entity/shared.lua:23: attempt to call field 'Tick' (a nil value)
  1. unknown - addons/[server]_conquest/lua/entities/flag_entity/shared.lua:23


L 01/17/2019 - 01:23:00: Lua Error: 
[ERROR] conquest/lua/entities/flag_entity/shared.lua:23: attempt to call field 'Tick' (a nil value)
  1. unknown - addons/[server]_conquest/lua/entities/flag_entity/shared.lua:23


L 01/17/2019 - 01:23:00: Lua Error: 
[ERROR] conquest/lua/entities/flag_entity/shared.lua:23: attempt to call field 'Tick' (a nil value)
  1. unknown - addons/[server]_conquest/lua/entities/flag_entity/shared.lua:23


L 01/17/2019 - 01:23:00: Lua Error: 
[ERROR] conquest/lua/entities/flag_entity/shared.lua:23: attempt to call field 'Tick' (a nil value)
  1. unknown - addons/[server]_conquest/lua/entities/flag_entity/shared.lua:23


L 01/17/2019 - 01:23:00: Lua Error: 
[ERROR] conquest/lua/entities/flag_entity/shared.lua:23: attempt to call field 'Tick' (a nil value)
  1. unknown - addons/[server]_conquest/lua/entities/flag_entity/shared.lua:23


L 01/17/2019 - 01:23:00: Lua Error: 
[ERROR] conquest/lua/entities/flag_entity/shared.lua:23: attempt to call field 'Tick' (a nil value)
  1. unknown - addons/[server]_conquest/lua/entities/flag_entity/shared.lua:23


L 01/17/2019 - 01:23:00: Lua Error: 
[ERROR] conquest/lua/entities/flag_entity/shared.lua:23: attempt to call field 'Tick' (a nil value)
  1. unknown - addons/[server]_conquest/lua/entities/flag_entity/shared.lua:23


L 01/17/2019 - 01:23:00: Lua Error: 
[ERROR] conquest/lua/entities/flag_entity/shared.lua:23: attempt to call field 'Tick' (a nil value)
  1. unknown - addons/[server]_conquest/lua/entities/flag_entity/shared.lua:23


L 01/17/2019 - 01:23:01: Lua Error: 
[ERROR] conquest/lua/entities/flag_entity/shared.lua:23: attempt to call field 'Tick' (a nil value)
  1. unknown - addons/[server]_conquest/lua/entities/flag_entity/shared.lua:23


L 01/17/2019 - 01:23:01: Lua Error: 
[ERROR] conquest/lua/entities/flag_entity/shared.lua:23: attempt to call field 'Tick' (a nil value)
  1. unknown - addons/[server]_conquest/lua/entities/flag_entity/shared.lua:23


L 01/17/2019 - 01:23:01: Lua Error: 
[ERROR] conquest/lua/entities/flag_entity/shared.lua:23: attempt to call field 'Tick' (a nil value)
  1. unknown - addons/[server]_conquest/lua/entities/flag_entity/shared.lua:23


L 01/17/2019 - 01:23:01: Lua Error: 
[ERROR] conquest/lua/entities/flag_entity/shared.lua:23: attempt to call field 'Tick' (a nil value)
  1. unknown - addons/[server]_conquest/lua/entities/flag_entity/shared.lua:23


L 01/17/2019 - 01:23:01: Lua Error: 
[ERROR] conquest/lua/entities/flag_entity/shared.lua:23: attempt to call field 'Tick' (a nil value)
  1. unknown - addons/[server]_conquest/lua/entities/flag_entity/shared.lua:23


L 01/17/2019 - 01:23:01: Lua Error: 
[ERROR] conquest/lua/entities/flag_entity/shared.lua:23: attempt to call field 'Tick' (a nil value)
  1. unknown - addons/[server]_conquest/lua/entities/flag_entity/shared.lua:23


L 01/17/2019 - 01:24:52: Lua Error: 
[ERROR] conquest/lua/conquest/server/sv_main.lua:132: unexpected symbol near '\'
  1. unknown - addons/[server]_conquest/lua/conquest/server/sv_main.lua:0


L 01/17/2019 - 01:24:53: Lua Error: 
[ERROR] conquest/lua/conquest/server/sv_main.lua:132: unexpected symbol near '\'
  1. unknown - addons/[server]_conquest/lua/conquest/server/sv_main.lua:0


L 01/17/2019 - 01:25:05: Lua Error: 
[ERROR] conquest/lua/conquest/server/sv_main.lua:104: unexpected symbol near '\'
  1. unknown - addons/[server]_conquest/lua/conquest/server/sv_main.lua:0


L 01/17/2019 - 01:25:09: Lua Error: 
[ERROR] conquest/lua/conquest/server/sv_main.lua:104: unexpected symbol near '\'
  1. unknown - addons/[server]_conquest/lua/conquest/server/sv_main.lua:0


L 01/17/2019 - 01:26:59: Lua Error: 
[ERROR] conquest/lua/conquest/server/sv_main.lua:107: unexpected symbol near '\'
  1. unknown - addons/[server]_conquest/lua/conquest/server/sv_main.lua:0


L 01/17/2019 - 01:28:16: Lua Error: 
[ERROR] conquest/lua/conquest/server/sv_main.lua:109: unexpected symbol near '\'
  1. unknown - addons/[server]_conquest/lua/conquest/server/sv_main.lua:0


L 01/17/2019 - 01:28:16: Lua Error: 
[ERROR] conquest/lua/conquest/server/sv_main.lua:109: unexpected symbol near '\'
  1. unknown - addons/[server]_conquest/lua/conquest/server/sv_main.lua:0


L 01/17/2019 - 01:28:18: Lua Error: 
[ERROR] conquest/lua/conquest/server/sv_main.lua:109: unexpected symbol near '\'
  1. unknown - addons/[server]_conquest/lua/conquest/server/sv_main.lua:0


L 01/17/2019 - 01:28:26: Lua Error: 
[ERROR] conquest/lua/conquest/server/sv_main.lua:109: unexpected symbol near '\'
  1. unknown - addons/[server]_conquest/lua/conquest/server/sv_main.lua:0


L 01/17/2019 - 01:28:32: Lua Error: 
[ERROR] conquest/lua/entities/flag_entity/shared.lua:23: attempt to call field 'Tick' (a nil value)
  1. unknown - addons/[server]_conquest/lua/entities/flag_entity/shared.lua:23


L 01/17/2019 - 01:28:32: Lua Error: 
[ERROR] conquest/lua/entities/flag_entity/shared.lua:23: attempt to call field 'Tick' (a nil value)
  1. unknown - addons/[server]_conquest/lua/entities/flag_entity/shared.lua:23


L 01/17/2019 - 01:28:32: Lua Error: 
[ERROR] conquest/lua/entities/flag_entity/shared.lua:23: attempt to call field 'Tick' (a nil value)
  1. unknown - addons/[server]_conquest/lua/entities/flag_entity/shared.lua:23


L 01/17/2019 - 01:28:32: Lua Error: 
[ERROR] conquest/lua/entities/flag_entity/shared.lua:23: attempt to call field 'Tick' (a nil value)
  1. unknown - addons/[server]_conquest/lua/entities/flag_entity/shared.lua:23


L 01/17/2019 - 01:28:32: Lua Error: 
[ERROR] conquest/lua/entities/flag_entity/shared.lua:23: attempt to call field 'Tick' (a nil value)
  1. unknown - addons/[server]_conquest/lua/entities/flag_entity/shared.lua:23


L 01/17/2019 - 01:28:32: Lua Error: 
[ERROR] conquest/lua/entities/flag_entity/shared.lua:23: attempt to call field 'Tick' (a nil value)
  1. unknown - addons/[server]_conquest/lua/entities/flag_entity/shared.lua:23


L 01/17/2019 - 01:28:32: Lua Error: 
[ERROR] conquest/lua/entities/flag_entity/shared.lua:23: attempt to call field 'Tick' (a nil value)
  1. unknown - addons/[server]_conquest/lua/entities/flag_entity/shared.lua:23


L 01/17/2019 - 01:28:34: Lua Error: 
[ERROR] conquest/lua/entities/flag_entity/shared.lua:23: attempt to call field 'Tick' (a nil value)
  1. unknown - addons/[server]_conquest/lua/entities/flag_entity/shared.lua:23


L 01/17/2019 - 01:28:34: Lua Error: 
[ERROR] conquest/lua/entities/flag_entity/shared.lua:23: attempt to call field 'Tick' (a nil value)
  1. unknown - addons/[server]_conquest/lua/entities/flag_entity/shared.lua:23


L 01/17/2019 - 01:28:34: Lua Error: 
[ERROR] conquest/lua/entities/flag_entity/shared.lua:23: attempt to call field 'Tick' (a nil value)
  1. unknown - addons/[server]_conquest/lua/entities/flag_entity/shared.lua:23


L 01/17/2019 - 01:28:34: Lua Error: 
[ERROR] conquest/lua/entities/flag_entity/shared.lua:23: attempt to call field 'Tick' (a nil value)
  1. unknown - addons/[server]_conquest/lua/entities/flag_entity/shared.lua:23


L 01/17/2019 - 01:28:34: Lua Error: 
[ERROR] conquest/lua/entities/flag_entity/shared.lua:23: attempt to call field 'Tick' (a nil value)
  1. unknown - addons/[server]_conquest/lua/entities/flag_entity/shared.lua:23


L 01/17/2019 - 01:28:34: Lua Error: 
[ERROR] conquest/lua/entities/flag_entity/shared.lua:23: attempt to call field 'Tick' (a nil value)
  1. unknown - addons/[server]_conquest/lua/entities/flag_entity/shared.lua:23


L 01/17/2019 - 01:28:34: Lua Error: 
[ERROR] conquest/lua/entities/flag_entity/shared.lua:23: attempt to call field 'Tick' (a nil value)
  1. unknown - addons/[server]_conquest/lua/entities/flag_entity/shared.lua:23


L 01/17/2019 - 01:28:34: Lua Error: 
[ERROR] conquest/lua/entities/flag_entity/shared.lua:23: attempt to call field 'Tick' (a nil value)
  1. unknown - addons/[server]_conquest/lua/entities/flag_entity/shared.lua:23


L 01/17/2019 - 01:28:34: Lua Error: 
[ERROR] conquest/lua/entities/flag_entity/shared.lua:23: attempt to call field 'Tick' (a nil value)
  1. unknown - addons/[server]_conquest/lua/entities/flag_entity/shared.lua:23


L 01/17/2019 - 01:28:34: Lua Error: 
[ERROR] conquest/lua/entities/flag_entity/shared.lua:23: attempt to call field 'Tick' (a nil value)
  1. unknown - addons/[server]_conquest/lua/entities/flag_entity/shared.lua:23


L 01/17/2019 - 01:28:37: [FAdmin] Server succesfully shut down.
L 01/17/2019 - 01:28:37: [FAdmin] prop_physics(models/props/de_nuke/handtruck.mdl) Got removed
L 01/17/2019 - 01:28:37: [FAdmin] prop_physics(models/props_c17/door01_left.mdl) Got removed
L 01/17/2019 - 01:28:37: [FAdmin] prop_physics(models/props_c17/door01_left.mdl) Got removed
L 01/17/2019 - 01:28:37: [FAdmin] prop_physics(models/props_c17/door01_left.mdl) Got removed
L 01/17/2019 - 01:28:37: [FAdmin] prop_physics(models/props_c17/door01_left.mdl) Got removed
L 01/17/2019 - 01:28:37: [FAdmin] prop_physics(models/props_c17/door01_left.mdl) Got removed
L 01/17/2019 - 01:28:37: [FAdmin] prop_physics(models/props_c17/door01_left.mdl) Got removed
L 01/17/2019 - 01:28:37: [FAdmin] prop_physics(models/props_junk/pushcart01a.mdl) Got removed
L 01/17/2019 - 01:28:37: [FAdmin] prop_physics(models/props/de_nuke/handtruck.mdl) Got removed
L 01/17/2019 - 01:28:37: [FAdmin] prop_physics(models/props_c17/door01_left.mdl) Got removed
L 01/17/2019 - 01:28:37: [FAdmin] prop_physics(models/props_c17/door01_left.mdl) Got removed
L 01/17/2019 - 01:28:37: [FAdmin] prop_physics(models/props_junk/wood_crate001a_damaged.mdl) Got removed
L 01/17/2019 - 01:28:37: [FAdmin] prop_physics(models/props_junk/wood_crate001a_damaged.mdl) Got removed
L 01/17/2019 - 01:28:37: [FAdmin] prop_physics(models/props_junk/wood_crate001a_damaged.mdl) Got removed
L 01/17/2019 - 01:28:37: [FAdmin] prop_physics(models/props_junk/wood_crate001a_damaged.mdl) Got removed
L 01/17/2019 - 01:28:37: [FAdmin] prop_physics(models/props_junk/wood_crate001a_damaged.mdl) Got removed
L 01/17/2019 - 01:28:37: "Bot-Crash<2><STEAM_0:0:151607932><>" disconnected (reason "Server shutting down")
L 01/17/2019 - 01:28:37: server_message: "quit"
L 01/17/2019 - 01:28:37: Log file closed.
