L 01/19/2019 - 23:01:10: Log file started (file "logs\L0119007.log") (game "F:\sup\steamapps\common\GarrysModDS\garrysmod") (version "7334")
L 01/19/2019 - 23:01:10: server_cvar: "sv_alltalk" "3"
L 01/19/2019 - 23:01:10: server_cvar: "sv_allowcslua" "1"
L 01/19/2019 - 23:01:10: server_cvar: "sv_airaccelerate" "1000"
L 01/19/2019 - 23:01:10: server_cvar: "sv_alltalk" "0"
L 01/19/2019 - 23:01:10: Banid: "<><STEAM_0:0:432813650><>" was banned "permanently" by "Console"
L 01/19/2019 - 23:01:10: Banid: "<><STEAM_0:0:207758038><>" was banned "permanently" by "Console"
L 01/19/2019 - 23:01:10: Banid: "<><STEAM_0:0:432813650><>" was banned "permanently" by "Console"
L 01/19/2019 - 23:01:10: Banid: "<><STEAM_0:0:207758038><>" was banned "permanently" by "Console"
L 01/19/2019 - 23:01:10: "DidVaitel<2><STEAM_0:1:74202541><>" connected, address "192.168.1.103:27006"
L 01/19/2019 - 23:01:11: Connection to Steam servers successful.
L 01/19/2019 - 23:01:11:    Public IP is 31.130.42.81.
L 01/19/2019 - 23:01:11: Assigned anonymous gameserver Steam ID [A-1:1150116875(11819)].
L 01/19/2019 - 23:01:12: VAC secure mode is activated.
L 01/19/2019 - 23:01:12: "DidVaitel<2><STEAM_0:1:74202541><>" STEAM USERID validated
L 01/19/2019 - 23:01:19: [FAdmin] DidVaitel (STEAM_0:1:74202541) is Authed
L 01/19/2019 - 23:01:19: [FAdmin] DidVaitel (STEAM_0:1:74202541) Spawned for the first time
L 01/19/2019 - 23:01:19: [FAdmin] DidVaitel (STEAM_0:1:74202541) Spawned
L 01/19/2019 - 23:01:19: "DidVaitel<2><STEAM_0:1:74202541><>" entered the game
L 01/19/2019 - 23:01:19: [FAdmin] DidVaitel (STEAM_0:1:74202541) Attempted to pick up a keys
L 01/19/2019 - 23:01:19: [FAdmin] DidVaitel (STEAM_0:1:74202541) Attempted to pick up a weapon_physcannon
L 01/19/2019 - 23:01:19: [FAdmin] DidVaitel (STEAM_0:1:74202541) Attempted to pick up a gmod_camera
L 01/19/2019 - 23:01:19: [FAdmin] DidVaitel (STEAM_0:1:74202541) Attempted to pick up a gmod_tool
L 01/19/2019 - 23:01:19: [FAdmin] DidVaitel (STEAM_0:1:74202541) Attempted to pick up a pocket
L 01/19/2019 - 23:01:19: [FAdmin] DidVaitel (STEAM_0:1:74202541) Attempted to pick up a weapon_physgun
L 01/19/2019 - 23:01:19: [FAdmin] DidVaitel (STEAM_0:1:74202541) Attempted to pick up a weapon_keypadchecker
L 01/19/2019 - 23:01:19: [FAdmin] DidVaitel (STEAM_0:1:74202541) Attempted to pick up a door_ram
L 01/19/2019 - 23:01:19: [FAdmin] DidVaitel (STEAM_0:1:74202541) Attempted to pick up a arrest_stick
L 01/19/2019 - 23:01:19: [FAdmin] DidVaitel (STEAM_0:1:74202541) Attempted to pick up a unarrest_stick
L 01/19/2019 - 23:01:19: [FAdmin] DidVaitel (STEAM_0:1:74202541) Attempted to pick up a stunstick
L 01/19/2019 - 23:01:19: [FAdmin] DidVaitel (STEAM_0:1:74202541) Attempted to pick up a weaponchecker
L 01/19/2019 - 23:11:40: [FAdmin] DidVaitel (STEAM_0:1:74202541) Attempted to switch noclip
L 01/19/2019 - 23:11:56: [FAdmin] DidVaitel (STEAM_0:1:74202541) Attempted to switch noclip
L 01/19/2019 - 23:12:04: [FAdmin] DidVaitel (STEAM_0:1:74202541) Attempted to switch noclip
L 01/19/2019 - 23:12:05: [FAdmin] DidVaitel (STEAM_0:1:74202541) Attempted to switch noclip
L 01/19/2019 - 23:31:09: "DidVaitel<2><STEAM_0:1:74202541><Citizen>" say "/conqustfef"

L 01/19/2019 - 23:31:13: "DidVaitel<2><STEAM_0:1:74202541><Citizen>" say "/conquestfef"

L 01/19/2019 - 23:31:16: [FAdmin] DidVaitel (STEAM_0:1:74202541) Attempted to switch noclip
L 01/19/2019 - 23:31:22: [FAdmin] DidVaitel (STEAM_0:1:74202541) Attempted to switch noclip
L 01/19/2019 - 23:31:25: [FAdmin] DidVaitel (STEAM_0:1:74202541) Spawned a duel_npc
L 01/19/2019 - 23:31:48: "eLeCtrOssSnake<3><STEAM_0:1:164666257><>" connected, address "212.66.63.1:27005"
L 01/19/2019 - 23:31:49: "eLeCtrOssSnake<3><STEAM_0:1:164666257><>" STEAM USERID validated
L 01/19/2019 - 23:32:00: [FAdmin] eLeCtrOssSnake (STEAM_0:1:164666257) is Authed
L 01/19/2019 - 23:32:00: [FAdmin] eLeCtrOssSnake (STEAM_0:1:164666257) Spawned for the first time
L 01/19/2019 - 23:32:00: [FAdmin] eLeCtrOssSnake (STEAM_0:1:164666257) Spawned
L 01/19/2019 - 23:32:00: "eLeCtrOssSnake<3><STEAM_0:1:164666257><>" entered the game
L 01/19/2019 - 23:32:00: [FAdmin] eLeCtrOssSnake (STEAM_0:1:164666257) Attempted to pick up a keys
L 01/19/2019 - 23:32:00: [FAdmin] eLeCtrOssSnake (STEAM_0:1:164666257) Attempted to pick up a weapon_physcannon
L 01/19/2019 - 23:32:00: [FAdmin] eLeCtrOssSnake (STEAM_0:1:164666257) Attempted to pick up a gmod_camera
L 01/19/2019 - 23:32:00: [FAdmin] eLeCtrOssSnake (STEAM_0:1:164666257) Attempted to pick up a gmod_tool
L 01/19/2019 - 23:32:00: [FAdmin] eLeCtrOssSnake (STEAM_0:1:164666257) Attempted to pick up a pocket
L 01/19/2019 - 23:32:00: [FAdmin] eLeCtrOssSnake (STEAM_0:1:164666257) Attempted to pick up a weapon_physgun
L 01/19/2019 - 23:32:00: [FAdmin] eLeCtrOssSnake (STEAM_0:1:164666257) Attempted to pick up a weapon_keypadchecker
L 01/19/2019 - 23:32:00: [FAdmin] eLeCtrOssSnake (STEAM_0:1:164666257) Attempted to pick up a door_ram
L 01/19/2019 - 23:32:00: [FAdmin] eLeCtrOssSnake (STEAM_0:1:164666257) Attempted to pick up a arrest_stick
L 01/19/2019 - 23:32:00: [FAdmin] eLeCtrOssSnake (STEAM_0:1:164666257) Attempted to pick up a unarrest_stick
L 01/19/2019 - 23:32:00: [FAdmin] eLeCtrOssSnake (STEAM_0:1:164666257) Attempted to pick up a stunstick
L 01/19/2019 - 23:32:00: [FAdmin] eLeCtrOssSnake (STEAM_0:1:164666257) Attempted to pick up a weaponchecker
L 01/19/2019 - 23:33:14: Lua Error: 
[ERROR] addons/gduels-system/lua/gduel/core/sv_functions.lua:113: attempt to index global 'posit' (a nil value)
  1. func - addons/gduels-system/lua/gduel/core/sv_functions.lua:113
   2. unknown - lua/includes/extensions/net.lua:32


L 01/19/2019 - 23:33:51: [FAdmin] DidVaitel (STEAM_0:1:74202541) Attempted to switch noclip
L 01/19/2019 - 23:33:52: [FAdmin] DidVaitel (STEAM_0:1:74202541) Attempted to use tool duelpoints
L 01/19/2019 - 23:33:53: [FAdmin] DidVaitel (STEAM_0:1:74202541) Attempted to use tool duelpoints
L 01/19/2019 - 23:33:54: [FAdmin] DidVaitel (STEAM_0:1:74202541) Attempted to use tool duelpoints
L 01/19/2019 - 23:33:54: [FAdmin] DidVaitel (STEAM_0:1:74202541) Attempted to use tool duelpoints
L 01/19/2019 - 23:33:54: [FAdmin] DidVaitel (STEAM_0:1:74202541) Attempted to use tool duelpoints
L 01/19/2019 - 23:33:54: [FAdmin] DidVaitel (STEAM_0:1:74202541) Attempted to use tool duelpoints
L 01/19/2019 - 23:33:57: [FAdmin] DidVaitel (STEAM_0:1:74202541) Attempted to use tool duelpoints
L 01/19/2019 - 23:33:58: [FAdmin] DidVaitel (STEAM_0:1:74202541) Attempted to use tool duelpoints
L 01/19/2019 - 23:34:00: [FAdmin] DidVaitel (STEAM_0:1:74202541) Attempted to use tool duelpoints
L 01/19/2019 - 23:34:01: [FAdmin] DidVaitel (STEAM_0:1:74202541) Attempted to use tool duelpoints
L 01/19/2019 - 23:34:03: [FAdmin] DidVaitel (STEAM_0:1:74202541) Attempted to switch noclip
L 01/19/2019 - 23:34:38: [FAdmin] Server succesfully shut down.
L 01/19/2019 - 23:34:38: [FAdmin] prop_physics(models/props/de_nuke/handtruck.mdl) Got removed
L 01/19/2019 - 23:34:38: [FAdmin] prop_physics(models/props_c17/door01_left.mdl) Got removed
L 01/19/2019 - 23:34:38: [FAdmin] prop_physics(models/props_c17/door01_left.mdl) Got removed
L 01/19/2019 - 23:34:38: [FAdmin] prop_physics(models/props_c17/door01_left.mdl) Got removed
L 01/19/2019 - 23:34:38: [FAdmin] prop_physics(models/props_c17/door01_left.mdl) Got removed
L 01/19/2019 - 23:34:38: [FAdmin] prop_physics(models/props_c17/door01_left.mdl) Got removed
L 01/19/2019 - 23:34:38: [FAdmin] prop_physics(models/props_c17/door01_left.mdl) Got removed
L 01/19/2019 - 23:34:38: [FAdmin] prop_physics(models/props_junk/pushcart01a.mdl) Got removed
L 01/19/2019 - 23:34:38: [FAdmin] prop_physics(models/props/de_nuke/handtruck.mdl) Got removed
L 01/19/2019 - 23:34:38: [FAdmin] prop_physics(models/props_c17/door01_left.mdl) Got removed
L 01/19/2019 - 23:34:38: [FAdmin] prop_physics(models/props_c17/door01_left.mdl) Got removed
L 01/19/2019 - 23:34:38: [FAdmin] prop_physics(models/props_junk/wood_crate001a_damaged.mdl) Got removed
L 01/19/2019 - 23:34:38: [FAdmin] prop_physics(models/props_junk/wood_crate001a_damaged.mdl) Got removed
L 01/19/2019 - 23:34:38: [FAdmin] prop_physics(models/props_junk/wood_crate001a_damaged.mdl) Got removed
L 01/19/2019 - 23:34:38: [FAdmin] prop_physics(models/props_junk/wood_crate001a_damaged.mdl) Got removed
L 01/19/2019 - 23:34:38: [FAdmin] prop_physics(models/props_junk/wood_crate001a_damaged.mdl) Got removed
L 01/19/2019 - 23:34:38: "eLeCtrOssSnake<3><STEAM_0:1:164666257><>" disconnected (reason "Server shutting down")
L 01/19/2019 - 23:34:38: "DidVaitel<2><STEAM_0:1:74202541><>" disconnected (reason "Server shutting down")
L 01/19/2019 - 23:34:38: server_message: "quit"
L 01/19/2019 - 23:34:39: Log file closed.
