L 01/11/2019 - 01:43:36: Log file started (file "logs\L0111001.log") (game "F:\sup\steamapps\common\GarrysModDS\garrysmod") (version "7334")
L 01/11/2019 - 01:43:36: server_cvar: "sv_alltalk" "3"
L 01/11/2019 - 01:43:36: server_cvar: "sv_allowcslua" "1"
L 01/11/2019 - 01:43:36: server_cvar: "sv_airaccelerate" "1000"
L 01/11/2019 - 01:43:36: server_cvar: "sv_alltalk" "0"
L 01/11/2019 - 01:43:38: Connection to Steam servers successful.
L 01/11/2019 - 01:43:38:    Public IP is 31.130.42.81.
L 01/11/2019 - 01:43:38: Assigned anonymous gameserver Steam ID [A-1:4172635139(11751)].
L 01/11/2019 - 01:43:39: VAC secure mode is activated.
L 01/11/2019 - 01:44:34: "DidVaitel<2><STEAM_0:1:74202541><>" connected, address "192.168.1.102:27006"
L 01/11/2019 - 01:44:35: "DidVaitel<2><STEAM_0:1:74202541><>" STEAM USERID validated
L 01/11/2019 - 01:44:44: [FAdmin] DidVaitel (STEAM_0:1:74202541) is Authed
L 01/11/2019 - 01:44:44: [FAdmin] DidVaitel (STEAM_0:1:74202541) Spawned for the first time
L 01/11/2019 - 01:44:44: [FAdmin] DidVaitel (STEAM_0:1:74202541) Spawned
L 01/11/2019 - 01:44:44: "DidVaitel<2><STEAM_0:1:74202541><>" entered the game
L 01/11/2019 - 01:44:44: [FAdmin] DidVaitel (STEAM_0:1:74202541) Attempted to pick up a keys
L 01/11/2019 - 01:44:44: [FAdmin] DidVaitel (STEAM_0:1:74202541) Attempted to pick up a weapon_physcannon
L 01/11/2019 - 01:44:44: [FAdmin] DidVaitel (STEAM_0:1:74202541) Attempted to pick up a gmod_camera
L 01/11/2019 - 01:44:44: [FAdmin] DidVaitel (STEAM_0:1:74202541) Attempted to pick up a gmod_tool
L 01/11/2019 - 01:44:44: [FAdmin] DidVaitel (STEAM_0:1:74202541) Attempted to pick up a pocket
L 01/11/2019 - 01:44:44: [FAdmin] DidVaitel (STEAM_0:1:74202541) Attempted to pick up a weapon_physgun
L 01/11/2019 - 01:44:44: [FAdmin] DidVaitel (STEAM_0:1:74202541) Attempted to pick up a weapon_keypadchecker
L 01/11/2019 - 01:44:44: [FAdmin] DidVaitel (STEAM_0:1:74202541) Attempted to pick up a door_ram
L 01/11/2019 - 01:44:44: [FAdmin] DidVaitel (STEAM_0:1:74202541) Attempted to pick up a arrest_stick
L 01/11/2019 - 01:44:44: [FAdmin] DidVaitel (STEAM_0:1:74202541) Attempted to pick up a unarrest_stick
L 01/11/2019 - 01:44:44: [FAdmin] DidVaitel (STEAM_0:1:74202541) Attempted to pick up a stunstick
L 01/11/2019 - 01:44:44: [FAdmin] DidVaitel (STEAM_0:1:74202541) Attempted to pick up a weaponchecker
L 01/11/2019 - 01:45:13: "DidVaitel<2><STEAM_0:1:74202541><Citizen>" say "/conquefef"

L 01/11/2019 - 01:45:17: "DidVaitel<2><STEAM_0:1:74202541><Citizen>" say "/conquestfef"

L 01/11/2019 - 01:45:40: [FAdmin] DidVaitel (STEAM_0:1:74202541) Attempted to switch noclip
L 01/11/2019 - 01:45:55: [FAdmin] DidVaitel (STEAM_0:1:74202541) Attempted to switch noclip
L 01/11/2019 - 01:45:55: [FAdmin] DidVaitel (STEAM_0:1:74202541) Attempted to switch noclip
L 01/11/2019 - 01:45:56: [FAdmin] DidVaitel (STEAM_0:1:74202541) Attempted to switch noclip
L 01/11/2019 - 01:46:00: "DidVaitel<2><STEAM_0:1:74202541><Citizen>" say "/conquestfef"

L 01/11/2019 - 01:46:14: "DidVaitel<2><STEAM_0:1:74202541><Citizen>" say "/conquestfef"

L 01/11/2019 - 01:48:46: [FAdmin] DidVaitel (STEAM_0:1:74202541) Attempted to switch noclip
L 01/11/2019 - 01:48:47: [FAdmin] DidVaitel (STEAM_0:1:74202541) Attempted to switch noclip
L 01/11/2019 - 01:52:28: [FAdmin] Server succesfully shut down.
L 01/11/2019 - 01:52:28: [FAdmin] prop_physics(models/props/de_nuke/handtruck.mdl) Got removed
L 01/11/2019 - 01:52:28: [FAdmin] prop_physics(models/props_c17/door01_left.mdl) Got removed
L 01/11/2019 - 01:52:28: [FAdmin] prop_physics(models/props_c17/door01_left.mdl) Got removed
L 01/11/2019 - 01:52:28: [FAdmin] prop_physics(models/props_c17/door01_left.mdl) Got removed
L 01/11/2019 - 01:52:28: [FAdmin] prop_physics(models/props_c17/door01_left.mdl) Got removed
L 01/11/2019 - 01:52:28: [FAdmin] prop_physics(models/props_c17/door01_left.mdl) Got removed
L 01/11/2019 - 01:52:28: [FAdmin] prop_physics(models/props_c17/door01_left.mdl) Got removed
L 01/11/2019 - 01:52:28: [FAdmin] prop_physics(models/props_junk/pushcart01a.mdl) Got removed
L 01/11/2019 - 01:52:28: [FAdmin] prop_physics(models/props/de_nuke/handtruck.mdl) Got removed
L 01/11/2019 - 01:52:28: [FAdmin] prop_physics(models/props_c17/door01_left.mdl) Got removed
L 01/11/2019 - 01:52:28: [FAdmin] prop_physics(models/props_c17/door01_left.mdl) Got removed
L 01/11/2019 - 01:52:28: [FAdmin] prop_physics(models/props_junk/wood_crate001a_damaged.mdl) Got removed
L 01/11/2019 - 01:52:28: [FAdmin] prop_physics(models/props_junk/wood_crate001a_damaged.mdl) Got removed
L 01/11/2019 - 01:52:28: [FAdmin] prop_physics(models/props_junk/wood_crate001a_damaged.mdl) Got removed
L 01/11/2019 - 01:52:28: [FAdmin] prop_physics(models/props_junk/wood_crate001a_damaged.mdl) Got removed
L 01/11/2019 - 01:52:28: [FAdmin] prop_physics(models/props_junk/wood_crate001a_damaged.mdl) Got removed
L 01/11/2019 - 01:52:28: "DidVaitel<2><STEAM_0:1:74202541><>" disconnected (reason "Server shutting down")
L 01/11/2019 - 01:52:28: server_message: "quit"
L 01/11/2019 - 01:52:28: Log file closed.
