L 01/17/2019 - 01:06:54: Log file started (file "logs\L0117003.log") (game "F:\sup\steamapps\common\GarrysModDS\garrysmod") (version "7334")
L 01/17/2019 - 01:06:54: server_cvar: "sv_alltalk" "3"
L 01/17/2019 - 01:06:54: server_cvar: "sv_allowcslua" "1"
L 01/17/2019 - 01:06:54: server_cvar: "sv_airaccelerate" "1000"
L 01/17/2019 - 01:06:54: server_cvar: "sv_alltalk" "0"
L 01/17/2019 - 01:06:55: Connection to Steam servers successful.
L 01/17/2019 - 01:06:55:    Public IP is 31.130.42.81.
L 01/17/2019 - 01:06:55: Assigned anonymous gameserver Steam ID [A-1:4056374279(11798)].
L 01/17/2019 - 01:06:56: VAC secure mode is activated.
L 01/17/2019 - 01:06:56: "Bot-Crash<2><STEAM_0:0:151607932><>" connected, address "192.168.1.103:27005"
L 01/17/2019 - 01:06:56: "Bot-Crash<2><STEAM_0:0:151607932><>" STEAM USERID validated
L 01/17/2019 - 01:07:05: [FAdmin] Bot-Crash (STEAM_0:0:151607932) is Authed
L 01/17/2019 - 01:07:05: [FAdmin] Bot-Crash (STEAM_0:0:151607932) Spawned for the first time
L 01/17/2019 - 01:07:05: [FAdmin] Bot-Crash (STEAM_0:0:151607932) Spawned
L 01/17/2019 - 01:07:05: "Bot-Crash<2><STEAM_0:0:151607932><>" entered the game
L 01/17/2019 - 01:07:05: [FAdmin] Bot-Crash (STEAM_0:0:151607932) Attempted to pick up a keys
L 01/17/2019 - 01:07:05: [FAdmin] Bot-Crash (STEAM_0:0:151607932) Attempted to pick up a weapon_physcannon
L 01/17/2019 - 01:07:05: [FAdmin] Bot-Crash (STEAM_0:0:151607932) Attempted to pick up a gmod_camera
L 01/17/2019 - 01:07:05: [FAdmin] Bot-Crash (STEAM_0:0:151607932) Attempted to pick up a gmod_tool
L 01/17/2019 - 01:07:05: [FAdmin] Bot-Crash (STEAM_0:0:151607932) Attempted to pick up a pocket
L 01/17/2019 - 01:07:05: [FAdmin] Bot-Crash (STEAM_0:0:151607932) Attempted to pick up a weapon_physgun
L 01/17/2019 - 01:08:26: [FAdmin] Bot-Crash (STEAM_0:0:151607932) Attempted to switch noclip
L 01/17/2019 - 01:08:28: [FAdmin] Bot-Crash (STEAM_0:0:151607932) changed from Citizen to Civil Protection
L 01/17/2019 - 01:08:28: [FAdmin] Bot-Crash (STEAM_0:0:151607932) Attempted to pick up a arrest_stick
L 01/17/2019 - 01:08:28: [FAdmin] Bot-Crash (STEAM_0:0:151607932) Attempted to pick up a unarrest_stick
L 01/17/2019 - 01:08:28: [FAdmin] Bot-Crash (STEAM_0:0:151607932) Attempted to pick up a weapon_glock2
L 01/17/2019 - 01:08:28: [FAdmin] Bot-Crash (STEAM_0:0:151607932) Attempted to pick up a stunstick
L 01/17/2019 - 01:08:28: [FAdmin] Bot-Crash (STEAM_0:0:151607932) Attempted to pick up a door_ram
L 01/17/2019 - 01:08:29: [FAdmin] Bot-Crash (STEAM_0:0:151607932) Attempted to pick up a weaponchecker
L 01/17/2019 - 01:08:29: [FAdmin] Bot-Crash (STEAM_0:0:151607932) Attempted to pick up a keys
L 01/17/2019 - 01:08:29: [FAdmin] Bot-Crash (STEAM_0:0:151607932) Attempted to pick up a weapon_physcannon
L 01/17/2019 - 01:08:29: [FAdmin] Bot-Crash (STEAM_0:0:151607932) Attempted to pick up a gmod_camera
L 01/17/2019 - 01:08:29: [FAdmin] Bot-Crash (STEAM_0:0:151607932) Attempted to pick up a gmod_tool
L 01/17/2019 - 01:08:29: [FAdmin] Bot-Crash (STEAM_0:0:151607932) Attempted to pick up a pocket
L 01/17/2019 - 01:08:29: [FAdmin] Bot-Crash (STEAM_0:0:151607932) Attempted to pick up a weapon_physgun
L 01/17/2019 - 01:14:19: [FAdmin] Bot-Crash (STEAM_0:0:151607932) changed from Civil Protection to Citizen
L 01/17/2019 - 01:14:19: [FAdmin] Bot-Crash (STEAM_0:0:151607932) Attempted to pick up a keys
L 01/17/2019 - 01:14:19: [FAdmin] Bot-Crash (STEAM_0:0:151607932) Attempted to pick up a weapon_physcannon
L 01/17/2019 - 01:14:19: [FAdmin] Bot-Crash (STEAM_0:0:151607932) Attempted to pick up a gmod_camera
L 01/17/2019 - 01:14:19: [FAdmin] Bot-Crash (STEAM_0:0:151607932) Attempted to pick up a gmod_tool
L 01/17/2019 - 01:14:19: [FAdmin] Bot-Crash (STEAM_0:0:151607932) Attempted to pick up a pocket
L 01/17/2019 - 01:14:19: [FAdmin] Bot-Crash (STEAM_0:0:151607932) Attempted to pick up a weapon_physgun
L 01/17/2019 - 01:14:30: [FAdmin] Bot-Crash (STEAM_0:0:151607932) changed from Citizen to Civil Protection
L 01/17/2019 - 01:14:30: [FAdmin] Bot-Crash (STEAM_0:0:151607932) Attempted to pick up a arrest_stick
L 01/17/2019 - 01:14:30: [FAdmin] Bot-Crash (STEAM_0:0:151607932) Attempted to pick up a unarrest_stick
L 01/17/2019 - 01:14:30: [FAdmin] Bot-Crash (STEAM_0:0:151607932) Attempted to pick up a weapon_glock2
L 01/17/2019 - 01:14:30: [FAdmin] Bot-Crash (STEAM_0:0:151607932) Attempted to pick up a stunstick
L 01/17/2019 - 01:14:30: [FAdmin] Bot-Crash (STEAM_0:0:151607932) Attempted to pick up a door_ram
L 01/17/2019 - 01:14:30: [FAdmin] Bot-Crash (STEAM_0:0:151607932) Attempted to pick up a weaponchecker
L 01/17/2019 - 01:14:30: [FAdmin] Bot-Crash (STEAM_0:0:151607932) Attempted to pick up a keys
L 01/17/2019 - 01:14:30: [FAdmin] Bot-Crash (STEAM_0:0:151607932) Attempted to pick up a weapon_physcannon
L 01/17/2019 - 01:14:30: [FAdmin] Bot-Crash (STEAM_0:0:151607932) Attempted to pick up a gmod_camera
L 01/17/2019 - 01:14:30: [FAdmin] Bot-Crash (STEAM_0:0:151607932) Attempted to pick up a gmod_tool
L 01/17/2019 - 01:14:30: [FAdmin] Bot-Crash (STEAM_0:0:151607932) Attempted to pick up a pocket
L 01/17/2019 - 01:14:30: [FAdmin] Bot-Crash (STEAM_0:0:151607932) Attempted to pick up a weapon_physgun
L 01/17/2019 - 01:14:30: Lua Error: 
[ERROR] conquest/lua/conquest/server/sv_points.lua:71: attempt to concatenate field 'owner' (a nil value)
  1. PointCapturedMessage - addons/[server]_conquest/lua/conquest/server/sv_points.lua:71
   2. unknown - addons/[server]_conquest/lua/conquest/server/sv_main.lua:155


L 01/17/2019 - 01:16:13: [FAdmin] Server succesfully shut down.
L 01/17/2019 - 01:16:13: [FAdmin] prop_physics(models/props/de_nuke/handtruck.mdl) Got removed
L 01/17/2019 - 01:16:13: [FAdmin] prop_physics(models/props_c17/door01_left.mdl) Got removed
L 01/17/2019 - 01:16:13: [FAdmin] prop_physics(models/props_c17/door01_left.mdl) Got removed
L 01/17/2019 - 01:16:13: [FAdmin] prop_physics(models/props_c17/door01_left.mdl) Got removed
L 01/17/2019 - 01:16:13: [FAdmin] prop_physics(models/props_c17/door01_left.mdl) Got removed
L 01/17/2019 - 01:16:13: [FAdmin] prop_physics(models/props_c17/door01_left.mdl) Got removed
L 01/17/2019 - 01:16:13: [FAdmin] prop_physics(models/props_c17/door01_left.mdl) Got removed
L 01/17/2019 - 01:16:13: [FAdmin] prop_physics(models/props_junk/pushcart01a.mdl) Got removed
L 01/17/2019 - 01:16:13: [FAdmin] prop_physics(models/props/de_nuke/handtruck.mdl) Got removed
L 01/17/2019 - 01:16:13: [FAdmin] prop_physics(models/props_c17/door01_left.mdl) Got removed
L 01/17/2019 - 01:16:13: [FAdmin] prop_physics(models/props_c17/door01_left.mdl) Got removed
L 01/17/2019 - 01:16:13: [FAdmin] prop_physics(models/props_junk/wood_crate001a_damaged.mdl) Got removed
L 01/17/2019 - 01:16:13: [FAdmin] prop_physics(models/props_junk/wood_crate001a_damaged.mdl) Got removed
L 01/17/2019 - 01:16:13: [FAdmin] prop_physics(models/props_junk/wood_crate001a_damaged.mdl) Got removed
L 01/17/2019 - 01:16:13: [FAdmin] prop_physics(models/props_junk/wood_crate001a_damaged.mdl) Got removed
L 01/17/2019 - 01:16:13: [FAdmin] prop_physics(models/props_junk/wood_crate001a_damaged.mdl) Got removed
L 01/17/2019 - 01:16:13: "Bot-Crash<2><STEAM_0:0:151607932><>" disconnected (reason "Server shutting down")
L 01/17/2019 - 01:16:13: server_message: "quit"
L 01/17/2019 - 01:16:13: Log file closed.
