L 01/18/2019 - 23:50:53: Log file started (file "logs\L0118014.log") (game "F:\sup\steamapps\common\GarrysModDS\garrysmod") (version "7334")
L 01/18/2019 - 23:50:53: server_cvar: "sv_alltalk" "3"
L 01/18/2019 - 23:50:54: Connection to Steam servers successful.
L 01/18/2019 - 23:50:54:    Public IP is 31.130.42.81.
L 01/18/2019 - 23:50:54: Assigned anonymous gameserver Steam ID [A-1:1487659019(11812)].
L 01/18/2019 - 23:50:54: VAC secure mode is activated.
L 01/18/2019 - 23:51:34: [FAdmin] Server succesfully shut down.
L 01/18/2019 - 23:51:34: [FAdmin] prop_physics(models/props/de_nuke/handtruck.mdl) Got removed
L 01/18/2019 - 23:51:34: [FAdmin] prop_physics(models/props_c17/door01_left.mdl) Got removed
L 01/18/2019 - 23:51:34: [FAdmin] prop_physics(models/props_c17/door01_left.mdl) Got removed
L 01/18/2019 - 23:51:34: [FAdmin] prop_physics(models/props_c17/door01_left.mdl) Got removed
L 01/18/2019 - 23:51:34: [FAdmin] prop_physics(models/props_c17/door01_left.mdl) Got removed
L 01/18/2019 - 23:51:34: [FAdmin] prop_physics(models/props_c17/door01_left.mdl) Got removed
L 01/18/2019 - 23:51:34: [FAdmin] prop_physics(models/props_c17/door01_left.mdl) Got removed
L 01/18/2019 - 23:51:34: [FAdmin] prop_physics(models/props_junk/pushcart01a.mdl) Got removed
L 01/18/2019 - 23:51:34: [FAdmin] prop_physics(models/props/de_nuke/handtruck.mdl) Got removed
L 01/18/2019 - 23:51:34: [FAdmin] prop_physics(models/props_c17/door01_left.mdl) Got removed
L 01/18/2019 - 23:51:34: [FAdmin] prop_physics(models/props_c17/door01_left.mdl) Got removed
L 01/18/2019 - 23:51:34: [FAdmin] prop_physics(models/props_junk/wood_crate001a_damaged.mdl) Got removed
L 01/18/2019 - 23:51:34: [FAdmin] prop_physics(models/props_junk/wood_crate001a_damaged.mdl) Got removed
L 01/18/2019 - 23:51:34: [FAdmin] prop_physics(models/props_junk/wood_crate001a_damaged.mdl) Got removed
L 01/18/2019 - 23:51:34: [FAdmin] prop_physics(models/props_junk/wood_crate001a_damaged.mdl) Got removed
L 01/18/2019 - 23:51:34: [FAdmin] prop_physics(models/props_junk/wood_crate001a_damaged.mdl) Got removed
L 01/18/2019 - 23:51:34: server_message: "quit"
L 01/18/2019 - 23:51:34: Log file closed.
