L 01/11/2019 - 00:01:00: Log file started (file "logs\L0111000.log") (game "F:\sup\steamapps\common\GarrysModDS\garrysmod") (version "7334")
L 01/11/2019 - 00:01:00: server_cvar: "sv_alltalk" "3"
L 01/11/2019 - 00:01:00: server_cvar: "sv_allowcslua" "1"
L 01/11/2019 - 00:01:00: server_cvar: "sv_airaccelerate" "1000"
L 01/11/2019 - 00:01:00: server_cvar: "sv_alltalk" "0"
L 01/11/2019 - 00:01:01: Connection to Steam servers successful.
L 01/11/2019 - 00:01:01:    Public IP is 31.130.42.81.
L 01/11/2019 - 00:01:01: Assigned anonymous gameserver Steam ID [A-1:3292235783(11751)].
L 01/11/2019 - 00:01:02: VAC secure mode is activated.
L 01/11/2019 - 00:01:06: "DidVaitel<2><STEAM_0:1:74202541><>" connected, address "192.168.1.102:27006"
L 01/11/2019 - 00:01:06: "DidVaitel<2><STEAM_0:1:74202541><>" STEAM USERID validated
L 01/11/2019 - 00:02:11: [FAdmin] DidVaitel (STEAM_0:1:74202541) is Authed
L 01/11/2019 - 00:02:11: [FAdmin] DidVaitel (STEAM_0:1:74202541) Spawned for the first time
L 01/11/2019 - 00:02:11: [FAdmin] DidVaitel (STEAM_0:1:74202541) Spawned
L 01/11/2019 - 00:02:11: "DidVaitel<2><STEAM_0:1:74202541><>" entered the game
L 01/11/2019 - 00:02:11: [FAdmin] DidVaitel (STEAM_0:1:74202541) Attempted to pick up a keys
L 01/11/2019 - 00:02:11: [FAdmin] DidVaitel (STEAM_0:1:74202541) Attempted to pick up a weapon_physcannon
L 01/11/2019 - 00:02:11: [FAdmin] DidVaitel (STEAM_0:1:74202541) Attempted to pick up a gmod_camera
L 01/11/2019 - 00:02:11: [FAdmin] DidVaitel (STEAM_0:1:74202541) Attempted to pick up a gmod_tool
L 01/11/2019 - 00:02:11: [FAdmin] DidVaitel (STEAM_0:1:74202541) Attempted to pick up a pocket
L 01/11/2019 - 00:02:11: [FAdmin] DidVaitel (STEAM_0:1:74202541) Attempted to pick up a weapon_physgun
L 01/11/2019 - 00:02:11: [FAdmin] DidVaitel (STEAM_0:1:74202541) Attempted to pick up a weapon_keypadchecker
L 01/11/2019 - 00:02:11: [FAdmin] DidVaitel (STEAM_0:1:74202541) Attempted to pick up a door_ram
L 01/11/2019 - 00:02:11: [FAdmin] DidVaitel (STEAM_0:1:74202541) Attempted to pick up a arrest_stick
L 01/11/2019 - 00:02:11: [FAdmin] DidVaitel (STEAM_0:1:74202541) Attempted to pick up a unarrest_stick
L 01/11/2019 - 00:02:11: [FAdmin] DidVaitel (STEAM_0:1:74202541) Attempted to pick up a stunstick
L 01/11/2019 - 00:02:11: [FAdmin] DidVaitel (STEAM_0:1:74202541) Attempted to pick up a weaponchecker
L 01/11/2019 - 00:02:45: [FAdmin] DidVaitel (STEAM_0:1:74202541) Attempted to switch noclip
L 01/11/2019 - 00:22:23: Lua Error: 
[ERROR] conquest/lua/conquest/server/sv_points.lua:93: '}' expected (to close '{' at line 81) near 'amountofrewardxp'
  1. unknown - addons/[server]_conquest/lua/conquest/server/sv_points.lua:0


L 01/11/2019 - 00:22:35: Lua Error: 
[ERROR] conquest/lua/conquest/server/sv_points.lua:93: '}' expected (to close '{' at line 81) near 'amountofrewardxp'
  1. unknown - addons/[server]_conquest/lua/conquest/server/sv_points.lua:0


L 01/11/2019 - 00:22:41: Lua Error: 
[ERROR] conquest/lua/conquest/server/sv_points.lua:93: '}' expected (to close '{' at line 81) near 'amountofrewardxp'
  1. unknown - addons/[server]_conquest/lua/conquest/server/sv_points.lua:0


L 01/11/2019 - 01:31:30: "DidVaitel<2><STEAM_0:1:74202541><Citizen>" say "/conquest"

L 01/11/2019 - 01:32:04: "DidVaitel<2><STEAM_0:1:74202541><Citizen>" say "/conquest"

L 01/11/2019 - 01:32:31: "DidVaitel<2><STEAM_0:1:74202541><Citizen>" say "/conquestfef"

L 01/11/2019 - 01:33:35: "DidVaitel<2><STEAM_0:1:74202541><Citizen>" say "/conquestfef"

L 01/11/2019 - 01:34:27: "DidVaitel<2><STEAM_0:1:74202541><Citizen>" say "/conquefef"

L 01/11/2019 - 01:34:29: "DidVaitel<2><STEAM_0:1:74202541><Citizen>" say "/conquestfef"

L 01/11/2019 - 01:35:05: "DidVaitel<2><STEAM_0:1:74202541><>" disconnected (reason "Disconnect by user.")
L 01/11/2019 - 01:35:05: [FAdmin] DidVaitel (STEAM_0:1:74202541) Disconnected
L 01/11/2019 - 01:35:05: "DidVaitel<3><STEAM_0:1:74202541><>" connected, address "192.168.1.102:27006"
L 01/11/2019 - 01:35:06: "DidVaitel<3><STEAM_0:1:74202541><>" STEAM USERID validated
L 01/11/2019 - 01:35:16: [FAdmin] DidVaitel (STEAM_0:1:74202541) is Authed
L 01/11/2019 - 01:35:16: [FAdmin] DidVaitel (STEAM_0:1:74202541) Spawned for the first time
L 01/11/2019 - 01:35:16: [FAdmin] DidVaitel (STEAM_0:1:74202541) Spawned
L 01/11/2019 - 01:35:16: "DidVaitel<3><STEAM_0:1:74202541><>" entered the game
L 01/11/2019 - 01:35:16: [FAdmin] DidVaitel (STEAM_0:1:74202541) Attempted to pick up a keys
L 01/11/2019 - 01:35:16: [FAdmin] DidVaitel (STEAM_0:1:74202541) Attempted to pick up a weapon_physcannon
L 01/11/2019 - 01:35:16: [FAdmin] DidVaitel (STEAM_0:1:74202541) Attempted to pick up a gmod_camera
L 01/11/2019 - 01:35:16: [FAdmin] DidVaitel (STEAM_0:1:74202541) Attempted to pick up a gmod_tool
L 01/11/2019 - 01:35:16: [FAdmin] DidVaitel (STEAM_0:1:74202541) Attempted to pick up a pocket
L 01/11/2019 - 01:35:16: [FAdmin] DidVaitel (STEAM_0:1:74202541) Attempted to pick up a weapon_physgun
L 01/11/2019 - 01:35:16: [FAdmin] DidVaitel (STEAM_0:1:74202541) Attempted to pick up a weapon_keypadchecker
L 01/11/2019 - 01:35:16: [FAdmin] DidVaitel (STEAM_0:1:74202541) Attempted to pick up a door_ram
L 01/11/2019 - 01:35:16: [FAdmin] DidVaitel (STEAM_0:1:74202541) Attempted to pick up a arrest_stick
L 01/11/2019 - 01:35:16: [FAdmin] DidVaitel (STEAM_0:1:74202541) Attempted to pick up a unarrest_stick
L 01/11/2019 - 01:35:16: [FAdmin] DidVaitel (STEAM_0:1:74202541) Attempted to pick up a stunstick
L 01/11/2019 - 01:35:16: [FAdmin] DidVaitel (STEAM_0:1:74202541) Attempted to pick up a weaponchecker
L 01/11/2019 - 01:36:56: "DidVaitel<3><STEAM_0:1:74202541><Citizen>" say "/conquestfef"

L 01/11/2019 - 01:38:57: "DidVaitel<3><STEAM_0:1:74202541><Citizen>" say "/conquestfef"

L 01/11/2019 - 01:42:52: Lua Error: 
[ERROR] conquest/lua/conquest/server/sv_main.lua:197: malformed number near '0..'
  1. unknown - addons/[server]_conquest/lua/conquest/server/sv_main.lua:0


L 01/11/2019 - 01:42:55: Lua Error: 
[ERROR] conquest/lua/conquest/server/sv_main.lua:197: malformed number near '0..'
  1. unknown - addons/[server]_conquest/lua/conquest/server/sv_main.lua:0


L 01/11/2019 - 01:42:56: Lua Error: 
[ERROR] conquest/lua/conquest/server/sv_main.lua:197: malformed number near '0..'
  1. unknown - addons/[server]_conquest/lua/conquest/server/sv_main.lua:0


L 01/11/2019 - 01:42:57: Lua Error: 
[ERROR] conquest/lua/conquest/server/sv_main.lua:197: malformed number near '0..'
  1. unknown - addons/[server]_conquest/lua/conquest/server/sv_main.lua:0


L 01/11/2019 - 01:43:09: [FAdmin] Server succesfully shut down.
L 01/11/2019 - 01:43:09: [FAdmin] prop_physics(models/props/de_nuke/handtruck.mdl) Got removed
L 01/11/2019 - 01:43:09: [FAdmin] prop_physics(models/props_c17/door01_left.mdl) Got removed
L 01/11/2019 - 01:43:09: [FAdmin] prop_physics(models/props_c17/door01_left.mdl) Got removed
L 01/11/2019 - 01:43:09: [FAdmin] prop_physics(models/props_c17/door01_left.mdl) Got removed
L 01/11/2019 - 01:43:09: [FAdmin] prop_physics(models/props_c17/door01_left.mdl) Got removed
L 01/11/2019 - 01:43:09: [FAdmin] prop_physics(models/props_c17/door01_left.mdl) Got removed
L 01/11/2019 - 01:43:09: [FAdmin] prop_physics(models/props_c17/door01_left.mdl) Got removed
L 01/11/2019 - 01:43:09: [FAdmin] prop_physics(models/props_junk/pushcart01a.mdl) Got removed
L 01/11/2019 - 01:43:09: [FAdmin] prop_physics(models/props/de_nuke/handtruck.mdl) Got removed
L 01/11/2019 - 01:43:09: [FAdmin] prop_physics(models/props_c17/door01_left.mdl) Got removed
L 01/11/2019 - 01:43:09: [FAdmin] prop_physics(models/props_c17/door01_left.mdl) Got removed
L 01/11/2019 - 01:43:09: [FAdmin] prop_physics(models/props_junk/wood_crate001a_damaged.mdl) Got removed
L 01/11/2019 - 01:43:09: [FAdmin] prop_physics(models/props_junk/wood_crate001a_damaged.mdl) Got removed
L 01/11/2019 - 01:43:09: [FAdmin] prop_physics(models/props_junk/wood_crate001a_damaged.mdl) Got removed
L 01/11/2019 - 01:43:09: [FAdmin] prop_physics(models/props_junk/wood_crate001a_damaged.mdl) Got removed
L 01/11/2019 - 01:43:09: [FAdmin] prop_physics(models/props_junk/wood_crate001a_damaged.mdl) Got removed
L 01/11/2019 - 01:43:10: "DidVaitel<3><STEAM_0:1:74202541><>" disconnected (reason "Server shutting down")
L 01/11/2019 - 01:43:10: server_message: "quit"
L 01/11/2019 - 01:43:10: Log file closed.
