L 01/19/2019 - 21:57:44: Log file started (file "logs\L0119004.log") (game "F:\sup\steamapps\common\GarrysModDS\garrysmod") (version "7334")
L 01/19/2019 - 21:57:44: server_cvar: "sv_alltalk" "3"
L 01/19/2019 - 21:57:44: server_cvar: "sv_allowcslua" "1"
L 01/19/2019 - 21:57:44: server_cvar: "sv_airaccelerate" "1000"
L 01/19/2019 - 21:57:44: server_cvar: "sv_alltalk" "0"
L 01/19/2019 - 21:57:44: Banid: "<><STEAM_0:0:432813650><>" was banned "permanently" by "Console"
L 01/19/2019 - 21:57:44: Banid: "<><STEAM_0:0:207758038><>" was banned "permanently" by "Console"
L 01/19/2019 - 21:57:44: Banid: "<><STEAM_0:0:432813650><>" was banned "permanently" by "Console"
L 01/19/2019 - 21:57:44: Banid: "<><STEAM_0:0:207758038><>" was banned "permanently" by "Console"
L 01/19/2019 - 21:57:45: Connection to Steam servers successful.
L 01/19/2019 - 21:57:45:    Public IP is 31.130.42.81.
L 01/19/2019 - 21:57:45: Assigned anonymous gameserver Steam ID [A-1:262251527(11819)].
L 01/19/2019 - 21:57:46: VAC secure mode is activated.
L 01/19/2019 - 21:57:47: "eLeCtrOssSnake<2><STEAM_0:1:164666257><>" connected, address "212.66.63.1:27005"
L 01/19/2019 - 21:57:47: "eLeCtrOssSnake<2><STEAM_0:1:164666257><>" STEAM USERID validated
L 01/19/2019 - 21:57:56: [FAdmin] eLeCtrOssSnake (STEAM_0:1:164666257) is Authed
L 01/19/2019 - 21:57:56: [FAdmin] eLeCtrOssSnake (STEAM_0:1:164666257) Spawned for the first time
L 01/19/2019 - 21:57:56: [FAdmin] eLeCtrOssSnake (STEAM_0:1:164666257) Spawned
L 01/19/2019 - 21:57:56: "eLeCtrOssSnake<2><STEAM_0:1:164666257><>" entered the game
L 01/19/2019 - 21:57:56: [FAdmin] eLeCtrOssSnake (STEAM_0:1:164666257) Attempted to pick up a keys
L 01/19/2019 - 21:57:56: [FAdmin] eLeCtrOssSnake (STEAM_0:1:164666257) Attempted to pick up a weapon_physcannon
L 01/19/2019 - 21:57:56: [FAdmin] eLeCtrOssSnake (STEAM_0:1:164666257) Attempted to pick up a gmod_camera
L 01/19/2019 - 21:57:56: [FAdmin] eLeCtrOssSnake (STEAM_0:1:164666257) Attempted to pick up a gmod_tool
L 01/19/2019 - 21:57:56: [FAdmin] eLeCtrOssSnake (STEAM_0:1:164666257) Attempted to pick up a pocket
L 01/19/2019 - 21:57:56: [FAdmin] eLeCtrOssSnake (STEAM_0:1:164666257) Attempted to pick up a weapon_physgun
L 01/19/2019 - 21:57:56: [FAdmin] eLeCtrOssSnake (STEAM_0:1:164666257) Attempted to pick up a weapon_keypadchecker
L 01/19/2019 - 21:57:56: [FAdmin] eLeCtrOssSnake (STEAM_0:1:164666257) Attempted to pick up a door_ram
L 01/19/2019 - 21:57:56: [FAdmin] eLeCtrOssSnake (STEAM_0:1:164666257) Attempted to pick up a arrest_stick
L 01/19/2019 - 21:57:56: [FAdmin] eLeCtrOssSnake (STEAM_0:1:164666257) Attempted to pick up a unarrest_stick
L 01/19/2019 - 21:57:56: [FAdmin] eLeCtrOssSnake (STEAM_0:1:164666257) Attempted to pick up a stunstick
L 01/19/2019 - 21:57:56: [FAdmin] eLeCtrOssSnake (STEAM_0:1:164666257) Attempted to pick up a weaponchecker
L 01/19/2019 - 21:58:08: [FAdmin] eLeCtrOssSnake (STEAM_0:1:164666257) Attempted to switch noclip
L 01/19/2019 - 21:58:10: [FAdmin] eLeCtrOssSnake (STEAM_0:1:164666257) Attempted to switch noclip
L 01/19/2019 - 21:58:27: "DidVaitel<3><STEAM_0:1:74202541><>" connected, address "192.168.1.103:27006"
L 01/19/2019 - 21:58:27: "DidVaitel<3><STEAM_0:1:74202541><>" STEAM USERID validated
L 01/19/2019 - 21:58:36: [FAdmin] DidVaitel (STEAM_0:1:74202541) is Authed
L 01/19/2019 - 21:58:36: [FAdmin] DidVaitel (STEAM_0:1:74202541) Spawned for the first time
L 01/19/2019 - 21:58:36: [FAdmin] DidVaitel (STEAM_0:1:74202541) Spawned
L 01/19/2019 - 21:58:36: "DidVaitel<3><STEAM_0:1:74202541><>" entered the game
L 01/19/2019 - 21:58:36: [FAdmin] DidVaitel (STEAM_0:1:74202541) Attempted to pick up a keys
L 01/19/2019 - 21:58:36: [FAdmin] DidVaitel (STEAM_0:1:74202541) Attempted to pick up a weapon_physcannon
L 01/19/2019 - 21:58:36: [FAdmin] DidVaitel (STEAM_0:1:74202541) Attempted to pick up a gmod_camera
L 01/19/2019 - 21:58:36: [FAdmin] DidVaitel (STEAM_0:1:74202541) Attempted to pick up a gmod_tool
L 01/19/2019 - 21:58:36: [FAdmin] DidVaitel (STEAM_0:1:74202541) Attempted to pick up a pocket
L 01/19/2019 - 21:58:36: [FAdmin] DidVaitel (STEAM_0:1:74202541) Attempted to pick up a weapon_physgun
L 01/19/2019 - 21:58:36: [FAdmin] DidVaitel (STEAM_0:1:74202541) Attempted to pick up a weapon_keypadchecker
L 01/19/2019 - 21:58:36: [FAdmin] DidVaitel (STEAM_0:1:74202541) Attempted to pick up a door_ram
L 01/19/2019 - 21:58:36: [FAdmin] DidVaitel (STEAM_0:1:74202541) Attempted to pick up a arrest_stick
L 01/19/2019 - 21:58:36: [FAdmin] DidVaitel (STEAM_0:1:74202541) Attempted to pick up a unarrest_stick
L 01/19/2019 - 21:58:36: [FAdmin] DidVaitel (STEAM_0:1:74202541) Attempted to pick up a stunstick
L 01/19/2019 - 21:58:36: [FAdmin] DidVaitel (STEAM_0:1:74202541) Attempted to pick up a weaponchecker
L 01/19/2019 - 22:04:29: [FAdmin] DidVaitel (STEAM_0:1:74202541) Attempted to switch noclip
L 01/19/2019 - 22:04:31: [FAdmin] DidVaitel (STEAM_0:1:74202541) Attempted to switch noclip
L 01/19/2019 - 22:04:37: "DidVaitel<3><STEAM_0:1:74202541><Citizen>" say "/points"

L 01/19/2019 - 22:04:45: [FAdmin] DidVaitel (STEAM_0:1:74202541) Attempted to switch noclip
L 01/19/2019 - 22:04:47: [FAdmin] DidVaitel (STEAM_0:1:74202541) Attempted to switch noclip
L 01/19/2019 - 22:04:49: [FAdmin] DidVaitel (STEAM_0:1:74202541) Attempted to switch noclip
L 01/19/2019 - 22:04:54: [FAdmin] DidVaitel (STEAM_0:1:74202541) Attempted to switch noclip
L 01/19/2019 - 22:04:58: [FAdmin] DidVaitel (STEAM_0:1:74202541) Attempted to switch noclip
L 01/19/2019 - 22:04:59: [FAdmin] DidVaitel (STEAM_0:1:74202541) Attempted to switch noclip
L 01/19/2019 - 22:21:52: "MrEnigma<4><STEAM_0:1:427111648><>" connected, address "87.228.78.19:27005"
L 01/19/2019 - 22:21:52: "MrEnigma<4><STEAM_0:1:427111648><>" STEAM USERID validated
L 01/19/2019 - 22:22:07: "MrEnigma<4><STEAM_0:1:427111648><>" disconnected (reason "Map is missing")
L 01/19/2019 - 22:23:40: [FAdmin] DidVaitel (STEAM_0:1:74202541) Spawned a duel_npc
L 01/19/2019 - 22:52:17: [FAdmin] Server succesfully shut down.
L 01/19/2019 - 22:52:17: [FAdmin] prop_physics(models/props/de_nuke/handtruck.mdl) Got removed
L 01/19/2019 - 22:52:17: [FAdmin] prop_physics(models/props_c17/door01_left.mdl) Got removed
L 01/19/2019 - 22:52:17: [FAdmin] prop_physics(models/props_c17/door01_left.mdl) Got removed
L 01/19/2019 - 22:52:17: [FAdmin] prop_physics(models/props_c17/door01_left.mdl) Got removed
L 01/19/2019 - 22:52:17: [FAdmin] prop_physics(models/props_c17/door01_left.mdl) Got removed
L 01/19/2019 - 22:52:17: [FAdmin] prop_physics(models/props_c17/door01_left.mdl) Got removed
L 01/19/2019 - 22:52:17: [FAdmin] prop_physics(models/props_c17/door01_left.mdl) Got removed
L 01/19/2019 - 22:52:17: [FAdmin] prop_physics(models/props_junk/pushcart01a.mdl) Got removed
L 01/19/2019 - 22:52:17: [FAdmin] prop_physics(models/props/de_nuke/handtruck.mdl) Got removed
L 01/19/2019 - 22:52:17: [FAdmin] prop_physics(models/props_c17/door01_left.mdl) Got removed
L 01/19/2019 - 22:52:17: [FAdmin] prop_physics(models/props_c17/door01_left.mdl) Got removed
L 01/19/2019 - 22:52:17: [FAdmin] prop_physics(models/props_junk/wood_crate001a_damaged.mdl) Got removed
L 01/19/2019 - 22:52:17: [FAdmin] prop_physics(models/props_junk/wood_crate001a_damaged.mdl) Got removed
L 01/19/2019 - 22:52:17: [FAdmin] prop_physics(models/props_junk/wood_crate001a_damaged.mdl) Got removed
L 01/19/2019 - 22:52:17: [FAdmin] prop_physics(models/props_junk/wood_crate001a_damaged.mdl) Got removed
L 01/19/2019 - 22:52:17: [FAdmin] prop_physics(models/props_junk/wood_crate001a_damaged.mdl) Got removed
L 01/19/2019 - 22:52:18: "DidVaitel<3><STEAM_0:1:74202541><>" disconnected (reason "Server shutting down")
L 01/19/2019 - 22:52:18: "eLeCtrOssSnake<2><STEAM_0:1:164666257><>" disconnected (reason "Server shutting down")
L 01/19/2019 - 22:52:18: server_message: "quit"
L 01/19/2019 - 22:52:18: Log file closed.
