L 01/20/2019 - 04:30:20: Log file started (file "logs\L0120019.log") (game "F:\sup\steamapps\common\GarrysModDS\garrysmod") (version "7334")
L 01/20/2019 - 04:30:20: server_cvar: "sv_alltalk" "3"
L 01/20/2019 - 04:30:20: server_cvar: "sv_allowcslua" "1"
L 01/20/2019 - 04:30:20: server_cvar: "sv_airaccelerate" "1000"
L 01/20/2019 - 04:30:20: server_cvar: "sv_alltalk" "0"
L 01/20/2019 - 04:30:20: Banid: "<><STEAM_0:0:432813650><>" was banned "permanently" by "Console"
L 01/20/2019 - 04:30:20: Banid: "<><STEAM_0:0:207758038><>" was banned "permanently" by "Console"
L 01/20/2019 - 04:30:20: Banid: "<><STEAM_0:0:432813650><>" was banned "permanently" by "Console"
L 01/20/2019 - 04:30:20: Banid: "<><STEAM_0:0:207758038><>" was banned "permanently" by "Console"
L 01/20/2019 - 04:30:21: Connection to Steam servers successful.
L 01/20/2019 - 04:30:21:    Public IP is 31.130.42.81.
L 01/20/2019 - 04:30:21: Assigned anonymous gameserver Steam ID [A-1:1228747787(11820)].
L 01/20/2019 - 04:30:21: VAC secure mode is activated.
L 01/20/2019 - 04:30:58: "DidVaitel<2><STEAM_0:1:74202541><>" connected, address "192.168.1.103:27006"
L 01/20/2019 - 04:30:58: "DidVaitel<2><STEAM_0:1:74202541><>" STEAM USERID validated
L 01/20/2019 - 04:31:07: [FAdmin] DidVaitel (STEAM_0:1:74202541) is Authed
L 01/20/2019 - 04:31:07: [FAdmin] DidVaitel (STEAM_0:1:74202541) Spawned for the first time
L 01/20/2019 - 04:31:07: [FAdmin] DidVaitel (STEAM_0:1:74202541) Spawned
L 01/20/2019 - 04:31:07: "DidVaitel<2><STEAM_0:1:74202541><>" entered the game
L 01/20/2019 - 04:31:07: [FAdmin] DidVaitel (STEAM_0:1:74202541) Attempted to pick up a keys
L 01/20/2019 - 04:31:07: [FAdmin] DidVaitel (STEAM_0:1:74202541) Attempted to pick up a weapon_physcannon
L 01/20/2019 - 04:31:07: [FAdmin] DidVaitel (STEAM_0:1:74202541) Attempted to pick up a gmod_camera
L 01/20/2019 - 04:31:07: [FAdmin] DidVaitel (STEAM_0:1:74202541) Attempted to pick up a gmod_tool
L 01/20/2019 - 04:31:07: [FAdmin] DidVaitel (STEAM_0:1:74202541) Attempted to pick up a pocket
L 01/20/2019 - 04:31:07: [FAdmin] DidVaitel (STEAM_0:1:74202541) Attempted to pick up a weapon_physgun
L 01/20/2019 - 04:31:07: [FAdmin] DidVaitel (STEAM_0:1:74202541) Attempted to pick up a weapon_keypadchecker
L 01/20/2019 - 04:31:07: [FAdmin] DidVaitel (STEAM_0:1:74202541) Attempted to pick up a door_ram
L 01/20/2019 - 04:31:07: [FAdmin] DidVaitel (STEAM_0:1:74202541) Attempted to pick up a arrest_stick
L 01/20/2019 - 04:31:07: [FAdmin] DidVaitel (STEAM_0:1:74202541) Attempted to pick up a unarrest_stick
L 01/20/2019 - 04:31:07: [FAdmin] DidVaitel (STEAM_0:1:74202541) Attempted to pick up a stunstick
L 01/20/2019 - 04:31:07: [FAdmin] DidVaitel (STEAM_0:1:74202541) Attempted to pick up a weaponchecker
L 01/20/2019 - 04:33:06: [FAdmin] DidVaitel (STEAM_0:1:74202541) Attempted to switch noclip
L 01/20/2019 - 04:33:06: [FAdmin] DidVaitel (STEAM_0:1:74202541) Attempted to switch noclip
L 01/20/2019 - 04:33:20: "DidVaitel<2><STEAM_0:1:74202541><Citizen>" say "/ebobo"

L 01/20/2019 - 04:33:44: [FAdmin] DidVaitel (STEAM_0:1:74202541) Attempted to switch noclip
L 01/20/2019 - 04:33:44: [FAdmin] DidVaitel (STEAM_0:1:74202541) Attempted to switch noclip
L 01/20/2019 - 04:33:45: [FAdmin] DidVaitel (STEAM_0:1:74202541) Attempted to switch noclip
L 01/20/2019 - 04:33:46: [FAdmin] DidVaitel (STEAM_0:1:74202541) Attempted to switch noclip
L 01/20/2019 - 04:33:48: Lua Error: 
[ERROR] conquest/lua/conquest/server/sv_main.lua:246: attempt to call method 'addXP' (a nil value)
  1. HoldTick - addons/[server]_conquest/lua/conquest/server/sv_main.lua:246
   2. unknown - addons/[server]_conquest/lua/conquest/server/sv_main.lua:203


L 01/20/2019 - 04:33:53: [FAdmin] DidVaitel (STEAM_0:1:74202541) Attempted to switch noclip
L 01/20/2019 - 04:33:54: [FAdmin] DidVaitel (STEAM_0:1:74202541) Attempted to switch noclip
L 01/20/2019 - 04:33:58: "DidVaitel<2><STEAM_0:1:74202541><Citizen>" say "/ebobo"

L 01/20/2019 - 04:34:11: Lua Error: 
[ERROR] conquest/lua/conquest/server/sv_main.lua:250: '=' expected near 'b'
  1. unknown - addons/[server]_conquest/lua/conquest/server/sv_main.lua:0


L 01/20/2019 - 04:34:34: Lua Error: 
[ERROR] conquest/lua/conquest/server/sv_main.lua:246: attempt to call method 'addXP' (a nil value)
  1. HoldTick - addons/[server]_conquest/lua/conquest/server/sv_main.lua:246
   2. unknown - addons/[server]_conquest/lua/conquest/server/sv_main.lua:203


L 01/20/2019 - 04:34:50: [FAdmin] DidVaitel (STEAM_0:1:74202541) Attempted to switch noclip
L 01/20/2019 - 04:34:51: [FAdmin] DidVaitel (STEAM_0:1:74202541) Attempted to switch noclip
L 01/20/2019 - 04:34:55: "DidVaitel<2><STEAM_0:1:74202541><Citizen>" say "/ebobo"

L 01/20/2019 - 04:35:04: [FAdmin] DidVaitel (STEAM_0:1:74202541) Attempted to switch noclip
L 01/20/2019 - 04:35:04: [FAdmin] DidVaitel (STEAM_0:1:74202541) Attempted to switch noclip
L 01/20/2019 - 04:35:07: "DidVaitel<2><STEAM_0:1:74202541><Citizen>" say "/conquest"

L 01/20/2019 - 04:35:09: [FAdmin] DidVaitel (STEAM_0:1:74202541) Attempted to switch noclip
L 01/20/2019 - 04:35:15: "DidVaitel<2><STEAM_0:1:74202541><Citizen>" say "/ebobo"

L 01/20/2019 - 04:35:19: [FAdmin] DidVaitel (STEAM_0:1:74202541) Attempted to switch noclip
L 01/20/2019 - 04:35:21: "DidVaitel<2><STEAM_0:1:74202541><Citizen>" say "/conquest"

L 01/20/2019 - 04:35:23: "DidVaitel<2><STEAM_0:1:74202541><Citizen>" say "/ebobo"

L 01/20/2019 - 04:35:34: Lua Error: 
[ERROR] conquest/lua/conquest/server/sv_main.lua:246: attempt to call method 'addXP' (a nil value)
  1. HoldTick - addons/[server]_conquest/lua/conquest/server/sv_main.lua:246
   2. unknown - addons/[server]_conquest/lua/conquest/server/sv_main.lua:203


L 01/20/2019 - 04:41:01: "DidVaitel<2><STEAM_0:1:74202541><>" disconnected (reason "Disconnect by user.")
L 01/20/2019 - 04:41:01: [FAdmin] DidVaitel (STEAM_0:1:74202541) Disconnected
L 01/20/2019 - 04:41:02: "DidVaitel<3><STEAM_0:1:74202541><>" connected, address "192.168.1.103:27006"
L 01/20/2019 - 04:41:02: "DidVaitel<3><STEAM_0:1:74202541><>" STEAM USERID validated
L 01/20/2019 - 04:41:11: [FAdmin] DidVaitel (STEAM_0:1:74202541) is Authed
L 01/20/2019 - 04:41:11: [FAdmin] DidVaitel (STEAM_0:1:74202541) Spawned for the first time
L 01/20/2019 - 04:41:11: [FAdmin] DidVaitel (STEAM_0:1:74202541) Spawned
L 01/20/2019 - 04:41:11: "DidVaitel<3><STEAM_0:1:74202541><>" entered the game
L 01/20/2019 - 04:41:11: [FAdmin] DidVaitel (STEAM_0:1:74202541) Attempted to pick up a keys
L 01/20/2019 - 04:41:11: [FAdmin] DidVaitel (STEAM_0:1:74202541) Attempted to pick up a weapon_physcannon
L 01/20/2019 - 04:41:11: [FAdmin] DidVaitel (STEAM_0:1:74202541) Attempted to pick up a gmod_camera
L 01/20/2019 - 04:41:11: [FAdmin] DidVaitel (STEAM_0:1:74202541) Attempted to pick up a gmod_tool
L 01/20/2019 - 04:41:11: [FAdmin] DidVaitel (STEAM_0:1:74202541) Attempted to pick up a pocket
L 01/20/2019 - 04:41:11: [FAdmin] DidVaitel (STEAM_0:1:74202541) Attempted to pick up a weapon_physgun
L 01/20/2019 - 04:41:11: [FAdmin] DidVaitel (STEAM_0:1:74202541) Attempted to pick up a weapon_keypadchecker
L 01/20/2019 - 04:41:11: [FAdmin] DidVaitel (STEAM_0:1:74202541) Attempted to pick up a door_ram
L 01/20/2019 - 04:41:11: [FAdmin] DidVaitel (STEAM_0:1:74202541) Attempted to pick up a arrest_stick
L 01/20/2019 - 04:41:11: [FAdmin] DidVaitel (STEAM_0:1:74202541) Attempted to pick up a unarrest_stick
L 01/20/2019 - 04:41:11: [FAdmin] DidVaitel (STEAM_0:1:74202541) Attempted to pick up a stunstick
L 01/20/2019 - 04:41:11: [FAdmin] DidVaitel (STEAM_0:1:74202541) Attempted to pick up a weaponchecker
L 01/20/2019 - 04:41:27: "DidVaitel<3><STEAM_0:1:74202541><>" disconnected (reason "Disconnect by user.")
L 01/20/2019 - 04:41:27: [FAdmin] DidVaitel (STEAM_0:1:74202541) Disconnected
L 01/20/2019 - 04:53:37: "DidVaitel<4><STEAM_0:1:74202541><>" connected, address "192.168.1.103:27006"
L 01/20/2019 - 04:53:37: "DidVaitel<4><STEAM_0:1:74202541><>" STEAM USERID validated
L 01/20/2019 - 04:54:11: [FAdmin] DidVaitel (STEAM_0:1:74202541) is Authed
L 01/20/2019 - 04:54:11: [FAdmin] DidVaitel (STEAM_0:1:74202541) Spawned for the first time
L 01/20/2019 - 04:54:11: [FAdmin] DidVaitel (STEAM_0:1:74202541) Spawned
L 01/20/2019 - 04:54:11: "DidVaitel<4><STEAM_0:1:74202541><>" entered the game
L 01/20/2019 - 04:54:11: [FAdmin] DidVaitel (STEAM_0:1:74202541) Attempted to pick up a keys
L 01/20/2019 - 04:54:11: [FAdmin] DidVaitel (STEAM_0:1:74202541) Attempted to pick up a weapon_physcannon
L 01/20/2019 - 04:54:11: [FAdmin] DidVaitel (STEAM_0:1:74202541) Attempted to pick up a gmod_camera
L 01/20/2019 - 04:54:11: [FAdmin] DidVaitel (STEAM_0:1:74202541) Attempted to pick up a gmod_tool
L 01/20/2019 - 04:54:11: [FAdmin] DidVaitel (STEAM_0:1:74202541) Attempted to pick up a pocket
L 01/20/2019 - 04:54:11: [FAdmin] DidVaitel (STEAM_0:1:74202541) Attempted to pick up a weapon_physgun
L 01/20/2019 - 04:54:11: [FAdmin] DidVaitel (STEAM_0:1:74202541) Attempted to pick up a weapon_keypadchecker
L 01/20/2019 - 04:54:11: [FAdmin] DidVaitel (STEAM_0:1:74202541) Attempted to pick up a door_ram
L 01/20/2019 - 04:54:11: [FAdmin] DidVaitel (STEAM_0:1:74202541) Attempted to pick up a arrest_stick
L 01/20/2019 - 04:54:11: [FAdmin] DidVaitel (STEAM_0:1:74202541) Attempted to pick up a unarrest_stick
L 01/20/2019 - 04:54:11: [FAdmin] DidVaitel (STEAM_0:1:74202541) Attempted to pick up a stunstick
L 01/20/2019 - 04:54:11: [FAdmin] DidVaitel (STEAM_0:1:74202541) Attempted to pick up a weaponchecker
L 01/20/2019 - 04:57:46: "[Corvezeo]<5><STEAM_0:1:146477524><>" connected, address "104.194.218.220:27005"
L 01/20/2019 - 04:57:46: "[Corvezeo]<5><STEAM_0:1:146477524><>" STEAM USERID validated
L 01/20/2019 - 04:58:14: "[Corvezeo]<5><STEAM_0:1:146477524><>" disconnected (reason "Map is missing")
L 01/20/2019 - 04:58:31: [FAdmin] Server succesfully shut down.
L 01/20/2019 - 04:58:31: [FAdmin] prop_physics(models/props/de_nuke/handtruck.mdl) Got removed
L 01/20/2019 - 04:58:31: [FAdmin] prop_physics(models/props_c17/door01_left.mdl) Got removed
L 01/20/2019 - 04:58:31: [FAdmin] prop_physics(models/props_c17/door01_left.mdl) Got removed
L 01/20/2019 - 04:58:31: [FAdmin] prop_physics(models/props_c17/door01_left.mdl) Got removed
L 01/20/2019 - 04:58:31: [FAdmin] prop_physics(models/props_c17/door01_left.mdl) Got removed
L 01/20/2019 - 04:58:31: [FAdmin] prop_physics(models/props_c17/door01_left.mdl) Got removed
L 01/20/2019 - 04:58:31: [FAdmin] prop_physics(models/props_c17/door01_left.mdl) Got removed
L 01/20/2019 - 04:58:31: [FAdmin] prop_physics(models/props_junk/pushcart01a.mdl) Got removed
L 01/20/2019 - 04:58:31: [FAdmin] prop_physics(models/props/de_nuke/handtruck.mdl) Got removed
L 01/20/2019 - 04:58:31: [FAdmin] prop_physics(models/props_c17/door01_left.mdl) Got removed
L 01/20/2019 - 04:58:31: [FAdmin] prop_physics(models/props_c17/door01_left.mdl) Got removed
L 01/20/2019 - 04:58:31: [FAdmin] prop_physics(models/props_junk/wood_crate001a_damaged.mdl) Got removed
L 01/20/2019 - 04:58:31: [FAdmin] prop_physics(models/props_junk/wood_crate001a_damaged.mdl) Got removed
L 01/20/2019 - 04:58:31: [FAdmin] prop_physics(models/props_junk/wood_crate001a_damaged.mdl) Got removed
L 01/20/2019 - 04:58:31: [FAdmin] prop_physics(models/props_junk/wood_crate001a_damaged.mdl) Got removed
L 01/20/2019 - 04:58:31: [FAdmin] prop_physics(models/props_junk/wood_crate001a_damaged.mdl) Got removed
L 01/20/2019 - 04:58:31: "DidVaitel<4><STEAM_0:1:74202541><>" disconnected (reason "Server shutting down")
L 01/20/2019 - 04:58:31: server_message: "quit"
L 01/20/2019 - 04:58:31: Log file closed.
