L 01/20/2019 - 18:17:37: Log file started (file "logs\L0120033.log") (game "F:\sup\steamapps\common\GarrysModDS\garrysmod") (version "7334")
L 01/20/2019 - 18:17:37: server_cvar: "sv_alltalk" "3"
L 01/20/2019 - 18:17:37: server_cvar: "sv_allowcslua" "1"
L 01/20/2019 - 18:17:37: server_cvar: "sv_airaccelerate" "1000"
L 01/20/2019 - 18:17:37: server_cvar: "sv_alltalk" "0"
L 01/20/2019 - 18:17:37: Banid: "<><STEAM_0:0:432813650><>" was banned "permanently" by "Console"
L 01/20/2019 - 18:17:37: Banid: "<><STEAM_0:0:207758038><>" was banned "permanently" by "Console"
L 01/20/2019 - 18:17:37: Banid: "<><STEAM_0:0:432813650><>" was banned "permanently" by "Console"
L 01/20/2019 - 18:17:37: Banid: "<><STEAM_0:0:207758038><>" was banned "permanently" by "Console"
L 01/20/2019 - 18:17:39: Connection to Steam servers successful.
L 01/20/2019 - 18:17:39:    Public IP is 31.130.42.81.
L 01/20/2019 - 18:17:39: Assigned anonymous gameserver Steam ID [A-1:562812935(11827)].
L 01/20/2019 - 18:17:39: VAC secure mode is activated.
L 01/20/2019 - 18:17:46: "DidVaitel<2><STEAM_0:1:74202541><>" connected, address "192.168.1.103:27006"
L 01/20/2019 - 18:17:46: "DidVaitel<2><STEAM_0:1:74202541><>" disconnected (reason "Disconnect by user.")
L 01/20/2019 - 18:17:48: "DidVaitel<3><STEAM_0:1:74202541><>" connected, address "192.168.1.103:27006"
L 01/20/2019 - 18:17:48: "DidVaitel<3><STEAM_0:1:74202541><>" STEAM USERID validated
L 01/20/2019 - 18:17:49: "DidVaitel<3><STEAM_0:1:74202541><>" disconnected (reason "Disconnect by user.")
L 01/20/2019 - 18:17:53: "DidVaitel<4><STEAM_0:1:74202541><>" connected, address "192.168.1.103:27006"
L 01/20/2019 - 18:17:53: "DidVaitel<4><STEAM_0:1:74202541><>" STEAM USERID validated
L 01/20/2019 - 18:18:08: [FAdmin] DidVaitel (STEAM_0:1:74202541) is Authed
L 01/20/2019 - 18:18:08: [FAdmin] DidVaitel (STEAM_0:1:74202541) Spawned for the first time
L 01/20/2019 - 18:18:08: [FAdmin] DidVaitel (STEAM_0:1:74202541) Spawned
L 01/20/2019 - 18:18:08: "DidVaitel<4><STEAM_0:1:74202541><>" entered the game
L 01/20/2019 - 18:18:08: [FAdmin] DidVaitel (STEAM_0:1:74202541) Attempted to pick up a keys
L 01/20/2019 - 18:18:08: [FAdmin] DidVaitel (STEAM_0:1:74202541) Attempted to pick up a weapon_physcannon
L 01/20/2019 - 18:18:08: [FAdmin] DidVaitel (STEAM_0:1:74202541) Attempted to pick up a gmod_camera
L 01/20/2019 - 18:18:08: [FAdmin] DidVaitel (STEAM_0:1:74202541) Attempted to pick up a gmod_tool
L 01/20/2019 - 18:18:08: [FAdmin] DidVaitel (STEAM_0:1:74202541) Attempted to pick up a pocket
L 01/20/2019 - 18:18:08: [FAdmin] DidVaitel (STEAM_0:1:74202541) Attempted to pick up a weapon_physgun
L 01/20/2019 - 18:18:08: [FAdmin] DidVaitel (STEAM_0:1:74202541) Attempted to pick up a weapon_keypadchecker
L 01/20/2019 - 18:18:08: [FAdmin] DidVaitel (STEAM_0:1:74202541) Attempted to pick up a door_ram
L 01/20/2019 - 18:18:08: [FAdmin] DidVaitel (STEAM_0:1:74202541) Attempted to pick up a arrest_stick
L 01/20/2019 - 18:18:08: [FAdmin] DidVaitel (STEAM_0:1:74202541) Attempted to pick up a unarrest_stick
L 01/20/2019 - 18:18:08: [FAdmin] DidVaitel (STEAM_0:1:74202541) Attempted to pick up a stunstick
L 01/20/2019 - 18:18:08: [FAdmin] DidVaitel (STEAM_0:1:74202541) Attempted to pick up a weaponchecker
L 01/20/2019 - 18:21:01: "DidVaitel<4><STEAM_0:1:74202541><>" disconnected (reason "Disconnect by user.")
L 01/20/2019 - 18:21:01: [FAdmin] DidVaitel (STEAM_0:1:74202541) Disconnected
L 01/20/2019 - 18:21:01: "DidVaitel<5><STEAM_0:1:74202541><>" connected, address "192.168.1.103:27006"
L 01/20/2019 - 18:21:02: "DidVaitel<5><STEAM_0:1:74202541><>" STEAM USERID validated
L 01/20/2019 - 18:21:11: [FAdmin] DidVaitel (STEAM_0:1:74202541) is Authed
L 01/20/2019 - 18:21:11: [FAdmin] DidVaitel (STEAM_0:1:74202541) Spawned for the first time
L 01/20/2019 - 18:21:11: [FAdmin] DidVaitel (STEAM_0:1:74202541) Spawned
L 01/20/2019 - 18:21:11: "DidVaitel<5><STEAM_0:1:74202541><>" entered the game
L 01/20/2019 - 18:21:11: [FAdmin] DidVaitel (STEAM_0:1:74202541) Attempted to pick up a keys
L 01/20/2019 - 18:21:11: [FAdmin] DidVaitel (STEAM_0:1:74202541) Attempted to pick up a weapon_physcannon
L 01/20/2019 - 18:21:11: [FAdmin] DidVaitel (STEAM_0:1:74202541) Attempted to pick up a gmod_camera
L 01/20/2019 - 18:21:11: [FAdmin] DidVaitel (STEAM_0:1:74202541) Attempted to pick up a gmod_tool
L 01/20/2019 - 18:21:11: [FAdmin] DidVaitel (STEAM_0:1:74202541) Attempted to pick up a pocket
L 01/20/2019 - 18:21:11: [FAdmin] DidVaitel (STEAM_0:1:74202541) Attempted to pick up a weapon_physgun
L 01/20/2019 - 18:21:11: [FAdmin] DidVaitel (STEAM_0:1:74202541) Attempted to pick up a weapon_keypadchecker
L 01/20/2019 - 18:21:11: [FAdmin] DidVaitel (STEAM_0:1:74202541) Attempted to pick up a door_ram
L 01/20/2019 - 18:21:11: [FAdmin] DidVaitel (STEAM_0:1:74202541) Attempted to pick up a arrest_stick
L 01/20/2019 - 18:21:11: [FAdmin] DidVaitel (STEAM_0:1:74202541) Attempted to pick up a unarrest_stick
L 01/20/2019 - 18:21:11: [FAdmin] DidVaitel (STEAM_0:1:74202541) Attempted to pick up a stunstick
L 01/20/2019 - 18:21:11: [FAdmin] DidVaitel (STEAM_0:1:74202541) Attempted to pick up a weaponchecker
L 01/20/2019 - 18:21:23: [FAdmin] Server succesfully shut down.
L 01/20/2019 - 18:21:23: [FAdmin] prop_physics(models/maxofs2d/companion_doll.mdl) Got removed
L 01/20/2019 - 18:21:23: [FAdmin] prop_physics(models/props_c17/furnituretable003a.mdl) Got removed
L 01/20/2019 - 18:21:23: [FAdmin] prop_physics(models/props_c17/furniturecouch002a.mdl) Got removed
L 01/20/2019 - 18:21:23: [FAdmin] prop_physics(models/props_c17/furniturecouch001a.mdl) Got removed
L 01/20/2019 - 18:21:23: "DidVaitel<5><STEAM_0:1:74202541><>" disconnected (reason "Server shutting down")
L 01/20/2019 - 18:21:23: server_message: "quit"
L 01/20/2019 - 18:21:24: Log file closed.
