L 01/23/2019 - 02:04:01: Log file started (file "logs\L0123017.log") (game "F:\sup\steamapps\common\GarrysModDS\garrysmod") (version "7334")
L 01/23/2019 - 02:04:01: server_cvar: "sv_alltalk" "3"
L 01/23/2019 - 02:04:01: Banid: "<><STEAM_0:0:432813650><>" was banned "permanently" by "Console"
L 01/23/2019 - 02:04:01: Banid: "<><STEAM_0:0:207758038><>" was banned "permanently" by "Console"
L 01/23/2019 - 02:04:01: Banid: "<><STEAM_0:0:432813650><>" was banned "permanently" by "Console"
L 01/23/2019 - 02:04:01: Banid: "<><STEAM_0:0:207758038><>" was banned "permanently" by "Console"
L 01/23/2019 - 02:04:31: Connection to Steam servers successful.
L 01/23/2019 - 02:04:31:    Public IP is 31.130.42.81.
L 01/23/2019 - 02:04:31: Assigned anonymous gameserver Steam ID [A-1:2004241415(11841)].
L 01/23/2019 - 02:04:31: VAC secure mode is activated.
L 01/23/2019 - 02:04:31: Lua Error: 
[ERROR] icefuse-permapropper/lua/weapons/gmod_tool/stools/permaprops.lua:41: '}' expected (to close '{' at line 39) near 'fov'
  1. unknown - addons/[server]_icefuse-permapropper/lua/weapons/gmod_tool/stools/permaprops.lua:0


L 01/23/2019 - 02:04:31: "DidVaitel<2><STEAM_0:1:74202541><>" connected, address "192.168.1.103:27006"
L 01/23/2019 - 02:04:31: server_cvar: "sv_allowcslua" "1"
L 01/23/2019 - 02:04:31: server_cvar: "sv_airaccelerate" "1000"
L 01/23/2019 - 02:04:31: server_cvar: "sv_alltalk" "0"
L 01/23/2019 - 02:04:32: "DidVaitel<2><STEAM_0:1:74202541><>" STEAM USERID validated
L 01/23/2019 - 02:04:36: Lua Error: 
[ERROR] icefuse-permapropper/lua/permapropper/sv_lib.lua:37: attempt to index field 'lamp' (a nil value)
  1. ReloadPermaProps - addons/[server]_icefuse-permapropper/lua/permapropper/sv_lib.lua:37
   2. unknown - addons/[server]_icefuse-permapropper/lua/permapropper/sv_lib.lua:80


L 01/23/2019 - 02:04:36: Lua Error: 
[ERROR] icefuse-permapropper/lua/permapropper/sv_lib.lua:37: attempt to index field 'lamp' (a nil value)
  1. ReloadPermaProps - addons/[server]_icefuse-permapropper/lua/permapropper/sv_lib.lua:37
   2. unknown - addons/[server]_icefuse-permapropper/lua/permapropper/sv_lib.lua:79


L 01/23/2019 - 02:04:37: "supergaming rafael<3><STEAM_0:0:179718445><>" connected, address "2.83.36.238:64437"
L 01/23/2019 - 02:04:38: "supergaming rafael<3><STEAM_0:0:179718445><>" STEAM USERID validated
L 01/23/2019 - 02:04:41: [FAdmin] DidVaitel (STEAM_0:1:74202541) is Authed
L 01/23/2019 - 02:04:42: [FAdmin] DidVaitel (STEAM_0:1:74202541) Spawned for the first time
L 01/23/2019 - 02:04:42: [FAdmin] DidVaitel (STEAM_0:1:74202541) Spawned
L 01/23/2019 - 02:04:42: "DidVaitel<2><STEAM_0:1:74202541><>" entered the game
L 01/23/2019 - 02:04:42: [FAdmin] DidVaitel (STEAM_0:1:74202541) Attempted to pick up a keys
L 01/23/2019 - 02:04:42: [FAdmin] DidVaitel (STEAM_0:1:74202541) Attempted to pick up a weapon_physcannon
L 01/23/2019 - 02:04:42: [FAdmin] DidVaitel (STEAM_0:1:74202541) Attempted to pick up a gmod_camera
L 01/23/2019 - 02:04:42: [FAdmin] DidVaitel (STEAM_0:1:74202541) Attempted to pick up a gmod_tool
L 01/23/2019 - 02:04:42: [FAdmin] DidVaitel (STEAM_0:1:74202541) Attempted to pick up a pocket
L 01/23/2019 - 02:04:42: [FAdmin] DidVaitel (STEAM_0:1:74202541) Attempted to pick up a weapon_physgun
L 01/23/2019 - 02:04:42: [FAdmin] DidVaitel (STEAM_0:1:74202541) Attempted to pick up a weapon_keypadchecker
L 01/23/2019 - 02:04:42: [FAdmin] DidVaitel (STEAM_0:1:74202541) Attempted to pick up a door_ram
L 01/23/2019 - 02:04:42: [FAdmin] DidVaitel (STEAM_0:1:74202541) Attempted to pick up a arrest_stick
L 01/23/2019 - 02:04:42: [FAdmin] DidVaitel (STEAM_0:1:74202541) Attempted to pick up a unarrest_stick
L 01/23/2019 - 02:04:42: [FAdmin] DidVaitel (STEAM_0:1:74202541) Attempted to pick up a stunstick
L 01/23/2019 - 02:04:42: [FAdmin] DidVaitel (STEAM_0:1:74202541) Attempted to pick up a weaponchecker
L 01/23/2019 - 02:04:53: [FAdmin] Server succesfully shut down.
L 01/23/2019 - 02:04:53: [FAdmin] prop_physics(models/maxofs2d/companion_doll.mdl) Got removed
L 01/23/2019 - 02:04:53: [FAdmin] prop_physics(models/props_c17/furnituretable003a.mdl) Got removed
L 01/23/2019 - 02:04:53: [FAdmin] prop_physics(models/props_c17/furniturecouch002a.mdl) Got removed
L 01/23/2019 - 02:04:53: [FAdmin] prop_physics(models/props_c17/furniturecouch001a.mdl) Got removed
L 01/23/2019 - 02:04:53: "supergaming rafael<3><STEAM_0:0:179718445><>" disconnected (reason "Server shutting down")
L 01/23/2019 - 02:04:53: "DidVaitel<2><STEAM_0:1:74202541><>" disconnected (reason "Server shutting down")
L 01/23/2019 - 02:04:54: server_message: "quit"
L 01/23/2019 - 02:04:54: Log file closed.
