L 01/23/2019 - 02:05:30: Log file started (file "logs\L0123019.log") (game "F:\sup\steamapps\common\GarrysModDS\garrysmod") (version "7334")
L 01/23/2019 - 02:05:30: server_cvar: "sv_alltalk" "3"
L 01/23/2019 - 02:05:30: Banid: "<><STEAM_0:0:432813650><>" was banned "permanently" by "Console"
L 01/23/2019 - 02:05:30: Banid: "<><STEAM_0:0:207758038><>" was banned "permanently" by "Console"
L 01/23/2019 - 02:05:30: Banid: "<><STEAM_0:0:432813650><>" was banned "permanently" by "Console"
L 01/23/2019 - 02:05:30: Banid: "<><STEAM_0:0:207758038><>" was banned "permanently" by "Console"
L 01/23/2019 - 02:05:31: Connection to Steam servers successful.
L 01/23/2019 - 02:05:31:    Public IP is 31.130.42.81.
L 01/23/2019 - 02:05:31: Assigned anonymous gameserver Steam ID [A-1:2004988931(11841)].
L 01/23/2019 - 02:05:31: VAC secure mode is activated.
L 01/23/2019 - 02:06:33: "DidVaitel<2><STEAM_0:1:74202541><>" connected, address "192.168.1.103:27006"
L 01/23/2019 - 02:06:33: server_cvar: "sv_allowcslua" "1"
L 01/23/2019 - 02:06:33: server_cvar: "sv_airaccelerate" "1000"
L 01/23/2019 - 02:06:33: server_cvar: "sv_alltalk" "0"
L 01/23/2019 - 02:06:34: "DidVaitel<2><STEAM_0:1:74202541><>" STEAM USERID validated
L 01/23/2019 - 02:06:39: Lua Error: 
[ERROR] icefuse-permapropper/lua/permapropper/sv_lib.lua:24: bad argument #1 to 'JSONToTable' (string expected, got no value)
  1. JSONToTable - [C]:-1
   2. ReloadPermaProps - addons/[server]_icefuse-permapropper/lua/permapropper/sv_lib.lua:24
    3. unknown - addons/[server]_icefuse-permapropper/lua/permapropper/sv_lib.lua:79


L 01/23/2019 - 02:06:45: [FAdmin] DidVaitel (STEAM_0:1:74202541) is Authed
L 01/23/2019 - 02:06:45: [FAdmin] DidVaitel (STEAM_0:1:74202541) Spawned for the first time
L 01/23/2019 - 02:06:45: [FAdmin] DidVaitel (STEAM_0:1:74202541) Spawned
L 01/23/2019 - 02:06:45: "DidVaitel<2><STEAM_0:1:74202541><>" entered the game
L 01/23/2019 - 02:06:45: [FAdmin] DidVaitel (STEAM_0:1:74202541) Attempted to pick up a keys
L 01/23/2019 - 02:06:45: [FAdmin] DidVaitel (STEAM_0:1:74202541) Attempted to pick up a weapon_physcannon
L 01/23/2019 - 02:06:45: [FAdmin] DidVaitel (STEAM_0:1:74202541) Attempted to pick up a gmod_camera
L 01/23/2019 - 02:06:45: [FAdmin] DidVaitel (STEAM_0:1:74202541) Attempted to pick up a gmod_tool
L 01/23/2019 - 02:06:45: [FAdmin] DidVaitel (STEAM_0:1:74202541) Attempted to pick up a pocket
L 01/23/2019 - 02:06:45: [FAdmin] DidVaitel (STEAM_0:1:74202541) Attempted to pick up a weapon_physgun
L 01/23/2019 - 02:06:45: [FAdmin] DidVaitel (STEAM_0:1:74202541) Attempted to pick up a weapon_keypadchecker
L 01/23/2019 - 02:06:45: [FAdmin] DidVaitel (STEAM_0:1:74202541) Attempted to pick up a door_ram
L 01/23/2019 - 02:06:45: [FAdmin] DidVaitel (STEAM_0:1:74202541) Attempted to pick up a arrest_stick
L 01/23/2019 - 02:06:45: [FAdmin] DidVaitel (STEAM_0:1:74202541) Attempted to pick up a unarrest_stick
L 01/23/2019 - 02:06:45: [FAdmin] DidVaitel (STEAM_0:1:74202541) Attempted to pick up a stunstick
L 01/23/2019 - 02:06:45: [FAdmin] DidVaitel (STEAM_0:1:74202541) Attempted to pick up a weaponchecker
L 01/23/2019 - 02:06:56: [FAdmin] DidVaitel (STEAM_0:1:74202541) Attempted to switch noclip
L 01/23/2019 - 02:06:58: [FAdmin] DidVaitel (STEAM_0:1:74202541) Attempted to switch noclip
L 01/23/2019 - 02:07:01: [FAdmin] DidVaitel (STEAM_0:1:74202541) Attempted to use tool lamp
L 01/23/2019 - 02:07:02: [FAdmin] DidVaitel (STEAM_0:1:74202541) Attempted to use tool lamp
L 01/23/2019 - 02:07:07: server_cvar: "sbox_maxlamps" "10"
L 01/23/2019 - 02:07:09: [FAdmin] DidVaitel (STEAM_0:1:74202541) Attempted to use tool lamp
L 01/23/2019 - 02:07:11: [FAdmin] DidVaitel (STEAM_0:1:74202541) Attempted to use tool permaprops
L 01/23/2019 - 02:07:15: [FAdmin] Server succesfully shut down.
L 01/23/2019 - 02:07:15: [FAdmin] prop_physics(models/maxofs2d/companion_doll.mdl) Got removed
L 01/23/2019 - 02:07:15: [FAdmin] prop_physics(models/props_c17/furnituretable003a.mdl) Got removed
L 01/23/2019 - 02:07:15: [FAdmin] prop_physics(models/props_c17/furniturecouch002a.mdl) Got removed
L 01/23/2019 - 02:07:15: [FAdmin] prop_physics(models/props_c17/furniturecouch001a.mdl) Got removed
L 01/23/2019 - 02:07:15: "DidVaitel<2><STEAM_0:1:74202541><>" disconnected (reason "Server shutting down")
L 01/23/2019 - 02:07:15: server_message: "quit"
L 01/23/2019 - 02:07:15: Log file closed.
