L 01/20/2019 - 00:14:05: Log file started (file "logs\L0120004.log") (game "F:\sup\steamapps\common\GarrysModDS\garrysmod") (version "7334")
L 01/20/2019 - 00:14:05: server_cvar: "sv_alltalk" "3"
L 01/20/2019 - 00:14:05: server_cvar: "sv_allowcslua" "1"
L 01/20/2019 - 00:14:05: server_cvar: "sv_airaccelerate" "1000"
L 01/20/2019 - 00:14:05: server_cvar: "sv_alltalk" "0"
L 01/20/2019 - 00:14:05: Banid: "<><STEAM_0:0:432813650><>" was banned "permanently" by "Console"
L 01/20/2019 - 00:14:05: Banid: "<><STEAM_0:0:207758038><>" was banned "permanently" by "Console"
L 01/20/2019 - 00:14:05: Banid: "<><STEAM_0:0:432813650><>" was banned "permanently" by "Console"
L 01/20/2019 - 00:14:05: Banid: "<><STEAM_0:0:207758038><>" was banned "permanently" by "Console"
L 01/20/2019 - 00:14:05: "eLeCtrOssSnake<2><STEAM_0:1:164666257><>" connected, address "212.66.63.1:27005"
L 01/20/2019 - 00:14:06: Connection to Steam servers successful.
L 01/20/2019 - 00:14:06:    Public IP is 31.130.42.81.
L 01/20/2019 - 00:14:06: Assigned anonymous gameserver Steam ID [A-1:2710528007(11819)].
L 01/20/2019 - 00:14:06: VAC secure mode is activated.
L 01/20/2019 - 00:14:06: "eLeCtrOssSnake<2><STEAM_0:1:164666257><>" STEAM USERID validated
L 01/20/2019 - 00:14:07: "DidVaitel<3><STEAM_0:1:74202541><>" connected, address "192.168.1.103:27006"
L 01/20/2019 - 00:14:08: "DidVaitel<3><STEAM_0:1:74202541><>" STEAM USERID validated
L 01/20/2019 - 00:14:14: [FAdmin] eLeCtrOssSnake (STEAM_0:1:164666257) is Authed
L 01/20/2019 - 00:14:14: [FAdmin] eLeCtrOssSnake (STEAM_0:1:164666257) Spawned for the first time
L 01/20/2019 - 00:14:14: [FAdmin] eLeCtrOssSnake (STEAM_0:1:164666257) Spawned
L 01/20/2019 - 00:14:14: "eLeCtrOssSnake<2><STEAM_0:1:164666257><>" entered the game
L 01/20/2019 - 00:14:14: [FAdmin] eLeCtrOssSnake (STEAM_0:1:164666257) Attempted to pick up a keys
L 01/20/2019 - 00:14:14: [FAdmin] eLeCtrOssSnake (STEAM_0:1:164666257) Attempted to pick up a weapon_physcannon
L 01/20/2019 - 00:14:14: [FAdmin] eLeCtrOssSnake (STEAM_0:1:164666257) Attempted to pick up a gmod_camera
L 01/20/2019 - 00:14:14: [FAdmin] eLeCtrOssSnake (STEAM_0:1:164666257) Attempted to pick up a gmod_tool
L 01/20/2019 - 00:14:14: [FAdmin] eLeCtrOssSnake (STEAM_0:1:164666257) Attempted to pick up a pocket
L 01/20/2019 - 00:14:14: [FAdmin] eLeCtrOssSnake (STEAM_0:1:164666257) Attempted to pick up a weapon_physgun
L 01/20/2019 - 00:14:14: [FAdmin] eLeCtrOssSnake (STEAM_0:1:164666257) Attempted to pick up a weapon_keypadchecker
L 01/20/2019 - 00:14:14: [FAdmin] eLeCtrOssSnake (STEAM_0:1:164666257) Attempted to pick up a door_ram
L 01/20/2019 - 00:14:14: [FAdmin] eLeCtrOssSnake (STEAM_0:1:164666257) Attempted to pick up a arrest_stick
L 01/20/2019 - 00:14:14: [FAdmin] eLeCtrOssSnake (STEAM_0:1:164666257) Attempted to pick up a unarrest_stick
L 01/20/2019 - 00:14:14: [FAdmin] eLeCtrOssSnake (STEAM_0:1:164666257) Attempted to pick up a stunstick
L 01/20/2019 - 00:14:14: [FAdmin] eLeCtrOssSnake (STEAM_0:1:164666257) Attempted to pick up a weaponchecker
L 01/20/2019 - 00:14:17: [FAdmin] DidVaitel (STEAM_0:1:74202541) is Authed
L 01/20/2019 - 00:14:17: [FAdmin] DidVaitel (STEAM_0:1:74202541) Spawned for the first time
L 01/20/2019 - 00:14:17: [FAdmin] DidVaitel (STEAM_0:1:74202541) Spawned
L 01/20/2019 - 00:14:17: "DidVaitel<3><STEAM_0:1:74202541><>" entered the game
L 01/20/2019 - 00:14:17: [FAdmin] DidVaitel (STEAM_0:1:74202541) Attempted to pick up a keys
L 01/20/2019 - 00:14:17: [FAdmin] DidVaitel (STEAM_0:1:74202541) Attempted to pick up a weapon_physcannon
L 01/20/2019 - 00:14:17: [FAdmin] DidVaitel (STEAM_0:1:74202541) Attempted to pick up a gmod_camera
L 01/20/2019 - 00:14:17: [FAdmin] DidVaitel (STEAM_0:1:74202541) Attempted to pick up a gmod_tool
L 01/20/2019 - 00:14:17: [FAdmin] DidVaitel (STEAM_0:1:74202541) Attempted to pick up a pocket
L 01/20/2019 - 00:14:17: [FAdmin] DidVaitel (STEAM_0:1:74202541) Attempted to pick up a weapon_physgun
L 01/20/2019 - 00:14:17: [FAdmin] DidVaitel (STEAM_0:1:74202541) Attempted to pick up a weapon_keypadchecker
L 01/20/2019 - 00:14:17: [FAdmin] DidVaitel (STEAM_0:1:74202541) Attempted to pick up a door_ram
L 01/20/2019 - 00:14:17: [FAdmin] DidVaitel (STEAM_0:1:74202541) Attempted to pick up a arrest_stick
L 01/20/2019 - 00:14:17: [FAdmin] DidVaitel (STEAM_0:1:74202541) Attempted to pick up a unarrest_stick
L 01/20/2019 - 00:14:17: [FAdmin] DidVaitel (STEAM_0:1:74202541) Attempted to pick up a stunstick
L 01/20/2019 - 00:14:17: [FAdmin] DidVaitel (STEAM_0:1:74202541) Attempted to pick up a weaponchecker
L 01/20/2019 - 00:14:24: [FAdmin] eLeCtrOssSnake (STEAM_0:1:164666257) Spawned a models/props_lab/blastdoor001c.mdl
L 01/20/2019 - 00:14:24: [FAdmin] eLeCtrOssSnake (STEAM_0:1:164666257) Spawned a models/props_lab/blastdoor001c.mdl
L 01/20/2019 - 00:14:24: [FAdmin] eLeCtrOssSnake (STEAM_0:1:164666257) Spawned a models/props_lab/blastdoor001c.mdl
L 01/20/2019 - 00:14:24: [FAdmin] eLeCtrOssSnake (STEAM_0:1:164666257) Spawned a models/props_lab/blastdoor001c.mdl
L 01/20/2019 - 00:14:25: [FAdmin] eLeCtrOssSnake (STEAM_0:1:164666257) Spawned a models/props_lab/blastdoor001c.mdl
L 01/20/2019 - 00:14:25: [FAdmin] eLeCtrOssSnake (STEAM_0:1:164666257) Spawned a models/props_lab/blastdoor001c.mdl
L 01/20/2019 - 00:14:25: [FAdmin] eLeCtrOssSnake (STEAM_0:1:164666257) Spawned a models/props_lab/blastdoor001c.mdl
L 01/20/2019 - 00:14:25: [FAdmin] eLeCtrOssSnake (STEAM_0:1:164666257) Spawned a models/props_lab/blastdoor001c.mdl
L 01/20/2019 - 00:14:26: [FAdmin] eLeCtrOssSnake (STEAM_0:1:164666257) Spawned a models/props_lab/blastdoor001c.mdl
L 01/20/2019 - 00:14:26: [FAdmin] eLeCtrOssSnake (STEAM_0:1:164666257) Spawned a models/props_lab/blastdoor001c.mdl
L 01/20/2019 - 00:14:26: [FAdmin] eLeCtrOssSnake (STEAM_0:1:164666257) Spawned a models/props_lab/blastdoor001c.mdl
L 01/20/2019 - 00:14:26: [FAdmin] eLeCtrOssSnake (STEAM_0:1:164666257) Spawned a models/props_lab/blastdoor001c.mdl
L 01/20/2019 - 00:14:26: [FAdmin] eLeCtrOssSnake (STEAM_0:1:164666257) Spawned a models/props_lab/blastdoor001c.mdl
L 01/20/2019 - 00:14:27: [FAdmin] eLeCtrOssSnake (STEAM_0:1:164666257) Spawned a models/props_lab/blastdoor001c.mdl
L 01/20/2019 - 00:14:27: [FAdmin] prop_physics(models/props_lab/blastdoor001c.mdl) Got removed
L 01/20/2019 - 00:14:27: [FAdmin] eLeCtrOssSnake (STEAM_0:1:164666257) Spawned a models/props_lab/blastdoor001c.mdl
L 01/20/2019 - 00:14:27: [FAdmin] prop_physics(models/props_lab/blastdoor001c.mdl) Got removed
L 01/20/2019 - 00:14:27: [FAdmin] eLeCtrOssSnake (STEAM_0:1:164666257) Spawned a models/props_lab/blastdoor001c.mdl
L 01/20/2019 - 00:14:27: [FAdmin] prop_physics(models/props_lab/blastdoor001c.mdl) Got removed
L 01/20/2019 - 00:14:27: [FAdmin] eLeCtrOssSnake (STEAM_0:1:164666257) Spawned a models/props_lab/blastdoor001c.mdl
L 01/20/2019 - 00:14:27: [FAdmin] prop_physics(models/props_lab/blastdoor001c.mdl) Got removed
L 01/20/2019 - 00:14:28: [FAdmin] DidVaitel (STEAM_0:1:74202541) Attempted to switch noclip
L 01/20/2019 - 00:14:30: [FAdmin] DidVaitel (STEAM_0:1:74202541) Spawned a duel_npc
L 01/20/2019 - 00:14:35: [FAdmin] DidVaitel (STEAM_0:1:74202541) Attempted to switch noclip
L 01/20/2019 - 00:14:37: Lua Error: 
[ERROR] addons/gduels-system/lua/gduel/core/sv_functions.lua:123: attempt to index global 'ply1' (a nil value)
  1. func - addons/gduels-system/lua/gduel/core/sv_functions.lua:123
   2. unknown - lua/includes/extensions/net.lua:32


L 01/20/2019 - 00:14:43: [FAdmin] eLeCtrOssSnake (STEAM_0:1:164666257) Attempted to switch noclip
L 01/20/2019 - 00:14:45: [FAdmin] eLeCtrOssSnake (STEAM_0:1:164666257) Attempted to switch noclip
L 01/20/2019 - 00:14:55: [FAdmin] Server succesfully shut down.
L 01/20/2019 - 00:14:55: [FAdmin] prop_physics(models/props/de_nuke/handtruck.mdl) Got removed
L 01/20/2019 - 00:14:55: [FAdmin] prop_physics(models/props_c17/door01_left.mdl) Got removed
L 01/20/2019 - 00:14:55: [FAdmin] prop_physics(models/props_c17/door01_left.mdl) Got removed
L 01/20/2019 - 00:14:55: [FAdmin] prop_physics(models/props_c17/door01_left.mdl) Got removed
L 01/20/2019 - 00:14:55: [FAdmin] prop_physics(models/props_c17/door01_left.mdl) Got removed
L 01/20/2019 - 00:14:55: [FAdmin] prop_physics(models/props_c17/door01_left.mdl) Got removed
L 01/20/2019 - 00:14:55: [FAdmin] prop_physics(models/props_c17/door01_left.mdl) Got removed
L 01/20/2019 - 00:14:55: [FAdmin] prop_physics(models/props_junk/pushcart01a.mdl) Got removed
L 01/20/2019 - 00:14:55: [FAdmin] prop_physics(models/props/de_nuke/handtruck.mdl) Got removed
L 01/20/2019 - 00:14:55: [FAdmin] prop_physics(models/props_c17/door01_left.mdl) Got removed
L 01/20/2019 - 00:14:55: [FAdmin] prop_physics(models/props_c17/door01_left.mdl) Got removed
L 01/20/2019 - 00:14:55: [FAdmin] prop_physics(models/props_junk/wood_crate001a_damaged.mdl) Got removed
L 01/20/2019 - 00:14:55: [FAdmin] prop_physics(models/props_junk/wood_crate001a_damaged.mdl) Got removed
L 01/20/2019 - 00:14:55: [FAdmin] prop_physics(models/props_junk/wood_crate001a_damaged.mdl) Got removed
L 01/20/2019 - 00:14:55: [FAdmin] prop_physics(models/props_junk/wood_crate001a_damaged.mdl) Got removed
L 01/20/2019 - 00:14:55: [FAdmin] prop_physics(models/props_junk/wood_crate001a_damaged.mdl) Got removed
L 01/20/2019 - 00:14:55: [FAdmin] prop_physics(models/props_lab/blastdoor001c.mdl) Got removed
L 01/20/2019 - 00:14:55: [FAdmin] prop_physics(models/props_lab/blastdoor001c.mdl) Got removed
L 01/20/2019 - 00:14:55: [FAdmin] prop_physics(models/props_lab/blastdoor001c.mdl) Got removed
L 01/20/2019 - 00:14:55: [FAdmin] prop_physics(models/props_lab/blastdoor001c.mdl) Got removed
L 01/20/2019 - 00:14:55: [FAdmin] prop_physics(models/props_lab/blastdoor001c.mdl) Got removed
L 01/20/2019 - 00:14:55: [FAdmin] prop_physics(models/props_lab/blastdoor001c.mdl) Got removed
L 01/20/2019 - 00:14:55: [FAdmin] prop_physics(models/props_lab/blastdoor001c.mdl) Got removed
L 01/20/2019 - 00:14:55: [FAdmin] prop_physics(models/props_lab/blastdoor001c.mdl) Got removed
L 01/20/2019 - 00:14:55: [FAdmin] prop_physics(models/props_lab/blastdoor001c.mdl) Got removed
L 01/20/2019 - 00:14:55: [FAdmin] prop_physics(models/props_lab/blastdoor001c.mdl) Got removed
L 01/20/2019 - 00:14:55: [FAdmin] prop_physics(models/props_lab/blastdoor001c.mdl) Got removed
L 01/20/2019 - 00:14:55: [FAdmin] prop_physics(models/props_lab/blastdoor001c.mdl) Got removed
L 01/20/2019 - 00:14:55: [FAdmin] prop_physics(models/props_lab/blastdoor001c.mdl) Got removed
L 01/20/2019 - 00:14:55: "DidVaitel<3><STEAM_0:1:74202541><>" disconnected (reason "Server shutting down")
L 01/20/2019 - 00:14:55: "eLeCtrOssSnake<2><STEAM_0:1:164666257><>" disconnected (reason "Server shutting down")
L 01/20/2019 - 00:14:55: server_message: "quit"
L 01/20/2019 - 00:14:55: Log file closed.
