L 01/29/2019 - 21:48:41: Log file started (file "logs\L0129002.log") (game "F:\sup\steamapps\common\GarrysModDS\garrysmod") (version "7334")
L 01/29/2019 - 21:48:41: server_cvar: "sv_alltalk" "3"
L 01/29/2019 - 21:48:41: server_cvar: "sv_allowcslua" "1"
L 01/29/2019 - 21:48:41: server_cvar: "sv_airaccelerate" "1000"
L 01/29/2019 - 21:48:41: server_cvar: "sv_alltalk" "0"
L 01/29/2019 - 21:48:41: Banid: "<><STEAM_0:0:432813650><>" was banned "permanently" by "Console"
L 01/29/2019 - 21:48:41: Banid: "<><STEAM_0:0:207758038><>" was banned "permanently" by "Console"
L 01/29/2019 - 21:48:41: Banid: "<><STEAM_0:0:432813650><>" was banned "permanently" by "Console"
L 01/29/2019 - 21:48:41: Banid: "<><STEAM_0:0:207758038><>" was banned "permanently" by "Console"
L 01/29/2019 - 21:48:42: Connection to Steam servers successful.
L 01/29/2019 - 21:48:42:    Public IP is 31.130.42.81.
L 01/29/2019 - 21:48:42: Assigned anonymous gameserver Steam ID [A-1:1972212743(11892)].
L 01/29/2019 - 21:48:43: VAC secure mode is activated.
L 01/29/2019 - 21:48:49: "DidVaitel<2><STEAM_0:1:74202541><>" connected, address "192.168.1.102:27006"
L 01/29/2019 - 21:48:49: "DidVaitel<2><STEAM_0:1:74202541><>" STEAM USERID validated
L 01/29/2019 - 21:48:59: [FAdmin] DidVaitel (STEAM_0:1:74202541) is Authed
L 01/29/2019 - 21:48:59: [FAdmin] DidVaitel (STEAM_0:1:74202541) Spawned for the first time
L 01/29/2019 - 21:48:59: [FAdmin] DidVaitel (STEAM_0:1:74202541) Spawned
L 01/29/2019 - 21:48:59: "DidVaitel<2><STEAM_0:1:74202541><>" entered the game
L 01/29/2019 - 21:48:59: [FAdmin] DidVaitel (STEAM_0:1:74202541) Attempted to pick up a keys
L 01/29/2019 - 21:48:59: [FAdmin] DidVaitel (STEAM_0:1:74202541) Attempted to pick up a weapon_physcannon
L 01/29/2019 - 21:48:59: [FAdmin] DidVaitel (STEAM_0:1:74202541) Attempted to pick up a gmod_camera
L 01/29/2019 - 21:48:59: [FAdmin] DidVaitel (STEAM_0:1:74202541) Attempted to pick up a gmod_tool
L 01/29/2019 - 21:48:59: [FAdmin] DidVaitel (STEAM_0:1:74202541) Attempted to pick up a pocket
L 01/29/2019 - 21:48:59: [FAdmin] DidVaitel (STEAM_0:1:74202541) Attempted to pick up a weapon_physgun
L 01/29/2019 - 21:48:59: [FAdmin] DidVaitel (STEAM_0:1:74202541) Attempted to pick up a weapon_keypadchecker
L 01/29/2019 - 21:48:59: [FAdmin] DidVaitel (STEAM_0:1:74202541) Attempted to pick up a door_ram
L 01/29/2019 - 21:48:59: [FAdmin] DidVaitel (STEAM_0:1:74202541) Attempted to pick up a arrest_stick
L 01/29/2019 - 21:48:59: [FAdmin] DidVaitel (STEAM_0:1:74202541) Attempted to pick up a unarrest_stick
L 01/29/2019 - 21:48:59: [FAdmin] DidVaitel (STEAM_0:1:74202541) Attempted to pick up a stunstick
L 01/29/2019 - 21:48:59: [FAdmin] DidVaitel (STEAM_0:1:74202541) Attempted to pick up a weaponchecker
L 01/29/2019 - 21:49:32: "eLeCtrOssSnake<3><STEAM_0:1:164666257><>" connected, address "212.66.63.67:27005"
L 01/29/2019 - 21:49:32: "eLeCtrOssSnake<3><STEAM_0:1:164666257><>" STEAM USERID validated
L 01/29/2019 - 21:49:47: [FAdmin] eLeCtrOssSnake (STEAM_0:1:164666257) is Authed
L 01/29/2019 - 21:49:47: [FAdmin] eLeCtrOssSnake (STEAM_0:1:164666257) Spawned for the first time
L 01/29/2019 - 21:49:47: [FAdmin] eLeCtrOssSnake (STEAM_0:1:164666257) Spawned
L 01/29/2019 - 21:49:47: "eLeCtrOssSnake<3><STEAM_0:1:164666257><>" entered the game
L 01/29/2019 - 21:49:47: [FAdmin] eLeCtrOssSnake (STEAM_0:1:164666257) Attempted to pick up a keys
L 01/29/2019 - 21:49:47: [FAdmin] eLeCtrOssSnake (STEAM_0:1:164666257) Attempted to pick up a weapon_physcannon
L 01/29/2019 - 21:49:47: [FAdmin] eLeCtrOssSnake (STEAM_0:1:164666257) Attempted to pick up a gmod_camera
L 01/29/2019 - 21:49:47: [FAdmin] eLeCtrOssSnake (STEAM_0:1:164666257) Attempted to pick up a gmod_tool
L 01/29/2019 - 21:49:47: [FAdmin] eLeCtrOssSnake (STEAM_0:1:164666257) Attempted to pick up a pocket
L 01/29/2019 - 21:49:47: [FAdmin] eLeCtrOssSnake (STEAM_0:1:164666257) Attempted to pick up a weapon_physgun
L 01/29/2019 - 21:50:04: [FAdmin] eLeCtrOssSnake (STEAM_0:1:164666257) Spawned a models/props_lab/blastdoor001c.mdl
L 01/29/2019 - 21:50:16: Lua Error: 
[ERROR] addons/simple_discord_relay/lua/autorun/server/sv_discord_relay.lua:150: attempt to call method 'Nick' (a nil value)
  1. fn - addons/simple_discord_relay/lua/autorun/server/sv_discord_relay.lua:150
   2. unknown - addons/ulxulib/lua/ulib/shared/hook.lua:109


L 01/29/2019 - 21:50:56: "eLeCtrOssSnake<3><STEAM_0:1:164666257><>" disconnected (reason "Disconnect by user.")
L 01/29/2019 - 21:50:56: [FAdmin] eLeCtrOssSnake (STEAM_0:1:164666257) Disconnected
L 01/29/2019 - 21:51:15: [FAdmin] DidVaitel (STEAM_0:1:74202541) Spawned
L 01/29/2019 - 21:51:15: [FAdmin] DidVaitel (STEAM_0:1:74202541) Attempted to pick up a keys
L 01/29/2019 - 21:51:15: [FAdmin] DidVaitel (STEAM_0:1:74202541) Attempted to pick up a weapon_physcannon
L 01/29/2019 - 21:51:15: [FAdmin] DidVaitel (STEAM_0:1:74202541) Attempted to pick up a gmod_camera
L 01/29/2019 - 21:51:15: [FAdmin] DidVaitel (STEAM_0:1:74202541) Attempted to pick up a gmod_tool
L 01/29/2019 - 21:51:15: [FAdmin] DidVaitel (STEAM_0:1:74202541) Attempted to pick up a pocket
L 01/29/2019 - 21:51:15: [FAdmin] DidVaitel (STEAM_0:1:74202541) Attempted to pick up a weapon_physgun
L 01/29/2019 - 21:51:15: [FAdmin] DidVaitel (STEAM_0:1:74202541) Attempted to pick up a weapon_keypadchecker
L 01/29/2019 - 21:51:15: [FAdmin] DidVaitel (STEAM_0:1:74202541) Attempted to pick up a door_ram
L 01/29/2019 - 21:51:15: [FAdmin] DidVaitel (STEAM_0:1:74202541) Attempted to pick up a arrest_stick
L 01/29/2019 - 21:51:15: [FAdmin] DidVaitel (STEAM_0:1:74202541) Attempted to pick up a unarrest_stick
L 01/29/2019 - 21:51:15: [FAdmin] DidVaitel (STEAM_0:1:74202541) Attempted to pick up a stunstick
L 01/29/2019 - 21:51:15: [FAdmin] DidVaitel (STEAM_0:1:74202541) Attempted to pick up a weaponchecker
L 01/29/2019 - 21:51:24: "eLeCtrOssSnake<4><STEAM_0:1:164666257><>" connected, address "212.66.63.67:27005"
L 01/29/2019 - 21:51:25: "eLeCtrOssSnake<4><STEAM_0:1:164666257><>" STEAM USERID validated
L 01/29/2019 - 21:51:40: [FAdmin] eLeCtrOssSnake (STEAM_0:1:164666257) is Authed
L 01/29/2019 - 21:51:40: [FAdmin] eLeCtrOssSnake (STEAM_0:1:164666257) Spawned for the first time
L 01/29/2019 - 21:51:40: [FAdmin] eLeCtrOssSnake (STEAM_0:1:164666257) Spawned
L 01/29/2019 - 21:51:40: "eLeCtrOssSnake<4><STEAM_0:1:164666257><>" entered the game
L 01/29/2019 - 21:51:40: [FAdmin] eLeCtrOssSnake (STEAM_0:1:164666257) Attempted to pick up a keys
L 01/29/2019 - 21:51:40: [FAdmin] eLeCtrOssSnake (STEAM_0:1:164666257) Attempted to pick up a weapon_physcannon
L 01/29/2019 - 21:51:40: [FAdmin] eLeCtrOssSnake (STEAM_0:1:164666257) Attempted to pick up a gmod_camera
L 01/29/2019 - 21:51:40: [FAdmin] eLeCtrOssSnake (STEAM_0:1:164666257) Attempted to pick up a gmod_tool
L 01/29/2019 - 21:51:40: [FAdmin] eLeCtrOssSnake (STEAM_0:1:164666257) Attempted to pick up a pocket
L 01/29/2019 - 21:51:40: [FAdmin] eLeCtrOssSnake (STEAM_0:1:164666257) Attempted to pick up a weapon_physgun
L 01/29/2019 - 21:52:58: Lua Error: 
[ERROR] lua/autorun/server/admin_functions.lua:37: bad argument #1 to 'WriteString' (string expected, got nil)
  1. WriteString - [C]:-1
   2. unknown - lua/autorun/server/admin_functions.lua:37
    3. unknown - lua/includes/modules/concommand.lua:54


L 01/29/2019 - 21:53:06: [FAdmin] eLeCtrOssSnake (STEAM_0:1:164666257) Spawned a models/props_lab/blastdoor001c.mdl
L 01/29/2019 - 21:53:06: Lua Error: Warning! A net message is already started! Discarding...

L 01/29/2019 - 21:53:08: Lua Error: 
[ERROR] addons/simple_discord_relay/lua/autorun/server/sv_discord_relay.lua:150: attempt to call method 'Nick' (a nil value)
  1. fn - addons/simple_discord_relay/lua/autorun/server/sv_discord_relay.lua:150
   2. unknown - addons/ulxulib/lua/ulib/shared/hook.lua:109


L 01/29/2019 - 21:53:09: Lua Error: 
[ERROR] addons/simple_discord_relay/lua/autorun/server/sv_discord_relay.lua:150: attempt to call method 'Nick' (a nil value)
  1. fn - addons/simple_discord_relay/lua/autorun/server/sv_discord_relay.lua:150
   2. unknown - addons/ulxulib/lua/ulib/shared/hook.lua:109


L 01/29/2019 - 21:53:10: [FAdmin] eLeCtrOssSnake (STEAM_0:1:164666257) Spawned
L 01/29/2019 - 21:53:10: [FAdmin] eLeCtrOssSnake (STEAM_0:1:164666257) Attempted to pick up a keys
L 01/29/2019 - 21:53:10: [FAdmin] eLeCtrOssSnake (STEAM_0:1:164666257) Attempted to pick up a weapon_physcannon
L 01/29/2019 - 21:53:10: [FAdmin] eLeCtrOssSnake (STEAM_0:1:164666257) Attempted to pick up a gmod_camera
L 01/29/2019 - 21:53:10: [FAdmin] eLeCtrOssSnake (STEAM_0:1:164666257) Attempted to pick up a gmod_tool
L 01/29/2019 - 21:53:10: [FAdmin] eLeCtrOssSnake (STEAM_0:1:164666257) Attempted to pick up a pocket
L 01/29/2019 - 21:53:10: [FAdmin] eLeCtrOssSnake (STEAM_0:1:164666257) Attempted to pick up a weapon_physgun
L 01/29/2019 - 21:53:13: [FAdmin] prop_physics(models/props_lab/blastdoor001c.mdl) Got removed
L 01/29/2019 - 21:53:14: [FAdmin] prop_physics(models/props_lab/blastdoor001c.mdl) Got removed
L 01/29/2019 - 21:53:15: [FAdmin] eLeCtrOssSnake (STEAM_0:1:164666257) Spawned a models/props_lab/blastdoor001c.mdl
L 01/29/2019 - 21:53:15: [FAdmin] prop_physics(models/props_lab/blastdoor001c.mdl) Got removed
L 01/29/2019 - 21:53:16: [FAdmin] eLeCtrOssSnake (STEAM_0:1:164666257) Spawned a models/props_lab/blastdoor001c.mdl
L 01/29/2019 - 21:53:16: [FAdmin] prop_physics(models/props_lab/blastdoor001c.mdl) Got removed
L 01/29/2019 - 21:53:16: [FAdmin] eLeCtrOssSnake (STEAM_0:1:164666257) Spawned a models/props_lab/blastdoor001c.mdl
L 01/29/2019 - 21:53:16: [FAdmin] eLeCtrOssSnake (STEAM_0:1:164666257) Spawned a models/props_lab/blastdoor001c.mdl
L 01/29/2019 - 21:53:17: [FAdmin] eLeCtrOssSnake (STEAM_0:1:164666257) Spawned a models/props_lab/blastdoor001c.mdl
L 01/29/2019 - 21:53:17: [FAdmin] eLeCtrOssSnake (STEAM_0:1:164666257) Spawned a models/props_lab/blastdoor001c.mdl
L 01/29/2019 - 21:53:18: [FAdmin] eLeCtrOssSnake (STEAM_0:1:164666257) Spawned a models/props_lab/blastdoor001c.mdl
L 01/29/2019 - 21:53:18: [FAdmin] DidVaitel (STEAM_0:1:74202541) Spawned
L 01/29/2019 - 21:53:18: [FAdmin] DidVaitel (STEAM_0:1:74202541) Attempted to pick up a keys
L 01/29/2019 - 21:53:18: [FAdmin] DidVaitel (STEAM_0:1:74202541) Attempted to pick up a weapon_physcannon
L 01/29/2019 - 21:53:18: [FAdmin] DidVaitel (STEAM_0:1:74202541) Attempted to pick up a gmod_camera
L 01/29/2019 - 21:53:18: [FAdmin] DidVaitel (STEAM_0:1:74202541) Attempted to pick up a gmod_tool
L 01/29/2019 - 21:53:18: [FAdmin] DidVaitel (STEAM_0:1:74202541) Attempted to pick up a pocket
L 01/29/2019 - 21:53:18: [FAdmin] DidVaitel (STEAM_0:1:74202541) Attempted to pick up a weapon_physgun
L 01/29/2019 - 21:53:18: [FAdmin] DidVaitel (STEAM_0:1:74202541) Attempted to pick up a weapon_keypadchecker
L 01/29/2019 - 21:53:18: [FAdmin] DidVaitel (STEAM_0:1:74202541) Attempted to pick up a door_ram
L 01/29/2019 - 21:53:18: [FAdmin] DidVaitel (STEAM_0:1:74202541) Attempted to pick up a arrest_stick
L 01/29/2019 - 21:53:18: [FAdmin] DidVaitel (STEAM_0:1:74202541) Attempted to pick up a unarrest_stick
L 01/29/2019 - 21:53:18: [FAdmin] DidVaitel (STEAM_0:1:74202541) Attempted to pick up a stunstick
L 01/29/2019 - 21:53:18: [FAdmin] DidVaitel (STEAM_0:1:74202541) Attempted to pick up a weaponchecker
L 01/29/2019 - 21:53:18: [FAdmin] eLeCtrOssSnake (STEAM_0:1:164666257) Spawned a models/props_lab/blastdoor001c.mdl
L 01/29/2019 - 21:53:19: [FAdmin] eLeCtrOssSnake (STEAM_0:1:164666257) Spawned a models/props_lab/blastdoor001c.mdl
L 01/29/2019 - 21:53:19: [FAdmin] eLeCtrOssSnake (STEAM_0:1:164666257) Spawned a models/props_lab/blastdoor001c.mdl
L 01/29/2019 - 21:53:20: [FAdmin] DidVaitel (STEAM_0:1:74202541) Attempted to switch noclip
L 01/29/2019 - 21:53:20: [FAdmin] eLeCtrOssSnake (STEAM_0:1:164666257) Spawned a models/props_lab/blastdoor001c.mdl
L 01/29/2019 - 21:53:20: [FAdmin] eLeCtrOssSnake (STEAM_0:1:164666257) Spawned a models/props_lab/blastdoor001c.mdl
L 01/29/2019 - 21:53:21: [FAdmin] eLeCtrOssSnake (STEAM_0:1:164666257) Spawned a models/props_lab/blastdoor001c.mdl
L 01/29/2019 - 21:53:21: [FAdmin] eLeCtrOssSnake (STEAM_0:1:164666257) Spawned a models/props_lab/blastdoor001c.mdl
L 01/29/2019 - 21:53:22: [FAdmin] eLeCtrOssSnake (STEAM_0:1:164666257) Spawned a models/props_lab/blastdoor001c.mdl
L 01/29/2019 - 21:53:22: [FAdmin] prop_physics(models/props_lab/blastdoor001c.mdl) Got removed
L 01/29/2019 - 21:53:23: [FAdmin] prop_physics(models/props_lab/blastdoor001c.mdl) Got removed
L 01/29/2019 - 21:53:23: [FAdmin] prop_physics(models/props_lab/blastdoor001c.mdl) Got removed
L 01/29/2019 - 21:53:23: [FAdmin] prop_physics(models/props_lab/blastdoor001c.mdl) Got removed
L 01/29/2019 - 21:53:33: [FAdmin] prop_physics(models/props_lab/blastdoor001c.mdl) Got removed
L 01/29/2019 - 21:53:33: [FAdmin] prop_physics(models/props_lab/blastdoor001c.mdl) Got removed
L 01/29/2019 - 21:53:33: [FAdmin] prop_physics(models/props_lab/blastdoor001c.mdl) Got removed
L 01/29/2019 - 21:53:33: [FAdmin] prop_physics(models/props_lab/blastdoor001c.mdl) Got removed
L 01/29/2019 - 21:53:33: [FAdmin] prop_physics(models/props_lab/blastdoor001c.mdl) Got removed
L 01/29/2019 - 21:53:33: [FAdmin] prop_physics(models/props_lab/blastdoor001c.mdl) Got removed
L 01/29/2019 - 21:53:33: [FAdmin] prop_physics(models/props_lab/blastdoor001c.mdl) Got removed
L 01/29/2019 - 21:53:33: [FAdmin] prop_physics(models/props_lab/blastdoor001c.mdl) Got removed
L 01/29/2019 - 21:54:10: [FAdmin] prop_physics(models/props_lab/blastdoor001c.mdl) Got removed
L 01/29/2019 - 21:54:10: [FAdmin] eLeCtrOssSnake (STEAM_0:1:164666257) Spawned a models/props_lab/blastdoor001c.mdl
L 01/29/2019 - 21:54:11: [FAdmin] eLeCtrOssSnake (STEAM_0:1:164666257) Spawned a models/props_lab/blastdoor001c.mdl
L 01/29/2019 - 21:54:12: [FAdmin] eLeCtrOssSnake (STEAM_0:1:164666257) Spawned a models/props_lab/blastdoor001c.mdl
L 01/29/2019 - 21:54:12: [FAdmin] eLeCtrOssSnake (STEAM_0:1:164666257) Spawned a models/props_lab/blastdoor001c.mdl
L 01/29/2019 - 21:54:13: [FAdmin] eLeCtrOssSnake (STEAM_0:1:164666257) Spawned a models/props_lab/blastdoor001c.mdl
L 01/29/2019 - 21:54:13: [FAdmin] eLeCtrOssSnake (STEAM_0:1:164666257) Spawned a models/props_lab/blastdoor001c.mdl
L 01/29/2019 - 21:54:17: [FAdmin] eLeCtrOssSnake (STEAM_0:1:164666257) Spawned a models/props_lab/blastdoor001c.mdl
L 01/29/2019 - 21:54:17: [FAdmin] eLeCtrOssSnake (STEAM_0:1:164666257) Spawned a models/props_lab/blastdoor001c.mdl
L 01/29/2019 - 21:54:17: [FAdmin] eLeCtrOssSnake (STEAM_0:1:164666257) Spawned a models/props_lab/blastdoor001c.mdl
L 01/29/2019 - 21:54:17: [FAdmin] eLeCtrOssSnake (STEAM_0:1:164666257) Spawned a models/props_lab/blastdoor001c.mdl
L 01/29/2019 - 21:54:17: [FAdmin] eLeCtrOssSnake (STEAM_0:1:164666257) Spawned a models/props_lab/blastdoor001c.mdl
L 01/29/2019 - 21:54:17: [FAdmin] eLeCtrOssSnake (STEAM_0:1:164666257) Spawned a models/props_lab/blastdoor001c.mdl
L 01/29/2019 - 21:54:17: [FAdmin] eLeCtrOssSnake (STEAM_0:1:164666257) Spawned a models/props_lab/blastdoor001c.mdl
L 01/29/2019 - 21:54:17: [FAdmin] eLeCtrOssSnake (STEAM_0:1:164666257) Spawned a models/props_lab/blastdoor001c.mdl
L 01/29/2019 - 21:54:17: [FAdmin] prop_physics(models/props_lab/blastdoor001c.mdl) Got removed
L 01/29/2019 - 21:54:19: [FAdmin] eLeCtrOssSnake (STEAM_0:1:164666257) Spawned a models/props_lab/blastdoor001c.mdl
L 01/29/2019 - 21:54:20: [FAdmin] eLeCtrOssSnake (STEAM_0:1:164666257) Spawned a models/props_lab/blastdoor001c.mdl
L 01/29/2019 - 21:54:21: [FAdmin] eLeCtrOssSnake (STEAM_0:1:164666257) Spawned a models/props_lab/blastdoor001c.mdl
L 01/29/2019 - 21:54:21: [FAdmin] prop_physics(models/props_lab/blastdoor001c.mdl) Got removed
L 01/29/2019 - 21:54:21: [FAdmin] prop_physics(models/props_lab/blastdoor001c.mdl) Got removed
L 01/29/2019 - 21:54:22: [FAdmin] prop_physics(models/props_lab/blastdoor001c.mdl) Got removed
L 01/29/2019 - 21:54:22: [FAdmin] prop_physics(models/props_lab/blastdoor001c.mdl) Got removed
L 01/29/2019 - 21:54:22: [FAdmin] prop_physics(models/props_lab/blastdoor001c.mdl) Got removed
L 01/29/2019 - 21:54:22: [FAdmin] prop_physics(models/props_lab/blastdoor001c.mdl) Got removed
L 01/29/2019 - 21:54:22: [FAdmin] prop_physics(models/props_lab/blastdoor001c.mdl) Got removed
L 01/29/2019 - 21:54:23: [FAdmin] prop_physics(models/props_lab/blastdoor001c.mdl) Got removed
L 01/29/2019 - 21:54:23: [FAdmin] prop_physics(models/props_lab/blastdoor001c.mdl) Got removed
L 01/29/2019 - 21:54:23: [FAdmin] prop_physics(models/props_lab/blastdoor001c.mdl) Got removed
L 01/29/2019 - 21:54:24: [FAdmin] prop_physics(models/props_lab/blastdoor001c.mdl) Got removed
L 01/29/2019 - 21:54:24: [FAdmin] prop_physics(models/props_lab/blastdoor001c.mdl) Got removed
L 01/29/2019 - 21:54:24: [FAdmin] prop_physics(models/props_lab/blastdoor001c.mdl) Got removed
L 01/29/2019 - 21:54:24: [FAdmin] prop_physics(models/props_lab/blastdoor001c.mdl) Got removed
L 01/29/2019 - 21:54:24: [FAdmin] prop_physics(models/props_lab/blastdoor001c.mdl) Got removed
L 01/29/2019 - 21:54:25: [FAdmin] prop_physics(models/props_lab/blastdoor001c.mdl) Got removed
L 01/29/2019 - 21:54:26: [FAdmin] eLeCtrOssSnake (STEAM_0:1:164666257) Spawned a models/props_lab/blastdoor001c.mdl
L 01/29/2019 - 21:54:28: [FAdmin] prop_physics(models/props_lab/blastdoor001c.mdl) Got removed
L 01/29/2019 - 21:54:29: [FAdmin] eLeCtrOssSnake (STEAM_0:1:164666257) Spawned a models/props_lab/blastdoor001c.mdl
L 01/29/2019 - 21:54:30: [FAdmin] prop_physics(models/props_lab/blastdoor001c.mdl) Got removed
L 01/29/2019 - 21:54:31: [FAdmin] eLeCtrOssSnake (STEAM_0:1:164666257) Spawned a models/props_lab/blastdoor001c.mdl
L 01/29/2019 - 21:54:32: [FAdmin] prop_physics(models/props_lab/blastdoor001c.mdl) Got removed
L 01/29/2019 - 21:54:32: [FAdmin] eLeCtrOssSnake (STEAM_0:1:164666257) Spawned a models/props_lab/blastdoor001c.mdl
L 01/29/2019 - 21:54:33: [FAdmin] eLeCtrOssSnake (STEAM_0:1:164666257) Spawned a models/props_lab/blastdoor001c.mdl
L 01/29/2019 - 21:54:35: [FAdmin] eLeCtrOssSnake (STEAM_0:1:164666257) Spawned a models/props_lab/blastdoor001c.mdl
L 01/29/2019 - 21:54:36: [FAdmin] eLeCtrOssSnake (STEAM_0:1:164666257) Spawned a models/props_lab/blastdoor001c.mdl
L 01/29/2019 - 21:54:37: [FAdmin] eLeCtrOssSnake (STEAM_0:1:164666257) Spawned a models/props_lab/blastdoor001c.mdl
L 01/29/2019 - 21:54:38: [FAdmin] eLeCtrOssSnake (STEAM_0:1:164666257) Spawned a models/props_lab/blastdoor001c.mdl
L 01/29/2019 - 21:54:39: [FAdmin] eLeCtrOssSnake (STEAM_0:1:164666257) Spawned a models/props_lab/blastdoor001c.mdl
L 01/29/2019 - 21:54:40: [FAdmin] eLeCtrOssSnake (STEAM_0:1:164666257) Spawned a models/props_lab/blastdoor001c.mdl
L 01/29/2019 - 21:54:41: [FAdmin] eLeCtrOssSnake (STEAM_0:1:164666257) Spawned a models/props_lab/blastdoor001c.mdl
L 01/29/2019 - 21:54:42: [FAdmin] eLeCtrOssSnake (STEAM_0:1:164666257) Spawned a models/props_lab/blastdoor001c.mdl
L 01/29/2019 - 21:54:42: [FAdmin] eLeCtrOssSnake (STEAM_0:1:164666257) Spawned a models/props_lab/blastdoor001c.mdl
L 01/29/2019 - 21:54:43: [FAdmin] eLeCtrOssSnake (STEAM_0:1:164666257) Spawned a models/props_lab/blastdoor001c.mdl
L 01/29/2019 - 21:54:44: [FAdmin] eLeCtrOssSnake (STEAM_0:1:164666257) Spawned a models/props_lab/blastdoor001c.mdl
L 01/29/2019 - 21:54:45: [FAdmin] eLeCtrOssSnake (STEAM_0:1:164666257) Spawned a models/props_lab/blastdoor001c.mdl
L 01/29/2019 - 21:54:45: [FAdmin] eLeCtrOssSnake (STEAM_0:1:164666257) Spawned a models/props_lab/blastdoor001c.mdl
L 01/29/2019 - 21:54:46: [FAdmin] eLeCtrOssSnake (STEAM_0:1:164666257) Spawned a models/props_lab/blastdoor001c.mdl
L 01/29/2019 - 21:54:47: [FAdmin] eLeCtrOssSnake (STEAM_0:1:164666257) Spawned a models/props_lab/blastdoor001c.mdl
L 01/29/2019 - 21:54:51: [FAdmin] eLeCtrOssSnake (STEAM_0:1:164666257) Spawned a models/props_lab/blastdoor001c.mdl
L 01/29/2019 - 21:54:51: [FAdmin] eLeCtrOssSnake (STEAM_0:1:164666257) Spawned a models/props_lab/blastdoor001c.mdl
L 01/29/2019 - 21:54:51: [FAdmin] eLeCtrOssSnake (STEAM_0:1:164666257) Spawned a models/props_lab/blastdoor001c.mdl
L 01/29/2019 - 21:54:51: [FAdmin] eLeCtrOssSnake (STEAM_0:1:164666257) Spawned a models/props_lab/blastdoor001c.mdl
L 01/29/2019 - 21:54:56: [FAdmin] prop_physics(models/props_lab/blastdoor001c.mdl) Got removed
L 01/29/2019 - 21:54:57: [FAdmin] prop_physics(models/props_lab/blastdoor001c.mdl) Got removed
L 01/29/2019 - 21:54:57: [FAdmin] prop_physics(models/props_lab/blastdoor001c.mdl) Got removed
L 01/29/2019 - 21:54:57: [FAdmin] prop_physics(models/props_lab/blastdoor001c.mdl) Got removed
L 01/29/2019 - 21:54:57: [FAdmin] prop_physics(models/props_lab/blastdoor001c.mdl) Got removed
L 01/29/2019 - 21:54:58: [FAdmin] prop_physics(models/props_lab/blastdoor001c.mdl) Got removed
L 01/29/2019 - 21:54:58: [FAdmin] prop_physics(models/props_lab/blastdoor001c.mdl) Got removed
L 01/29/2019 - 21:54:58: [FAdmin] prop_physics(models/props_lab/blastdoor001c.mdl) Got removed
L 01/29/2019 - 21:54:58: [FAdmin] prop_physics(models/props_lab/blastdoor001c.mdl) Got removed
L 01/29/2019 - 21:54:58: [FAdmin] prop_physics(models/props_lab/blastdoor001c.mdl) Got removed
L 01/29/2019 - 21:54:58: [FAdmin] prop_physics(models/props_lab/blastdoor001c.mdl) Got removed
L 01/29/2019 - 21:54:59: [FAdmin] prop_physics(models/props_lab/blastdoor001c.mdl) Got removed
L 01/29/2019 - 21:54:59: [FAdmin] prop_physics(models/props_lab/blastdoor001c.mdl) Got removed
L 01/29/2019 - 21:54:59: [FAdmin] prop_physics(models/props_lab/blastdoor001c.mdl) Got removed
L 01/29/2019 - 21:54:59: [FAdmin] prop_physics(models/props_lab/blastdoor001c.mdl) Got removed
L 01/29/2019 - 21:54:59: [FAdmin] prop_physics(models/props_lab/blastdoor001c.mdl) Got removed
L 01/29/2019 - 21:55:00: [FAdmin] prop_physics(models/props_lab/blastdoor001c.mdl) Got removed
L 01/29/2019 - 21:55:00: [FAdmin] prop_physics(models/props_lab/blastdoor001c.mdl) Got removed
L 01/29/2019 - 21:55:00: [FAdmin] prop_physics(models/props_lab/blastdoor001c.mdl) Got removed
L 01/29/2019 - 21:55:00: [FAdmin] prop_physics(models/props_lab/blastdoor001c.mdl) Got removed
L 01/29/2019 - 21:55:00: [FAdmin] prop_physics(models/props_lab/blastdoor001c.mdl) Got removed
L 01/29/2019 - 21:55:02: [FAdmin] eLeCtrOssSnake (STEAM_0:1:164666257) Spawned a models/props_lab/blastdoor001c.mdl
L 01/29/2019 - 21:55:03: [FAdmin] eLeCtrOssSnake (STEAM_0:1:164666257) Spawned a models/props_lab/blastdoor001c.mdl
L 01/29/2019 - 21:55:04: [FAdmin] eLeCtrOssSnake (STEAM_0:1:164666257) Spawned a models/props_lab/blastdoor001c.mdl
L 01/29/2019 - 21:55:04: [FAdmin] eLeCtrOssSnake (STEAM_0:1:164666257) Spawned a models/props_lab/blastdoor001c.mdl
L 01/29/2019 - 21:55:05: [FAdmin] eLeCtrOssSnake (STEAM_0:1:164666257) Spawned a models/props_lab/blastdoor001c.mdl
L 01/29/2019 - 21:55:06: [FAdmin] eLeCtrOssSnake (STEAM_0:1:164666257) Spawned a models/props_lab/blastdoor001c.mdl
L 01/29/2019 - 21:55:07: [FAdmin] eLeCtrOssSnake (STEAM_0:1:164666257) Spawned a models/props_lab/blastdoor001c.mdl
L 01/29/2019 - 21:55:08: [FAdmin] eLeCtrOssSnake (STEAM_0:1:164666257) Spawned a models/props_lab/blastdoor001c.mdl
L 01/29/2019 - 21:55:08: [FAdmin] Server succesfully shut down.
L 01/29/2019 - 21:55:08: [FAdmin] prop_physics(models/maxofs2d/companion_doll.mdl) Got removed
L 01/29/2019 - 21:55:08: [FAdmin] prop_physics(models/props_c17/furnituretable003a.mdl) Got removed
L 01/29/2019 - 21:55:08: [FAdmin] prop_physics(models/props_c17/furniturecouch002a.mdl) Got removed
L 01/29/2019 - 21:55:08: [FAdmin] prop_physics(models/props_c17/furniturecouch001a.mdl) Got removed
L 01/29/2019 - 21:55:08: [FAdmin] prop_physics(models/props_c17/furniturestove001a.mdl) Got removed
L 01/29/2019 - 21:55:08: [FAdmin] prop_physics(models/props_c17/furniturestove001a.mdl) Got removed
L 01/29/2019 - 21:55:08: [FAdmin] prop_physics(models/props_lab/blastdoor001c.mdl) Got removed
L 01/29/2019 - 21:55:08: [FAdmin] prop_physics(models/props_lab/blastdoor001c.mdl) Got removed
L 01/29/2019 - 21:55:08: [FAdmin] prop_physics(models/props_lab/blastdoor001c.mdl) Got removed
L 01/29/2019 - 21:55:08: [FAdmin] prop_physics(models/props_lab/blastdoor001c.mdl) Got removed
L 01/29/2019 - 21:55:08: [FAdmin] prop_physics(models/props_lab/blastdoor001c.mdl) Got removed
L 01/29/2019 - 21:55:08: [FAdmin] prop_physics(models/props_lab/blastdoor001c.mdl) Got removed
L 01/29/2019 - 21:55:08: [FAdmin] prop_physics(models/props_lab/blastdoor001c.mdl) Got removed
L 01/29/2019 - 21:55:08: [FAdmin] prop_physics(models/props_lab/blastdoor001c.mdl) Got removed
L 01/29/2019 - 21:55:08: "eLeCtrOssSnake<4><STEAM_0:1:164666257><>" disconnected (reason "Server shutting down")
L 01/29/2019 - 21:55:08: "DidVaitel<2><STEAM_0:1:74202541><>" disconnected (reason "Server shutting down")
L 01/29/2019 - 21:55:09: server_message: "quit"
L 01/29/2019 - 21:55:09: Log file closed.
