L 01/29/2019 - 21:55:19: Log file started (file "logs\L0129003.log") (game "F:\sup\steamapps\common\GarrysModDS\garrysmod") (version "7334")
L 01/29/2019 - 21:55:19: server_cvar: "sv_alltalk" "3"
L 01/29/2019 - 21:55:19: server_cvar: "sv_allowcslua" "1"
L 01/29/2019 - 21:55:19: server_cvar: "sv_airaccelerate" "1000"
L 01/29/2019 - 21:55:19: server_cvar: "sv_alltalk" "0"
L 01/29/2019 - 21:55:19: Banid: "<><STEAM_0:0:432813650><>" was banned "permanently" by "Console"
L 01/29/2019 - 21:55:19: Banid: "<><STEAM_0:0:207758038><>" was banned "permanently" by "Console"
L 01/29/2019 - 21:55:19: Banid: "<><STEAM_0:0:432813650><>" was banned "permanently" by "Console"
L 01/29/2019 - 21:55:19: Banid: "<><STEAM_0:0:207758038><>" was banned "permanently" by "Console"
L 01/29/2019 - 21:55:21: Connection to Steam servers successful.
L 01/29/2019 - 21:55:21:    Public IP is 31.130.42.81.
L 01/29/2019 - 21:55:21: Assigned anonymous gameserver Steam ID [A-1:2050757639(11892)].
L 01/29/2019 - 21:55:21: VAC secure mode is activated.
L 01/29/2019 - 21:55:22: "DidVaitel<2><STEAM_0:1:74202541><>" connected, address "192.168.1.102:27006"
L 01/29/2019 - 21:55:22: "DidVaitel<2><STEAM_0:1:74202541><>" STEAM USERID validated
L 01/29/2019 - 21:55:25: "eLeCtrOssSnake<3><STEAM_0:1:164666257><>" connected, address "212.66.63.67:27005"
L 01/29/2019 - 21:55:26: "eLeCtrOssSnake<3><STEAM_0:1:164666257><>" STEAM USERID validated
L 01/29/2019 - 21:55:32: [FAdmin] DidVaitel (STEAM_0:1:74202541) is Authed
L 01/29/2019 - 21:55:32: [FAdmin] DidVaitel (STEAM_0:1:74202541) Spawned for the first time
L 01/29/2019 - 21:55:32: [FAdmin] DidVaitel (STEAM_0:1:74202541) Spawned
L 01/29/2019 - 21:55:32: "DidVaitel<2><STEAM_0:1:74202541><>" entered the game
L 01/29/2019 - 21:55:32: [FAdmin] DidVaitel (STEAM_0:1:74202541) Attempted to pick up a keys
L 01/29/2019 - 21:55:32: [FAdmin] DidVaitel (STEAM_0:1:74202541) Attempted to pick up a weapon_physcannon
L 01/29/2019 - 21:55:32: [FAdmin] DidVaitel (STEAM_0:1:74202541) Attempted to pick up a gmod_camera
L 01/29/2019 - 21:55:32: [FAdmin] DidVaitel (STEAM_0:1:74202541) Attempted to pick up a gmod_tool
L 01/29/2019 - 21:55:32: [FAdmin] DidVaitel (STEAM_0:1:74202541) Attempted to pick up a pocket
L 01/29/2019 - 21:55:32: [FAdmin] DidVaitel (STEAM_0:1:74202541) Attempted to pick up a weapon_physgun
L 01/29/2019 - 21:55:32: [FAdmin] DidVaitel (STEAM_0:1:74202541) Attempted to pick up a weapon_keypadchecker
L 01/29/2019 - 21:55:32: [FAdmin] DidVaitel (STEAM_0:1:74202541) Attempted to pick up a door_ram
L 01/29/2019 - 21:55:32: [FAdmin] DidVaitel (STEAM_0:1:74202541) Attempted to pick up a arrest_stick
L 01/29/2019 - 21:55:32: [FAdmin] DidVaitel (STEAM_0:1:74202541) Attempted to pick up a unarrest_stick
L 01/29/2019 - 21:55:32: [FAdmin] DidVaitel (STEAM_0:1:74202541) Attempted to pick up a stunstick
L 01/29/2019 - 21:55:32: [FAdmin] DidVaitel (STEAM_0:1:74202541) Attempted to pick up a weaponchecker
L 01/29/2019 - 21:55:35: [FAdmin] eLeCtrOssSnake (STEAM_0:1:164666257) is Authed
L 01/29/2019 - 21:55:35: [FAdmin] eLeCtrOssSnake (STEAM_0:1:164666257) Spawned for the first time
L 01/29/2019 - 21:55:35: [FAdmin] eLeCtrOssSnake (STEAM_0:1:164666257) Spawned
L 01/29/2019 - 21:55:35: "eLeCtrOssSnake<3><STEAM_0:1:164666257><>" entered the game
L 01/29/2019 - 21:55:35: [FAdmin] eLeCtrOssSnake (STEAM_0:1:164666257) Attempted to pick up a keys
L 01/29/2019 - 21:55:35: [FAdmin] eLeCtrOssSnake (STEAM_0:1:164666257) Attempted to pick up a weapon_physcannon
L 01/29/2019 - 21:55:35: [FAdmin] eLeCtrOssSnake (STEAM_0:1:164666257) Attempted to pick up a gmod_camera
L 01/29/2019 - 21:55:35: [FAdmin] eLeCtrOssSnake (STEAM_0:1:164666257) Attempted to pick up a gmod_tool
L 01/29/2019 - 21:55:35: [FAdmin] eLeCtrOssSnake (STEAM_0:1:164666257) Attempted to pick up a pocket
L 01/29/2019 - 21:55:35: [FAdmin] eLeCtrOssSnake (STEAM_0:1:164666257) Attempted to pick up a weapon_physgun
L 01/29/2019 - 21:55:45: [FAdmin] eLeCtrOssSnake (STEAM_0:1:164666257) Spawned a models/props_lab/blastdoor001c.mdl
L 01/29/2019 - 21:55:46: [FAdmin] eLeCtrOssSnake (STEAM_0:1:164666257) Spawned a models/props_lab/blastdoor001c.mdl
L 01/29/2019 - 21:55:47: [FAdmin] eLeCtrOssSnake (STEAM_0:1:164666257) Spawned a models/props_lab/blastdoor001c.mdl
L 01/29/2019 - 21:55:48: [FAdmin] eLeCtrOssSnake (STEAM_0:1:164666257) Spawned a models/props_lab/blastdoor001c.mdl
L 01/29/2019 - 21:55:48: Lua Error: 
[ERROR] addons/simple_discord_relay/lua/autorun/server/sv_discord_relay.lua:150: attempt to call method 'Nick' (a nil value)
  1. fn - addons/simple_discord_relay/lua/autorun/server/sv_discord_relay.lua:150
   2. unknown - addons/ulxulib/lua/ulib/shared/hook.lua:109


L 01/29/2019 - 21:55:52: [FAdmin] prop_physics(models/props_lab/blastdoor001c.mdl) Got removed
L 01/29/2019 - 21:55:52: [FAdmin] prop_physics(models/props_lab/blastdoor001c.mdl) Got removed
L 01/29/2019 - 21:55:52: [FAdmin] prop_physics(models/props_lab/blastdoor001c.mdl) Got removed
L 01/29/2019 - 21:55:52: [FAdmin] prop_physics(models/props_lab/blastdoor001c.mdl) Got removed
L 01/29/2019 - 21:56:27: [FAdmin] DidVaitel (STEAM_0:1:74202541) Spawned
L 01/29/2019 - 21:56:27: [FAdmin] DidVaitel (STEAM_0:1:74202541) Attempted to pick up a keys
L 01/29/2019 - 21:56:27: [FAdmin] DidVaitel (STEAM_0:1:74202541) Attempted to pick up a weapon_physcannon
L 01/29/2019 - 21:56:27: [FAdmin] DidVaitel (STEAM_0:1:74202541) Attempted to pick up a gmod_camera
L 01/29/2019 - 21:56:27: [FAdmin] DidVaitel (STEAM_0:1:74202541) Attempted to pick up a gmod_tool
L 01/29/2019 - 21:56:27: [FAdmin] DidVaitel (STEAM_0:1:74202541) Attempted to pick up a pocket
L 01/29/2019 - 21:56:27: [FAdmin] DidVaitel (STEAM_0:1:74202541) Attempted to pick up a weapon_physgun
L 01/29/2019 - 21:56:27: [FAdmin] DidVaitel (STEAM_0:1:74202541) Attempted to pick up a weapon_keypadchecker
L 01/29/2019 - 21:56:27: [FAdmin] DidVaitel (STEAM_0:1:74202541) Attempted to pick up a door_ram
L 01/29/2019 - 21:56:27: [FAdmin] DidVaitel (STEAM_0:1:74202541) Attempted to pick up a arrest_stick
L 01/29/2019 - 21:56:27: [FAdmin] DidVaitel (STEAM_0:1:74202541) Attempted to pick up a unarrest_stick
L 01/29/2019 - 21:56:27: [FAdmin] DidVaitel (STEAM_0:1:74202541) Attempted to pick up a stunstick
L 01/29/2019 - 21:56:27: [FAdmin] DidVaitel (STEAM_0:1:74202541) Attempted to pick up a weaponchecker
L 01/29/2019 - 21:56:31: [FAdmin] eLeCtrOssSnake (STEAM_0:1:164666257) Spawned a models/props_lab/blastdoor001c.mdl
L 01/29/2019 - 21:57:44: [FAdmin] eLeCtrOssSnake (STEAM_0:1:164666257) Spawned a models/props_lab/blastdoor001c.mdl
L 01/29/2019 - 21:57:45: Lua Error: 
[ERROR] addons/simple_discord_relay/lua/autorun/server/sv_discord_relay.lua:150: attempt to call method 'Nick' (a nil value)
  1. fn - addons/simple_discord_relay/lua/autorun/server/sv_discord_relay.lua:150
   2. unknown - addons/ulxulib/lua/ulib/shared/hook.lua:109


L 01/29/2019 - 21:58:55: [FAdmin] DidVaitel (STEAM_0:1:74202541) Spawned
L 01/29/2019 - 21:58:55: [FAdmin] DidVaitel (STEAM_0:1:74202541) Attempted to pick up a keys
L 01/29/2019 - 21:58:55: [FAdmin] DidVaitel (STEAM_0:1:74202541) Attempted to pick up a weapon_physcannon
L 01/29/2019 - 21:58:55: [FAdmin] DidVaitel (STEAM_0:1:74202541) Attempted to pick up a gmod_camera
L 01/29/2019 - 21:58:55: [FAdmin] DidVaitel (STEAM_0:1:74202541) Attempted to pick up a gmod_tool
L 01/29/2019 - 21:58:55: [FAdmin] DidVaitel (STEAM_0:1:74202541) Attempted to pick up a pocket
L 01/29/2019 - 21:58:55: [FAdmin] DidVaitel (STEAM_0:1:74202541) Attempted to pick up a weapon_physgun
L 01/29/2019 - 21:58:55: [FAdmin] DidVaitel (STEAM_0:1:74202541) Attempted to pick up a weapon_keypadchecker
L 01/29/2019 - 21:58:55: [FAdmin] DidVaitel (STEAM_0:1:74202541) Attempted to pick up a door_ram
L 01/29/2019 - 21:58:55: [FAdmin] DidVaitel (STEAM_0:1:74202541) Attempted to pick up a arrest_stick
L 01/29/2019 - 21:58:55: [FAdmin] DidVaitel (STEAM_0:1:74202541) Attempted to pick up a unarrest_stick
L 01/29/2019 - 21:58:55: [FAdmin] DidVaitel (STEAM_0:1:74202541) Attempted to pick up a stunstick
L 01/29/2019 - 21:58:55: [FAdmin] DidVaitel (STEAM_0:1:74202541) Attempted to pick up a weaponchecker
L 01/29/2019 - 21:59:17: Lua Error: 
[ERROR] addons/simple_discord_relay/lua/autorun/server/sv_discord_relay.lua:150: attempt to call method 'Nick' (a nil value)
  1. fn - addons/simple_discord_relay/lua/autorun/server/sv_discord_relay.lua:150
   2. unknown - addons/ulxulib/lua/ulib/shared/hook.lua:109


L 01/29/2019 - 21:59:18: Lua Error: 
[ERROR] addons/simple_discord_relay/lua/autorun/server/sv_discord_relay.lua:150: attempt to call method 'Nick' (a nil value)
  1. fn - addons/simple_discord_relay/lua/autorun/server/sv_discord_relay.lua:150
   2. unknown - addons/ulxulib/lua/ulib/shared/hook.lua:109


L 01/29/2019 - 22:05:20: [FAdmin] DidVaitel (STEAM_0:1:74202541) Spawned
L 01/29/2019 - 22:05:20: [FAdmin] DidVaitel (STEAM_0:1:74202541) Attempted to pick up a keys
L 01/29/2019 - 22:05:20: [FAdmin] DidVaitel (STEAM_0:1:74202541) Attempted to pick up a weapon_physcannon
L 01/29/2019 - 22:05:20: [FAdmin] DidVaitel (STEAM_0:1:74202541) Attempted to pick up a gmod_camera
L 01/29/2019 - 22:05:20: [FAdmin] DidVaitel (STEAM_0:1:74202541) Attempted to pick up a gmod_tool
L 01/29/2019 - 22:05:20: [FAdmin] DidVaitel (STEAM_0:1:74202541) Attempted to pick up a pocket
L 01/29/2019 - 22:05:20: [FAdmin] DidVaitel (STEAM_0:1:74202541) Attempted to pick up a weapon_physgun
L 01/29/2019 - 22:05:20: [FAdmin] DidVaitel (STEAM_0:1:74202541) Attempted to pick up a weapon_keypadchecker
L 01/29/2019 - 22:05:20: [FAdmin] DidVaitel (STEAM_0:1:74202541) Attempted to pick up a door_ram
L 01/29/2019 - 22:05:20: [FAdmin] DidVaitel (STEAM_0:1:74202541) Attempted to pick up a arrest_stick
L 01/29/2019 - 22:05:20: [FAdmin] DidVaitel (STEAM_0:1:74202541) Attempted to pick up a unarrest_stick
L 01/29/2019 - 22:05:20: [FAdmin] DidVaitel (STEAM_0:1:74202541) Attempted to pick up a stunstick
L 01/29/2019 - 22:05:20: [FAdmin] DidVaitel (STEAM_0:1:74202541) Attempted to pick up a weaponchecker
L 01/29/2019 - 22:08:21: "SelecT^^<4><STEAM_0:0:99146775><>" connected, address "77.45.225.151:27005"
L 01/29/2019 - 22:08:21: "SelecT^^<4><STEAM_0:0:99146775><>" STEAM USERID validated
L 01/29/2019 - 22:09:16: [FAdmin] SelecT^^ (STEAM_0:0:99146775) is Authed
L 01/29/2019 - 22:09:16: [FAdmin] SelecT^^ (STEAM_0:0:99146775) Spawned for the first time
L 01/29/2019 - 22:09:16: [FAdmin] SelecT^^ (STEAM_0:0:99146775) Spawned
L 01/29/2019 - 22:09:16: "SelecT^^<4><STEAM_0:0:99146775><>" entered the game
L 01/29/2019 - 22:09:16: [FAdmin] SelecT^^ (STEAM_0:0:99146775) Attempted to pick up a keys
L 01/29/2019 - 22:09:16: [FAdmin] SelecT^^ (STEAM_0:0:99146775) Attempted to pick up a weapon_physcannon
L 01/29/2019 - 22:09:16: [FAdmin] SelecT^^ (STEAM_0:0:99146775) Attempted to pick up a gmod_camera
L 01/29/2019 - 22:09:16: [FAdmin] SelecT^^ (STEAM_0:0:99146775) Attempted to pick up a gmod_tool
L 01/29/2019 - 22:09:16: [FAdmin] SelecT^^ (STEAM_0:0:99146775) Attempted to pick up a pocket
L 01/29/2019 - 22:09:16: [FAdmin] SelecT^^ (STEAM_0:0:99146775) Attempted to pick up a weapon_physgun
L 01/29/2019 - 22:09:29: "SelecT^^<4><STEAM_0:0:99146775><>" disconnected (reason "Disconnect by user.")
L 01/29/2019 - 22:09:29: [FAdmin] SelecT^^ (STEAM_0:0:99146775) Disconnected
L 01/29/2019 - 22:16:32: [FAdmin] eLeCtrOssSnake (STEAM_0:1:164666257) Spawned
L 01/29/2019 - 22:16:32: [FAdmin] eLeCtrOssSnake (STEAM_0:1:164666257) Attempted to pick up a keys
L 01/29/2019 - 22:16:32: [FAdmin] eLeCtrOssSnake (STEAM_0:1:164666257) Attempted to pick up a weapon_physcannon
L 01/29/2019 - 22:16:32: [FAdmin] eLeCtrOssSnake (STEAM_0:1:164666257) Attempted to pick up a gmod_camera
L 01/29/2019 - 22:16:32: [FAdmin] eLeCtrOssSnake (STEAM_0:1:164666257) Attempted to pick up a gmod_tool
L 01/29/2019 - 22:16:32: [FAdmin] eLeCtrOssSnake (STEAM_0:1:164666257) Attempted to pick up a pocket
L 01/29/2019 - 22:16:32: [FAdmin] eLeCtrOssSnake (STEAM_0:1:164666257) Attempted to pick up a weapon_physgun
L 01/29/2019 - 22:16:34: [FAdmin] eLeCtrOssSnake (STEAM_0:1:164666257) Spawned a models/props_lab/blastdoor001c.mdl
L 01/29/2019 - 22:16:37: Lua Error: 
[ERROR] addons/simple_discord_relay/lua/autorun/server/sv_discord_relay.lua:150: attempt to call method 'Nick' (a nil value)
  1. fn - addons/simple_discord_relay/lua/autorun/server/sv_discord_relay.lua:150
   2. unknown - addons/ulxulib/lua/ulib/shared/hook.lua:109


L 01/29/2019 - 22:16:55: [FAdmin] DidVaitel (STEAM_0:1:74202541) Spawned
L 01/29/2019 - 22:16:55: [FAdmin] DidVaitel (STEAM_0:1:74202541) Attempted to pick up a keys
L 01/29/2019 - 22:16:55: [FAdmin] DidVaitel (STEAM_0:1:74202541) Attempted to pick up a weapon_physcannon
L 01/29/2019 - 22:16:55: [FAdmin] DidVaitel (STEAM_0:1:74202541) Attempted to pick up a gmod_camera
L 01/29/2019 - 22:16:55: [FAdmin] DidVaitel (STEAM_0:1:74202541) Attempted to pick up a gmod_tool
L 01/29/2019 - 22:16:55: [FAdmin] DidVaitel (STEAM_0:1:74202541) Attempted to pick up a pocket
L 01/29/2019 - 22:16:55: [FAdmin] DidVaitel (STEAM_0:1:74202541) Attempted to pick up a weapon_physgun
L 01/29/2019 - 22:16:55: [FAdmin] DidVaitel (STEAM_0:1:74202541) Attempted to pick up a weapon_keypadchecker
L 01/29/2019 - 22:16:55: [FAdmin] DidVaitel (STEAM_0:1:74202541) Attempted to pick up a door_ram
L 01/29/2019 - 22:16:55: [FAdmin] DidVaitel (STEAM_0:1:74202541) Attempted to pick up a arrest_stick
L 01/29/2019 - 22:16:55: [FAdmin] DidVaitel (STEAM_0:1:74202541) Attempted to pick up a unarrest_stick
L 01/29/2019 - 22:16:55: [FAdmin] DidVaitel (STEAM_0:1:74202541) Attempted to pick up a stunstick
L 01/29/2019 - 22:16:55: [FAdmin] DidVaitel (STEAM_0:1:74202541) Attempted to pick up a weaponchecker
L 01/29/2019 - 22:22:47: [FAdmin] eLeCtrOssSnake (STEAM_0:1:164666257) Attempted to switch noclip
L 01/29/2019 - 22:26:33: Lua Error: 
[ERROR] addons/simple_discord_relay/lua/autorun/server/sv_discord_relay.lua:150: attempt to call method 'Nick' (a nil value)
  1. fn - addons/simple_discord_relay/lua/autorun/server/sv_discord_relay.lua:150
   2. unknown - addons/ulxulib/lua/ulib/shared/hook.lua:109


L 01/29/2019 - 22:26:39: [FAdmin] eLeCtrOssSnake (STEAM_0:1:164666257) Spawned
L 01/29/2019 - 22:26:39: [FAdmin] eLeCtrOssSnake (STEAM_0:1:164666257) Attempted to pick up a keys
L 01/29/2019 - 22:26:39: [FAdmin] eLeCtrOssSnake (STEAM_0:1:164666257) Attempted to pick up a weapon_physcannon
L 01/29/2019 - 22:26:39: [FAdmin] eLeCtrOssSnake (STEAM_0:1:164666257) Attempted to pick up a gmod_camera
L 01/29/2019 - 22:26:39: [FAdmin] eLeCtrOssSnake (STEAM_0:1:164666257) Attempted to pick up a gmod_tool
L 01/29/2019 - 22:26:39: [FAdmin] eLeCtrOssSnake (STEAM_0:1:164666257) Attempted to pick up a pocket
L 01/29/2019 - 22:26:39: [FAdmin] eLeCtrOssSnake (STEAM_0:1:164666257) Attempted to pick up a weapon_physgun
L 01/29/2019 - 22:26:51: "DidVaitel<2><STEAM_0:1:74202541><Citizen>" say "ща"

L 01/29/2019 - 22:27:01: "eLeCtrOssSnake<3><STEAM_0:1:164666257><Citizen>" say "ок"

L 01/29/2019 - 22:31:16: [FAdmin] DidVaitel (STEAM_0:1:74202541) Attempted to switch noclip
L 01/29/2019 - 22:31:24: [FAdmin] DidVaitel (STEAM_0:1:74202541) Attempted to switch noclip
L 01/29/2019 - 22:31:26: [FAdmin] DidVaitel (STEAM_0:1:74202541) Attempted to switch noclip
L 01/29/2019 - 22:32:57: [FAdmin] eLeCtrOssSnake (STEAM_0:1:164666257) Attempted to switch noclip
L 01/29/2019 - 22:34:23: [FAdmin] DidVaitel (STEAM_0:1:74202541) Attempted to switch noclip
L 01/29/2019 - 22:34:28: [FAdmin] DidVaitel (STEAM_0:1:74202541) Attempted to switch noclip
L 01/29/2019 - 22:35:50: "eLeCtrOssSnake<3><STEAM_0:1:164666257><Citizen>" say "/buyhealth"

L 01/29/2019 - 22:35:50: "eLeCtrOssSnake<3><STEAM_0:1:164666257><Citizen>" say "/buyhealth"

L 01/29/2019 - 22:35:51: "eLeCtrOssSnake<3><STEAM_0:1:164666257><Citizen>" say "/buyhealth"

L 01/29/2019 - 22:35:52: "eLeCtrOssSnake<3><STEAM_0:1:164666257><Citizen>" say "/buyhealth"

L 01/29/2019 - 22:35:52: "eLeCtrOssSnake<3><STEAM_0:1:164666257><Citizen>" say "/buyhealth"

L 01/29/2019 - 22:35:53: "eLeCtrOssSnake<3><STEAM_0:1:164666257><Citizen>" say "/buyhealth"

L 01/29/2019 - 22:35:54: "eLeCtrOssSnake<3><STEAM_0:1:164666257><Citizen>" say "/buyhealth"

L 01/29/2019 - 22:35:54: "eLeCtrOssSnake<3><STEAM_0:1:164666257><Citizen>" say "/buyhealth"

L 01/29/2019 - 22:35:55: "eLeCtrOssSnake<3><STEAM_0:1:164666257><Citizen>" say "/buyhealth"

L 01/29/2019 - 22:35:56: "eLeCtrOssSnake<3><STEAM_0:1:164666257><Citizen>" say "/buyhealth"

L 01/29/2019 - 22:35:57: "eLeCtrOssSnake<3><STEAM_0:1:164666257><Citizen>" say "/buyhealth"

L 01/29/2019 - 22:35:57: "eLeCtrOssSnake<3><STEAM_0:1:164666257><Citizen>" say "/buyhealth"

L 01/29/2019 - 22:35:58: "eLeCtrOssSnake<3><STEAM_0:1:164666257><Citizen>" say "/buyhealth"

L 01/29/2019 - 22:35:59: "eLeCtrOssSnake<3><STEAM_0:1:164666257><Citizen>" say "/buyhealth"

L 01/29/2019 - 22:35:59: "eLeCtrOssSnake<3><STEAM_0:1:164666257><Citizen>" say "/buyhealth"

L 01/29/2019 - 22:36:00: "eLeCtrOssSnake<3><STEAM_0:1:164666257><Citizen>" say "/buyhealth"

L 01/29/2019 - 22:36:01: "eLeCtrOssSnake<3><STEAM_0:1:164666257><Citizen>" say "/buyhealth"

L 01/29/2019 - 22:36:01: "eLeCtrOssSnake<3><STEAM_0:1:164666257><Citizen>" say "/buyhealth"

L 01/29/2019 - 22:36:02: "eLeCtrOssSnake<3><STEAM_0:1:164666257><Citizen>" say "/buyhealth"

L 01/29/2019 - 22:36:03: "eLeCtrOssSnake<3><STEAM_0:1:164666257><Citizen>" say "/buyhealth"

L 01/29/2019 - 22:36:03: "eLeCtrOssSnake<3><STEAM_0:1:164666257><Citizen>" say "/buyhealth"

L 01/29/2019 - 22:36:04: "eLeCtrOssSnake<3><STEAM_0:1:164666257><Citizen>" say "/buyhealth"

L 01/29/2019 - 22:36:05: "eLeCtrOssSnake<3><STEAM_0:1:164666257><Citizen>" say "/buyhealth"

L 01/29/2019 - 22:36:05: "eLeCtrOssSnake<3><STEAM_0:1:164666257><Citizen>" say "/buyhealth"

L 01/29/2019 - 22:36:06: "eLeCtrOssSnake<3><STEAM_0:1:164666257><Citizen>" say "/buyhealth"

L 01/29/2019 - 22:36:07: "eLeCtrOssSnake<3><STEAM_0:1:164666257><Citizen>" say "/buyhealth"

L 01/29/2019 - 22:36:07: "eLeCtrOssSnake<3><STEAM_0:1:164666257><Citizen>" say "/buyhealth"

L 01/29/2019 - 22:36:08: "eLeCtrOssSnake<3><STEAM_0:1:164666257><Citizen>" say "/buyhealth"

L 01/29/2019 - 22:36:09: "eLeCtrOssSnake<3><STEAM_0:1:164666257><Citizen>" say "/buyhealth"

L 01/29/2019 - 22:36:10: "eLeCtrOssSnake<3><STEAM_0:1:164666257><Citizen>" say "/buyhealth"

L 01/29/2019 - 22:36:10: "eLeCtrOssSnake<3><STEAM_0:1:164666257><Citizen>" say "/buyhealth"

L 01/29/2019 - 22:36:11: "eLeCtrOssSnake<3><STEAM_0:1:164666257><Citizen>" say "/buyhealth"

L 01/29/2019 - 22:36:12: "eLeCtrOssSnake<3><STEAM_0:1:164666257><Citizen>" say "/buyhealth"

L 01/29/2019 - 22:36:12: "eLeCtrOssSnake<3><STEAM_0:1:164666257><Citizen>" say "/buyhealth"

L 01/29/2019 - 22:36:13: "eLeCtrOssSnake<3><STEAM_0:1:164666257><Citizen>" say "/buyhealth"

L 01/29/2019 - 22:36:14: "eLeCtrOssSnake<3><STEAM_0:1:164666257><Citizen>" say "/buyhealth"

L 01/29/2019 - 22:36:14: "eLeCtrOssSnake<3><STEAM_0:1:164666257><Citizen>" say "/buyhealth"

L 01/29/2019 - 22:36:15: "eLeCtrOssSnake<3><STEAM_0:1:164666257><Citizen>" say "/buyhealth"

L 01/29/2019 - 22:36:16: "eLeCtrOssSnake<3><STEAM_0:1:164666257><Citizen>" say "/buyhealth"

L 01/29/2019 - 22:36:17: "eLeCtrOssSnake<3><STEAM_0:1:164666257><Citizen>" say "/buyhealth"

L 01/29/2019 - 22:36:17: "eLeCtrOssSnake<3><STEAM_0:1:164666257><Citizen>" say "/buyhealth"

L 01/29/2019 - 22:36:18: "eLeCtrOssSnake<3><STEAM_0:1:164666257><Citizen>" say "/buyhealth"

L 01/29/2019 - 22:36:19: "eLeCtrOssSnake<3><STEAM_0:1:164666257><Citizen>" say "/buyhealth"

L 01/29/2019 - 22:36:19: "eLeCtrOssSnake<3><STEAM_0:1:164666257><Citizen>" say "/buyhealth"

L 01/29/2019 - 22:36:20: "eLeCtrOssSnake<3><STEAM_0:1:164666257><Citizen>" say "/buyhealth"

L 01/29/2019 - 22:36:21: "eLeCtrOssSnake<3><STEAM_0:1:164666257><Citizen>" say "/buyhealth"

L 01/29/2019 - 22:36:21: "eLeCtrOssSnake<3><STEAM_0:1:164666257><Citizen>" say "/buyhealth"

L 01/29/2019 - 22:36:22: "eLeCtrOssSnake<3><STEAM_0:1:164666257><Citizen>" say "/buyhealth"

L 01/29/2019 - 22:36:23: "eLeCtrOssSnake<3><STEAM_0:1:164666257><Citizen>" say "/buyhealth"

L 01/29/2019 - 22:36:23: "eLeCtrOssSnake<3><STEAM_0:1:164666257><Citizen>" say "/buyhealth"

L 01/29/2019 - 22:36:24: "eLeCtrOssSnake<3><STEAM_0:1:164666257><Citizen>" say "/buyhealth"

L 01/29/2019 - 22:36:25: "eLeCtrOssSnake<3><STEAM_0:1:164666257><Citizen>" say "/buyhealth"

L 01/29/2019 - 22:36:25: "eLeCtrOssSnake<3><STEAM_0:1:164666257><Citizen>" say "/buyhealth"

L 01/29/2019 - 22:36:26: [FAdmin] eLeCtrOssSnake (STEAM_0:1:164666257) Got killed by eLeCtrOssSnake with a player
L 01/29/2019 - 22:36:26: "eLeCtrOssSnake<3><STEAM_0:1:164666257><Citizen>" say "/buyhealth"

L 01/29/2019 - 22:36:28: [FAdmin] eLeCtrOssSnake (STEAM_0:1:164666257) Spawned
L 01/29/2019 - 22:36:29: [FAdmin] eLeCtrOssSnake (STEAM_0:1:164666257) Attempted to pick up a keys
L 01/29/2019 - 22:36:29: [FAdmin] eLeCtrOssSnake (STEAM_0:1:164666257) Attempted to pick up a weapon_physcannon
L 01/29/2019 - 22:36:29: [FAdmin] eLeCtrOssSnake (STEAM_0:1:164666257) Attempted to pick up a gmod_camera
L 01/29/2019 - 22:36:29: [FAdmin] eLeCtrOssSnake (STEAM_0:1:164666257) Attempted to pick up a gmod_tool
L 01/29/2019 - 22:36:29: [FAdmin] eLeCtrOssSnake (STEAM_0:1:164666257) Attempted to pick up a pocket
L 01/29/2019 - 22:36:29: [FAdmin] eLeCtrOssSnake (STEAM_0:1:164666257) Attempted to pick up a weapon_physgun
L 01/29/2019 - 22:36:36: [FAdmin] eLeCtrOssSnake (STEAM_0:1:164666257) Spawned a models/props_phx/construct/glass/glass_plate1x1.mdl
L 01/29/2019 - 22:36:39: [FAdmin] prop_physics(models/props_phx/construct/glass/glass_plate1x1.mdl) Got removed
L 01/29/2019 - 22:36:39: [FAdmin] prop_physics(models/props_lab/blastdoor001c.mdl) Got removed
L 01/29/2019 - 22:36:39: [FAdmin] prop_physics(models/props_lab/blastdoor001c.mdl) Got removed
L 01/29/2019 - 22:36:41: [FAdmin] prop_physics(models/props_lab/blastdoor001c.mdl) Got removed
L 01/29/2019 - 22:37:02: [FAdmin] eLeCtrOssSnake (STEAM_0:1:164666257) Attempted to switch noclip
L 01/29/2019 - 22:38:23: [FAdmin] eLeCtrOssSnake (STEAM_0:1:164666257) Attempted to switch noclip
L 01/29/2019 - 22:39:18: [FAdmin] eLeCtrOssSnake (STEAM_0:1:164666257) Spawned a models/props_c17/utilitypole01a.mdl
L 01/29/2019 - 22:39:40: [FAdmin] prop_physics(models/props_c17/utilitypole01a.mdl) Got removed
L 01/29/2019 - 22:39:41: [FAdmin] eLeCtrOssSnake (STEAM_0:1:164666257) Spawned a models/props_combine/breenglobe.mdl
L 01/29/2019 - 22:39:42: [FAdmin] eLeCtrOssSnake (STEAM_0:1:164666257) Spawned a models/props_combine/breenglobe.mdl
L 01/29/2019 - 22:39:42: [FAdmin] eLeCtrOssSnake (STEAM_0:1:164666257) Spawned a models/props_c17/utilitypole03a.mdl
L 01/29/2019 - 22:39:43: [FAdmin] eLeCtrOssSnake (STEAM_0:1:164666257) Spawned a models/props_docks/dock02_pole02a_256.mdl
L 01/29/2019 - 22:39:43: [FAdmin] eLeCtrOssSnake (STEAM_0:1:164666257) Spawned a models/props_docks/dock01_pole01a_128.mdl
L 01/29/2019 - 22:39:45: [FAdmin] prop_physics(models/props_docks/dock01_pole01a_128.mdl) Got removed
L 01/29/2019 - 22:39:46: [FAdmin] prop_physics(models/props_docks/dock02_pole02a_256.mdl) Got removed
L 01/29/2019 - 22:40:02: [FAdmin] prop_physics(models/props_c17/utilitypole03a.mdl) Got removed
L 01/29/2019 - 22:40:02: [FAdmin] prop_physics(models/props_combine/breenglobe.mdl) Got removed
L 01/29/2019 - 22:40:02: [FAdmin] prop_physics(models/props_combine/breenglobe.mdl) Got removed
L 01/29/2019 - 22:40:03: [FAdmin] eLeCtrOssSnake (STEAM_0:1:164666257) Spawned a models/props_docks/dock01_pole01a_128.mdl
L 01/29/2019 - 22:40:04: [FAdmin] eLeCtrOssSnake (STEAM_0:1:164666257) Spawned a models/props_docks/dock01_pole01a_128.mdl
L 01/29/2019 - 22:40:08: [FAdmin] prop_physics(models/props_docks/dock01_pole01a_128.mdl) Got removed
L 01/29/2019 - 22:40:09: [FAdmin] prop_physics(models/props_docks/dock01_pole01a_128.mdl) Got removed
L 01/29/2019 - 22:43:26: [FAdmin] eLeCtrOssSnake (STEAM_0:1:164666257) Attempted to switch noclip
L 01/29/2019 - 22:44:13: "eLeCtrOssSnake<3><STEAM_0:1:164666257><Citizen>" say "/buyhealth"

L 01/29/2019 - 22:44:14: "eLeCtrOssSnake<3><STEAM_0:1:164666257><Citizen>" say "/buyhealth"

L 01/29/2019 - 22:44:14: "eLeCtrOssSnake<3><STEAM_0:1:164666257><Citizen>" say "/buyhealth"

L 01/29/2019 - 22:44:15: "eLeCtrOssSnake<3><STEAM_0:1:164666257><Citizen>" say "/buyhealth"

L 01/29/2019 - 22:44:16: "eLeCtrOssSnake<3><STEAM_0:1:164666257><Citizen>" say "/buyhealth"

L 01/29/2019 - 22:44:16: "eLeCtrOssSnake<3><STEAM_0:1:164666257><Citizen>" say "/buyhealth"

L 01/29/2019 - 22:44:17: "eLeCtrOssSnake<3><STEAM_0:1:164666257><Citizen>" say "/buyhealth"

L 01/29/2019 - 22:44:18: "eLeCtrOssSnake<3><STEAM_0:1:164666257><Citizen>" say "/buyhealth"

L 01/29/2019 - 22:44:19: "eLeCtrOssSnake<3><STEAM_0:1:164666257><Citizen>" say "/buyhealth"

L 01/29/2019 - 22:44:19: "eLeCtrOssSnake<3><STEAM_0:1:164666257><Citizen>" say "/buyhealth"

L 01/29/2019 - 22:44:20: "eLeCtrOssSnake<3><STEAM_0:1:164666257><Citizen>" say "/buyhealth"

L 01/29/2019 - 22:44:21: "eLeCtrOssSnake<3><STEAM_0:1:164666257><Citizen>" say "/buyhealth"

L 01/29/2019 - 22:44:21: "eLeCtrOssSnake<3><STEAM_0:1:164666257><Citizen>" say "/buyhealth"

L 01/29/2019 - 22:44:22: "eLeCtrOssSnake<3><STEAM_0:1:164666257><Citizen>" say "/buyhealth"

L 01/29/2019 - 22:44:23: "eLeCtrOssSnake<3><STEAM_0:1:164666257><Citizen>" say "/buyhealth"

L 01/29/2019 - 22:44:23: "eLeCtrOssSnake<3><STEAM_0:1:164666257><Citizen>" say "/buyhealth"

L 01/29/2019 - 22:44:24: "eLeCtrOssSnake<3><STEAM_0:1:164666257><Citizen>" say "/buyhealth"

L 01/29/2019 - 22:44:25: "eLeCtrOssSnake<3><STEAM_0:1:164666257><Citizen>" say "/buyhealth"

L 01/29/2019 - 22:44:25: [FAdmin] eLeCtrOssSnake (STEAM_0:1:164666257) Got killed by eLeCtrOssSnake with a player
L 01/29/2019 - 22:44:26: [FAdmin] eLeCtrOssSnake (STEAM_0:1:164666257) Spawned
L 01/29/2019 - 22:44:26: [FAdmin] eLeCtrOssSnake (STEAM_0:1:164666257) Attempted to pick up a keys
L 01/29/2019 - 22:44:26: [FAdmin] eLeCtrOssSnake (STEAM_0:1:164666257) Attempted to pick up a weapon_physcannon
L 01/29/2019 - 22:44:26: [FAdmin] eLeCtrOssSnake (STEAM_0:1:164666257) Attempted to pick up a gmod_camera
L 01/29/2019 - 22:44:26: [FAdmin] eLeCtrOssSnake (STEAM_0:1:164666257) Attempted to pick up a gmod_tool
L 01/29/2019 - 22:44:26: [FAdmin] eLeCtrOssSnake (STEAM_0:1:164666257) Attempted to pick up a pocket
L 01/29/2019 - 22:44:26: [FAdmin] eLeCtrOssSnake (STEAM_0:1:164666257) Attempted to pick up a weapon_physgun
L 01/29/2019 - 22:50:40: [FAdmin] eLeCtrOssSnake (STEAM_0:1:164666257) Spawned a models/props_combine/breendesk.mdl
L 01/29/2019 - 22:50:43: [FAdmin] prop_physics(models/props_combine/breendesk.mdl) Got removed
L 01/29/2019 - 22:50:44: [FAdmin] eLeCtrOssSnake (STEAM_0:1:164666257) Got killed by eLeCtrOssSnake with a player
L 01/29/2019 - 22:50:44: "eLeCtrOssSnake<3><STEAM_0:1:164666257><Citizen>" say "/buyhealth"

L 01/29/2019 - 22:50:45: [FAdmin] eLeCtrOssSnake (STEAM_0:1:164666257) Spawned
L 01/29/2019 - 22:50:45: [FAdmin] eLeCtrOssSnake (STEAM_0:1:164666257) Attempted to pick up a keys
L 01/29/2019 - 22:50:45: [FAdmin] eLeCtrOssSnake (STEAM_0:1:164666257) Attempted to pick up a weapon_physcannon
L 01/29/2019 - 22:50:45: [FAdmin] eLeCtrOssSnake (STEAM_0:1:164666257) Attempted to pick up a gmod_camera
L 01/29/2019 - 22:50:45: [FAdmin] eLeCtrOssSnake (STEAM_0:1:164666257) Attempted to pick up a gmod_tool
L 01/29/2019 - 22:50:45: [FAdmin] eLeCtrOssSnake (STEAM_0:1:164666257) Attempted to pick up a pocket
L 01/29/2019 - 22:50:45: [FAdmin] eLeCtrOssSnake (STEAM_0:1:164666257) Attempted to pick up a weapon_physgun
L 01/29/2019 - 22:50:46: [FAdmin] eLeCtrOssSnake (STEAM_0:1:164666257) Spawned a models/props_combine/breendesk.mdl
L 01/29/2019 - 22:50:51: Lua Error: 
[ERROR] addons/simple_discord_relay/lua/autorun/server/sv_discord_relay.lua:150: attempt to call method 'Nick' (a nil value)
  1. fn - addons/simple_discord_relay/lua/autorun/server/sv_discord_relay.lua:150
   2. unknown - addons/ulxulib/lua/ulib/shared/hook.lua:109


L 01/29/2019 - 22:50:51: "eLeCtrOssSnake<3><STEAM_0:1:164666257><Citizen>" say "/buyhealth"

L 01/29/2019 - 22:50:52: [FAdmin] eLeCtrOssSnake (STEAM_0:1:164666257) Spawned
L 01/29/2019 - 22:50:52: [FAdmin] eLeCtrOssSnake (STEAM_0:1:164666257) Attempted to pick up a keys
L 01/29/2019 - 22:50:52: [FAdmin] eLeCtrOssSnake (STEAM_0:1:164666257) Attempted to pick up a weapon_physcannon
L 01/29/2019 - 22:50:52: [FAdmin] eLeCtrOssSnake (STEAM_0:1:164666257) Attempted to pick up a gmod_camera
L 01/29/2019 - 22:50:52: [FAdmin] eLeCtrOssSnake (STEAM_0:1:164666257) Attempted to pick up a gmod_tool
L 01/29/2019 - 22:50:52: [FAdmin] eLeCtrOssSnake (STEAM_0:1:164666257) Attempted to pick up a pocket
L 01/29/2019 - 22:50:52: [FAdmin] eLeCtrOssSnake (STEAM_0:1:164666257) Attempted to pick up a weapon_physgun
L 01/29/2019 - 22:50:52: [FAdmin] prop_physics(models/props_combine/breendesk.mdl) Got removed
L 01/29/2019 - 22:50:53: [FAdmin] eLeCtrOssSnake (STEAM_0:1:164666257) Spawned a models/props_combine/breendesk.mdl
L 01/29/2019 - 22:50:58: Lua Error: 
[ERROR] addons/simple_discord_relay/lua/autorun/server/sv_discord_relay.lua:150: attempt to call method 'Nick' (a nil value)
  1. fn - addons/simple_discord_relay/lua/autorun/server/sv_discord_relay.lua:150
   2. unknown - addons/ulxulib/lua/ulib/shared/hook.lua:109


L 01/29/2019 - 22:50:58: "eLeCtrOssSnake<3><STEAM_0:1:164666257><Citizen>" say "/buyhealth"

L 01/29/2019 - 22:50:58: [FAdmin] eLeCtrOssSnake (STEAM_0:1:164666257) Spawned
L 01/29/2019 - 22:50:59: [FAdmin] eLeCtrOssSnake (STEAM_0:1:164666257) Attempted to pick up a keys
L 01/29/2019 - 22:50:59: [FAdmin] eLeCtrOssSnake (STEAM_0:1:164666257) Attempted to pick up a weapon_physcannon
L 01/29/2019 - 22:50:59: [FAdmin] eLeCtrOssSnake (STEAM_0:1:164666257) Attempted to pick up a gmod_camera
L 01/29/2019 - 22:50:59: [FAdmin] eLeCtrOssSnake (STEAM_0:1:164666257) Attempted to pick up a gmod_tool
L 01/29/2019 - 22:50:59: [FAdmin] eLeCtrOssSnake (STEAM_0:1:164666257) Attempted to pick up a pocket
L 01/29/2019 - 22:50:59: [FAdmin] eLeCtrOssSnake (STEAM_0:1:164666257) Attempted to pick up a weapon_physgun
L 01/29/2019 - 22:51:00: [FAdmin] prop_physics(models/props_combine/breendesk.mdl) Got removed
L 01/29/2019 - 22:51:03: [FAdmin] eLeCtrOssSnake (STEAM_0:1:164666257) Spawned a models/props_combine/breendesk.mdl
L 01/29/2019 - 22:51:04: Lua Error: 
[ERROR] addons/simple_discord_relay/lua/autorun/server/sv_discord_relay.lua:150: attempt to call method 'Nick' (a nil value)
  1. fn - addons/simple_discord_relay/lua/autorun/server/sv_discord_relay.lua:150
   2. unknown - addons/ulxulib/lua/ulib/shared/hook.lua:109


L 01/29/2019 - 22:51:04: "eLeCtrOssSnake<3><STEAM_0:1:164666257><Citizen>" say "/buyhealth"

L 01/29/2019 - 22:51:04: [FAdmin] eLeCtrOssSnake (STEAM_0:1:164666257) Spawned
L 01/29/2019 - 22:51:04: [FAdmin] eLeCtrOssSnake (STEAM_0:1:164666257) Attempted to pick up a keys
L 01/29/2019 - 22:51:04: [FAdmin] eLeCtrOssSnake (STEAM_0:1:164666257) Attempted to pick up a weapon_physcannon
L 01/29/2019 - 22:51:04: [FAdmin] eLeCtrOssSnake (STEAM_0:1:164666257) Attempted to pick up a gmod_camera
L 01/29/2019 - 22:51:04: [FAdmin] eLeCtrOssSnake (STEAM_0:1:164666257) Attempted to pick up a gmod_tool
L 01/29/2019 - 22:51:04: [FAdmin] eLeCtrOssSnake (STEAM_0:1:164666257) Attempted to pick up a pocket
L 01/29/2019 - 22:51:04: [FAdmin] eLeCtrOssSnake (STEAM_0:1:164666257) Attempted to pick up a weapon_physgun
L 01/29/2019 - 22:51:06: [FAdmin] prop_physics(models/props_combine/breendesk.mdl) Got removed
L 01/29/2019 - 22:51:08: [FAdmin] eLeCtrOssSnake (STEAM_0:1:164666257) Spawned a models/props_combine/breendesk.mdl
L 01/29/2019 - 22:51:12: [FAdmin] prop_physics(models/props_combine/breendesk.mdl) Got removed
L 01/29/2019 - 22:51:13: [FAdmin] eLeCtrOssSnake (STEAM_0:1:164666257) Spawned a models/props_combine/breendesk.mdl
L 01/29/2019 - 22:51:25: [FAdmin] prop_physics(models/props_combine/breendesk.mdl) Got removed
L 01/29/2019 - 22:51:26: [FAdmin] eLeCtrOssSnake (STEAM_0:1:164666257) Spawned a models/props_combine/breendesk.mdl
L 01/29/2019 - 22:53:40: [FAdmin] eLeCtrOssSnake (STEAM_0:1:164666257) Attempted to switch noclip
L 01/29/2019 - 22:53:44: [FAdmin] prop_physics(models/props_combine/breendesk.mdl) Got removed
L 01/29/2019 - 22:53:50: [FAdmin] eLeCtrOssSnake (STEAM_0:1:164666257) Spawned a models/props_combine/breendesk.mdl
L 01/29/2019 - 22:54:05: "eLeCtrOssSnake<3><STEAM_0:1:164666257><Citizen>" say "/buyhealth"

L 01/29/2019 - 22:54:06: "eLeCtrOssSnake<3><STEAM_0:1:164666257><Citizen>" say "/buyhealth"

L 01/29/2019 - 22:54:06: "eLeCtrOssSnake<3><STEAM_0:1:164666257><Citizen>" say "/buyhealth"

L 01/29/2019 - 22:54:07: "eLeCtrOssSnake<3><STEAM_0:1:164666257><Citizen>" say "/buyhealth"

L 01/29/2019 - 22:54:08: "eLeCtrOssSnake<3><STEAM_0:1:164666257><Citizen>" say "/buyhealth"

L 01/29/2019 - 22:54:08: "eLeCtrOssSnake<3><STEAM_0:1:164666257><Citizen>" say "/buyhealth"

L 01/29/2019 - 22:54:09: "eLeCtrOssSnake<3><STEAM_0:1:164666257><Citizen>" say "/buyhealth"

L 01/29/2019 - 22:54:10: "eLeCtrOssSnake<3><STEAM_0:1:164666257><Citizen>" say "/buyhealth"

L 01/29/2019 - 22:54:10: "eLeCtrOssSnake<3><STEAM_0:1:164666257><Citizen>" say "/buyhealth"

L 01/29/2019 - 22:54:11: "eLeCtrOssSnake<3><STEAM_0:1:164666257><Citizen>" say "/buyhealth"

L 01/29/2019 - 22:54:12: "eLeCtrOssSnake<3><STEAM_0:1:164666257><Citizen>" say "/buyhealth"

L 01/29/2019 - 22:54:12: "eLeCtrOssSnake<3><STEAM_0:1:164666257><Citizen>" say "/buyhealth"

L 01/29/2019 - 22:54:13: "eLeCtrOssSnake<3><STEAM_0:1:164666257><Citizen>" say "/buyhealth"

L 01/29/2019 - 22:54:14: "eLeCtrOssSnake<3><STEAM_0:1:164666257><Citizen>" say "/buyhealth"

L 01/29/2019 - 22:54:15: "eLeCtrOssSnake<3><STEAM_0:1:164666257><Citizen>" say "/buyhealth"

L 01/29/2019 - 22:54:15: "eLeCtrOssSnake<3><STEAM_0:1:164666257><Citizen>" say "/buyhealth"

L 01/29/2019 - 22:54:16: "eLeCtrOssSnake<3><STEAM_0:1:164666257><Citizen>" say "/buyhealth"

L 01/29/2019 - 22:54:17: "eLeCtrOssSnake<3><STEAM_0:1:164666257><Citizen>" say "/buyhealth"

L 01/29/2019 - 22:54:17: "eLeCtrOssSnake<3><STEAM_0:1:164666257><Citizen>" say "/buyhealth"

L 01/29/2019 - 22:54:18: "eLeCtrOssSnake<3><STEAM_0:1:164666257><Citizen>" say "/buyhealth"

L 01/29/2019 - 22:54:19: "eLeCtrOssSnake<3><STEAM_0:1:164666257><Citizen>" say "/buyhealth"

L 01/29/2019 - 22:54:19: "eLeCtrOssSnake<3><STEAM_0:1:164666257><Citizen>" say "/buyhealth"

L 01/29/2019 - 22:54:20: "eLeCtrOssSnake<3><STEAM_0:1:164666257><Citizen>" say "/buyhealth"

L 01/29/2019 - 22:54:21: "eLeCtrOssSnake<3><STEAM_0:1:164666257><Citizen>" say "/buyhealth"

L 01/29/2019 - 22:54:22: "eLeCtrOssSnake<3><STEAM_0:1:164666257><Citizen>" say "/buyhealth"

L 01/29/2019 - 22:54:22: "eLeCtrOssSnake<3><STEAM_0:1:164666257><Citizen>" say "/buyhealth"

L 01/29/2019 - 22:54:23: "eLeCtrOssSnake<3><STEAM_0:1:164666257><Citizen>" say "/buyhealth"

L 01/29/2019 - 22:54:24: "eLeCtrOssSnake<3><STEAM_0:1:164666257><Citizen>" say "/buyhealth"

L 01/29/2019 - 22:54:24: "eLeCtrOssSnake<3><STEAM_0:1:164666257><Citizen>" say "/buyhealth"

L 01/29/2019 - 22:54:25: "eLeCtrOssSnake<3><STEAM_0:1:164666257><Citizen>" say "/buyhealth"

L 01/29/2019 - 22:54:26: "eLeCtrOssSnake<3><STEAM_0:1:164666257><Citizen>" say "/buyhealth"

L 01/29/2019 - 22:54:27: "eLeCtrOssSnake<3><STEAM_0:1:164666257><Citizen>" say "/buyhealth"

L 01/29/2019 - 22:54:27: "eLeCtrOssSnake<3><STEAM_0:1:164666257><Citizen>" say "/buyhealth"

L 01/29/2019 - 22:54:28: "eLeCtrOssSnake<3><STEAM_0:1:164666257><Citizen>" say "/buyhealth"

L 01/29/2019 - 22:54:29: "eLeCtrOssSnake<3><STEAM_0:1:164666257><Citizen>" say "/buyhealth"

L 01/29/2019 - 22:54:29: [FAdmin] prop_physics(models/props_combine/breendesk.mdl) Got removed
L 01/29/2019 - 22:54:29: "eLeCtrOssSnake<3><STEAM_0:1:164666257><Citizen>" say "/buyhealth"

L 01/29/2019 - 22:54:30: "eLeCtrOssSnake<3><STEAM_0:1:164666257><Citizen>" say "/buyhealth"

L 01/29/2019 - 22:54:30: [FAdmin] eLeCtrOssSnake (STEAM_0:1:164666257) Spawned a models/props_combine/breendesk.mdl
L 01/29/2019 - 22:54:31: "eLeCtrOssSnake<3><STEAM_0:1:164666257><Citizen>" say "/buyhealth"

L 01/29/2019 - 22:54:31: "eLeCtrOssSnake<3><STEAM_0:1:164666257><Citizen>" say "/buyhealth"

L 01/29/2019 - 22:54:32: "eLeCtrOssSnake<3><STEAM_0:1:164666257><Citizen>" say "/buyhealth"

L 01/29/2019 - 22:54:33: "eLeCtrOssSnake<3><STEAM_0:1:164666257><Citizen>" say "/buyhealth"

L 01/29/2019 - 22:54:34: "eLeCtrOssSnake<3><STEAM_0:1:164666257><Citizen>" say "/buyhealth"

L 01/29/2019 - 22:54:34: "eLeCtrOssSnake<3><STEAM_0:1:164666257><Citizen>" say "/buyhealth"

L 01/29/2019 - 22:54:35: "eLeCtrOssSnake<3><STEAM_0:1:164666257><Citizen>" say "/buyhealth"

L 01/29/2019 - 22:54:36: "eLeCtrOssSnake<3><STEAM_0:1:164666257><Citizen>" say "/buyhealth"

L 01/29/2019 - 22:54:36: [FAdmin] prop_physics(models/props_combine/breendesk.mdl) Got removed
L 01/29/2019 - 22:54:36: "eLeCtrOssSnake<3><STEAM_0:1:164666257><Citizen>" say "/buyhealth"

L 01/29/2019 - 22:54:37: "eLeCtrOssSnake<3><STEAM_0:1:164666257><Citizen>" say "/buyhealth"

L 01/29/2019 - 22:54:38: "eLeCtrOssSnake<3><STEAM_0:1:164666257><Citizen>" say "/buyhealth"

L 01/29/2019 - 22:54:39: "eLeCtrOssSnake<3><STEAM_0:1:164666257><Citizen>" say "/buyhealth"

L 01/29/2019 - 22:54:39: "eLeCtrOssSnake<3><STEAM_0:1:164666257><Citizen>" say "/buyhealth"

L 01/29/2019 - 22:54:40: "eLeCtrOssSnake<3><STEAM_0:1:164666257><Citizen>" say "/buyhealth"

L 01/29/2019 - 22:54:41: "eLeCtrOssSnake<3><STEAM_0:1:164666257><Citizen>" say "/buyhealth"

L 01/29/2019 - 22:54:42: "eLeCtrOssSnake<3><STEAM_0:1:164666257><Citizen>" say "/buyhealth"

L 01/29/2019 - 22:54:42: "eLeCtrOssSnake<3><STEAM_0:1:164666257><Citizen>" say "/buyhealth"

L 01/29/2019 - 22:54:43: "eLeCtrOssSnake<3><STEAM_0:1:164666257><Citizen>" say "/buyhealth"

L 01/29/2019 - 22:54:44: "eLeCtrOssSnake<3><STEAM_0:1:164666257><Citizen>" say "/buyhealth"

L 01/29/2019 - 22:54:44: "eLeCtrOssSnake<3><STEAM_0:1:164666257><Citizen>" say "/buyhealth"

L 01/29/2019 - 22:54:45: "eLeCtrOssSnake<3><STEAM_0:1:164666257><Citizen>" say "/buyhealth"

L 01/29/2019 - 22:54:46: "eLeCtrOssSnake<3><STEAM_0:1:164666257><Citizen>" say "/buyhealth"

L 01/29/2019 - 22:54:47: "eLeCtrOssSnake<3><STEAM_0:1:164666257><Citizen>" say "/buyhealth"

L 01/29/2019 - 22:54:47: "eLeCtrOssSnake<3><STEAM_0:1:164666257><Citizen>" say "/buyhealth"

L 01/29/2019 - 22:54:48: "eLeCtrOssSnake<3><STEAM_0:1:164666257><Citizen>" say "/buyhealth"

L 01/29/2019 - 22:54:49: "eLeCtrOssSnake<3><STEAM_0:1:164666257><Citizen>" say "/buyhealth"

L 01/29/2019 - 22:54:49: "eLeCtrOssSnake<3><STEAM_0:1:164666257><Citizen>" say "/buyhealth"

L 01/29/2019 - 22:54:50: "eLeCtrOssSnake<3><STEAM_0:1:164666257><Citizen>" say "/buyhealth"

L 01/29/2019 - 22:54:51: "eLeCtrOssSnake<3><STEAM_0:1:164666257><Citizen>" say "/buyhealth"

L 01/29/2019 - 22:54:51: "eLeCtrOssSnake<3><STEAM_0:1:164666257><Citizen>" say "/buyhealth"

L 01/29/2019 - 22:54:52: "eLeCtrOssSnake<3><STEAM_0:1:164666257><Citizen>" say "/buyhealth"

L 01/29/2019 - 22:54:53: "eLeCtrOssSnake<3><STEAM_0:1:164666257><Citizen>" say "/buyhealth"

L 01/29/2019 - 22:54:54: "eLeCtrOssSnake<3><STEAM_0:1:164666257><Citizen>" say "/buyhealth"

L 01/29/2019 - 22:54:54: "eLeCtrOssSnake<3><STEAM_0:1:164666257><Citizen>" say "/buyhealth"

L 01/29/2019 - 22:54:55: "eLeCtrOssSnake<3><STEAM_0:1:164666257><Citizen>" say "/buyhealth"

L 01/29/2019 - 22:54:56: "eLeCtrOssSnake<3><STEAM_0:1:164666257><Citizen>" say "/buyhealth"

L 01/29/2019 - 22:54:56: "eLeCtrOssSnake<3><STEAM_0:1:164666257><Citizen>" say "/buyhealth"

L 01/29/2019 - 22:54:57: "eLeCtrOssSnake<3><STEAM_0:1:164666257><Citizen>" say "/buyhealth"

L 01/29/2019 - 22:54:58: "eLeCtrOssSnake<3><STEAM_0:1:164666257><Citizen>" say "/buyhealth"

L 01/29/2019 - 22:54:58: "eLeCtrOssSnake<3><STEAM_0:1:164666257><Citizen>" say "/buyhealth"

L 01/29/2019 - 22:54:59: "eLeCtrOssSnake<3><STEAM_0:1:164666257><Citizen>" say "/buyhealth"

L 01/29/2019 - 22:55:00: "eLeCtrOssSnake<3><STEAM_0:1:164666257><Citizen>" say "/buyhealth"

L 01/29/2019 - 22:55:01: "eLeCtrOssSnake<3><STEAM_0:1:164666257><Citizen>" say "/buyhealth"

L 01/29/2019 - 22:55:01: "eLeCtrOssSnake<3><STEAM_0:1:164666257><Citizen>" say "/buyhealth"

L 01/29/2019 - 22:55:02: "eLeCtrOssSnake<3><STEAM_0:1:164666257><Citizen>" say "/buyhealth"

L 01/29/2019 - 22:55:03: "eLeCtrOssSnake<3><STEAM_0:1:164666257><Citizen>" say "/buyhealth"

L 01/29/2019 - 22:55:03: "eLeCtrOssSnake<3><STEAM_0:1:164666257><Citizen>" say "/buyhealth"

L 01/29/2019 - 22:55:04: "eLeCtrOssSnake<3><STEAM_0:1:164666257><Citizen>" say "/buyhealth"

L 01/29/2019 - 22:55:05: "eLeCtrOssSnake<3><STEAM_0:1:164666257><Citizen>" say "/buyhealth"

L 01/29/2019 - 22:55:06: "eLeCtrOssSnake<3><STEAM_0:1:164666257><Citizen>" say "/buyhealth"

L 01/29/2019 - 22:55:06: "eLeCtrOssSnake<3><STEAM_0:1:164666257><Citizen>" say "/buyhealth"

L 01/29/2019 - 22:55:07: "eLeCtrOssSnake<3><STEAM_0:1:164666257><Citizen>" say "/buyhealth"

L 01/29/2019 - 22:55:08: "eLeCtrOssSnake<3><STEAM_0:1:164666257><Citizen>" say "/buyhealth"

L 01/29/2019 - 22:55:08: "eLeCtrOssSnake<3><STEAM_0:1:164666257><Citizen>" say "/buyhealth"

L 01/29/2019 - 22:55:09: "eLeCtrOssSnake<3><STEAM_0:1:164666257><Citizen>" say "/buyhealth"

L 01/29/2019 - 22:55:10: "eLeCtrOssSnake<3><STEAM_0:1:164666257><Citizen>" say "/buyhealth"

L 01/29/2019 - 22:55:10: "eLeCtrOssSnake<3><STEAM_0:1:164666257><Citizen>" say "/buyhealth"

L 01/29/2019 - 22:55:11: "eLeCtrOssSnake<3><STEAM_0:1:164666257><Citizen>" say "/buyhealth"

L 01/29/2019 - 22:55:12: "eLeCtrOssSnake<3><STEAM_0:1:164666257><Citizen>" say "/buyhealth"

L 01/29/2019 - 22:55:12: "eLeCtrOssSnake<3><STEAM_0:1:164666257><Citizen>" say "/buyhealth"

L 01/29/2019 - 22:55:13: "eLeCtrOssSnake<3><STEAM_0:1:164666257><Citizen>" say "/buyhealth"

L 01/29/2019 - 22:55:14: "eLeCtrOssSnake<3><STEAM_0:1:164666257><Citizen>" say "/buyhealth"

L 01/29/2019 - 22:55:15: "eLeCtrOssSnake<3><STEAM_0:1:164666257><Citizen>" say "/buyhealth"

L 01/29/2019 - 22:55:15: "eLeCtrOssSnake<3><STEAM_0:1:164666257><Citizen>" say "/buyhealth"

L 01/29/2019 - 22:55:16: "eLeCtrOssSnake<3><STEAM_0:1:164666257><Citizen>" say "/buyhealth"

L 01/29/2019 - 22:55:17: "eLeCtrOssSnake<3><STEAM_0:1:164666257><Citizen>" say "/buyhealth"

L 01/29/2019 - 22:55:17: "eLeCtrOssSnake<3><STEAM_0:1:164666257><Citizen>" say "/buyhealth"

L 01/29/2019 - 22:55:18: "eLeCtrOssSnake<3><STEAM_0:1:164666257><Citizen>" say "/buyhealth"

L 01/29/2019 - 22:55:19: "eLeCtrOssSnake<3><STEAM_0:1:164666257><Citizen>" say "/buyhealth"

L 01/29/2019 - 22:55:20: "eLeCtrOssSnake<3><STEAM_0:1:164666257><Citizen>" say "/buyhealth"

L 01/29/2019 - 22:55:20: "eLeCtrOssSnake<3><STEAM_0:1:164666257><Citizen>" say "/buyhealth"

L 01/29/2019 - 22:55:21: "eLeCtrOssSnake<3><STEAM_0:1:164666257><Citizen>" say "/buyhealth"

L 01/29/2019 - 22:55:22: "eLeCtrOssSnake<3><STEAM_0:1:164666257><Citizen>" say "/buyhealth"

L 01/29/2019 - 22:55:22: "eLeCtrOssSnake<3><STEAM_0:1:164666257><Citizen>" say "/buyhealth"

L 01/29/2019 - 22:55:23: "eLeCtrOssSnake<3><STEAM_0:1:164666257><Citizen>" say "/buyhealth"

L 01/29/2019 - 22:55:24: "eLeCtrOssSnake<3><STEAM_0:1:164666257><Citizen>" say "/buyhealth"

L 01/29/2019 - 22:55:25: "eLeCtrOssSnake<3><STEAM_0:1:164666257><Citizen>" say "/buyhealth"

L 01/29/2019 - 22:55:25: "eLeCtrOssSnake<3><STEAM_0:1:164666257><Citizen>" say "/buyhealth"

L 01/29/2019 - 22:55:26: "eLeCtrOssSnake<3><STEAM_0:1:164666257><Citizen>" say "/buyhealth"

L 01/29/2019 - 22:55:27: "eLeCtrOssSnake<3><STEAM_0:1:164666257><Citizen>" say "/buyhealth"

L 01/29/2019 - 22:55:27: "eLeCtrOssSnake<3><STEAM_0:1:164666257><Citizen>" say "/buyhealth"

L 01/29/2019 - 22:55:28: "eLeCtrOssSnake<3><STEAM_0:1:164666257><Citizen>" say "/buyhealth"

L 01/29/2019 - 22:55:29: "eLeCtrOssSnake<3><STEAM_0:1:164666257><Citizen>" say "/buyhealth"

L 01/29/2019 - 22:55:29: "eLeCtrOssSnake<3><STEAM_0:1:164666257><Citizen>" say "/buyhealth"

L 01/29/2019 - 22:55:30: "eLeCtrOssSnake<3><STEAM_0:1:164666257><Citizen>" say "/buyhealth"

L 01/29/2019 - 22:55:31: "eLeCtrOssSnake<3><STEAM_0:1:164666257><Citizen>" say "/buyhealth"

L 01/29/2019 - 22:55:32: "eLeCtrOssSnake<3><STEAM_0:1:164666257><Citizen>" say "/buyhealth"

L 01/29/2019 - 22:55:32: "eLeCtrOssSnake<3><STEAM_0:1:164666257><Citizen>" say "/buyhealth"

L 01/29/2019 - 22:55:33: "eLeCtrOssSnake<3><STEAM_0:1:164666257><Citizen>" say "/buyhealth"

L 01/29/2019 - 22:55:34: "eLeCtrOssSnake<3><STEAM_0:1:164666257><Citizen>" say "/buyhealth"

L 01/29/2019 - 22:55:35: "eLeCtrOssSnake<3><STEAM_0:1:164666257><Citizen>" say "/buyhealth"

L 01/29/2019 - 22:55:35: "eLeCtrOssSnake<3><STEAM_0:1:164666257><Citizen>" say "/buyhealth"

L 01/29/2019 - 22:55:36: "eLeCtrOssSnake<3><STEAM_0:1:164666257><Citizen>" say "/buyhealth"

L 01/29/2019 - 22:55:37: "eLeCtrOssSnake<3><STEAM_0:1:164666257><Citizen>" say "/buyhealth"

L 01/29/2019 - 22:55:38: "eLeCtrOssSnake<3><STEAM_0:1:164666257><Citizen>" say "/buyhealth"

L 01/29/2019 - 22:55:38: "eLeCtrOssSnake<3><STEAM_0:1:164666257><Citizen>" say "/buyhealth"

L 01/29/2019 - 22:55:39: "eLeCtrOssSnake<3><STEAM_0:1:164666257><Citizen>" say "/buyhealth"

L 01/29/2019 - 22:55:40: "eLeCtrOssSnake<3><STEAM_0:1:164666257><Citizen>" say "/buyhealth"

L 01/29/2019 - 22:55:41: "eLeCtrOssSnake<3><STEAM_0:1:164666257><Citizen>" say "/buyhealth"

L 01/29/2019 - 22:55:41: "eLeCtrOssSnake<3><STEAM_0:1:164666257><Citizen>" say "/buyhealth"

L 01/29/2019 - 22:55:42: "eLeCtrOssSnake<3><STEAM_0:1:164666257><Citizen>" say "/buyhealth"

L 01/29/2019 - 22:55:43: "eLeCtrOssSnake<3><STEAM_0:1:164666257><Citizen>" say "/buyhealth"

L 01/29/2019 - 22:55:44: "eLeCtrOssSnake<3><STEAM_0:1:164666257><Citizen>" say "/buyhealth"

L 01/29/2019 - 22:55:44: "eLeCtrOssSnake<3><STEAM_0:1:164666257><Citizen>" say "/buyhealth"

L 01/29/2019 - 22:55:45: "eLeCtrOssSnake<3><STEAM_0:1:164666257><Citizen>" say "/buyhealth"

L 01/29/2019 - 22:55:46: "eLeCtrOssSnake<3><STEAM_0:1:164666257><Citizen>" say "/buyhealth"

L 01/29/2019 - 22:55:46: "eLeCtrOssSnake<3><STEAM_0:1:164666257><Citizen>" say "/buyhealth"

L 01/29/2019 - 22:55:47: "eLeCtrOssSnake<3><STEAM_0:1:164666257><Citizen>" say "/buyhealth"

L 01/29/2019 - 22:55:48: "eLeCtrOssSnake<3><STEAM_0:1:164666257><Citizen>" say "/buyhealth"

L 01/29/2019 - 22:55:48: "eLeCtrOssSnake<3><STEAM_0:1:164666257><Citizen>" say "/buyhealth"

L 01/29/2019 - 22:55:49: "eLeCtrOssSnake<3><STEAM_0:1:164666257><Citizen>" say "/buyhealth"

L 01/29/2019 - 22:55:50: "eLeCtrOssSnake<3><STEAM_0:1:164666257><Citizen>" say "/buyhealth"

L 01/29/2019 - 22:55:50: "eLeCtrOssSnake<3><STEAM_0:1:164666257><Citizen>" say "/buyhealth"

L 01/29/2019 - 22:55:51: "eLeCtrOssSnake<3><STEAM_0:1:164666257><Citizen>" say "/buyhealth"

L 01/29/2019 - 22:55:52: "eLeCtrOssSnake<3><STEAM_0:1:164666257><Citizen>" say "/buyhealth"

L 01/29/2019 - 22:55:53: "eLeCtrOssSnake<3><STEAM_0:1:164666257><Citizen>" say "/buyhealth"

L 01/29/2019 - 22:55:53: "eLeCtrOssSnake<3><STEAM_0:1:164666257><Citizen>" say "/buyhealth"

L 01/29/2019 - 22:55:54: "eLeCtrOssSnake<3><STEAM_0:1:164666257><Citizen>" say "/buyhealth"

L 01/29/2019 - 22:55:55: "eLeCtrOssSnake<3><STEAM_0:1:164666257><Citizen>" say "/buyhealth"

L 01/29/2019 - 22:55:55: "eLeCtrOssSnake<3><STEAM_0:1:164666257><Citizen>" say "/buyhealth"

L 01/29/2019 - 22:55:56: "eLeCtrOssSnake<3><STEAM_0:1:164666257><Citizen>" say "/buyhealth"

L 01/29/2019 - 22:55:57: "eLeCtrOssSnake<3><STEAM_0:1:164666257><Citizen>" say "/buyhealth"

L 01/29/2019 - 22:55:57: "eLeCtrOssSnake<3><STEAM_0:1:164666257><Citizen>" say "/buyhealth"

L 01/29/2019 - 22:55:58: "eLeCtrOssSnake<3><STEAM_0:1:164666257><Citizen>" say "/buyhealth"

L 01/29/2019 - 22:55:59: "eLeCtrOssSnake<3><STEAM_0:1:164666257><Citizen>" say "/buyhealth"

L 01/29/2019 - 22:56:00: "eLeCtrOssSnake<3><STEAM_0:1:164666257><Citizen>" say "/buyhealth"

L 01/29/2019 - 22:56:00: "eLeCtrOssSnake<3><STEAM_0:1:164666257><Citizen>" say "/buyhealth"

L 01/29/2019 - 22:56:01: "eLeCtrOssSnake<3><STEAM_0:1:164666257><Citizen>" say "/buyhealth"

L 01/29/2019 - 22:56:02: "eLeCtrOssSnake<3><STEAM_0:1:164666257><Citizen>" say "/buyhealth"

L 01/29/2019 - 22:56:02: "eLeCtrOssSnake<3><STEAM_0:1:164666257><Citizen>" say "/buyhealth"

L 01/29/2019 - 22:56:03: "eLeCtrOssSnake<3><STEAM_0:1:164666257><Citizen>" say "/buyhealth"

L 01/29/2019 - 22:56:04: "eLeCtrOssSnake<3><STEAM_0:1:164666257><Citizen>" say "/buyhealth"

L 01/29/2019 - 22:56:04: "eLeCtrOssSnake<3><STEAM_0:1:164666257><Citizen>" say "/buyhealth"

L 01/29/2019 - 22:56:05: "eLeCtrOssSnake<3><STEAM_0:1:164666257><Citizen>" say "/buyhealth"

L 01/29/2019 - 22:56:06: "eLeCtrOssSnake<3><STEAM_0:1:164666257><Citizen>" say "/buyhealth"

L 01/29/2019 - 22:56:07: "eLeCtrOssSnake<3><STEAM_0:1:164666257><Citizen>" say "/buyhealth"

L 01/29/2019 - 22:56:07: "eLeCtrOssSnake<3><STEAM_0:1:164666257><Citizen>" say "/buyhealth"

L 01/29/2019 - 22:56:08: "eLeCtrOssSnake<3><STEAM_0:1:164666257><Citizen>" say "/buyhealth"

L 01/29/2019 - 22:56:09: "eLeCtrOssSnake<3><STEAM_0:1:164666257><Citizen>" say "/buyhealth"

L 01/29/2019 - 22:56:09: "eLeCtrOssSnake<3><STEAM_0:1:164666257><Citizen>" say "/buyhealth"

L 01/29/2019 - 22:56:10: "eLeCtrOssSnake<3><STEAM_0:1:164666257><Citizen>" say "/buyhealth"

L 01/29/2019 - 22:56:11: "eLeCtrOssSnake<3><STEAM_0:1:164666257><Citizen>" say "/buyhealth"

L 01/29/2019 - 22:56:11: "eLeCtrOssSnake<3><STEAM_0:1:164666257><Citizen>" say "/buyhealth"

L 01/29/2019 - 22:56:12: "eLeCtrOssSnake<3><STEAM_0:1:164666257><Citizen>" say "/buyhealth"

L 01/29/2019 - 22:56:13: "eLeCtrOssSnake<3><STEAM_0:1:164666257><Citizen>" say "/buyhealth"

L 01/29/2019 - 22:56:14: "eLeCtrOssSnake<3><STEAM_0:1:164666257><Citizen>" say "/buyhealth"

L 01/29/2019 - 22:56:14: "eLeCtrOssSnake<3><STEAM_0:1:164666257><Citizen>" say "/buyhealth"

L 01/29/2019 - 22:56:15: "eLeCtrOssSnake<3><STEAM_0:1:164666257><Citizen>" say "/buyhealth"

L 01/29/2019 - 22:56:16: "eLeCtrOssSnake<3><STEAM_0:1:164666257><Citizen>" say "/buyhealth"

L 01/29/2019 - 22:56:16: "eLeCtrOssSnake<3><STEAM_0:1:164666257><Citizen>" say "/buyhealth"

L 01/29/2019 - 22:56:17: "eLeCtrOssSnake<3><STEAM_0:1:164666257><Citizen>" say "/buyhealth"

L 01/29/2019 - 22:56:18: "eLeCtrOssSnake<3><STEAM_0:1:164666257><Citizen>" say "/buyhealth"

L 01/29/2019 - 22:56:18: "eLeCtrOssSnake<3><STEAM_0:1:164666257><Citizen>" say "/buyhealth"

L 01/29/2019 - 22:56:19: "eLeCtrOssSnake<3><STEAM_0:1:164666257><Citizen>" say "/buyhealth"

L 01/29/2019 - 22:56:20: "eLeCtrOssSnake<3><STEAM_0:1:164666257><Citizen>" say "/buyhealth"

L 01/29/2019 - 22:56:20: "eLeCtrOssSnake<3><STEAM_0:1:164666257><Citizen>" say "/buyhealth"

L 01/29/2019 - 22:56:21: "eLeCtrOssSnake<3><STEAM_0:1:164666257><Citizen>" say "/buyhealth"

L 01/29/2019 - 22:56:22: "eLeCtrOssSnake<3><STEAM_0:1:164666257><Citizen>" say "/buyhealth"

L 01/29/2019 - 22:56:23: "eLeCtrOssSnake<3><STEAM_0:1:164666257><Citizen>" say "/buyhealth"

L 01/29/2019 - 22:56:23: "eLeCtrOssSnake<3><STEAM_0:1:164666257><Citizen>" say "/buyhealth"

L 01/29/2019 - 22:56:24: "eLeCtrOssSnake<3><STEAM_0:1:164666257><Citizen>" say "/buyhealth"

L 01/29/2019 - 22:56:25: "eLeCtrOssSnake<3><STEAM_0:1:164666257><Citizen>" say "/buyhealth"

L 01/29/2019 - 22:56:25: "eLeCtrOssSnake<3><STEAM_0:1:164666257><Citizen>" say "/buyhealth"

L 01/29/2019 - 22:56:26: "eLeCtrOssSnake<3><STEAM_0:1:164666257><Citizen>" say "/buyhealth"

L 01/29/2019 - 22:56:27: "eLeCtrOssSnake<3><STEAM_0:1:164666257><Citizen>" say "/buyhealth"

L 01/29/2019 - 22:56:28: "eLeCtrOssSnake<3><STEAM_0:1:164666257><Citizen>" say "/buyhealth"

L 01/29/2019 - 22:56:28: "eLeCtrOssSnake<3><STEAM_0:1:164666257><Citizen>" say "/buyhealth"

L 01/29/2019 - 22:56:29: "eLeCtrOssSnake<3><STEAM_0:1:164666257><Citizen>" say "/buyhealth"

L 01/29/2019 - 22:56:30: "eLeCtrOssSnake<3><STEAM_0:1:164666257><Citizen>" say "/buyhealth"

L 01/29/2019 - 22:56:30: "eLeCtrOssSnake<3><STEAM_0:1:164666257><Citizen>" say "/buyhealth"

L 01/29/2019 - 22:56:31: "eLeCtrOssSnake<3><STEAM_0:1:164666257><Citizen>" say "/buyhealth"

L 01/29/2019 - 22:56:32: "eLeCtrOssSnake<3><STEAM_0:1:164666257><Citizen>" say "/buyhealth"

L 01/29/2019 - 22:56:33: "eLeCtrOssSnake<3><STEAM_0:1:164666257><Citizen>" say "/buyhealth"

L 01/29/2019 - 22:56:33: "eLeCtrOssSnake<3><STEAM_0:1:164666257><Citizen>" say "/buyhealth"

L 01/29/2019 - 22:56:34: "eLeCtrOssSnake<3><STEAM_0:1:164666257><Citizen>" say "/buyhealth"

L 01/29/2019 - 22:56:35: "eLeCtrOssSnake<3><STEAM_0:1:164666257><Citizen>" say "/buyhealth"

L 01/29/2019 - 22:56:35: "eLeCtrOssSnake<3><STEAM_0:1:164666257><Citizen>" say "/buyhealth"

L 01/29/2019 - 22:56:36: "eLeCtrOssSnake<3><STEAM_0:1:164666257><Citizen>" say "/buyhealth"

L 01/29/2019 - 22:56:37: "eLeCtrOssSnake<3><STEAM_0:1:164666257><Citizen>" say "/buyhealth"

L 01/29/2019 - 22:56:37: "eLeCtrOssSnake<3><STEAM_0:1:164666257><Citizen>" say "/buyhealth"

L 01/29/2019 - 22:56:38: "eLeCtrOssSnake<3><STEAM_0:1:164666257><Citizen>" say "/buyhealth"

L 01/29/2019 - 22:56:39: "eLeCtrOssSnake<3><STEAM_0:1:164666257><Citizen>" say "/buyhealth"

L 01/29/2019 - 22:56:40: "eLeCtrOssSnake<3><STEAM_0:1:164666257><Citizen>" say "/buyhealth"

L 01/29/2019 - 22:56:40: "eLeCtrOssSnake<3><STEAM_0:1:164666257><Citizen>" say "/buyhealth"

L 01/29/2019 - 22:56:41: "eLeCtrOssSnake<3><STEAM_0:1:164666257><Citizen>" say "/buyhealth"

L 01/29/2019 - 22:56:42: "eLeCtrOssSnake<3><STEAM_0:1:164666257><Citizen>" say "/buyhealth"

L 01/29/2019 - 22:56:42: "eLeCtrOssSnake<3><STEAM_0:1:164666257><Citizen>" say "/buyhealth"

L 01/29/2019 - 22:56:43: "eLeCtrOssSnake<3><STEAM_0:1:164666257><Citizen>" say "/buyhealth"

L 01/29/2019 - 22:56:44: "eLeCtrOssSnake<3><STEAM_0:1:164666257><Citizen>" say "/buyhealth"

L 01/29/2019 - 22:56:44: "eLeCtrOssSnake<3><STEAM_0:1:164666257><Citizen>" say "/buyhealth"

L 01/29/2019 - 22:56:45: "eLeCtrOssSnake<3><STEAM_0:1:164666257><Citizen>" say "/buyhealth"

L 01/29/2019 - 22:56:46: "eLeCtrOssSnake<3><STEAM_0:1:164666257><Citizen>" say "/buyhealth"

L 01/29/2019 - 22:56:47: "eLeCtrOssSnake<3><STEAM_0:1:164666257><Citizen>" say "/buyhealth"

L 01/29/2019 - 22:56:47: "eLeCtrOssSnake<3><STEAM_0:1:164666257><Citizen>" say "/buyhealth"

L 01/29/2019 - 22:56:48: "eLeCtrOssSnake<3><STEAM_0:1:164666257><Citizen>" say "/buyhealth"

L 01/29/2019 - 22:56:49: "eLeCtrOssSnake<3><STEAM_0:1:164666257><Citizen>" say "/buyhealth"

L 01/29/2019 - 22:56:49: "eLeCtrOssSnake<3><STEAM_0:1:164666257><Citizen>" say "/buyhealth"

L 01/29/2019 - 22:56:50: "eLeCtrOssSnake<3><STEAM_0:1:164666257><Citizen>" say "/buyhealth"

L 01/29/2019 - 22:56:51: "eLeCtrOssSnake<3><STEAM_0:1:164666257><Citizen>" say "/buyhealth"

L 01/29/2019 - 22:56:51: "eLeCtrOssSnake<3><STEAM_0:1:164666257><Citizen>" say "/buyhealth"

L 01/29/2019 - 22:56:52: "eLeCtrOssSnake<3><STEAM_0:1:164666257><Citizen>" say "/buyhealth"

L 01/29/2019 - 22:56:53: "eLeCtrOssSnake<3><STEAM_0:1:164666257><Citizen>" say "/buyhealth"

L 01/29/2019 - 22:56:53: "eLeCtrOssSnake<3><STEAM_0:1:164666257><Citizen>" say "/buyhealth"

L 01/29/2019 - 22:56:54: "eLeCtrOssSnake<3><STEAM_0:1:164666257><Citizen>" say "/buyhealth"

L 01/29/2019 - 22:56:55: "eLeCtrOssSnake<3><STEAM_0:1:164666257><Citizen>" say "/buyhealth"

L 01/29/2019 - 22:56:56: "eLeCtrOssSnake<3><STEAM_0:1:164666257><Citizen>" say "/buyhealth"

L 01/29/2019 - 22:56:56: "eLeCtrOssSnake<3><STEAM_0:1:164666257><Citizen>" say "/buyhealth"

L 01/29/2019 - 22:56:57: "eLeCtrOssSnake<3><STEAM_0:1:164666257><Citizen>" say "/buyhealth"

L 01/29/2019 - 22:56:58: "eLeCtrOssSnake<3><STEAM_0:1:164666257><Citizen>" say "/buyhealth"

L 01/29/2019 - 22:56:59: "eLeCtrOssSnake<3><STEAM_0:1:164666257><Citizen>" say "/buyhealth"

L 01/29/2019 - 22:56:59: "eLeCtrOssSnake<3><STEAM_0:1:164666257><Citizen>" say "/buyhealth"

L 01/29/2019 - 22:57:00: "eLeCtrOssSnake<3><STEAM_0:1:164666257><Citizen>" say "/buyhealth"

L 01/29/2019 - 22:57:01: "eLeCtrOssSnake<3><STEAM_0:1:164666257><Citizen>" say "/buyhealth"

L 01/29/2019 - 22:57:01: "eLeCtrOssSnake<3><STEAM_0:1:164666257><Citizen>" say "/buyhealth"

L 01/29/2019 - 22:57:02: "eLeCtrOssSnake<3><STEAM_0:1:164666257><Citizen>" say "/buyhealth"

L 01/29/2019 - 22:57:03: "eLeCtrOssSnake<3><STEAM_0:1:164666257><Citizen>" say "/buyhealth"

L 01/29/2019 - 22:57:04: "eLeCtrOssSnake<3><STEAM_0:1:164666257><Citizen>" say "/buyhealth"

L 01/29/2019 - 22:57:04: "eLeCtrOssSnake<3><STEAM_0:1:164666257><Citizen>" say "/buyhealth"

L 01/29/2019 - 22:57:06: "eLeCtrOssSnake<3><STEAM_0:1:164666257><Citizen>" say "/buyhealth"

L 01/29/2019 - 22:57:06: "eLeCtrOssSnake<3><STEAM_0:1:164666257><Citizen>" say "/buyhealth"

L 01/29/2019 - 22:57:07: "eLeCtrOssSnake<3><STEAM_0:1:164666257><Citizen>" say "/buyhealth"

L 01/29/2019 - 22:57:08: "eLeCtrOssSnake<3><STEAM_0:1:164666257><Citizen>" say "/buyhealth"

L 01/29/2019 - 22:57:09: "eLeCtrOssSnake<3><STEAM_0:1:164666257><Citizen>" say "/buyhealth"

L 01/29/2019 - 22:57:09: "eLeCtrOssSnake<3><STEAM_0:1:164666257><Citizen>" say "/buyhealth"

L 01/29/2019 - 22:57:10: "eLeCtrOssSnake<3><STEAM_0:1:164666257><Citizen>" say "/buyhealth"

L 01/29/2019 - 22:57:11: "eLeCtrOssSnake<3><STEAM_0:1:164666257><Citizen>" say "/buyhealth"

L 01/29/2019 - 22:57:12: "eLeCtrOssSnake<3><STEAM_0:1:164666257><Citizen>" say "/buyhealth"

L 01/29/2019 - 22:57:13: "eLeCtrOssSnake<3><STEAM_0:1:164666257><Citizen>" say "/buyhealth"

L 01/29/2019 - 22:57:13: "eLeCtrOssSnake<3><STEAM_0:1:164666257><Citizen>" say "/buyhealth"

L 01/29/2019 - 22:57:14: "eLeCtrOssSnake<3><STEAM_0:1:164666257><Citizen>" say "/buyhealth"

L 01/29/2019 - 22:57:15: "eLeCtrOssSnake<3><STEAM_0:1:164666257><Citizen>" say "/buyhealth"

L 01/29/2019 - 22:57:15: "eLeCtrOssSnake<3><STEAM_0:1:164666257><Citizen>" say "/buyhealth"

L 01/29/2019 - 22:57:16: "eLeCtrOssSnake<3><STEAM_0:1:164666257><Citizen>" say "/buyhealth"

L 01/29/2019 - 22:57:17: "eLeCtrOssSnake<3><STEAM_0:1:164666257><Citizen>" say "/buyhealth"

L 01/29/2019 - 22:57:17: "eLeCtrOssSnake<3><STEAM_0:1:164666257><Citizen>" say "/buyhealth"

L 01/29/2019 - 22:57:18: "eLeCtrOssSnake<3><STEAM_0:1:164666257><Citizen>" say "/buyhealth"

L 01/29/2019 - 22:57:19: "eLeCtrOssSnake<3><STEAM_0:1:164666257><Citizen>" say "/buyhealth"

L 01/29/2019 - 22:57:19: "eLeCtrOssSnake<3><STEAM_0:1:164666257><Citizen>" say "/buyhealth"

L 01/29/2019 - 22:57:20: "eLeCtrOssSnake<3><STEAM_0:1:164666257><>" disconnected (reason "Disconnect by user.")
L 01/29/2019 - 22:57:20: [FAdmin] eLeCtrOssSnake (STEAM_0:1:164666257) Disconnected
L 01/29/2019 - 22:58:09: "eLeCtrOssSnake<5><STEAM_0:1:164666257><>" connected, address "212.66.63.67:27005"
L 01/29/2019 - 22:58:09: "eLeCtrOssSnake<5><STEAM_0:1:164666257><>" STEAM USERID validated
L 01/29/2019 - 22:58:23: [FAdmin] eLeCtrOssSnake (STEAM_0:1:164666257) is Authed
L 01/29/2019 - 22:58:23: [FAdmin] eLeCtrOssSnake (STEAM_0:1:164666257) Spawned for the first time
L 01/29/2019 - 22:58:23: [FAdmin] eLeCtrOssSnake (STEAM_0:1:164666257) Spawned
L 01/29/2019 - 22:58:23: "eLeCtrOssSnake<5><STEAM_0:1:164666257><>" entered the game
L 01/29/2019 - 22:58:23: [FAdmin] eLeCtrOssSnake (STEAM_0:1:164666257) Attempted to pick up a keys
L 01/29/2019 - 22:58:23: [FAdmin] eLeCtrOssSnake (STEAM_0:1:164666257) Attempted to pick up a weapon_physcannon
L 01/29/2019 - 22:58:23: [FAdmin] eLeCtrOssSnake (STEAM_0:1:164666257) Attempted to pick up a gmod_camera
L 01/29/2019 - 22:58:23: [FAdmin] eLeCtrOssSnake (STEAM_0:1:164666257) Attempted to pick up a gmod_tool
L 01/29/2019 - 22:58:23: [FAdmin] eLeCtrOssSnake (STEAM_0:1:164666257) Attempted to pick up a pocket
L 01/29/2019 - 22:58:23: [FAdmin] eLeCtrOssSnake (STEAM_0:1:164666257) Attempted to pick up a weapon_physgun
L 01/29/2019 - 23:00:01: [FAdmin] eLeCtrOssSnake (STEAM_0:1:164666257) Spawned a models/props_lab/blastdoor001c.mdl
L 01/29/2019 - 23:00:04: Lua Error: 
[ERROR] addons/simple_discord_relay/lua/autorun/server/sv_discord_relay.lua:150: attempt to call method 'Nick' (a nil value)
  1. fn - addons/simple_discord_relay/lua/autorun/server/sv_discord_relay.lua:150
   2. unknown - addons/ulxulib/lua/ulib/shared/hook.lua:109


L 01/29/2019 - 23:00:04: [FAdmin] eLeCtrOssSnake (STEAM_0:1:164666257) Spawned
L 01/29/2019 - 23:00:04: [FAdmin] eLeCtrOssSnake (STEAM_0:1:164666257) Attempted to pick up a keys
L 01/29/2019 - 23:00:04: [FAdmin] eLeCtrOssSnake (STEAM_0:1:164666257) Attempted to pick up a weapon_physcannon
L 01/29/2019 - 23:00:04: [FAdmin] eLeCtrOssSnake (STEAM_0:1:164666257) Attempted to pick up a gmod_camera
L 01/29/2019 - 23:00:04: [FAdmin] eLeCtrOssSnake (STEAM_0:1:164666257) Attempted to pick up a gmod_tool
L 01/29/2019 - 23:00:04: [FAdmin] eLeCtrOssSnake (STEAM_0:1:164666257) Attempted to pick up a pocket
L 01/29/2019 - 23:00:04: [FAdmin] eLeCtrOssSnake (STEAM_0:1:164666257) Attempted to pick up a weapon_physgun
L 01/29/2019 - 23:00:05: [FAdmin] prop_physics(models/props_lab/blastdoor001c.mdl) Got removed
L 01/29/2019 - 23:00:08: [FAdmin] eLeCtrOssSnake (STEAM_0:1:164666257) Spawned a models/props_lab/blastdoor001c.mdl
L 01/29/2019 - 23:00:10: Lua Error: 
[ERROR] addons/simple_discord_relay/lua/autorun/server/sv_discord_relay.lua:150: attempt to call method 'Nick' (a nil value)
  1. fn - addons/simple_discord_relay/lua/autorun/server/sv_discord_relay.lua:150
   2. unknown - addons/ulxulib/lua/ulib/shared/hook.lua:109


L 01/29/2019 - 23:00:11: [FAdmin] eLeCtrOssSnake (STEAM_0:1:164666257) Spawned
L 01/29/2019 - 23:00:11: [FAdmin] eLeCtrOssSnake (STEAM_0:1:164666257) Attempted to pick up a keys
L 01/29/2019 - 23:00:11: [FAdmin] eLeCtrOssSnake (STEAM_0:1:164666257) Attempted to pick up a weapon_physcannon
L 01/29/2019 - 23:00:11: [FAdmin] eLeCtrOssSnake (STEAM_0:1:164666257) Attempted to pick up a gmod_camera
L 01/29/2019 - 23:00:11: [FAdmin] eLeCtrOssSnake (STEAM_0:1:164666257) Attempted to pick up a gmod_tool
L 01/29/2019 - 23:00:11: [FAdmin] eLeCtrOssSnake (STEAM_0:1:164666257) Attempted to pick up a pocket
L 01/29/2019 - 23:00:11: [FAdmin] eLeCtrOssSnake (STEAM_0:1:164666257) Attempted to pick up a weapon_physgun
L 01/29/2019 - 23:00:12: [FAdmin] prop_physics(models/props_lab/blastdoor001c.mdl) Got removed
L 01/29/2019 - 23:00:13: [FAdmin] eLeCtrOssSnake (STEAM_0:1:164666257) Attempted to switch noclip
L 01/29/2019 - 23:00:14: [FAdmin] eLeCtrOssSnake (STEAM_0:1:164666257) Spawned a models/props_lab/blastdoor001c.mdl
L 01/29/2019 - 23:00:16: [FAdmin] prop_physics(models/props_lab/blastdoor001c.mdl) Got removed
L 01/29/2019 - 23:00:18: [FAdmin] eLeCtrOssSnake (STEAM_0:1:164666257) Spawned a models/props_lab/blastdoor001c.mdl
L 01/29/2019 - 23:00:19: Lua Error: 
[ERROR] addons/simple_discord_relay/lua/autorun/server/sv_discord_relay.lua:150: attempt to call method 'Nick' (a nil value)
  1. fn - addons/simple_discord_relay/lua/autorun/server/sv_discord_relay.lua:150
   2. unknown - addons/ulxulib/lua/ulib/shared/hook.lua:109


L 01/29/2019 - 23:00:19: [FAdmin] eLeCtrOssSnake (STEAM_0:1:164666257) Spawned
L 01/29/2019 - 23:00:19: [FAdmin] eLeCtrOssSnake (STEAM_0:1:164666257) Attempted to pick up a keys
L 01/29/2019 - 23:00:19: [FAdmin] eLeCtrOssSnake (STEAM_0:1:164666257) Attempted to pick up a weapon_physcannon
L 01/29/2019 - 23:00:19: [FAdmin] eLeCtrOssSnake (STEAM_0:1:164666257) Attempted to pick up a gmod_camera
L 01/29/2019 - 23:00:19: [FAdmin] eLeCtrOssSnake (STEAM_0:1:164666257) Attempted to pick up a gmod_tool
L 01/29/2019 - 23:00:19: [FAdmin] eLeCtrOssSnake (STEAM_0:1:164666257) Attempted to pick up a pocket
L 01/29/2019 - 23:00:19: [FAdmin] eLeCtrOssSnake (STEAM_0:1:164666257) Attempted to pick up a weapon_physgun
L 01/29/2019 - 23:00:20: [FAdmin] prop_physics(models/props_lab/blastdoor001c.mdl) Got removed
L 01/29/2019 - 23:00:21: [FAdmin] eLeCtrOssSnake (STEAM_0:1:164666257) Attempted to switch noclip
L 01/29/2019 - 23:00:22: [FAdmin] eLeCtrOssSnake (STEAM_0:1:164666257) Attempted to switch noclip
L 01/29/2019 - 23:01:00: [FAdmin] eLeCtrOssSnake (STEAM_0:1:164666257) Spawned a models/props_combine/combine_fence01a.mdl
L 01/29/2019 - 23:01:05: [FAdmin] prop_physics(models/props_combine/combine_fence01a.mdl) Got removed
L 01/29/2019 - 23:02:45: [FAdmin] eLeCtrOssSnake (STEAM_0:1:164666257) Spawned a models/props_lab/blastdoor001c.mdl
L 01/29/2019 - 23:02:49: [FAdmin] prop_physics(models/props_lab/blastdoor001c.mdl) Got removed
L 01/29/2019 - 23:03:45: [FAdmin] eLeCtrOssSnake (STEAM_0:1:164666257) Spawned a models/props_lab/blastdoor001c.mdl
L 01/29/2019 - 23:03:46: [FAdmin] prop_physics(models/props_lab/blastdoor001c.mdl) Got removed
L 01/29/2019 - 23:04:07: Lua Error: 
[ERROR] addons/simple_discord_relay/lua/autorun/server/sv_discord_relay.lua:150: attempt to call method 'Nick' (a nil value)
  1. fn - addons/simple_discord_relay/lua/autorun/server/sv_discord_relay.lua:150
   2. unknown - addons/ulxulib/lua/ulib/shared/hook.lua:109


L 01/29/2019 - 23:04:07: [FAdmin] eLeCtrOssSnake (STEAM_0:1:164666257) Spawned
L 01/29/2019 - 23:04:07: [FAdmin] eLeCtrOssSnake (STEAM_0:1:164666257) Attempted to pick up a keys
L 01/29/2019 - 23:04:07: [FAdmin] eLeCtrOssSnake (STEAM_0:1:164666257) Attempted to pick up a weapon_physcannon
L 01/29/2019 - 23:04:07: [FAdmin] eLeCtrOssSnake (STEAM_0:1:164666257) Attempted to pick up a gmod_camera
L 01/29/2019 - 23:04:07: [FAdmin] eLeCtrOssSnake (STEAM_0:1:164666257) Attempted to pick up a gmod_tool
L 01/29/2019 - 23:04:07: [FAdmin] eLeCtrOssSnake (STEAM_0:1:164666257) Attempted to pick up a pocket
L 01/29/2019 - 23:04:07: [FAdmin] eLeCtrOssSnake (STEAM_0:1:164666257) Attempted to pick up a weapon_physgun
L 01/29/2019