L 01/23/2019 - 02:15:36: Log file started (file "logs\L0123023.log") (game "F:\sup\steamapps\common\GarrysModDS\garrysmod") (version "7334")
L 01/23/2019 - 02:15:36: server_cvar: "sv_alltalk" "3"
L 01/23/2019 - 02:15:36: Banid: "<><STEAM_0:0:432813650><>" was banned "permanently" by "Console"
L 01/23/2019 - 02:15:36: Banid: "<><STEAM_0:0:207758038><>" was banned "permanently" by "Console"
L 01/23/2019 - 02:15:36: Banid: "<><STEAM_0:0:432813650><>" was banned "permanently" by "Console"
L 01/23/2019 - 02:15:36: Banid: "<><STEAM_0:0:207758038><>" was banned "permanently" by "Console"
L 01/23/2019 - 02:15:37: Connection to Steam servers successful.
L 01/23/2019 - 02:15:37:    Public IP is 31.130.42.81.
L 01/23/2019 - 02:15:37: Assigned anonymous gameserver Steam ID [A-1:2061120515(11841)].
L 01/23/2019 - 02:15:37: VAC secure mode is activated.
L 01/23/2019 - 02:15:46: Lua Error: 
[ERROR] icefuse-permapropper/lua/permapropper/sv_lib.lua:25: 'then' expected near 'local'
  1. unknown - addons/[server]_icefuse-permapropper/lua/permapropper/sv_lib.lua:0


L 01/23/2019 - 02:15:54: [FAdmin] Server succesfully shut down.
L 01/23/2019 - 02:15:54: [FAdmin] prop_physics(models/maxofs2d/companion_doll.mdl) Got removed
L 01/23/2019 - 02:15:54: [FAdmin] prop_physics(models/props_c17/furnituretable003a.mdl) Got removed
L 01/23/2019 - 02:15:54: [FAdmin] prop_physics(models/props_c17/furniturecouch002a.mdl) Got removed
L 01/23/2019 - 02:15:54: [FAdmin] prop_physics(models/props_c17/furniturecouch001a.mdl) Got removed
L 01/23/2019 - 02:15:54: server_message: "quit"
L 01/23/2019 - 02:15:55: Log file closed.
