L 01/20/2019 - 01:17:01: Log file started (file "logs\L0120015.log") (game "F:\sup\steamapps\common\GarrysModDS\garrysmod") (version "7334")
L 01/20/2019 - 01:17:01: server_cvar: "sv_alltalk" "3"
L 01/20/2019 - 01:17:01: server_cvar: "sv_allowcslua" "1"
L 01/20/2019 - 01:17:01: server_cvar: "sv_airaccelerate" "1000"
L 01/20/2019 - 01:17:01: server_cvar: "sv_alltalk" "0"
L 01/20/2019 - 01:17:01: Banid: "<><STEAM_0:0:432813650><>" was banned "permanently" by "Console"
L 01/20/2019 - 01:17:01: Banid: "<><STEAM_0:0:207758038><>" was banned "permanently" by "Console"
L 01/20/2019 - 01:17:01: Banid: "<><STEAM_0:0:432813650><>" was banned "permanently" by "Console"
L 01/20/2019 - 01:17:01: Banid: "<><STEAM_0:0:207758038><>" was banned "permanently" by "Console"
L 01/20/2019 - 01:17:02: Connection to Steam servers successful.
L 01/20/2019 - 01:17:02:    Public IP is 31.130.42.81.
L 01/20/2019 - 01:17:02: Assigned anonymous gameserver Steam ID [A-1:3872395271(11819)].
L 01/20/2019 - 01:17:03: VAC secure mode is activated.
L 01/20/2019 - 01:17:15: "DidVaitel<2><STEAM_0:1:74202541><>" connected, address "192.168.1.103:27006"
L 01/20/2019 - 01:17:16: "DidVaitel<2><STEAM_0:1:74202541><>" STEAM USERID validated
L 01/20/2019 - 01:17:25: [FAdmin] DidVaitel (STEAM_0:1:74202541) is Authed
L 01/20/2019 - 01:17:25: [FAdmin] DidVaitel (STEAM_0:1:74202541) Spawned for the first time
L 01/20/2019 - 01:17:25: [FAdmin] DidVaitel (STEAM_0:1:74202541) Spawned
L 01/20/2019 - 01:17:25: "DidVaitel<2><STEAM_0:1:74202541><>" entered the game
L 01/20/2019 - 01:17:25: [FAdmin] DidVaitel (STEAM_0:1:74202541) Attempted to pick up a keys
L 01/20/2019 - 01:17:25: [FAdmin] DidVaitel (STEAM_0:1:74202541) Attempted to pick up a weapon_physcannon
L 01/20/2019 - 01:17:25: [FAdmin] DidVaitel (STEAM_0:1:74202541) Attempted to pick up a gmod_camera
L 01/20/2019 - 01:17:25: [FAdmin] DidVaitel (STEAM_0:1:74202541) Attempted to pick up a gmod_tool
L 01/20/2019 - 01:17:25: [FAdmin] DidVaitel (STEAM_0:1:74202541) Attempted to pick up a pocket
L 01/20/2019 - 01:17:25: [FAdmin] DidVaitel (STEAM_0:1:74202541) Attempted to pick up a weapon_physgun
L 01/20/2019 - 01:17:25: [FAdmin] DidVaitel (STEAM_0:1:74202541) Attempted to pick up a weapon_keypadchecker
L 01/20/2019 - 01:17:25: [FAdmin] DidVaitel (STEAM_0:1:74202541) Attempted to pick up a door_ram
L 01/20/2019 - 01:17:25: [FAdmin] DidVaitel (STEAM_0:1:74202541) Attempted to pick up a arrest_stick
L 01/20/2019 - 01:17:25: [FAdmin] DidVaitel (STEAM_0:1:74202541) Attempted to pick up a unarrest_stick
L 01/20/2019 - 01:17:25: [FAdmin] DidVaitel (STEAM_0:1:74202541) Attempted to pick up a stunstick
L 01/20/2019 - 01:17:25: [FAdmin] DidVaitel (STEAM_0:1:74202541) Attempted to pick up a weaponchecker
L 01/20/2019 - 01:17:39: [FAdmin] DidVaitel (STEAM_0:1:74202541) Spawned a duel_npc
L 01/20/2019 - 01:31:41: "eLeCtrOssSnake<3><STEAM_0:1:164666257><>" connected, address "212.66.63.1:27005"
L 01/20/2019 - 01:31:42: "eLeCtrOssSnake<3><STEAM_0:1:164666257><>" STEAM USERID validated
L 01/20/2019 - 01:31:55: [FAdmin] eLeCtrOssSnake (STEAM_0:1:164666257) is Authed
L 01/20/2019 - 01:31:55: [FAdmin] eLeCtrOssSnake (STEAM_0:1:164666257) Spawned for the first time
L 01/20/2019 - 01:31:55: [FAdmin] eLeCtrOssSnake (STEAM_0:1:164666257) Spawned
L 01/20/2019 - 01:31:55: "eLeCtrOssSnake<3><STEAM_0:1:164666257><>" entered the game
L 01/20/2019 - 01:31:55: [FAdmin] eLeCtrOssSnake (STEAM_0:1:164666257) Attempted to pick up a keys
L 01/20/2019 - 01:31:55: [FAdmin] eLeCtrOssSnake (STEAM_0:1:164666257) Attempted to pick up a weapon_physcannon
L 01/20/2019 - 01:31:55: [FAdmin] eLeCtrOssSnake (STEAM_0:1:164666257) Attempted to pick up a gmod_camera
L 01/20/2019 - 01:31:55: [FAdmin] eLeCtrOssSnake (STEAM_0:1:164666257) Attempted to pick up a gmod_tool
L 01/20/2019 - 01:31:55: [FAdmin] eLeCtrOssSnake (STEAM_0:1:164666257) Attempted to pick up a pocket
L 01/20/2019 - 01:31:55: [FAdmin] eLeCtrOssSnake (STEAM_0:1:164666257) Attempted to pick up a weapon_physgun
L 01/20/2019 - 01:32:05: [FAdmin] eLeCtrOssSnake (STEAM_0:1:164666257) Spawned a models/props_lab/blastdoor001c.mdl
L 01/20/2019 - 01:32:08: Lua Error: 
[ERROR] addons/simple_discord_relay/lua/autorun/server/sv_discord_relay.lua:150: attempt to call method 'Nick' (a nil value)
  1. fn - addons/simple_discord_relay/lua/autorun/server/sv_discord_relay.lua:150
   2. unknown - addons/ulxulib/lua/ulib/shared/hook.lua:109


L 01/20/2019 - 01:32:20: [FAdmin] eLeCtrOssSnake (STEAM_0:1:164666257) Spawned a models/props_lab/blastdoor001c.mdl
L 01/20/2019 - 01:32:22: [FAdmin] eLeCtrOssSnake (STEAM_0:1:164666257) Spawned a models/props_lab/blastdoor001c.mdl
L 01/20/2019 - 01:32:25: [FAdmin] prop_physics(models/props_lab/blastdoor001c.mdl) Got removed
L 01/20/2019 - 01:32:25: [FAdmin] prop_physics(models/props_lab/blastdoor001c.mdl) Got removed
L 01/20/2019 - 01:32:25: [FAdmin] prop_physics(models/props_lab/blastdoor001c.mdl) Got removed
L 01/20/2019 - 01:39:46: [FAdmin] DidVaitel (STEAM_0:1:74202541) Spawned
L 01/20/2019 - 01:39:46: [FAdmin] DidVaitel (STEAM_0:1:74202541) Attempted to pick up a keys
L 01/20/2019 - 01:39:46: [FAdmin] DidVaitel (STEAM_0:1:74202541) Attempted to pick up a weapon_physcannon
L 01/20/2019 - 01:39:46: [FAdmin] DidVaitel (STEAM_0:1:74202541) Attempted to pick up a gmod_camera
L 01/20/2019 - 01:39:46: [FAdmin] DidVaitel (STEAM_0:1:74202541) Attempted to pick up a gmod_tool
L 01/20/2019 - 01:39:46: [FAdmin] DidVaitel (STEAM_0:1:74202541) Attempted to pick up a pocket
L 01/20/2019 - 01:39:46: [FAdmin] DidVaitel (STEAM_0:1:74202541) Attempted to pick up a weapon_physgun
L 01/20/2019 - 01:39:46: [FAdmin] DidVaitel (STEAM_0:1:74202541) Attempted to pick up a weapon_keypadchecker
L 01/20/2019 - 01:39:46: [FAdmin] DidVaitel (STEAM_0:1:74202541) Attempted to pick up a door_ram
L 01/20/2019 - 01:39:46: [FAdmin] DidVaitel (STEAM_0:1:74202541) Attempted to pick up a arrest_stick
L 01/20/2019 - 01:39:46: [FAdmin] DidVaitel (STEAM_0:1:74202541) Attempted to pick up a unarrest_stick
L 01/20/2019 - 01:39:46: [FAdmin] DidVaitel (STEAM_0:1:74202541) Attempted to pick up a stunstick
L 01/20/2019 - 01:39:46: [FAdmin] DidVaitel (STEAM_0:1:74202541) Attempted to pick up a weaponchecker
L 01/20/2019 - 01:40:08: [FAdmin] eLeCtrOssSnake (STEAM_0:1:164666257) Attempted to pick up a weapon_crowbar
L 01/20/2019 - 01:40:08: [FAdmin] DidVaitel (STEAM_0:1:74202541) Attempted to pick up a weapon_crowbar
L 01/20/2019 - 01:40:14: [FAdmin] DidVaitel (STEAM_0:1:74202541) Attempted to switch noclip
L 01/20/2019 - 01:40:15: [FAdmin] DidVaitel (STEAM_0:1:74202541) Attempted to switch noclip
L 01/20/2019 - 01:40:18: [FAdmin] DidVaitel (STEAM_0:1:74202541) Got killed by eLeCtrOssSnake with a player
L 01/20/2019 - 01:40:18: [FAdmin] eLeCtrOssSnake (STEAM_0:1:164666257) Attempted to pick up a keys
L 01/20/2019 - 01:40:18: [FAdmin] eLeCtrOssSnake (STEAM_0:1:164666257) Attempted to pick up a weapon_physcannon
L 01/20/2019 - 01:40:18: [FAdmin] eLeCtrOssSnake (STEAM_0:1:164666257) Attempted to pick up a gmod_camera
L 01/20/2019 - 01:40:18: [FAdmin] eLeCtrOssSnake (STEAM_0:1:164666257) Attempted to pick up a gmod_tool
L 01/20/2019 - 01:40:18: [FAdmin] eLeCtrOssSnake (STEAM_0:1:164666257) Attempted to pick up a pocket
L 01/20/2019 - 01:40:18: [FAdmin] eLeCtrOssSnake (STEAM_0:1:164666257) Attempted to pick up a weapon_physgun
L 01/20/2019 - 01:40:33: [FAdmin] DidVaitel (STEAM_0:1:74202541) Spawned
L 01/20/2019 - 01:40:33: [FAdmin] DidVaitel (STEAM_0:1:74202541) Attempted to pick up a keys
L 01/20/2019 - 01:40:33: [FAdmin] DidVaitel (STEAM_0:1:74202541) Attempted to pick up a weapon_physcannon
L 01/20/2019 - 01:40:33: [FAdmin] DidVaitel (STEAM_0:1:74202541) Attempted to pick up a gmod_camera
L 01/20/2019 - 01:40:33: [FAdmin] DidVaitel (STEAM_0:1:74202541) Attempted to pick up a gmod_tool
L 01/20/2019 - 01:40:33: [FAdmin] DidVaitel (STEAM_0:1:74202541) Attempted to pick up a pocket
L 01/20/2019 - 01:40:33: [FAdmin] DidVaitel (STEAM_0:1:74202541) Attempted to pick up a weapon_physgun
L 01/20/2019 - 01:40:33: [FAdmin] DidVaitel (STEAM_0:1:74202541) Attempted to pick up a weapon_keypadchecker
L 01/20/2019 - 01:40:33: [FAdmin] DidVaitel (STEAM_0:1:74202541) Attempted to pick up a door_ram
L 01/20/2019 - 01:40:33: [FAdmin] DidVaitel (STEAM_0:1:74202541) Attempted to pick up a arrest_stick
L 01/20/2019 - 01:40:33: [FAdmin] DidVaitel (STEAM_0:1:74202541) Attempted to pick up a unarrest_stick
L 01/20/2019 - 01:40:33: [FAdmin] DidVaitel (STEAM_0:1:74202541) Attempted to pick up a stunstick
L 01/20/2019 - 01:40:33: [FAdmin] DidVaitel (STEAM_0:1:74202541) Attempted to pick up a weaponchecker
L 01/20/2019 - 01:40:40: [FAdmin] eLeCtrOssSnake (STEAM_0:1:164666257) Attempted to pick up a weapon_crowbar
L 01/20/2019 - 01:40:40: [FAdmin] DidVaitel (STEAM_0:1:74202541) Attempted to pick up a weapon_crowbar
L 01/20/2019 - 01:40:50: [FAdmin] DidVaitel (STEAM_0:1:74202541) Got killed by eLeCtrOssSnake with a player
L 01/20/2019 - 01:40:50: [FAdmin] eLeCtrOssSnake (STEAM_0:1:164666257) Attempted to pick up a keys
L 01/20/2019 - 01:40:50: [FAdmin] eLeCtrOssSnake (STEAM_0:1:164666257) Attempted to pick up a weapon_physcannon
L 01/20/2019 - 01:40:50: [FAdmin] eLeCtrOssSnake (STEAM_0:1:164666257) Attempted to pick up a gmod_camera
L 01/20/2019 - 01:40:50: [FAdmin] eLeCtrOssSnake (STEAM_0:1:164666257) Attempted to pick up a gmod_tool
L 01/20/2019 - 01:40:50: [FAdmin] eLeCtrOssSnake (STEAM_0:1:164666257) Attempted to pick up a pocket
L 01/20/2019 - 01:40:50: [FAdmin] eLeCtrOssSnake (STEAM_0:1:164666257) Attempted to pick up a weapon_physgun
L 01/20/2019 - 01:40:51: [FAdmin] DidVaitel (STEAM_0:1:74202541) Spawned
L 01/20/2019 - 01:40:51: [FAdmin] DidVaitel (STEAM_0:1:74202541) Attempted to pick up a keys
L 01/20/2019 - 01:40:51: [FAdmin] DidVaitel (STEAM_0:1:74202541) Attempted to pick up a weapon_physcannon
L 01/20/2019 - 01:40:51: [FAdmin] DidVaitel (STEAM_0:1:74202541) Attempted to pick up a gmod_camera
L 01/20/2019 - 01:40:51: [FAdmin] DidVaitel (STEAM_0:1:74202541) Attempted to pick up a gmod_tool
L 01/20/2019 - 01:40:51: [FAdmin] DidVaitel (STEAM_0:1:74202541) Attempted to pick up a pocket
L 01/20/2019 - 01:40:51: [FAdmin] DidVaitel (STEAM_0:1:74202541) Attempted to pick up a weapon_physgun
L 01/20/2019 - 01:40:51: [FAdmin] DidVaitel (STEAM_0:1:74202541) Attempted to pick up a weapon_keypadchecker
L 01/20/2019 - 01:40:51: [FAdmin] DidVaitel (STEAM_0:1:74202541) Attempted to pick up a door_ram
L 01/20/2019 - 01:40:51: [FAdmin] DidVaitel (STEAM_0:1:74202541) Attempted to pick up a arrest_stick
L 01/20/2019 - 01:40:51: [FAdmin] DidVaitel (STEAM_0:1:74202541) Attempted to pick up a unarrest_stick
L 01/20/2019 - 01:40:51: [FAdmin] DidVaitel (STEAM_0:1:74202541) Attempted to pick up a stunstick
L 01/20/2019 - 01:40:51: [FAdmin] DidVaitel (STEAM_0:1:74202541) Attempted to pick up a weaponchecker
L 01/20/2019 - 01:40:54: [FAdmin] DidVaitel (STEAM_0:1:74202541) Gave himself a weapon_rpg
L 01/20/2019 - 01:40:54: [FAdmin] DidVaitel (STEAM_0:1:74202541) Attempted to pick up a weapon_rpg
L 01/20/2019 - 01:40:59: [FAdmin] eLeCtrOssSnake (STEAM_0:1:164666257) Attempted to pick up a weapon_crowbar
L 01/20/2019 - 01:40:59: [FAdmin] DidVaitel (STEAM_0:1:74202541) Attempted to pick up a weapon_crowbar
L 01/20/2019 - 01:41:09: [FAdmin] DidVaitel (STEAM_0:1:74202541) Got killed by eLeCtrOssSnake with a player
L 01/20/2019 - 01:41:09: [FAdmin] eLeCtrOssSnake (STEAM_0:1:164666257) Attempted to pick up a keys
L 01/20/2019 - 01:41:09: [FAdmin] eLeCtrOssSnake (STEAM_0:1:164666257) Attempted to pick up a weapon_physcannon
L 01/20/2019 - 01:41:09: [FAdmin] eLeCtrOssSnake (STEAM_0:1:164666257) Attempted to pick up a gmod_camera
L 01/20/2019 - 01:41:09: [FAdmin] eLeCtrOssSnake (STEAM_0:1:164666257) Attempted to pick up a gmod_tool
L 01/20/2019 - 01:41:09: [FAdmin] eLeCtrOssSnake (STEAM_0:1:164666257) Attempted to pick up a pocket
L 01/20/2019 - 01:41:09: [FAdmin] eLeCtrOssSnake (STEAM_0:1:164666257) Attempted to pick up a weapon_physgun
L 01/20/2019 - 01:41:11: [FAdmin] DidVaitel (STEAM_0:1:74202541) Spawned
L 01/20/2019 - 01:41:11: [FAdmin] DidVaitel (STEAM_0:1:74202541) Attempted to pick up a keys
L 01/20/2019 - 01:41:11: [FAdmin] DidVaitel (STEAM_0:1:74202541) Attempted to pick up a weapon_physcannon
L 01/20/2019 - 01:41:11: [FAdmin] DidVaitel (STEAM_0:1:74202541) Attempted to pick up a gmod_camera
L 01/20/2019 - 01:41:11: [FAdmin] DidVaitel (STEAM_0:1:74202541) Attempted to pick up a gmod_tool
L 01/20/2019 - 01:41:11: [FAdmin] DidVaitel (STEAM_0:1:74202541) Attempted to pick up a pocket
L 01/20/2019 - 01:41:11: [FAdmin] DidVaitel (STEAM_0:1:74202541) Attempted to pick up a weapon_physgun
L 01/20/2019 - 01:41:11: [FAdmin] DidVaitel (STEAM_0:1:74202541) Attempted to pick up a weapon_keypadchecker
L 01/20/2019 - 01:41:11: [FAdmin] DidVaitel (STEAM_0:1:74202541) Attempted to pick up a door_ram
L 01/20/2019 - 01:41:11: [FAdmin] DidVaitel (STEAM_0:1:74202541) Attempted to pick up a arrest_stick
L 01/20/2019 - 01:41:11: [FAdmin] DidVaitel (STEAM_0:1:74202541) Attempted to pick up a unarrest_stick
L 01/20/2019 - 01:41:11: [FAdmin] DidVaitel (STEAM_0:1:74202541) Attempted to pick up a stunstick
L 01/20/2019 - 01:41:11: [FAdmin] DidVaitel (STEAM_0:1:74202541) Attempted to pick up a weaponchecker
L 01/20/2019 - 01:41:32: [FAdmin] DidVaitel (STEAM_0:1:74202541) Got killed by DidVaitel with a player
L 01/20/2019 - 01:41:34: [FAdmin] DidVaitel (STEAM_0:1:74202541) Spawned
L 01/20/2019 - 01:41:34: [FAdmin] DidVaitel (STEAM_0:1:74202541) Attempted to pick up a keys
L 01/20/2019 - 01:41:34: [FAdmin] DidVaitel (STEAM_0:1:74202541) Attempted to pick up a weapon_physcannon
L 01/20/2019 - 01:41:34: [FAdmin] DidVaitel (STEAM_0:1:74202541) Attempted to pick up a gmod_camera
L 01/20/2019 - 01:41:34: [FAdmin] DidVaitel (STEAM_0:1:74202541) Attempted to pick up a gmod_tool
L 01/20/2019 - 01:41:34: [FAdmin] DidVaitel (STEAM_0:1:74202541) Attempted to pick up a pocket
L 01/20/2019 - 01:41:34: [FAdmin] DidVaitel (STEAM_0:1:74202541) Attempted to pick up a weapon_physgun
L 01/20/2019 - 01:41:34: [FAdmin] DidVaitel (STEAM_0:1:74202541) Attempted to pick up a weapon_keypadchecker
L 01/20/2019 - 01:41:34: [FAdmin] DidVaitel (STEAM_0:1:74202541) Attempted to pick up a door_ram
L 01/20/2019 - 01:41:34: [FAdmin] DidVaitel (STEAM_0:1:74202541) Attempted to pick up a arrest_stick
L 01/20/2019 - 01:41:34: [FAdmin] DidVaitel (STEAM_0:1:74202541) Attempted to pick up a unarrest_stick
L 01/20/2019 - 01:41:34: [FAdmin] DidVaitel (STEAM_0:1:74202541) Attempted to pick up a stunstick
L 01/20/2019 - 01:41:34: [FAdmin] DidVaitel (STEAM_0:1:74202541) Attempted to pick up a weaponchecker
L 01/20/2019 - 01:42:00: Lua Error: 
[ERROR] addons/gduels-system/lua/gduel/core/sv_functions.lua:198: unexpected symbol near '0'
  1. unknown - addons/gduels-system/lua/gduel/core/sv_functions.lua:0


L 01/20/2019 - 01:42:06: Lua Error: 
[ERROR] addons/gduels-system/lua/gduel/core/sv_functions.lua:198: unexpected symbol near '0'
  1. unknown - addons/gduels-system/lua/gduel/core/sv_functions.lua:0


L 01/20/2019 - 01:42:15: Lua Error: 
[ERROR] addons/gduels-system/lua/gduel/core/sv_functions.lua:199: unexpected symbol near '0'
  1. unknown - addons/gduels-system/lua/gduel/core/sv_functions.lua:0


L 01/20/2019 - 01:42:25: [FAdmin] eLeCtrOssSnake (STEAM_0:1:164666257) Attempted to switch noclip
L 01/20/2019 - 01:42:26: [FAdmin] eLeCtrOssSnake (STEAM_0:1:164666257) Attempted to switch noclip
L 01/20/2019 - 01:42:29: [FAdmin] eLeCtrOssSnake (STEAM_0:1:164666257) Attempted to pick up a weapon_crowbar
L 01/20/2019 - 01:42:29: [FAdmin] DidVaitel (STEAM_0:1:74202541) Attempted to pick up a weapon_crowbar
L 01/20/2019 - 01:42:34: [FAdmin] DidVaitel (STEAM_0:1:74202541) Attempted to switch noclip
L 01/20/2019 - 01:42:35: [FAdmin] eLeCtrOssSnake (STEAM_0:1:164666257) changed from Citizen to Hobo
L 01/20/2019 - 01:42:35: [FAdmin] eLeCtrOssSnake (STEAM_0:1:164666257) Attempted to pick up a weapon_bugbait
L 01/20/2019 - 01:42:35: [FAdmin] eLeCtrOssSnake (STEAM_0:1:164666257) Attempted to pick up a keys
L 01/20/2019 - 01:42:35: [FAdmin] eLeCtrOssSnake (STEAM_0:1:164666257) Attempted to pick up a weapon_physcannon
L 01/20/2019 - 01:42:35: [FAdmin] eLeCtrOssSnake (STEAM_0:1:164666257) Attempted to pick up a gmod_camera
L 01/20/2019 - 01:42:35: [FAdmin] eLeCtrOssSnake (STEAM_0:1:164666257) Attempted to pick up a gmod_tool
L 01/20/2019 - 01:42:35: [FAdmin] eLeCtrOssSnake (STEAM_0:1:164666257) Attempted to pick up a pocket
L 01/20/2019 - 01:42:35: [FAdmin] eLeCtrOssSnake (STEAM_0:1:164666257) Attempted to pick up a weapon_physgun
L 01/20/2019 - 01:42:35: [FAdmin] DidVaitel (STEAM_0:1:74202541) Attempted to switch noclip
L 01/20/2019 - 01:42:37: [FAdmin] eLeCtrOssSnake (STEAM_0:1:164666257) Got killed by DidVaitel with a player
L 01/20/2019 - 01:42:37: [FAdmin] DidVaitel (STEAM_0:1:74202541) Attempted to pick up a keys
L 01/20/2019 - 01:42:37: [FAdmin] DidVaitel (STEAM_0:1:74202541) Attempted to pick up a weapon_physcannon
L 01/20/2019 - 01:42:37: [FAdmin] DidVaitel (STEAM_0:1:74202541) Attempted to pick up a gmod_camera
L 01/20/2019 - 01:42:37: [FAdmin] DidVaitel (STEAM_0:1:74202541) Attempted to pick up a gmod_tool
L 01/20/2019 - 01:42:37: [FAdmin] DidVaitel (STEAM_0:1:74202541) Attempted to pick up a pocket
L 01/20/2019 - 01:42:37: [FAdmin] DidVaitel (STEAM_0:1:74202541) Attempted to pick up a weapon_physgun
L 01/20/2019 - 01:42:37: [FAdmin] DidVaitel (STEAM_0:1:74202541) Attempted to pick up a weapon_keypadchecker
L 01/20/2019 - 01:42:37: [FAdmin] DidVaitel (STEAM_0:1:74202541) Attempted to pick up a door_ram
L 01/20/2019 - 01:42:37: [FAdmin] DidVaitel (STEAM_0:1:74202541) Attempted to pick up a arrest_stick
L 01/20/2019 - 01:42:37: [FAdmin] DidVaitel (STEAM_0:1:74202541) Attempted to pick up a unarrest_stick
L 01/20/2019 - 01:42:37: [FAdmin] DidVaitel (STEAM_0:1:74202541) Attempted to pick up a stunstick
L 01/20/2019 - 01:42:37: [FAdmin] DidVaitel (STEAM_0:1:74202541) Attempted to pick up a weaponchecker
L 01/20/2019 - 01:42:39: [FAdmin] eLeCtrOssSnake (STEAM_0:1:164666257) Spawned
L 01/20/2019 - 01:42:39: [FAdmin] eLeCtrOssSnake (STEAM_0:1:164666257) Attempted to pick up a weapon_bugbait
L 01/20/2019 - 01:42:39: [FAdmin] eLeCtrOssSnake (STEAM_0:1:164666257) Attempted to pick up a keys
L 01/20/2019 - 01:42:39: [FAdmin] eLeCtrOssSnake (STEAM_0:1:164666257) Attempted to pick up a weapon_physcannon
L 01/20/2019 - 01:42:39: [FAdmin] eLeCtrOssSnake (STEAM_0:1:164666257) Attempted to pick up a gmod_camera
L 01/20/2019 - 01:42:39: [FAdmin] eLeCtrOssSnake (STEAM_0:1:164666257) Attempted to pick up a gmod_tool
L 01/20/2019 - 01:42:39: [FAdmin] eLeCtrOssSnake (STEAM_0:1:164666257) Attempted to pick up a pocket
L 01/20/2019 - 01:42:39: [FAdmin] eLeCtrOssSnake (STEAM_0:1:164666257) Attempted to pick up a weapon_physgun
L 01/20/2019 - 01:42:43: [FAdmin] DidVaitel (STEAM_0:1:74202541) Gave himself a weapon_rpg
L 01/20/2019 - 01:42:43: [FAdmin] DidVaitel (STEAM_0:1:74202541) Attempted to pick up a weapon_rpg
L 01/20/2019 - 01:42:49: [FAdmin] eLeCtrOssSnake (STEAM_0:1:164666257) Attempted to pick up a weapon_crowbar
L 01/20/2019 - 01:42:49: [FAdmin] DidVaitel (STEAM_0:1:74202541) Attempted to pick up a weapon_crowbar
L 01/20/2019 - 01:42:55: [FAdmin] DidVaitel (STEAM_0:1:74202541) Attempted to switch noclip
L 01/20/2019 - 01:42:55: [FAdmin] DidVaitel (STEAM_0:1:74202541) Attempted to switch noclip
L 01/20/2019 - 01:42:58: [FAdmin] DidVaitel (STEAM_0:1:74202541) Got killed by eLeCtrOssSnake with a player
L 01/20/2019 - 01:42:58: [FAdmin] eLeCtrOssSnake (STEAM_0:1:164666257) Attempted to pick up a weapon_bugbait
L 01/20/2019 - 01:42:58: [FAdmin] eLeCtrOssSnake (STEAM_0:1:164666257) Attempted to pick up a keys
L 01/20/2019 - 01:42:58: [FAdmin] eLeCtrOssSnake (STEAM_0:1:164666257) Attempted to pick up a weapon_physcannon
L 01/20/2019 - 01:42:58: [FAdmin] eLeCtrOssSnake (STEAM_0:1:164666257) Attempted to pick up a gmod_camera
L 01/20/2019 - 01:42:58: [FAdmin] eLeCtrOssSnake (STEAM_0:1:164666257) Attempted to pick up a gmod_tool
L 01/20/2019 - 01:42:58: [FAdmin] eLeCtrOssSnake (STEAM_0:1:164666257) Attempted to pick up a pocket
L 01/20/2019 - 01:42:58: [FAdmin] eLeCtrOssSnake (STEAM_0:1:164666257) Attempted to pick up a weapon_physgun
L 01/20/2019 - 01:43:00: [FAdmin] DidVaitel (STEAM_0:1:74202541) Spawned
L 01/20/2019 - 01:43:00: [FAdmin] DidVaitel (STEAM_0:1:74202541) Attempted to pick up a keys
L 01/20/2019 - 01:43:00: [FAdmin] DidVaitel (STEAM_0:1:74202541) Attempted to pick up a weapon_physcannon
L 01/20/2019 - 01:43:00: [FAdmin] DidVaitel (STEAM_0:1:74202541) Attempted to pick up a gmod_camera
L 01/20/2019 - 01:43:00: [FAdmin] DidVaitel (STEAM_0:1:74202541) Attempted to pick up a gmod_tool
L 01/20/2019 - 01:43:00: [FAdmin] DidVaitel (STEAM_0:1:74202541) Attempted to pick up a pocket
L 01/20/2019 - 01:43:00: [FAdmin] DidVaitel (STEAM_0:1:74202541) Attempted to pick up a weapon_physgun
L 01/20/2019 - 01:43:00: [FAdmin] DidVaitel (STEAM_0:1:74202541) Attempted to pick up a weapon_keypadchecker
L 01/20/2019 - 01:43:00: [FAdmin] DidVaitel (STEAM_0:1:74202541) Attempted to pick up a door_ram
L 01/20/2019 - 01:43:00: [FAdmin] DidVaitel (STEAM_0:1:74202541) Attempted to pick up a arrest_stick
L 01/20/2019 - 01:43:00: [FAdmin] DidVaitel (STEAM_0:1:74202541) Attempted to pick up a unarrest_stick
L 01/20/2019 - 01:43:00: [FAdmin] DidVaitel (STEAM_0:1:74202541) Attempted to pick up a stunstick
L 01/20/2019 - 01:43:00: [FAdmin] DidVaitel (STEAM_0:1:74202541) Attempted to pick up a weaponchecker
L 01/20/2019 - 01:46:03: Lua Error: 
[ERROR] addons/gduels-system/lua/gduel/core/sv_functions.lua:172: 'then' expected near '='
  1. unknown - addons/gduels-system/lua/gduel/core/sv_functions.lua:0


L 01/20/2019 - 01:47:08: [FAdmin] DidVaitel (STEAM_0:1:74202541) Gave himself a weapon_shotgun
L 01/20/2019 - 01:47:08: [FAdmin] DidVaitel (STEAM_0:1:74202541) Attempted to pick up a weapon_shotgun
L 01/20/2019 - 01:47:13: [FAdmin] eLeCtrOssSnake (STEAM_0:1:164666257) Attempted to pick up a weapon_crowbar
L 01/20/2019 - 01:47:13: [FAdmin] DidVaitel (STEAM_0:1:74202541) Attempted to pick up a weapon_crowbar
L 01/20/2019 - 01:47:24: [FAdmin] DidVaitel (STEAM_0:1:74202541) Got killed by eLeCtrOssSnake with a player
L 01/20/2019 - 01:47:24: [FAdmin] eLeCtrOssSnake (STEAM_0:1:164666257) Attempted to pick up a weapon_bugbait
L 01/20/2019 - 01:47:24: [FAdmin] eLeCtrOssSnake (STEAM_0:1:164666257) Attempted to pick up a keys
L 01/20/2019 - 01:47:24: [FAdmin] eLeCtrOssSnake (STEAM_0:1:164666257) Attempted to pick up a weapon_physcannon
L 01/20/2019 - 01:47:24: [FAdmin] eLeCtrOssSnake (STEAM_0:1:164666257) Attempted to pick up a gmod_camera
L 01/20/2019 - 01:47:24: [FAdmin] eLeCtrOssSnake (STEAM_0:1:164666257) Attempted to pick up a gmod_tool
L 01/20/2019 - 01:47:24: [FAdmin] eLeCtrOssSnake (STEAM_0:1:164666257) Attempted to pick up a pocket
L 01/20/2019 - 01:47:24: [FAdmin] eLeCtrOssSnake (STEAM_0:1:164666257) Attempted to pick up a weapon_physgun
L 01/20/2019 - 01:47:25: [FAdmin] DidVaitel (STEAM_0:1:74202541) Spawned
L 01/20/2019 - 01:47:25: [FAdmin] DidVaitel (STEAM_0:1:74202541) Attempted to pick up a keys
L 01/20/2019 - 01:47:25: [FAdmin] DidVaitel (STEAM_0:1:74202541) Attempted to pick up a weapon_physcannon
L 01/20/2019 - 01:47:25: [FAdmin] DidVaitel (STEAM_0:1:74202541) Attempted to pick up a gmod_camera
L 01/20/2019 - 01:47:25: [FAdmin] DidVaitel (STEAM_0:1:74202541) Attempted to pick up a gmod_tool
L 01/20/2019 - 01:47:25: [FAdmin] DidVaitel (STEAM_0:1:74202541) Attempted to pick up a pocket
L 01/20/2019 - 01:47:25: [FAdmin] DidVaitel (STEAM_0:1:74202541) Attempted to pick up a weapon_physgun
L 01/20/2019 - 01:47:25: [FAdmin] DidVaitel (STEAM_0:1:74202541) Attempted to pick up a weapon_keypadchecker
L 01/20/2019 - 01:47:25: [FAdmin] DidVaitel (STEAM_0:1:74202541) Attempted to pick up a door_ram
L 01/20/2019 - 01:47:25: [FAdmin] DidVaitel (STEAM_0:1:74202541) Attempted to pick up a arrest_stick
L 01/20/2019 - 01:47:25: [FAdmin] DidVaitel (STEAM_0:1:74202541) Attempted to pick up a unarrest_stick
L 01/20/2019 - 01:47:25: [FAdmin] DidVaitel (STEAM_0:1:74202541) Attempted to pick up a stunstick
L 01/20/2019 - 01:47:25: [FAdmin] DidVaitel (STEAM_0:1:74202541) Attempted to pick up a weaponchecker
L 01/20/2019 - 01:47:25: [FAdmin] DidVaitel (STEAM_0:1:74202541) Attempted to pick up a weapon_shotgun
L 01/20/2019 - 01:47:34: [FAdmin] eLeCtrOssSnake (STEAM_0:1:164666257) Spawned a models/props_combine/combine_bridge_b.mdl
L 01/20/2019 - 01:47:34: [FAdmin] eLeCtrOssSnake (STEAM_0:1:164666257) Spawned a models/props_combine/combine_bridge_b.mdl
L 01/20/2019 - 01:47:34: [FAdmin] eLeCtrOssSnake (STEAM_0:1:164666257) Spawned a models/props_combine/combine_bridge_b.mdl
L 01/20/2019 - 01:47:35: [FAdmin] eLeCtrOssSnake (STEAM_0:1:164666257) Spawned a models/props_combine/combine_bridge_b.mdl
L 01/20/2019 - 01:47:40: [FAdmin] eLeCtrOssSnake (STEAM_0:1:164666257) Got killed by eLeCtrOssSnake with a player
L 01/20/2019 - 01:47:41: [FAdmin] eLeCtrOssSnake (STEAM_0:1:164666257) Spawned
L 01/20/2019 - 01:47:42: [FAdmin] eLeCtrOssSnake (STEAM_0:1:164666257) Attempted to pick up a weapon_bugbait
L 01/20/2019 - 01:47:42: [FAdmin] eLeCtrOssSnake (STEAM_0:1:164666257) Attempted to pick up a keys
L 01/20/2019 - 01:47:42: [FAdmin] eLeCtrOssSnake (STEAM_0:1:164666257) Attempted to pick up a weapon_physcannon
L 01/20/2019 - 01:47:42: [FAdmin] eLeCtrOssSnake (STEAM_0:1:164666257) Attempted to pick up a gmod_camera
L 01/20/2019 - 01:47:42: [FAdmin] eLeCtrOssSnake (STEAM_0:1:164666257) Attempted to pick up a gmod_tool
L 01/20/2019 - 01:47:42: [FAdmin] eLeCtrOssSnake (STEAM_0:1:164666257) Attempted to pick up a pocket
L 01/20/2019 - 01:47:42: [FAdmin] eLeCtrOssSnake (STEAM_0:1:164666257) Attempted to pick up a weapon_physgun
L 01/20/2019 - 01:47:42: [FAdmin] prop_physics(models/props_combine/combine_bridge_b.mdl) Got removed
L 01/20/2019 - 01:47:42: [FAdmin] prop_physics(models/props_combine/combine_bridge_b.mdl) Got removed
L 01/20/2019 - 01:47:42: [FAdmin] prop_physics(models/props_combine/combine_bridge_b.mdl) Got removed
L 01/20/2019 - 01:47:43: [FAdmin] prop_physics(models/props_combine/combine_bridge_b.mdl) Got removed
L 01/20/2019 - 01:50:50: Lua Error: 
[ERROR] addons/gduels-system/lua/gduel/core/sv_functions.lua:221: unexpected symbol near ')'
  1. unknown - addons/gduels-system/lua/gduel/core/sv_functions.lua:0


L 01/20/2019 - 01:51:24: [FAdmin] eLeCtrOssSnake (STEAM_0:1:164666257) Spawned a models/props_phx/construct/glass/glass_plate1x1.mdl
L 01/20/2019 - 01:51:34: [FAdmin] prop_physics(models/props_phx/construct/glass/glass_plate1x1.mdl) Got removed
L 01/20/2019 - 01:51:34: [FAdmin] eLeCtrOssSnake (STEAM_0:1:164666257) Spawned a models/props_phx/construct/glass/glass_plate1x1.mdl
L 01/20/2019 - 01:51:35: Lua Error: 
[ERROR] addons/simple_discord_relay/lua/autorun/server/sv_discord_relay.lua:150: attempt to call method 'Nick' (a nil value)
  1. fn - addons/simple_discord_relay/lua/autorun/server/sv_discord_relay.lua:150
   2. unknown - addons/ulxulib/lua/ulib/shared/hook.lua:109


L 01/20/2019 - 01:51:36: [FAdmin] prop_physics(models/props_phx/construct/glass/glass_plate1x1.mdl) Got removed
L 01/20/2019 - 01:51:38: [FAdmin] DidVaitel (STEAM_0:1:74202541) Spawned
L 01/20/2019 - 01:51:38: [FAdmin] DidVaitel (STEAM_0:1:74202541) Attempted to pick up a keys
L 01/20/2019 - 01:51:38: [FAdmin] DidVaitel (STEAM_0:1:74202541) Attempted to pick up a weapon_physcannon
L 01/20/2019 - 01:51:38: [FAdmin] DidVaitel (STEAM_0:1:74202541) Attempted to pick up a gmod_camera
L 01/20/2019 - 01:51:38: [FAdmin] DidVaitel (STEAM_0:1:74202541) Attempted to pick up a gmod_tool
L 01/20/2019 - 01:51:38: [FAdmin] DidVaitel (STEAM_0:1:74202541) Attempted to pick up a pocket
L 01/20/2019 - 01:51:38: [FAdmin] DidVaitel (STEAM_0:1:74202541) Attempted to pick up a weapon_physgun
L 01/20/2019 - 01:51:38: [FAdmin] DidVaitel (STEAM_0:1:74202541) Attempted to pick up a weapon_keypadchecker
L 01/20/2019 - 01:51:38: [FAdmin] DidVaitel (STEAM_0:1:74202541) Attempted to pick up a door_ram
L 01/20/2019 - 01:51:38: [FAdmin] DidVaitel (STEAM_0:1:74202541) Attempted to pick up a arrest_stick
L 01/20/2019 - 01:51:38: [FAdmin] DidVaitel (STEAM_0:1:74202541) Attempted to pick up a unarrest_stick
L 01/20/2019 - 01:51:38: [FAdmin] DidVaitel (STEAM_0:1:74202541) Attempted to pick up a stunstick
L 01/20/2019 - 01:51:38: [FAdmin] DidVaitel (STEAM_0:1:74202541) Attempted to pick up a weaponchecker
L 01/20/2019 - 01:51:38: [FAdmin] eLeCtrOssSnake (STEAM_0:1:164666257) Spawned a models/props_phx/construct/glass/glass_plate1x1.mdl
L 01/20/2019 - 01:51:38: [FAdmin] DidVaitel (STEAM_0:1:74202541) Attempted to switch noclip
L 01/20/2019 - 01:51:39: [FAdmin] DidVaitel (STEAM_0:1:74202541) Attempted to switch noclip
L 01/20/2019 - 01:51:44: [FAdmin] eLeCtrOssSnake (STEAM_0:1:164666257) Spawned a models/props_lab/blastdoor001c.mdl
L 01/20/2019 - 01:51:46: Lua Error: 
[ERROR] addons/simple_discord_relay/lua/autorun/server/sv_discord_relay.lua:150: attempt to call method 'Nick' (a nil value)
  1. fn - addons/simple_discord_relay/lua/autorun/server/sv_discord_relay.lua:150
   2. unknown - addons/ulxulib/lua/ulib/shared/hook.lua:109


L 01/20/2019 - 01:51:47: [FAdmin] eLeCtrOssSnake (STEAM_0:1:164666257) Spawned
L 01/20/2019 - 01:51:47: [FAdmin] eLeCtrOssSnake (STEAM_0:1:164666257) Attempted to pick up a weapon_bugbait
L 01/20/2019 - 01:51:47: [FAdmin] eLeCtrOssSnake (STEAM_0:1:164666257) Attempted to pick up a keys
L 01/20/2019 - 01:51:47: [FAdmin] eLeCtrOssSnake (STEAM_0:1:164666257) Attempted to pick up a weapon_physcannon
L 01/20/2019 - 01:51:47: [FAdmin] eLeCtrOssSnake (STEAM_0:1:164666257) Attempted to pick up a gmod_camera
L 01/20/2019 - 01:51:47: [FAdmin] eLeCtrOssSnake (STEAM_0:1:164666257) Attempted to pick up a gmod_tool
L 01/20/2019 - 01:51:47: [FAdmin] eLeCtrOssSnake (STEAM_0:1:164666257) Attempted to pick up a pocket
L 01/20/2019 - 01:51:47: [FAdmin] eLeCtrOssSnake (STEAM_0:1:164666257) Attempted to pick up a weapon_physgun
L 01/20/2019 - 01:51:49: [FAdmin] eLeCtrOssSnake (STEAM_0:1:164666257) Attempted to pick up a weapon_crowbar
L 01/20/2019 - 01:51:49: [FAdmin] DidVaitel (STEAM_0:1:74202541) Attempted to pick up a weapon_crowbar
L 01/20/2019 - 01:51:55: [FAdmin] DidVaitel (STEAM_0:1:74202541) changed from Citizen to Civil Protection
L 01/20/2019 - 01:51:55: [FAdmin] DidVaitel (STEAM_0:1:74202541) Attempted to pick up a arrest_stick
L 01/20/2019 - 01:51:55: [FAdmin] DidVaitel (STEAM_0:1:74202541) Attempted to pick up a unarrest_stick
L 01/20/2019 - 01:51:55: [FAdmin] DidVaitel (STEAM_0:1:74202541) Attempted to pick up a weapon_glock2
L 01/20/2019 - 01:51:55: [FAdmin] DidVaitel (STEAM_0:1:74202541) Attempted to pick up a stunstick
L 01/20/2019 - 01:51:55: [FAdmin] DidVaitel (STEAM_0:1:74202541) Attempted to pick up a door_ram
L 01/20/2019 - 01:51:55: [FAdmin] DidVaitel (STEAM_0:1:74202541) Attempted to pick up a weaponchecker
L 01/20/2019 - 01:51:55: [FAdmin] DidVaitel (STEAM_0:1:74202541) Attempted to pick up a keys
L 01/20/2019 - 01:51:55: [FAdmin] DidVaitel (STEAM_0:1:74202541) Attempted to pick up a weapon_physcannon
L 01/20/2019 - 01:51:55: [FAdmin] DidVaitel (STEAM_0:1:74202541) Attempted to pick up a gmod_camera
L 01/20/2019 - 01:51:55: [FAdmin] DidVaitel (STEAM_0:1:74202541) Attempted to pick up a gmod_tool
L 01/20/2019 - 01:51:55: [FAdmin] DidVaitel (STEAM_0:1:74202541) Attempted to pick up a pocket
L 01/20/2019 - 01:51:55: [FAdmin] DidVaitel (STEAM_0:1:74202541) Attempted to pick up a weapon_physgun
L 01/20/2019 - 01:51:55: [FAdmin] DidVaitel (STEAM_0:1:74202541) Attempted to pick up a weapon_keypadchecker
L 01/20/2019 - 01:52:01: [FAdmin] DidVaitel (STEAM_0:1:74202541) Attempted to switch noclip
L 01/20/2019 - 01:52:07: [FAdmin] DidVaitel (STEAM_0:1:74202541) changed from Civil Protection to Gangster
L 01/20/2019 - 01:52:07: [FAdmin] DidVaitel (STEAM_0:1:74202541) Attempted to pick up a keys
L 01/20/2019 - 01:52:07: [FAdmin] DidVaitel (STEAM_0:1:74202541) Attempted to pick up a weapon_physcannon
L 01/20/2019 - 01:52:07: [FAdmin] DidVaitel (STEAM_0:1:74202541) Attempted to pick up a gmod_camera
L 01/20/2019 - 01:52:07: [FAdmin] DidVaitel (STEAM_0:1:74202541) Attempted to pick up a gmod_tool
L 01/20/2019 - 01:52:07: [FAdmin] DidVaitel (STEAM_0:1:74202541) Attempted to pick up a pocket
L 01/20/2019 - 01:52:07: [FAdmin] DidVaitel (STEAM_0:1:74202541) Attempted to pick up a weapon_physgun
L 01/20/2019 - 01:52:07: [FAdmin] DidVaitel (STEAM_0:1:74202541) Attempted to pick up a weapon_keypadchecker
L 01/20/2019 - 01:52:07: [FAdmin] DidVaitel (STEAM_0:1:74202541) Attempted to pick up a door_ram
L 01/20/2019 - 01:52:07: [FAdmin] DidVaitel (STEAM_0:1:74202541) Attempted to pick up a arrest_stick
L 01/20/2019 - 01:52:07: [FAdmin] DidVaitel (STEAM_0:1:74202541) Attempted to pick up a unarrest_stick
L 01/20/2019 - 01:52:07: [FAdmin] DidVaitel (STEAM_0:1:74202541) Attempted to pick up a stunstick
L 01/20/2019 - 01:52:07: [FAdmin] DidVaitel (STEAM_0:1:74202541) Attempted to pick up a weaponchecker
L 01/20/2019 - 01:53:31: [FAdmin] eLeCtrOssSnake (STEAM_0:1:164666257) Attempted to switch noclip
L 01/20/2019 - 01:54:21: Lua Error: 
[ERROR] addons/gduels-system/lua/gduel/core/sh_language.lua:88: '=' expected near '}'
  1. unknown - addons/gduels-system/lua/gduel/core/sh_language.lua:0


L 01/20/2019 - 01:54:27: Lua Error: 
[ERROR] addons/gduels-system/lua/gduel/core/sh_language.lua:88: '=' expected near '}'
  1. unknown - addons/gduels-system/lua/gduel/core/sh_language.lua:0


L 01/20/2019 - 01:56:00: [FAdmin] DidVaitel (STEAM_0:1:74202541) Attempted to switch noclip
L 01/20/2019 - 01:56:04: [FAdmin] DidVaitel (STEAM_0:1:74202541) Got killed by eLeCtrOssSnake with a player
L 01/20/2019 - 01:56:04: [FAdmin] eLeCtrOssSnake (STEAM_0:1:164666257) Attempted to pick up a weapon_bugbait
L 01/20/2019 - 01:56:04: [FAdmin] eLeCtrOssSnake (STEAM_0:1:164666257) Attempted to pick up a keys
L 01/20/2019 - 01:56:04: [FAdmin] eLeCtrOssSnake (STEAM_0:1:164666257) Attempted to pick up a weapon_physcannon
L 01/20/2019 - 01:56:04: [FAdmin] eLeCtrOssSnake (STEAM_0:1:164666257) Attempted to pick up a gmod_camera
L 01/20/2019 - 01:56:04: [FAdmin] eLeCtrOssSnake (STEAM_0:1:164666257) Attempted to pick up a gmod_tool
L 01/20/2019 - 01:56:04: [FAdmin] eLeCtrOssSnake (STEAM_0:1:164666257) Attempted to pick up a pocket
L 01/20/2019 - 01:56:04: [FAdmin] eLeCtrOssSnake (STEAM_0:1:164666257) Attempted to pick up a weapon_physgun
L 01/20/2019 - 01:56:05: [FAdmin] DidVaitel (STEAM_0:1:74202541) Spawned
L 01/20/2019 - 01:56:05: [FAdmin] DidVaitel (STEAM_0:1:74202541) Attempted to pick up a keys
L 01/20/2019 - 01:56:05: [FAdmin] DidVaitel (STEAM_0:1:74202541) Attempted to pick up a weapon_physcannon
L 01/20/2019 - 01:56:05: [FAdmin] DidVaitel (STEAM_0:1:74202541) Attempted to pick up a gmod_camera
L 01/20/2019 - 01:56:05: [FAdmin] DidVaitel (STEAM_0:1:74202541) Attempted to pick up a gmod_tool
L 01/20/2019 - 01:56:05: [FAdmin] DidVaitel (STEAM_0:1:74202541) Attempted to pick up a pocket
L 01/20/2019 - 01:56:05: [FAdmin] DidVaitel (STEAM_0:1:74202541) Attempted to pick up a weapon_physgun
L 01/20/2019 - 01:56:05: [FAdmin] DidVaitel (STEAM_0:1:74202541) Attempted to pick up a weapon_keypadchecker
L 01/20/2019 - 01:56:05: [FAdmin] DidVaitel (STEAM_0:1:74202541) Attempted to pick up a door_ram
L 01/20/2019 - 01:56:05: [FAdmin] DidVaitel (STEAM_0:1:74202541) Attempted to pick up a arrest_stick
L 01/20/2019 - 01:56:05: [FAdmin] DidVaitel (STEAM_0:1:74202541) Attempted to pick up a unarrest_stick
L 01/20/2019 - 01:56:05: [FAdmin] DidVaitel (STEAM_0:1:74202541) Attempted to pick up a stunstick
L 01/20/2019 - 01:56:05: [FAdmin] DidVaitel (STEAM_0:1:74202541) Attempted to pick up a weaponchecker
L 01/20/2019 - 01:56:10: [FAdmin] DidVaitel (STEAM_0:1:74202541) changed from Gangster to Medic
L 01/20/2019 - 01:56:10: [FAdmin] DidVaitel (STEAM_0:1:74202541) Attempted to pick up a med_kit
L 01/20/2019 - 01:56:10: [FAdmin] DidVaitel (STEAM_0:1:74202541) Attempted to pick up a keys
L 01/20/2019 - 01:56:10: [FAdmin] DidVaitel (STEAM_0:1:74202541) Attempted to pick up a weapon_physcannon
L 01/20/2019 - 01:56:10: [FAdmin] DidVaitel (STEAM_0:1:74202541) Attempted to pick up a gmod_camera
L 01/20/2019 - 01:56:10: [FAdmin] DidVaitel (STEAM_0:1:74202541) Attempted to pick up a gmod_tool
L 01/20/2019 - 01:56:10: [FAdmin] DidVaitel (STEAM_0:1:74202541) Attempted to pick up a pocket
L 01/20/2019 - 01:56:10: [FAdmin] DidVaitel (STEAM_0:1:74202541) Attempted to pick up a weapon_physgun
L 01/20/2019 - 01:56:10: [FAdmin] DidVaitel (STEAM_0:1:74202541) Attempted to pick up a weapon_keypadchecker
L 01/20/2019 - 01:56:10: [FAdmin] DidVaitel (STEAM_0:1:74202541) Attempted to pick up a door_ram
L 01/20/2019 - 01:56:10: [FAdmin] DidVaitel (STEAM_0:1:74202541) Attempted to pick up a arrest_stick
L 01/20/2019 - 01:56:10: [FAdmin] DidVaitel (STEAM_0:1:74202541) Attempted to pick up a unarrest_stick
L 01/20/2019 - 01:56:10: [FAdmin] DidVaitel (STEAM_0:1:74202541) Attempted to pick up a stunstick
L 01/20/2019 - 01:56:10: [FAdmin] DidVaitel (STEAM_0:1:74202541) Attempted to pick up a weaponchecker
L 01/20/2019 - 01:56:17: [FAdmin] DidVaitel (STEAM_0:1:74202541) Gave himself a weapon_rpg
L 01/20/2019 - 01:56:17: [FAdmin] DidVaitel (STEAM_0:1:74202541) Attempted to pick up a weapon_rpg
L 01/20/2019 - 01:56:18: [FAdmin] eLeCtrOssSnake (STEAM_0:1:164666257) Attempted to pick up a weapon_crowbar
L 01/20/2019 - 01:56:18: [FAdmin] DidVaitel (STEAM_0:1:74202541) Attempted to pick up a weapon_crowbar
L 01/20/2019 - 01:56:29: [FAdmin] DidVaitel (STEAM_0:1:74202541) Attempted to switch noclip
L 01/20/2019 - 01:57:29: Lua Error: 
[ERROR] addons/gduels-system/lua/gduel/core/sv_functions.lua:223: 'then' expected near 'end'
  1. unknown - addons/gduels-system/lua/gduel/core/sv_functions.lua:0


L 01/20/2019 - 01:57:34: Lua Error: 
[ERROR] addons/gduels-system/lua/gduel/core/sv_functions.lua:223: unexpected symbol near ')'
  1. unknown - addons/gduels-system/lua/gduel/core/sv_functions.lua:0


L 01/20/2019 - 01:59:59: [FAdmin] eLeCtrOssSnake (STEAM_0:1:164666257) Got killed by DidVaitel with a player
L 01/20/2019 - 01:59:59: [FAdmin] DidVaitel (STEAM_0:1:74202541) Attempted to pick up a med_kit
L 01/20/2019 - 01:59:59: [FAdmin] DidVaitel (STEAM_0:1:74202541) Attempted to pick up a keys
L 01/20/2019 - 01:59:59: [FAdmin] DidVaitel (STEAM_0:1:74202541) Attempted to pick up a weapon_physcannon
L 01/20/2019 - 01:59:59: [FAdmin] DidVaitel (STEAM_0:1:74202541) Attempted to pick up a gmod_camera
L 01/20/2019 - 01:59:59: [FAdmin] DidVaitel (STEAM_0:1:74202541) Attempted to pick up a gmod_tool
L 01/20/2019 - 01:59:59: [FAdmin] DidVaitel (STEAM_0:1:74202541) Attempted to pick up a pocket
L 01/20/2019 - 01:59:59: [FAdmin] DidVaitel (STEAM_0:1:74202541) Attempted to pick up a weapon_physgun
L 01/20/2019 - 01:59:59: [FAdmin] DidVaitel (STEAM_0:1:74202541) Attempted to pick up a weapon_keypadchecker
L 01/20/2019 - 01:59:59: [FAdmin] DidVaitel (STEAM_0:1:74202541) Attempted to pick up a door_ram
L 01/20/2019 - 01:59:59: [FAdmin] DidVaitel (STEAM_0:1:74202541) Attempted to pick up a arrest_stick
L 01/20/2019 - 01:59:59: [FAdmin] DidVaitel (STEAM_0:1:74202541) Attempted to pick up a unarrest_stick
L 01/20/2019 - 01:59:59: [FAdmin] DidVaitel (STEAM_0:1:74202541) Attempted to pick up a stunstick
L 01/20/2019 - 01:59:59: [FAdmin] DidVaitel (STEAM_0:1:74202541) Attempted to pick up a weaponchecker
L 01/20/2019 - 01:59:59: [FAdmin] DidVaitel (STEAM_0:1:74202541) Attempted to pick up a weapon_rpg
L 01/20/2019 - 02:00:00: [FAdmin] eLeCtrOssSnake (STEAM_0:1:164666257) Spawned
L 01/20/2019 - 02:00:00: [FAdmin] eLeCtrOssSnake (STEAM_0:1:164666257) Attempted to pick up a weapon_bugbait
L 01/20/2019 - 02:00:00: [FAdmin] eLeCtrOssSnake (STEAM_0:1:164666257) Attempted to pick up a keys
L 01/20/2019 - 02:00:00: [FAdmin] eLeCtrOssSnake (STEAM_0:1:164666257) Attempted to pick up a weapon_physcannon
L 01/20/2019 - 02:00:00: [FAdmin] eLeCtrOssSnake (STEAM_0:1:164666257) Attempted to pick up a gmod_camera
L 01/20/2019 - 02:00:00: [FAdmin] eLeCtrOssSnake (STEAM_0:1:164666257) Attempted to pick up a gmod_tool
L 01/20/2019 - 02:00:00: [FAdmin] eLeCtrOssSnake (STEAM_0:1:164666257) Attempted to pick up a pocket
L 01/20/2019 - 02:00:00: [FAdmin] eLeCtrOssSnake (STEAM_0:1:164666257) Attempted to pick up a weapon_physgun
L 01/20/2019 - 02:00:01: [FAdmin] DidVaitel (STEAM_0:1:74202541) Attempted to switch noclip
L 01/20/2019 - 02:00:04: [FAdmin] eLeCtrOssSnake (STEAM_0:1:164666257) Spawned a models/props_lab/blastdoor001c.mdl
L 01/20/2019 - 02:00:04: Lua Error: 
[ERROR] addons/simple_discord_relay/lua/autorun/server/sv_discord_relay.lua:150: attempt to call method 'Nick' (a nil value)
  1. fn - addons/simple_discord_relay/lua/autorun/server/sv_discord_relay.lua:150
   2. unknown - addons/ulxulib/lua/ulib/shared/hook.lua:109


L 01/20/2019 - 02:00:05: [FAdmin] DidVaitel (STEAM_0:1:74202541) Spawned
L 01/20/2019 - 02:00:05: [FAdmin] DidVaitel (STEAM_0:1:74202541) Attempted to pick up a med_kit
L 01/20/2019 - 02:00:05: [FAdmin] DidVaitel (STEAM_0:1:74202541) Attempted to pick up a keys
L 01/20/2019 - 02:00:05: [FAdmin] DidVaitel (STEAM_0:1:74202541) Attempted to pick up a weapon_physcannon
L 01/20/2019 - 02:00:05: [FAdmin] DidVaitel (STEAM_0:1:74202541) Attempted to pick up a gmod_camera
L 01/20/2019 - 02:00:05: [FAdmin] DidVaitel (STEAM_0:1:74202541) Attempted to pick up a gmod_tool
L 01/20/2019 - 02:00:05: [FAdmin] DidVaitel (STEAM_0:1:74202541) Attempted to pick up a pocket
L 01/20/2019 - 02:00:05: [FAdmin] DidVaitel (STEAM_0:1:74202541) Attempted to pick up a weapon_physgun
L 01/20/2019 - 02:00:05: [FAdmin] DidVaitel (STEAM_0:1:74202541) Attempted to pick up a weapon_keypadchecker
L 01/20/2019 - 02:00:05: [FAdmin] DidVaitel (STEAM_0:1:74202541) Attempted to pick up a door_ram
L 01/20/2019 - 02:00:05: [FAdmin] DidVaitel (STEAM_0:1:74202541) Attempted to pick up a arrest_stick
L 01/20/2019 - 02:00:05: [FAdmin] DidVaitel (STEAM_0:1:74202541) Attempted to pick up a unarrest_stick
L 01/20/2019 - 02:00:05: [FAdmin] DidVaitel (STEAM_0:1:74202541) Attempted to pick up a stunstick
L 01/20/2019 - 02:00:05: [FAdmin] DidVaitel (STEAM_0:1:74202541) Attempted to pick up a weaponchecker
L 01/20/2019 - 02:00:05: [FAdmin] prop_physics(models/props_lab/blastdoor001c.mdl) Got removed
L 01/20/2019 - 02:00:05: [FAdmin] DidVaitel (STEAM_0:1:74202541) Attempted to switch noclip
L 01/20/2019 - 02:00:09: [FAdmin] DidVaitel (STEAM_0:1:74202541) Attempted to switch noclip
L 01/20/2019 - 02:00:10: [FAdmin] eLeCtrOssSnake (STEAM_0:1:164666257) Spawned a models/props_lab/blastdoor001c.mdl
L 01/20/2019 - 02:00:12: Lua Error: 
[ERROR] addons/simple_discord_relay/lua/autorun/server/sv_discord_relay.lua:150: attempt to call method 'Nick' (a nil value)
  1. fn - addons/simple_discord_relay/lua/autorun/server/sv_discord_relay.lua:150
   2. unknown - addons/ulxulib/lua/ulib/shared/hook.lua:109


L 01/20/2019 - 02:00:12: [FAdmin] DidVaitel (STEAM_0:1:74202541) Spawned
L 01/20/2019 - 02:00:12: [FAdmin] DidVaitel (STEAM_0:1:74202541) Attempted to pick up a med_kit
L 01/20/2019 - 02:00:12: [FAdmin] DidVaitel (STEAM_0:1:74202541) Attempted to pick up a keys
L 01/20/2019 - 02:00:12: [FAdmin] DidVaitel (STEAM_0:1:74202541) Attempted to pick up a weapon_physcannon
L 01/20/2019 - 02:00:12: [FAdmin] DidVaitel (STEAM_0:1:74202541) Attempted to pick up a gmod_camera
L 01/20/2019 - 02:00:12: [FAdmin] DidVaitel (STEAM_0:1:74202541) Attempted to pick up a gmod_tool
L 01/20/2019 - 02:00:12: [FAdmin] DidVaitel (STEAM_0:1:74202541) Attempted to pick up a pocket
L 01/20/2019 - 02:00:12: [FAdmin] DidVaitel (STEAM_0:1:74202541) Attempted to pick up a weapon_physgun
L 01/20/2019 - 02:00:12: [FAdmin] DidVaitel (STEAM_0:1:74202541) Attempted to pick up a weapon_keypadchecker
L 01/20/2019 - 02:00:12: [FAdmin] DidVaitel (STEAM_0:1:74202541) Attempted to pick up a door_ram
L 01/20/2019 - 02:00:12: [FAdmin] DidVaitel (STEAM_0:1:74202541) Attempted to pick up a arrest_stick
L 01/20/2019 - 02:00:12: [FAdmin] DidVaitel (STEAM_0:1:74202541) Attempted to pick up a unarrest_stick
L 01/20/2019 - 02:00:12: [FAdmin] DidVaitel (STEAM_0:1:74202541) Attempted to pick up a stunstick
L 01/20/2019 - 02:00:12: [FAdmin] DidVaitel (STEAM_0:1:74202541) Attempted to pick up a weaponchecker
L 01/20/2019 - 02:00:13: [FAdmin] prop_physics(models/props_lab/blastdoor001c.mdl) Got removed
L 01/20/2019 - 02:00:14: [FAdmin] eLeCtrOssSnake (STEAM_0:1:164666257) Attempted to pick up a weapon_crowbar
L 01/20/2019 - 02:00:14: [FAdmin] DidVaitel (STEAM_0:1:74202541) Attempted to pick up a weapon_crowbar
L 01/20/2019 - 02:00:18: "eLeCtrOssSnake<3><STEAM_0:1:164666257><>" disconnected (reason "Disconnect by user.")
L 01/20/2019 - 02:00:18: [FAdmin] eLeCtrOssSnake (STEAM_0:1:164666257) Disconnected
L 01/20/2019 - 02:00:18: [FAdmin] DidVaitel (STEAM_0:1:74202541) Attempted to pick up a med_kit
L 01/20/2019 - 02:00:18: [FAdmin] DidVaitel (STEAM_0:1:74202541) Attempted to pick up a keys
L 01/20/2019 - 02:00:18: [FAdmin] DidVaitel (STEAM_0:1:74202541) Attempted to pick up a weapon_physcannon
L 01/20/2019 - 02:00:18: [FAdmin] DidVaitel (STEAM_0:1:74202541) Attempted to pick up a gmod_camera
L 01/20/2019 - 02:00:18: [FAdmin] DidVaitel (STEAM_0:1:74202541) Attempted to pick up a gmod_tool
L 01/20/2019 - 02:00:18: [FAdmin] DidVaitel (STEAM_0:1:74202541) Attempted to pick up a pocket
L 01/20/2019 - 02:00:18: [FAdmin] DidVaitel (STEAM_0:1:74202541) Attempted to pick up a weapon_physgun
L 01/20/2019 - 02:00:18: [FAdmin] DidVaitel (STEAM_0:1:74202541) Attempted to pick up a weapon_keypadchecker
L 01/20/2019 - 02:00:18: [FAdmin] DidVaitel (STEAM_0:1:74202541) Attempted to pick up a door_ram
L 01/20/2019 - 02:00:18: [FAdmin] DidVaitel (STEAM_0:1:74202541) Attempted to pick up a arrest_stick
L 01/20/2019 - 02:00:18: [FAdmin] DidVaitel (STEAM_0:1:74202541) Attempted to pick up a unarrest_stick
L 01/20/2019 - 02:00:18: [FAdmin] DidVaitel (STEAM_0:1:74202541) Attempted to pick up a stunstick
L 01/20/2019 - 02:00:18: [FAdmin] DidVaitel (STEAM_0:1:74202541) Attempted to pick up a weaponchecker
L 01/20/2019 - 02:00:18: [FAdmin] DidVaitel (STEAM_0:1:74202541) Spawned
L 01/20/2019 - 02:00:19: Lua Error: 
[ERROR] lua/includes/extensions/player.lua:260: Tried to use a NULL entity!
  1. RemoveFlags - [C]:-1
   2. Freeze - lua/includes/extensions/player.lua:260
    3. unknown - addons/gduels-system/lua/gduel/core/sv_functions.lua:151


L 01/20/2019 - 02:00:23: "eLeCtrOssSnake<4><STEAM_0:1:164666257><>" connected, address "212.66.63.1:27005"
L 01/20/2019 - 02:00:23: "eLeCtrOssSnake<4><STEAM_0:1:164666257><>" STEAM USERID validated
L 01/20/2019 - 02:00:37: [FAdmin] eLeCtrOssSnake (STEAM_0:1:164666257) is Authed
L 01/20/2019 - 02:00:37: [FAdmin] eLeCtrOssSnake (STEAM_0:1:164666257) Spawned for the first time
L 01/20/2019 - 02:00:37: [FAdmin] eLeCtrOssSnake (STEAM_0:1:164666257) Spawned
L 01/20/2019 - 02:00:37: "eLeCtrOssSnake<4><STEAM_0:1:164666257><>" entered the game
L 01/20/2019 - 02:00:37: [FAdmin] eLeCtrOssSnake (STEAM_0:1:164666257) Attempted to pick up a keys
L 01/20/2019 - 02:00:37: [FAdmin] eLeCtrOssSnake (STEAM_0:1:164666257) Attempted to pick up a weapon_physcannon
L 01/20/2019 - 02:00:37: [FAdmin] eLeCtrOssSnake (STEAM_0:1:164666257) Attempted to pick up a gmod_camera
L 01/20/2019 - 02:00:37: [FAdmin] eLeCtrOssSnake (STEAM_0:1:164666257) Attempted to pick up a gmod_tool
L 01/20/2019 - 02:00:37: [FAdmin] eLeCtrOssSnake (STEAM_0:1:164666257) Attempted to pick up a pocket
L 01/20/2019 - 02:00:37: [FAdmin] eLeCtrOssSnake (STEAM_0:1:164666257) Attempted to pick up a weapon_physgun
L 01/20/2019 - 02:00:50: [FAdmin] eLeCtrOssSnake (STEAM_0:1:164666257) Spawned a models/props_lab/blastdoor001c.mdl
L 01/20/2019 - 02:00:51: Lua Error: 
[ERROR] addons/simple_discord_relay/lua/autorun/server/sv_discord_relay.lua:150: attempt to call method 'Nick' (a nil value)
  1. fn - addons/simple_discord_relay/lua/autorun/server/sv_discord_relay.lua:150
   2. unknown - addons/ulxulib/lua/ulib/shared/hook.lua:109


L 01/20/2019 - 02:00:52: [FAdmin] prop_physics(models/props_lab/blastdoor001c.mdl) Got removed
L 01/20/2019 - 02:00:52: [FAdmin] DidVaitel (STEAM_0:1:74202541) Spawned
L 01/20/2019 - 02:00:52: [FAdmin] DidVaitel (STEAM_0:1:74202541) Attempted to pick up a med_kit
L 01/20/2019 - 02:00:52: [FAdmin] DidVaitel (STEAM_0:1:74202541) Attempted to pick up a keys
L 01/20/2019 - 02:00:52: [FAdmin] DidVaitel (STEAM_0:1:74202541) Attempted to pick up a weapon_physcannon
L 01/20/2019 - 02:00:52: [FAdmin] DidVaitel (STEAM_0:1:74202541) Attempted to pick up a gmod_camera
L 01/20/2019 - 02:00:52: [FAdmin] DidVaitel (STEAM_0:1:74202541) Attempted to pick up a gmod_tool
L 01/20/2019 - 02:00:52: [FAdmin] DidVaitel (STEAM_0:1:74202541) Attempted to pick up a pocket
L 01/20/2019 - 02:00:52: [FAdmin] DidVaitel (STEAM_0:1:74202541) Attempted to pick up a weapon_physgun
L 01/20/2019 - 02:00:52: [FAdmin] DidVaitel (STEAM_0:1:74202541) Attempted to pick up a weapon_keypadchecker
L 01/20/2019 - 02:00:52: [FAdmin] DidVaitel (STEAM_0:1:74202541) Attempted to pick up a door_ram
L 01/20/2019 - 02:00:52: [FAdmin] DidVaitel (STEAM_0:1:74202541) Attempted to pick up a arrest_stick
L 01/20/2019 - 02:00:52: [FAdmin] DidVaitel (STEAM_0:1:74202541) Attempted to pick up a unarrest_stick
L 01/20/2019 - 02:00:52: [FAdmin] DidVaitel (STEAM_0:1:74202541) Attempted to pick up a stunstick
L 01/20/2019 - 02:00:52: [FAdmin] DidVaitel (STEAM_0:1:74202541) Attempted to pick up a weaponchecker
L 01/20/2019 - 02:00:52: [FAdmin] DidVaitel (STEAM_0:1:74202541) Attempted to switch noclip
L 01/20/2019 - 02:00:53: [FAdmin] DidVaitel (STEAM_0:1:74202541) Attempted to switch noclip
L 01/20/2019 - 02:00:55: [FAdmin] eLeCtrOssSnake (STEAM_0:1:164666257) Spawned a models/props_lab/blastdoor001c.mdl
L 01/20/2019 - 02:00:58: Lua Error: 
[ERROR] addons/simple_discord_relay/lua/autorun/server/sv_discord_relay.lua:150: attempt to call method 'Nick' (a nil value)
  1. fn - addons/simple_discord_relay/lua/autorun/server/sv_discord_relay.lua:150
   2. unknown - addons/ulxulib/lua/ulib/shared/hook.lua:109


L 01/20/2019 - 02:00:58: [FAdmin] DidVaitel (STEAM_0:1:74202541) Spawned
L 01/20/2019 - 02:00:58: [FAdmin] DidVaitel (STEAM_0:1:74202541) Attempted to pick up a med_kit
L 01/20/2019 - 02:00:58: [FAdmin] DidVaitel (STEAM_0:1:74202541) Attempted to pick up a keys
L 01/20/2019 - 02:00:58: [FAdmin] DidVaitel (STEAM_0:1:74202541) Attempted to pick up a weapon_physcannon
L 01/20/2019 - 02:00:58: [FAdmin] DidVaitel (STEAM_0:1:74202541) Attempted to pick up a gmod_camera
L 01/20/2019 - 02:00:58: [FAdmin] DidVaitel (STEAM_0:1:74202541) Attempted to pick up a gmod_tool
L 01/20/2019 - 02:00:58: [FAdmin] DidVaitel (STEAM_0:1:74202541) Attempted to pick up a pocket
L 01/20/2019 - 02:00:58: [FAdmin] DidVaitel (STEAM_0:1:74202541) Attempted to pick up a weapon_physgun
L 01/20/2019 - 02:00:58: [FAdmin] DidVaitel (STEAM_0:1:74202541) Attempted to pick up a weapon_keypadchecker
L 01/20/2019 - 02:00:58: [FAdmin] DidVaitel (STEAM_0:1:74202541) Attempted to pick up a door_ram
L 01/20/2019 - 02:00:58: [FAdmin] DidVaitel (STEAM_0:1:74202541) Attempted to pick up a arrest_stick
L 01/20/2019 - 02:00:58: [FAdmin] DidVaitel (STEAM_0:1:74202541) Attempted to pick up a unarrest_stick
L 01/20/2019 - 02:00:58: [FAdmin] DidVaitel (STEAM_0:1:74202541) Attempted to pick up a stunstick
L 01/20/2019 - 02:00:58: [FAdmin] DidVaitel (STEAM_0:1:74202541) Attempted to pick up a weaponchecker
L 01/20/2019 - 02:00:59: [FAdmin] eLeCtrOssSnake (STEAM_0:1:164666257) Attempted to pick up a weapon_crowbar
L 01/20/2019 - 02:00:59: [FAdmin] DidVaitel (STEAM_0:1:74202541) Attempted to pick up a weapon_crowbar
L 01/20/2019 - 02:01:03: "eLeCtrOssSnake<4><STEAM_0:1:164666257><>" disconnected (reason "Disconnect by user.")
L 01/20/2019 - 02:01:03: [FAdmin] eLeCtrOssSnake (STEAM_0:1:164666257) Disconnected
L 01/20/2019 - 02:01:03: [FAdmin] DidVaitel (STEAM_0:1:74202541) Attempted to pick up a med_kit
L 01/20/2019 - 02:01:03: [FAdmin] DidVaitel (STEAM_0:1:74202541) Attempted to pick up a keys
L 01/20/2019 - 02:01:03: [FAdmin] DidVaitel (STEAM_0:1:74202541) Attempted to pick up a weapon_physcannon
L 01/20/2019 - 02:01:03: [FAdmin] DidVaitel (STEAM_0:1:74202541) Attempted to pick up a gmod_camera
L 01/20/2019 - 02:01:03: [FAdmin] DidVaitel (STEAM_0:1:74202541) Attempted to pick up a gmod_tool
L 01/20/2019 - 02:01:03: [FAdmin] DidVaitel (STEAM_0:1:74202541) Attempted to pick up a pocket
L 01/20/2019 - 02:01:03: [FAdmin] DidVaitel (STEAM_0:1:74202541) Attempted to pick up a weapon_physgun
L 01/20/2019 - 02:01:03: [FAdmin] DidVaitel (STEAM_0:1:74202541) Attempted to pick up a weapon_keypadchecker
L 01/20/2019 - 02:01:03: [FAdmin] DidVaitel (STEAM_0:1:74202541) Attempted to pick up a door_ram
L 01/20/2019 - 02:01:03: [FAdmin] DidVaitel (STEAM_0:1:74202541) Attempted to pick up a arrest_stick
L 01/20/2019 - 02:01:03: [FAdmin] DidVaitel (STEAM_0:1:74202541) Attempted to pick up a unarrest_stick
L 01/20/2019 - 02:01:03: [FAdmin] DidVaitel (STEAM_0:1:74202541) Attempted to pick up a stunstick
L 01/20/2019 - 02:01:03: [FAdmin] DidVaitel (STEAM_0:1:74202541) Attempted to pick up a weaponchecker
L 01/20/2019 - 02:01:03: [FAdmin] DidVaitel (STEAM_0:1:74202541) Spawned
L 01/20/2019 - 02:01:04: Lua Error: 
[ERROR] lua/includes/extensions/player.lua:260: Tried to use a NULL entity!
  1. RemoveFlags - [C]:-1
   2. Freeze - lua/includes/extensions/player.lua:260
    3. unknown - addons/gduels-system/lua/gduel/core/sv_functions.lua:151


L 01/20/2019 - 02:01:07: "eLeCtrOssSnake<5><STEAM_0:1:164666257><>" connected, address "212.66.63.1:27005"
L 01/20/2019 - 02:01:07: "eLeCtrOssSnake<5><STEAM_0:1:164666257><>" STEAM USERID validated
L 01/20/2019 - 02:01:16: [FAdmin] eLeCtrOssSnake (STEAM_0:1:164666257) is Authed
L 01/20/2019 - 02:01:16: [FAdmin] eLeCtrOssSnake (STEAM_0:1:164666257) Spawned for the first time
L 01/20/2019 - 02:01:16: [FAdmin] eLeCtrOssSnake (STEAM_0:1:164666257) Spawned
L 01/20/2019 - 02:01:16: "eLeCtrOssSnake<5><STEAM_0:1:164666257><>" entered the game
L 01/20/2019 - 02:01:16: [FAdmin] eLeCtrOssSnake (STEAM_0:1:164666257) Attempted to pick up a keys
L 01/20/2019 - 02:01:16: [FAdmin] eLeCtrOssSnake (STEAM_0:1:164666257) Attempted to pick up a weapon_physcannon
L 01/20/2019 - 02:01:16: [FAdmin] eLeCtrOssSnake (STEAM_0:1:164666257) Attempted to pick up a gmod_camera
L 01/20/2019 - 02:01:16: [FAdmin] eLeCtrOssSnake (STEAM_0:1:164666257) Attempted to pick up a gmod_tool
L 01/20/2019 - 02:01:16: [FAdmin] eLeCtrOssSnake (STEAM_0:1:164666257) Attempted to pick up a pocket
L 01/20/2019 - 02:01:16: [FAdmin] eLeCtrOssSnake (STEAM_0:1:164666257) Attempted to pick up a weapon_physgun
L 01/20/2019 - 02:01:26: [FAdmin] eLeCtrOssSnake (STEAM_0:1:164666257) Spawned a models/props_lab/blastdoor001c.mdl
L 01/20/2019 - 02:01:27: Lua Error: 
[ERROR] addons/simple_discord_relay/lua/autorun/server/sv_discord_relay.lua:150: attempt to call method 'Nick' (a nil value)
  1. fn - addons/simple_discord_relay/lua/autorun/server/sv_discord_relay.lua:150
   2. unknown - addons/ulxulib/lua/ulib/shared/hook.lua:109


L 01/20/2019 - 02:01:29: [FAdmin] prop_physics(models/props_lab/blastdoor001c.mdl) Got removed
L 01/20/2019 - 02:01:31: [FAdmin] eLeCtrOssSnake (STEAM_0:1:164666257) Spawned a models/props_lab/blastdoor001c.mdl
L 01/20/2019 - 02:01:33: [FAdmin] eLeCtrOssSnake (STEAM_0:1:164666257) Spawned a models/props_lab/blastdoor001c.mdl
L 01/20/2019 - 02:01:33: Lua Error: 
[ERROR] addons/simple_discord_relay/lua/autorun/server/sv_discord_relay.lua:150: attempt to call method 'Nick' (a nil value)
  1. fn - addons/simple_discord_relay/lua/autorun/server/sv_discord_relay.lua:150
   2. unknown - addons/ulxulib/lua/ulib/shared/hook.lua:109


L 01/20/2019 - 02:01:34: [FAdmin] eLeCtrOssSnake (STEAM_0:1:164666257) Spawned
L 01/20/2019 - 02:01:34: [FAdmin] eLeCtrOssSnake (STEAM_0:1:164666257) Attempted to pick up a keys
L 01/20/2019 - 02:01:34: [FAdmin] eLeCtrOssSnake (STEAM_0:1:164666257) Attempted to pick up a weapon_physcannon
L 01/20/2019 - 02:01:34: [FAdmin] eLeCtrOssSnake (STEAM_0:1:164666257) Attempted to pick up a gmod_camera
L 01/20/2019 - 02:01:34: [FAdmin] eLeCtrOssSnake (STEAM_0:1:164666257) Attempted to pick up a gmod_tool
L 01/20/2019 - 02:01:34: [FAdmin] eLeCtrOssSnake (STEAM_0:1:164666257) Attempted to pick up a pocket
L 01/20/2019 - 02:01:34: [FAdmin] eLeCtrOssSnake (STEAM_0:1:164666257) Attempted to pick up a weapon_physgun
L 01/20/2019 - 02:01:35: [FAdmin] prop_physics(models/props_lab/blastdoor001c.mdl) Got removed
L 01/20/2019 - 02:01:36: [FAdmin] prop_physics(models/props_lab/blastdoor001c.mdl) Got removed
L 01/20/2019 - 02:01:38: [FAdmin] eLeCtrOssSnake (STEAM_0:1:164666257) Spawned a models/props_lab/blastdoor001c.mdl
L 01/20/2019 - 02:01:46: [FAdmin] eLeCtrOssSnake (STEAM_0:1:164666257) Attempted to switch noclip
L 01/20/2019 - 02:01:56: [FAdmin] DidVaitel (STEAM_0:1:74202541) Spawned
L 01/20/2019 - 02:01:56: [FAdmin] DidVaitel (STEAM_0:1:74202541) Attempted to pick up a med_kit
L 01/20/2019 - 02:01:56: [FAdmin] DidVaitel (STEAM_0:1:74202541) Attempted to pick up a keys
L 01/20/2019 - 02:01:56: [FAdmin] DidVaitel (STEAM_0:1:74202541) Attempted to pick up a weapon_physcannon
L 01/20/2019 - 02:01:56: [FAdmin] DidVaitel (STEAM_0:1:74202541) Attempted to pick up a gmod_camera
L 01/20/2019 - 02:01:56: [FAdmin] DidVaitel (STEAM_0:1:74202541) Attempted to pick up a gmod_tool
L 01/20/2019 - 02:01:56: [FAdmin] DidVaitel (STEAM_0:1:74202541) Attempted to pick up a pocket
L 01/20/2019 - 02:01:56: [FAdmin] DidVaitel (STEAM_0:1:74202541) Attempted to pick up a weapon_physgun
L 01/20/2019 - 02:01:56: [FAdmin] DidVaitel (STEAM_0:1:74202541) Attempted to pick up a weapon_keypadchecker
L 01/20/2019 - 02:01:56: [FAdmin] DidVaitel (STEAM_0:1:74202541) Attempted to pick up a door_ram
L 01/20/2019 - 02:01:56: [FAdmin] DidVaitel (STEAM_0:1:74202541) Attempted to pick up a arrest_stick
L 01/20/2019 - 02:01:56: [FAdmin] DidVaitel (STEAM_0:1:74202541) Attempted to pick up a unarrest_stick
L 01/20/2019 - 02:01:56: [FAdmin] DidVaitel (STEAM_0:1:74202541) Attempted to pick up a stunstick
L 01/20/2019 - 02:01:56: [FAdmin] DidVaitel (STEAM_0:1:74202541) Attempted to pick up a weaponchecker
L 01/20/2019 - 02:01:57: [FAdmin] DidVaitel (STEAM_0:1:74202541) Attempted to switch noclip
L 01/20/2019 - 02:02:01: [FAdmin] DidVaitel (STEAM_0:1:74202541) Attempted to switch noclip
L 01/20/2019 - 02:02:07: [FAdmin] eLeCtrOssSnake (STEAM_0:1:164666257) Spawned a models/props_lab/blastdoor001c.mdl
L 01/20/2019 - 02:02:07: Lua Error: 
[ERROR] addons/simple_discord_relay/lua/autorun/server/sv_discord_relay.lua:150: attempt to call method 'Nick' (a nil value)
  1. fn - addons/simple_discord_relay/lua/autorun/server/sv_discord_relay.lua:150
   2. unknown - addons/ulxulib/lua/ulib/shared/hook.lua:109


L 01/20/2019 - 02:02:07: [FAdmin] eLeCtrOssSnake (STEAM_0:1:164666257) Spawned
L 01/20/2019 - 02:02:08: [FAdmin] eLeCtrOssSnake (STEAM_0:1:164666257) Attempted to pick up a keys
L 01/20/2019 - 02:02:08: [FAdmin] eLeCtrOssSnake (STEAM_0:1:164666257) Attempted to pick up a weapon_physcannon
L 01/20/2019 - 02:02:08: [FAdmin] eLeCtrOssSnake (STEAM_0:1:164666257) Attempted to pick up a gmod_camera
L 01/20/2019 - 02:02:08: [FAdmin] eLeCtrOssSnake (STEAM_0:1:164666257) Attempted to pick up a gmod_tool
L 01/20/2019 - 02:02:08: [FAdmin] eLeCtrOssSnake (STEAM_0:1:164666257) Attempted to pick up a pocket
L 01/20/2019 - 02:02:08: [FAdmin] eLeCtrOssSnake (STEAM_0:1:164666257) Attempted to pick up a weapon_physgun
L 01/20/2019 - 02:02:08: [FAdmin] prop_physics(models/props_lab/blastdoor001c.mdl) Got removed
L 01/20/2019 - 02:02:08: [FAdmin] prop_physics(models/props_lab/blastdoor001c.mdl) Got removed
L 01/20/2019 - 02:02:09: [FAdmin] prop_physics(models/props_lab/blastdoor001c.mdl) Got removed
L 01/20/2019 - 02:02:11: [FAdmin] eLeCtrOssSnake (STEAM_0:1:164666257) Attempted to pick up a weapon_crowbar
L 01/20/2019 - 02:02:11: [FAdmin] DidVaitel (STEAM_0:1:74202541) Attempted to pick up a weapon_crowbar
L 01/20/2019 - 02:02:14: "DidVaitel<2><STEAM_0:1:74202541><>" disconnected (reason "Disconnect by user.")
L 01/20/2019 - 02:02:14: [FAdmin] DidVaitel (STEAM_0:1:74202541) Disconnected
L 01/20/2019 - 02:02:14: [FAdmin] eLeCtrOssSnake (STEAM_0:1:164666257) Attempted to pick up a keys
L 01/20/2019 - 02:02:14: [FAdmin] eLeCtrOssSnake (STEAM_0:1:164666257) Attempted to pick up a weapon_physcannon
L 01/20/2019 - 02:02:14: [FAdmin] eLeCtrOssSnake (STEAM_0:1:164666257) Attempted to pick up a gmod_camera
L 01/20/2019 - 02:02:14: [FAdmin] eLeCtrOssSnake (STEAM_0:1:164666257) Attempted to pick up a gmod_tool
L 01/20/2019 - 02:02:14: [FAdmin] eLeCtrOssSnake (STEAM_0:1:164666257) Attempted to pick up a pocket
L 01/20/2019 - 02:02:14: [FAdmin] eLeCtrOssSnake (STEAM_0:1:164666257) Attempted to pick up a weapon_physgun
L 01/20/2019 - 02:02:15: Lua Error: 
[ERROR] addons/gduels-system/lua/gduel/core/sv_functions.lua:187: Tried to use a NULL entity!
  1. SteamID - [C]:-1
   2. unknown - addons/gduels-system/lua/gduel/core/sv_functions.lua:187


L 01/20/2019 - 02:02:27: Lua Error: 
[ERROR] addons/simple_discord_relay/lua/autorun/server/sv_discord_relay.lua:150: attempt to call method 'Nick' (a nil value)
  1. fn - addons/simple_discord_relay/lua/autorun/server/sv_discord_relay.lua:150
   2. unknown - addons/ulxulib/lua/ulib/shared/hook.lua:109


L 01/20/2019 - 02:02:28: [FAdmin] prop_physics(models/props_lab/blastdoor001c.mdl) Got removed
L 01/20/2019 - 02:02:28: [FAdmin] prop_physics(models/props_phx/construct/glass/glass_plate1x1.mdl) Got removed
L 01/20/2019 - 02:02:28: [FAdmin] eLeCtrOssSnake (STEAM_0:1:164666257) Spawned
L 01/20/2019 - 02:02:28: [FAdmin] eLeCtrOssSnake (STEAM_0:1:164666257) Attempted to pick up a keys
L 01/20/2019 - 02:02:28: [FAdmin] eLeCtrOssSnake (STEAM_0:1:164666257) Attempted to pick up a weapon_physcannon
L 01/20/2019 - 02:02:28: [FAdmin] eLeCtrOssSnake (STEAM_0:1:164666257) Attempted to pick up a gmod_camera
L 01/20/2019 - 02:02:28: [FAdmin] eLeCtrOssSnake (STEAM_0:1:164666257) Attempted to pick up a gmod_tool
L 01/20/2019 - 02:02:28: [FAdmin] eLeCtrOssSnake (STEAM_0:1:164666257) Attempted to pick up a pocket
L 01/20/2019 - 02:02:28: [FAdmin] eLeCtrOssSnake (STEAM_0:1:164666257) Attempted to pick up a weapon_physgun
L 01/20/2019 - 02:02:38: [FAdmin] eLeCtrOssSnake (STEAM_0:1:164666257) Spawned a models/props_lab/blastdoor001c.mdl
L 01/20/2019 - 02:02:39: Lua Error: 
[ERROR] addons/simple_discord_relay/lua/autorun/server/sv_discord_relay.lua:150: attempt to call method 'Nick' (a nil value)
  1. fn - addons/simple_discord_relay/lua/autorun/server/sv_discord_relay.lua:150
   2. unknown - addons/ulxulib/lua/ulib/shared/hook.lua:109


L 01/20/2019 - 02:02:44: [FAdmin] eLeCtrOssSnake (STEAM_0:1:164666257) Spawned
L 01/20/2019 - 02:02:44: [FAdmin] eLeCtrOssSnake (STEAM_0:1:164666257) Attempted to pick up a keys
L 01/20/2019 - 02:02:44: [FAdmin] eLeCtrOssSnake (STEAM_0:1:164666257) Attempted to pick up a weapon_physcannon
L 01/20/2019 - 02:02:44: [FAdmin] eLeCtrOssSnake (STEAM_0:1:164666257) Attempted to pick up a gmod_camera
L 01/20/2019 - 02:02:44: [FAdmin] eLeCtrOssSnake (STEAM_0:1:164666257) Attempted to pick up a gmod_tool
L 01/20/2019 - 02:02:44: [FAdmin] eLeCtrOssSnake (STEAM_0:1:164666257) Attempted to pick up a pocket
L 01/20/2019 - 02:02:44: [FAdmin] eLeCtrOssSnake (STEAM_0:1:164666257) Attempted to pick up a weapon_physgun
L 01/20/2019 - 02:02:45: [FAdmin] prop_physics(models/props_lab/blastdoor001c.mdl) Got removed
L 01/20/2019 - 02:02:45: [FAdmin] eLeCtrOssSnake (STEAM_0:1:164666257) Spawned a models/props_lab/blastdoor001c.mdl
L 01/20/2019 - 02:02:48: [FAdmin] prop_physics(models/props_lab/blastdoor001c.mdl) Got removed
L 01/20/2019 - 02:02:49: [FAdmin] eLeCtrOssSnake (STEAM_0:1:164666257) Spawned a models/props_lab/blastdoor001c.mdl
L 01/20/2019 - 02:02:51: Lua Error: 
[ERROR] addons/simple_discord_relay/lua/autorun/server/sv_discord_relay.lua:150: attempt to call method 'Nick' (a nil value)
  1. fn - addons/simple_discord_relay/lua/autorun/server/sv_discord_relay.lua:150
   2. unknown - addons/ulxulib/lua/ulib/shared/hook.lua:109


L 01/20/2019 - 02:02:54: [FAdmin] eLeCtrOssSnake (STEAM_0:1:164666257) Spawned
L 01/20/2019 - 02:02:54: [FAdmin] eLeCtrOssSnake (STEAM_0:1:164666257) Attempted to pick up a keys
L 01/20/2019 - 02:02:54: [FAdmin] eLeCtrOssSnake (STEAM_0:1:164666257) Attempted to pick up a weapon_physcannon
L 01/20/2019 - 02:02:54: [FAdmin] eLeCtrOssSnake (STEAM_0:1:164666257) Attempted to pick up a gmod_camera
L 01/20/2019 - 02:02:54: [FAdmin] eLeCtrOssSnake (STEAM_0:1:164666257) Attempted to pick up a gmod_tool
L 01/20/2019 - 02:02:54: [FAdmin] eLeCtrOssSnake (STEAM_0:1:164666257) Attempted to pick up a pocket
L 01/20/2019 - 02:02:54: [FAdmin] eLeCtrOssSnake (STEAM_0:1:164666257) Attempted to pick up a weapon_physgun
L 01/20/2019 - 02:02:59: [FAdmin] eLeCtrOssSnake (STEAM_0:1:164666257) Got killed by eLeCtrOssSnake with a player
L 01/20/2019 - 02:03:02: [FAdmin] eLeCtrOssSnake (STEAM_0:1:164666257) Spawned
L 01/20/2019 - 02:03:03: [FAdmin] eLeCtrOssSnake (STEAM_0:1:164666257) Attempted to pick up a keys
L 01/20/2019 - 02:03:03: [FAdmin] eLeCtrOssSnake (STEAM_0:1:164666257) Attempted to pick up a weapon_physcannon
L 01/20/2019 - 02:03:03: [FAdmin] eLeCtrOssSnake (STEAM_0:1:164666257) Attempted to pick up a gmod_camera
L 01/20/2019 - 02:03:03: [FAdmin] eLeCtrOssSnake (STEAM_0:1:164666257) Attempted to pick up a gmod_tool
L 01/20/2019 - 02:03:03: [FAdmin] eLeCtrOssSnake (STEAM_0:1:164666257) Attempted to pick up a pocket
L 01/20/2019 - 02:03:03: [FAdmin] eLeCtrOssSnake (STEAM_0:1:164666257) Attempted to pick up a weapon_physgun
L 01/20/2019 - 02:03:05: [FAdmin] eLeCtrOssSnake (STEAM_0:1:164666257) Attempted to switch noclip
L 01/20/2019 - 02:03:05: [FAdmin] eLeCtrOssSnake (STEAM_0:1:164666257) Attempted to switch noclip
L 01/20/2019 - 02:03:06: [FAdmin] eLeCtrOssSnake (STEAM_0:1:164666257) Attempted to switch noclip
L 01/20/2019 - 02:03:07: [FAdmin] eLeCtrOssSnake (STEAM_0:1:164666257) Attempted to switch noclip
L 01/20/2019 - 02:03:09: [FAdmin] eLeCtrOssSnake (STEAM_0:1:164666257) Got killed by eLeCtrOssSnake with a player
L 01/20/2019 - 02:03:21: "DidVaitel<6><STEAM_0:1:74202541><>" connected, address "192.168.1.103:27006"
L 01/20/2019 - 02:03:22: "DidVaitel<6><STEAM_0:1:74202541><>" STEAM USERID validated
L 01/20/2019 - 02:03:31: [FAdmin] DidVaitel (STEAM_0:1:74202541) is Authed
L 01/20/2019 - 02:03:31: [FAdmin] DidVaitel (STEAM_0:1:74202541) Spawned for the first time
L 01/20/2019 - 02:03:31: [FAdmin] DidVaitel (STEAM_0:1:74202541) Spawned
L 01/20/2019 - 02:03:31: "DidVaitel<6><STEAM_0:1:74202541><>" entered the game
L 01/20/2019 - 02:03:31: [FAdmin] DidVaitel (STEAM_0:1:74202541) Attempted to pick up a keys
L 01/20/2019 - 02:03:31: [FAdmin] DidVaitel (STEAM_0:1:74202541) Attempted to pick up a weapon_physcannon
L 01/20/2019 - 02:03:31: [FAdmin] DidVaitel (STEAM_0:1:74202541) Attempted to pick up a gmod_camera
L 01/20/2019 - 02:03:31: [FAdmin] DidVaitel (STEAM_0:1:74202541) Attempted to pick up a gmod_tool
L 01/20/2019 - 02:03:31: [FAdmin] DidVaitel (STEAM_0:1:74202541) Attempted to pick up a pocket
L 01/20/2019 - 02:03:31: [FAdmin] DidVaitel (STEAM_0:1:74202541) Attempted to pick up a weapon_physgun
L 01/20/2019 - 02:03:31: [FAdmin] DidVaitel (STEAM_0:1:74202541) Attempted to pick up a weapon_keypadchecker
L 01/20/2019 - 02:03:31: [FAdmin] DidVaitel (STEAM_0:1:74202541) Attempted to pick up a door_ram
L 01/20/2019 - 02:03:31: [FAdmin] DidVaitel (STEAM_0:1:74202541) Attempted to pick up a arrest_stick
L 01/20/2019 - 02:03:31: [FAdmin] DidVaitel (STEAM_0:1:74202541) Attempted to pick up a unarrest_stick
L 01/20/2019 - 02:03:31: [FAdmin] DidVaitel (STEAM_0:1:74202541) Attempted to pick up a stunstick
L 01/20/2019 - 02:03:31: [FAdmin] DidVaitel (STEAM_0:1:74202541) Attempted to pick up a weaponchecker
L 01/20/2019 - 02:03:41: [FAdmin] DidVaitel (STEAM_0:1:74202541) Attempted to switch noclip
L 01/20/2019 - 02:03:41: [FAdmin] DidVaitel (STEAM_0:1:74202541) Attempted to switch noclip
L 01/20/2019 - 02:03:45: [FAdmin] DidVaitel (STEAM_0:1:74202541) Attempted to switch noclip
L 01/20/2019 - 02:03:45: [FAdmin] eLeCtrOssSnake (STEAM_0:1:164666257) Spawned
L 01/20/2019 - 02:03:45: [FAdmin] eLeCtrOssSnake (STEAM_0:1:164666257) Attempted to pick up a keys
L 01/20/2019 - 02:03:45: [FAdmin] eLeCtrOssSnake (STEAM_0:1:164666257) Attempted to pick up a weapon_physcannon
L 01/20/2019 - 02:03:45: [FAdmin] eLeCtrOssSnake (STEAM_0:1:164666257) Attempted to pick up a gmod_camera
L 01/20/2019 - 02:03:45: [FAdmin] eLeCtrOssSnake (STEAM_0:1:164666257) Attempted to pick up a gmod_tool
L 01/20/2019 - 02:03:45: [FAdmin] eLeCtrOssSnake (STEAM_0:1:164666257) Attempted to pick up a pocket
L 01/20/2019 - 02:03:45: [FAdmin] eLeCtrOssSnake (STEAM_0:1:164666257) Attempted to pick up a weapon_physgun
L 01/20/2019 - 02:03:45: [FAdmin] eLeCtrOssSnake (STEAM_0:1:164666257) Attempted to pick up a weapon_crowbar
L 01/20/2019 - 02:03:45: [FAdmin] DidVaitel (STEAM_0:1:74202541) Attempted to pick up a weapon_crowbar
L 01/20/2019 - 02:03:48: "DidVaitel<6><STEAM_0:1:74202541><>" disconnected (reason "Disconnect by user.")
L 01/20/2019 - 02:03:48: [FAdmin] DidVaitel (STEAM_0:1:74202541) Disconnected
L 01/20/2019 - 02:03:48: [FAdmin] eLeCtrOssSnake (STEAM_0:1:164666257) Attempted to pick up a keys
L 01/20/2019 - 02:03:48: [FAdmin] eLeCtrOssSnake (STEAM_0:1:164666257) Attempted to pick up a weapon_physcannon
L 01/20/2019 - 02:03:48: [FAdmin] eLeCtrOssSnake (STEAM_0:1:164666257) Attempted to pick up a gmod_camera
L 01/20/2019 - 02:03:48: [FAdmin] eLeCtrOssSnake (STEAM_0:1:164666257) Attempted to pick up a gmod_tool
L 01/20/2019 - 02:03:48: [FAdmin] eLeCtrOssSnake (STEAM_0:1:164666257) Attempted to pick up a pocket
L 01/20/2019 - 02:03:48: [FAdmin] eLeCtrOssSnake (STEAM_0:1:164666257) Attempted to pick up a weapon_physgun
L 01/20/2019 - 02:03:58: Lua Error: 
[ERROR] addons/simple_discord_relay/lua/autorun/server/sv_discord_relay.lua:150: attempt to call method 'Nick' (a nil value)
  1. fn - addons/simple_discord_relay/lua/autorun/server/sv_discord_relay.lua:150
   2. unknown - addons/ulxulib/lua/ulib/shared/hook.lua:109


L 01/20/2019 - 02:04:03: [FAdmin] eLeCtrOssSnake (STEAM_0:1:164666257) Spawned
L 01/20/2019 - 02:04:03: [FAdmin] eLeCtrOssSnake (STEAM_0:1:164666257) Attempted to pick up a keys
L 01/20/2019 - 02:04:03: [FAdmin] eLeCtrOssSnake (STEAM_0:1:164666257) Attempted to pick up a weapon_physcannon
L 01/20/2019 - 02:04:03: [FAdmin] eLeCtrOssSnake (STEAM_0:1:164666257) Attempted to pick up a gmod_camera
L 01/20/2019 - 02:04:03: [FAdmin] eLeCtrOssSnake (STEAM_0:1:164666257) Attempted to pick up a gmod_tool
L 01/20/2019 - 02:04:03: [FAdmin] eLeCtrOssSnake (STEAM_0:1:164666257) Attempted to pick up a pocket
L 01/20/2019 - 02:04:03: [FAdmin] eLeCtrOssSnake (STEAM_0:1:164666257) Attempted to pick up a weapon_physgun
L 01/20/2019 - 02:04:03: "DidVaitel<7><STEAM_0:1:74202541><>" connected, address "192.168.1.103:27006"
L 01/20/2019 - 02:04:03: "DidVaitel<7><STEAM_0:1:74202541><>" STEAM USERID validated
L 01/20/2019 - 02:04:04: [FAdmin] prop_physics(models/props_lab/blastdoor001c.mdl) Got removed
L 01/20/2019 - 02:04:05: [FAdmin] eLeCtrOssSnake (STEAM_0:1:164666257) Spawned a models/props_lab/blastdoor001c.mdl
L 01/20/2019 - 02:04:08: Lua Error: 
[ERROR] addons/simple_discord_relay/lua/autorun/server/sv_discord_relay.lua:150: attempt to call method 'Nick' (a nil value)
  1. fn - addons/simple_discord_relay/lua/autorun/server/sv_discord_relay.lua:150
   2. unknown - addons/ulxulib/lua/ulib/shared/hook.lua:109


L 01/20/2019 - 02:04:09: [FAdmin] eLeCtrOssSnake (STEAM_0:1:164666257) Spawned
L 01/20/2019 - 02:04:09: [FAdmin] eLeCtrOssSnake (STEAM_0:1:164666257) Attempted to pick up a keys
L 01/20/2019 - 02:04:09: [FAdmin] eLeCtrOssSnake (STEAM_0:1:164666257) Attempted to pick up a weapon_physcannon
L 01/20/2019 - 02:04:09: [FAdmin] eLeCtrOssSnake (STEAM_0:1:164666257) Attempted to pick up a gmod_camera
L 01/20/2019 - 02:04:09: [FAdmin] eLeCtrOssSnake (STEAM_0:1:164666257) Attempted to pick up a gmod_tool
L 01/20/2019 - 02:04:09: [FAdmin] eLeCtrOssSnake (STEAM_0:1:164666257) Attempted to pick up a pocket
L 01/20/2019 - 02:04:09: [FAdmin] eLeCtrOssSnake (STEAM_0:1:164666257) Attempted to pick up a weapon_physgun
L 01/20/2019 - 02:04:09: [FAdmin] prop_physics(models/props_lab/blastdoor001c.mdl) Got removed
L 01/20/2019 - 02:04:10: [FAdmin] eLeCtrOssSnake (STEAM_0:1:164666257) Attempted to switch noclip
L 01/20/2019 - 02:04:11: [FAdmin] eLeCtrOssSnake (STEAM_0:1:164666257) Attempted to switch noclip
L 01/20/2019 - 02:04:11: [FAdmin] eLeCtrOssSnake (STEAM_0:1:164666257) Spawned a models/props_lab/blastdoor001c.mdl
L 01/20/2019 - 02:04:12: [FAdmin] DidVaitel (STEAM_0:1:74202541) is Authed
L 01/20/2019 - 02:04:12: [FAdmin] DidVaitel (STEAM_0:1:74202541) Spawned for the first time
L 01/20/2019 - 02:04:12: [FAdmin] DidVaitel (STEAM_0:1:74202541) Spawned
L 01/20/2019 - 02:04:12: "DidVaitel<7><STEAM_0:1:74202541><>" entered the game
L 01/20/2019 - 02:04:12: [FAdmin] DidVaitel (STEAM_0:1:74202541) Attempted to pick up a keys
L 01/20/2019 - 02:04:12: [FAdmin] DidVaitel (STEAM_0:1:74202541) Attempted to pick up a weapon_physcannon
L 01/20/2019 - 02:04:12: [FAdmin] DidVaitel (STEAM_0:1:74202541) Attempted to pick up a gmod_camera
L 01/20/2019 - 02:04:12: [FAdmin] DidVaitel (STEAM_0:1:74202541) Attempted to pick up a gmod_tool
L 01/20/2019 - 02:04:12: [FAdmin] DidVaitel (STEAM_0:1:74202541) Attempted to pick up a pocket
L 01/20/2019 - 02:04:12: [FAdmin] DidVaitel (STEAM_0:1:74202541) Attempted to pick up a weapon_physgun
L 01/20/2019 - 02:04:12: [FAdmin] DidVaitel (STEAM_0:1:74202541) Attempted to pick up a weapon_keypadchecker
L 01/20/2019 - 02:04:12: [FAdmin] DidVaitel (STEAM_0:1:74202541) Attempted to pick up a door_ram
L 01/20/2019 - 02:04:12: [FAdmin] DidVaitel (STEAM_0:1:74202541) Attempted to pick up a arrest_stick
L 01/20/2019 - 02:04:12: [FAdmin] DidVaitel (STEAM_0:1:74202541) Attempted to pick up a unarrest_stick
L 01/20/2019 - 02:04:12: [FAdmin] DidVaitel (STEAM_0:1:74202541) Attempted to pick up a stunstick
L 01/20/2019 - 02:04:12: [FAdmin] DidVaitel (STEAM_0:1:74202541) Attempted to pick up a weaponchecker
L 01/20/2019 - 02:04:22: [FAdmin] eLeCtrOssSnake (STEAM_0:1:164666257) Attempted to switch noclip
L 01/20/2019 - 02:04:24: [FAdmin] prop_physics(models/props_lab/blastdoor001c.mdl) Got removed
L 01/20/2019 - 02:04:25: [FAdmin] eLeCtrOssSnake (STEAM_0:1:164666257) Attempted to switch noclip
L 01/20/2019 - 02:04:26: [FAdmin] eLeCtrOssSnake (STEAM_0:1:164666257) Attempted to switch noclip
L 01/20/2019 - 02:04:27: [FAdmin] eLeCtrOssSnake (STEAM_0:1:164666257) Spawned a models/props_lab/blastdoor001c.mdl
L 01/20/2019 - 02:04:35: Lua Error: 
[ERROR] addons/simple_discord_relay/lua/autorun/server/sv_discord_relay.lua:150: attempt to call method 'Nick' (a nil value)
  1. fn - addons/simple_discord_relay/lua/autorun/server/sv_discord_relay.lua:150
   2. unknown - addons/ulxulib/lua/ulib/shared/hook.lua:109


L 01/20/2019 - 02:04:43: [FAdmin] eLeCtrOssSnake (STEAM_0:1:164666257) Spawned
L 01/20/2019 - 02:04:43: [FAdmin] eLeCtrOssSnake (STEAM_0:1:164666257) Attempted to pick up a keys
L 01/20/2019 - 02:04:43: [FAdmin] eLeCtrOssSnake (STEAM_0:1:164666257) Attempted to pick up a weapon_physcannon
L 01/20/2019 - 02:04:43: [FAdmin] eLeCtrOssSnake (STEAM_0:1:164666257) Attempted to pick up a gmod_camera
L 01/20/2019 - 02:04:43: [FAdmin] eLeCtrOssSnake (STEAM_0:1:164666257) Attempted to pick up a gmod_tool
L 01/20/2019 - 02:04:43: [FAdmin] eLeCtrOssSnake (STEAM_0:1:164666257) Attempted to pick up a pocket
L 01/20/2019 - 02:04:43: [FAdmin] eLeCtrOssSnake (STEAM_0:1:164666257) Attempted to pick up a weapon_physgun
L 01/20/2019 - 02:31:21: Lua Error: 
[ERROR] addons/gduels-system/lua/weapons/gmod_tool/stools/duelpoints.lua:37: 'then' expected near 'end'
  1. unknown - addons/gduels-system/lua/weapons/gmod_tool/stools/duelpoints.lua:0


L 01/20/2019 - 02:31:24: Lua Error: 
[ERROR] addons/gduels-system/lua/weapons/gmod_tool/stools/duelpoints.lua:37: 'then' expected near 'end'
  1. unknown - addons/gduels-system/lua/weapons/gmod_tool/stools/duelpoints.lua:0


L 01/20/2019 - 02:32:43: Lua Error: 
[ERROR] addons/gduels-system/lua/gduel/core/sh_language.lua:50: '=' expected near '}'
  1. unknown - addons/gduels-system/lua/gduel/core/sh_language.lua:0


L 01/20/2019 - 02:32:43: Lua Error: 
[ERROR] addons/gduels-system/lua/gduel/core/sh_language.lua:50: '=' expected near '}'
  1. unknown - addons/gduels-system/lua/gduel/core/sh_language.lua:0


L 01/20/2019 - 02:39:46: [FAdmin] DidVaitel (STEAM_0:1:74202541) Attempted to switch noclip
L 01/20/2019 - 02:39:47: [FAdmin] DidVaitel (STEAM_0:1:74202541) Attempted to use tool duelpoints
L 01/20/2019 - 02:39:48: [FAdmin] DidVaitel (STEAM_0:1:74202541) Attempted to use tool duelpoints
L 01/20/2019 - 02:39:50: [FAdmin] DidVaitel (STEAM_0:1:74202541) Attempted to use tool duelpoints
L 01/20/2019 - 02:39:51: [FAdmin] DidVaitel (STEAM_0:1:74202541) Attempted to use tool duelpoints
L 01/20/2019 - 02:39:51: [FAdmin] DidVaitel (STEAM_0:1:74202541) Attempted to use tool duelpoints
L 01/20/2019 - 02:39:55: [FAdmin] DidVaitel (STEAM_0:1:74202541) Attempted to use tool duelpoints
L 01/20/2019 - 02:39:55: [FAdmin] DidVaitel (STEAM_0:1:74202541) Attempted to use tool duelpoints
L 01/20/2019 - 02:39:55: [FAdmin] DidVaitel (STEAM_0:1:74202541) Attempted to use tool duelpoints
L 01/20/2019 - 02:39:55: [FAdmin] DidVaitel (STEAM_0:1:74202541) Attempted to use tool duelpoints
L 01/20/2019 - 02:39:56: [FAdmin] DidVaitel (STEAM_0:1:74202541) Attempted to use tool duelpoints
L 01/20/2019 - 02:39:56: [FAdmin] DidVaitel (STEAM_0:1:74202541) Attempted to use tool duelpoints
L 01/20/2019 - 02:39:56: [FAdmin] DidVaitel (STEAM_0:1:74202541) Attempted to use tool duelpoints
L 01/20/2019 - 02:39:57: [FAdmin] DidVaitel (STEAM_0:1:74202541) Attempted to use tool duelpoints
L 01/20/2019 - 02:39:57: [FAdmin] DidVaitel (STEAM_0:1:74202541) Attempted to use tool duelpoints
L 01/20/2019 - 02:39:57: [FAdmin] DidVaitel (STEAM_0:1:74202541) Attempted to use tool duelpoints
L 01/20/2019 - 02:40:22: [FAdmin] DidVaitel (STEAM_0:1:74202541) Attempted to use tool duelpoints
L 01/20/2019 - 02:40:23: [FAdmin] DidVaitel (STEAM_0:1:74202541) Attempted to use tool duelpoints
L 01/20/2019 - 02:40:24: [FAdmin] DidVaitel (STEAM_0:1:74202541) Attempted to use tool duelpoints
L 01/20/2019 - 02:40:24: [FAdmin] DidVaitel (STEAM_0:1:74202541) Attempted to use tool duelpoints
L 01/20/2019 - 02:40:24: [FAdmin] DidVaitel (STEAM_0:1:74202541) Attempted to use tool duelpoints
L 01/20/2019 - 02:40:24: [FAdmin] DidVaitel (STEAM_0:1:74202541) Attempted to use tool duelpoints
L 01/20/2019 - 02:40:24: [FAdmin] DidVaitel (STEAM_0:1:74202541) Attempted to use tool duelpoints
L 01/20/2019 - 02:40:24: [FAdmin] DidVaitel (STEAM_0:1:74202541) Attempted to use tool duelpoints
L 01/20/2019 - 02:40:25: [FAdmin] DidVaitel (STEAM_0:1:74202541) Attempted to use tool duelpoints
L 01/20/2019 - 02:40:25: [FAdmin] DidVaitel (STEAM_0:1:74202541) Attempted to use tool duelpoints
L 01/20/2019 - 02:40:26: [FAdmin] DidVaitel (STEAM_0:1:74202541) Attempted to use tool duelpoints
L 01/20/2019 - 02:40:27: [FAdmin] DidVaitel (STEAM_0:1:74202541) Attempted to use tool duelpoints
L 01/20/2019 - 02:40:27: [FAdmin] DidVaitel (STEAM_0:1:74202541) Attempted to use tool duelpoints
L 01/20/2019 - 02:40:28: [FAdmin] DidVaitel (STEAM_0:1:74202541) Attempted to use tool duelpoints
L 01/20/2019 - 02:40:29: [FAdmin] DidVaitel (STEAM_0:1:74202541) Attempted to use tool duelpoints
L 01/20/2019 - 02:40:30: [FAdmin] DidVaitel (STEAM_0:1:74202541) Attempted to use tool duelpoints
L 01/20/2019 - 02:40:33: [FAdmin] DidVaitel (STEAM_0:1:74202541) Attempted to use tool duelpoints
L 01/20/2019 - 02:40:35: [FAdmin] DidVaitel (STEAM_0:1:74202541) Attempted to use tool duelpoints
L 01/20/2019 - 02:40:37: [FAdmin] DidVaitel (STEAM_0:1:74202541) Attempted to use tool duelpoints
L 01/20/2019 - 02:40:40: [FAdmin] Server succesfully shut down.
L 01/20/2019 - 02:40:40: [FAdmin] prop_physics(models/props/de_nuke/handtruck.mdl) Got removed
L 01/20/2019 - 02:40:40: [FAdmin] prop_physics(models/props_c17/door01_left.mdl) Got removed
L 01/20/2019 - 02:40:40: [FAdmin] prop_physics(models/props_c17/door01_left.mdl) Got removed
L 01/20/2019 - 02:40:40: [FAdmin] prop_physics(models/props_c17/door01_left.mdl) Got removed
L 01/20/2019 - 02:40:40: [FAdmin] prop_physics(models/props_c17/door01_left.mdl) Got removed
L 01/20/2019 - 02:40:40: [FAdmin] prop_physics(models/props_c17/door01_left.mdl) Got removed
L 01/20/2019 - 02:40:40: [FAdmin] prop_physics(models/props_c17/door01_left.mdl) Got removed
L 01/20/2019 - 02:40:40: [FAdmin] prop_physics(models/props_junk/pushcart01a.mdl) Got removed
L 01/20/2019 - 02:40:40: [FAdmin] prop_physics(models/props/de_nuke/handtruck.mdl) Got removed
L 01/20/2019 - 02:40:40: [FAdmin] prop_physics(models/props_c17/door01_left.mdl) Got removed
L 01/20/2019 - 02:40:40: [FAdmin] prop_physics(models/props_c17/door01_left.mdl) Got removed
L 01/20/2019 - 02:40:40: [FAdmin] prop_physics(models/props_junk/wood_crate001a_damaged.mdl) Got removed
L 01/20/2019 - 02:40:40: [FAdmin] prop_physics(models/props_junk/wood_crate001a_damaged.mdl) Got removed
L 01/20/2019 - 02:40:40: [FAdmin] prop_physics(models/props_junk/wood_crate001a_damaged.mdl) Got removed
L 01/20/2019 - 02:40:40: [FAdmin] prop_physics(models/props_junk/wood_crate001a_damaged.mdl) Got removed
L 01/20/2019 - 02:40:40: [FAdmin] prop_physics(models/props_junk/wood_crate001a_damaged.mdl) Got removed
L 01/20/2019 - 02:40:40: [FAdmin] prop_physics(models/props_lab/blastdoor001c.mdl) Got removed
L 01/20/2019 - 02:40:40: "eLeCtrOssSnake<5><STEAM_0:1:164666257><>" disconnected (reason "Server shutting down")
L 01/20/2019 - 02:40:40: "DidVaitel<7><STEAM_0:1:74202541><>" disconnected (reason "Server shutting down")
L 01/20/2019 - 02:40:40: server_message: "quit"
L 01/20/2019 - 02:40:40: Log file closed.
