L 01/23/2019 - 01:43:25: Log file started (file "logs\L0123015.log") (game "F:\sup\steamapps\common\GarrysModDS\garrysmod") (version "7334")
L 01/23/2019 - 01:43:25: server_cvar: "sv_alltalk" "3"
L 01/23/2019 - 01:43:25: Banid: "<><STEAM_0:0:432813650><>" was banned "permanently" by "Console"
L 01/23/2019 - 01:43:25: Banid: "<><STEAM_0:0:207758038><>" was banned "permanently" by "Console"
L 01/23/2019 - 01:43:25: Banid: "<><STEAM_0:0:432813650><>" was banned "permanently" by "Console"
L 01/23/2019 - 01:43:25: Banid: "<><STEAM_0:0:207758038><>" was banned "permanently" by "Console"
L 01/23/2019 - 01:43:26: Connection to Steam servers successful.
L 01/23/2019 - 01:43:26:    Public IP is 31.130.42.81.
L 01/23/2019 - 01:43:26: Assigned anonymous gameserver Steam ID [A-1:1875769355(11841)].
L 01/23/2019 - 01:43:27: VAC secure mode is activated.
L 01/23/2019 - 01:44:52: "DidVaitel<2><STEAM_0:1:74202541><>" connected, address "192.168.1.103:27006"
L 01/23/2019 - 01:44:52: server_cvar: "sv_allowcslua" "1"
L 01/23/2019 - 01:44:52: server_cvar: "sv_airaccelerate" "1000"
L 01/23/2019 - 01:44:52: server_cvar: "sv_alltalk" "0"
L 01/23/2019 - 01:44:52: "DidVaitel<2><STEAM_0:1:74202541><>" STEAM USERID validated
L 01/23/2019 - 01:44:57: Lua Error: 
[ERROR] icefuse-permapropper/lua/permapropper/sv_lib.lua:24: bad argument #1 to 'JSONToTable' (string expected, got no value)
  1. JSONToTable - [C]:-1
   2. ReloadPermaProps - addons/[server]_icefuse-permapropper/lua/permapropper/sv_lib.lua:24
    3. unknown - addons/[server]_icefuse-permapropper/lua/permapropper/sv_lib.lua:54


L 01/23/2019 - 01:44:57: Lua Error: 
[ERROR] icefuse-permapropper/lua/permapropper/sv_lib.lua:24: bad argument #1 to 'JSONToTable' (string expected, got no value)
  1. JSONToTable - [C]:-1
   2. ReloadPermaProps - addons/[server]_icefuse-permapropper/lua/permapropper/sv_lib.lua:24
    3. unknown - addons/[server]_icefuse-permapropper/lua/permapropper/sv_lib.lua:59


L 01/23/2019 - 01:45:02: [FAdmin] DidVaitel (STEAM_0:1:74202541) is Authed
L 01/23/2019 - 01:45:02: [FAdmin] DidVaitel (STEAM_0:1:74202541) Spawned for the first time
L 01/23/2019 - 01:45:02: [FAdmin] DidVaitel (STEAM_0:1:74202541) Spawned
L 01/23/2019 - 01:45:02: "DidVaitel<2><STEAM_0:1:74202541><>" entered the game
L 01/23/2019 - 01:45:02: [FAdmin] DidVaitel (STEAM_0:1:74202541) Attempted to pick up a keys
L 01/23/2019 - 01:45:02: [FAdmin] DidVaitel (STEAM_0:1:74202541) Attempted to pick up a weapon_physcannon
L 01/23/2019 - 01:45:02: [FAdmin] DidVaitel (STEAM_0:1:74202541) Attempted to pick up a gmod_camera
L 01/23/2019 - 01:45:02: [FAdmin] DidVaitel (STEAM_0:1:74202541) Attempted to pick up a gmod_tool
L 01/23/2019 - 01:45:02: [FAdmin] DidVaitel (STEAM_0:1:74202541) Attempted to pick up a pocket
L 01/23/2019 - 01:45:02: [FAdmin] DidVaitel (STEAM_0:1:74202541) Attempted to pick up a weapon_physgun
L 01/23/2019 - 01:45:02: [FAdmin] DidVaitel (STEAM_0:1:74202541) Attempted to pick up a weapon_keypadchecker
L 01/23/2019 - 01:45:02: [FAdmin] DidVaitel (STEAM_0:1:74202541) Attempted to pick up a door_ram
L 01/23/2019 - 01:45:02: [FAdmin] DidVaitel (STEAM_0:1:74202541) Attempted to pick up a arrest_stick
L 01/23/2019 - 01:45:02: [FAdmin] DidVaitel (STEAM_0:1:74202541) Attempted to pick up a unarrest_stick
L 01/23/2019 - 01:45:02: [FAdmin] DidVaitel (STEAM_0:1:74202541) Attempted to pick up a stunstick
L 01/23/2019 - 01:45:02: [FAdmin] DidVaitel (STEAM_0:1:74202541) Attempted to pick up a weaponchecker
L 01/23/2019 - 01:45:05: Lua Error: 
[ERROR] icefuse-permapropper/lua/permapropper/sv_lib.lua:24: bad argument #1 to 'JSONToTable' (string expected, got no value)
  1. JSONToTable - [C]:-1
   2. ReloadPermaProps - addons/[server]_icefuse-permapropper/lua/permapropper/sv_lib.lua:24
    3. unknown - addons/[server]_icefuse-permapropper/lua/permapropper/sv_lib.lua:59


L 01/23/2019 - 01:45:36: [FAdmin] DidVaitel (STEAM_0:1:74202541) Attempted to use tool textscreen
L 01/23/2019 - 01:45:44: [FAdmin] DidVaitel (STEAM_0:1:74202541) Attempted to use tool permaprops
L 01/23/2019 - 01:45:45: [FAdmin] DidVaitel (STEAM_0:1:74202541) Attempted to use tool permaprops
L 01/23/2019 - 01:45:53: [FAdmin] Server succesfully shut down.
L 01/23/2019 - 01:45:53: [FAdmin] prop_physics(models/maxofs2d/companion_doll.mdl) Got removed
L 01/23/2019 - 01:45:53: [FAdmin] prop_physics(models/props_c17/furnituretable003a.mdl) Got removed
L 01/23/2019 - 01:45:53: [FAdmin] prop_physics(models/props_c17/furniturecouch002a.mdl) Got removed
L 01/23/2019 - 01:45:53: [FAdmin] prop_physics(models/props_c17/furniturecouch001a.mdl) Got removed
L 01/23/2019 - 01:45:53: "DidVaitel<2><STEAM_0:1:74202541><>" disconnected (reason "Server shutting down")
L 01/23/2019 - 01:45:53: server_message: "quit"
L 01/23/2019 - 01:45:53: Log file closed.
