L 01/20/2019 - 12:02:49: Log file started (file "logs\L0120028.log") (game "F:\sup\steamapps\common\GarrysModDS\garrysmod") (version "7334")
L 01/20/2019 - 12:02:49: server_cvar: "sv_alltalk" "3"
L 01/20/2019 - 12:02:49: server_cvar: "sv_allowcslua" "1"
L 01/20/2019 - 12:02:49: server_cvar: "sv_airaccelerate" "1000"
L 01/20/2019 - 12:02:49: server_cvar: "sv_alltalk" "0"
L 01/20/2019 - 12:02:49: Banid: "<><STEAM_0:0:432813650><>" was banned "permanently" by "Console"
L 01/20/2019 - 12:02:49: Banid: "<><STEAM_0:0:207758038><>" was banned "permanently" by "Console"
L 01/20/2019 - 12:02:49: Banid: "<><STEAM_0:0:432813650><>" was banned "permanently" by "Console"
L 01/20/2019 - 12:02:49: Banid: "<><STEAM_0:0:207758038><>" was banned "permanently" by "Console"
L 01/20/2019 - 12:02:50: Connection to Steam servers successful.
L 01/20/2019 - 12:02:50:    Public IP is 31.130.42.81.
L 01/20/2019 - 12:02:50: Assigned anonymous gameserver Steam ID [A-1:3067100171(11824)].
L 01/20/2019 - 12:02:51: VAC secure mode is activated.
L 01/20/2019 - 12:03:06: "DidVaitel<2><STEAM_0:1:74202541><>" connected, address "192.168.1.103:27006"
L 01/20/2019 - 12:03:06: "DidVaitel<2><STEAM_0:1:74202541><>" STEAM USERID validated
L 01/20/2019 - 12:03:27: [FAdmin] DidVaitel (STEAM_0:1:74202541) is Authed
L 01/20/2019 - 12:03:27: [FAdmin] DidVaitel (STEAM_0:1:74202541) Spawned for the first time
L 01/20/2019 - 12:03:27: [FAdmin] DidVaitel (STEAM_0:1:74202541) Spawned
L 01/20/2019 - 12:03:27: "DidVaitel<2><STEAM_0:1:74202541><>" entered the game
L 01/20/2019 - 12:03:27: [FAdmin] DidVaitel (STEAM_0:1:74202541) Attempted to pick up a keys
L 01/20/2019 - 12:03:27: [FAdmin] DidVaitel (STEAM_0:1:74202541) Attempted to pick up a weapon_physcannon
L 01/20/2019 - 12:03:27: [FAdmin] DidVaitel (STEAM_0:1:74202541) Attempted to pick up a gmod_camera
L 01/20/2019 - 12:03:27: [FAdmin] DidVaitel (STEAM_0:1:74202541) Attempted to pick up a gmod_tool
L 01/20/2019 - 12:03:27: [FAdmin] DidVaitel (STEAM_0:1:74202541) Attempted to pick up a pocket
L 01/20/2019 - 12:03:27: [FAdmin] DidVaitel (STEAM_0:1:74202541) Attempted to pick up a weapon_physgun
L 01/20/2019 - 12:03:27: [FAdmin] DidVaitel (STEAM_0:1:74202541) Attempted to pick up a weapon_keypadchecker
L 01/20/2019 - 12:03:27: [FAdmin] DidVaitel (STEAM_0:1:74202541) Attempted to pick up a door_ram
L 01/20/2019 - 12:03:27: [FAdmin] DidVaitel (STEAM_0:1:74202541) Attempted to pick up a arrest_stick
L 01/20/2019 - 12:03:27: [FAdmin] DidVaitel (STEAM_0:1:74202541) Attempted to pick up a unarrest_stick
L 01/20/2019 - 12:03:27: [FAdmin] DidVaitel (STEAM_0:1:74202541) Attempted to pick up a stunstick
L 01/20/2019 - 12:03:27: [FAdmin] DidVaitel (STEAM_0:1:74202541) Attempted to pick up a weaponchecker
L 01/20/2019 - 12:03:44: [FAdmin] Server succesfully shut down.
L 01/20/2019 - 12:03:44: [FAdmin] prop_physics(models/maxofs2d/companion_doll.mdl) Got removed
L 01/20/2019 - 12:03:44: [FAdmin] prop_physics(models/props_c17/furnituretable003a.mdl) Got removed
L 01/20/2019 - 12:03:44: [FAdmin] prop_physics(models/props_c17/furniturecouch002a.mdl) Got removed
L 01/20/2019 - 12:03:44: [FAdmin] prop_physics(models/props_c17/furniturecouch001a.mdl) Got removed
L 01/20/2019 - 12:03:44: "DidVaitel<2><STEAM_0:1:74202541><>" disconnected (reason "Server shutting down")
L 01/20/2019 - 12:03:44: server_message: "quit"
L 01/20/2019 - 12:03:44: Log file closed.
