L 01/20/2019 - 00:59:10: Log file started (file "logs\L0120013.log") (game "F:\sup\steamapps\common\GarrysModDS\garrysmod") (version "7334")
L 01/20/2019 - 00:59:10: server_cvar: "sv_alltalk" "3"
L 01/20/2019 - 00:59:10: server_cvar: "sv_allowcslua" "1"
L 01/20/2019 - 00:59:10: server_cvar: "sv_airaccelerate" "1000"
L 01/20/2019 - 00:59:10: server_cvar: "sv_alltalk" "0"
L 01/20/2019 - 00:59:10: Banid: "<><STEAM_0:0:432813650><>" was banned "permanently" by "Console"
L 01/20/2019 - 00:59:10: Banid: "<><STEAM_0:0:207758038><>" was banned "permanently" by "Console"
L 01/20/2019 - 00:59:10: Banid: "<><STEAM_0:0:432813650><>" was banned "permanently" by "Console"
L 01/20/2019 - 00:59:10: Banid: "<><STEAM_0:0:207758038><>" was banned "permanently" by "Console"
L 01/20/2019 - 00:59:11: Connection to Steam servers successful.
L 01/20/2019 - 00:59:11:    Public IP is 31.130.42.81.
L 01/20/2019 - 00:59:11: Assigned anonymous gameserver Steam ID [A-1:3664199687(11819)].
L 01/20/2019 - 00:59:12: VAC secure mode is activated.
L 01/20/2019 - 00:59:13: "eLeCtrOssSnake<2><STEAM_0:1:164666257><>" connected, address "212.66.63.1:27005"
L 01/20/2019 - 00:59:14: "eLeCtrOssSnake<2><STEAM_0:1:164666257><>" STEAM USERID validated
L 01/20/2019 - 00:59:16: "DidVaitel<3><STEAM_0:1:74202541><>" connected, address "192.168.1.103:27006"
L 01/20/2019 - 00:59:16: "DidVaitel<3><STEAM_0:1:74202541><>" STEAM USERID validated
L 01/20/2019 - 00:59:22: [FAdmin] eLeCtrOssSnake (STEAM_0:1:164666257) is Authed
L 01/20/2019 - 00:59:22: [FAdmin] eLeCtrOssSnake (STEAM_0:1:164666257) Spawned for the first time
L 01/20/2019 - 00:59:22: [FAdmin] eLeCtrOssSnake (STEAM_0:1:164666257) Spawned
L 01/20/2019 - 00:59:22: "eLeCtrOssSnake<2><STEAM_0:1:164666257><>" entered the game
L 01/20/2019 - 00:59:22: [FAdmin] eLeCtrOssSnake (STEAM_0:1:164666257) Attempted to pick up a keys
L 01/20/2019 - 00:59:22: [FAdmin] eLeCtrOssSnake (STEAM_0:1:164666257) Attempted to pick up a weapon_physcannon
L 01/20/2019 - 00:59:22: [FAdmin] eLeCtrOssSnake (STEAM_0:1:164666257) Attempted to pick up a gmod_camera
L 01/20/2019 - 00:59:22: [FAdmin] eLeCtrOssSnake (STEAM_0:1:164666257) Attempted to pick up a gmod_tool
L 01/20/2019 - 00:59:22: [FAdmin] eLeCtrOssSnake (STEAM_0:1:164666257) Attempted to pick up a pocket
L 01/20/2019 - 00:59:22: [FAdmin] eLeCtrOssSnake (STEAM_0:1:164666257) Attempted to pick up a weapon_physgun
L 01/20/2019 - 00:59:22: [FAdmin] eLeCtrOssSnake (STEAM_0:1:164666257) Attempted to pick up a weapon_keypadchecker
L 01/20/2019 - 00:59:22: [FAdmin] eLeCtrOssSnake (STEAM_0:1:164666257) Attempted to pick up a door_ram
L 01/20/2019 - 00:59:22: [FAdmin] eLeCtrOssSnake (STEAM_0:1:164666257) Attempted to pick up a arrest_stick
L 01/20/2019 - 00:59:22: [FAdmin] eLeCtrOssSnake (STEAM_0:1:164666257) Attempted to pick up a unarrest_stick
L 01/20/2019 - 00:59:22: [FAdmin] eLeCtrOssSnake (STEAM_0:1:164666257) Attempted to pick up a stunstick
L 01/20/2019 - 00:59:22: [FAdmin] eLeCtrOssSnake (STEAM_0:1:164666257) Attempted to pick up a weaponchecker
L 01/20/2019 - 00:59:25: [FAdmin] DidVaitel (STEAM_0:1:74202541) is Authed
L 01/20/2019 - 00:59:25: [FAdmin] DidVaitel (STEAM_0:1:74202541) Spawned for the first time
L 01/20/2019 - 00:59:25: [FAdmin] DidVaitel (STEAM_0:1:74202541) Spawned
L 01/20/2019 - 00:59:25: "DidVaitel<3><STEAM_0:1:74202541><>" entered the game
L 01/20/2019 - 00:59:25: [FAdmin] DidVaitel (STEAM_0:1:74202541) Attempted to pick up a keys
L 01/20/2019 - 00:59:25: [FAdmin] DidVaitel (STEAM_0:1:74202541) Attempted to pick up a weapon_physcannon
L 01/20/2019 - 00:59:25: [FAdmin] DidVaitel (STEAM_0:1:74202541) Attempted to pick up a gmod_camera
L 01/20/2019 - 00:59:25: [FAdmin] DidVaitel (STEAM_0:1:74202541) Attempted to pick up a gmod_tool
L 01/20/2019 - 00:59:25: [FAdmin] DidVaitel (STEAM_0:1:74202541) Attempted to pick up a pocket
L 01/20/2019 - 00:59:25: [FAdmin] DidVaitel (STEAM_0:1:74202541) Attempted to pick up a weapon_physgun
L 01/20/2019 - 00:59:25: [FAdmin] DidVaitel (STEAM_0:1:74202541) Attempted to pick up a weapon_keypadchecker
L 01/20/2019 - 00:59:25: [FAdmin] DidVaitel (STEAM_0:1:74202541) Attempted to pick up a door_ram
L 01/20/2019 - 00:59:25: [FAdmin] DidVaitel (STEAM_0:1:74202541) Attempted to pick up a arrest_stick
L 01/20/2019 - 00:59:25: [FAdmin] DidVaitel (STEAM_0:1:74202541) Attempted to pick up a unarrest_stick
L 01/20/2019 - 00:59:25: [FAdmin] DidVaitel (STEAM_0:1:74202541) Attempted to pick up a stunstick
L 01/20/2019 - 00:59:25: [FAdmin] DidVaitel (STEAM_0:1:74202541) Attempted to pick up a weaponchecker
L 01/20/2019 - 00:59:34: [FAdmin] eLeCtrOssSnake (STEAM_0:1:164666257) Attempted to switch noclip
L 01/20/2019 - 00:59:38: [FAdmin] DidVaitel (STEAM_0:1:74202541) Spawned a duel_npc
L 01/20/2019 - 00:59:44: [FAdmin] eLeCtrOssSnake (STEAM_0:1:164666257) Attempted to use tool creator
L 01/20/2019 - 00:59:44: [FAdmin] eLeCtrOssSnake (STEAM_0:1:164666257) Spawned a duel_npc
L 01/20/2019 - 00:59:45: [FAdmin] eLeCtrOssSnake (STEAM_0:1:164666257) Attempted to switch noclip
L 01/20/2019 - 00:59:46: [FAdmin] eLeCtrOssSnake (STEAM_0:1:164666257) Attempted to switch noclip
L 01/20/2019 - 01:00:14: [FAdmin] DidVaitel (STEAM_0:1:74202541) Attempted to switch noclip
L 01/20/2019 - 01:00:22: [FAdmin] DidVaitel (STEAM_0:1:74202541) Attempted to switch noclip
L 01/20/2019 - 01:00:22: [FAdmin] DidVaitel (STEAM_0:1:74202541) Attempted to switch noclip
L 01/20/2019 - 01:00:23: [FAdmin] DidVaitel (STEAM_0:1:74202541) Attempted to switch noclip
L 01/20/2019 - 01:00:24: [FAdmin] DidVaitel (STEAM_0:1:74202541) Attempted to switch noclip
L 01/20/2019 - 01:00:24: [FAdmin] DidVaitel (STEAM_0:1:74202541) Attempted to switch noclip
L 01/20/2019 - 01:00:25: [FAdmin] eLeCtrOssSnake (STEAM_0:1:164666257) Attempted to pick up a weapon_crowbar
L 01/20/2019 - 01:00:25: [FAdmin] DidVaitel (STEAM_0:1:74202541) Attempted to pick up a weapon_crowbar
L 01/20/2019 - 01:00:36: Lua Error: 
[ERROR] addons/gduels-system/lua/gduel/core/sv_functions.lua:194: Tried to use a NULL entity!
  1. GetName - [C]:-1
   2. fn - addons/gduels-system/lua/gduel/core/sv_functions.lua:194
    3. unknown - addons/ulxulib/lua/ulib/shared/hook.lua:109


L 01/20/2019 - 01:00:36: [FAdmin] eLeCtrOssSnake (STEAM_0:1:164666257) Attempted to pick up a keys
L 01/20/2019 - 01:00:36: [FAdmin] eLeCtrOssSnake (STEAM_0:1:164666257) Attempted to pick up a weapon_physcannon
L 01/20/2019 - 01:00:36: [FAdmin] eLeCtrOssSnake (STEAM_0:1:164666257) Attempted to pick up a gmod_camera
L 01/20/2019 - 01:00:36: [FAdmin] eLeCtrOssSnake (STEAM_0:1:164666257) Attempted to pick up a gmod_tool
L 01/20/2019 - 01:00:36: [FAdmin] eLeCtrOssSnake (STEAM_0:1:164666257) Attempted to pick up a pocket
L 01/20/2019 - 01:00:36: [FAdmin] eLeCtrOssSnake (STEAM_0:1:164666257) Attempted to pick up a weapon_physgun
L 01/20/2019 - 01:00:36: [FAdmin] eLeCtrOssSnake (STEAM_0:1:164666257) Attempted to pick up a weapon_keypadchecker
L 01/20/2019 - 01:00:36: [FAdmin] eLeCtrOssSnake (STEAM_0:1:164666257) Attempted to pick up a door_ram
L 01/20/2019 - 01:00:36: [FAdmin] eLeCtrOssSnake (STEAM_0:1:164666257) Attempted to pick up a arrest_stick
L 01/20/2019 - 01:00:36: [FAdmin] eLeCtrOssSnake (STEAM_0:1:164666257) Attempted to pick up a unarrest_stick
L 01/20/2019 - 01:00:36: [FAdmin] eLeCtrOssSnake (STEAM_0:1:164666257) Attempted to pick up a stunstick
L 01/20/2019 - 01:00:36: [FAdmin] eLeCtrOssSnake (STEAM_0:1:164666257) Attempted to pick up a weaponchecker
L 01/20/2019 - 01:00:37: [FAdmin] DidVaitel (STEAM_0:1:74202541) Spawned
L 01/20/2019 - 01:00:37: [FAdmin] DidVaitel (STEAM_0:1:74202541) Attempted to pick up a keys
L 01/20/2019 - 01:00:37: [FAdmin] DidVaitel (STEAM_0:1:74202541) Attempted to pick up a weapon_physcannon
L 01/20/2019 - 01:00:37: [FAdmin] DidVaitel (STEAM_0:1:74202541) Attempted to pick up a gmod_camera
L 01/20/2019 - 01:00:37: [FAdmin] DidVaitel (STEAM_0:1:74202541) Attempted to pick up a gmod_tool
L 01/20/2019 - 01:00:37: [FAdmin] DidVaitel (STEAM_0:1:74202541) Attempted to pick up a pocket
L 01/20/2019 - 01:00:37: [FAdmin] DidVaitel (STEAM_0:1:74202541) Attempted to pick up a weapon_physgun
L 01/20/2019 - 01:00:37: [FAdmin] DidVaitel (STEAM_0:1:74202541) Attempted to pick up a weapon_keypadchecker
L 01/20/2019 - 01:00:37: [FAdmin] DidVaitel (STEAM_0:1:74202541) Attempted to pick up a door_ram
L 01/20/2019 - 01:00:37: [FAdmin] DidVaitel (STEAM_0:1:74202541) Attempted to pick up a arrest_stick
L 01/20/2019 - 01:00:37: [FAdmin] DidVaitel (STEAM_0:1:74202541) Attempted to pick up a unarrest_stick
L 01/20/2019 - 01:00:37: [FAdmin] DidVaitel (STEAM_0:1:74202541) Attempted to pick up a stunstick
L 01/20/2019 - 01:00:37: [FAdmin] DidVaitel (STEAM_0:1:74202541) Attempted to pick up a weaponchecker
L 01/20/2019 - 01:01:27: [FAdmin] eLeCtrOssSnake (STEAM_0:1:164666257) Attempted to switch noclip
L 01/20/2019 - 01:01:27: [FAdmin] eLeCtrOssSnake (STEAM_0:1:164666257) Attempted to switch noclip
L 01/20/2019 - 01:01:28: [FAdmin] eLeCtrOssSnake (STEAM_0:1:164666257) Attempted to switch noclip
L 01/20/2019 - 01:01:30: [FAdmin] eLeCtrOssSnake (STEAM_0:1:164666257) Attempted to switch noclip
L 01/20/2019 - 01:01:31: [FAdmin] eLeCtrOssSnake (STEAM_0:1:164666257) Attempted to switch noclip
L 01/20/2019 - 01:01:31: [FAdmin] eLeCtrOssSnake (STEAM_0:1:164666257) Attempted to switch noclip
L 01/20/2019 - 01:01:32: [FAdmin] eLeCtrOssSnake (STEAM_0:1:164666257) Attempted to switch noclip
L 01/20/2019 - 01:01:33: [FAdmin] eLeCtrOssSnake (STEAM_0:1:164666257) Attempted to switch noclip
L 01/20/2019 - 01:01:34: [FAdmin] eLeCtrOssSnake (STEAM_0:1:164666257) Attempted to switch noclip
L 01/20/2019 - 01:01:36: [FAdmin] eLeCtrOssSnake (STEAM_0:1:164666257) Attempted to switch noclip
L 01/20/2019 - 01:01:38: [FAdmin] eLeCtrOssSnake (STEAM_0:1:164666257) Attempted to use tool creator
L 01/20/2019 - 01:01:38: [FAdmin] eLeCtrOssSnake (STEAM_0:1:164666257) Spawned a duel_npc
L 01/20/2019 - 01:01:39: [FAdmin] eLeCtrOssSnake (STEAM_0:1:164666257) Attempted to use tool creator
L 01/20/2019 - 01:01:39: [FAdmin] eLeCtrOssSnake (STEAM_0:1:164666257) Spawned a duel_npc
L 01/20/2019 - 01:01:40: [FAdmin] eLeCtrOssSnake (STEAM_0:1:164666257) Attempted to use tool creator
L 01/20/2019 - 01:01:40: [FAdmin] eLeCtrOssSnake (STEAM_0:1:164666257) Spawned a duel_npc
L 01/20/2019 - 01:01:41: [FAdmin] eLeCtrOssSnake (STEAM_0:1:164666257) Attempted to use tool creator
L 01/20/2019 - 01:01:41: [FAdmin] eLeCtrOssSnake (STEAM_0:1:164666257) Spawned a duel_npc
L 01/20/2019 - 01:01:42: [FAdmin] eLeCtrOssSnake (STEAM_0:1:164666257) Attempted to use tool creator
L 01/20/2019 - 01:01:42: [FAdmin] eLeCtrOssSnake (STEAM_0:1:164666257) Spawned a duel_npc
L 01/20/2019 - 01:01:43: [FAdmin] eLeCtrOssSnake (STEAM_0:1:164666257) Attempted to use tool creator
L 01/20/2019 - 01:01:43: [FAdmin] eLeCtrOssSnake (STEAM_0:1:164666257) Spawned a duel_npc
L 01/20/2019 - 01:01:44: [FAdmin] eLeCtrOssSnake (STEAM_0:1:164666257) Attempted to use tool creator
L 01/20/2019 - 01:01:44: [FAdmin] eLeCtrOssSnake (STEAM_0:1:164666257) Spawned a duel_npc
L 01/20/2019 - 01:01:46: [FAdmin] eLeCtrOssSnake (STEAM_0:1:164666257) Attempted to use tool creator
L 01/20/2019 - 01:01:46: [FAdmin] eLeCtrOssSnake (STEAM_0:1:164666257) Spawned a duel_npc
L 01/20/2019 - 01:01:47: [FAdmin] eLeCtrOssSnake (STEAM_0:1:164666257) Attempted to use tool creator
L 01/20/2019 - 01:01:47: [FAdmin] eLeCtrOssSnake (STEAM_0:1:164666257) Spawned a duel_npc
L 01/20/2019 - 01:01:48: Lua Error: 
[ERROR] addons/gduels-system/lua/gduel/core/sv_functions.lua:224: 'end' expected (to close 'function' at line 19) near '<eof>'
  1. unknown - addons/gduels-system/lua/gduel/core/sv_functions.lua:0


L 01/20/2019 - 01:01:49: [FAdmin] eLeCtrOssSnake (STEAM_0:1:164666257) Attempted to use tool creator
L 01/20/2019 - 01:01:49: [FAdmin] eLeCtrOssSnake (STEAM_0:1:164666257) Spawned a duel_npc
L 01/20/2019 - 01:01:50: [FAdmin] eLeCtrOssSnake (STEAM_0:1:164666257) Attempted to use tool creator
L 01/20/2019 - 01:01:50: [FAdmin] eLeCtrOssSnake (STEAM_0:1:164666257) Spawned a duel_npc
L 01/20/2019 - 01:01:52: [FAdmin] DidVaitel (STEAM_0:1:74202541) Spawned a duel_npc
L 01/20/2019 - 01:01:52: [FAdmin] eLeCtrOssSnake (STEAM_0:1:164666257) Attempted to use tool creator
L 01/20/2019 - 01:01:52: [FAdmin] eLeCtrOssSnake (STEAM_0:1:164666257) Spawned a duel_npc
L 01/20/2019 - 01:01:53: [FAdmin] eLeCtrOssSnake (STEAM_0:1:164666257) Attempted to use tool creator
L 01/20/2019 - 01:01:53: [FAdmin] eLeCtrOssSnake (STEAM_0:1:164666257) Spawned a duel_npc
L 01/20/2019 - 01:01:53: [FAdmin] eLeCtrOssSnake (STEAM_0:1:164666257) Attempted to use tool creator
L 01/20/2019 - 01:01:53: [FAdmin] eLeCtrOssSnake (STEAM_0:1:164666257) Spawned a duel_npc
L 01/20/2019 - 01:01:54: [FAdmin] eLeCtrOssSnake (STEAM_0:1:164666257) Attempted to use tool creator
L 01/20/2019 - 01:01:54: [FAdmin] eLeCtrOssSnake (STEAM_0:1:164666257) Spawned a duel_npc
L 01/20/2019 - 01:01:55: [FAdmin] eLeCtrOssSnake (STEAM_0:1:164666257) Attempted to use tool creator
L 01/20/2019 - 01:01:55: [FAdmin] eLeCtrOssSnake (STEAM_0:1:164666257) Spawned a duel_npc
L 01/20/2019 - 01:01:57: [FAdmin] eLeCtrOssSnake (STEAM_0:1:164666257) Attempted to use tool creator
L 01/20/2019 - 01:01:57: [FAdmin] eLeCtrOssSnake (STEAM_0:1:164666257) Spawned a duel_npc
L 01/20/2019 - 01:01:59: [FAdmin] eLeCtrOssSnake (STEAM_0:1:164666257) Attempted to use tool creator
L 01/20/2019 - 01:01:59: [FAdmin] eLeCtrOssSnake (STEAM_0:1:164666257) Spawned a duel_npc
L 01/20/2019 - 01:01:59: [FAdmin] eLeCtrOssSnake (STEAM_0:1:164666257) Attempted to use tool creator
L 01/20/2019 - 01:01:59: [FAdmin] eLeCtrOssSnake (STEAM_0:1:164666257) Spawned a duel_npc
L 01/20/2019 - 01:02:00: [FAdmin] eLeCtrOssSnake (STEAM_0:1:164666257) Attempted to use tool creator
L 01/20/2019 - 01:02:00: [FAdmin] eLeCtrOssSnake (STEAM_0:1:164666257) Spawned a duel_npc
L 01/20/2019 - 01:02:01: [FAdmin] eLeCtrOssSnake (STEAM_0:1:164666257) Attempted to use tool creator
L 01/20/2019 - 01:02:01: [FAdmin] eLeCtrOssSnake (STEAM_0:1:164666257) Spawned a duel_npc
L 01/20/2019 - 01:02:02: [FAdmin] eLeCtrOssSnake (STEAM_0:1:164666257) Attempted to use tool creator
L 01/20/2019 - 01:02:02: [FAdmin] eLeCtrOssSnake (STEAM_0:1:164666257) Spawned a duel_npc
L 01/20/2019 - 01:02:03: [FAdmin] eLeCtrOssSnake (STEAM_0:1:164666257) Attempted to use tool creator
L 01/20/2019 - 01:02:03: [FAdmin] eLeCtrOssSnake (STEAM_0:1:164666257) Spawned a duel_npc
L 01/20/2019 - 01:02:03: [FAdmin] eLeCtrOssSnake (STEAM_0:1:164666257) Attempted to use tool creator
L 01/20/2019 - 01:02:03: [FAdmin] eLeCtrOssSnake (STEAM_0:1:164666257) Spawned a duel_npc
L 01/20/2019 - 01:02:10: [FAdmin] eLeCtrOssSnake (STEAM_0:1:164666257) Attempted to use tool creator
L 01/20/2019 - 01:02:10: [FAdmin] eLeCtrOssSnake (STEAM_0:1:164666257) Spawned a duel_npc
L 01/20/2019 - 01:02:12: [FAdmin] eLeCtrOssSnake (STEAM_0:1:164666257) Attempted to use tool creator
L 01/20/2019 - 01:02:12: [FAdmin] eLeCtrOssSnake (STEAM_0:1:164666257) Spawned a duel_npc
L 01/20/2019 - 01:02:13: [FAdmin] eLeCtrOssSnake (STEAM_0:1:164666257) Attempted to use tool creator
L 01/20/2019 - 01:02:13: [FAdmin] eLeCtrOssSnake (STEAM_0:1:164666257) Spawned a duel_npc
L 01/20/2019 - 01:02:13: [FAdmin] eLeCtrOssSnake (STEAM_0:1:164666257) Attempted to use tool creator
L 01/20/2019 - 01:02:13: [FAdmin] eLeCtrOssSnake (STEAM_0:1:164666257) Spawned a duel_npc
L 01/20/2019 - 01:02:15: [FAdmin] eLeCtrOssSnake (STEAM_0:1:164666257) Attempted to use tool creator
L 01/20/2019 - 01:02:15: [FAdmin] eLeCtrOssSnake (STEAM_0:1:164666257) Spawned a duel_npc
L 01/20/2019 - 01:02:16: [FAdmin] eLeCtrOssSnake (STEAM_0:1:164666257) Attempted to use tool creator
L 01/20/2019 - 01:02:16: [FAdmin] eLeCtrOssSnake (STEAM_0:1:164666257) Spawned a duel_npc
L 01/20/2019 - 01:02:17: [FAdmin] eLeCtrOssSnake (STEAM_0:1:164666257) Attempted to use tool creator
L 01/20/2019 - 01:02:17: [FAdmin] eLeCtrOssSnake (STEAM_0:1:164666257) Spawned a duel_npc
L 01/20/2019 - 01:03:13: [FAdmin] eLeCtrOssSnake (STEAM_0:1:164666257) Attempted to use tool creator
L 01/20/2019 - 01:03:13: [FAdmin] eLeCtrOssSnake (STEAM_0:1:164666257) Spawned a duel_npc
L 01/20/2019 - 01:03:18: [FAdmin] eLeCtrOssSnake (STEAM_0:1:164666257) Attempted to switch noclip
L 01/20/2019 - 01:03:20: [FAdmin] eLeCtrOssSnake (STEAM_0:1:164666257) Attempted to use tool creator
L 01/20/2019 - 01:03:20: [FAdmin] eLeCtrOssSnake (STEAM_0:1:164666257) Spawned a duel_npc
L 01/20/2019 - 01:03:20: [FAdmin] eLeCtrOssSnake (STEAM_0:1:164666257) Attempted to use tool creator
L 01/20/2019 - 01:03:20: [FAdmin] eLeCtrOssSnake (STEAM_0:1:164666257) Spawned a duel_npc
L 01/20/2019 - 01:03:20: [FAdmin] eLeCtrOssSnake (STEAM_0:1:164666257) Attempted to use tool creator
L 01/20/2019 - 01:03:20: [FAdmin] eLeCtrOssSnake (STEAM_0:1:164666257) Spawned a duel_npc
L 01/20/2019 - 01:03:21: [FAdmin] eLeCtrOssSnake (STEAM_0:1:164666257) Attempted to switch noclip
L 01/20/2019 - 01:03:21: [FAdmin] eLeCtrOssSnake (STEAM_0:1:164666257) Attempted to switch noclip
L 01/20/2019 - 01:03:22: [FAdmin] eLeCtrOssSnake (STEAM_0:1:164666257) Attempted to use tool creator
L 01/20/2019 - 01:03:22: [FAdmin] eLeCtrOssSnake (STEAM_0:1:164666257) Spawned a duel_npc
L 01/20/2019 - 01:04:26: [FAdmin] eLeCtrOssSnake (STEAM_0:1:164666257) Attempted to use tool creator
L 01/20/2019 - 01:04:26: [FAdmin] eLeCtrOssSnake (STEAM_0:1:164666257) Spawned a duel_npc
L 01/20/2019 - 01:04:56: [FAdmin] Server succesfully shut down.
L 01/20/2019 - 01:04:56: [FAdmin] prop_physics(models/props/de_nuke/handtruck.mdl) Got removed
L 01/20/2019 - 01:04:56: [FAdmin] prop_physics(models/props_c17/door01_left.mdl) Got removed
L 01/20/2019 - 01:04:56: [FAdmin] prop_physics(models/props_c17/door01_left.mdl) Got removed
L 01/20/2019 - 01:04:56: [FAdmin] prop_physics(models/props_c17/door01_left.mdl) Got removed
L 01/20/2019 - 01:04:56: [FAdmin] prop_physics(models/props_c17/door01_left.mdl) Got removed
L 01/20/2019 - 01:04:56: [FAdmin] prop_physics(models/props_c17/door01_left.mdl) Got removed
L 01/20/2019 - 01:04:56: [FAdmin] prop_physics(models/props_c17/door01_left.mdl) Got removed
L 01/20/2019 - 01:04:56: [FAdmin] prop_physics(models/props_junk/pushcart01a.mdl) Got removed
L 01/20/2019 - 01:04:56: [FAdmin] prop_physics(models/props/de_nuke/handtruck.mdl) Got removed
L 01/20/2019 - 01:04:56: [FAdmin] prop_physics(models/props_c17/door01_left.mdl) Got removed
L 01/20/2019 - 01:04:56: [FAdmin] prop_physics(models/props_c17/door01_left.mdl) Got removed
L 01/20/2019 - 01:04:56: [FAdmin] prop_physics(models/props_junk/wood_crate001a_damaged.mdl) Got removed
L 01/20/2019 - 01:04:56: [FAdmin] prop_physics(models/props_junk/wood_crate001a_damaged.mdl) Got removed
L 01/20/2019 - 01:04:56: [FAdmin] prop_physics(models/props_junk/wood_crate001a_damaged.mdl) Got removed
L 01/20/2019 - 01:04:56: [FAdmin] prop_physics(models/props_junk/wood_crate001a_damaged.mdl) Got removed
L 01/20/2019 - 01:04:56: [FAdmin] prop_physics(models/props_junk/wood_crate001a_damaged.mdl) Got removed
L 01/20/2019 - 01:04:56: "DidVaitel<3><STEAM_0:1:74202541><>" disconnected (reason "Server shutting down")
L 01/20/2019 - 01:04:56: "eLeCtrOssSnake<2><STEAM_0:1:164666257><>" disconnected (reason "Server shutting down")
L 01/20/2019 - 01:04:56: server_message: "quit"
L 01/20/2019 - 01:04:56: Log file closed.
