L 01/23/2019 - 03:11:03: Log file started (file "logs\L0123032.log") (game "F:\sup\steamapps\common\GarrysModDS\garrysmod") (version "7334")
L 01/23/2019 - 03:11:03: server_cvar: "sv_alltalk" "3"
L 01/23/2019 - 03:11:03: server_cvar: "sv_allowcslua" "1"
L 01/23/2019 - 03:11:03: server_cvar: "sv_airaccelerate" "1000"
L 01/23/2019 - 03:11:03: server_cvar: "sv_alltalk" "0"
L 01/23/2019 - 03:11:04: Banid: "<><STEAM_0:0:432813650><>" was banned "permanently" by "Console"
L 01/23/2019 - 03:11:04: Banid: "<><STEAM_0:0:207758038><>" was banned "permanently" by "Console"
L 01/23/2019 - 03:11:04: Banid: "<><STEAM_0:0:432813650><>" was banned "permanently" by "Console"
L 01/23/2019 - 03:11:04: Banid: "<><STEAM_0:0:207758038><>" was banned "permanently" by "Console"
L 01/23/2019 - 03:11:04: Connection to Steam servers successful.
L 01/23/2019 - 03:11:04:    Public IP is 31.130.42.81.
L 01/23/2019 - 03:11:04: Assigned anonymous gameserver Steam ID [A-1:3492478979(11841)].
L 01/23/2019 - 03:11:05: VAC secure mode is activated.
L 01/23/2019 - 03:23:14: "DidVaitel<2><STEAM_0:1:74202541><>" connected, address "192.168.1.103:27006"
L 01/23/2019 - 03:23:14: "DidVaitel<2><STEAM_0:1:74202541><>" STEAM USERID validated
L 01/23/2019 - 03:23:24: [FAdmin] DidVaitel (STEAM_0:1:74202541) is Authed
L 01/23/2019 - 03:23:24: [FAdmin] DidVaitel (STEAM_0:1:74202541) Spawned for the first time
L 01/23/2019 - 03:23:24: [FAdmin] DidVaitel (STEAM_0:1:74202541) Spawned
L 01/23/2019 - 03:23:24: "DidVaitel<2><STEAM_0:1:74202541><>" entered the game
L 01/23/2019 - 03:23:24: [FAdmin] DidVaitel (STEAM_0:1:74202541) Attempted to pick up a keys
L 01/23/2019 - 03:23:24: [FAdmin] DidVaitel (STEAM_0:1:74202541) Attempted to pick up a weapon_physcannon
L 01/23/2019 - 03:23:24: [FAdmin] DidVaitel (STEAM_0:1:74202541) Attempted to pick up a gmod_camera
L 01/23/2019 - 03:23:24: [FAdmin] DidVaitel (STEAM_0:1:74202541) Attempted to pick up a gmod_tool
L 01/23/2019 - 03:23:24: [FAdmin] DidVaitel (STEAM_0:1:74202541) Attempted to pick up a pocket
L 01/23/2019 - 03:23:24: [FAdmin] DidVaitel (STEAM_0:1:74202541) Attempted to pick up a weapon_physgun
L 01/23/2019 - 03:23:24: [FAdmin] DidVaitel (STEAM_0:1:74202541) Attempted to pick up a weapon_keypadchecker
L 01/23/2019 - 03:23:24: [FAdmin] DidVaitel (STEAM_0:1:74202541) Attempted to pick up a door_ram
L 01/23/2019 - 03:23:24: [FAdmin] DidVaitel (STEAM_0:1:74202541) Attempted to pick up a arrest_stick
L 01/23/2019 - 03:23:24: [FAdmin] DidVaitel (STEAM_0:1:74202541) Attempted to pick up a unarrest_stick
L 01/23/2019 - 03:23:24: [FAdmin] DidVaitel (STEAM_0:1:74202541) Attempted to pick up a stunstick
L 01/23/2019 - 03:23:24: [FAdmin] DidVaitel (STEAM_0:1:74202541) Attempted to pick up a weaponchecker
L 01/23/2019 - 03:23:34: [FAdmin] DidVaitel (STEAM_0:1:74202541) Attempted to switch noclip
L 01/23/2019 - 03:24:54: [FAdmin] DidVaitel (STEAM_0:1:74202541) Attempted to switch noclip
L 01/23/2019 - 03:25:50: [FAdmin] prop_physics(models/maxofs2d/companion_doll.mdl) Got removed
L 01/23/2019 - 03:25:50: [FAdmin] prop_physics(models/props_c17/furnituretable003a.mdl) Got removed
L 01/23/2019 - 03:25:50: [FAdmin] prop_physics(models/props_c17/furniturecouch002a.mdl) Got removed
L 01/23/2019 - 03:25:50: [FAdmin] prop_physics(models/props_c17/furniturecouch001a.mdl) Got removed
L 01/23/2019 - 03:25:50: [FAdmin] prop_physics(models/props_c17/furniturestove001a.mdl) Got removed
L 01/23/2019 - 03:25:50: [FAdmin] prop_physics(models/props_c17/furniturestove001a.mdl) Got removed
L 01/23/2019 - 03:25:50: [FAdmin] prop_physics(models/props_c17/furniturestove001a.mdl) Got removed
L 01/23/2019 - 03:25:50: [FAdmin] prop_physics(models/props_c17/furniturestove001a.mdl) Got removed
L 01/23/2019 - 03:25:50: [FAdmin] prop_physics(models/props_c17/furniturestove001a.mdl) Got removed
L 01/23/2019 - 03:25:50: [FAdmin] prop_physics(models/props_c17/furniturestove001a.mdl) Got removed
L 01/23/2019 - 03:25:50: [FAdmin] prop_physics(models/props_c17/furniturestove001a.mdl) Got removed
L 01/23/2019 - 03:25:50: [FAdmin] prop_physics(models/props_c17/furniturestove001a.mdl) Got removed
L 01/23/2019 - 03:25:50: [FAdmin] prop_physics(models/props_c17/furniturestove001a.mdl) Got removed
L 01/23/2019 - 03:25:50: [FAdmin] prop_physics(models/props_c17/furniturestove001a.mdl) Got removed
L 01/23/2019 - 03:25:50: [FAdmin] prop_physics(models/props_c17/furniturestove001a.mdl) Got removed
L 01/23/2019 - 03:25:50: [FAdmin] prop_physics(models/props_c17/furniturestove001a.mdl) Got removed
L 01/23/2019 - 03:25:50: [FAdmin] prop_physics(models/props_c17/furniturestove001a.mdl) Got removed
L 01/23/2019 - 03:25:50: [FAdmin] prop_physics(models/props_c17/furniturestove001a.mdl) Got removed
L 01/23/2019 - 03:25:50: [FAdmin] prop_physics(models/props_c17/furniturestove001a.mdl) Got removed
L 01/23/2019 - 03:25:50: [FAdmin] prop_physics(models/props_combine/breenchair.mdl) Got removed
L 01/23/2019 - 03:25:50: [FAdmin] prop_physics(models/props_combine/breenchair.mdl) Got removed
L 01/23/2019 - 03:25:50: [FAdmin] prop_physics(models/props_combine/breenchair.mdl) Got removed
L 01/23/2019 - 03:25:50: [FAdmin] prop_physics(models/props_combine/breenchair.mdl) Got removed
L 01/23/2019 - 03:25:50: [FAdmin] prop_physics(models/props_c17/furniturefridge001a.mdl) Got removed
L 01/23/2019 - 03:25:50: [FAdmin] prop_physics(models/props_c17/furniturefridge001a.mdl) Got removed
L 01/23/2019 - 03:25:50: [FAdmin] prop_physics(models/props_c17/furniturefridge001a.mdl) Got removed
L 01/23/2019 - 03:25:50: [FAdmin] prop_physics(models/props_c17/furniturefridge001a.mdl) Got removed
L 01/23/2019 - 03:25:50: [FAdmin] prop_physics(models/props_c17/furniturefridge001a.mdl) Got removed
L 01/23/2019 - 03:25:50: [FAdmin] prop_physics(models/props_c17/furniturefridge001a.mdl) Got removed
L 01/23/2019 - 03:25:50: [FAdmin] prop_physics(models/props_c17/furniturefridge001a.mdl) Got removed
L 01/23/2019 - 03:25:50: [FAdmin] prop_physics(models/props_c17/furniturefridge001a.mdl) Got removed
L 01/23/2019 - 03:25:50: [FAdmin] prop_physics(models/props_c17/furniturewashingmachine001a.mdl) Got removed
L 01/23/2019 - 03:25:50: [FAdmin] prop_physics(models/props_c17/furniturewashingmachine001a.mdl) Got removed
L 01/23/2019 - 03:25:50: [FAdmin] prop_physics(models/props_c17/furniturewashingmachine001a.mdl) Got removed
L 01/23/2019 - 03:25:50: [FAdmin] prop_physics(models/props_c17/furniturewashingmachine001a.mdl) Got removed
L 01/23/2019 - 03:25:50: [FAdmin] prop_physics(models/props_c17/furniturewashingmachine001a.mdl) Got removed
L 01/23/2019 - 03:25:50: [FAdmin] prop_physics(models/props_c17/lockers001a.mdl) Got removed
L 01/23/2019 - 03:25:50: [FAdmin] prop_physics(models/props_c17/lockers001a.mdl) Got removed
L 01/23/2019 - 03:25:50: [FAdmin] prop_physics(models/props_c17/lockers001a.mdl) Got removed
L 01/23/2019 - 03:25:50: [FAdmin] prop_physics(models/props_c17/lockers001a.mdl) Got removed
L 01/23/2019 - 03:25:50: [FAdmin] prop_physics(models/props_c17/lockers001a.mdl) Got removed
L 01/23/2019 - 03:25:50: [FAdmin] prop_physics(models/props_c17/metalladder001.mdl) Got removed
L 01/23/2019 - 03:25:50: [FAdmin] prop_physics(models/props_interiors/vendingmachinesoda01a.mdl) Got removed
L 01/23/2019 - 03:25:50: [FAdmin] prop_physics(models/props_interiors/vendingmachinesoda01a.mdl) Got removed
L 01/23/2019 - 03:25:50: [FAdmin] prop_physics(models/props_interiors/vendingmachinesoda01a.mdl) Got removed
L 01/23/2019 - 03:25:50: [FAdmin] prop_physics(models/props_interiors/vendingmachinesoda01a.mdl) Got removed
L 01/23/2019 - 03:25:50: [FAdmin] prop_physics(models/props_interiors/vendingmachinesoda01a.mdl) Got removed
L 01/23/2019 - 03:25:50: [FAdmin] prop_physics(models/props_interiors/vendingmachinesoda01a.mdl) Got removed
L 01/23/2019 - 03:25:50: [FAdmin] prop_physics(models/props_interiors/vendingmachinesoda01a.mdl) Got removed
L 01/23/2019 - 03:25:50: [FAdmin] prop_physics(models/props_interiors/vendingmachinesoda01a.mdl) Got removed
L 01/23/2019 - 03:25:50: [FAdmin] prop_physics(models/props_interiors/vendingmachinesoda01a.mdl) Got removed
L 01/23/2019 - 03:25:50: [FAdmin] prop_physics(models/props_interiors/vendingmachinesoda01a.mdl) Got removed
L 01/23/2019 - 03:25:50: [FAdmin] prop_physics(models/props_interiors/vendingmachinesoda01a.mdl) Got removed
L 01/23/2019 - 03:25:50: [FAdmin] prop_physics(models/props_interiors/vendingmachinesoda01a.mdl) Got removed
L 01/23/2019 - 03:25:50: [FAdmin] prop_physics(models/props_interiors/vendingmachinesoda01a.mdl) Got removed
L 01/23/2019 - 03:25:50: [FAdmin] prop_physics(models/props_interiors/vendingmachinesoda01a.mdl) Got removed
L 01/23/2019 - 03:25:50: [FAdmin] prop_physics(models/props_interiors/vendingmachinesoda01a.mdl) Got removed
L 01/23/2019 - 03:25:50: [FAdmin] prop_physics(models/props_interiors/vendingmachinesoda01a.mdl) Got removed
L 01/23/2019 - 03:25:50: [FAdmin] prop_physics(models/props_interiors/vendingmachinesoda01a.mdl) Got removed
L 01/23/2019 - 03:25:50: [FAdmin] prop_physics(models/props_interiors/vendingmachinesoda01a.mdl) Got removed
L 01/23/2019 - 03:25:50: [FAdmin] prop_physics(models/props_interiors/vendingmachinesoda01a.mdl) Got removed
L 01/23/2019 - 03:25:50: [FAdmin] prop_physics(models/props_interiors/vendingmachinesoda01a.mdl) Got removed
L 01/23/2019 - 03:25:50: [FAdmin] prop_physics(models/props_interiors/vendingmachinesoda01a.mdl) Got removed
L 01/23/2019 - 03:25:50: [FAdmin] prop_physics(models/props_interiors/vendingmachinesoda01a.mdl) Got removed
L 01/23/2019 - 03:25:50: [FAdmin] prop_physics(models/props_c17/oildrum001.mdl) Got removed
L 01/23/2019 - 03:25:50: [FAdmin] prop_physics(models/props_c17/oildrum001.mdl) Got removed
L 01/23/2019 - 03:25:50: [FAdmin] prop_physics(models/props_c17/oildrum001.mdl) Got removed
L 01/23/2019 - 03:25:50: [FAdmin] prop_physics(models/props_combine/combine_window001.mdl) Got removed
L 01/23/2019 - 03:25:50: [FAdmin] prop_physics(models/props_c17/gravestone003a.mdl) Got removed
L 01/23/2019 - 03:25:50: [FAdmin] prop_physics(models/props_combine/combine_bridge_b.mdl) Got removed
L 01/23/2019 - 03:25:50: [FAdmin] prop_physics(models/props_combine/headcrabcannister01a.mdl) Got removed
L 01/23/2019 - 03:25:50: [FAdmin] prop_physics(models/props_combine/headcrabcannister01a.mdl) Got removed
L 01/23/2019 - 03:25:50: [FAdmin] prop_physics(models/props_combine/headcrabcannister01a.mdl) Got removed
L 01/23/2019 - 03:25:50: [FAdmin] prop_physics(models/props_combine/headcrabcannister01a.mdl) Got removed
L 01/23/2019 - 03:25:50: [FAdmin] prop_physics(models/props_combine/headcrabcannister01a.mdl) Got removed
L 01/23/2019 - 03:25:50: [FAdmin] prop_physics(models/props_combine/headcrabcannister01a.mdl) Got removed
L 01/23/2019 - 03:25:50: [FAdmin] FAdmin Action: DidVaitel (STEAM_0:1:74202541) Cleaned up the map
L 01/23/2019 - 03:27:24: [FAdmin] DidVaitel (STEAM_0:1:74202541) Spawned a models/props_combine/breenchair.mdl
L 01/23/2019 - 03:27:40: [FAdmin] DidVaitel (STEAM_0:1:74202541) Attempted to use tool colour
L 01/23/2019 - 03:27:44: [FAdmin] DidVaitel (STEAM_0:1:74202541) Attempted to use tool permapropper
L 01/23/2019 - 03:27:47: [FAdmin] prop_physics(models/maxofs2d/companion_doll.mdl) Got removed
L 01/23/2019 - 03:27:47: [FAdmin] prop_physics(models/props_c17/furnituretable003a.mdl) Got removed
L 01/23/2019 - 03:27:47: [FAdmin] prop_physics(models/props_c17/furniturecouch002a.mdl) Got removed
L 01/23/2019 - 03:27:47: [FAdmin] prop_physics(models/props_c17/furniturecouch001a.mdl) Got removed
L 01/23/2019 - 03:27:47: [FAdmin] prop_physics(models/props_c17/furniturestove001a.mdl) Got removed
L 01/23/2019 - 03:27:47: [FAdmin] prop_physics(models/props_c17/furniturestove001a.mdl) Got removed
L 01/23/2019 - 03:27:47: [FAdmin] prop_physics(models/props_c17/furniturestove001a.mdl) Got removed
L 01/23/2019 - 03:27:47: [FAdmin] prop_physics(models/props_c17/furniturestove001a.mdl) Got removed
L 01/23/2019 - 03:27:47: [FAdmin] prop_physics(models/props_c17/furniturestove001a.mdl) Got removed
L 01/23/2019 - 03:27:47: [FAdmin] prop_physics(models/props_c17/furniturestove001a.mdl) Got removed
L 01/23/2019 - 03:27:47: [FAdmin] prop_physics(models/props_c17/furniturestove001a.mdl) Got removed
L 01/23/2019 - 03:27:47: [FAdmin] prop_physics(models/props_c17/furniturestove001a.mdl) Got removed
L 01/23/2019 - 03:27:47: [FAdmin] prop_physics(models/props_c17/furniturestove001a.mdl) Got removed
L 01/23/2019 - 03:27:47: [FAdmin] prop_physics(models/props_c17/furniturestove001a.mdl) Got removed
L 01/23/2019 - 03:27:47: [FAdmin] prop_physics(models/props_c17/furniturestove001a.mdl) Got removed
L 01/23/2019 - 03:27:47: [FAdmin] prop_physics(models/props_c17/furniturestove001a.mdl) Got removed
L 01/23/2019 - 03:27:47: [FAdmin] prop_physics(models/props_c17/furniturestove001a.mdl) Got removed
L 01/23/2019 - 03:27:47: [FAdmin] prop_physics(models/props_c17/furniturestove001a.mdl) Got removed
L 01/23/2019 - 03:27:47: [FAdmin] prop_physics(models/props_c17/furniturestove001a.mdl) Got removed
L 01/23/2019 - 03:27:47: [FAdmin] prop_physics(models/props_combine/breenchair.mdl) Got removed
L 01/23/2019 - 03:27:47: [FAdmin] prop_physics(models/props_combine/breenchair.mdl) Got removed
L 01/23/2019 - 03:27:47: [FAdmin] prop_physics(models/props_combine/breenchair.mdl) Got removed
L 01/23/2019 - 03:27:47: [FAdmin] prop_physics(models/props_combine/breenchair.mdl) Got removed
L 01/23/2019 - 03:27:47: [FAdmin] prop_physics(models/props_c17/furniturefridge001a.mdl) Got removed
L 01/23/2019 - 03:27:47: [FAdmin] prop_physics(models/props_c17/furniturefridge001a.mdl) Got removed
L 01/23/2019 - 03:27:47: [FAdmin] prop_physics(models/props_c17/furniturefridge001a.mdl) Got removed
L 01/23/2019 - 03:27:47: [FAdmin] prop_physics(models/props_c17/furniturefridge001a.mdl) Got removed
L 01/23/2019 - 03:27:47: [FAdmin] prop_physics(models/props_c17/furniturefridge001a.mdl) Got removed
L 01/23/2019 - 03:27:47: [FAdmin] prop_physics(models/props_c17/furniturefridge001a.mdl) Got removed
L 01/23/2019 - 03:27:47: [FAdmin] prop_physics(models/props_c17/furniturefridge001a.mdl) Got removed
L 01/23/2019 - 03:27:47: [FAdmin] prop_physics(models/props_c17/furniturefridge001a.mdl) Got removed
L 01/23/2019 - 03:27:47: [FAdmin] prop_physics(models/props_c17/furniturewashingmachine001a.mdl) Got removed
L 01/23/2019 - 03:27:47: [FAdmin] prop_physics(models/props_c17/furniturewashingmachine001a.mdl) Got removed
L 01/23/2019 - 03:27:47: [FAdmin] prop_physics(models/props_c17/furniturewashingmachine001a.mdl) Got removed
L 01/23/2019 - 03:27:47: [FAdmin] prop_physics(models/props_c17/furniturewashingmachine001a.mdl) Got removed
L 01/23/2019 - 03:27:47: [FAdmin] prop_physics(models/props_c17/furniturewashingmachine001a.mdl) Got removed
L 01/23/2019 - 03:27:47: [FAdmin] prop_physics(models/props_c17/lockers001a.mdl) Got removed
L 01/23/2019 - 03:27:47: [FAdmin] prop_physics(models/props_c17/lockers001a.mdl) Got removed
L 01/23/2019 - 03:27:47: [FAdmin] prop_physics(models/props_c17/lockers001a.mdl) Got removed
L 01/23/2019 - 03:27:47: [FAdmin] prop_physics(models/props_c17/lockers001a.mdl) Got removed
L 01/23/2019 - 03:27:47: [FAdmin] prop_physics(models/props_c17/lockers001a.mdl) Got removed
L 01/23/2019 - 03:27:47: [FAdmin] prop_physics(models/props_c17/metalladder001.mdl) Got removed
L 01/23/2019 - 03:27:47: [FAdmin] prop_physics(models/props_interiors/vendingmachinesoda01a.mdl) Got removed
L 01/23/2019 - 03:27:47: [FAdmin] prop_physics(models/props_interiors/vendingmachinesoda01a.mdl) Got removed
L 01/23/2019 - 03:27:47: [FAdmin] prop_physics(models/props_interiors/vendingmachinesoda01a.mdl) Got removed
L 01/23/2019 - 03:27:47: [FAdmin] prop_physics(models/props_interiors/vendingmachinesoda01a.mdl) Got removed
L 01/23/2019 - 03:27:47: [FAdmin] prop_physics(models/props_interiors/vendingmachinesoda01a.mdl) Got removed
L 01/23/2019 - 03:27:47: [FAdmin] prop_physics(models/props_interiors/vendingmachinesoda01a.mdl) Got removed
L 01/23/2019 - 03:27:47: [FAdmin] prop_physics(models/props_interiors/vendingmachinesoda01a.mdl) Got removed
L 01/23/2019 - 03:27:47: [FAdmin] prop_physics(models/props_interiors/vendingmachinesoda01a.mdl) Got removed
L 01/23/2019 - 03:27:47: [FAdmin] prop_physics(models/props_interiors/vendingmachinesoda01a.mdl) Got removed
L 01/23/2019 - 03:27:47: [FAdmin] prop_physics(models/props_interiors/vendingmachinesoda01a.mdl) Got removed
L 01/23/2019 - 03:27:47: [FAdmin] prop_physics(models/props_interiors/vendingmachinesoda01a.mdl) Got removed
L 01/23/2019 - 03:27:47: [FAdmin] prop_physics(models/props_interiors/vendingmachinesoda01a.mdl) Got removed
L 01/23/2019 - 03:27:47: [FAdmin] prop_physics(models/props_interiors/vendingmachinesoda01a.mdl) Got removed
L 01/23/2019 - 03:27:47: [FAdmin] prop_physics(models/props_interiors/vendingmachinesoda01a.mdl) Got removed
L 01/23/2019 - 03:27:47: [FAdmin] prop_physics(models/props_interiors/vendingmachinesoda01a.mdl) Got removed
L 01/23/2019 - 03:27:47: [FAdmin] prop_physics(models/props_interiors/vendingmachinesoda01a.mdl) Got removed
L 01/23/2019 - 03:27:47: [FAdmin] prop_physics(models/props_interiors/vendingmachinesoda01a.mdl) Got removed
L 01/23/2019 - 03:27:47: [FAdmin] prop_physics(models/props_interiors/vendingmachinesoda01a.mdl) Got removed
L 01/23/2019 - 03:27:47: [FAdmin] prop_physics(models/props_interiors/vendingmachinesoda01a.mdl) Got removed
L 01/23/2019 - 03:27:47: [FAdmin] prop_physics(models/props_interiors/vendingmachinesoda01a.mdl) Got removed
L 01/23/2019 - 03:27:47: [FAdmin] prop_physics(models/props_interiors/vendingmachinesoda01a.mdl) Got removed
L 01/23/2019 - 03:27:47: [FAdmin] prop_physics(models/props_interiors/vendingmachinesoda01a.mdl) Got removed
L 01/23/2019 - 03:27:47: [FAdmin] prop_physics(models/props_c17/oildrum001.mdl) Got removed
L 01/23/2019 - 03:27:47: [FAdmin] prop_physics(models/props_c17/oildrum001.mdl) Got removed
L 01/23/2019 - 03:27:47: [FAdmin] prop_physics(models/props_c17/oildrum001.mdl) Got removed
L 01/23/2019 - 03:27:47: [FAdmin] prop_physics(models/props_combine/combine_window001.mdl) Got removed
L 01/23/2019 - 03:27:47: [FAdmin] prop_physics(models/props_c17/gravestone003a.mdl) Got removed
L 01/23/2019 - 03:27:47: [FAdmin] prop_physics(models/props_combine/combine_bridge_b.mdl) Got removed
L 01/23/2019 - 03:27:47: [FAdmin] prop_physics(models/props_combine/headcrabcannister01a.mdl) Got removed
L 01/23/2019 - 03:27:47: [FAdmin] prop_physics(models/props_combine/headcrabcannister01a.mdl) Got removed
L 01/23/2019 - 03:27:47: [FAdmin] prop_physics(models/props_combine/headcrabcannister01a.mdl) Got removed
L 01/23/2019 - 03:27:47: [FAdmin] prop_physics(models/props_combine/headcrabcannister01a.mdl) Got removed
L 01/23/2019 - 03:27:47: [FAdmin] prop_physics(models/props_combine/headcrabcannister01a.mdl) Got removed
L 01/23/2019 - 03:27:47: [FAdmin] prop_physics(models/props_combine/headcrabcannister01a.mdl) Got removed
L 01/23/2019 - 03:27:47: [FAdmin] prop_physics(models/props_combine/breenchair.mdl) Got removed
L 01/23/2019 - 03:27:47: [FAdmin] FAdmin Action: DidVaitel (STEAM_0:1:74202541) Cleaned up the map
L 01/23/2019 - 03:31:01: "DidVaitel<2><STEAM_0:1:74202541><Citizen>" say "!menu"

L 01/23/2019 - 03:31:53: [FAdmin] Server succesfully shut down.
L 01/23/2019 - 03:31:53: [FAdmin] prop_physics(models/maxofs2d/companion_doll.mdl) Got removed
L 01/23/2019 - 03:31:53: [FAdmin] prop_physics(models/props_c17/furnituretable003a.mdl) Got removed
L 01/23/2019 - 03:31:53: [FAdmin] prop_physics(models/props_c17/furniturecouch002a.mdl) Got removed
L 01/23/2019 - 03:31:53: [FAdmin] prop_physics(models/props_c17/furniturecouch001a.mdl) Got removed
L 01/23/2019 - 03:31:53: [FAdmin] prop_physics(models/props_c17/furniturestove001a.mdl) Got removed
L 01/23/2019 - 03:31:53: [FAdmin] prop_physics(models/props_c17/furniturestove001a.mdl) Got removed
L 01/23/2019 - 03:31:53: [FAdmin] prop_physics(models/props_c17/furniturestove001a.mdl) Got removed
L 01/23/2019 - 03:31:53: [FAdmin] prop_physics(models/props_c17/furniturestove001a.mdl) Got removed
L 01/23/2019 - 03:31:53: [FAdmin] prop_physics(models/props_c17/furniturestove001a.mdl) Got removed
L 01/23/2019 - 03:31:53: [FAdmin] prop_physics(models/props_c17/furniturestove001a.mdl) Got removed
L 01/23/2019 - 03:31:53: [FAdmin] prop_physics(models/props_c17/furniturestove001a.mdl) Got removed
L 01/23/2019 - 03:31:53: [FAdmin] prop_physics(models/props_c17/furniturestove001a.mdl) Got removed
L 01/23/2019 - 03:31:53: [FAdmin] prop_physics(models/props_c17/furniturestove001a.mdl) Got removed
L 01/23/2019 - 03:31:53: [FAdmin] prop_physics(models/props_c17/furniturestove001a.mdl) Got removed
L 01/23/2019 - 03:31:53: [FAdmin] prop_physics(models/props_c17/furniturestove001a.mdl) Got removed
L 01/23/2019 - 03:31:53: [FAdmin] prop_physics(models/props_c17/furniturestove001a.mdl) Got removed
L 01/23/2019 - 03:31:53: [FAdmin] prop_physics(models/props_c17/furniturestove001a.mdl) Got removed
L 01/23/2019 - 03:31:53: [FAdmin] prop_physics(models/props_c17/furniturestove001a.mdl) Got removed
L 01/23/2019 - 03:31:53: [FAdmin] prop_physics(models/props_c17/furniturestove001a.mdl) Got removed
L 01/23/2019 - 03:31:53: [FAdmin] prop_physics(models/props_combine/breenchair.mdl) Got removed
L 01/23/2019 - 03:31:53: [FAdmin] prop_physics(models/props_combine/breenchair.mdl) Got removed
L 01/23/2019 - 03:31:53: [FAdmin] prop_physics(models/props_combine/breenchair.mdl) Got removed
L 01/23/2019 - 03:31:53: [FAdmin] prop_physics(models/props_combine/breenchair.mdl) Got removed
L 01/23/2019 - 03:31:53: [FAdmin] prop_physics(models/props_c17/furniturefridge001a.mdl) Got removed
L 01/23/2019 - 03:31:53: [FAdmin] prop_physics(models/props_c17/furniturefridge001a.mdl) Got removed
L 01/23/2019 - 03:31:53: [FAdmin] prop_physics(models/props_c17/furniturefridge001a.mdl) Got removed
L 01/23/2019 - 03:31:53: [FAdmin] prop_physics(models/props_c17/furniturefridge001a.mdl) Got removed
L 01/23/2019 - 03:31:53: [FAdmin] prop_physics(models/props_c17/furniturefridge001a.mdl) Got removed
L 01/23/2019 - 03:31:53: [FAdmin] prop_physics(models/props_c17/furniturefridge001a.mdl) Got removed
L 01/23/2019 - 03:31:53: [FAdmin] prop_physics(models/props_c17/furniturefridge001a.mdl) Got removed
L 01/23/2019 - 03:31:53: [FAdmin] prop_physics(models/props_c17/furniturefridge001a.mdl) Got removed
L 01/23/2019 - 03:31:53: [FAdmin] prop_physics(models/props_c17/furniturewashingmachine001a.mdl) Got removed
L 01/23/2019 - 03:31:53: [FAdmin] prop_physics(models/props_c17/furniturewashingmachine001a.mdl) Got removed
L 01/23/2019 - 03:31:53: [FAdmin] prop_physics(models/props_c17/furniturewashingmachine001a.mdl) Got removed
L 01/23/2019 - 03:31:53: [FAdmin] prop_physics(models/props_c17/furniturewashingmachine001a.mdl) Got removed
L 01/23/2019 - 03:31:53: [FAdmin] prop_physics(models/props_c17/furniturewashingmachine001a.mdl) Got removed
L 01/23/2019 - 03:31:53: [FAdmin] prop_physics(models/props_c17/lockers001a.mdl) Got removed
L 01/23/2019 - 03:31:53: [FAdmin] prop_physics(models/props_c17/lockers001a.mdl) Got removed
L 01/23/2019 - 03:31:53: [FAdmin] prop_physics(models/props_c17/lockers001a.mdl) Got removed
L 01/23/2019 - 03:31:53: [FAdmin] prop_physics(models/props_c17/lockers001a.mdl) Got removed
L 01/23/2019 - 03:31:53: [FAdmin] prop_physics(models/props_c17/lockers001a.mdl) Got removed
L 01/23/2019 - 03:31:53: [FAdmin] prop_physics(models/props_c17/metalladder001.mdl) Got removed
L 01/23/2019 - 03:31:53: [FAdmin] prop_physics(models/props_interiors/vendingmachinesoda01a.mdl) Got removed
L 01/23/2019 - 03:31:53: [FAdmin] prop_physics(models/props_interiors/vendingmachinesoda01a.mdl) Got removed
L 01/23/2019 - 03:31:53: [FAdmin] prop_physics(models/props_interiors/vendingmachinesoda01a.mdl) Got removed
L 01/23/2019 - 03:31:53: [FAdmin] prop_physics(models/props_interiors/vendingmachinesoda01a.mdl) Got removed
L 01/23/2019 - 03:31:53: [FAdmin] prop_physics(models/props_interiors/vendingmachinesoda01a.mdl) Got removed
L 01/23/2019 - 03:31:53: [FAdmin] prop_physics(models/props_interiors/vendingmachinesoda01a.mdl) Got removed
L 01/23/2019 - 03:31:53: [FAdmin] prop_physics(models/props_interiors/vendingmachinesoda01a.mdl) Got removed
L 01/23/2019 - 03:31:53: [FAdmin] prop_physics(models/props_interiors/vendingmachinesoda01a.mdl) Got removed
L 01/23/2019 - 03:31:53: [FAdmin] prop_physics(models/props_interiors/vendingmachinesoda01a.mdl) Got removed
L 01/23/2019 - 03:31:53: [FAdmin] prop_physics(models/props_interiors/vendingmachinesoda01a.mdl) Got removed
L 01/23/2019 - 03:31:53: [FAdmin] prop_physics(models/props_interiors/vendingmachinesoda01a.mdl) Got removed
L 01/23/2019 - 03:31:53: [FAdmin] prop_physics(models/props_interiors/vendingmachinesoda01a.mdl) Got removed
L 01/23/2019 - 03:31:53: [FAdmin] prop_physics(models/props_interiors/vendingmachinesoda01a.mdl) Got removed
L 01/23/2019 - 03:31:53: [FAdmin] prop_physics(models/props_interiors/vendingmachinesoda01a.mdl) Got removed
L 01/23/2019 - 03:31:53: [FAdmin] prop_physics(models/props_interiors/vendingmachinesoda01a.mdl) Got removed
L 01/23/2019 - 03:31:53: [FAdmin] prop_physics(models/props_interiors/vendingmachinesoda01a.mdl) Got removed
L 01/23/2019 - 03:31:53: [FAdmin] prop_physics(models/props_interiors/vendingmachinesoda01a.mdl) Got removed
L 01/23/2019 - 03:31:53: [FAdmin] prop_physics(models/props_interiors/vendingmachinesoda01a.mdl) Got removed
L 01/23/2019 - 03:31:53: [FAdmin] prop_physics(models/props_interiors/vendingmachinesoda01a.mdl) Got removed
L 01/23/2019 - 03:31:53: [FAdmin] prop_physics(models/props_interiors/vendingmachinesoda01a.mdl) Got removed
L 01/23/2019 - 03:31:53: [FAdmin] prop_physics(models/props_interiors/vendingmachinesoda01a.mdl) Got removed
L 01/23/2019 - 03:31:53: [FAdmin] prop_physics(models/props_interiors/vendingmachinesoda01a.mdl) Got removed
L 01/23/2019 - 03:31:53: [FAdmin] prop_physics(models/props_c17/oildrum001.mdl) Got removed
L 01/23/2019 - 03:31:53: [FAdmin] prop_physics(models/props_c17/oildrum001.mdl) Got removed
L 01/23/2019 - 03:31:53: [FAdmin] prop_physics(models/props_c17/oildrum001.mdl) Got removed
L 01/23/2019 - 03:31:53: [FAdmin] prop_physics(models/props_combine/combine_window001.mdl) Got removed
L 01/23/2019 - 03:31:53: [FAdmin] prop_physics(models/props_c17/gravestone003a.mdl) Got removed
L 01/23/2019 - 03:31:53: [FAdmin] prop_physics(models/props_combine/combine_bridge_b.mdl) Got removed
L 01/23/2019 - 03:31:53: [FAdmin] prop_physics(models/props_combine/headcrabcannister01a.mdl) Got removed
L 01/23/2019 - 03:31:53: [FAdmin] prop_physics(models/props_combine/headcrabcannister01a.mdl) Got removed
L 01/23/2019 - 03:31:53: [FAdmin] prop_physics(models/props_combine/headcrabcannister01a.mdl) Got removed
L 01/23/2019 - 03:31:53: [FAdmin] prop_physics(models/props_combine/headcrabcannister01a.mdl) Got removed
L 01/23/2019 - 03:31:53: [FAdmin] prop_physics(models/props_combine/headcrabcannister01a.mdl) Got removed
L 01/23/2019 - 03:31:53: [FAdmin] prop_physics(models/props_combine/headcrabcannister01a.mdl) Got removed
L 01/23/2019 - 03:31:53: [FAdmin] prop_physics(models/props_combine/breenchair.mdl) Got removed
L 01/23/2019 - 03:31:53: "DidVaitel<2><STEAM_0:1:74202541><>" disconnected (reason "Server shutting down")
L 01/23/2019 - 03:31:53: server_message: "quit"
L 01/23/2019 - 03:31:53: Log file closed.
