L 01/23/2019 - 01:46:02: Log file started (file "logs\L0123016.log") (game "F:\sup\steamapps\common\GarrysModDS\garrysmod") (version "7334")
L 01/23/2019 - 01:46:02: server_cvar: "sv_alltalk" "3"
L 01/23/2019 - 01:46:02: server_cvar: "sv_allowcslua" "1"
L 01/23/2019 - 01:46:02: server_cvar: "sv_airaccelerate" "1000"
L 01/23/2019 - 01:46:02: server_cvar: "sv_alltalk" "0"
L 01/23/2019 - 01:46:02: Banid: "<><STEAM_0:0:432813650><>" was banned "permanently" by "Console"
L 01/23/2019 - 01:46:02: Banid: "<><STEAM_0:0:207758038><>" was banned "permanently" by "Console"
L 01/23/2019 - 01:46:02: Banid: "<><STEAM_0:0:432813650><>" was banned "permanently" by "Console"
L 01/23/2019 - 01:46:02: Banid: "<><STEAM_0:0:207758038><>" was banned "permanently" by "Console"
L 01/23/2019 - 01:46:03: Connection to Steam servers successful.
L 01/23/2019 - 01:46:03:    Public IP is 31.130.42.81.
L 01/23/2019 - 01:46:03: Assigned anonymous gameserver Steam ID [A-1:1877101571(11841)].
L 01/23/2019 - 01:46:04: VAC secure mode is activated.
L 01/23/2019 - 01:46:14: "DidVaitel<2><STEAM_0:1:74202541><>" connected, address "192.168.1.103:27006"
L 01/23/2019 - 01:46:15: "DidVaitel<2><STEAM_0:1:74202541><>" STEAM USERID validated
L 01/23/2019 - 01:46:24: [FAdmin] DidVaitel (STEAM_0:1:74202541) is Authed
L 01/23/2019 - 01:46:24: [FAdmin] DidVaitel (STEAM_0:1:74202541) Spawned for the first time
L 01/23/2019 - 01:46:24: [FAdmin] DidVaitel (STEAM_0:1:74202541) Spawned
L 01/23/2019 - 01:46:24: "DidVaitel<2><STEAM_0:1:74202541><>" entered the game
L 01/23/2019 - 01:46:24: [FAdmin] DidVaitel (STEAM_0:1:74202541) Attempted to pick up a keys
L 01/23/2019 - 01:46:24: [FAdmin] DidVaitel (STEAM_0:1:74202541) Attempted to pick up a weapon_physcannon
L 01/23/2019 - 01:46:24: [FAdmin] DidVaitel (STEAM_0:1:74202541) Attempted to pick up a gmod_camera
L 01/23/2019 - 01:46:24: [FAdmin] DidVaitel (STEAM_0:1:74202541) Attempted to pick up a gmod_tool
L 01/23/2019 - 01:46:24: [FAdmin] DidVaitel (STEAM_0:1:74202541) Attempted to pick up a pocket
L 01/23/2019 - 01:46:24: [FAdmin] DidVaitel (STEAM_0:1:74202541) Attempted to pick up a weapon_physgun
L 01/23/2019 - 01:46:24: [FAdmin] DidVaitel (STEAM_0:1:74202541) Attempted to pick up a weapon_keypadchecker
L 01/23/2019 - 01:46:24: [FAdmin] DidVaitel (STEAM_0:1:74202541) Attempted to pick up a door_ram
L 01/23/2019 - 01:46:24: [FAdmin] DidVaitel (STEAM_0:1:74202541) Attempted to pick up a arrest_stick
L 01/23/2019 - 01:46:24: [FAdmin] DidVaitel (STEAM_0:1:74202541) Attempted to pick up a unarrest_stick
L 01/23/2019 - 01:46:24: [FAdmin] DidVaitel (STEAM_0:1:74202541) Attempted to pick up a stunstick
L 01/23/2019 - 01:46:24: [FAdmin] DidVaitel (STEAM_0:1:74202541) Attempted to pick up a weaponchecker
L 01/23/2019 - 01:46:32: [FAdmin] DidVaitel (STEAM_0:1:74202541) Attempted to switch noclip
L 01/23/2019 - 01:46:33: [FAdmin] DidVaitel (STEAM_0:1:74202541) Attempted to switch noclip
L 01/23/2019 - 01:48:55: Lua Error: 
[ERROR] icefuse-permapropper/lua/permapropper/sv_lib.lua:56: '<name>' expected near 'end'
  1. unknown - addons/[server]_icefuse-permapropper/lua/permapropper/sv_lib.lua:0


L 01/23/2019 - 01:49:02: Lua Error: 
[ERROR] icefuse-permapropper/lua/permapropper/sv_lib.lua:54: '<name>' expected near 'end'
  1. unknown - addons/[server]_icefuse-permapropper/lua/permapropper/sv_lib.lua:0


L 01/23/2019 - 01:50:05: Lua Error: 
[ERROR] icefuse-permapropper/lua/weapons/gmod_tool/stools/permaprops.lua:105: 'end' expected (to close 'function' at line 16) near '<eof>'
  1. unknown - addons/[server]_icefuse-permapropper/lua/weapons/gmod_tool/stools/permaprops.lua:0


L 01/23/2019 - 01:50:14: Lua Error: 
[ERROR] icefuse-permapropper/lua/weapons/gmod_tool/stools/permaprops.lua:105: 'end' expected (to close 'function' at line 16) near '<eof>'
  1. unknown - addons/[server]_icefuse-permapropper/lua/weapons/gmod_tool/stools/permaprops.lua:0


L 01/23/2019 - 01:50:18: Lua Error: 
[ERROR] icefuse-permapropper/lua/weapons/gmod_tool/stools/permaprops.lua:105: 'end' expected (to close 'function' at line 16) near '<eof>'
  1. unknown - addons/[server]_icefuse-permapropper/lua/weapons/gmod_tool/stools/permaprops.lua:0


L 01/23/2019 - 01:53:49: Lua Error: 
[ERROR] icefuse-permapropper/lua/weapons/gmod_tool/stools/permaprops.lua:50: '}' expected (to close '{' at line 48) near 'KeyDown'
  1. unknown - addons/[server]_icefuse-permapropper/lua/weapons/gmod_tool/stools/permaprops.lua:0


L 01/23/2019 - 01:53:56: Lua Error: 
[ERROR] icefuse-permapropper/lua/weapons/gmod_tool/stools/permaprops.lua:50: '}' expected (to close '{' at line 48) near 'KeyDown'
  1. unknown - addons/[server]_icefuse-permapropper/lua/weapons/gmod_tool/stools/permaprops.lua:0


L 01/23/2019 - 01:53:57: Lua Error: 
[ERROR] icefuse-permapropper/lua/weapons/gmod_tool/stools/permaprops.lua:50: '}' expected (to close '{' at line 48) near 'KeyDown'
  1. unknown - addons/[server]_icefuse-permapropper/lua/weapons/gmod_tool/stools/permaprops.lua:0


L 01/23/2019 - 01:54:49: Lua Error: 
[ERROR] icefuse-permapropper/lua/weapons/gmod_tool/stools/permaprops.lua:50: '}' expected (to close '{' at line 48) near 'KeyDown'
  1. unknown - addons/[server]_icefuse-permapropper/lua/weapons/gmod_tool/stools/permaprops.lua:0


L 01/23/2019 - 01:54:51: Lua Error: 
[ERROR] icefuse-permapropper/lua/weapons/gmod_tool/stools/permaprops.lua:50: '}' expected (to close '{' at line 48) near 'KeyDown'
  1. unknown - addons/[server]_icefuse-permapropper/lua/weapons/gmod_tool/stools/permaprops.lua:0


L 01/23/2019 - 01:54:56: Lua Error: 
[ERROR] icefuse-permapropper/lua/weapons/gmod_tool/stools/permaprops.lua:50: '}' expected (to close '{' at line 48) near 'KeyDown'
  1. unknown - addons/[server]_icefuse-permapropper/lua/weapons/gmod_tool/stools/permaprops.lua:0


L 01/23/2019 - 01:55:00: Lua Error: 
[ERROR] icefuse-permapropper/lua/weapons/gmod_tool/stools/permaprops.lua:50: '}' expected (to close '{' at line 48) near 'KeyDown'
  1. unknown - addons/[server]_icefuse-permapropper/lua/weapons/gmod_tool/stools/permaprops.lua:0


L 01/23/2019 - 01:55:12: Lua Error: 
[ERROR] icefuse-permapropper/lua/weapons/gmod_tool/stools/permaprops.lua:50: '}' expected (to close '{' at line 48) near 'KeyDown'
  1. unknown - addons/[server]_icefuse-permapropper/lua/weapons/gmod_tool/stools/permaprops.lua:0


L 01/23/2019 - 01:55:14: Lua Error: 
[ERROR] icefuse-permapropper/lua/weapons/gmod_tool/stools/permaprops.lua:50: '}' expected (to close '{' at line 48) near 'KeyDown'
  1. unknown - addons/[server]_icefuse-permapropper/lua/weapons/gmod_tool/stools/permaprops.lua:0


L 01/23/2019 - 01:55:22: Lua Error: 
[ERROR] icefuse-permapropper/lua/weapons/gmod_tool/stools/permaprops.lua:50: '}' expected (to close '{' at line 48) near 'KeyDown'
  1. unknown - addons/[server]_icefuse-permapropper/lua/weapons/gmod_tool/stools/permaprops.lua:0


L 01/23/2019 - 01:55:26: Lua Error: 
[ERROR] icefuse-permapropper/lua/weapons/gmod_tool/stools/permaprops.lua:50: '}' expected (to close '{' at line 48) near 'KeyDown'
  1. unknown - addons/[server]_icefuse-permapropper/lua/weapons/gmod_tool/stools/permaprops.lua:0


L 01/23/2019 - 01:55:26: Lua Error: 
[ERROR] icefuse-permapropper/lua/weapons/gmod_tool/stools/permaprops.lua:50: '}' expected (to close '{' at line 48) near 'KeyDown'
  1. unknown - addons/[server]_icefuse-permapropper/lua/weapons/gmod_tool/stools/permaprops.lua:0


L 01/23/2019 - 01:55:57: Lua Error: 
[ERROR] icefuse-permapropper/lua/weapons/gmod_tool/stools/permaprops.lua:50: '}' expected (to close '{' at line 48) near 'KeyDown'
  1. unknown - addons/[server]_icefuse-permapropper/lua/weapons/gmod_tool/stools/permaprops.lua:0


L 01/23/2019 - 01:55:59: Lua Error: 
[ERROR] icefuse-permapropper/lua/weapons/gmod_tool/stools/permaprops.lua:50: '}' expected (to close '{' at line 48) near 'KeyDown'
  1. unknown - addons/[server]_icefuse-permapropper/lua/weapons/gmod_tool/stools/permaprops.lua:0


L 01/23/2019 - 01:56:03: Lua Error: 
[ERROR] icefuse-permapropper/lua/weapons/gmod_tool/stools/permaprops.lua:50: '}' expected (to close '{' at line 48) near 'KeyDown'
  1. unknown - addons/[server]_icefuse-permapropper/lua/weapons/gmod_tool/stools/permaprops.lua:0


L 01/23/2019 - 01:56:04: Lua Error: 
[ERROR] icefuse-permapropper/lua/weapons/gmod_tool/stools/permaprops.lua:50: '}' expected (to close '{' at line 48) near 'KeyDown'
  1. unknown - addons/[server]_icefuse-permapropper/lua/weapons/gmod_tool/stools/permaprops.lua:0


L 01/23/2019 - 01:56:04: Lua Error: 
[ERROR] icefuse-permapropper/lua/weapons/gmod_tool/stools/permaprops.lua:50: '}' expected (to close '{' at line 48) near 'KeyDown'
  1. unknown - addons/[server]_icefuse-permapropper/lua/weapons/gmod_tool/stools/permaprops.lua:0


L 01/23/2019 - 01:56:08: Lua Error: 
[ERROR] icefuse-permapropper/lua/weapons/gmod_tool/stools/permaprops.lua:50: '}' expected (to close '{' at line 48) near 'KeyDown'
  1. unknown - addons/[server]_icefuse-permapropper/lua/weapons/gmod_tool/stools/permaprops.lua:0


L 01/23/2019 - 01:56:12: Lua Error: 
[ERROR] icefuse-permapropper/lua/weapons/gmod_tool/stools/permaprops.lua:50: '}' expected (to close '{' at line 48) near 'KeyDown'
  1. unknown - addons/[server]_icefuse-permapropper/lua/weapons/gmod_tool/stools/permaprops.lua:0


L 01/23/2019 - 01:58:25: Lua Error: 
[ERROR] icefuse-permapropper/lua/weapons/gmod_tool/stools/permaprops.lua:41: '}' expected (to close '{' at line 39) near 'KeyDown'
  1. unknown - addons/[server]_icefuse-permapropper/lua/weapons/gmod_tool/stools/permaprops.lua:0


L 01/23/2019 - 01:58:46: Lua Error: 
[ERROR] icefuse-permapropper/lua/weapons/gmod_tool/stools/permaprops.lua:41: '}' expected (to close '{' at line 39) near 'KeyDown'
  1. unknown - addons/[server]_icefuse-permapropper/lua/weapons/gmod_tool/stools/permaprops.lua:0


L 01/23/2019 - 01:59:06: Lua Error: 
[ERROR] icefuse-permapropper/lua/weapons/gmod_tool/stools/permaprops.lua:41: '}' expected (to close '{' at line 39) near 'KeyDown'
  1. unknown - addons/[server]_icefuse-permapropper/lua/weapons/gmod_tool/stools/permaprops.lua:0


L 01/23/2019 - 01:59:20: Lua Error: 
[ERROR] icefuse-permapropper/lua/weapons/gmod_tool/stools/permaprops.lua:41: '}' expected (to close '{' at line 39) near 'KeyDown'
  1. unknown - addons/[server]_icefuse-permapropper/lua/weapons/gmod_tool/stools/permaprops.lua:0


L 01/23/2019 - 01:59:40: Lua Error: 
[ERROR] icefuse-permapropper/lua/weapons/gmod_tool/stools/permaprops.lua:41: '}' expected (to close '{' at line 39) near 'KeyDown'
  1. unknown - addons/[server]_icefuse-permapropper/lua/weapons/gmod_tool/stools/permaprops.lua:0


L 01/23/2019 - 01:59:57: Lua Error: 
[ERROR] icefuse-permapropper/lua/weapons/gmod_tool/stools/permaprops.lua:41: '}' expected (to close '{' at line 39) near 'KeyDown'
  1. unknown - addons/[server]_icefuse-permapropper/lua/weapons/gmod_tool/stools/permaprops.lua:0


L 01/23/2019 - 02:00:09: Lua Error: 
[ERROR] icefuse-permapropper/lua/weapons/gmod_tool/stools/permaprops.lua:41: '}' expected (to close '{' at line 39) near 'KeyDown'
  1. unknown - addons/[server]_icefuse-permapropper/lua/weapons/gmod_tool/stools/permaprops.lua:0


L 01/23/2019 - 02:00:09: Lua Error: 
[ERROR] icefuse-permapropper/lua/weapons/gmod_tool/stools/permaprops.lua:41: '}' expected (to close '{' at line 39) near 'KeyDown'
  1. unknown - addons/[server]_icefuse-permapropper/lua/weapons/gmod_tool/stools/permaprops.lua:0


L 01/23/2019 - 02:00:11: Lua Error: 
[ERROR] icefuse-permapropper/lua/weapons/gmod_tool/stools/permaprops.lua:41: '}' expected (to close '{' at line 39) near 'KeyDown'
  1. unknown - addons/[server]_icefuse-permapropper/lua/weapons/gmod_tool/stools/permaprops.lua:0


L 01/23/2019 - 02:02:17: "supergaming rafael<3><STEAM_0:0:179718445><>" connected, address "2.83.36.238:64437"
L 01/23/2019 - 02:02:17: "supergaming rafael<3><STEAM_0:0:179718445><>" STEAM USERID validated
L 01/23/2019 - 02:02:49: [FAdmin] DidVaitel (STEAM_0:1:74202541) Attempted to use tool lamp
L 01/23/2019 - 02:03:20: server_cvar: "sbox_maxlamps" "200"
L 01/23/2019 - 02:03:22: [FAdmin] DidVaitel (STEAM_0:1:74202541) Attempted to use tool lamp
L 01/23/2019 - 02:03:33: [FAdmin] DidVaitel (STEAM_0:1:74202541) Attempted to use tool lamp
L 01/23/2019 - 02:03:36: [FAdmin] DidVaitel (STEAM_0:1:74202541) Attempted to use tool lamp
L 01/23/2019 - 02:03:47: [FAdmin] DidVaitel (STEAM_0:1:74202541) Attempted to use tool permaprops
L 01/23/2019 - 02:03:52: [FAdmin] Server succesfully shut down.
L 01/23/2019 - 02:03:52: [FAdmin] prop_physics(models/maxofs2d/companion_doll.mdl) Got removed
L 01/23/2019 - 02:03:52: [FAdmin] prop_physics(models/props_c17/furnituretable003a.mdl) Got removed
L 01/23/2019 - 02:03:52: [FAdmin] prop_physics(models/props_c17/furniturecouch002a.mdl) Got removed
L 01/23/2019 - 02:03:52: [FAdmin] prop_physics(models/props_c17/furniturecouch001a.mdl) Got removed
L 01/23/2019 - 02:03:52: "supergaming rafael<3><STEAM_0:0:179718445><>" disconnected (reason "Server shutting down")
L 01/23/2019 - 02:03:52: "DidVaitel<2><STEAM_0:1:74202541><>" disconnected (reason "Server shutting down")
L 01/23/2019 - 02:03:52: server_message: "quit"
L 01/23/2019 - 02:03:52: Log file closed.
