L 01/23/2019 - 00:33:38: Log file started (file "logs\L0123002.log") (game "F:\sup\steamapps\common\GarrysModDS\garrysmod") (version "7334")
L 01/23/2019 - 00:33:38: server_cvar: "sv_alltalk" "3"
L 01/23/2019 - 00:33:38: server_cvar: "sv_allowcslua" "1"
L 01/23/2019 - 00:33:38: server_cvar: "sv_airaccelerate" "1000"
L 01/23/2019 - 00:33:38: server_cvar: "sv_alltalk" "0"
L 01/23/2019 - 00:33:38: Banid: "<><STEAM_0:0:432813650><>" was banned "permanently" by "Console"
L 01/23/2019 - 00:33:38: Banid: "<><STEAM_0:0:207758038><>" was banned "permanently" by "Console"
L 01/23/2019 - 00:33:38: Banid: "<><STEAM_0:0:432813650><>" was banned "permanently" by "Console"
L 01/23/2019 - 00:33:38: Banid: "<><STEAM_0:0:207758038><>" was banned "permanently" by "Console"
L 01/23/2019 - 00:33:39: Connection to Steam servers successful.
L 01/23/2019 - 00:33:39:    Public IP is 31.130.42.81.
L 01/23/2019 - 00:33:39: Assigned anonymous gameserver Steam ID [A-1:672672779(11841)].
L 01/23/2019 - 00:33:40: VAC secure mode is activated.
L 01/23/2019 - 00:33:42: "DidVaitel<2><STEAM_0:1:74202541><>" connected, address "192.168.1.103:27006"
L 01/23/2019 - 00:33:42: "DidVaitel<2><STEAM_0:1:74202541><>" STEAM USERID validated
L 01/23/2019 - 00:33:51: [FAdmin] DidVaitel (STEAM_0:1:74202541) is Authed
L 01/23/2019 - 00:33:51: [FAdmin] DidVaitel (STEAM_0:1:74202541) Spawned for the first time
L 01/23/2019 - 00:33:51: [FAdmin] DidVaitel (STEAM_0:1:74202541) Spawned
L 01/23/2019 - 00:33:51: "DidVaitel<2><STEAM_0:1:74202541><>" entered the game
L 01/23/2019 - 00:33:51: [FAdmin] DidVaitel (STEAM_0:1:74202541) Attempted to pick up a keys
L 01/23/2019 - 00:33:51: [FAdmin] DidVaitel (STEAM_0:1:74202541) Attempted to pick up a weapon_physcannon
L 01/23/2019 - 00:33:51: [FAdmin] DidVaitel (STEAM_0:1:74202541) Attempted to pick up a gmod_camera
L 01/23/2019 - 00:33:51: [FAdmin] DidVaitel (STEAM_0:1:74202541) Attempted to pick up a gmod_tool
L 01/23/2019 - 00:33:51: [FAdmin] DidVaitel (STEAM_0:1:74202541) Attempted to pick up a pocket
L 01/23/2019 - 00:33:51: [FAdmin] DidVaitel (STEAM_0:1:74202541) Attempted to pick up a weapon_physgun
L 01/23/2019 - 00:33:51: [FAdmin] DidVaitel (STEAM_0:1:74202541) Attempted to pick up a weapon_keypadchecker
L 01/23/2019 - 00:33:51: [FAdmin] DidVaitel (STEAM_0:1:74202541) Attempted to pick up a door_ram
L 01/23/2019 - 00:33:51: [FAdmin] DidVaitel (STEAM_0:1:74202541) Attempted to pick up a arrest_stick
L 01/23/2019 - 00:33:51: [FAdmin] DidVaitel (STEAM_0:1:74202541) Attempted to pick up a unarrest_stick
L 01/23/2019 - 00:33:51: [FAdmin] DidVaitel (STEAM_0:1:74202541) Attempted to pick up a stunstick
L 01/23/2019 - 00:33:51: [FAdmin] DidVaitel (STEAM_0:1:74202541) Attempted to pick up a weaponchecker
L 01/23/2019 - 00:34:04: [FAdmin] DidVaitel (STEAM_0:1:74202541) Spawned a models/props_junk/CinderBlock01a.mdl
L 01/23/2019 - 00:34:05: [FAdmin] DidVaitel (STEAM_0:1:74202541) Attempted to use tool permaprops
L 01/23/2019 - 00:34:05: Lua Error: 
[ERROR] icefuse-permapropper/lua/weapons/gmod_tool/stools/permaprops.lua:30: attempt to index global 'PermaProps' (a nil value)
  1. LeftClick - addons/[server]_icefuse-permapropper/lua/weapons/gmod_tool/stools/permaprops.lua:30
   2. unknown - gamemodes/sandbox/entities/weapons/gmod_tool/shared.lua:227


L 01/23/2019 - 00:34:17: [FAdmin] DidVaitel (STEAM_0:1:74202541) Attempted to use tool permaprops
L 01/23/2019 - 00:34:17: Lua Error: 
[ERROR] icefuse-permapropper/lua/weapons/gmod_tool/stools/permaprops.lua:33: attempt to index global 'PermaProps' (a nil value)
  1. LeftClick - addons/[server]_icefuse-permapropper/lua/weapons/gmod_tool/stools/permaprops.lua:33
   2. unknown - gamemodes/sandbox/entities/weapons/gmod_tool/shared.lua:227


L 01/23/2019 - 00:34:33: [FAdmin] DidVaitel (STEAM_0:1:74202541) Attempted to use tool permaprops
L 01/23/2019 - 00:34:33: Lua Error: 
[ERROR] icefuse-permapropper/lua/weapons/gmod_tool/stools/permaprops.lua:35: attempt to call method 'UniqueID' (a nil value)
  1. LeftClick - addons/[server]_icefuse-permapropper/lua/weapons/gmod_tool/stools/permaprops.lua:35
   2. unknown - gamemodes/sandbox/entities/weapons/gmod_tool/shared.lua:227


L 01/23/2019 - 00:37:12: [FAdmin] DidVaitel (STEAM_0:1:74202541) Attempted to use tool permaprops
L 01/23/2019 - 00:37:12: Lua Error: 
[ERROR] icefuse-permapropper/lua/weapons/gmod_tool/stools/permaprops.lua:35: attempt to concatenate a userdata value
  1. LeftClick - addons/[server]_icefuse-permapropper/lua/weapons/gmod_tool/stools/permaprops.lua:35
   2. unknown - gamemodes/sandbox/entities/weapons/gmod_tool/shared.lua:227


L 01/23/2019 - 00:37:55: [FAdmin] DidVaitel (STEAM_0:1:74202541) Attempted to use tool permaprops
L 01/23/2019 - 00:37:55: [FAdmin] prop_physics(models/props_junk/cinderblock01a.mdl) Got removed
L 01/23/2019 - 00:38:38: [FAdmin] DidVaitel (STEAM_0:1:74202541) Spawned a models/props_c17/FurnitureWashingmachine001a.mdl
L 01/23/2019 - 00:38:38: [FAdmin] DidVaitel (STEAM_0:1:74202541) Attempted to use tool permaprops
L 01/23/2019 - 00:38:38: [FAdmin] prop_physics(models/props_c17/furniturewashingmachine001a.mdl) Got removed
L 01/23/2019 - 00:39:48: [FAdmin] DidVaitel (STEAM_0:1:74202541) Spawned a models/props_c17/FurnitureDrawer001a_Chunk05.mdl
L 01/23/2019 - 00:39:49: [FAdmin] DidVaitel (STEAM_0:1:74202541) Attempted to use tool permaprops
L 01/23/2019 - 00:39:49: [FAdmin] prop_physics(models/props_c17/furnituredrawer001a_chunk05.mdl) Got removed
L 01/23/2019 - 00:39:58: [FAdmin] Server succesfully shut down.
L 01/23/2019 - 00:39:58: [FAdmin] prop_physics(models/maxofs2d/companion_doll.mdl) Got removed
L 01/23/2019 - 00:39:58: [FAdmin] prop_physics(models/props_c17/furnituretable003a.mdl) Got removed
L 01/23/2019 - 00:39:58: [FAdmin] prop_physics(models/props_c17/furniturecouch002a.mdl) Got removed
L 01/23/2019 - 00:39:58: [FAdmin] prop_physics(models/props_c17/furniturecouch001a.mdl) Got removed
L 01/23/2019 - 00:39:58: "DidVaitel<2><STEAM_0:1:74202541><>" disconnected (reason "Server shutting down")
L 01/23/2019 - 00:39:58: server_message: "quit"
L 01/23/2019 - 00:39:58: Log file closed.
