L 01/27/2019 - 08:48:39: Log file started (file "logs\L0127002.log") (game "F:\sup\steamapps\common\GarrysModDS\garrysmod") (version "7334")
L 01/27/2019 - 08:48:39: server_cvar: "sv_alltalk" "3"
L 01/27/2019 - 08:48:39: server_cvar: "sv_allowcslua" "1"
L 01/27/2019 - 08:48:39: server_cvar: "sv_airaccelerate" "1000"
L 01/27/2019 - 08:48:39: server_cvar: "sv_alltalk" "0"
L 01/27/2019 - 08:48:39: Banid: "<><STEAM_0:0:432813650><>" was banned "permanently" by "Console"
L 01/27/2019 - 08:48:39: Banid: "<><STEAM_0:0:207758038><>" was banned "permanently" by "Console"
L 01/27/2019 - 08:48:39: Banid: "<><STEAM_0:0:432813650><>" was banned "permanently" by "Console"
L 01/27/2019 - 08:48:39: Banid: "<><STEAM_0:0:207758038><>" was banned "permanently" by "Console"
L 01/27/2019 - 08:48:40: Connection to Steam servers successful.
L 01/27/2019 - 08:48:40:    Public IP is 31.130.42.81.
L 01/27/2019 - 08:48:40: Assigned anonymous gameserver Steam ID [A-1:1820846087(11870)].
L 01/27/2019 - 08:48:40: VAC secure mode is activated.
L 01/27/2019 - 08:49:06: "DidVaitel<2><STEAM_0:1:74202541><>" connected, address "192.168.1.103:27005"
L 01/27/2019 - 08:49:07: "DidVaitel<2><STEAM_0:1:74202541><>" STEAM USERID validated
L 01/27/2019 - 08:49:17: [FAdmin] DidVaitel (STEAM_0:1:74202541) is Authed
L 01/27/2019 - 08:49:17: [FAdmin] DidVaitel (STEAM_0:1:74202541) Spawned for the first time
L 01/27/2019 - 08:49:17: [FAdmin] DidVaitel (STEAM_0:1:74202541) Spawned
L 01/27/2019 - 08:49:17: "DidVaitel<2><STEAM_0:1:74202541><>" entered the game
L 01/27/2019 - 08:49:17: [FAdmin] DidVaitel (STEAM_0:1:74202541) Attempted to pick up a keys
L 01/27/2019 - 08:49:17: [FAdmin] DidVaitel (STEAM_0:1:74202541) Attempted to pick up a weapon_physcannon
L 01/27/2019 - 08:49:17: [FAdmin] DidVaitel (STEAM_0:1:74202541) Attempted to pick up a gmod_camera
L 01/27/2019 - 08:49:17: [FAdmin] DidVaitel (STEAM_0:1:74202541) Attempted to pick up a gmod_tool
L 01/27/2019 - 08:49:17: [FAdmin] DidVaitel (STEAM_0:1:74202541) Attempted to pick up a pocket
L 01/27/2019 - 08:49:17: [FAdmin] DidVaitel (STEAM_0:1:74202541) Attempted to pick up a weapon_physgun
L 01/27/2019 - 08:49:17: [FAdmin] DidVaitel (STEAM_0:1:74202541) Attempted to pick up a weapon_keypadchecker
L 01/27/2019 - 08:49:17: [FAdmin] DidVaitel (STEAM_0:1:74202541) Attempted to pick up a door_ram
L 01/27/2019 - 08:49:17: [FAdmin] DidVaitel (STEAM_0:1:74202541) Attempted to pick up a arrest_stick
L 01/27/2019 - 08:49:17: [FAdmin] DidVaitel (STEAM_0:1:74202541) Attempted to pick up a unarrest_stick
L 01/27/2019 - 08:49:17: [FAdmin] DidVaitel (STEAM_0:1:74202541) Attempted to pick up a stunstick
L 01/27/2019 - 08:49:17: [FAdmin] DidVaitel (STEAM_0:1:74202541) Attempted to pick up a weaponchecker
L 01/27/2019 - 08:49:29: "DidVaitel<2><STEAM_0:1:74202541><>" disconnected (reason "")
L 01/27/2019 - 08:49:29: [FAdmin] DidVaitel (STEAM_0:1:74202541) Disconnected
L 01/27/2019 - 08:49:34: "DidVaitel<3><STEAM_0:1:74202541><>" connected, address "192.168.1.103:27005"
L 01/27/2019 - 08:49:34: "DidVaitel<3><STEAM_0:1:74202541><>" STEAM USERID validated
L 01/27/2019 - 08:49:43: [FAdmin] DidVaitel (STEAM_0:1:74202541) is Authed
L 01/27/2019 - 08:49:43: [FAdmin] DidVaitel (STEAM_0:1:74202541) Spawned for the first time
L 01/27/2019 - 08:49:44: [FAdmin] DidVaitel (STEAM_0:1:74202541) Spawned
L 01/27/2019 - 08:49:44: "DidVaitel<3><STEAM_0:1:74202541><>" entered the game
L 01/27/2019 - 08:49:44: [FAdmin] DidVaitel (STEAM_0:1:74202541) Attempted to pick up a keys
L 01/27/2019 - 08:49:44: [FAdmin] DidVaitel (STEAM_0:1:74202541) Attempted to pick up a weapon_physcannon
L 01/27/2019 - 08:49:44: [FAdmin] DidVaitel (STEAM_0:1:74202541) Attempted to pick up a gmod_camera
L 01/27/2019 - 08:49:44: [FAdmin] DidVaitel (STEAM_0:1:74202541) Attempted to pick up a gmod_tool
L 01/27/2019 - 08:49:44: [FAdmin] DidVaitel (STEAM_0:1:74202541) Attempted to pick up a pocket
L 01/27/2019 - 08:49:44: [FAdmin] DidVaitel (STEAM_0:1:74202541) Attempted to pick up a weapon_physgun
L 01/27/2019 - 08:49:44: [FAdmin] DidVaitel (STEAM_0:1:74202541) Attempted to pick up a weapon_keypadchecker
L 01/27/2019 - 08:49:44: [FAdmin] DidVaitel (STEAM_0:1:74202541) Attempted to pick up a door_ram
L 01/27/2019 - 08:49:44: [FAdmin] DidVaitel (STEAM_0:1:74202541) Attempted to pick up a arrest_stick
L 01/27/2019 - 08:49:44: [FAdmin] DidVaitel (STEAM_0:1:74202541) Attempted to pick up a unarrest_stick
L 01/27/2019 - 08:49:44: [FAdmin] DidVaitel (STEAM_0:1:74202541) Attempted to pick up a stunstick
L 01/27/2019 - 08:49:44: [FAdmin] DidVaitel (STEAM_0:1:74202541) Attempted to pick up a weaponchecker
L 01/27/2019 - 08:53:01: "DidVaitel<3><STEAM_0:1:74202541><>" disconnected (reason "Disconnect by user.")
L 01/27/2019 - 08:53:01: [FAdmin] DidVaitel (STEAM_0:1:74202541) Disconnected
L 01/27/2019 - 08:53:01: "DidVaitel<4><STEAM_0:1:74202541><>" connected, address "192.168.1.103:27005"
L 01/27/2019 - 08:53:01: "DidVaitel<4><STEAM_0:1:74202541><>" STEAM USERID validated
L 01/27/2019 - 08:53:11: [FAdmin] DidVaitel (STEAM_0:1:74202541) is Authed
L 01/27/2019 - 08:53:11: [FAdmin] DidVaitel (STEAM_0:1:74202541) Spawned for the first time
L 01/27/2019 - 08:53:11: [FAdmin] DidVaitel (STEAM_0:1:74202541) Spawned
L 01/27/2019 - 08:53:11: "DidVaitel<4><STEAM_0:1:74202541><>" entered the game
L 01/27/2019 - 08:53:11: [FAdmin] DidVaitel (STEAM_0:1:74202541) Attempted to pick up a keys
L 01/27/2019 - 08:53:11: [FAdmin] DidVaitel (STEAM_0:1:74202541) Attempted to pick up a weapon_physcannon
L 01/27/2019 - 08:53:11: [FAdmin] DidVaitel (STEAM_0:1:74202541) Attempted to pick up a gmod_camera
L 01/27/2019 - 08:53:11: [FAdmin] DidVaitel (STEAM_0:1:74202541) Attempted to pick up a gmod_tool
L 01/27/2019 - 08:53:11: [FAdmin] DidVaitel (STEAM_0:1:74202541) Attempted to pick up a pocket
L 01/27/2019 - 08:53:11: [FAdmin] DidVaitel (STEAM_0:1:74202541) Attempted to pick up a weapon_physgun
L 01/27/2019 - 08:53:11: [FAdmin] DidVaitel (STEAM_0:1:74202541) Attempted to pick up a weapon_keypadchecker
L 01/27/2019 - 08:53:11: [FAdmin] DidVaitel (STEAM_0:1:74202541) Attempted to pick up a door_ram
L 01/27/2019 - 08:53:11: [FAdmin] DidVaitel (STEAM_0:1:74202541) Attempted to pick up a arrest_stick
L 01/27/2019 - 08:53:11: [FAdmin] DidVaitel (STEAM_0:1:74202541) Attempted to pick up a unarrest_stick
L 01/27/2019 - 08:53:11: [FAdmin] DidVaitel (STEAM_0:1:74202541) Attempted to pick up a stunstick
L 01/27/2019 - 08:53:11: [FAdmin] DidVaitel (STEAM_0:1:74202541) Attempted to pick up a weaponchecker
L 01/27/2019 - 08:54:41: "DidVaitel<4><STEAM_0:1:74202541><>" disconnected (reason "Disconnect by user.")
L 01/27/2019 - 08:54:41: [FAdmin] DidVaitel (STEAM_0:1:74202541) Disconnected
L 01/27/2019 - 08:54:41: "DidVaitel<5><STEAM_0:1:74202541><>" connected, address "192.168.1.103:27005"
L 01/27/2019 - 08:54:42: "DidVaitel<5><STEAM_0:1:74202541><>" STEAM USERID validated
L 01/27/2019 - 08:54:51: [FAdmin] DidVaitel (STEAM_0:1:74202541) is Authed
L 01/27/2019 - 08:54:51: [FAdmin] DidVaitel (STEAM_0:1:74202541) Spawned for the first time
L 01/27/2019 - 08:54:51: [FAdmin] DidVaitel (STEAM_0:1:74202541) Spawned
L 01/27/2019 - 08:54:51: "DidVaitel<5><STEAM_0:1:74202541><>" entered the game
L 01/27/2019 - 08:54:51: [FAdmin] DidVaitel (STEAM_0:1:74202541) Attempted to pick up a keys
L 01/27/2019 - 08:54:51: [FAdmin] DidVaitel (STEAM_0:1:74202541) Attempted to pick up a weapon_physcannon
L 01/27/2019 - 08:54:51: [FAdmin] DidVaitel (STEAM_0:1:74202541) Attempted to pick up a gmod_camera
L 01/27/2019 - 08:54:51: [FAdmin] DidVaitel (STEAM_0:1:74202541) Attempted to pick up a gmod_tool
L 01/27/2019 - 08:54:51: [FAdmin] DidVaitel (STEAM_0:1:74202541) Attempted to pick up a pocket
L 01/27/2019 - 08:54:51: [FAdmin] DidVaitel (STEAM_0:1:74202541) Attempted to pick up a weapon_physgun
L 01/27/2019 - 08:54:51: [FAdmin] DidVaitel (STEAM_0:1:74202541) Attempted to pick up a weapon_keypadchecker
L 01/27/2019 - 08:54:51: [FAdmin] DidVaitel (STEAM_0:1:74202541) Attempted to pick up a door_ram
L 01/27/2019 - 08:54:51: [FAdmin] DidVaitel (STEAM_0:1:74202541) Attempted to pick up a arrest_stick
L 01/27/2019 - 08:54:51: [FAdmin] DidVaitel (STEAM_0:1:74202541) Attempted to pick up a unarrest_stick
L 01/27/2019 - 08:54:51: [FAdmin] DidVaitel (STEAM_0:1:74202541) Attempted to pick up a stunstick
L 01/27/2019 - 08:54:51: [FAdmin] DidVaitel (STEAM_0:1:74202541) Attempted to pick up a weaponchecker
L 01/27/2019 - 08:54:56: "DidVaitel<5><STEAM_0:1:74202541><>" disconnected (reason "")
L 01/27/2019 - 08:54:56: [FAdmin] DidVaitel (STEAM_0:1:74202541) Disconnected
L 01/27/2019 - 08:55:21: "DidVaitel<6><STEAM_0:1:74202541><>" connected, address "192.168.1.103:27005"
L 01/27/2019 - 08:55:22: "DidVaitel<6><STEAM_0:1:74202541><>" STEAM USERID validated
L 01/27/2019 - 08:55:31: [FAdmin] DidVaitel (STEAM_0:1:74202541) is Authed
L 01/27/2019 - 08:55:31: [FAdmin] DidVaitel (STEAM_0:1:74202541) Spawned for the first time
L 01/27/2019 - 08:55:31: [FAdmin] DidVaitel (STEAM_0:1:74202541) Spawned
L 01/27/2019 - 08:55:31: "DidVaitel<6><STEAM_0:1:74202541><>" entered the game
L 01/27/2019 - 08:55:31: [FAdmin] DidVaitel (STEAM_0:1:74202541) Attempted to pick up a keys
L 01/27/2019 - 08:55:31: [FAdmin] DidVaitel (STEAM_0:1:74202541) Attempted to pick up a weapon_physcannon
L 01/27/2019 - 08:55:31: [FAdmin] DidVaitel (STEAM_0:1:74202541) Attempted to pick up a gmod_camera
L 01/27/2019 - 08:55:31: [FAdmin] DidVaitel (STEAM_0:1:74202541) Attempted to pick up a gmod_tool
L 01/27/2019 - 08:55:31: [FAdmin] DidVaitel (STEAM_0:1:74202541) Attempted to pick up a pocket
L 01/27/2019 - 08:55:31: [FAdmin] DidVaitel (STEAM_0:1:74202541) Attempted to pick up a weapon_physgun
L 01/27/2019 - 08:55:31: [FAdmin] DidVaitel (STEAM_0:1:74202541) Attempted to pick up a weapon_keypadchecker
L 01/27/2019 - 08:55:31: [FAdmin] DidVaitel (STEAM_0:1:74202541) Attempted to pick up a door_ram
L 01/27/2019 - 08:55:31: [FAdmin] DidVaitel (STEAM_0:1:74202541) Attempted to pick up a arrest_stick
L 01/27/2019 - 08:55:31: [FAdmin] DidVaitel (STEAM_0:1:74202541) Attempted to pick up a unarrest_stick
L 01/27/2019 - 08:55:31: [FAdmin] DidVaitel (STEAM_0:1:74202541) Attempted to pick up a stunstick
L 01/27/2019 - 08:55:31: [FAdmin] DidVaitel (STEAM_0:1:74202541) Attempted to pick up a weaponchecker
L 01/27/2019 - 08:55:37: "DidVaitel<6><STEAM_0:1:74202541><>" disconnected (reason "")
L 01/27/2019 - 08:55:37: [FAdmin] DidVaitel (STEAM_0:1:74202541) Disconnected
L 01/27/2019 - 09:03:30: "DidVaitel<7><STEAM_0:1:74202541><>" connected, address "192.168.1.103:27005"
L 01/27/2019 - 09:03:30: "DidVaitel<7><STEAM_0:1:74202541><>" STEAM USERID validated
L 01/27/2019 - 09:03:40: [FAdmin] DidVaitel (STEAM_0:1:74202541) is Authed
L 01/27/2019 - 09:03:40: [FAdmin] DidVaitel (STEAM_0:1:74202541) Spawned for the first time
L 01/27/2019 - 09:03:40: [FAdmin] DidVaitel (STEAM_0:1:74202541) Spawned
L 01/27/2019 - 09:03:40: "DidVaitel<7><STEAM_0:1:74202541><>" entered the game
L 01/27/2019 - 09:03:40: [FAdmin] DidVaitel (STEAM_0:1:74202541) Attempted to pick up a keys
L 01/27/2019 - 09:03:40: [FAdmin] DidVaitel (STEAM_0:1:74202541) Attempted to pick up a weapon_physcannon
L 01/27/2019 - 09:03:40: [FAdmin] DidVaitel (STEAM_0:1:74202541) Attempted to pick up a gmod_camera
L 01/27/2019 - 09:03:40: [FAdmin] DidVaitel (STEAM_0:1:74202541) Attempted to pick up a gmod_tool
L 01/27/2019 - 09:03:40: [FAdmin] DidVaitel (STEAM_0:1:74202541) Attempted to pick up a pocket
L 01/27/2019 - 09:03:40: [FAdmin] DidVaitel (STEAM_0:1:74202541) Attempted to pick up a weapon_physgun
L 01/27/2019 - 09:03:40: [FAdmin] DidVaitel (STEAM_0:1:74202541) Attempted to pick up a weapon_keypadchecker
L 01/27/2019 - 09:03:40: [FAdmin] DidVaitel (STEAM_0:1:74202541) Attempted to pick up a door_ram
L 01/27/2019 - 09:03:40: [FAdmin] DidVaitel (STEAM_0:1:74202541) Attempted to pick up a arrest_stick
L 01/27/2019 - 09:03:40: [FAdmin] DidVaitel (STEAM_0:1:74202541) Attempted to pick up a unarrest_stick
L 01/27/2019 - 09:03:40: [FAdmin] DidVaitel (STEAM_0:1:74202541) Attempted to pick up a stunstick
L 01/27/2019 - 09:03:40: [FAdmin] DidVaitel (STEAM_0:1:74202541) Attempted to pick up a weaponchecker
L 01/27/2019 - 09:03:46: "DidVaitel<7><STEAM_0:1:74202541><>" disconnected (reason "")
L 01/27/2019 - 09:03:46: [FAdmin] DidVaitel (STEAM_0:1:74202541) Disconnected
L 01/27/2019 - 09:07:38: "DidVaitel<8><STEAM_0:1:74202541><>" connected, address "192.168.1.103:27005"
L 01/27/2019 - 09:07:38: "DidVaitel<8><STEAM_0:1:74202541><>" STEAM USERID validated
L 01/27/2019 - 09:07:48: [FAdmin] DidVaitel (STEAM_0:1:74202541) is Authed
L 01/27/2019 - 09:07:48: [FAdmin] DidVaitel (STEAM_0:1:74202541) Spawned for the first time
L 01/27/2019 - 09:07:48: [FAdmin] DidVaitel (STEAM_0:1:74202541) Spawned
L 01/27/2019 - 09:07:48: "DidVaitel<8><STEAM_0:1:74202541><>" entered the game
L 01/27/2019 - 09:07:48: [FAdmin] DidVaitel (STEAM_0:1:74202541) Attempted to pick up a keys
L 01/27/2019 - 09:07:48: [FAdmin] DidVaitel (STEAM_0:1:74202541) Attempted to pick up a weapon_physcannon
L 01/27/2019 - 09:07:48: [FAdmin] DidVaitel (STEAM_0:1:74202541) Attempted to pick up a gmod_camera
L 01/27/2019 - 09:07:48: [FAdmin] DidVaitel (STEAM_0:1:74202541) Attempted to pick up a gmod_tool
L 01/27/2019 - 09:07:48: [FAdmin] DidVaitel (STEAM_0:1:74202541) Attempted to pick up a pocket
L 01/27/2019 - 09:07:48: [FAdmin] DidVaitel (STEAM_0:1:74202541) Attempted to pick up a weapon_physgun
L 01/27/2019 - 09:07:48: [FAdmin] DidVaitel (STEAM_0:1:74202541) Attempted to pick up a weapon_keypadchecker
L 01/27/2019 - 09:07:48: [FAdmin] DidVaitel (STEAM_0:1:74202541) Attempted to pick up a door_ram
L 01/27/2019 - 09:07:48: [FAdmin] DidVaitel (STEAM_0:1:74202541) Attempted to pick up a arrest_stick
L 01/27/2019 - 09:07:48: [FAdmin] DidVaitel (STEAM_0:1:74202541) Attempted to pick up a unarrest_stick
L 01/27/2019 - 09:07:48: [FAdmin] DidVaitel (STEAM_0:1:74202541) Attempted to pick up a stunstick
L 01/27/2019 - 09:07:48: [FAdmin] DidVaitel (STEAM_0:1:74202541) Attempted to pick up a weaponchecker
L 01/27/2019 - 09:07:53: "DidVaitel<8><STEAM_0:1:74202541><>" disconnected (reason "")
L 01/27/2019 - 09:07:53: [FAdmin] DidVaitel (STEAM_0:1:74202541) Disconnected
L 01/27/2019 - 09:10:30: "DidVaitel<9><STEAM_0:1:74202541><>" connected, address "192.168.1.103:27005"
L 01/27/2019 - 09:10:31: "DidVaitel<9><STEAM_0:1:74202541><>" STEAM USERID validated
L 01/27/2019 - 09:10:41: [FAdmin] DidVaitel (STEAM_0:1:74202541) is Authed
L 01/27/2019 - 09:10:41: [FAdmin] DidVaitel (STEAM_0:1:74202541) Spawned for the first time
L 01/27/2019 - 09:10:41: [FAdmin] DidVaitel (STEAM_0:1:74202541) Spawned
L 01/27/2019 - 09:10:41: "DidVaitel<9><STEAM_0:1:74202541><>" entered the game
L 01/27/2019 - 09:10:41: [FAdmin] DidVaitel (STEAM_0:1:74202541) Attempted to pick up a keys
L 01/27/2019 - 09:10:41: [FAdmin] DidVaitel (STEAM_0:1:74202541) Attempted to pick up a weapon_physcannon
L 01/27/2019 - 09:10:41: [FAdmin] DidVaitel (STEAM_0:1:74202541) Attempted to pick up a gmod_camera
L 01/27/2019 - 09:10:41: [FAdmin] DidVaitel (STEAM_0:1:74202541) Attempted to pick up a gmod_tool
L 01/27/2019 - 09:10:41: [FAdmin] DidVaitel (STEAM_0:1:74202541) Attempted to pick up a pocket
L 01/27/2019 - 09:10:41: [FAdmin] DidVaitel (STEAM_0:1:74202541) Attempted to pick up a weapon_physgun
L 01/27/2019 - 09:10:41: [FAdmin] DidVaitel (STEAM_0:1:74202541) Attempted to pick up a weapon_keypadchecker
L 01/27/2019 - 09:10:41: [FAdmin] DidVaitel (STEAM_0:1:74202541) Attempted to pick up a door_ram
L 01/27/2019 - 09:10:41: [FAdmin] DidVaitel (STEAM_0:1:74202541) Attempted to pick up a arrest_stick
L 01/27/2019 - 09:10:41: [FAdmin] DidVaitel (STEAM_0:1:74202541) Attempted to pick up a unarrest_stick
L 01/27/2019 - 09:10:41: [FAdmin] DidVaitel (STEAM_0:1:74202541) Attempted to pick up a stunstick
L 01/27/2019 - 09:10:41: [FAdmin] DidVaitel (STEAM_0:1:74202541) Attempted to pick up a weaponchecker
L 01/27/2019 - 09:11:00: "DidVaitel<9><STEAM_0:1:74202541><>" disconnected (reason "")
L 01/27/2019 - 09:11:00: [FAdmin] DidVaitel (STEAM_0:1:74202541) Disconnected
L 01/27/2019 - 09:11:02: "DidVaitel<10><STEAM_0:1:74202541><>" connected, address "192.168.1.103:27005"
L 01/27/2019 - 09:11:02: "DidVaitel<10><STEAM_0:1:74202541><>" STEAM USERID validated
L 01/27/2019 - 09:11:12: [FAdmin] DidVaitel (STEAM_0:1:74202541) is Authed
L 01/27/2019 - 09:11:12: [FAdmin] DidVaitel (STEAM_0:1:74202541) Spawned for the first time
L 01/27/2019 - 09:11:12: [FAdmin] DidVaitel (STEAM_0:1:74202541) Spawned
L 01/27/2019 - 09:11:12: "DidVaitel<10><STEAM_0:1:74202541><>" entered the game
L 01/27/2019 - 09:11:12: [FAdmin] DidVaitel (STEAM_0:1:74202541) Attempted to pick up a keys
L 01/27/2019 - 09:11:12: [FAdmin] DidVaitel (STEAM_0:1:74202541) Attempted to pick up a weapon_physcannon
L 01/27/2019 - 09:11:12: [FAdmin] DidVaitel (STEAM_0:1:74202541) Attempted to pick up a gmod_camera
L 01/27/2019 - 09:11:12: [FAdmin] DidVaitel (STEAM_0:1:74202541) Attempted to pick up a gmod_tool
L 01/27/2019 - 09:11:12: [FAdmin] DidVaitel (STEAM_0:1:74202541) Attempted to pick up a pocket
L 01/27/2019 - 09:11:12: [FAdmin] DidVaitel (STEAM_0:1:74202541) Attempted to pick up a weapon_physgun
L 01/27/2019 - 09:11:12: [FAdmin] DidVaitel (STEAM_0:1:74202541) Attempted to pick up a weapon_keypadchecker
L 01/27/2019 - 09:11:12: [FAdmin] DidVaitel (STEAM_0:1:74202541) Attempted to pick up a door_ram
L 01/27/2019 - 09:11:12: [FAdmin] DidVaitel (STEAM_0:1:74202541) Attempted to pick up a arrest_stick
L 01/27/2019 - 09:11:12: [FAdmin] DidVaitel (STEAM_0:1:74202541) Attempted to pick up a unarrest_stick
L 01/27/2019 - 09:11:12: [FAdmin] DidVaitel (STEAM_0:1:74202541) Attempted to pick up a stunstick
L 01/27/2019 - 09:11:12: [FAdmin] DidVaitel (STEAM_0:1:74202541) Attempted to pick up a weaponchecker
L 01/27/2019 - 09:11:17: "DidVaitel<10><STEAM_0:1:74202541><>" disconnected (reason "")
L 01/27/2019 - 09:11:17: [FAdmin] DidVaitel (STEAM_0:1:74202541) Disconnected
L 01/27/2019 - 09:11:51: "DidVaitel<11><STEAM_0:1:74202541><>" connected, address "192.168.1.103:27005"
L 01/27/2019 - 09:11:52: "DidVaitel<11><STEAM_0:1:74202541><>" STEAM USERID validated
L 01/27/2019 - 09:12:01: [FAdmin] DidVaitel (STEAM_0:1:74202541) is Authed
L 01/27/2019 - 09:12:02: [FAdmin] DidVaitel (STEAM_0:1:74202541) Spawned for the first time
L 01/27/2019 - 09:12:02: [FAdmin] DidVaitel (STEAM_0:1:74202541) Spawned
L 01/27/2019 - 09:12:02: "DidVaitel<11><STEAM_0:1:74202541><>" entered the game
L 01/27/2019 - 09:12:02: [FAdmin] DidVaitel (STEAM_0:1:74202541) Attempted to pick up a keys
L 01/27/2019 - 09:12:02: [FAdmin] DidVaitel (STEAM_0:1:74202541) Attempted to pick up a weapon_physcannon
L 01/27/2019 - 09:12:02: [FAdmin] DidVaitel (STEAM_0:1:74202541) Attempted to pick up a gmod_camera
L 01/27/2019 - 09:12:02: [FAdmin] DidVaitel (STEAM_0:1:74202541) Attempted to pick up a gmod_tool
L 01/27/2019 - 09:12:02: [FAdmin] DidVaitel (STEAM_0:1:74202541) Attempted to pick up a pocket
L 01/27/2019 - 09:12:02: [FAdmin] DidVaitel (STEAM_0:1:74202541) Attempted to pick up a weapon_physgun
L 01/27/2019 - 09:12:02: [FAdmin] DidVaitel (STEAM_0:1:74202541) Attempted to pick up a weapon_keypadchecker
L 01/27/2019 - 09:12:02: [FAdmin] DidVaitel (STEAM_0:1:74202541) Attempted to pick up a door_ram
L 01/27/2019 - 09:12:02: [FAdmin] DidVaitel (STEAM_0:1:74202541) Attempted to pick up a arrest_stick
L 01/27/2019 - 09:12:02: [FAdmin] DidVaitel (STEAM_0:1:74202541) Attempted to pick up a unarrest_stick
L 01/27/2019 - 09:12:02: [FAdmin] DidVaitel (STEAM_0:1:74202541) Attempted to pick up a stunstick
L 01/27/2019 - 09:12:02: [FAdmin] DidVaitel (STEAM_0:1:74202541) Attempted to pick up a weaponchecker
L 01/27/2019 - 09:13:27: "DidVaitel<11><STEAM_0:1:74202541><>" disconnected (reason "Disconnect by user.")
L 01/27/2019 - 09:13:27: [FAdmin] DidVaitel (STEAM_0:1:74202541) Disconnected
L 01/27/2019 - 09:13:27: "DidVaitel<12><STEAM_0:1:74202541><>" connected, address "192.168.1.103:27005"
L 01/27/2019 - 09:13:28: "DidVaitel<12><STEAM_0:1:74202541><>" STEAM USERID validated
L 01/27/2019 - 09:13:38: [FAdmin] DidVaitel (STEAM_0:1:74202541) is Authed
L 01/27/2019 - 09:13:38: [FAdmin] DidVaitel (STEAM_0:1:74202541) Spawned for the first time
L 01/27/2019 - 09:13:38: [FAdmin] DidVaitel (STEAM_0:1:74202541) Spawned
L 01/27/2019 - 09:13:38: "DidVaitel<12><STEAM_0:1:74202541><>" entered the game
L 01/27/2019 - 09:13:38: [FAdmin] DidVaitel (STEAM_0:1:74202541) Attempted to pick up a keys
L 01/27/2019 - 09:13:38: [FAdmin] DidVaitel (STEAM_0:1:74202541) Attempted to pick up a weapon_physcannon
L 01/27/2019 - 09:13:38: [FAdmin] DidVaitel (STEAM_0:1:74202541) Attempted to pick up a gmod_camera
L 01/27/2019 - 09:13:38: [FAdmin] DidVaitel (STEAM_0:1:74202541) Attempted to pick up a gmod_tool
L 01/27/2019 - 09:13:38: [FAdmin] DidVaitel (STEAM_0:1:74202541) Attempted to pick up a pocket
L 01/27/2019 - 09:13:38: [FAdmin] DidVaitel (STEAM_0:1:74202541) Attempted to pick up a weapon_physgun
L 01/27/2019 - 09:13:38: [FAdmin] DidVaitel (STEAM_0:1:74202541) Attempted to pick up a weapon_keypadchecker
L 01/27/2019 - 09:13:38: [FAdmin] DidVaitel (STEAM_0:1:74202541) Attempted to pick up a door_ram
L 01/27/2019 - 09:13:38: [FAdmin] DidVaitel (STEAM_0:1:74202541) Attempted to pick up a arrest_stick
L 01/27/2019 - 09:13:38: [FAdmin] DidVaitel (STEAM_0:1:74202541) Attempted to pick up a unarrest_stick
L 01/27/2019 - 09:13:38: [FAdmin] DidVaitel (STEAM_0:1:74202541) Attempted to pick up a stunstick
L 01/27/2019 - 09:13:38: [FAdmin] DidVaitel (STEAM_0:1:74202541) Attempted to pick up a weaponchecker
L 01/27/2019 - 09:15:25: "DidVaitel<12><STEAM_0:1:74202541><>" disconnected (reason "Disconnect by user.")
L 01/27/2019 - 09:15:25: [FAdmin] DidVaitel (STEAM_0:1:74202541) Disconnected
L 01/27/2019 - 09:15:25: "DidVaitel<13><STEAM_0:1:74202541><>" connected, address "192.168.1.103:27005"
L 01/27/2019 - 09:15:26: "DidVaitel<13><STEAM_0:1:74202541><>" STEAM USERID validated
L 01/27/2019 - 09:15:35: [FAdmin] DidVaitel (STEAM_0:1:74202541) is Authed
L 01/27/2019 - 09:15:35: [FAdmin] DidVaitel (STEAM_0:1:74202541) Spawned for the first time
L 01/27/2019 - 09:15:35: [FAdmin] DidVaitel (STEAM_0:1:74202541) Spawned
L 01/27/2019 - 09:15:35: "DidVaitel<13><STEAM_0:1:74202541><>" entered the game
L 01/27/2019 - 09:15:35: [FAdmin] DidVaitel (STEAM_0:1:74202541) Attempted to pick up a keys
L 01/27/2019 - 09:15:35: [FAdmin] DidVaitel (STEAM_0:1:74202541) Attempted to pick up a weapon_physcannon
L 01/27/2019 - 09:15:35: [FAdmin] DidVaitel (STEAM_0:1:74202541) Attempted to pick up a gmod_camera
L 01/27/2019 - 09:15:35: [FAdmin] DidVaitel (STEAM_0:1:74202541) Attempted to pick up a gmod_tool
L 01/27/2019 - 09:15:35: [FAdmin] DidVaitel (STEAM_0:1:74202541) Attempted to pick up a pocket
L 01/27/2019 - 09:15:35: [FAdmin] DidVaitel (STEAM_0:1:74202541) Attempted to pick up a weapon_physgun
L 01/27/2019 - 09:15:35: [FAdmin] DidVaitel (STEAM_0:1:74202541) Attempted to pick up a weapon_keypadchecker
L 01/27/2019 - 09:15:35: [FAdmin] DidVaitel (STEAM_0:1:74202541) Attempted to pick up a door_ram
L 01/27/2019 - 09:15:35: [FAdmin] DidVaitel (STEAM_0:1:74202541) Attempted to pick up a arrest_stick
L 01/27/2019 - 09:15:35: [FAdmin] DidVaitel (STEAM_0:1:74202541) Attempted to pick up a unarrest_stick
L 01/27/2019 - 09:15:35: [FAdmin] DidVaitel (STEAM_0:1:74202541) Attempted to pick up a stunstick
L 01/27/2019 - 09:15:35: [FAdmin] DidVaitel (STEAM_0:1:74202541) Attempted to pick up a weaponchecker
L 01/27/2019 - 09:20:15: "DidVaitel<13><STEAM_0:1:74202541><>" disconnected (reason "Disconnect by user.")
L 01/27/2019 - 09:20:15: [FAdmin] DidVaitel (STEAM_0:1:74202541) Disconnected
L 01/27/2019 - 09:20:16: "DidVaitel<14><STEAM_0:1:74202541><>" connected, address "192.168.1.103:27005"
L 01/27/2019 - 09:20:16: "DidVaitel<14><STEAM_0:1:74202541><>" STEAM USERID validated
L 01/27/2019 - 09:20:26: [FAdmin] DidVaitel (STEAM_0:1:74202541) is Authed
L 01/27/2019 - 09:20:26: [FAdmin] DidVaitel (STEAM_0:1:74202541) Spawned for the first time
L 01/27/2019 - 09:20:26: [FAdmin] DidVaitel (STEAM_0:1:74202541) Spawned
L 01/27/2019 - 09:20:26: "DidVaitel<14><STEAM_0:1:74202541><>" entered the game
L 01/27/2019 - 09:20:26: [FAdmin] DidVaitel (STEAM_0:1:74202541) Attempted to pick up a keys
L 01/27/2019 - 09:20:26: [FAdmin] DidVaitel (STEAM_0:1:74202541) Attempted to pick up a weapon_physcannon
L 01/27/2019 - 09:20:26: [FAdmin] DidVaitel (STEAM_0:1:74202541) Attempted to pick up a gmod_camera
L 01/27/2019 - 09:20:26: [FAdmin] DidVaitel (STEAM_0:1:74202541) Attempted to pick up a gmod_tool
L 01/27/2019 - 09:20:26: [FAdmin] DidVaitel (STEAM_0:1:74202541) Attempted to pick up a pocket
L 01/27/2019 - 09:20:26: [FAdmin] DidVaitel (STEAM_0:1:74202541) Attempted to pick up a weapon_physgun
L 01/27/2019 - 09:20:26: [FAdmin] DidVaitel (STEAM_0:1:74202541) Attempted to pick up a weapon_keypadchecker
L 01/27/2019 - 09:20:26: [FAdmin] DidVaitel (STEAM_0:1:74202541) Attempted to pick up a door_ram
L 01/27/2019 - 09:20:26: [FAdmin] DidVaitel (STEAM_0:1:74202541) Attempted to pick up a arrest_stick
L 01/27/2019 - 09:20:26: [FAdmin] DidVaitel (STEAM_0:1:74202541) Attempted to pick up a unarrest_stick
L 01/27/2019 - 09:20:26: [FAdmin] DidVaitel (STEAM_0:1:74202541) Attempted to pick up a stunstick
L 01/27/2019 - 09:20:26: [FAdmin] DidVaitel (STEAM_0:1:74202541) Attempted to pick up a weaponchecker
L 01/27/2019 - 09:20:54: "DidVaitel<14><STEAM_0:1:74202541><>" disconnected (reason "Disconnect by user.")
L 01/27/2019 - 09:20:54: [FAdmin] DidVaitel (STEAM_0:1:74202541) Disconnected
L 01/27/2019 - 09:20:55: "DidVaitel<15><STEAM_0:1:74202541><>" connected, address "192.168.1.103:27005"
L 01/27/2019 - 09:20:55: "DidVaitel<15><STEAM_0:1:74202541><>" STEAM USERID validated
L 01/27/2019 - 09:21:05: [FAdmin] DidVaitel (STEAM_0:1:74202541) is Authed
L 01/27/2019 - 09:21:05: [FAdmin] DidVaitel (STEAM_0:1:74202541) Spawned for the first time
L 01/27/2019 - 09:21:05: [FAdmin] DidVaitel (STEAM_0:1:74202541) Spawned
L 01/27/2019 - 09:21:05: "DidVaitel<15><STEAM_0:1:74202541><>" entered the game
L 01/27/2019 - 09:21:05: [FAdmin] DidVaitel (STEAM_0:1:74202541) Attempted to pick up a keys
L 01/27/2019 - 09:21:05: [FAdmin] DidVaitel (STEAM_0:1:74202541) Attempted to pick up a weapon_physcannon
L 01/27/2019 - 09:21:05: [FAdmin] DidVaitel (STEAM_0:1:74202541) Attempted to pick up a gmod_camera
L 01/27/2019 - 09:21:05: [FAdmin] DidVaitel (STEAM_0:1:74202541) Attempted to pick up a gmod_tool
L 01/27/2019 - 09:21:05: [FAdmin] DidVaitel (STEAM_0:1:74202541) Attempted to pick up a pocket
L 01/27/2019 - 09:21:05: [FAdmin] DidVaitel (STEAM_0:1:74202541) Attempted to pick up a weapon_physgun
L 01/27/2019 - 09:21:05: [FAdmin] DidVaitel (STEAM_0:1:74202541) Attempted to pick up a weapon_keypadchecker
L 01/27/2019 - 09:21:05: [FAdmin] DidVaitel (STEAM_0:1:74202541) Attempted to pick up a door_ram
L 01/27/2019 - 09:21:05: [FAdmin] DidVaitel (STEAM_0:1:74202541) Attempted to pick up a arrest_stick
L 01/27/2019 - 09:21:05: [FAdmin] DidVaitel (STEAM_0:1:74202541) Attempted to pick up a unarrest_stick
L 01/27/2019 - 09:21:05: [FAdmin] DidVaitel (STEAM_0:1:74202541) Attempted to pick up a stunstick
L 01/27/2019 - 09:21:05: [FAdmin] DidVaitel (STEAM_0:1:74202541) Attempted to pick up a weaponchecker
L 01/27/2019 - 09:24:33: "DidVaitel<15><STEAM_0:1:74202541><>" disconnected (reason "Disconnect by user.")
L 01/27/2019 - 09:24:33: [FAdmin] DidVaitel (STEAM_0:1:74202541) Disconnected
L 01/27/2019 - 09:24:33: "DidVaitel<16><STEAM_0:1:74202541><>" connected, address "192.168.1.103:27005"
L 01/27/2019 - 09:24:34: "DidVaitel<16><STEAM_0:1:74202541><>" STEAM USERID validated
L 01/27/2019 - 09:24:44: [FAdmin] DidVaitel (STEAM_0:1:74202541) is Authed
L 01/27/2019 - 09:24:44: [FAdmin] DidVaitel (STEAM_0:1:74202541) Spawned for the first time
L 01/27/2019 - 09:24:44: [FAdmin] DidVaitel (STEAM_0:1:74202541) Spawned
L 01/27/2019 - 09:24:44: "DidVaitel<16><STEAM_0:1:74202541><>" entered the game
L 01/27/2019 - 09:24:44: [FAdmin] DidVaitel (STEAM_0:1:74202541) Attempted to pick up a keys
L 01/27/2019 - 09:24:44: [FAdmin] DidVaitel (STEAM_0:1:74202541) Attempted to pick up a weapon_physcannon
L 01/27/2019 - 09:24:44: [FAdmin] DidVaitel (STEAM_0:1:74202541) Attempted to pick up a gmod_camera
L 01/27/2019 - 09:24:44: [FAdmin] DidVaitel (STEAM_0:1:74202541) Attempted to pick up a gmod_tool
L 01/27/2019 - 09:24:44: [FAdmin] DidVaitel (STEAM_0:1:74202541) Attempted to pick up a pocket
L 01/27/2019 - 09:24:44: [FAdmin] DidVaitel (STEAM_0:1:74202541) Attempted to pick up a weapon_physgun
L 01/27/2019 - 09:24:44: [FAdmin] DidVaitel (STEAM_0:1:74202541) Attempted to pick up a weapon_keypadchecker
L 01/27/2019 - 09:24:44: [FAdmin] DidVaitel (STEAM_0:1:74202541) Attempted to pick up a door_ram
L 01/27/2019 - 09:24:44: [FAdmin] DidVaitel (STEAM_0:1:74202541) Attempted to pick up a arrest_stick
L 01/27/2019 - 09:24:44: [FAdmin] DidVaitel (STEAM_0:1:74202541) Attempted to pick up a unarrest_stick
L 01/27/2019 - 09:24:44: [FAdmin] DidVaitel (STEAM_0:1:74202541) Attempted to pick up a stunstick
L 01/27/2019 - 09:24:44: [FAdmin] DidVaitel (STEAM_0:1:74202541) Attempted to pick up a weaponchecker
L 01/27/2019 - 09:25:25: "DidVaitel<16><STEAM_0:1:74202541><>" disconnected (reason "Disconnect by user.")
L 01/27/2019 - 09:25:25: [FAdmin] DidVaitel (STEAM_0:1:74202541) Disconnected
L 01/27/2019 - 09:25:26: "DidVaitel<17><STEAM_0:1:74202541><>" connected, address "192.168.1.103:27005"
L 01/27/2019 - 09:25:26: "DidVaitel<17><STEAM_0:1:74202541><>" STEAM USERID validated
L 01/27/2019 - 09:25:36: [FAdmin] DidVaitel (STEAM_0:1:74202541) is Authed
L 01/27/2019 - 09:25:36: [FAdmin] DidVaitel (STEAM_0:1:74202541) Spawned for the first time
L 01/27/2019 - 09:25:36: [FAdmin] DidVaitel (STEAM_0:1:74202541) Spawned
L 01/27/2019 - 09:25:36: "DidVaitel<17><STEAM_0:1:74202541><>" entered the game
L 01/27/2019 - 09:25:36: [FAdmin] DidVaitel (STEAM_0:1:74202541) Attempted to pick up a keys
L 01/27/2019 - 09:25:36: [FAdmin] DidVaitel (STEAM_0:1:74202541) Attempted to pick up a weapon_physcannon
L 01/27/2019 - 09:25:36: [FAdmin] DidVaitel (STEAM_0:1:74202541) Attempted to pick up a gmod_camera
L 01/27/2019 - 09:25:36: [FAdmin] DidVaitel (STEAM_0:1:74202541) Attempted to pick up a gmod_tool
L 01/27/2019 - 09:25:36: [FAdmin] DidVaitel (STEAM_0:1:74202541) Attempted to pick up a pocket
L 01/27/2019 - 09:25:36: [FAdmin] DidVaitel (STEAM_0:1:74202541) Attempted to pick up a weapon_physgun
L 01/27/2019 - 09:25:36: [FAdmin] DidVaitel (STEAM_0:1:74202541) Attempted to pick up a weapon_keypadchecker
L 01/27/2019 - 09:25:36: [FAdmin] DidVaitel (STEAM_0:1:74202541) Attempted to pick up a door_ram
L 01/27/2019 - 09:25:36: [FAdmin] DidVaitel (STEAM_0:1:74202541) Attempted to pick up a arrest_stick
L 01/27/2019 - 09:25:36: [FAdmin] DidVaitel (STEAM_0:1:74202541) Attempted to pick up a unarrest_stick
L 01/27/2019 - 09:25:36: [FAdmin] DidVaitel (STEAM_0:1:74202541) Attempted to pick up a stunstick
L 01/27/2019 - 09:25:36: [FAdmin] DidVaitel (STEAM_0:1:74202541) Attempted to pick up a weaponchecker
L 01/27/2019 - 09:26:23: "DidVaitel<17><STEAM_0:1:74202541><>" disconnected (reason "Disconnect by user.")
L 01/27/2019 - 09:26:23: [FAdmin] DidVaitel (STEAM_0:1:74202541) Disconnected
L 01/27/2019 - 09:26:24: "DidVaitel<18><STEAM_0:1:74202541><>" connected, address "192.168.1.103:27005"
L 01/27/2019 - 09:26:24: "DidVaitel<18><STEAM_0:1:74202541><>" STEAM USERID validated
L 01/27/2019 - 09:26:34: [FAdmin] DidVaitel (STEAM_0:1:74202541) is Authed
L 01/27/2019 - 09:26:34: [FAdmin] DidVaitel (STEAM_0:1:74202541) Spawned for the first time
L 01/27/2019 - 09:26:34: [FAdmin] DidVaitel (STEAM_0:1:74202541) Spawned
L 01/27/2019 - 09:26:34: "DidVaitel<18><STEAM_0:1:74202541><>" entered the game
L 01/27/2019 - 09:26:34: [FAdmin] DidVaitel (STEAM_0:1:74202541) Attempted to pick up a keys
L 01/27/2019 - 09:26:34: [FAdmin] DidVaitel (STEAM_0:1:74202541) Attempted to pick up a weapon_physcannon
L 01/27/2019 - 09:26:34: [FAdmin] DidVaitel (STEAM_0:1:74202541) Attempted to pick up a gmod_camera
L 01/27/2019 - 09:26:34: [FAdmin] DidVaitel (STEAM_0:1:74202541) Attempted to pick up a gmod_tool
L 01/27/2019 - 09:26:34: [FAdmin] DidVaitel (STEAM_0:1:74202541) Attempted to pick up a pocket
L 01/27/2019 - 09:26:34: [FAdmin] DidVaitel (STEAM_0:1:74202541) Attempted to pick up a weapon_physgun
L 01/27/2019 - 09:26:34: [FAdmin] DidVaitel (STEAM_0:1:74202541) Attempted to pick up a weapon_keypadchecker
L 01/27/2019 - 09:26:34: [FAdmin] DidVaitel (STEAM_0:1:74202541) Attempted to pick up a door_ram
L 01/27/2019 - 09:26:34: [FAdmin] DidVaitel (STEAM_0:1:74202541) Attempted to pick up a arrest_stick
L 01/27/2019 - 09:26:34: [FAdmin] DidVaitel (STEAM_0:1:74202541) Attempted to pick up a unar