L 01/23/2019 - 02:07:24: Log file started (file "logs\L0123020.log") (game "F:\sup\steamapps\common\GarrysModDS\garrysmod") (version "7334")
L 01/23/2019 - 02:07:24: server_cvar: "sv_alltalk" "3"
L 01/23/2019 - 02:07:24: server_cvar: "sv_allowcslua" "1"
L 01/23/2019 - 02:07:24: server_cvar: "sv_airaccelerate" "1000"
L 01/23/2019 - 02:07:24: server_cvar: "sv_alltalk" "0"
L 01/23/2019 - 02:07:24: Banid: "<><STEAM_0:0:432813650><>" was banned "permanently" by "Console"
L 01/23/2019 - 02:07:24: Banid: "<><STEAM_0:0:207758038><>" was banned "permanently" by "Console"
L 01/23/2019 - 02:07:24: Banid: "<><STEAM_0:0:432813650><>" was banned "permanently" by "Console"
L 01/23/2019 - 02:07:24: Banid: "<><STEAM_0:0:207758038><>" was banned "permanently" by "Console"
L 01/23/2019 - 02:07:25: Connection to Steam servers successful.
L 01/23/2019 - 02:07:25:    Public IP is 31.130.42.81.
L 01/23/2019 - 02:07:25: Assigned anonymous gameserver Steam ID [A-1:2005925891(11841)].
L 01/23/2019 - 02:07:26: VAC secure mode is activated.
L 01/23/2019 - 02:07:35: "DidVaitel<2><STEAM_0:1:74202541><>" connected, address "192.168.1.103:27006"
L 01/23/2019 - 02:07:35: "DidVaitel<2><STEAM_0:1:74202541><>" STEAM USERID validated
L 01/23/2019 - 02:07:45: [FAdmin] DidVaitel (STEAM_0:1:74202541) is Authed
L 01/23/2019 - 02:07:45: [FAdmin] DidVaitel (STEAM_0:1:74202541) Spawned for the first time
L 01/23/2019 - 02:07:45: [FAdmin] DidVaitel (STEAM_0:1:74202541) Spawned
L 01/23/2019 - 02:07:45: "DidVaitel<2><STEAM_0:1:74202541><>" entered the game
L 01/23/2019 - 02:07:45: [FAdmin] DidVaitel (STEAM_0:1:74202541) Attempted to pick up a keys
L 01/23/2019 - 02:07:45: [FAdmin] DidVaitel (STEAM_0:1:74202541) Attempted to pick up a weapon_physcannon
L 01/23/2019 - 02:07:45: [FAdmin] DidVaitel (STEAM_0:1:74202541) Attempted to pick up a gmod_camera
L 01/23/2019 - 02:07:45: [FAdmin] DidVaitel (STEAM_0:1:74202541) Attempted to pick up a gmod_tool
L 01/23/2019 - 02:07:45: [FAdmin] DidVaitel (STEAM_0:1:74202541) Attempted to pick up a pocket
L 01/23/2019 - 02:07:45: [FAdmin] DidVaitel (STEAM_0:1:74202541) Attempted to pick up a weapon_physgun
L 01/23/2019 - 02:07:45: [FAdmin] DidVaitel (STEAM_0:1:74202541) Attempted to pick up a weapon_keypadchecker
L 01/23/2019 - 02:07:45: [FAdmin] DidVaitel (STEAM_0:1:74202541) Attempted to pick up a door_ram
L 01/23/2019 - 02:07:45: [FAdmin] DidVaitel (STEAM_0:1:74202541) Attempted to pick up a arrest_stick
L 01/23/2019 - 02:07:45: [FAdmin] DidVaitel (STEAM_0:1:74202541) Attempted to pick up a unarrest_stick
L 01/23/2019 - 02:07:45: [FAdmin] DidVaitel (STEAM_0:1:74202541) Attempted to pick up a stunstick
L 01/23/2019 - 02:07:45: [FAdmin] DidVaitel (STEAM_0:1:74202541) Attempted to pick up a weaponchecker
L 01/23/2019 - 02:07:51: [FAdmin] DidVaitel (STEAM_0:1:74202541) Attempted to switch noclip
L 01/23/2019 - 02:07:54: [FAdmin] DidVaitel (STEAM_0:1:74202541) Attempted to switch noclip
L 01/23/2019 - 02:08:26: Lua Error: 
[ERROR] icefuse-permapropper/lua/permapropper/sv_lib.lua:55: 'then' expected near 'ent'
  1. unknown - addons/[server]_icefuse-permapropper/lua/permapropper/sv_lib.lua:0


L 01/23/2019 - 02:09:49: Lua Error: 
[ERROR] icefuse-permapropper/lua/weapons/gmod_tool/stools/permaprops.lua:52: '}' expected (to close '{' at line 50) near 'Brightness'
  1. unknown - addons/[server]_icefuse-permapropper/lua/weapons/gmod_tool/stools/permaprops.lua:0


L 01/23/2019 - 02:10:49: [FAdmin] DidVaitel (STEAM_0:1:74202541) Attempted to switch noclip
L 01/23/2019 - 02:10:49: [FAdmin] DidVaitel (STEAM_0:1:74202541) Attempted to switch noclip
L 01/23/2019 - 02:10:52: [FAdmin] DidVaitel (STEAM_0:1:74202541) Attempted to use tool light
L 01/23/2019 - 02:11:04: [FAdmin] DidVaitel (STEAM_0:1:74202541) Attempted to use tool permaprops
L 01/23/2019 - 02:11:12: [FAdmin] prop_physics(models/maxofs2d/companion_doll.mdl) Got removed
L 01/23/2019 - 02:11:12: [FAdmin] prop_physics(models/props_c17/furnituretable003a.mdl) Got removed
L 01/23/2019 - 02:11:12: [FAdmin] prop_physics(models/props_c17/furniturecouch002a.mdl) Got removed
L 01/23/2019 - 02:11:12: [FAdmin] prop_physics(models/props_c17/furniturecouch001a.mdl) Got removed
L 01/23/2019 - 02:11:12: Lua Error: 
[ERROR] lua/includes/util/color.lua:16: bad argument #1 to 'min' (number expected, got nil)
  1. min - [C]:-1
   2. Color - lua/includes/util/color.lua:16
    3. fn - addons/[server]_icefuse-permapropper/lua/permapropper/sv_lib.lua:54
     4. unknown - addons/ulxulib/lua/ulib/shared/hook.lua:109
      5. CleanUpMap - [C]:-1
       6. unknown - gamemodes/darkrp/gamemode/modules/fadmin/fadmin/cleanup/sv_init.lua:26
        7. unknown - lua/includes/modules/concommand.lua:54


L 01/23/2019 - 02:11:12: [FAdmin] FAdmin Action: DidVaitel (STEAM_0:1:74202541) Cleaned up the map
L 01/23/2019 - 02:11:49: Lua Error: 
[ERROR] icefuse-permapropper/lua/weapons/gmod_tool/stools/permaprops.lua:52: '}' expected (to close '{' at line 50) near 'Brightness'
  1. unknown - addons/[server]_icefuse-permapropper/lua/weapons/gmod_tool/stools/permaprops.lua:0


L 01/23/2019 - 02:12:02: [FAdmin] prop_physics(models/maxofs2d/companion_doll.mdl) Got removed
L 01/23/2019 - 02:12:02: [FAdmin] prop_physics(models/props_c17/furnituretable003a.mdl) Got removed
L 01/23/2019 - 02:12:02: [FAdmin] prop_physics(models/props_c17/furniturecouch002a.mdl) Got removed
L 01/23/2019 - 02:12:02: [FAdmin] prop_physics(models/props_c17/furniturecouch001a.mdl) Got removed
L 01/23/2019 - 02:12:02: Lua Error: 
[ERROR] lua/includes/util/color.lua:16: bad argument #1 to 'min' (number expected, got nil)
  1. min - [C]:-1
   2. Color - lua/includes/util/color.lua:16
    3. fn - addons/[server]_icefuse-permapropper/lua/permapropper/sv_lib.lua:54
     4. unknown - addons/ulxulib/lua/ulib/shared/hook.lua:109
      5. CleanUpMap - [C]:-1
       6. unknown - gamemodes/darkrp/gamemode/modules/fadmin/fadmin/cleanup/sv_init.lua:26
        7. unknown - lua/includes/modules/concommand.lua:54


L 01/23/2019 - 02:12:02: [FAdmin] FAdmin Action: DidVaitel (STEAM_0:1:74202541) Cleaned up the map
L 01/23/2019 - 02:12:04: [FAdmin] DidVaitel (STEAM_0:1:74202541) Attempted to use tool permaprops
L 01/23/2019 - 02:12:04: [FAdmin] DidVaitel (STEAM_0:1:74202541) Attempted to use tool permaprops
L 01/23/2019 - 02:12:04: [FAdmin] DidVaitel (STEAM_0:1:74202541) Attempted to use tool permaprops
L 01/23/2019 - 02:12:04: [FAdmin] DidVaitel (STEAM_0:1:74202541) Attempted to use tool permaprops
L 01/23/2019 - 02:12:05: [FAdmin] DidVaitel (STEAM_0:1:74202541) Attempted to use tool permaprops
L 01/23/2019 - 02:12:05: [FAdmin] DidVaitel (STEAM_0:1:74202541) Attempted to use tool permaprops
L 01/23/2019 - 02:12:13: [FAdmin] DidVaitel (STEAM_0:1:74202541) Attempted to use tool light
L 01/23/2019 - 02:12:16: [FAdmin] DidVaitel (STEAM_0:1:74202541) Attempted to use tool permaprops
L 01/23/2019 - 02:12:18: [FAdmin] prop_physics(models/maxofs2d/companion_doll.mdl) Got removed
L 01/23/2019 - 02:12:18: [FAdmin] prop_physics(models/props_c17/furnituretable003a.mdl) Got removed
L 01/23/2019 - 02:12:18: [FAdmin] prop_physics(models/props_c17/furniturecouch002a.mdl) Got removed
L 01/23/2019 - 02:12:18: [FAdmin] prop_physics(models/props_c17/furniturecouch001a.mdl) Got removed
L 01/23/2019 - 02:12:19: Lua Error: 
[ERROR] lua/includes/util/color.lua:16: bad argument #1 to 'min' (number expected, got nil)
  1. min - [C]:-1
   2. Color - lua/includes/util/color.lua:16
    3. fn - addons/[server]_icefuse-permapropper/lua/permapropper/sv_lib.lua:54
     4. unknown - addons/ulxulib/lua/ulib/shared/hook.lua:109
      5. CleanUpMap - [C]:-1
       6. unknown - gamemodes/darkrp/gamemode/modules/fadmin/fadmin/cleanup/sv_init.lua:26
        7. unknown - lua/includes/modules/concommand.lua:54


L 01/23/2019 - 02:12:19: [FAdmin] FAdmin Action: DidVaitel (STEAM_0:1:74202541) Cleaned up the map
L 01/23/2019 - 02:13:21: [FAdmin] Server succesfully shut down.
L 01/23/2019 - 02:13:21: [FAdmin] prop_physics(models/maxofs2d/companion_doll.mdl) Got removed
L 01/23/2019 - 02:13:21: [FAdmin] prop_physics(models/props_c17/furnituretable003a.mdl) Got removed
L 01/23/2019 - 02:13:21: [FAdmin] prop_physics(models/props_c17/furniturecouch002a.mdl) Got removed
L 01/23/2019 - 02:13:21: [FAdmin] prop_physics(models/props_c17/furniturecouch001a.mdl) Got removed
L 01/23/2019 - 02:13:21: "DidVaitel<2><STEAM_0:1:74202541><>" disconnected (reason "Server shutting down")
L 01/23/2019 - 02:13:21: server_message: "quit"
L 01/23/2019 - 02:13:21: Log file closed.
