L 01/20/2019 - 12:17:04: Log file started (file "logs\L0120032.log") (game "F:\sup\steamapps\common\GarrysModDS\garrysmod") (version "7334")
L 01/20/2019 - 12:17:04: server_cvar: "sv_alltalk" "3"
L 01/20/2019 - 12:17:04: server_cvar: "sv_allowcslua" "1"
L 01/20/2019 - 12:17:04: server_cvar: "sv_airaccelerate" "1000"
L 01/20/2019 - 12:17:04: server_cvar: "sv_alltalk" "0"
L 01/20/2019 - 12:17:04: Banid: "<><STEAM_0:0:432813650><>" was banned "permanently" by "Console"
L 01/20/2019 - 12:17:04: Banid: "<><STEAM_0:0:207758038><>" was banned "permanently" by "Console"
L 01/20/2019 - 12:17:04: Banid: "<><STEAM_0:0:432813650><>" was banned "permanently" by "Console"
L 01/20/2019 - 12:17:04: Banid: "<><STEAM_0:0:207758038><>" was banned "permanently" by "Console"
L 01/20/2019 - 12:17:06: Connection to Steam servers successful.
L 01/20/2019 - 12:17:06:    Public IP is 31.130.42.81.
L 01/20/2019 - 12:17:06: Assigned anonymous gameserver Steam ID [A-1:3358919687(11824)].
L 01/20/2019 - 12:17:06: VAC secure mode is activated.
L 01/20/2019 - 12:17:06: "DidVaitel<2><STEAM_0:1:74202541><>" connected, address "192.168.1.103:27006"
L 01/20/2019 - 12:17:07: "DidVaitel<2><STEAM_0:1:74202541><>" STEAM USERID validated
L 01/20/2019 - 12:17:16: [FAdmin] DidVaitel (STEAM_0:1:74202541) is Authed
L 01/20/2019 - 12:17:16: [FAdmin] DidVaitel (STEAM_0:1:74202541) Spawned for the first time
L 01/20/2019 - 12:17:16: [FAdmin] DidVaitel (STEAM_0:1:74202541) Spawned
L 01/20/2019 - 12:17:16: "DidVaitel<2><STEAM_0:1:74202541><>" entered the game
L 01/20/2019 - 12:17:16: [FAdmin] DidVaitel (STEAM_0:1:74202541) Attempted to pick up a keys
L 01/20/2019 - 12:17:16: [FAdmin] DidVaitel (STEAM_0:1:74202541) Attempted to pick up a weapon_physcannon
L 01/20/2019 - 12:17:16: [FAdmin] DidVaitel (STEAM_0:1:74202541) Attempted to pick up a gmod_camera
L 01/20/2019 - 12:17:16: [FAdmin] DidVaitel (STEAM_0:1:74202541) Attempted to pick up a gmod_tool
L 01/20/2019 - 12:17:16: [FAdmin] DidVaitel (STEAM_0:1:74202541) Attempted to pick up a pocket
L 01/20/2019 - 12:17:16: [FAdmin] DidVaitel (STEAM_0:1:74202541) Attempted to pick up a weapon_physgun
L 01/20/2019 - 12:17:16: [FAdmin] DidVaitel (STEAM_0:1:74202541) Attempted to pick up a weapon_keypadchecker
L 01/20/2019 - 12:17:16: [FAdmin] DidVaitel (STEAM_0:1:74202541) Attempted to pick up a door_ram
L 01/20/2019 - 12:17:16: [FAdmin] DidVaitel (STEAM_0:1:74202541) Attempted to pick up a arrest_stick
L 01/20/2019 - 12:17:16: [FAdmin] DidVaitel (STEAM_0:1:74202541) Attempted to pick up a unarrest_stick
L 01/20/2019 - 12:17:16: [FAdmin] DidVaitel (STEAM_0:1:74202541) Attempted to pick up a stunstick
L 01/20/2019 - 12:17:16: [FAdmin] DidVaitel (STEAM_0:1:74202541) Attempted to pick up a weaponchecker
L 01/20/2019 - 12:17:33: [FAdmin] DidVaitel (STEAM_0:1:74202541) Attempted to switch noclip
L 01/20/2019 - 12:17:33: [FAdmin] DidVaitel (STEAM_0:1:74202541) Attempted to switch noclip
L 01/20/2019 - 12:19:55: Lua Error: 
[ERROR] lua/includes/extensions/table.lua:94: bad argument #1 to 'pairs' (table expected, got nil)
  1. pairs - [C]:-1
   2. HasValue - lua/includes/extensions/table.lua:94
    3. func - addons/gduels-system/lua/gduel/core/sv_functions.lua:70
     4. unknown - lua/includes/extensions/net.lua:32


L 01/20/2019 - 12:23:51: [FAdmin] Server succesfully shut down.
L 01/20/2019 - 12:23:51: [FAdmin] prop_physics(models/maxofs2d/companion_doll.mdl) Got removed
L 01/20/2019 - 12:23:51: [FAdmin] prop_physics(models/props_c17/furnituretable003a.mdl) Got removed
L 01/20/2019 - 12:23:51: [FAdmin] prop_physics(models/props_c17/furniturecouch002a.mdl) Got removed
L 01/20/2019 - 12:23:51: [FAdmin] prop_physics(models/props_c17/furniturecouch001a.mdl) Got removed
L 01/20/2019 - 12:23:51: "DidVaitel<2><STEAM_0:1:74202541><>" disconnected (reason "Server shutting down")
L 01/20/2019 - 12:23:51: server_message: "quit"
L 01/20/2019 - 12:23:51: Log file closed.
