L 01/27/2019 - 07:36:01: Log file started (file "logs\L0127000.log") (game "F:\sup\steamapps\common\GarrysModDS\garrysmod") (version "7334")
L 01/27/2019 - 07:36:01: server_cvar: "sv_alltalk" "3"
L 01/27/2019 - 07:36:01: server_cvar: "sv_allowcslua" "1"
L 01/27/2019 - 07:36:01: server_cvar: "sv_airaccelerate" "1000"
L 01/27/2019 - 07:36:01: server_cvar: "sv_alltalk" "0"
L 01/27/2019 - 07:36:01: Banid: "<><STEAM_0:0:432813650><>" was banned "permanently" by "Console"
L 01/27/2019 - 07:36:01: Banid: "<><STEAM_0:0:207758038><>" was banned "permanently" by "Console"
L 01/27/2019 - 07:36:01: Banid: "<><STEAM_0:0:432813650><>" was banned "permanently" by "Console"
L 01/27/2019 - 07:36:01: Banid: "<><STEAM_0:0:207758038><>" was banned "permanently" by "Console"
L 01/27/2019 - 07:36:03: Connection to Steam servers successful.
L 01/27/2019 - 07:36:03:    Public IP is 31.130.42.81.
L 01/27/2019 - 07:36:03: Assigned anonymous gameserver Steam ID [A-1:4262045699(11869)].
L 01/27/2019 - 07:36:03: VAC secure mode is activated.
L 01/27/2019 - 07:42:43: "DidVaitel<2><STEAM_0:1:74202541><>" connected, address "192.168.1.103:27005"
L 01/27/2019 - 07:42:44: "DidVaitel<2><STEAM_0:1:74202541><>" STEAM USERID validated
L 01/27/2019 - 07:43:26: [FAdmin] DidVaitel (STEAM_0:1:74202541) is Authed
L 01/27/2019 - 07:43:26: [FAdmin] DidVaitel (STEAM_0:1:74202541) Spawned for the first time
L 01/27/2019 - 07:43:26: [FAdmin] DidVaitel (STEAM_0:1:74202541) Spawned
L 01/27/2019 - 07:43:26: "DidVaitel<2><STEAM_0:1:74202541><>" entered the game
L 01/27/2019 - 07:43:26: [FAdmin] DidVaitel (STEAM_0:1:74202541) Attempted to pick up a keys
L 01/27/2019 - 07:43:26: [FAdmin] DidVaitel (STEAM_0:1:74202541) Attempted to pick up a weapon_physcannon
L 01/27/2019 - 07:43:26: [FAdmin] DidVaitel (STEAM_0:1:74202541) Attempted to pick up a gmod_camera
L 01/27/2019 - 07:43:26: [FAdmin] DidVaitel (STEAM_0:1:74202541) Attempted to pick up a gmod_tool
L 01/27/2019 - 07:43:26: [FAdmin] DidVaitel (STEAM_0:1:74202541) Attempted to pick up a pocket
L 01/27/2019 - 07:43:26: [FAdmin] DidVaitel (STEAM_0:1:74202541) Attempted to pick up a weapon_physgun
L 01/27/2019 - 07:43:26: [FAdmin] DidVaitel (STEAM_0:1:74202541) Attempted to pick up a weapon_keypadchecker
L 01/27/2019 - 07:43:26: [FAdmin] DidVaitel (STEAM_0:1:74202541) Attempted to pick up a door_ram
L 01/27/2019 - 07:43:26: [FAdmin] DidVaitel (STEAM_0:1:74202541) Attempted to pick up a arrest_stick
L 01/27/2019 - 07:43:26: [FAdmin] DidVaitel (STEAM_0:1:74202541) Attempted to pick up a unarrest_stick
L 01/27/2019 - 07:43:26: [FAdmin] DidVaitel (STEAM_0:1:74202541) Attempted to pick up a stunstick
L 01/27/2019 - 07:43:26: [FAdmin] DidVaitel (STEAM_0:1:74202541) Attempted to pick up a weaponchecker
L 01/27/2019 - 08:16:38: "DidVaitel<2><STEAM_0:1:74202541><>" disconnected (reason "Disconnect by user.")
L 01/27/2019 - 08:16:38: [FAdmin] DidVaitel (STEAM_0:1:74202541) Disconnected
L 01/27/2019 - 08:16:53: "DidVaitel<3><STEAM_0:1:74202541><>" connected, address "192.168.1.103:27005"
L 01/27/2019 - 08:16:53: "DidVaitel<3><STEAM_0:1:74202541><>" STEAM USERID validated
L 01/27/2019 - 08:17:13: [FAdmin] DidVaitel (STEAM_0:1:74202541) is Authed
L 01/27/2019 - 08:17:13: [FAdmin] DidVaitel (STEAM_0:1:74202541) Spawned for the first time
L 01/27/2019 - 08:17:13: [FAdmin] DidVaitel (STEAM_0:1:74202541) Spawned
L 01/27/2019 - 08:17:13: "DidVaitel<3><STEAM_0:1:74202541><>" entered the game
L 01/27/2019 - 08:17:13: [FAdmin] DidVaitel (STEAM_0:1:74202541) Attempted to pick up a keys
L 01/27/2019 - 08:17:13: [FAdmin] DidVaitel (STEAM_0:1:74202541) Attempted to pick up a weapon_physcannon
L 01/27/2019 - 08:17:13: [FAdmin] DidVaitel (STEAM_0:1:74202541) Attempted to pick up a gmod_camera
L 01/27/2019 - 08:17:13: [FAdmin] DidVaitel (STEAM_0:1:74202541) Attempted to pick up a gmod_tool
L 01/27/2019 - 08:17:13: [FAdmin] DidVaitel (STEAM_0:1:74202541) Attempted to pick up a pocket
L 01/27/2019 - 08:17:13: [FAdmin] DidVaitel (STEAM_0:1:74202541) Attempted to pick up a weapon_physgun
L 01/27/2019 - 08:17:13: [FAdmin] DidVaitel (STEAM_0:1:74202541) Attempted to pick up a weapon_keypadchecker
L 01/27/2019 - 08:17:13: [FAdmin] DidVaitel (STEAM_0:1:74202541) Attempted to pick up a door_ram
L 01/27/2019 - 08:17:13: [FAdmin] DidVaitel (STEAM_0:1:74202541) Attempted to pick up a arrest_stick
L 01/27/2019 - 08:17:13: [FAdmin] DidVaitel (STEAM_0:1:74202541) Attempted to pick up a unarrest_stick
L 01/27/2019 - 08:17:13: [FAdmin] DidVaitel (STEAM_0:1:74202541) Attempted to pick up a stunstick
L 01/27/2019 - 08:17:13: [FAdmin] DidVaitel (STEAM_0:1:74202541) Attempted to pick up a weaponchecker
L 01/27/2019 - 08:46:20: [FAdmin] Server succesfully shut down.
L 01/27/2019 - 08:46:20: [FAdmin] prop_physics(models/maxofs2d/companion_doll.mdl) Got removed
L 01/27/2019 - 08:46:20: [FAdmin] prop_physics(models/props_c17/furnituretable003a.mdl) Got removed
L 01/27/2019 - 08:46:20: [FAdmin] prop_physics(models/props_c17/furniturecouch002a.mdl) Got removed
L 01/27/2019 - 08:46:20: [FAdmin] prop_physics(models/props_c17/furniturecouch001a.mdl) Got removed
L 01/27/2019 - 08:46:20: [FAdmin] prop_physics(models/props_c17/furniturestove001a.mdl) Got removed
L 01/27/2019 - 08:46:20: [FAdmin] prop_physics(models/props_c17/furniturestove001a.mdl) Got removed
L 01/27/2019 - 08:46:20: "DidVaitel<3><STEAM_0:1:74202541><>" disconnected (reason "Server shutting down")
L 01/27/2019 - 08:46:20: server_message: "quit"
L 01/27/2019 - 08:46:20: Log file closed.
