L 02/15/2019 - 21:50:53: Log file started (file "logs\L0215002.log") (game "F:\sup\steamapps\common\GarrysModDS\garrysmod") (version "7334")
L 02/15/2019 - 21:50:53: server_cvar: "sv_alltalk" "3"
L 02/15/2019 - 21:50:56: Connection to Steam servers successful.
L 02/15/2019 - 21:50:56:    Public IP is 31.130.42.81.
L 02/15/2019 - 21:50:56: Assigned anonymous gameserver Steam ID [A-1:1970197511(12006)].
L 02/15/2019 - 21:50:56: VAC secure mode is activated.
L 02/15/2019 - 21:50:58: "DidVaitel<2><STEAM_0:1:74202541><>" connected, address "192.168.1.101:27006"
L 02/15/2019 - 21:50:59: "DidVaitel<2><STEAM_0:1:74202541><>" STEAM USERID validated
L 02/15/2019 - 21:51:11: "DidVaitel<2><STEAM_0:1:74202541><>" entered the game
L 02/15/2019 - 21:56:42: Lua Error: 
[ERROR] not not:5: attempt to index global 'fille' (a nil value)
  1. func - not not:5
   2. unknown - lua/includes/extensions/net.lua:32


L 02/15/2019 - 21:57:01: Lua Error: 
[ERROR] not not:5: attempt to index global 'fille' (a nil value)
  1. func - not not:5
   2. unknown - lua/includes/extensions/net.lua:32


L 02/15/2019 - 21:58:04: Lua Error: 
[ERROR] not not:5: attempt to index global 'fille' (a nil value)
  1. func - not not:5
   2. unknown - lua/includes/extensions/net.lua:32


L 02/15/2019 - 21:58:45: "DidVaitel<2><STEAM_0:1:74202541><>" disconnected (reason "Server shutting down")
L 02/15/2019 - 21:58:45: server_message: "quit"
L 02/15/2019 - 21:58:45: Log file closed.
