L 02/16/2019 - 00:00:42: Log file started (file "logs\L0216000.log") (game "F:\sup\steamapps\common\GarrysModDS\garrysmod") (version "7334")
L 02/16/2019 - 00:00:42: Loading map "gm_construct"
L 02/16/2019 - 00:00:42: server cvars start
L 02/16/2019 - 00:00:42: "ttt_namechange_bantime" = "10"
L 02/16/2019 - 00:00:42: "ttt_namechange_kick" = "1"
L 02/16/2019 - 00:00:42: "ttt_ragdoll_pinning_innocents" = "0"
L 02/16/2019 - 00:00:42: "ttt_ragdoll_pinning" = "1"
L 02/16/2019 - 00:00:42: "ttt_teleport_telefrags" = "0"
L 02/16/2019 - 00:00:42: "ttt_no_nade_throw_during_prep" = "0"
L 02/16/2019 - 00:00:42: "ttt_allow_discomb_jump" = "0"
L 02/16/2019 - 00:00:42: "ttt_detective_hats" = "0"
L 02/16/2019 - 00:00:42: "ttt_detective_karma_min" = "600"
L 02/16/2019 - 00:00:42: "ttt_detective_min_players" = "8"
L 02/16/2019 - 00:00:42: "ttt_det_credits_starting" = "1"
L 02/16/2019 - 00:00:42: "ttt_detective_pct" = "0.125000"
L 02/16/2019 - 00:00:42: "ttt_detective_max" = "32"
L 02/16/2019 - 00:00:42: "ttt_credits_starting" = "2"
L 02/16/2019 - 00:00:42: "ttt_traitor_pct" = "0.250000"
L 02/16/2019 - 00:00:42: "ttt_traitor_max" = "32"
L 02/16/2019 - 00:00:42: "ttt_postround_dm" = "0"
L 02/16/2019 - 00:00:42: "ttt_haste_minutes_per_death" = "0.500000"
L 02/16/2019 - 00:00:42: "ttt_haste_starting_minutes" = "5"
L 02/16/2019 - 00:00:42: "ttt_roundtime_minutes" = "10"
L 02/16/2019 - 00:00:42: "ttt_round_limit" = "6"
L 02/16/2019 - 00:00:42: "ttt_posttime_seconds" = "30"
L 02/16/2019 - 00:00:42: "ttt_preptime_seconds" = "30"
L 02/16/2019 - 00:00:42: "ttt_firstpreptime" = "60"
L 02/16/2019 - 00:00:42: "ttt_time_limit_minutes" = "75"
L 02/16/2019 - 00:00:42: "ttt_haste" = "1"
L 02/16/2019 - 00:00:42: "ttt_debug_preventwin" = "0"
L 02/16/2019 - 00:00:42: "sbox_persist" = ""
L 02/16/2019 - 00:00:42: "sbox_bonemanip_misc" = "0"
L 02/16/2019 - 00:00:42: "sbox_bonemanip_player" = "0"
L 02/16/2019 - 00:00:42: "sbox_bonemanip_npc" = "1"
L 02/16/2019 - 00:00:42: "sbox_weapons" = "0"
L 02/16/2019 - 00:00:42: "sbox_maxemitters" = "0"
L 02/16/2019 - 00:00:42: "sbox_maxbuttons" = "10"
L 02/16/2019 - 00:00:42: "sbox_maxhoverballs" = "0"
L 02/16/2019 - 00:00:42: "sbox_maxthrusters" = "0"
L 02/16/2019 - 00:00:42: "sbox_maxwheels" = "0"
L 02/16/2019 - 00:00:42: "sbox_maxlights" = "5"
L 02/16/2019 - 00:00:42: "sbox_maxlamps" = "0"
L 02/16/2019 - 00:00:42: "sbox_maxdynamite" = "0"
L 02/16/2019 - 00:00:42: "sbox_maxsents" = "100"
L 02/16/2019 - 00:00:42: "sbox_maxnpcs" = "0"
L 02/16/2019 - 00:00:42: "sbox_maxcameras" = "10"
L 02/16/2019 - 00:00:42: "sbox_maxballoons" = "0"
L 02/16/2019 - 00:00:42: "sbox_maxeffects" = "5"
L 02/16/2019 - 00:00:42: "sbox_maxvehicles" = "100"
L 02/16/2019 - 00:00:42: "sbox_maxragdolls" = "0"
L 02/16/2019 - 00:00:42: "sbox_maxprops" = "100"
L 02/16/2019 - 00:00:42: "sbox_playershurtplayers" = "1"
L 02/16/2019 - 00:00:42: "sbox_godmode" = "0"
L 02/16/2019 - 00:00:42: "sbox_noclip" = "0"
L 02/16/2019 - 00:00:42: "physgun_limited" = "0"
L 02/16/2019 - 00:00:42: "sv_allowcslua" = "1"
L 02/16/2019 - 00:00:42: "physgun_maxrange" = "4096"
L 02/16/2019 - 00:00:42: "ai_disabled" = "0"
L 02/16/2019 - 00:00:42: "ai_ignoreplayers" = "0"
L 02/16/2019 - 00:00:42: "mp_teamplay" = "0"
L 02/16/2019 - 00:00:42: "mp_falldamage" = "1"
L 02/16/2019 - 00:00:42: "mp_weaponstay" = "0"
L 02/16/2019 - 00:00:42: "mp_forcerespawn" = "1"
L 02/16/2019 - 00:00:42: "mp_footsteps" = "1"
L 02/16/2019 - 00:00:42: "mp_flashlight" = "1"
L 02/16/2019 - 00:00:42: "mp_autocrosshair" = "1"
L 02/16/2019 - 00:00:42: "decalfrequency" = "60"
L 02/16/2019 - 00:00:42: "mp_teamlist" = "hgrunt;scientist"
L 02/16/2019 - 00:00:42: "mp_allowNPCs" = "1"
L 02/16/2019 - 00:00:42: "mp_friendlyfire" = "0"
L 02/16/2019 - 00:00:42: "mp_fadetoblack" = "0"
L 02/16/2019 - 00:00:42: "sv_gravity" = "600"
L 02/16/2019 - 00:00:42: "sv_stopspeed" = "10"
L 02/16/2019 - 00:00:42: "sv_noclipaccelerate" = "5"
L 02/16/2019 - 00:00:42: "sv_noclipspeed" = "5"
L 02/16/2019 - 00:00:42: "sv_specaccelerate" = "5"
L 02/16/2019 - 00:00:42: "sv_specspeed" = "3"
L 02/16/2019 - 00:00:42: "sv_specnoclip" = "1"
L 02/16/2019 - 00:00:42: "sv_maxspeed" = "10000"
L 02/16/2019 - 00:00:42: "sv_accelerate" = "10"
L 02/16/2019 - 00:00:42: "sv_airaccelerate" = "1000"
L 02/16/2019 - 00:00:42: "sv_wateraccelerate" = "10"
L 02/16/2019 - 00:00:42: "sv_waterfriction" = "1"
L 02/16/2019 - 00:00:42: "sv_footsteps" = "1"
L 02/16/2019 - 00:00:42: "sv_rollspeed" = "200"
L 02/16/2019 - 00:00:42: "sv_rollangle" = "0"
L 02/16/2019 - 00:00:42: "sv_friction" = "8"
L 02/16/2019 - 00:00:42: "sv_bounce" = "0"
L 02/16/2019 - 00:00:42: "sv_stepsize" = "18"
L 02/16/2019 - 00:00:42: "r_VehicleViewDampen" = "0"
L 02/16/2019 - 00:00:42: "r_JeepViewDampenFreq" = "7.0"
L 02/16/2019 - 00:00:42: "r_JeepViewDampenDamp" = "1.0"
L 02/16/2019 - 00:00:42: "r_JeepViewZHeight" = "10.0"
L 02/16/2019 - 00:00:42: "r_AirboatViewDampenFreq" = "7.0"
L 02/16/2019 - 00:00:42: "r_AirboatViewDampenDamp" = "1.0"
L 02/16/2019 - 00:00:42: "r_AirboatViewZHeight" = "0.0"
L 02/16/2019 - 00:00:42: "mp_timelimit" = "0"
L 02/16/2019 - 00:00:42: "mp_fraglimit" = "0"
L 02/16/2019 - 00:00:42: "nextlevel" = ""
L 02/16/2019 - 00:00:42: "sv_maxusrcmdprocessticks" = "24"
L 02/16/2019 - 00:00:42: "sv_alltalk" = "0"
L 02/16/2019 - 00:00:42: "sv_hl2mp_weapon_respawn_time" = "20"
L 02/16/2019 - 00:00:42: "sv_hl2mp_item_respawn_time" = "30"
L 02/16/2019 - 00:00:42: "sv_report_client_settings" = "0"
L 02/16/2019 - 00:00:42: "sv_cheats" = "0"
L 02/16/2019 - 00:00:42: "sv_pausable" = "0"
L 02/16/2019 - 00:00:42: "sv_contact" = ""
L 02/16/2019 - 00:00:42: "sv_voiceenable" = "1"
L 02/16/2019 - 00:00:42: "tv_enable" = "0"
L 02/16/2019 - 00:00:42: "sv_steamgroup" = ""
L 02/16/2019 - 00:00:42: "sv_password" = ""
L 02/16/2019 - 00:00:42: "tv_relaypassword" = ""
L 02/16/2019 - 00:00:42: "tv_password" = ""
L 02/16/2019 - 00:00:42: "deathmatch" = "1"
L 02/16/2019 - 00:00:42: "coop" = "0"
L 02/16/2019 - 00:00:42: server cvars end
L 02/16/2019 - 00:00:42: Started map "gm_construct" (CRC "3b5c56cf3c38f66e3ea2ce2fa7c2b112")
L 02/16/2019 - 00:00:43: server_cvar: "sv_tfa_range_modifier" "0.500000"
L 02/16/2019 - 00:00:43: server_cvar: "sv_tfa_damage_mult_min" "0.950000"
L 02/16/2019 - 00:00:43: server_cvar: "sv_tfa_damage_mult_max" "1.050000"
L 02/16/2019 - 00:00:43: server_cvar: "sv_tfa_melee_damage_ply" "0.650000"
L 02/16/2019 - 00:00:43: server_cvar: "sv_tfa_melee_blocking_stun_time" "0.650000"
L 02/16/2019 - 00:00:43: Lua Error: Couldn't include file 'ai_translations.lua' (File not found) (@lua/weapons/leafy_base/init.lua (line 2))

L 02/16/2019 - 00:00:44: Lua Error: [AddCSLuaFile] Couldn't find 'weapons/weapon_incinerate/cl_init.lua' (<nowhere>)

L 02/16/2019 - 00:00:44: Lua Error: [AddCSLuaFile] Couldn't find 'cl_init.lua' (@lua/weapons/weapon_incinerate/init.lua (line 1))

L 02/16/2019 - 00:00:44: Executing dedicated server config file server.cfg
L 02/16/2019 - 00:00:44: Banid: "<><STEAM_0:0:432813650><>" was banned "permanently" by "Console"
L 02/16/2019 - 00:00:44: Banid: "<><STEAM_0:0:207758038><>" was banned "permanently" by "Console"
L 02/16/2019 - 00:00:44: Addip: "<><><>" was banned by IP "permanently" by "Console" (IP "78.85.4.91")
L 02/16/2019 - 00:00:44: Log file closed.
