L 02/20/2019 - 00:04:19: Log file started (file "logs\L0220001.log") (game "F:\sup\steamapps\common\GarrysModDS\garrysmod") (version "7402")
L 02/20/2019 - 00:04:19: server_cvar: "sv_alltalk" "3"
L 02/20/2019 - 00:04:19: server_cvar: "sv_allowcslua" "1"
L 02/20/2019 - 00:04:19: server_cvar: "sv_airaccelerate" "1000"
L 02/20/2019 - 00:04:19: server_cvar: "sv_alltalk" "0"
L 02/20/2019 - 00:04:21: "DidVaitel<2><STEAM_0:1:74202541><>" connected, address "192.168.1.100:27006"
L 02/20/2019 - 00:04:21: Connection to Steam servers successful.
L 02/20/2019 - 00:04:21:    Public IP is 31.130.42.81.
L 02/20/2019 - 00:04:21: Assigned anonymous gameserver Steam ID [A-1:3435070475(12036)].
L 02/20/2019 - 00:04:21: VAC secure mode is activated.
L 02/20/2019 - 00:04:21: "DidVaitel<2><STEAM_0:1:74202541><>" STEAM USERID validated
L 02/20/2019 - 00:05:13: [FAdmin] DidVaitel (STEAM_0:1:74202541) Spawned for the first time
L 02/20/2019 - 00:05:13: [FAdmin] DidVaitel (STEAM_0:1:74202541) Spawned
L 02/20/2019 - 00:05:13: "DidVaitel<2><STEAM_0:1:74202541><>" entered the game
L 02/20/2019 - 00:05:13: [FAdmin] DidVaitel (STEAM_0:1:74202541) Attempted to pick up a keys
L 02/20/2019 - 00:05:13: [FAdmin] DidVaitel (STEAM_0:1:74202541) Attempted to pick up a weapon_physcannon
L 02/20/2019 - 00:05:13: [FAdmin] DidVaitel (STEAM_0:1:74202541) Attempted to pick up a gmod_camera
L 02/20/2019 - 00:05:13: [FAdmin] DidVaitel (STEAM_0:1:74202541) Attempted to pick up a gmod_tool
L 02/20/2019 - 00:05:13: [FAdmin] DidVaitel (STEAM_0:1:74202541) Attempted to pick up a pocket
L 02/20/2019 - 00:05:13: [FAdmin] DidVaitel (STEAM_0:1:74202541) Attempted to pick up a weapon_physgun
L 02/20/2019 - 00:05:13: [FAdmin] DidVaitel (STEAM_0:1:74202541) Attempted to pick up a weapon_keypadchecker
L 02/20/2019 - 00:05:13: [FAdmin] DidVaitel (STEAM_0:1:74202541) Attempted to pick up a door_ram
L 02/20/2019 - 00:05:13: [FAdmin] DidVaitel (STEAM_0:1:74202541) Attempted to pick up a arrest_stick
L 02/20/2019 - 00:05:13: [FAdmin] DidVaitel (STEAM_0:1:74202541) Attempted to pick up a unarrest_stick
L 02/20/2019 - 00:05:13: [FAdmin] DidVaitel (STEAM_0:1:74202541) Attempted to pick up a stunstick
L 02/20/2019 - 00:05:13: [FAdmin] DidVaitel (STEAM_0:1:74202541) Attempted to pick up a weaponchecker
L 02/20/2019 - 00:05:13: [FAdmin] DidVaitel (STEAM_0:1:74202541) is Authed
L 02/20/2019 - 00:05:38: "Bot01<3><BOT><>" connected, address "none"
L 02/20/2019 - 00:05:38: [FAdmin] Bot01 (BOT) Spawned for the first time
L 02/20/2019 - 00:05:38: [FAdmin] Bot01 (BOT) Spawned
L 02/20/2019 - 00:05:38: "Bot01<3><BOT><>" entered the game
L 02/20/2019 - 00:05:38: [FAdmin] Bot01 (BOT) Attempted to pick up a keys
L 02/20/2019 - 00:05:38: [FAdmin] Bot01 (BOT) Attempted to pick up a weapon_physcannon
L 02/20/2019 - 00:05:38: [FAdmin] Bot01 (BOT) Attempted to pick up a gmod_camera
L 02/20/2019 - 00:05:38: [FAdmin] Bot01 (BOT) Attempted to pick up a gmod_tool
L 02/20/2019 - 00:05:38: [FAdmin] Bot01 (BOT) Attempted to pick up a pocket
L 02/20/2019 - 00:05:38: [FAdmin] Bot01 (BOT) Attempted to pick up a weapon_physgun
L 02/20/2019 - 00:06:35: [FAdmin] DidVaitel (STEAM_0:1:74202541) Attempted to switch noclip
L 02/20/2019 - 00:06:51: Connection to Steam servers lost.  (Result = 3)
L 02/20/2019 - 00:12:40: Connection to Steam servers successful.
L 02/20/2019 - 00:12:40:    Public IP is 31.130.42.81.
L 02/20/2019 - 00:12:40: Assigned anonymous gameserver Steam ID [A-1:3435070475(12036)].
L 02/20/2019 - 00:12:40: VAC secure mode is activated.
L 02/20/2019 - 00:13:57: "DidVaitel<2><STEAM_0:1:74202541><Citizen>" say "!tp"

L 02/20/2019 - 00:13:59: [FAdmin] FAdmin: DidVaitel (STEAM_0:1:74202541) teleported DidVaitel
L 02/20/2019 - 00:13:59: "DidVaitel<2><STEAM_0:1:74202541><Citizen>" say "/tp"

L 02/20/2019 - 00:14:04: [FAdmin] FAdmin: DidVaitel (STEAM_0:1:74202541) teleported Bot01
L 02/20/2019 - 00:14:04: "DidVaitel<2><STEAM_0:1:74202541><Citizen>" say "/tp bot01"

L 02/20/2019 - 00:14:15: [FAdmin] DidVaitel (STEAM_0:1:74202541) Attempted to switch noclip
L 02/20/2019 - 00:14:24: Lua Error: 
[Nuke  [urf.im content]] lua/entities/buzzer_scpnuke1/init.lua:130: attempt to index global 'self' (a nil value)
  1. unknown - lua/entities/buzzer_scpnuke1/init.lua:130


L 02/20/2019 - 00:14:24: Lua Error: 
[Nuke  [urf.im content]] lua/entities/buzzer_scpnuke1/init.lua:150: attempt to index global 'self' (a nil value)
  1. unknown - lua/entities/buzzer_scpnuke1/init.lua:150


L 02/20/2019 - 00:14:50: [FAdmin] DidVaitel (STEAM_0:1:74202541) Attempted to switch noclip
L 02/20/2019 - 00:14:55: "DidVaitel<2><STEAM_0:1:74202541><>" disconnected (reason "Disconnect by user.")
L 02/20/2019 - 00:14:55: [FAdmin] DidVaitel (STEAM_0:1:74202541) Disconnected
L 02/20/2019 - 00:14:55: "Bot01<3><BOT><>" disconnected (reason "Punting bot, server is hibernating")
L 02/20/2019 - 00:14:55: [FAdmin] Bot01 (BOT) Disconnected
L 02/20/2019 - 00:14:55: "DidVaitel<4><STEAM_0:1:74202541><>" connected, address "192.168.1.100:27006"
L 02/20/2019 - 00:14:55: "DidVaitel<4><STEAM_0:1:74202541><>" STEAM USERID validated
L 02/20/2019 - 00:15:47: [FAdmin] DidVaitel (STEAM_0:1:74202541) Spawned for the first time
L 02/20/2019 - 00:15:47: [FAdmin] DidVaitel (STEAM_0:1:74202541) Spawned
L 02/20/2019 - 00:15:47: "DidVaitel<4><STEAM_0:1:74202541><>" entered the game
L 02/20/2019 - 00:15:47: [FAdmin] DidVaitel (STEAM_0:1:74202541) Attempted to pick up a keys
L 02/20/2019 - 00:15:47: [FAdmin] DidVaitel (STEAM_0:1:74202541) Attempted to pick up a weapon_physcannon
L 02/20/2019 - 00:15:47: [FAdmin] DidVaitel (STEAM_0:1:74202541) Attempted to pick up a gmod_camera
L 02/20/2019 - 00:15:47: [FAdmin] DidVaitel (STEAM_0:1:74202541) Attempted to pick up a gmod_tool
L 02/20/2019 - 00:15:47: [FAdmin] DidVaitel (STEAM_0:1:74202541) Attempted to pick up a pocket
L 02/20/2019 - 00:15:47: [FAdmin] DidVaitel (STEAM_0:1:74202541) Attempted to pick up a weapon_physgun
L 02/20/2019 - 00:15:47: [FAdmin] DidVaitel (STEAM_0:1:74202541) Attempted to pick up a weapon_keypadchecker
L 02/20/2019 - 00:15:47: [FAdmin] DidVaitel (STEAM_0:1:74202541) Attempted to pick up a door_ram
L 02/20/2019 - 00:15:47: [FAdmin] DidVaitel (STEAM_0:1:74202541) Attempted to pick up a arrest_stick
L 02/20/2019 - 00:15:47: [FAdmin] DidVaitel (STEAM_0:1:74202541) Attempted to pick up a unarrest_stick
L 02/20/2019 - 00:15:47: [FAdmin] DidVaitel (STEAM_0:1:74202541) Attempted to pick up a stunstick
L 02/20/2019 - 00:15:47: [FAdmin] DidVaitel (STEAM_0:1:74202541) Attempted to pick up a weaponchecker
L 02/20/2019 - 00:15:47: [FAdmin] DidVaitel (STEAM_0:1:74202541) is Authed
L 02/20/2019 - 00:16:02: [FAdmin] DidVaitel (STEAM_0:1:74202541) Attempted to switch noclip
L 02/20/2019 - 00:17:09: [FAdmin] DidVaitel (STEAM_0:1:74202541) Attempted to switch noclip
L 02/20/2019 - 00:17:09: [FAdmin] DidVaitel (STEAM_0:1:74202541) Attempted to switch noclip
L 02/20/2019 - 00:17:10: [FAdmin] DidVaitel (STEAM_0:1:74202541) Attempted to switch noclip
L 02/20/2019 - 00:17:10: [FAdmin] DidVaitel (STEAM_0:1:74202541) Attempted to switch noclip
L 02/20/2019 - 00:17:11: [FAdmin] DidVaitel (STEAM_0:1:74202541) Attempted to switch noclip
L 02/20/2019 - 00:17:11: [FAdmin] DidVaitel (STEAM_0:1:74202541) Attempted to switch noclip
L 02/20/2019 - 00:17:12: [FAdmin] DidVaitel (STEAM_0:1:74202541) Attempted to switch noclip
L 02/20/2019 - 00:17:12: [FAdmin] DidVaitel (STEAM_0:1:74202541) Attempted to switch noclip
L 02/20/2019 - 00:17:13: [FAdmin] DidVaitel (STEAM_0:1:74202541) Attempted to switch noclip
L 02/20/2019 - 00:17:13: [FAdmin] DidVaitel (STEAM_0:1:74202541) Attempted to switch noclip
L 02/20/2019 - 00:17:13: [FAdmin] DidVaitel (STEAM_0:1:74202541) Attempted to switch noclip
L 02/20/2019 - 00:17:14: [FAdmin] DidVaitel (STEAM_0:1:74202541) Attempted to switch noclip
L 02/20/2019 - 00:17:14: [FAdmin] DidVaitel (STEAM_0:1:74202541) Attempted to switch noclip
L 02/20/2019 - 00:17:14: [FAdmin] DidVaitel (STEAM_0:1:74202541) Attempted to switch noclip
L 02/20/2019 - 00:17:14: [FAdmin] DidVaitel (STEAM_0:1:74202541) Attempted to switch noclip
L 02/20/2019 - 00:17:14: [FAdmin] DidVaitel (STEAM_0:1:74202541) Attempted to switch noclip
L 02/20/2019 - 00:17:15: [FAdmin] DidVaitel (STEAM_0:1:74202541) Attempted to switch noclip
L 02/20/2019 - 00:17:15: [FAdmin] DidVaitel (STEAM_0:1:74202541) Attempted to switch noclip
L 02/20/2019 - 00:17:15: [FAdmin] DidVaitel (STEAM_0:1:74202541) Attempted to switch noclip
L 02/20/2019 - 00:17:15: [FAdmin] DidVaitel (STEAM_0:1:74202541) Attempted to switch noclip
L 02/20/2019 - 00:17:16: [FAdmin] DidVaitel (STEAM_0:1:74202541) Attempted to switch noclip
L 02/20/2019 - 00:17:16: [FAdmin] DidVaitel (STEAM_0:1:74202541) Attempted to switch noclip
L 02/20/2019 - 00:17:16: [FAdmin] DidVaitel (STEAM_0:1:74202541) Attempted to switch noclip
L 02/20/2019 - 00:17:16: [FAdmin] DidVaitel (STEAM_0:1:74202541) Attempted to switch noclip
L 02/20/2019 - 00:17:17: [FAdmin] DidVaitel (STEAM_0:1:74202541) Attempted to switch noclip
L 02/20/2019 - 00:17:17: [FAdmin] DidVaitel (STEAM_0:1:74202541) Attempted to switch noclip
L 02/20/2019 - 00:17:17: [FAdmin] DidVaitel (STEAM_0:1:74202541) Attempted to switch noclip
L 02/20/2019 - 00:17:17: [FAdmin] DidVaitel (STEAM_0:1:74202541) Attempted to switch noclip
L 02/20/2019 - 00:17:18: [FAdmin] DidVaitel (STEAM_0:1:74202541) Attempted to switch noclip
L 02/20/2019 - 00:17:18: [FAdmin] DidVaitel (STEAM_0:1:74202541) Attempted to switch noclip
L 02/20/2019 - 00:17:18: [FAdmin] DidVaitel (STEAM_0:1:74202541) Attempted to switch noclip
L 02/20/2019 - 00:17:18: [FAdmin] DidVaitel (STEAM_0:1:74202541) Attempted to switch noclip
L 02/20/2019 - 00:17:18: [FAdmin] DidVaitel (STEAM_0:1:74202541) Attempted to switch noclip
L 02/20/2019 - 00:17:19: [FAdmin] DidVaitel (STEAM_0:1:74202541) Attempted to switch noclip
L 02/20/2019 - 00:17:19: [FAdmin] DidVaitel (STEAM_0:1:74202541) Attempted to switch noclip
L 02/20/2019 - 00:17:19: [FAdmin] DidVaitel (STEAM_0:1:74202541) Attempted to switch noclip
L 02/20/2019 - 00:17:20: [FAdmin] DidVaitel (STEAM_0:1:74202541) Attempted to switch noclip
L 02/20/2019 - 00:17:20: [FAdmin] DidVaitel (STEAM_0:1:74202541) Attempted to switch noclip
L 02/20/2019 - 00:17:21: [FAdmin] DidVaitel (STEAM_0:1:74202541) Attempted to switch noclip
L 02/20/2019 - 00:17:22: [FAdmin] DidVaitel (STEAM_0:1:74202541) Attempted to switch noclip
L 02/20/2019 - 00:17:22: [FAdmin] DidVaitel (STEAM_0:1:74202541) Attempted to switch noclip
L 02/20/2019 - 00:17:22: [FAdmin] DidVaitel (STEAM_0:1:74202541) Attempted to switch noclip
L 02/20/2019 - 00:17:22: [FAdmin] DidVaitel (STEAM_0:1:74202541) Attempted to switch noclip
L 02/20/2019 - 00:17:23: [FAdmin] DidVaitel (STEAM_0:1:74202541) Attempted to switch noclip
L 02/20/2019 - 00:17:30: "DidVaitel<4><STEAM_0:1:74202541><>" disconnected (reason "Disconnect by user.")
L 02/20/2019 - 00:17:30: [FAdmin] DidVaitel (STEAM_0:1:74202541) Disconnected
L 02/20/2019 - 00:17:30: "DidVaitel<5><STEAM_0:1:74202541><>" connected, address "192.168.1.100:27006"
L 02/20/2019 - 00:17:30: "DidVaitel<5><STEAM_0:1:74202541><>" STEAM USERID validated
L 02/20/2019 - 00:18:22: [FAdmin] DidVaitel (STEAM_0:1:74202541) Spawned for the first time
L 02/20/2019 - 00:18:22: [FAdmin] DidVaitel (STEAM_0:1:74202541) Spawned
L 02/20/2019 - 00:18:22: "DidVaitel<5><STEAM_0:1:74202541><>" entered the game
L 02/20/2019 - 00:18:22: [FAdmin] DidVaitel (STEAM_0:1:74202541) Attempted to pick up a keys
L 02/20/2019 - 00:18:22: [FAdmin] DidVaitel (STEAM_0:1:74202541) Attempted to pick up a weapon_physcannon
L 02/20/2019 - 00:18:22: [FAdmin] DidVaitel (STEAM_0:1:74202541) Attempted to pick up a gmod_camera
L 02/20/2019 - 00:18:22: [FAdmin] DidVaitel (STEAM_0:1:74202541) Attempted to pick up a gmod_tool
L 02/20/2019 - 00:18:22: [FAdmin] DidVaitel (STEAM_0:1:74202541) Attempted to pick up a pocket
L 02/20/2019 - 00:18:22: [FAdmin] DidVaitel (STEAM_0:1:74202541) Attempted to pick up a weapon_physgun
L 02/20/2019 - 00:18:22: [FAdmin] DidVaitel (STEAM_0:1:74202541) Attempted to pick up a weapon_keypadchecker
L 02/20/2019 - 00:18:22: [FAdmin] DidVaitel (STEAM_0:1:74202541) Attempted to pick up a door_ram
L 02/20/2019 - 00:18:22: [FAdmin] DidVaitel (STEAM_0:1:74202541) Attempted to pick up a arrest_stick
L 02/20/2019 - 00:18:22: [FAdmin] DidVaitel (STEAM_0:1:74202541) Attempted to pick up a unarrest_stick
L 02/20/2019 - 00:18:22: [FAdmin] DidVaitel (STEAM_0:1:74202541) Attempted to pick up a stunstick
L 02/20/2019 - 00:18:22: [FAdmin] DidVaitel (STEAM_0:1:74202541) Attempted to pick up a weaponchecker
L 02/20/2019 - 00:18:22: [FAdmin] DidVaitel (STEAM_0:1:74202541) is Authed
L 02/20/2019 - 00:18:58: [FAdmin] DidVaitel (STEAM_0:1:74202541) Attempted to switch noclip
L 02/20/2019 - 00:19:39: "eLeCtrOssSnake<6><STEAM_0:1:164666257><>" connected, address "212.66.63.68:27005"
L 02/20/2019 - 00:19:39: "eLeCtrOssSnake<6><STEAM_0:1:164666257><>" STEAM USERID validated
L 02/20/2019 - 00:20:06: "eLeCtrOssSnake<6><STEAM_0:1:164666257><>" disconnected (reason "Disconnect by user.")
L 02/20/2019 - 00:20:11: [FAdmin] Server succesfully shut down.
L 02/20/2019 - 00:20:11: [FAdmin] prop_physics(models/maxofs2d/companion_doll.mdl) Got removed
L 02/20/2019 - 00:20:11: [FAdmin] prop_physics(models/props_c17/furnituretable003a.mdl) Got removed
L 02/20/2019 - 00:20:11: [FAdmin] prop_physics(models/props_c17/furniturecouch002a.mdl) Got removed
L 02/20/2019 - 00:20:11: [FAdmin] prop_physics(models/props_c17/furniturecouch001a.mdl) Got removed
L 02/20/2019 - 00:20:11: "DidVaitel<5><STEAM_0:1:74202541><>" disconnected (reason "Server shutting down")
L 02/20/2019 - 00:20:11: server_message: "quit"
L 02/20/2019 - 00:20:11: Log file closed.
