L 02/20/2019 - 00:52:50: Log file started (file "logs\L0220004.log") (game "F:\sup\steamapps\common\GarrysModDS\garrysmod") (version "7402")
L 02/20/2019 - 00:52:50: server_cvar: "sv_alltalk" "3"
L 02/20/2019 - 00:52:50: server_cvar: "sv_allowcslua" "1"
L 02/20/2019 - 00:52:50: server_cvar: "sv_airaccelerate" "1000"
L 02/20/2019 - 00:52:50: server_cvar: "sv_alltalk" "0"
L 02/20/2019 - 00:52:51: Connection to Steam servers successful.
L 02/20/2019 - 00:52:51:    Public IP is 31.130.42.81.
L 02/20/2019 - 00:52:51: Assigned anonymous gameserver Steam ID [A-1:3840327683(12036)].
L 02/20/2019 - 00:52:51: VAC secure mode is activated.
L 02/20/2019 - 00:52:55: "DidVaitel<2><STEAM_0:1:74202541><>" connected, address "192.168.1.100:27006"
L 02/20/2019 - 00:52:55: "DidVaitel<2><STEAM_0:1:74202541><>" STEAM USERID validated
L 02/20/2019 - 00:53:02: [FAdmin] DidVaitel (STEAM_0:1:74202541) Spawned for the first time
L 02/20/2019 - 00:53:02: [FAdmin] DidVaitel (STEAM_0:1:74202541) Spawned
L 02/20/2019 - 00:53:02: "DidVaitel<2><STEAM_0:1:74202541><>" entered the game
L 02/20/2019 - 00:53:02: [FAdmin] DidVaitel (STEAM_0:1:74202541) Attempted to pick up a keys
L 02/20/2019 - 00:53:02: [FAdmin] DidVaitel (STEAM_0:1:74202541) Attempted to pick up a weapon_physcannon
L 02/20/2019 - 00:53:02: [FAdmin] DidVaitel (STEAM_0:1:74202541) Attempted to pick up a gmod_camera
L 02/20/2019 - 00:53:02: [FAdmin] DidVaitel (STEAM_0:1:74202541) Attempted to pick up a gmod_tool
L 02/20/2019 - 00:53:02: [FAdmin] DidVaitel (STEAM_0:1:74202541) Attempted to pick up a pocket
L 02/20/2019 - 00:53:02: [FAdmin] DidVaitel (STEAM_0:1:74202541) Attempted to pick up a weapon_physgun
L 02/20/2019 - 00:53:02: [FAdmin] DidVaitel (STEAM_0:1:74202541) Attempted to pick up a weapon_keypadchecker
L 02/20/2019 - 00:53:02: [FAdmin] DidVaitel (STEAM_0:1:74202541) Attempted to pick up a door_ram
L 02/20/2019 - 00:53:02: [FAdmin] DidVaitel (STEAM_0:1:74202541) Attempted to pick up a arrest_stick
L 02/20/2019 - 00:53:02: [FAdmin] DidVaitel (STEAM_0:1:74202541) Attempted to pick up a unarrest_stick
L 02/20/2019 - 00:53:02: [FAdmin] DidVaitel (STEAM_0:1:74202541) Attempted to pick up a stunstick
L 02/20/2019 - 00:53:02: [FAdmin] DidVaitel (STEAM_0:1:74202541) Attempted to pick up a weaponchecker
L 02/20/2019 - 00:53:02: [FAdmin] DidVaitel (STEAM_0:1:74202541) is Authed
L 02/20/2019 - 00:53:06: "eLeCtrOssSnake<3><STEAM_0:1:164666257><>" connected, address "212.66.63.68:27005"
L 02/20/2019 - 00:53:06: "eLeCtrOssSnake<3><STEAM_0:1:164666257><>" STEAM USERID validated
L 02/20/2019 - 00:53:12: STEAMAUTH: Client eLeCtrOssSnake received failure code 6
L 02/20/2019 - 00:53:12: "eLeCtrOssSnake<3><STEAM_0:1:164666257><>" disconnected (reason "Client left game (Steam auth ticket has been canceled)
")
L 02/20/2019 - 00:53:41: "Bot01<4><BOT><>" connected, address "none"
L 02/20/2019 - 00:53:41: [FAdmin] Bot01 (BOT) Spawned for the first time
L 02/20/2019 - 00:53:41: [FAdmin] Bot01 (BOT) Spawned
L 02/20/2019 - 00:53:41: "Bot01<4><BOT><>" entered the game
L 02/20/2019 - 00:53:41: [FAdmin] Bot01 (BOT) Attempted to pick up a keys
L 02/20/2019 - 00:53:41: [FAdmin] Bot01 (BOT) Attempted to pick up a weapon_physcannon
L 02/20/2019 - 00:53:41: [FAdmin] Bot01 (BOT) Attempted to pick up a gmod_camera
L 02/20/2019 - 00:53:41: [FAdmin] Bot01 (BOT) Attempted to pick up a gmod_tool
L 02/20/2019 - 00:53:41: [FAdmin] Bot01 (BOT) Attempted to pick up a pocket
L 02/20/2019 - 00:53:41: [FAdmin] Bot01 (BOT) Attempted to pick up a weapon_physgun
L 02/20/2019 - 00:58:06: "DidVaitel<2><STEAM_0:1:74202541><>" disconnected (reason "Disconnect by user.")
L 02/20/2019 - 00:58:06: [FAdmin] DidVaitel (STEAM_0:1:74202541) Disconnected
L 02/20/2019 - 00:58:06: "Bot01<4><BOT><>" disconnected (reason "Punting bot, server is hibernating")
L 02/20/2019 - 00:58:06: [FAdmin] Bot01 (BOT) Disconnected
L 02/20/2019 - 00:58:06: "DidVaitel<5><STEAM_0:1:74202541><>" connected, address "192.168.1.100:27006"
L 02/20/2019 - 00:58:07: "DidVaitel<5><STEAM_0:1:74202541><>" STEAM USERID validated
L 02/20/2019 - 00:58:14: [FAdmin] DidVaitel (STEAM_0:1:74202541) Spawned for the first time
L 02/20/2019 - 00:58:14: [FAdmin] DidVaitel (STEAM_0:1:74202541) Spawned
L 02/20/2019 - 00:58:14: "DidVaitel<5><STEAM_0:1:74202541><>" entered the game
L 02/20/2019 - 00:58:14: [FAdmin] DidVaitel (STEAM_0:1:74202541) Attempted to pick up a keys
L 02/20/2019 - 00:58:14: [FAdmin] DidVaitel (STEAM_0:1:74202541) Attempted to pick up a weapon_physcannon
L 02/20/2019 - 00:58:14: [FAdmin] DidVaitel (STEAM_0:1:74202541) Attempted to pick up a gmod_camera
L 02/20/2019 - 00:58:14: [FAdmin] DidVaitel (STEAM_0:1:74202541) Attempted to pick up a gmod_tool
L 02/20/2019 - 00:58:14: [FAdmin] DidVaitel (STEAM_0:1:74202541) Attempted to pick up a pocket
L 02/20/2019 - 00:58:14: [FAdmin] DidVaitel (STEAM_0:1:74202541) Attempted to pick up a weapon_physgun
L 02/20/2019 - 00:58:14: [FAdmin] DidVaitel (STEAM_0:1:74202541) Attempted to pick up a weapon_keypadchecker
L 02/20/2019 - 00:58:14: [FAdmin] DidVaitel (STEAM_0:1:74202541) Attempted to pick up a door_ram
L 02/20/2019 - 00:58:14: [FAdmin] DidVaitel (STEAM_0:1:74202541) Attempted to pick up a arrest_stick
L 02/20/2019 - 00:58:14: [FAdmin] DidVaitel (STEAM_0:1:74202541) Attempted to pick up a unarrest_stick
L 02/20/2019 - 00:58:14: [FAdmin] DidVaitel (STEAM_0:1:74202541) Attempted to pick up a stunstick
L 02/20/2019 - 00:58:14: [FAdmin] DidVaitel (STEAM_0:1:74202541) Attempted to pick up a weaponchecker
L 02/20/2019 - 00:58:14: [FAdmin] DidVaitel (STEAM_0:1:74202541) is Authed
L 02/20/2019 - 00:58:44: Lua Error: 
[ERROR] lua/autorun/server/admin_functions.lua:14: ')' expected (to close '(' at line 4) near 'local'
  1. unknown - lua/autorun/server/admin_functions.lua:0


L 02/20/2019 - 00:59:07: "Bot02<6><BOT><>" connected, address "none"
L 02/20/2019 - 00:59:07: [FAdmin] Bot02 (BOT) Spawned for the first time
L 02/20/2019 - 00:59:07: [FAdmin] Bot02 (BOT) Spawned
L 02/20/2019 - 00:59:07: "Bot02<6><BOT><>" entered the game
L 02/20/2019 - 00:59:07: [FAdmin] Bot02 (BOT) Attempted to pick up a keys
L 02/20/2019 - 00:59:07: [FAdmin] Bot02 (BOT) Attempted to pick up a weapon_physcannon
L 02/20/2019 - 00:59:07: [FAdmin] Bot02 (BOT) Attempted to pick up a gmod_camera
L 02/20/2019 - 00:59:07: [FAdmin] Bot02 (BOT) Attempted to pick up a gmod_tool
L 02/20/2019 - 00:59:07: [FAdmin] Bot02 (BOT) Attempted to pick up a pocket
L 02/20/2019 - 00:59:07: [FAdmin] Bot02 (BOT) Attempted to pick up a weapon_physgun
L 02/20/2019 - 00:59:08: "Bot03<7><BOT><>" connected, address "none"
L 02/20/2019 - 00:59:08: [FAdmin] Bot03 (BOT) Spawned for the first time
L 02/20/2019 - 00:59:08: [FAdmin] Bot03 (BOT) Spawned
L 02/20/2019 - 00:59:08: "Bot03<7><BOT><>" entered the game
L 02/20/2019 - 00:59:08: [FAdmin] Bot03 (BOT) Attempted to pick up a keys
L 02/20/2019 - 00:59:08: [FAdmin] Bot03 (BOT) Attempted to pick up a weapon_physcannon
L 02/20/2019 - 00:59:08: [FAdmin] Bot03 (BOT) Attempted to pick up a gmod_camera
L 02/20/2019 - 00:59:08: [FAdmin] Bot03 (BOT) Attempted to pick up a gmod_tool
L 02/20/2019 - 00:59:08: [FAdmin] Bot03 (BOT) Attempted to pick up a pocket
L 02/20/2019 - 00:59:08: [FAdmin] Bot03 (BOT) Attempted to pick up a weapon_physgun
L 02/20/2019 - 00:59:09: [FAdmin] DidVaitel (STEAM_0:1:74202541) Attempted to switch noclip
L 02/20/2019 - 00:59:12: [FAdmin] DidVaitel (STEAM_0:1:74202541) Attempted to switch noclip
L 02/20/2019 - 01:11:03: [FAdmin] DidVaitel (STEAM_0:1:74202541) Attempted to switch noclip
L 02/20/2019 - 01:11:25: [FAdmin] Server succesfully shut down.
L 02/20/2019 - 01:11:25: [FAdmin] prop_physics(models/maxofs2d/companion_doll.mdl) Got removed
L 02/20/2019 - 01:11:25: [FAdmin] prop_physics(models/props_c17/furnituretable003a.mdl) Got removed
L 02/20/2019 - 01:11:25: [FAdmin] prop_physics(models/props_c17/furniturecouch002a.mdl) Got removed
L 02/20/2019 - 01:11:25: [FAdmin] prop_physics(models/props_c17/furniturecouch001a.mdl) Got removed
L 02/20/2019 - 01:11:25: "Bot03<7><BOT><>" disconnected (reason "Server shutting down")
L 02/20/2019 - 01:11:25: "Bot02<6><BOT><>" disconnected (reason "Server shutting down")
L 02/20/2019 - 01:11:25: "DidVaitel<5><STEAM_0:1:74202541><>" disconnected (reason "Server shutting down")
L 02/20/2019 - 01:11:25: server_message: "quit"
L 02/20/2019 - 01:11:25: Log file closed.
