L 02/20/2019 - 00:00:45: Log file started (file "logs\L0220000.log") (game "F:\sup\steamapps\common\GarrysModDS\garrysmod") (version "7402")
L 02/20/2019 - 00:00:45: server_cvar: "sv_alltalk" "3"
L 02/20/2019 - 00:00:45: server_cvar: "sv_allowcslua" "1"
L 02/20/2019 - 00:00:45: server_cvar: "sv_airaccelerate" "1000"
L 02/20/2019 - 00:00:45: server_cvar: "sv_alltalk" "0"
L 02/20/2019 - 00:00:46: Connection to Steam servers successful.
L 02/20/2019 - 00:00:46:    Public IP is 31.130.42.81.
L 02/20/2019 - 00:00:46: Assigned anonymous gameserver Steam ID [A-1:3432800267(12036)].
L 02/20/2019 - 00:00:46: VAC secure mode is activated.
L 02/20/2019 - 00:01:05: "DidVaitel<2><STEAM_0:1:74202541><>" connected, address "192.168.1.100:27006"
L 02/20/2019 - 00:01:05: "DidVaitel<2><STEAM_0:1:74202541><>" STEAM USERID validated
L 02/20/2019 - 00:02:07: [FAdmin] DidVaitel (STEAM_0:1:74202541) Spawned for the first time
L 02/20/2019 - 00:02:07: [FAdmin] DidVaitel (STEAM_0:1:74202541) Spawned
L 02/20/2019 - 00:02:07: "DidVaitel<2><STEAM_0:1:74202541><>" entered the game
L 02/20/2019 - 00:02:07: [FAdmin] DidVaitel (STEAM_0:1:74202541) Attempted to pick up a keys
L 02/20/2019 - 00:02:07: [FAdmin] DidVaitel (STEAM_0:1:74202541) Attempted to pick up a weapon_physcannon
L 02/20/2019 - 00:02:07: [FAdmin] DidVaitel (STEAM_0:1:74202541) Attempted to pick up a gmod_camera
L 02/20/2019 - 00:02:07: [FAdmin] DidVaitel (STEAM_0:1:74202541) Attempted to pick up a gmod_tool
L 02/20/2019 - 00:02:07: [FAdmin] DidVaitel (STEAM_0:1:74202541) Attempted to pick up a pocket
L 02/20/2019 - 00:02:07: [FAdmin] DidVaitel (STEAM_0:1:74202541) Attempted to pick up a weapon_physgun
L 02/20/2019 - 00:02:07: [FAdmin] DidVaitel (STEAM_0:1:74202541) Attempted to pick up a weapon_keypadchecker
L 02/20/2019 - 00:02:07: [FAdmin] DidVaitel (STEAM_0:1:74202541) Attempted to pick up a door_ram
L 02/20/2019 - 00:02:07: [FAdmin] DidVaitel (STEAM_0:1:74202541) Attempted to pick up a arrest_stick
L 02/20/2019 - 00:02:07: [FAdmin] DidVaitel (STEAM_0:1:74202541) Attempted to pick up a unarrest_stick
L 02/20/2019 - 00:02:07: [FAdmin] DidVaitel (STEAM_0:1:74202541) Attempted to pick up a stunstick
L 02/20/2019 - 00:02:07: [FAdmin] DidVaitel (STEAM_0:1:74202541) Attempted to pick up a weaponchecker
L 02/20/2019 - 00:02:07: [FAdmin] DidVaitel (STEAM_0:1:74202541) is Authed
L 02/20/2019 - 00:04:03: "Bot01<3><BOT><>" connected, address "none"
L 02/20/2019 - 00:04:03: [FAdmin] Bot01 (BOT) Spawned for the first time
L 02/20/2019 - 00:04:03: [FAdmin] Bot01 (BOT) Spawned
L 02/20/2019 - 00:04:03: "Bot01<3><BOT><>" entered the game
L 02/20/2019 - 00:04:03: [FAdmin] Bot01 (BOT) Attempted to pick up a keys
L 02/20/2019 - 00:04:03: [FAdmin] Bot01 (BOT) Attempted to pick up a weapon_physcannon
L 02/20/2019 - 00:04:03: [FAdmin] Bot01 (BOT) Attempted to pick up a gmod_camera
L 02/20/2019 - 00:04:03: [FAdmin] Bot01 (BOT) Attempted to pick up a gmod_tool
L 02/20/2019 - 00:04:03: [FAdmin] Bot01 (BOT) Attempted to pick up a pocket
L 02/20/2019 - 00:04:03: [FAdmin] Bot01 (BOT) Attempted to pick up a weapon_physgun
L 02/20/2019 - 00:04:10: [FAdmin] Server succesfully shut down.
L 02/20/2019 - 00:04:10: [FAdmin] prop_physics(models/maxofs2d/companion_doll.mdl) Got removed
L 02/20/2019 - 00:04:10: [FAdmin] prop_physics(models/props_c17/furnituretable003a.mdl) Got removed
L 02/20/2019 - 00:04:10: [FAdmin] prop_physics(models/props_c17/furniturecouch002a.mdl) Got removed
L 02/20/2019 - 00:04:10: [FAdmin] prop_physics(models/props_c17/furniturecouch001a.mdl) Got removed
L 02/20/2019 - 00:04:10: "Bot01<3><BOT><>" disconnected (reason "Server shutting down")
L 02/20/2019 - 00:04:10: "DidVaitel<2><STEAM_0:1:74202541><>" disconnected (reason "Server shutting down")
L 02/20/2019 - 00:04:10: server_message: "quit"
L 02/20/2019 - 00:04:11: Log file closed.
