L 03/03/2019 - 23:02:45: Log file started (file "logs\L0303008.log") (game "F:\sup\steamapps\common\GarrysModDS\garrysmod") (version "7402")
L 03/03/2019 - 23:02:45: server_cvar: "sv_alltalk" "3"
L 03/03/2019 - 23:02:45: server_cvar: "sv_allowcslua" "1"
L 03/03/2019 - 23:02:45: server_cvar: "sv_airaccelerate" "1000"
L 03/03/2019 - 23:02:45: server_cvar: "sv_alltalk" "0"
L 03/03/2019 - 23:02:46: Connection to Steam servers successful.
L 03/03/2019 - 23:02:46:    Public IP is 31.130.42.81.
L 03/03/2019 - 23:02:46: Assigned anonymous gameserver Steam ID [A-1:1492482059(12110)].
L 03/03/2019 - 23:02:47: VAC secure mode is activated.
L 03/03/2019 - 23:02:48: "DidVaitel<2><STEAM_0:1:74202541><>" connected, address "192.168.1.101:27006"
L 03/03/2019 - 23:02:48: "DidVaitel<2><STEAM_0:1:74202541><>" STEAM USERID validated
L 03/03/2019 - 23:03:05: [FAdmin] DidVaitel (STEAM_0:1:74202541) Spawned for the first time
L 03/03/2019 - 23:03:05: [FAdmin] DidVaitel (STEAM_0:1:74202541) Spawned
L 03/03/2019 - 23:03:05: "DidVaitel<2><STEAM_0:1:74202541><>" entered the game
L 03/03/2019 - 23:03:05: [FAdmin] DidVaitel (STEAM_0:1:74202541) Attempted to pick up a keys
L 03/03/2019 - 23:03:05: [FAdmin] DidVaitel (STEAM_0:1:74202541) Attempted to pick up a weapon_physcannon
L 03/03/2019 - 23:03:05: [FAdmin] DidVaitel (STEAM_0:1:74202541) Attempted to pick up a gmod_camera
L 03/03/2019 - 23:03:05: [FAdmin] DidVaitel (STEAM_0:1:74202541) Attempted to pick up a gmod_tool
L 03/03/2019 - 23:03:05: [FAdmin] DidVaitel (STEAM_0:1:74202541) Attempted to pick up a pocket
L 03/03/2019 - 23:03:05: [FAdmin] DidVaitel (STEAM_0:1:74202541) Attempted to pick up a weapon_physgun
L 03/03/2019 - 23:03:05: [FAdmin] DidVaitel (STEAM_0:1:74202541) Attempted to pick up a weapon_keypadchecker
L 03/03/2019 - 23:03:05: [FAdmin] DidVaitel (STEAM_0:1:74202541) Attempted to pick up a door_ram
L 03/03/2019 - 23:03:05: [FAdmin] DidVaitel (STEAM_0:1:74202541) Attempted to pick up a arrest_stick
L 03/03/2019 - 23:03:05: [FAdmin] DidVaitel (STEAM_0:1:74202541) Attempted to pick up a unarrest_stick
L 03/03/2019 - 23:03:05: [FAdmin] DidVaitel (STEAM_0:1:74202541) Attempted to pick up a stunstick
L 03/03/2019 - 23:03:05: [FAdmin] DidVaitel (STEAM_0:1:74202541) Attempted to pick up a weaponchecker
L 03/03/2019 - 23:03:05: [FAdmin] DidVaitel (STEAM_0:1:74202541) is Authed
L 03/03/2019 - 23:03:31: [FAdmin] DidVaitel (STEAM_0:1:74202541) Attempted to switch noclip
L 03/03/2019 - 23:03:33: [FAdmin] DidVaitel (STEAM_0:1:74202541) Attempted to switch noclip
L 03/03/2019 - 23:03:56: Lua Error: 
[ERROR] addons/ration factory/lua/entities/eml_component1/init.lua:41: Tried to use a NULL entity!
  1. SetPos - [C]:-1
   2. unknown - addons/ration factory/lua/entities/eml_component1/init.lua:41


L 03/03/2019 - 23:04:02: Lua Error: 
[ERROR] addons/ration factory/lua/entities/eml_component1/init.lua:41: Tried to use a NULL entity!
  1. SetPos - [C]:-1
   2. unknown - addons/ration factory/lua/entities/eml_component1/init.lua:41


L 03/03/2019 - 23:04:17: Lua Error: 
[ERROR] addons/ration factory/lua/entities/eml_component1/init.lua:41: Tried to use a NULL entity!
  1. SetPos - [C]:-1
   2. unknown - addons/ration factory/lua/entities/eml_component1/init.lua:41


L 03/03/2019 - 23:05:49: Lua Error: 
[ERROR] addons/ration factory/lua/entities/eml_component1/init.lua:41: Tried to use a NULL entity!
  1. SetPos - [C]:-1
   2. unknown - addons/ration factory/lua/entities/eml_component1/init.lua:41


L 03/03/2019 - 23:05:49: Lua Error: 
[ERROR] addons/ration factory/lua/entities/eml_component1/init.lua:41: Tried to use a NULL entity!
  1. SetPos - [C]:-1
   2. unknown - addons/ration factory/lua/entities/eml_component1/init.lua:41


L 03/03/2019 - 23:05:49: Lua Error: 
[ERROR] addons/ration factory/lua/entities/eml_component1/init.lua:41: Tried to use a NULL entity!
  1. SetPos - [C]:-1
   2. unknown - addons/ration factory/lua/entities/eml_component1/init.lua:41


L 03/03/2019 - 23:05:51: Lua Error: 
[ERROR] addons/ration factory/lua/entities/eml_component1/init.lua:41: Tried to use a NULL entity!
  1. SetPos - [C]:-1
   2. unknown - addons/ration factory/lua/entities/eml_component1/init.lua:41


L 03/03/2019 - 23:05:51: Lua Error: 
[ERROR] addons/ration factory/lua/entities/eml_component1/init.lua:41: Tried to use a NULL entity!
  1. SetPos - [C]:-1
   2. unknown - addons/ration factory/lua/entities/eml_component1/init.lua:41


L 03/03/2019 - 23:05:51: Lua Error: 
[ERROR] addons/ration factory/lua/entities/eml_component1/init.lua:41: Tried to use a NULL entity!
  1. SetPos - [C]:-1
   2. unknown - addons/ration factory/lua/entities/eml_component1/init.lua:41


L 03/03/2019 - 23:05:51: Lua Error: 
[ERROR] addons/ration factory/lua/entities/eml_component1/init.lua:41: Tried to use a NULL entity!
  1. SetPos - [C]:-1
   2. unknown - addons/ration factory/lua/entities/eml_component1/init.lua:41


L 03/03/2019 - 23:05:51: Lua Error: 
[ERROR] addons/ration factory/lua/entities/eml_component1/init.lua:41: Tried to use a NULL entity!
  1. SetPos - [C]:-1
   2. unknown - addons/ration factory/lua/entities/eml_component1/init.lua:41


L 03/03/2019 - 23:05:51: Lua Error: 
[ERROR] addons/ration factory/lua/entities/eml_component1/init.lua:41: Tried to use a NULL entity!
  1. SetPos - [C]:-1
   2. unknown - addons/ration factory/lua/entities/eml_component1/init.lua:41


L 03/03/2019 - 23:05:51: Lua Error: 
[ERROR] addons/ration factory/lua/entities/eml_component1/init.lua:41: Tried to use a NULL entity!
  1. SetPos - [C]:-1
   2. unknown - addons/ration factory/lua/entities/eml_component1/init.lua:41


L 03/03/2019 - 23:05:51: Lua Error: 
[ERROR] addons/ration factory/lua/entities/eml_component1/init.lua:41: Tried to use a NULL entity!
  1. SetPos - [C]:-1
   2. unknown - addons/ration factory/lua/entities/eml_component1/init.lua:41


L 03/03/2019 - 23:05:51: Lua Error: 
[ERROR] addons/ration factory/lua/entities/eml_component1/init.lua:41: Tried to use a NULL entity!
  1. SetPos - [C]:-1
   2. unknown - addons/ration factory/lua/entities/eml_component1/init.lua:41


L 03/03/2019 - 23:05:51: Lua Error: 
[ERROR] addons/ration factory/lua/entities/eml_component1/init.lua:41: Tried to use a NULL entity!
  1. SetPos - [C]:-1
   2. unknown - addons/ration factory/lua/entities/eml_component1/init.lua:41


L 03/03/2019 - 23:05:51: Lua Error: 
[ERROR] addons/ration factory/lua/entities/eml_component1/init.lua:41: Tried to use a NULL entity!
  1. SetPos - [C]:-1
   2. unknown - addons/ration factory/lua/entities/eml_component1/init.lua:41


L 03/03/2019 - 23:05:51: Lua Error: 
[ERROR] addons/ration factory/lua/entities/eml_component1/init.lua:41: Tried to use a NULL entity!
  1. SetPos - [C]:-1
   2. unknown - addons/ration factory/lua/entities/eml_component1/init.lua:41


L 03/03/2019 - 23:05:51: Lua Error: 
[ERROR] addons/ration factory/lua/entities/eml_component1/init.lua:41: Tried to use a NULL entity!
  1. SetPos - [C]:-1
   2. unknown - addons/ration factory/lua/entities/eml_component1/init.lua:41


L 03/03/2019 - 23:05:51: Lua Error: 
[ERROR] addons/ration factory/lua/entities/eml_component1/init.lua:41: Tried to use a NULL entity!
  1. SetPos - [C]:-1
   2. unknown - addons/ration factory/lua/entities/eml_component1/init.lua:41


L 03/03/2019 - 23:05:51: Lua Error: 
[ERROR] addons/ration factory/lua/entities/eml_component1/init.lua:41: Tried to use a NULL entity!
  1. SetPos - [C]:-1
   2. unknown - addons/ration factory/lua/entities/eml_component1/init.lua:41


L 03/03/2019 - 23:05:51: Lua Error: 
[ERROR] addons/ration factory/lua/entities/eml_component1/init.lua:41: Tried to use a NULL entity!
  1. SetPos - [C]:-1
   2. unknown - addons/ration factory/lua/entities/eml_component1/init.lua:41


L 03/03/2019 - 23:05:51: Lua Error: 
[ERROR] addons/ration factory/lua/entities/eml_component1/init.lua:41: Tried to use a NULL entity!
  1. SetPos - [C]:-1
   2. unknown - addons/ration factory/lua/entities/eml_component1/init.lua:41


L 03/03/2019 - 23:05:52: Lua Error: 
[ERROR] addons/ration factory/lua/entities/eml_component1/init.lua:41: Tried to use a NULL entity!
  1. SetPos - [C]:-1
   2. unknown - addons/ration factory/lua/entities/eml_component1/init.lua:41


L 03/03/2019 - 23:05:52: Lua Error: 
[ERROR] addons/ration factory/lua/entities/eml_component1/init.lua:41: Tried to use a NULL entity!
  1. SetPos - [C]:-1
   2. unknown - addons/ration factory/lua/entities/eml_component1/init.lua:41


L 03/03/2019 - 23:05:54: Lua Error: 
[ERROR] addons/ration factory/lua/entities/eml_component1/init.lua:41: Tried to use a NULL entity!
  1. SetPos - [C]:-1
   2. unknown - addons/ration factory/lua/entities/eml_component1/init.lua:41


L 03/03/2019 - 23:05:54: Lua Error: 
[ERROR] addons/ration factory/lua/entities/eml_component1/init.lua:41: Tried to use a NULL entity!
  1. SetPos - [C]:-1
   2. unknown - addons/ration factory/lua/entities/eml_component1/init.lua:41


L 03/03/2019 - 23:06:40: Lua Error: 
[ERROR] addons/ration factory/lua/entities/eml_component1/init.lua:41: Tried to use a NULL entity!
  1. SetPos - [C]:-1
   2. unknown - addons/ration factory/lua/entities/eml_component1/init.lua:41


L 03/03/2019 - 23:06:40: Lua Error: 
[ERROR] addons/ration factory/lua/entities/eml_component1/init.lua:41: Tried to use a NULL entity!
  1. SetPos - [C]:-1
   2. unknown - addons/ration factory/lua/entities/eml_component1/init.lua:41


L 03/03/2019 - 23:06:40: Lua Error: 
[ERROR] addons/ration factory/lua/entities/eml_component1/init.lua:41: Tried to use a NULL entity!
  1. SetPos - [C]:-1
   2. unknown - addons/ration factory/lua/entities/eml_component1/init.lua:41


L 03/03/2019 - 23:06:40: Lua Error: 
[ERROR] addons/ration factory/lua/entities/eml_component1/init.lua:41: Tried to use a NULL entity!
  1. SetPos - [C]:-1
   2. unknown - addons/ration factory/lua/entities/eml_component1/init.lua:41


L 03/03/2019 - 23:06:40: Lua Error: 
[ERROR] addons/ration factory/lua/entities/eml_component1/init.lua:41: Tried to use a NULL entity!
  1. SetPos - [C]:-1
   2. unknown - addons/ration factory/lua/entities/eml_component1/init.lua:41


L 03/03/2019 - 23:06:40: Lua Error: 
[ERROR] addons/ration factory/lua/entities/eml_component1/init.lua:41: Tried to use a NULL entity!
  1. SetPos - [C]:-1
   2. unknown - addons/ration factory/lua/entities/eml_component1/init.lua:41


L 03/03/2019 - 23:06:40: Lua Error: 
[ERROR] addons/ration factory/lua/entities/eml_component1/init.lua:41: Tried to use a NULL entity!
  1. SetPos - [C]:-1
   2. unknown - addons/ration factory/lua/entities/eml_component1/init.lua:41


L 03/03/2019 - 23:06:40: Lua Error: 
[ERROR] addons/ration factory/lua/entities/eml_component1/init.lua:41: Tried to use a NULL entity!
  1. SetPos - [C]:-1
   2. unknown - addons/ration factory/lua/entities/eml_component1/init.lua:41


L 03/03/2019 - 23:06:40: Lua Error: 
[ERROR] addons/ration factory/lua/entities/eml_component1/init.lua:41: Tried to use a NULL entity!
  1. SetPos - [C]:-1
   2. unknown - addons/ration factory/lua/entities/eml_component1/init.lua:41


L 03/03/2019 - 23:06:40: Lua Error: 
[ERROR] addons/ration factory/lua/entities/eml_component1/init.lua:41: Tried to use a NULL entity!
  1. SetPos - [C]:-1
   2. unknown - addons/ration factory/lua/entities/eml_component1/init.lua:41


L 03/03/2019 - 23:06:40: Lua Error: 
[ERROR] addons/ration factory/lua/entities/eml_component1/init.lua:41: Tried to use a NULL entity!
  1. SetPos - [C]:-1
   2. unknown - addons/ration factory/lua/entities/eml_component1/init.lua:41


L 03/03/2019 - 23:06:40: Lua Error: 
[ERROR] addons/ration factory/lua/entities/eml_component1/init.lua:41: Tried to use a NULL entity!
  1. SetPos - [C]:-1
   2. unknown - addons/ration factory/lua/entities/eml_component1/init.lua:41


L 03/03/2019 - 23:06:40: Lua Error: 
[ERROR] addons/ration factory/lua/entities/eml_component1/init.lua:41: Tried to use a NULL entity!
  1. SetPos - [C]:-1
   2. unknown - addons/ration factory/lua/entities/eml_component1/init.lua:41


L 03/03/2019 - 23:06:40: Lua Error: 
[ERROR] addons/ration factory/lua/entities/eml_component1/init.lua:41: Tried to use a NULL entity!
  1. SetPos - [C]:-1
   2. unknown - addons/ration factory/lua/entities/eml_component1/init.lua:41


L 03/03/2019 - 23:06:40: Lua Error: 
[ERROR] addons/ration factory/lua/entities/eml_component1/init.lua:41: Tried to use a NULL entity!
  1. SetPos - [C]:-1
   2. unknown - addons/ration factory/lua/entities/eml_component1/init.lua:41


L 03/03/2019 - 23:06:40: Lua Error: 
[ERROR] addons/ration factory/lua/entities/eml_component1/init.lua:41: Tried to use a NULL entity!
  1. SetPos - [C]:-1
   2. unknown - addons/ration factory/lua/entities/eml_component1/init.lua:41


L 03/03/2019 - 23:06:40: Lua Error: 
[ERROR] addons/ration factory/lua/entities/eml_component1/init.lua:41: Tried to use a NULL entity!
  1. SetPos - [C]:-1
   2. unknown - addons/ration factory/lua/entities/eml_component1/init.lua:41


L 03/03/2019 - 23:06:40: Lua Error: 
[ERROR] addons/ration factory/lua/entities/eml_component1/init.lua:41: Tried to use a NULL entity!
  1. SetPos - [C]:-1
   2. unknown - addons/ration factory/lua/entities/eml_component1/init.lua:41


L 03/03/2019 - 23:06:40: Lua Error: 
[ERROR] addons/ration factory/lua/entities/eml_component1/init.lua:41: Tried to use a NULL entity!
  1. SetPos - [C]:-1
   2. unknown - addons/ration factory/lua/entities/eml_component1/init.lua:41


L 03/03/2019 - 23:06:40: Lua Error: 
[ERROR] addons/ration factory/lua/entities/eml_component1/init.lua:41: Tried to use a NULL entity!
  1. SetPos - [C]:-1
   2. unknown - addons/ration factory/lua/entities/eml_component1/init.lua:41


L 03/03/2019 - 23:06:40: Lua Error: 
[ERROR] addons/ration factory/lua/entities/eml_component1/init.lua:41: Tried to use a NULL entity!
  1. SetPos - [C]:-1
   2. unknown - addons/ration factory/lua/entities/eml_component1/init.lua:41


L 03/03/2019 - 23:06:40: Lua Error: 
[ERROR] addons/ration factory/lua/entities/eml_component1/init.lua:41: Tried to use a NULL entity!
  1. SetPos - [C]:-1
   2. unknown - addons/ration factory/lua/entities/eml_component1/init.lua:41


L 03/03/2019 - 23:06:40: Lua Error: 
[ERROR] addons/ration factory/lua/entities/eml_component1/init.lua:41: Tried to use a NULL entity!
  1. SetPos - [C]:-1
   2. unknown - addons/ration factory/lua/entities/eml_component1/init.lua:41


L 03/03/2019 - 23:06:40: Lua Error: 
[ERROR] addons/ration factory/lua/entities/eml_component1/init.lua:41: Tried to use a NULL entity!
  1. SetPos - [C]:-1
   2. unknown - addons/ration factory/lua/entities/eml_component1/init.lua:41


L 03/03/2019 - 23:06:40: Lua Error: 
[ERROR] addons/ration factory/lua/entities/eml_component1/init.lua:41: Tried to use a NULL entity!
  1. SetPos - [C]:-1
   2. unknown - addons/ration factory/lua/entities/eml_component1/init.lua:41


L 03/03/2019 - 23:06:40: Lua Error: 
[ERROR] addons/ration factory/lua/entities/eml_component1/init.lua:41: Tried to use a NULL entity!
  1. SetPos - [C]:-1
   2. unknown - addons/ration factory/lua/entities/eml_component1/init.lua:41


L 03/03/2019 - 23:06:40: Lua Error: 
[ERROR] addons/ration factory/lua/entities/eml_component1/init.lua:41: Tried to use a NULL entity!
  1. SetPos - [C]:-1
   2. unknown - addons/ration factory/lua/entities/eml_component1/init.lua:41


L 03/03/2019 - 23:06:40: Lua Error: 
[ERROR] addons/ration factory/lua/entities/eml_component1/init.lua:41: Tried to use a NULL entity!
  1. SetPos - [C]:-1
   2. unknown - addons/ration factory/lua/entities/eml_component1/init.lua:41


L 03/03/2019 - 23:06:40: Lua Error: 
[ERROR] addons/ration factory/lua/entities/eml_component1/init.lua:41: Tried to use a NULL entity!
  1. SetPos - [C]:-1
   2. unknown - addons/ration factory/lua/entities/eml_component1/init.lua:41


L 03/03/2019 - 23:06:40: Lua Error: 
[ERROR] addons/ration factory/lua/entities/eml_component1/init.lua:41: Tried to use a NULL entity!
  1. SetPos - [C]:-1
   2. unknown - addons/ration factory/lua/entities/eml_component1/init.lua:41


L 03/03/2019 - 23:06:40: Lua Error: 
[ERROR] addons/ration factory/lua/entities/eml_component1/init.lua:41: Tried to use a NULL entity!
  1. SetPos - [C]:-1
   2. unknown - addons/ration factory/lua/entities/eml_component1/init.lua:41


L 03/03/2019 - 23:06:40: Lua Error: 
[ERROR] addons/ration factory/lua/entities/eml_component1/init.lua:41: Tried to use a NULL entity!
  1. SetPos - [C]:-1
   2. unknown - addons/ration factory/lua/entities/eml_component1/init.lua:41


L 03/03/2019 - 23:06:40: Lua Error: 
[ERROR] addons/ration factory/lua/entities/eml_component1/init.lua:41: Tried to use a NULL entity!
  1. SetPos - [C]:-1
   2. unknown - addons/ration factory/lua/entities/eml_component1/init.lua:41


L 03/03/2019 - 23:06:40: Lua Error: 
[ERROR] addons/ration factory/lua/entities/eml_component1/init.lua:41: Tried to use a NULL entity!
  1. SetPos - [C]:-1
   2. unknown - addons/ration factory/lua/entities/eml_component1/init.lua:41


L 03/03/2019 - 23:06:40: Lua Error: 
[ERROR] addons/ration factory/lua/entities/eml_component1/init.lua:41: Tried to use a NULL entity!
  1. SetPos - [C]:-1
   2. unknown - addons/ration factory/lua/entities/eml_component1/init.lua:41


L 03/03/2019 - 23:06:40: Lua Error: 
[ERROR] addons/ration factory/lua/entities/eml_component1/init.lua:41: Tried to use a NULL entity!
  1. SetPos - [C]:-1
   2. unknown - addons/ration factory/lua/entities/eml_component1/init.lua:41


L 03/03/2019 - 23:06:40: Lua Error: 
[ERROR] addons/ration factory/lua/entities/eml_component1/init.lua:41: Tried to use a NULL entity!
  1. SetPos - [C]:-1
   2. unknown - addons/ration factory/lua/entities/eml_component1/init.lua:41


L 03/03/2019 - 23:06:40: Lua Error: 
[ERROR] addons/ration factory/lua/entities/eml_component1/init.lua:41: Tried to use a NULL entity!
  1. SetPos - [C]:-1
   2. unknown - addons/ration factory/lua/entities/eml_component1/init.lua:41


L 03/03/2019 - 23:06:40: Lua Error: 
[ERROR] addons/ration factory/lua/entities/eml_component1/init.lua:41: Tried to use a NULL entity!
  1. SetPos - [C]:-1
   2. unknown - addons/ration factory/lua/entities/eml_component1/init.lua:41


L 03/03/2019 - 23:06:40: Lua Error: 
[ERROR] addons/ration factory/lua/entities/eml_component1/init.lua:41: Tried to use a NULL entity!
  1. SetPos - [C]:-1
   2. unknown - addons/ration factory/lua/entities/eml_component1/init.lua:41


L 03/03/2019 - 23:06:40: Lua Error: 
[ERROR] addons/ration factory/lua/entities/eml_component1/init.lua:41: Tried to use a NULL entity!
  1. SetPos - [C]:-1
   2. unknown - addons/ration factory/lua/entities/eml_component1/init.lua:41


L 03/03/2019 - 23:06:40: Lua Error: 
[ERROR] addons/ration factory/lua/entities/eml_component1/init.lua:41: Tried to use a NULL entity!
  1. SetPos - [C]:-1
   2. unknown - addons/ration factory/lua/entities/eml_component1/init.lua:41


L 03/03/2019 - 23:06:40: Lua Error: 
[ERROR] addons/ration factory/lua/entities/eml_component1/init.lua:41: Tried to use a NULL entity!
  1. SetPos - [C]:-1
   2. unknown - addons/ration factory/lua/entities/eml_component1/init.lua:41


L 03/03/2019 - 23:06:40: Lua Error: 
[ERROR] addons/ration factory/lua/entities/eml_component1/init.lua:41: Tried to use a NULL entity!
  1. SetPos - [C]:-1
   2. unknown - addons/ration factory/lua/entities/eml_component1/init.lua:41


L 03/03/2019 - 23:06:40: Lua Error: 
[ERROR] addons/ration factory/lua/entities/eml_component1/init.lua:41: Tried to use a NULL entity!
  1. SetPos - [C]:-1
   2. unknown - addons/ration factory/lua/entities/eml_component1/init.lua:41


L 03/03/2019 - 23:06:40: Lua Error: 
[ERROR] addons/ration factory/lua/entities/eml_component1/init.lua:41: Tried to use a NULL entity!
  1. SetPos - [C]:-1
   2. unknown - addons/ration factory/lua/entities/eml_component1/init.lua:41


L 03/03/2019 - 23:06:40: Lua Error: 
[ERROR] addons/ration factory/lua/entities/eml_component1/init.lua:41: Tried to use a NULL entity!
  1. SetPos - [C]:-1
   2. unknown - addons/ration factory/lua/entities/eml_component1/init.lua:41


L 03/03/2019 - 23:06:40: Lua Error: 
[ERROR] addons/ration factory/lua/entities/eml_component1/init.lua:41: Tried to use a NULL entity!
  1. SetPos - [C]:-1
   2. unknown - addons/ration factory/lua/entities/eml_component1/init.lua:41


L 03/03/2019 - 23:06:40: Lua Error: 
[ERROR] addons/ration factory/lua/entities/eml_component1/init.lua:41: Tried to use a NULL entity!
  1. SetPos - [C]:-1
   2. unknown - addons/ration factory/lua/entities/eml_component1/init.lua:41


L 03/03/2019 - 23:06:41: Lua Error: 
[ERROR] addons/ration factory/lua/entities/eml_component1/init.lua:41: Tried to use a NULL entity!
  1. SetPos - [C]:-1
   2. unknown - addons/ration factory/lua/entities/eml_component1/init.lua:41


L 03/03/2019 - 23:06:41: Lua Error: 
[ERROR] addons/ration factory/lua/entities/eml_component1/init.lua:41: Tried to use a NULL entity!
  1. SetPos - [C]:-1
   2. unknown - addons/ration factory/lua/entities/eml_component1/init.lua:41


L 03/03/2019 - 23:06:41: Lua Error: 
[ERROR] addons/ration factory/lua/entities/eml_component1/init.lua:41: Tried to use a NULL entity!
  1. SetPos - [C]:-1
   2. unknown - addons/ration factory/lua/entities/eml_component1/init.lua:41


L 03/03/2019 - 23:06:41: Lua Error: 
[ERROR] addons/ration factory/lua/entities/eml_component1/init.lua:41: Tried to use a NULL entity!
  1. SetPos - [C]:-1
   2. unknown - addons/ration factory/lua/entities/eml_component1/init.lua:41


L 03/03/2019 - 23:06:41: Lua Error: 
[ERROR] addons/ration factory/lua/entities/eml_component1/init.lua:41: Tried to use a NULL entity!
  1. SetPos - [C]:-1
   2. unknown - addons/ration factory/lua/entities/eml_component1/init.lua:41


L 03/03/2019 - 23:06:41: Lua Error: 
[ERROR] addons/ration factory/lua/entities/eml_component1/init.lua:41: Tried to use a NULL entity!
  1. SetPos - [C]:-1
   2. unknown - addons/ration factory/lua/entities/eml_component1/init.lua:41


L 03/03/2019 - 23:06:41: Lua Error: 
[ERROR] addons/ration factory/lua/entities/eml_component1/init.lua:41: Tried to use a NULL entity!
  1. SetPos - [C]:-1
   2. unknown - addons/ration factory/lua/entities/eml_component1/init.lua:41


L 03/03/2019 - 23:06:41: Lua Error: 
[ERROR] addons/ration factory/lua/entities/eml_component1/init.lua:41: Tried to use a NULL entity!
  1. SetPos - [C]:-1
   2. unknown - addons/ration factory/lua/entities/eml_component1/init.lua:41


L 03/03/2019 - 23:06:41: Lua Error: 
[ERROR] addons/ration factory/lua/entities/eml_component1/init.lua:41: Tried to use a NULL entity!
  1. SetPos - [C]:-1
   2. unknown - addons/ration factory/lua/entities/eml_component1/init.lua:41


L 03/03/2019 - 23:06:41: Lua Error: 
[ERROR] addons/ration factory/lua/entities/eml_component1/init.lua:41: Tried to use a NULL entity!
  1. SetPos - [C]:-1
   2. unknown - addons/ration factory/lua/entities/eml_component1/init.lua:41


L 03/03/2019 - 23:06:41: Lua Error: 
[ERROR] addons/ration factory/lua/entities/eml_component1/init.lua:41: Tried to use a NULL entity!
  1. SetPos - [C]:-1
   2. unknown - addons/ration factory/lua/entities/eml_component1/init.lua:41


L 03/03/2019 - 23:06:41: Lua Error: 
[ERROR] addons/ration factory/lua/entities/eml_component1/init.lua:41: Tried to use a NULL entity!
  1. SetPos - [C]:-1
   2. unknown - addons/ration factory/lua/entities/eml_component1/init.lua:41


L 03/03/2019 - 23:06:41: Lua Error: 
[ERROR] addons/ration factory/lua/entities/eml_component1/init.lua:41: Tried to use a NULL entity!
  1. SetPos - [C]:-1
   2. unknown - addons/ration factory/lua/entities/eml_component1/init.lua:41


L 03/03/2019 - 23:06:41: Lua Error: 
[ERROR] addons/ration factory/lua/entities/eml_component1/init.lua:41: Tried to use a NULL entity!
  1. SetPos - [C]:-1
   2. unknown - addons/ration factory/lua/entities/eml_component1/init.lua:41


L 03/03/2019 - 23:06:41: Lua Error: 
[ERROR] addons/ration factory/lua/entities/eml_component1/init.lua:41: Tried to use a NULL entity!
  1. SetPos - [C]:-1
   2. unknown - addons/ration factory/lua/entities/eml_component1/init.lua:41


L 03/03/2019 - 23:06:41: Lua Error: 
[ERROR] addons/ration factory/lua/entities/eml_component1/init.lua:41: Tried to use a NULL entity!
  1. SetPos - [C]:-1
   2. unknown - addons/ration factory/lua/entities/eml_component1/init.lua:41


L 03/03/2019 - 23:06:41: Lua Error: 
[ERROR] addons/ration factory/lua/entities/eml_component1/init.lua:41: Tried to use a NULL entity!
  1. SetPos - [C]:-1
   2. unknown - addons/ration factory/lua/entities/eml_component1/init.lua:41


L 03/03/2019 - 23:06:41: Lua Error: 
[ERROR] addons/ration factory/lua/entities/eml_component1/init.lua:41: Tried to use a NULL entity!
  1. SetPos - [C]:-1
   2. unknown - addons/ration factory/lua/entities/eml_component1/init.lua:41


L 03/03/2019 - 23:06:41: Lua Error: 
[ERROR] addons/ration factory/lua/entities/eml_component1/init.lua:41: Tried to use a NULL entity!
  1. SetPos - [C]:-1
   2. unknown - addons/ration factory/lua/entities/eml_component1/init.lua:41


L 03/03/2019 - 23:06:41: Lua Error: 
[ERROR] addons/ration factory/lua/entities/eml_component1/init.lua:41: Tried to use a NULL entity!
  1. SetPos - [C]:-1
   2. unknown - addons/ration factory/lua/entities/eml_component1/init.lua:41


L 03/03/2019 - 23:06:41: Lua Error: 
[ERROR] addons/ration factory/lua/entities/eml_component1/init.lua:41: Tried to use a NULL entity!
  1. SetPos - [C]:-1
   2. unknown - addons/ration factory/lua/entities/eml_component1/init.lua:41


L 03/03/2019 - 23:06:41: Lua Error: 
[ERROR] addons/ration factory/lua/entities/eml_component1/init.lua:41: Tried to use a NULL entity!
  1. SetPos - [C]:-1
   2. unknown - addons/ration factory/lua/entities/eml_component1/init.lua:41


L 03/03/2019 - 23:06:41: Lua Error: 
[ERROR] addons/ration factory/lua/entities/eml_component1/init.lua:41: Tried to use a NULL entity!
  1. SetPos - [C]:-1
   2. unknown - addons/ration factory/lua/entities/eml_component1/init.lua:41


L 03/03/2019 - 23:06:41: Lua Error: 
[ERROR] addons/ration factory/lua/entities/eml_component1/init.lua:41: Tried to use a NULL entity!
  1. SetPos - [C]:-1
   2. unknown - addons/ration factory/lua/entities/eml_component1/init.lua:41


L 03/03/2019 - 23:06:41: Lua Error: 
[ERROR] addons/ration factory/lua/entities/eml_component1/init.lua:41: Tried to use a NULL entity!
  1. SetPos - [C]:-1
   2. unknown - addons/ration factory/lua/entities/eml_component1/init.lua:41


L 03/03/2019 - 23:06:41: Lua Error: 
[ERROR] addons/ration factory/lua/entities/eml_component1/init.lua:41: Tried to use a NULL entity!
  1. SetPos - [C]:-1
   2. unknown - addons/ration factory/lua/entities/eml_component1/init.lua:41


L 03/03/2019 - 23:06:41: Lua Error: 
[ERROR] addons/ration factory/lua/entities/eml_component1/init.lua:41: Tried to use a NULL entity!
  1. SetPos - [C]:-1
   2. unknown - addons/ration factory/lua/entities/eml_component1/init.lua:41


L 03/03/2019 - 23:06:41: Lua Error: 
[ERROR] addons/ration factory/lua/entities/eml_component1/init.lua:41: Tried to use a NULL entity!
  1. SetPos - [C]:-1
   2. unknown - addons/ration factory/lua/entities/eml_component1/init.lua:41


L 03/03/2019 - 23:06:41: Lua Error: 
[ERROR] addons/ration factory/lua/entities/eml_component1/init.lua:41: Tried to use a NULL entity!
  1. SetPos - [C]:-1
   2. unknown - addons/ration factory/lua/entities/eml_component1/init.lua:41


L 03/03/2019 - 23:06:41: Lua Error: 
[ERROR] addons/ration factory/lua/entities/eml_component1/init.lua:41: Tried to use a NULL entity!
  1. SetPos - [C]:-1
   2. unknown - addons/ration factory/lua/entities/eml_component1/init.lua:41


L 03/03/2019 - 23:06:41: Lua Error: 
[ERROR] addons/ration factory/lua/entities/eml_component1/init.lua:41: Tried to use a NULL entity!
  1. SetPos - [C]:-1
   2. unknown - addons/ration factory/lua/entities/eml_component1/init.lua:41


L 03/03/2019 - 23:06:41: Lua Error: 
[ERROR] addons/ration factory/lua/entities/eml_component1/init.lua:41: Tried to use a NULL entity!
  1. SetPos - [C]:-1
   2. unknown - addons/ration factory/lua/entities/eml_component1/init.lua:41


L 03/03/2019 - 23:06:41: Lua Error: 
[ERROR] addons/ration factory/lua/entities/eml_component1/init.lua:41: Tried to use a NULL entity!
  1. SetPos - [C]:-1
   2. unknown - addons/ration factory/lua/entities/eml_component1/init.lua:41


L 03/03/2019 - 23:06:41: Lua Error: 
[ERROR] addons/ration factory/lua/entities/eml_component1/init.lua:41: Tried to use a NULL entity!
  1. SetPos - [C]:-1
   2. unknown - addons/ration factory/lua/entities/eml_component1/init.lua:41


L 03/03/2019 - 23:06:41: Lua Error: 
[ERROR] addons/ration factory/lua/entities/eml_component1/init.lua:41: Tried to use a NULL entity!
  1. SetPos - [C]:-1
   2. unknown - addons/ration factory/lua/entities/eml_component1/init.lua:41


L 03/03/2019 - 23:06:41: Lua Error: 
[ERROR] addons/ration factory/lua/entities/eml_component1/init.lua:41: Tried to use a NULL entity!
  1. SetPos - [C]:-1
   2. unknown - addons/ration factory/lua/entities/eml_component1/init.lua:41


L 03/03/2019 - 23:06:41: Lua Error: 
[ERROR] addons/ration factory/lua/entities/eml_component1/init.lua:41: Tried to use a NULL entity!
  1. SetPos - [C]:-1
   2. unknown - addons/ration factory/lua/entities/eml_component1/init.lua:41


L 03/03/2019 - 23:06:41: Lua Error: 
[ERROR] addons/ration factory/lua/entities/eml_component1/init.lua:41: Tried to use a NULL entity!
  1. SetPos - [C]:-1
   2. unknown - addons/ration factory/lua/entities/eml_component1/init.lua:41


L 03/03/2019 - 23:06:41: Lua Error: 
[ERROR] addons/ration factory/lua/entities/eml_component1/init.lua:41: Tried to use a NULL entity!
  1. SetPos - [C]:-1
   2. unknown - addons/ration factory/lua/entities/eml_component1/init.lua:41


L 03/03/2019 - 23:06:41: Lua Error: 
[ERROR] addons/ration factory/lua/entities/eml_component1/init.lua:41: Tried to use a NULL entity!
  1. SetPos - [C]:-1
   2. unknown - addons/ration factory/lua/entities/eml_component1/init.lua:41


L 03/03/2019 - 23:06:41: Lua Error: 
[ERROR] addons/ration factory/lua/entities/eml_component1/init.lua:41: Tried to use a NULL entity!
  1. SetPos - [C]:-1
   2. unknown - addons/ration factory/lua/entities/eml_component1/init.lua:41


L 03/03/2019 - 23:06:41: Lua Error: 
[ERROR] addons/ration factory/lua/entities/eml_component1/init.lua:41: Tried to use a NULL entity!
  1. SetPos - [C]:-1
   2. unknown - addons/ration factory/lua/entities/eml_component1/init.lua:41


L 03/03/2019 - 23:06:41: Lua Error: 
[ERROR] addons/ration factory/lua/entities/eml_component1/init.lua:41: Tried to use a NULL entity!
  1. SetPos - [C]:-1
   2. unknown - addons/ration factory/lua/entities/eml_component1/init.lua:41


L 03/03/2019 - 23:06:41: Lua Error: 
[ERROR] addons/ration factory/lua/entities/eml_component1/init.lua:41: Tried to use a NULL entity!
  1. SetPos - [C]:-1
   2. unknown - addons/ration factory/lua/entities/eml_component1/init.lua:41


L 03/03/2019 - 23:06:41: Lua Error: 
[ERROR] addons/ration factory/lua/entities/eml_component1/init.lua:41: Tried to use a NULL entity!
  1. SetPos - [C]:-1
   2. unknown - addons/ration factory/lua/entities/eml_component1/init.lua:41


L 03/03/2019 - 23:06:41: Lua Error: 
[ERROR] addons/ration factory/lua/entities/eml_component1/init.lua:41: Tried to use a NULL entity!
  1. SetPos - [C]:-1
   2. unknown - addons/ration factory/lua/entities/eml_component1/init.lua:41


L 03/03/2019 - 23:06:41: Lua Error: 
[ERROR] addons/ration factory/lua/entities/eml_component1/init.lua:41: Tried to use a NULL entity!
  1. SetPos - [C]:-1
   2. unknown - addons/ration factory/lua/entities/eml_component1/init.lua:41


L 03/03/2019 - 23:06:41: Lua Error: 
[ERROR] addons/ration factory/lua/entities/eml_component1/init.lua:41: Tried to use a NULL entity!
  1. SetPos - [C]:-1
   2. unknown - addons/ration factory/lua/entities/eml_component1/init.lua:41


L 03/03/2019 - 23:06:41: Lua Error: 
[ERROR] addons/ration factory/lua/entities/eml_component1/init.lua:41: Tried to use a NULL entity!
  1. SetPos - [C]:-1
   2. unknown - addons/ration factory/lua/entities/eml_component1/init.lua:41


L 03/03/2019 - 23:06:41: Lua Error: 
[ERROR] addons/ration factory/lua/entities/eml_component1/init.lua:41: Tried to use a NULL entity!
  1. SetPos - [C]:-1
   2. unknown - addons/ration factory/lua/entities/eml_component1/init.lua:41


L 03/03/2019 - 23:06:41: Lua Error: 
[ERROR] addons/ration factory/lua/entities/eml_component1/init.lua:41: Tried to use a NULL entity!
  1. SetPos - [C]:-1
   2. unknown - addons/ration factory/lua/entities/eml_component1/init.lua:41


L 03/03/2019 - 23:06:41: Lua Error: 
[ERROR] addons/ration factory/lua/entities/eml_component1/init.lua:41: Tried to use a NULL entity!
  1. SetPos - [C]:-1
   2. unknown - addons/ration factory/lua/entities/eml_component1/init.lua:41


L 03/03/2019 - 23:06:41: Lua Error: 
[ERROR] addons/ration factory/lua/entities/eml_component1/init.lua:41: Tried to use a NULL entity!
  1. SetPos - [C]:-1
   2. unknown - addons/ration factory/lua/entities/eml_component1/init.lua:41


L 03/03/2019 - 23:06:41: Lua Error: 
[ERROR] addons/ration factory/lua/entities/eml_component1/init.lua:41: Tried to use a NULL entity!
  1. SetPos - [C]:-1
   2. unknown - addons/ration factory/lua/entities/eml_component1/init.lua:41


L 03/03/2019 - 23:06:41: Lua Error: 
[ERROR] addons/ration factory/lua/entities/eml_component1/init.lua:41: Tried to use a NULL entity!
  1. SetPos - [C]:-1
   2. unknown - addons/ration factory/lua/entities/eml_component1/init.lua:41


L 03/03/2019 - 23:06:41: Lua Error: 
[ERROR] addons/ration factory/lua/entities/eml_component1/init.lua:41: Tried to use a NULL entity!
  1. SetPos - [C]:-1
   2. unknown - addons/ration factory/lua/entities/eml_component1/init.lua:41


L 03/03/2019 - 23:06:41: Lua Error: 
[ERROR] addons/ration factory/lua/entities/eml_component1/init.lua:41: Tried to use a NULL entity!
  1. SetPos - [C]:-1
   2. unknown - addons/ration factory/lua/entities/eml_component1/init.lua:41


L 03/03/2019 - 23:06:41: Lua Error: 
[ERROR] addons/ration factory/lua/entities/eml_component1/init.lua:41: Tried to use a NULL entity!
  1. SetPos - [C]:-1
   2. unknown - addons/ration factory/lua/entities/eml_component1/init.lua:41


L 03/03/2019 - 23:06:41: Lua Error: 
[ERROR] addons/ration factory/lua/entities/eml_component1/init.lua:41: Tried to use a NULL entity!
  1. SetPos - [C]:-1
   2. unknown - addons/ration factory/lua/entities/eml_component1/init.lua:41


L 03/03/2019 - 23:06:41: Lua Error: 
[ERROR] addons/ration factory/lua/entities/eml_component1/init.lua:41: Tried to use a NULL entity!
  1. SetPos - [C]:-1
   2. unknown - addons/ration factory/lua/entities/eml_component1/init.lua:41


L 03/03/2019 - 23:06:41: Lua Error: 
[ERROR] addons/ration factory/lua/entities/eml_component1/init.lua:41: Tried to use a NULL entity!
  1. SetPos - [C]:-1
   2. unknown - addons/ration factory/lua/entities/eml_component1/init.lua:41


L 03/03/2019 - 23:06:41: Lua Error: 
[ERROR] addons/ration factory/lua/entities/eml_component1/init.lua:41: Tried to use a NULL entity!
  1. SetPos - [C]:-1
   2. unknown - addons/ration factory/lua/entities/eml_component1/init.lua:41


L 03/03/2019 - 23:06:41: Lua Error: 
[ERROR] addons/ration factory/lua/entities/eml_component1/init.lua:41: Tried to use a NULL entity!
  1. SetPos - [C]:-1
   2. unknown - addons/ration factory/lua/entities/eml_component1/init.lua:41


L 03/03/2019 - 23:06:41: Lua Error: 
[ERROR] addons/ration factory/lua/entities/eml_component1/init.lua:41: Tried to use a NULL entity!
  1. SetPos - [C]:-1
   2. unknown - addons/ration factory/lua/entities/eml_component1/init.lua:41


L 03/03/2019 - 23:06:41: Lua Error: 
[ERROR] addons/ration factory/lua/entities/eml_component1/init.lua:41: Tried to use a NULL entity!
  1. SetPos - [C]:-1
   2. unknown - addons/ration factory/lua/entities/eml_component1/init.lua:41


L 03/03/2019 - 23:06:41: Lua Error: 
[ERROR] addons/ration factory/lua/entities/eml_component1/init.lua:41: Tried to use a NULL entity!
  1. SetPos - [C]:-1
   2. unknown - addons/ration factory/lua/entities/eml_component1/init.lua:41


L 03/03/2019 - 23:06:41: Lua Error: 
[ERROR] addons/ration factory/lua/entities/eml_component1/init.lua:41: Tried to use a NULL entity!
  1. SetPos - [C]:-1
   2. unknown - addons/ration factory/lua/entities/eml_component1/init.lua:41


L 03/03/2019 - 23:06:42: Lua Error: 
[ERROR] addons/ration factory/lua/entities/eml_component1/init.lua:41: Tried to use a NULL entity!
  1. SetPos - [C]:-1
   2. unknown - addons/ration factory/lua/entities/eml_component1/init.lua:41


L 03/03/2019 - 23:06:42: Lua Error: 
[ERROR] addons/ration factory/lua/entities/eml_component1/init.lua:41: Tried to use a NULL entity!
  1. SetPos - [C]:-1
   2. unknown - addons/ration factory/lua/entities/eml_component1/init.lua:41


L 03/03/2019 - 23:06:42: Lua Error: 
[ERROR] addons/ration factory/lua/entities/eml_component1/init.lua:41: Tried to use a NULL entity!
  1. SetPos - [C]:-1
   2. unknown - addons/ration factory/lua/entities/eml_component1/init.lua:41


L 03/03/2019 - 23:06:42: Lua Error: 
[ERROR] addons/ration factory/lua/entities/eml_component1/init.lua:41: Tried to use a NULL entity!
  1. SetPos - [C]:-1
   2. unknown - addons/ration factory/lua/entities/eml_component1/init.lua:41


L 03/03/2019 - 23:06:42: Lua Error: 
[ERROR] addons/ration factory/lua/entities/eml_component1/init.lua:41: Tried to use a NULL entity!
  1. SetPos - [C]:-1
   2. unknown - addons/ration factory/lua/entities/eml_component1/init.lua:41


L 03/03/2019 - 23:06:42: Lua Error: 
[ERROR] addons/ration factory/lua/entities/eml_component1/init.lua:41: Tried to use a NULL entity!
  1. SetPos - [C]:-1
   2. unknown - addons/ration factory/lua/entities/eml_component1/init.lua:41


L 03/03/2019 - 23:06:42: Lua Error: 
[ERROR] addons/ration factory/lua/entities/eml_component1/init.lua:41: Tried to use a NULL entity!
  1. SetPos - [C]:-1
   2. unknown - addons/ration factory/lua/entities/eml_component1/init.lua:41


L 03/03/2019 - 23:06:42: Lua Error: 
[ERROR] addons/ration factory/lua/entities/eml_component1/init.lua:41: Tried to use a NULL entity!
  1. SetPos - [C]:-1
   2. unknown - addons/ration factory/lua/entities/eml_component1/init.lua:41


L 03/03/2019 - 23:06:42: Lua Error: 
[ERROR] addons/ration factory/lua/entities/eml_component1/init.lua:41: Tried to use a NULL entity!
  1. SetPos - [C]:-1
   2. unknown - addons/ration factory/lua/entities/eml_component1/init.lua:41


L 03/03/2019 - 23:06:42: Lua Error: 
[ERROR] addons/ration factory/lua/entities/eml_component1/init.lua:41: Tried to use a NULL entity!
  1. SetPos - [C]:-1
   2. unknown - addons/ration factory/lua/entities/eml_component1/init.lua:41


L 03/03/2019 - 23:06:42: Lua Error: 
[ERROR] addons/ration factory/lua/entities/eml_component1/init.lua:41: Tried to use a NULL entity!
  1. SetPos - [C]:-1
   2. unknown - addons/ration factory/lua/entities/eml_component1/init.lua:41


L 03/03/2019 - 23:06:42: Lua Error: 
[ERROR] addons/ration factory/lua/entities/eml_component1/init.lua:41: Tried to use a NULL entity!
  1. SetPos - [C]:-1
   2. unknown - addons/ration factory/lua/entities/eml_component1/init.lua:41


L 03/03/2019 - 23:06:42: Lua Error: 
[ERROR] addons/ration factory/lua/entities/eml_component1/init.lua:41: Tried to use a NULL entity!
  1. SetPos - [C]:-1
   2. unknown - addons/ration factory/lua/entities/eml_component1/init.lua:41


L 03/03/2019 - 23:06:42: Lua Error: 
[ERROR] addons/ration factory/lua/entities/eml_component1/init.lua:41: Tried to use a NULL entity!
  1. SetPos - [C]:-1
   2. unknown - addons/ration factory/lua/entities/eml_component1/init.lua:41


L 03/03/2019 - 23:06:42: Lua Error: 
[ERROR] addons/ration factory/lua/entities/eml_component1/init.lua:41: Tried to use a NULL entity!
  1. SetPos - [C]:-1
   2. unknown - addons/ration factory/lua/entities/eml_component1/init.lua:41


L 03/03/2019 - 23:06:42: Lua Error: 
[ERROR] addons/ration factory/lua/entities/eml_component1/init.lua:41: Tried to use a NULL entity!
  1. SetPos - [C]:-1
   2. unknown - addons/ration factory/lua/entities/eml_component1/init.lua:41


L 03/03/2019 - 23:06:42: Lua Error: 
[ERROR] addons/ration factory/lua/entities/eml_component1/init.lua:41: Tried to use a NULL entity!
  1. SetPos - [C]:-1
   2. unknown - addons/ration factory/lua/entities/eml_component1/init.lua:41


L 03/03/2019 - 23:06:42: Lua Error: 
[ERROR] addons/ration factory/lua/entities/eml_component1/init.lua:41: Tried to use a NULL entity!
  1. SetPos - [C]:-1
   2. unknown - addons/ration factory/lua/entities/eml_component1/init.lua:41


L 03/03/2019 - 23:06:42: Lua Error: 
[ERROR] addons/ration factory/lua/entities/eml_component1/init.lua:41: Tried to use a NULL entity!
  1. SetPos - [C]:-1
   2. unknown - addons/ration factory/lua/entities/eml_component1/init.lua:41


L 03/03/2019 - 23:06:42: Lua Error: 
[ERROR] addons/ration factory/lua/entities/eml_component1/init.lua:41: Tried to use a NULL entity!
  1. SetPos - [C]:-1
   2. unknown - addons/ration factory/lua/entities/eml_component1/init.lua:41


L 03/03/2019 - 23:06:42: Lua Error: 
[ERROR] addons/ration factory/lua/entities/eml_component1/init.lua:41: Tried to use a NULL entity!
  1. SetPos - [C]:-1
   2. unknown - addons/ration factory/lua/entities/eml_component1/init.lua:41


L 03/03/2019 - 23:06:42: Lua Error: 
[ERROR] addons/ration factory/lua/entities/eml_component1/init.lua:41: Tried to use a NULL entity!
  1. SetPos - [C]:-1
   2. unknown - addons/ration factory/lua/entities/eml_component1/init.lua:41


L 03/03/2019 - 23:06:42: Lua Error: 
[ERROR] addons/ration factory/lua/entities/eml_component1/init.lua:41: Tried to use a NULL entity!
  1. SetPos - [C]:-1
   2. unknown - addons/ration factory/lua/entities/eml_component1/init.lua:41


L 03/03/2019 - 23:06:42: Lua Error: 
[ERROR] addons/ration factory/lua/entities/eml_component1/init.lua:41: Tried to use a NULL entity!
  1. SetPos - [C]:-1
   2. unknown - addons/ration factory/lua/entities/eml_component1/init.lua:41


L 03/03/2019 - 23:06:42: Lua Error: 
[ERROR] addons/ration factory/lua/entities/eml_component1/init.lua:41: Tried to use a NULL entity!
  1. SetPos - [C]:-1
   2. unknown - addons/ration factory/lua/entities/eml_component1/init.lua:41


L 03/03/2019 - 23:06:42: Lua Error: 
[ERROR] addons/ration factory/lua/entities/eml_component1/init.lua:41: Tried to use a NULL entity!
  1. SetPos - [C]:-1
   2. unknown - addons/ration factory/lua/entities/eml_component1/init.lua:41


L 03/03/2019 - 23:06:42: Lua Error: 
[ERROR] addons/ration factory/lua/entities/eml_component1/init.lua:41: Tried to use a NULL entity!
  1. SetPos - [C]:-1
   2. unknown - addons/ration factory/lua/entities/eml_component1/init.lua:41


L 03/03/2019 - 23:06:42: Lua Error: 
[ERROR] addons/ration factory/lua/entities/eml_component1/init.lua:41: Tried to use a NULL entity!
  1. SetPos - [C]:-1
   2. unknown - addons/ration factory/lua/entities/eml_component1/init.lua:41


L 03/03/2019 - 23:06:42: Lua Error: 
[ERROR] addons/ration factory/lua/entities/eml_component1/init.lua:41: Tried to use a NULL entity!
  1. SetPos - [C]:-1
   2. unknown - addons/ration factory/lua/entities/eml_component1/init.lua:41


L 03/03/2019 - 23:06:42: Lua Error: 
[ERROR] addons/ration factory/lua/entities/eml_component1/init.lua:41: Tried to use a NULL entity!
  1. SetPos - [C]:-1
   2. unknown - addons/ration factory/lua/entities/eml_component1/init.lua:41


L 03/03/2019 - 23:06:42: Lua Error: 
[ERROR] addons/ration factory/lua/entities/eml_component1/init.lua:41: Tried to use a NULL entity!
  1. SetPos - [C]:-1
   2. unknown - addons/ration factory/lua/entities/eml_component1/init.lua:41


L 03/03/2019 - 23:06:42: Lua Error: 
[ERROR] addons/ration factory/lua/entities/eml_component1/init.lua:41: Tried to use a NULL entity!
  1. SetPos - [C]:-1
   2. unknown - addons/ration factory/lua/entities/eml_component1/init.lua:41


L 03/03/2019 - 23:06:42: Lua Error: 
[ERROR] addons/ration factory/lua/entities/eml_component1/init.lua:41: Tried to use a NULL entity!
  1. SetPos - [C]:-1
   2. unknown - addons/ration factory/lua/entities/eml_component1/init.lua:41


L 03/03/2019 - 23:06:42: Lua Error: 
[ERROR] addons/ration factory/lua/entities/eml_component1/init.lua:41: Tried to use a NULL entity!
  1. SetPos - [C]:-1
   2. unknown - addons/ration factory/lua/entities/eml_component1/init.lua:41


L 03/03/2019 - 23:06:42: Lua Error: 
[ERROR] addons/ration factory/lua/entities/eml_component1/init.lua:41: Tried to use a NULL entity!
  1. SetPos - [C]:-1
   2. unknown - addons/ration factory/lua/entities/eml_component1/init.lua:41


L 03/03/2019 - 23:06:42: Lua Error: 
[ERROR] addons/ration factory/lua/entities/eml_component1/init.lua:41: Tried to use a NULL entity!
  1. SetPos - [C]:-1
   2. unknown - addons/ration factory/lua/entities/eml_component1/init.lua:41


L 03/03/2019 - 23:06:42: Lua Error: 
[ERROR] addons/ration factory/lua/entities/eml_component1/init.lua:41: Tried to use a NULL entity!
  1. SetPos - [C]:-1
   2. unknown - addons/ration factory/lua/entities/eml_component1/init.lua:41


L 03/03/2019 - 23:06:42: Lua Error: 
[ERROR] addons/ration factory/lua/entities/eml_component1/init.lua:41: Tried to use a NULL entity!
  1. SetPos - [C]:-1
   2. unknown - addons/ration factory/lua/entities/eml_component1/init.lua:41


L 03/03/2019 - 23:06:42: Lua Error: 
[ERROR] addons/ration factory/lua/entities/eml_component1/init.lua:41: Tried to use a NULL entity!
  1. SetPos - [C]:-1
   2. unknown - addons/ration factory/lua/entities/eml_component1/init.lua:41


L 03/03/2019 - 23:06:42: Lua Error: 
[ERROR] addons/ration factory/lua/entities/eml_component1/init.lua:41: Tried to use a NULL entity!
  1. SetPos - [C]:-1
   2. unknown - addons/ration factory/lua/entities/eml_component1/init.lua:41


L 03/03/2019 - 23:06:42: Lua Error: 
[ERROR] addons/ration factory/lua/entities/eml_component1/init.lua:41: Tried to use a NULL entity!
  1. SetPos - [C]:-1
   2. unknown - addons/ration factory/lua/entities/eml_component1/init.lua:41


L 03/03/2019 - 23:06:42: Lua Error: 
[ERROR] addons/ration factory/lua/entities/eml_component1/init.lua:41: Tried to use a NULL entity!
  1. SetPos - [C]:-1
   2. unknown - addons/ration factory/lua/entities/eml_component1/init.lua:41


L 03/03/2019 - 23:06:42: Lua Error: 
[ERROR] addons/ration factory/lua/entities/eml_component1/init.lua:41: Tried to use a NULL entity!
  1. SetPos - [C]:-1
   2. unknown - addons/ration factory/lua/entities/eml_component1/init.lua:41


L 03/03/2019 - 23:06:42: Lua Error: 
[ERROR] addons/ration factory/lua/entities/eml_component1/init.lua:41: Tried to use a NULL entity!
  1. SetPos - [C]:-1
   2. unknown - addons/ration factory/lua/entities/eml_component1/init.lua:41


L 03/03/2019 - 23:06:42: Lua Error: 
[ERROR] addons/ration factory/lua/entities/eml_component1/init.lua:41: Tried to use a NULL entity!
  1. SetPos - [C]:-1
   2. unknown - addons/ration factory/lua/entities/eml_component1/init.lua:41


L 03/03/2019 - 23:06:42: Lua Error: 
[ERROR] addons/ration factory/lua/entities/eml_component1/init.lua:41: Tried to use a NULL entity!
  1. SetPos - [C]:-1
   2. unknown - addons/ration factory/lua/entities/eml_component1/init.lua:41


L 03/03/2019 - 23:06:42: Lua Error: 
[ERROR] addons/ration factory/lua/entities/eml_component1/init.lua:41: Tried to use a NULL entity!
  1. SetPos - [C]:-1
   2. unknown - addons/ration factory/lua/entities/eml_component1/init.lua:41


L 03/03/2019 - 23:06:42: Lua Error: 
[ERROR] addons/ration factory/lua/entities/eml_component1/init.lua:41: Tried to use a NULL entity!
  1. SetPos - [C]:-1
   2. unknown - addons/ration factory/lua/entities/eml_component1/init.lua:41


L 03/03/2019 - 23:06:42: Lua Error: 
[ERROR] addons/ration factory/lua/entities/eml_component1/init.lua:41: Tried to use a NULL entity!
  1. SetPos - [C]:-1
   2. unknown - addons/ration factory/lua/entities/eml_component1/init.lua:41


L 03/03/2019 - 23:06:42: Lua Error: 
[ERROR] addons/ration factory/lua/entities/eml_component1/init.lua:41: Tried to use a NULL entity!
  1. SetPos - [C]:-1
   2. unknown - addons/ration factory/lua/entities/eml_component1/init.lua:41


L 03/03/2019 - 23:06:42: Lua Error: 
[ERROR] addons/ration factory/lua/entities/eml_component1/init.lua:41: Tried to use a NULL entity!
  1. SetPos - [C]:-1
   2. unknown - addons/ration factory/lua/entities/eml_component1/init.lua:41


L 03/03/2019 - 23:06:42: Lua Error: 
[ERROR] addons/ration factory/lua/entities/eml_component1/init.lua:41: Tried to use a NULL entity!
  1. SetPos - [C]:-1
   2. unknown - addons/ration factory/lua/entities/eml_component1/init.lua:41


L 03/03/2019 - 23:06:42: Lua Error: 
[ERROR] addons/ration factory/lua/entities/eml_component1/init.lua:41: Tried to use a NULL entity!
  1. SetPos - [C]:-1
   2. unknown - addons/ration factory/lua/entities/eml_component1/init.lua:41


L 03/03/2019 - 23:06:42: Lua Error: 
[ERROR] addons/ration factory/lua/entities/eml_component1/init.lua:41: Tried to use a NULL entity!
  1. SetPos - [C]:-1
   2. unknown - addons/ration factory/lua/entities/eml_component1/init.lua:41


L 03/03/2019 - 23:06:42: Lua Error: 
[ERROR] addons/ration factory/lua/entities/eml_component1/init.lua:41: Tried to use a NULL entity!
  1. SetPos - [C]:-1
   2. unknown - addons/ration factory/lua/entities/eml_component1/init.lua:41


L 03/03/2019 - 23:06:42: Lua Error: 
[ERROR] addons/ration factory/lua/entities/eml_component1/init.lua:41: Tried to use a NULL entity!
  1. SetPos - [C]:-1
   2. unknown - addons/ration factory/lua/entities/eml_component1/init.lua:41


L 03/03/2019 - 23:06:42: Lua Error: 
[ERROR] addons/ration factory/lua/entities/eml_component1/init.lua:41: Tried to use a NULL entity!
  1. SetPos - [C]:-1
   2. unknown - addons/ration factory/lua/entities/eml_component1/init.lua:41


L 03/03/2019 - 23:06:42: Lua Error: 
[ERROR] addons/ration factory/lua/entities/eml_component1/init.lua:41: Tried to use a NULL entity!
  1. SetPos - [C]:-1
   2. unknown - addons/ration factory/lua/entities/eml_component1/init.lua:41


L 03/03/2019 - 23:06:42: Lua Error: 
[ERROR] addons/ration factory/lua/entities/eml_component1/init.lua:41: Tried to use a NULL entity!
  1. SetPos - [C]:-1
   2. unknown - addons/ration factory/lua/entities/eml_component1/init.lua:41


L 03/03/2019 - 23:06:42: Lua Error: 
[ERROR] addons/ration factory/lua/entities/eml_component1/init.lua:41: Tried to use a NULL entity!
  1. SetPos - [C]:-1
   2. unknown - addons/ration factory/lua/entities/eml_component1/init.lua:41


L 03/03/2019 - 23:06:42: Lua Error: 
[ERROR] addons/ration factory/lua/entities/eml_component1/init.lua:41: Tried to use a NULL entity!
  1. SetPos - [C]:-1
   2. unknown - addons/ration factory/lua/entities/eml_component1/init.lua:41


L 03/03/2019 - 23:06:42: Lua Error: 
[ERROR] addons/ration factory/lua/entities/eml_component1/init.lua:41: Tried to use a NULL entity!
  1. SetPos - [C]:-1
   2. unknown - addons/ration factory/lua/entities/eml_component1/init.lua:41


L 03/03/2019 - 23:06:42: Lua Error: 
[ERROR] addons/ration factory/lua/entities/eml_component1/init.lua:41: Tried to use a NULL entity!
  1. SetPos - [C]:-1
   2. unknown - addons/ration factory/lua/entities/eml_component1/init.lua:41


L 03/03/2019 - 23:06:42: Lua Error: 
[ERROR] addons/ration factory/lua/entities/eml_component1/init.lua:41: Tried to use a NULL entity!
  1. SetPos - [C]:-1
   2. unknown - addons/ration factory/lua/entities/eml_component1/init.lua:41


L 03/03/2019 - 23:06:42: Lua Error: 
[ERROR] addons/ration factory/lua/entities/eml_component1/init.lua:41: Tried to use a NULL entity!
  1. SetPos - [C]:-1
   2. unknown - addons/ration factory/lua/entities/eml_component1/init.lua:41


L 03/03/2019 - 23:06:42: Lua Error: 
[ERROR] addons/ration factory/lua/entities/eml_component1/init.lua:41: Tried to use a NULL entity!
  1. SetPos - [C]:-1
   2. unknown - addons/ration factory/lua/entities/eml_component1/init.lua:41


L 03/03/2019 - 23:06:43: Lua Error: 
[ERROR] addons/ration factory/lua/entities/eml_component1/init.lua:41: Tried to use a NULL entity!
  1. SetPos - [C]:-1
   2. unknown - addons/ration factory/lua/entities/eml_component1/init.lua:41


L 03/03/2019 - 23:06:43: Lua Error: 
[ERROR] addons/ration factory/lua/entities/eml_component1/init.lua:41: Tried to use a NULL entity!
  1. SetPos - [C]:-1
   2. unknown - addons/ration factory/lua/entities/eml_component1/init.lua:41


L 03/03/2019 - 23:06:43: Lua Error: 
[ERROR] addons/ration factory/lua/entities/eml_component1/init.lua:41: Tried to use a NULL entity!
  1. SetPos - [C]:-1
   2. unknown - addons/ration factory/lua/entities/eml_component1/init.lua:41


L 03/03/2019 - 23:06:43: Lua Error: 
[ERROR] addons/ration factory/lua/entities/eml_component1/init.lua:41: Tried to use a NULL entity!
  1. SetPos - [C]:-1
   2. unknown - addons/ration factory/lua/entities/eml_component1/init.lua:41


L 03/03/2019 - 23:06:43: Lua Error: 
[ERROR] addons/ration factory/lua/entities/eml_component1/init.lua:41: Tried to use a NULL entity!
  1. SetPos - [C]:-1
   2. unknown - addons/ration factory/lua/entities/eml_component1/init.lua:41


L 03/03/2019 - 23:06:43: Lua Error: 
[ERROR] addons/ration factory/lua/entities/eml_component1/init.lua:41: Tried to use a NULL entity!
  1. SetPos - [C]:-1
   2. unknown - addons/ration factory/lua/entities/eml_component1/init.lua:41


L 03/03/2019 - 23:06:43: Lua Error: 
[ERROR] addons/ration factory/lua/entities/eml_component1/init.lua:41: Tried to use a NULL entity!
  1. SetPos - [C]:-1
   2. unknown - addons/ration factory/lua/entities/eml_component1/init.lua:41


L 03/03/2019 - 23:06:43: Lua Error: 
[ERROR] addons/ration factory/lua/entities/eml_component1/init.lua:41: Tried to use a NULL entity!
  1. SetPos - [C]:-1
   2. unknown - addons/ration factory/lua/entities/eml_component1/init.lua:41


L 03/03/2019 - 23:06:43: Lua Error: 
[ERROR] addons/ration factory/lua/entities/eml_component1/init.lua:41: Tried to use a NULL entity!
  1. SetPos - [C]:-1
   2. unknown - addons/ration factory/lua/entities/eml_component1/init.lua:41


L 03/03/2019 - 23:06:43: Lua Error: 
[ERROR] addons/ration factory/lua/entities/eml_component1/init.lua:41: Tried to use a NULL entity!
  1. SetPos - [C]:-1
   2. unknown - addons/ration factory/lua/entities/eml_component1/init.lua:41


L 03/03/2019 - 23:06:43: Lua Error: 
[ERROR] addons/ration factory/lua/entities/eml_component1/init.lua:41: Tried to use a NULL entity!
  1. SetPos - [C]:-1
   2. unknown - addons/ration factory/lua/entities/eml_component1/init.lua:41


L 03/03/2019 - 23:06:43: Lua Error: 
[ERROR] addons/ration factory/lua/entities/eml_component1/init.lua:41: Tried to use a NULL entity!
  1. SetPos - [C]:-1
   2. unknown - addons/ration factory/lua/entities/eml_component1/init.lua:41


L 03/03/2019 - 23:06:43: Lua Error: 
[ERROR] addons/ration factory/lua/entities/eml_component1/init.lua:41: Tried to use a NULL entity!
  1. SetPos - [C]:-1
   2. unknown - addons/ration factory/lua/entities/eml_component1/init.lua:41


L 03/03/2019 - 23:06:43: Lua Error: 
[ERROR] addons/ration factory/lua/entities/eml_component1/init.lua:41: Tried to use a NULL entity!
  1. SetPos - [C]:-1
   2. unknown - addons/ration factory/lua/entities/eml_component1/init.lua:41


L 03/03/2019 - 23:06:43: Lua Error: 
[ERROR] addons/ration factory/lua/entities/eml_component1/init.lua:41: Tried to use a NULL entity!
  1. SetPos - [C]:-1
   2. unknown - addons/ration factory/lua/entities/eml_component1/init.lua:41


L 03/03/2019 - 23:06:43: Lua Error: 
[ERROR] addons/ration factory/lua/entities/eml_component1/init.lua:41: Tried to use a NULL entity!
  1. SetPos - [C]:-1
   2. unknown - addons/ration factory/lua/entities/eml_component1/init.lua:41


L 03/03/2019 - 23:06:43: Lua Error: 
[ERROR] addons/ration factory/lua/entities/eml_component1/init.lua:41: Tried to use a NULL entity!
  1. SetPos - [C]:-1
   2. unknown - addons/ration factory/lua/entities/eml_component1/init.lua:41


L 03/03/2019 - 23:06:43: Lua Error: 
[ERROR] addons/ration factory/lua/entities/eml_component1/init.lua:41: Tried to use a NULL entity!
  1. SetPos - [C]:-1
   2. unknown - addons/ration factory/lua/entities/eml_component1/init.lua:41


L 03/03/2019 - 23:06:43: Lua Error: 
[ERROR] addons/ration factory/lua/entities/eml_component1/init.lua:41: Tried to use a NULL entity!
  1. SetPos - [C]:-1
   2. unknown - addons/ration factory/lua/entities/eml_component1/init.lua:41


L 03/03/2019 - 23:06:43: Lua Error: 
[ERROR] addons/ration factory/lua/entities/eml_component1/init.lua:41: Tried to use a NULL entity!
  1. SetPos - [C]:-1
   2. unknown - addons/ration factory/lua/entities/eml_component1/init.lua:41


L 03/03/2019 - 23:06:43: Lua Error: 
[ERROR] addons/ration factory/lua/entities/eml_component1/init.lua:41: Tried to use a NULL entity!
  1. SetPos - [C]:-1
   2. unknown - addons/ration factory/lua/entities/eml_component1/init.lua:41


L 03/03/2019 - 23:06:43: Lua Error: 
[ERROR] addons/ration factory/lua/entities/eml_component1/init.lua:41: Tried to use a NULL entity!
  1. SetPos - [C]:-1
   2. unknown - addons/ration factory/lua/entities/eml_component1/init.lua:41


L 03/03/2019 - 23:06:43: Lua Error: 
[ERROR] addons/ration factory/lua/entities/eml_component1/init.lua:41: Tried to use a NULL entity!
  1. SetPos - [C]:-1
   2. unknown - addons/ration factory/lua/entities/eml_component1/init.lua:41


L 03/03/2019 - 23:06:43: Lua Error: 
[ERROR] addons/ration factory/lua/entities/eml_component1/init.lua:41: Tried to use a NULL entity!
  1. SetPos - [C]:-1
   2. unknown - addons/ration factory/lua/entities/eml_component1/init.lua:41


L 03/03/2019 - 23:06:43: Lua Error: 
[ERROR] addons/ration factory/lua/entities/eml_component1/init.lua:41: Tried to use a NULL entity!
  1. SetPos - [C]:-1
   2. unknown - addons/ration factory/lua/entities/eml_component1/init.lua:41


L 03/03/2019 - 23:06:43: Lua Error: 
[ERROR] addons/ration factory/lua/entities/eml_component1/init.lua:41: Tried to use a NULL entity!
  1. SetPos - [C]:-1
   2. unknown - addons/ration factory/lua/entities/eml_component1/init.lua:41


L 03/03/2019 - 23:06:43: Lua Error: 
[ERROR] addons/ration factory/lua/entities/eml_component1/init.lua:41: Tried to use a NULL entity!
  1. SetPos - [C]:-1
   2. unknown - addons/ration factory/lua/entities/eml_component1/init.lua:41


L 03/03/2019 - 23:06:43: Lua Error: 
[ERROR] addons/ration factory/lua/entities/eml_component1/init.lua:41: Tried to use a NULL entity!
  1. SetPos - [C]:-1
   2. unknown - addons/ration factory/lua/entities/eml_component1/init.lua:41


L 03/03/2019 - 23:06:43: Lua Error: 
[ERROR] addons/ration factory/lua/entities/eml_component1/init.lua:41: Tried to use a NULL entity!
  1. SetPos - [C]:-1
   2. unknown - addons/ration factory/lua/entities/eml_component1/init.lua:41


L 03/03/2019 - 23:06:43: Lua Error: 
[ERROR] addons/ration factory/lua/entities/eml_component1/init.lua:41: Tried to use a NULL entity!
  1. SetPos - [C]:-1
   2. unknown - addons/ration factory/lua/entities/eml_component1/init.lua:41


L 03/03/2019 - 23:06:43: Lua Error: 
[ERROR] addons/ration factory/lua/entities/eml_component1/init.lua:41: Tried to use a NULL entity!
  1. SetPos - [C]:-1
   2. unknown - addons/ration factory/lua/entities/eml_component1/init.lua:41


L 03/03/2019 - 23:06:43: Lua Error: 
[ERROR] addons/ration factory/lua/entities/eml_component1/init.lua:41: Tried to use a NULL entity!
  1. SetPos - [C]:-1
   2. unknown - addons/ration factory/lua/entities/eml_component1/init.lua:41


L 03/03/2019 - 23:06:43: Lua Error: 
[ERROR] addons/ration factory/lua/entities/eml_component1/init.lua:41: Tried to use a NULL entity!
  1. SetPos - [C]:-1
   2. unknown - addons/ration factory/lua/entities/eml_component1/init.lua:41


L 03/03/2019 - 23:06:43: Lua Error: 
[ERROR] addons/ration factory/lua/entities/eml_component1/init.lua:41: Tried to use a NULL entity!
  1. SetPos - [C]:-1
   2. unknown - addons/ration factory/lua/entities/eml_component1/init.lua:41


L 03/03/2019 - 23:06:43: Lua Error: 
[ERROR] addons/ration factory/lua/entities/eml_component1/init.lua:41: Tried to use a NULL entity!
  1. SetPos - [C]:-1
   2. unknown - addons/ration factory/lua/entities/eml_component1/init.lua:41


L 03/03/2019 - 23:06:43: Lua Error: 
[ERROR] addons/ration factory/lua/entities/eml_component1/init.lua:41: Tried to use a NULL entity!
  1. SetPos - [C]:-1
   2. unknown - addons/ration factory/lua/entities/eml_component1/init.lua:41


L 03/03/2019 - 23:06:43: Lua Error: 
[ERROR] addons/ration factory/lua/entities/eml_component1/init.lua:41: Tried to use a NULL entity!
  1. SetPos - [C]:-1
   2. unknown - addons/ration factory/lua/entities/eml_component1/init.lua:41


L 03/03/2019 - 23:06:43: Lua Error: 
[ERROR] addons/ration factory/lua/entities/eml_component1/init.lua:41: Tried to use a NULL entity!
  1. SetPos - [C]:-1
   2. unknown - addons/ration factory/lua/entities/eml_component1/init.lua:41


L 03/03/2019 - 23:06:43: Lua Error: 
[ERROR] addons/ration factory/lua/entities/eml_component1/init.lua:41: Tried to use a NULL entity!
  1. SetPos - [C]:-1
   2. unknown - addons/ration factory/lua/entities/eml_component1/init.lua:41


L 03/03/2019 - 23:06:43: Lua Error: 
[ERROR] addons/ration factory/lua/entities/eml_component1/init.lua:41: Tried to use a NULL entity!
  1. SetPos - [C]:-1
   2. unknown - addons/ration factory/lua/entities/eml_component1/init.lua:41


L 03/03/2019 - 23:06:43: Lua Error: 
[ERROR] addons/ration factory/lua/entities/eml_component1/init.lua:41: Tried to use a NULL entity!
  1. SetPos - [C]:-1
   2. unknown - addons/ration factory/lua/entities/eml_component1/init.lua:41


L 03/03/2019 - 23:06:43: Lua Error: 
[ERROR] addons/ration factory/lua/entities/eml_component1/init.lua:41: Tried to use a NULL entity!
  1. SetPos - [C]:-1
   2. unknown - addons/ration factory/lua/entities/eml_component1/init.lua:41


L 03/03/2019 - 23:06:43: Lua Error: 
[ERROR] addons/ration factory/lua/entities/eml_component1/init.lua:41: Tried to use a NULL entity!
  1. SetPos - [C]:-1
   2. unknown - addons/ration factory/lua/entities/eml_component1/init.lua:41


L 03/03/2019 - 23:06:43: Lua Error: 
[ERROR] addons/ration factory/lua/entities/eml_component1/init.lua:41: Tried to use a NULL entity!
  1. SetPos - [C]:-1
   2. unknown - addons/ration factory/lua/entities/eml_component1/init.lua:41


L 03/03/2019 - 23:06:43: Lua Error: 
[ERROR] addons/ration factory/lua/entities/eml_component1/init.lua:41: Tried to use a NULL entity!
  1. SetPos - [C]:-1
   2. unknown - addons/ration factory/lua/entities/eml_component1/init.lua:41


L 03/03/2019 - 23:06:43: Lua Error: 
[ERROR] addons/ration factory/lua/entities/eml_component1/init.lua:41: Tried to use a NULL entity!
  1. SetPos - [C]:-1
   2. unknown - addons/ration factory/lua/entities/eml_component1/init.lua:41


L 03/03/2019 - 23:06:43: Lua Error: 
[ERROR] addons/ration factory/lua/entities/eml_component1/init.lua:41: Tried to use a NULL entity!
  1. SetPos - [C]:-1
   2. unknown - addons/ration factory/lua/entities/eml_component1/init.lua:41


L 03/03/2019 - 23:06:43: Lua Error: 
[ERROR] addons/ration factory/lua/entities/eml_component1/init.lua:41: Tried to use a NULL entity!
  1. SetPos - [C]:-1
   2. unknown - addons/ration factory/lua/entities/eml_component1/init.lua:41


L 03/03/2019 - 23:06:43: Lua Error: 
[ERROR] addons/ration factory/lua/entities/eml_component1/init.lua:41: Tried to use a NULL entity!
  1. SetPos - [C]:-1
   2. unknown - addons/ration factory/lua/entities/eml_component1/init.lua:41


L 03/03/2019 - 23:06:43: Lua Error: 
[ERROR] addons/ration factory/lua/entities/eml_component1/init.lua:41: Tried to use a NULL entity!
  1. SetPos - [C]:-1
   2. unknown - addons/ration factory/lua/entities/eml_component1/init.lua:41


L 03/03/2019 - 23:06:43: Lua Error: 
[ERROR] addons/ration factory/lua/entities/eml_component1/init.lua:41: Tried to use a NULL entity!
  1. SetPos - [C]:-1
   2. unknown - addons/ration factory/lua/entities/eml_component1/init.lua:41


L 03/03/2019 - 23:06:43: Lua Error: 
[ERROR] addons/ration factory/lua/entities/eml_component1/init.lua:41: Tried to use a NULL entity!
  1. SetPos - [C]:-1
   2. unknown - addons/ration factory/lua/entities/eml_component1/init.lua:41


L 03/03/2019 - 23:06:43: Lua Error: 
[ERROR] addons/ration factory/lua/entities/eml_component1/init.lua:41: Tried to use a NULL entity!
  1. SetPos - [C]:-1
   2. unknown - addons/ration factory/lua/entities/eml_component1/init.lua:41


L 03/03/2019 - 23:06:43: Lua Error: 
[ERROR] addons/ration factory/lua/entities/eml_component1/init.lua:41: Tried to use a NULL entity!
  1. SetPos - [C]:-1
   2. unknown - addons/ration factory/lua/entities/eml_component1/init.lua:41


L 03/03/2019 - 23:06:43: Lua Error: 
[ERROR] addons/ration factory/lua/entities/eml_component1/init.lua:41: Tried to use a NULL entity!
  1. SetPos - [C]:-1
   2. unknown - addons/ration factory/lua/entities/eml_component1/init.lua:41


L 03/03/2019 - 23:06:43: Lua Error: 
[ERROR] addons/ration factory/lua/entities/eml_component1/init.lua:41: Tried to use a NULL entity!
  1. SetPos - [C]:-1
   2. unknown - addons/ration factory/lua/entities/eml_component1/init.lua:41


L 03/03/2019 - 23:06:43: Lua Error: 
[ERROR] addons/ration factory/lua/entities/eml_component1/init.lua:41: Tried to use a NULL entity!
  1. SetPos - [C]:-1
   2. unknown - addons/ration factory/lua