L 03/03/2019 - 22:56:42: Log file started (file "logs\L0303007.log") (game "F:\sup\steamapps\common\GarrysModDS\garrysmod") (version "7402")
L 03/03/2019 - 22:56:42: server_cvar: "sv_alltalk" "3"
L 03/03/2019 - 22:56:42: server_cvar: "sv_allowcslua" "1"
L 03/03/2019 - 22:56:42: server_cvar: "sv_airaccelerate" "1000"
L 03/03/2019 - 22:56:42: server_cvar: "sv_alltalk" "0"
L 03/03/2019 - 22:56:43: Connection to Steam servers successful.
L 03/03/2019 - 22:56:43:    Public IP is 31.130.42.81.
L 03/03/2019 - 22:56:43: Assigned anonymous gameserver Steam ID [A-1:1354642439(12110)].
L 03/03/2019 - 22:56:44: VAC secure mode is activated.
L 03/03/2019 - 22:57:48: "DidVaitel<2><STEAM_0:1:74202541><>" connected, address "192.168.1.101:27006"
L 03/03/2019 - 22:57:48: "DidVaitel<2><STEAM_0:1:74202541><>" STEAM USERID validated
L 03/03/2019 - 22:58:06: [FAdmin] DidVaitel (STEAM_0:1:74202541) Spawned for the first time
L 03/03/2019 - 22:58:06: [FAdmin] DidVaitel (STEAM_0:1:74202541) Spawned
L 03/03/2019 - 22:58:06: "DidVaitel<2><STEAM_0:1:74202541><>" entered the game
L 03/03/2019 - 22:58:06: [FAdmin] DidVaitel (STEAM_0:1:74202541) Attempted to pick up a keys
L 03/03/2019 - 22:58:06: [FAdmin] DidVaitel (STEAM_0:1:74202541) Attempted to pick up a weapon_physcannon
L 03/03/2019 - 22:58:06: [FAdmin] DidVaitel (STEAM_0:1:74202541) Attempted to pick up a gmod_camera
L 03/03/2019 - 22:58:06: [FAdmin] DidVaitel (STEAM_0:1:74202541) Attempted to pick up a gmod_tool
L 03/03/2019 - 22:58:06: [FAdmin] DidVaitel (STEAM_0:1:74202541) Attempted to pick up a pocket
L 03/03/2019 - 22:58:06: [FAdmin] DidVaitel (STEAM_0:1:74202541) Attempted to pick up a weapon_physgun
L 03/03/2019 - 22:58:06: [FAdmin] DidVaitel (STEAM_0:1:74202541) Attempted to pick up a weapon_keypadchecker
L 03/03/2019 - 22:58:06: [FAdmin] DidVaitel (STEAM_0:1:74202541) Attempted to pick up a door_ram
L 03/03/2019 - 22:58:06: [FAdmin] DidVaitel (STEAM_0:1:74202541) Attempted to pick up a arrest_stick
L 03/03/2019 - 22:58:06: [FAdmin] DidVaitel (STEAM_0:1:74202541) Attempted to pick up a unarrest_stick
L 03/03/2019 - 22:58:06: [FAdmin] DidVaitel (STEAM_0:1:74202541) Attempted to pick up a stunstick
L 03/03/2019 - 22:58:06: [FAdmin] DidVaitel (STEAM_0:1:74202541) Attempted to pick up a weaponchecker
L 03/03/2019 - 22:58:06: [FAdmin] DidVaitel (STEAM_0:1:74202541) is Authed
L 03/03/2019 - 22:58:16: [FAdmin] DidVaitel (STEAM_0:1:74202541) Attempted to switch noclip
L 03/03/2019 - 22:58:18: [FAdmin] DidVaitel (STEAM_0:1:74202541) Attempted to switch noclip
L 03/03/2019 - 22:58:23: [FAdmin] DidVaitel (STEAM_0:1:74202541) Attempted to switch noclip
L 03/03/2019 - 22:58:25: [FAdmin] DidVaitel (STEAM_0:1:74202541) Attempted to switch noclip
L 03/03/2019 - 22:58:28: [FAdmin] DidVaitel (STEAM_0:1:74202541) Attempted to switch noclip
L 03/03/2019 - 23:01:03: [FAdmin] DidVaitel (STEAM_0:1:74202541) Attempted to switch noclip
L 03/03/2019 - 23:01:06: [FAdmin] DidVaitel (STEAM_0:1:74202541) Spawned a eml_component1
L 03/03/2019 - 23:01:07: [FAdmin] DidVaitel (STEAM_0:1:74202541) Spawned a eml_assembler
L 03/03/2019 - 23:01:08: [FAdmin] DidVaitel (STEAM_0:1:74202541) Attempted to switch noclip
L 03/03/2019 - 23:01:11: [FAdmin] DidVaitel (STEAM_0:1:74202541) Attempted to switch noclip
L 03/03/2019 - 23:01:13: [FAdmin] DidVaitel (STEAM_0:1:74202541) Spawned a eml_assembler
L 03/03/2019 - 23:01:17: [FAdmin] DidVaitel (STEAM_0:1:74202541) Spawned a eml_button
L 03/03/2019 - 23:01:50: [FAdmin] DidVaitel (STEAM_0:1:74202541) Attempted to switch noclip
L 03/03/2019 - 23:01:51: [FAdmin] DidVaitel (STEAM_0:1:74202541) Attempted to switch noclip
L 03/03/2019 - 23:02:04: [FAdmin] DidVaitel (STEAM_0:1:74202541) Attempted to switch noclip
L 03/03/2019 - 23:02:34: [FAdmin] DidVaitel (STEAM_0:1:74202541) Attempted to switch noclip
L 03/03/2019 - 23:02:39: [FAdmin] Server succesfully shut down.
L 03/03/2019 - 23:02:39: [FAdmin] prop_physics(models/maxofs2d/companion_doll.mdl) Got removed
L 03/03/2019 - 23:02:39: [FAdmin] prop_physics(models/props_c17/furnituretable003a.mdl) Got removed
L 03/03/2019 - 23:02:39: [FAdmin] prop_physics(models/props_c17/furniturecouch002a.mdl) Got removed
L 03/03/2019 - 23:02:39: [FAdmin] prop_physics(models/props_c17/furniturecouch001a.mdl) Got removed
L 03/03/2019 - 23:02:39: "DidVaitel<2><STEAM_0:1:74202541><>" disconnected (reason "Server shutting down")
L 03/03/2019 - 23:02:40: server_message: "quit"
L 03/03/2019 - 23:02:40: Log file closed.
