L 03/09/2019 - 21:04:41: Log file started (file "logs\L0309000.log") (game "F:\sup\steamapps\common\GarrysModDS\garrysmod") (version "7402")
L 03/09/2019 - 21:04:41: server_cvar: "sv_alltalk" "3"
L 03/09/2019 - 21:04:41: server_cvar: "sv_allowcslua" "1"
L 03/09/2019 - 21:04:41: server_cvar: "sv_airaccelerate" "1000"
L 03/09/2019 - 21:04:41: server_cvar: "sv_alltalk" "0"
L 03/09/2019 - 21:04:42: Banid: "<><STEAM_0:0:432813650><>" was banned "permanently" by "Console"
L 03/09/2019 - 21:04:42: Banid: "<><STEAM_0:0:207758038><>" was banned "permanently" by "Console"
L 03/09/2019 - 21:04:42: Banid: "<><STEAM_0:0:432813650><>" was banned "permanently" by "Console"
L 03/09/2019 - 21:04:42: Banid: "<><STEAM_0:0:207758038><>" was banned "permanently" by "Console"
L 03/09/2019 - 21:04:44: Connection to Steam servers successful.
L 03/09/2019 - 21:04:44:    Public IP is 31.130.42.81.
L 03/09/2019 - 21:04:44: Assigned anonymous gameserver Steam ID [A-1:939395075(12145)].
L 03/09/2019 - 21:04:45: VAC secure mode is activated.
L 03/09/2019 - 21:04:47: "DidVaitel<2><STEAM_0:1:74202541><>" connected, address "192.168.1.101:27006"
L 03/09/2019 - 21:04:47: "DidVaitel<2><STEAM_0:1:74202541><>" STEAM USERID validated
L 03/09/2019 - 21:05:03: [FAdmin] DidVaitel (STEAM_0:1:74202541) is Authed
L 03/09/2019 - 21:05:03: [FAdmin] DidVaitel (STEAM_0:1:74202541) Spawned for the first time
L 03/09/2019 - 21:05:03: [FAdmin] DidVaitel (STEAM_0:1:74202541) Spawned
L 03/09/2019 - 21:05:03: "DidVaitel<2><STEAM_0:1:74202541><>" entered the game
L 03/09/2019 - 21:05:03: [FAdmin] DidVaitel (STEAM_0:1:74202541) Attempted to pick up a keys
L 03/09/2019 - 21:05:03: [FAdmin] DidVaitel (STEAM_0:1:74202541) Attempted to pick up a weapon_physcannon
L 03/09/2019 - 21:05:03: [FAdmin] DidVaitel (STEAM_0:1:74202541) Attempted to pick up a gmod_camera
L 03/09/2019 - 21:05:03: [FAdmin] DidVaitel (STEAM_0:1:74202541) Attempted to pick up a gmod_tool
L 03/09/2019 - 21:05:03: [FAdmin] DidVaitel (STEAM_0:1:74202541) Attempted to pick up a pocket
L 03/09/2019 - 21:05:03: [FAdmin] DidVaitel (STEAM_0:1:74202541) Attempted to pick up a weapon_physgun
L 03/09/2019 - 21:05:03: [FAdmin] DidVaitel (STEAM_0:1:74202541) Attempted to pick up a weapon_keypadchecker
L 03/09/2019 - 21:05:03: [FAdmin] DidVaitel (STEAM_0:1:74202541) Attempted to pick up a door_ram
L 03/09/2019 - 21:05:03: [FAdmin] DidVaitel (STEAM_0:1:74202541) Attempted to pick up a arrest_stick
L 03/09/2019 - 21:05:03: [FAdmin] DidVaitel (STEAM_0:1:74202541) Attempted to pick up a unarrest_stick
L 03/09/2019 - 21:05:03: [FAdmin] DidVaitel (STEAM_0:1:74202541) Attempted to pick up a stunstick
L 03/09/2019 - 21:05:03: [FAdmin] DidVaitel (STEAM_0:1:74202541) Attempted to pick up a weaponchecker
L 03/09/2019 - 21:05:23: [FAdmin] DidVaitel (STEAM_0:1:74202541) Spawned a ghomes_seller
L 03/09/2019 - 21:05:23: [ULX] DidVaitel<STEAM_0:1:74202541> spawned sent ghomes_seller
L 03/09/2019 - 21:05:34: [FAdmin] DidVaitel (STEAM_0:1:74202541) Attempted to switch noclip
L 03/09/2019 - 21:05:38: [FAdmin] DidVaitel (STEAM_0:1:74202541) Attempted to use tool enhanced_homes
L 03/09/2019 - 21:05:43: [FAdmin] DidVaitel (STEAM_0:1:74202541) Attempted to use tool enhanced_homes
L 03/09/2019 - 21:05:48: [FAdmin] DidVaitel (STEAM_0:1:74202541) Attempted to use tool enhanced_homes
L 03/09/2019 - 21:05:51: [FAdmin] DidVaitel (STEAM_0:1:74202541) Attempted to use tool enhanced_homes
L 03/09/2019 - 21:05:54: [FAdmin] DidVaitel (STEAM_0:1:74202541) Attempted to use tool enhanced_homes
L 03/09/2019 - 21:05:57: [FAdmin] DidVaitel (STEAM_0:1:74202541) Attempted to use tool enhanced_homes
L 03/09/2019 - 21:06:02: [FAdmin] DidVaitel (STEAM_0:1:74202541) Attempted to use tool enhanced_homes
L 03/09/2019 - 21:06:03: [FAdmin] DidVaitel (STEAM_0:1:74202541) Attempted to use tool enhanced_homes
L 03/09/2019 - 21:06:06: "DidVaitel<2><STEAM_0:1:74202541><>" disconnected (reason "Restarting lua state for SecureGMod. Check server console. (1)")
L 03/09/2019 - 21:06:06: [FAdmin] DidVaitel (STEAM_0:1:74202541) Disconnected
L 03/09/2019 - 21:06:06: [FAdmin] Server succesfully shut down.
L 03/09/2019 - 21:06:06: [FAdmin] prop_physics(models/maxofs2d/companion_doll.mdl) Got removed
L 03/09/2019 - 21:06:06: [FAdmin] prop_physics(models/props_c17/furnituretable003a.mdl) Got removed
L 03/09/2019 - 21:06:06: [FAdmin] prop_physics(models/props_c17/furniturecouch002a.mdl) Got removed
L 03/09/2019 - 21:06:06: [FAdmin] prop_physics(models/props_c17/furniturecouch001a.mdl) Got removed
L 03/09/2019 - 21:06:06: Log file closed.
