L 04/08/2019 - 00:28:35: Log file started (file "logs\L0408000.log") (game "F:\sup\steamapps\common\GarrysModDS\garrysmod") (version "7402")
L 04/08/2019 - 00:28:35: server_cvar: "sv_alltalk" "3"
L 04/08/2019 - 00:28:35: Banid: "<><STEAM_0:0:432813650><>" was banned "permanently" by "Console"
L 04/08/2019 - 00:28:35: Banid: "<><STEAM_0:0:207758038><>" was banned "permanently" by "Console"
L 04/08/2019 - 00:28:35: Banid: "<><STEAM_0:0:432813650><>" was banned "permanently" by "Console"
L 04/08/2019 - 00:28:35: Banid: "<><STEAM_0:0:207758038><>" was banned "permanently" by "Console"
L 04/08/2019 - 00:28:38: Connection to Steam servers successful.
L 04/08/2019 - 00:28:38:    Public IP is 31.130.42.81.
L 04/08/2019 - 00:28:38: Assigned anonymous gameserver Steam ID [A-1:1058399243(12313)].
L 04/08/2019 - 00:28:38: VAC secure mode is activated.
L 04/08/2019 - 00:28:47: "DidVaitel<2><STEAM_0:1:74202541><>" connected, address "192.168.1.102:27006"
L 04/08/2019 - 00:28:48: "DidVaitel<2><STEAM_0:1:74202541><>" STEAM USERID validated
L 04/08/2019 - 00:28:53: "DidVaitel<2><STEAM_0:1:74202541><>" entered the game
L 04/08/2019 - 00:31:20: "DidVaitel<2><STEAM_0:1:74202541><>" disconnected (reason "Disconnect by user.")
L 04/08/2019 - 00:31:20: "DidVaitel<3><STEAM_0:1:74202541><>" connected, address "192.168.1.102:27006"
L 04/08/2019 - 00:31:21: "DidVaitel<3><STEAM_0:1:74202541><>" STEAM USERID validated
L 04/08/2019 - 00:31:26: "DidVaitel<3><STEAM_0:1:74202541><>" entered the game
L 04/08/2019 - 00:46:38: Lua Error: 
[ERROR] addons/dragon/lua/weapons/weapon_dragon/init.lua:75: ')' expected near '='
  1. unknown - addons/dragon/lua/weapons/weapon_dragon/init.lua:0


L 04/08/2019 - 00:46:41: Lua Error: 
[ERROR] addons/dragon/lua/weapons/weapon_dragon/init.lua:75: ')' expected near '='
  1. unknown - addons/dragon/lua/weapons/weapon_dragon/init.lua:0


L 04/08/2019 - 00:46:46: Lua Error: 
[ERROR] addons/dragon/lua/weapons/weapon_dragon/init.lua:75: ')' expected near '='
  1. unknown - addons/dragon/lua/weapons/weapon_dragon/init.lua:0


L 04/08/2019 - 00:47:01: Lua Error: 
[ERROR] addons/dragon/lua/weapons/weapon_dragon/init.lua:75: ')' expected near '='
  1. unknown - addons/dragon/lua/weapons/weapon_dragon/init.lua:0


L 04/08/2019 - 00:47:01: Lua Error: 
[ERROR] addons/dragon/lua/weapons/weapon_dragon/init.lua:75: ')' expected near '='
  1. unknown - addons/dragon/lua/weapons/weapon_dragon/init.lua:0


L 04/08/2019 - 00:47:07: Lua Error: 
[ERROR] addons/dragon/lua/weapons/weapon_dragon/init.lua:75: ')' expected near '='
  1. unknown - addons/dragon/lua/weapons/weapon_dragon/init.lua:0


L 04/08/2019 - 00:47:41: Lua Error: 
[ERROR] addons/dragon/lua/weapons/weapon_dragon/init.lua:75: 'then' expected near '='
  1. unknown - addons/dragon/lua/weapons/weapon_dragon/init.lua:0


L 04/08/2019 - 00:49:18: "DidVaitel<3><STEAM_0:1:74202541><>" disconnected (reason "Server shutting down")
L 04/08/2019 - 00:49:18: server_message: "quit"
L 04/08/2019 - 00:49:18: Log file closed.
