L 04/08/2019 - 19:56:45: Log file started (file "logs\L0408014.log") (game "F:\sup\steamapps\common\GarrysModDS\garrysmod") (version "7402")
L 04/08/2019 - 19:56:45: server_cvar: "sv_alltalk" "3"
L 04/08/2019 - 19:56:45: Banid: "<><STEAM_0:0:432813650><>" was banned "permanently" by "Console"
L 04/08/2019 - 19:56:45: Banid: "<><STEAM_0:0:207758038><>" was banned "permanently" by "Console"
L 04/08/2019 - 19:56:45: Banid: "<><STEAM_0:0:432813650><>" was banned "permanently" by "Console"
L 04/08/2019 - 19:56:45: Banid: "<><STEAM_0:0:207758038><>" was banned "permanently" by "Console"
L 04/08/2019 - 19:56:47: Connection to Steam servers successful.
L 04/08/2019 - 19:56:47:    Public IP is 31.130.42.81.
L 04/08/2019 - 19:56:47: Assigned anonymous gameserver Steam ID [A-1:3163820039(12317)].
L 04/08/2019 - 19:56:47: VAC secure mode is activated.
L 04/08/2019 - 19:57:23: "DidVaitel<2><STEAM_0:1:74202541><>" connected, address "192.168.1.102:27006"
L 04/08/2019 - 19:57:24: "DidVaitel<2><STEAM_0:1:74202541><>" STEAM USERID validated
L 04/08/2019 - 19:57:30: "DidVaitel<2><STEAM_0:1:74202541><>" entered the game
L 04/08/2019 - 19:59:08: Lua Error: 
[ERROR] addons/dragon/lua/weapons/weapon_dragon/shared.lua:93: Tried to use a NULL entity!
  1. __index - [C]:-1
   2. unknown - addons/dragon/lua/weapons/weapon_dragon/shared.lua:93


L 04/08/2019 - 19:59:15: Lua Error: 
[ERROR] addons/dragon/lua/weapons/weapon_dragon/shared.lua:86: Tried to use a NULL entity!
  1. __index - [C]:-1
   2. unknown - addons/dragon/lua/weapons/weapon_dragon/shared.lua:86


L 04/08/2019 - 19:59:36: Lua Error: 
[ERROR] addons/dragon/lua/weapons/weapon_dragon/shared.lua:94: Tried to use a NULL entity!
  1. __index - [C]:-1
   2. unknown - addons/dragon/lua/weapons/weapon_dragon/shared.lua:94


L 04/08/2019 - 19:59:43: Lua Error: 
[ERROR] addons/dragon/lua/weapons/weapon_dragon/shared.lua:87: Tried to use a NULL entity!
  1. __index - [C]:-1
   2. unknown - addons/dragon/lua/weapons/weapon_dragon/shared.lua:87


L 04/08/2019 - 20:01:47: Lua Error: 
[ERROR] addons/dragon/lua/weapons/weapon_dragon/shared.lua:98: Tried to use a NULL entity!
  1. __index - [C]:-1
   2. unknown - addons/dragon/lua/weapons/weapon_dragon/shared.lua:98


L 04/08/2019 - 20:01:54: Lua Error: 
[ERROR] addons/dragon/lua/weapons/weapon_dragon/shared.lua:91: Tried to use a NULL entity!
  1. __index - [C]:-1
   2. unknown - addons/dragon/lua/weapons/weapon_dragon/shared.lua:91


L 04/08/2019 - 20:04:02: Lua Error: 
[ERROR] addons/dragon/lua/weapons/weapon_dragon/shared.lua:149: Tried to use a NULL entity!
  1. __index - [C]:-1
   2. unknown - addons/dragon/lua/weapons/weapon_dragon/shared.lua:149


L 04/08/2019 - 20:04:10: Lua Error: 
[ERROR] addons/dragon/lua/weapons/weapon_dragon/shared.lua:142: Tried to use a NULL entity!
  1. __index - [C]:-1
   2. unknown - addons/dragon/lua/weapons/weapon_dragon/shared.lua:142


L 04/08/2019 - 20:07:17: Lua Error: 
[ERROR] addons/dragon/lua/weapons/weapon_dragon/shared.lua:99: Tried to use a NULL entity!
  1. __index - [C]:-1
   2. unknown - addons/dragon/lua/weapons/weapon_dragon/shared.lua:99


L 04/08/2019 - 20:07:17: Lua Error: 
[ERROR] addons/dragon/lua/weapons/weapon_dragon/shared.lua:92: Tried to use a NULL entity!
  1. __index - [C]:-1
   2. unknown - addons/dragon/lua/weapons/weapon_dragon/shared.lua:92


L 04/08/2019 - 20:07:40: "FA9<3><STEAM_0:1:122244303><>" connected, address "178.87.246.242:27005"
L 04/08/2019 - 20:07:40: "FA9<3><STEAM_0:1:122244303><>" STEAM USERID validated
L 04/08/2019 - 20:07:41: Lua Error: 
[ERROR] addons/dragon/lua/weapons/weapon_dragon/shared.lua:27: '=' expected near 'SWEP'
  1. unknown - addons/dragon/lua/weapons/weapon_dragon/shared.lua:0


L 04/08/2019 - 20:07:50: "FA9<3><STEAM_0:1:122244303><>" disconnected (reason "Disconnect by user.")
L 04/08/2019 - 20:07:54: Lua Error: 
[ERROR] addons/dragon/lua/weapons/weapon_dragon/shared.lua:27: '=' expected near 'SWEP'
  1. unknown - addons/dragon/lua/weapons/weapon_dragon/shared.lua:0


L 04/08/2019 - 20:08:50: Lua Error: 
[ERROR] addons/dragon/lua/weapons/weapon_dragon/shared.lua:149: Tried to use a NULL entity!
  1. __index - [C]:-1
   2. unknown - addons/dragon/lua/weapons/weapon_dragon/shared.lua:149


L 04/08/2019 - 20:08:52: Lua Error: 
[ERROR] addons/dragon/lua/weapons/weapon_dragon/shared.lua:142: Tried to use a NULL entity!
  1. __index - [C]:-1
   2. unknown - addons/dragon/lua/weapons/weapon_dragon/shared.lua:142


L 04/08/2019 - 20:09:03: Lua Error: 
[ERROR] addons/dragon/lua/weapons/weapon_dragon/shared.lua:82: attempt to index local 'att' (a nil value)
  1. unknown - addons/dragon/lua/weapons/weapon_dragon/shared.lua:82


L 04/08/2019 - 20:09:04: Lua Error: 
[ERROR] addons/dragon/lua/weapons/weapon_dragon/shared.lua:82: attempt to index local 'att' (a nil value)
  1. unknown - addons/dragon/lua/weapons/weapon_dragon/shared.lua:82


L 04/08/2019 - 20:09:04: Lua Error: 
[ERROR] addons/dragon/lua/weapons/weapon_dragon/shared.lua:82: attempt to index local 'att' (a nil value)
  1. unknown - addons/dragon/lua/weapons/weapon_dragon/shared.lua:82


L 04/08/2019 - 20:09:04: Lua Error: 
[ERROR] addons/dragon/lua/weapons/weapon_dragon/shared.lua:82: attempt to index local 'att' (a nil value)
  1. unknown - addons/dragon/lua/weapons/weapon_dragon/shared.lua:82


L 04/08/2019 - 20:09:04: Lua Error: 
[ERROR] addons/dragon/lua/weapons/weapon_dragon/shared.lua:82: attempt to index local 'att' (a nil value)
  1. unknown - addons/dragon/lua/weapons/weapon_dragon/shared.lua:82


L 04/08/2019 - 20:09:14: "Bot01<4><BOT><>" connected, address "none"
L 04/08/2019 - 20:09:14: "Bot01<4><BOT><>" entered the game
L 04/08/2019 - 20:11:37: "Julian<5><STEAM_0:1:158633351><>" connected, address "46.5.247.105:27005"
L 04/08/2019 - 20:11:38: "Julian<5><STEAM_0:1:158633351><>" STEAM USERID validated
L 04/08/2019 - 20:11:57: "Julian<5><STEAM_0:1:158633351><>" entered the game
L 04/08/2019 - 20:12:08: "Julian<5><STEAM_0:1:158633351><>" disconnected (reason "Julian timed out")
L 04/08/2019 - 20:12:08: Lua Error: 
[ERROR] addons/dragon/lua/weapons/weapon_dragon/shared.lua:152: Tried to use a NULL entity!
  1. __index - [C]:-1
   2. unknown - addons/dragon/lua/weapons/weapon_dragon/shared.lua:152


L 04/08/2019 - 20:12:15: Lua Error: 
[ERROR] addons/dragon/lua/weapons/weapon_dragon/shared.lua:145: Tried to use a NULL entity!
  1. __index - [C]:-1
   2. unknown - addons/dragon/lua/weapons/weapon_dragon/shared.lua:145


L 04/08/2019 - 20:13:50: Lua Error: 
[ERROR] addons/dragon/lua/weapons/weapon_dragon/shared.lua:101: Tried to use a NULL entity!
  1. __index - [C]:-1
   2. unknown - addons/dragon/lua/weapons/weapon_dragon/shared.lua:101


L 04/08/2019 - 20:13:52: Lua Error: 
[ERROR] addons/dragon/lua/weapons/weapon_dragon/shared.lua:94: Tried to use a NULL entity!
  1. __index - [C]:-1
   2. unknown - addons/dragon/lua/weapons/weapon_dragon/shared.lua:94


L 04/08/2019 - 20:14:29: Lua Error: 
[ERROR] addons/dragon/lua/weapons/weapon_dragon/shared.lua:153: Tried to use a NULL entity!
  1. __index - [C]:-1
   2. unknown - addons/dragon/lua/weapons/weapon_dragon/shared.lua:153


L 04/08/2019 - 20:14:34: Lua Error: 
[ERROR] addons/dragon/lua/weapons/weapon_dragon/shared.lua:146: Tried to use a NULL entity!
  1. __index - [C]:-1
   2. unknown - addons/dragon/lua/weapons/weapon_dragon/shared.lua:146


L 04/08/2019 - 20:14:40: Lua Error: 
[ERROR] addons/dragon/lua/weapons/weapon_dragon/shared.lua:102: Tried to use a NULL entity!
  1. __index - [C]:-1
   2. unknown - addons/dragon/lua/weapons/weapon_dragon/shared.lua:102


L 04/08/2019 - 20:14:45: Lua Error: 
[ERROR] addons/dragon/lua/weapons/weapon_dragon/shared.lua:102: Tried to use a NULL entity!
  1. __index - [C]:-1
   2. unknown - addons/dragon/lua/weapons/weapon_dragon/shared.lua:102


L 04/08/2019 - 20:14:46: Lua Error: 
[ERROR] addons/dragon/lua/weapons/weapon_dragon/shared.lua:95: Tried to use a NULL entity!
  1. __index - [C]:-1
   2. unknown - addons/dragon/lua/weapons/weapon_dragon/shared.lua:95


L 04/08/2019 - 20:14:53: Lua Error: 
[ERROR] addons/dragon/lua/weapons/weapon_dragon/shared.lua:95: Tried to use a NULL entity!
  1. __index - [C]:-1
   2. unknown - addons/dragon/lua/weapons/weapon_dragon/shared.lua:95


L 04/08/2019 - 20:14:54: "Bot02<6><BOT><>" connected, address "none"
L 04/08/2019 - 20:14:54: "Bot02<6><BOT><>" entered the game
L 04/08/2019 - 20:15:44: Lua Error: 
[ERROR] addons/dragon/lua/weapons/weapon_dragon/shared.lua:102: Tried to use a NULL entity!
  1. __index - [C]:-1
   2. unknown - addons/dragon/lua/weapons/weapon_dragon/shared.lua:102


L 04/08/2019 - 20:15:45: Lua Error: 
[ERROR] addons/dragon/lua/weapons/weapon_dragon/init.lua:31: attempt to compare number with nil
  1. fn - addons/dragon/lua/weapons/weapon_dragon/init.lua:31
   2. unknown - addons/ulxulib/lua/ulib/shared/hook.lua:109


L 04/08/2019 - 20:15:45: Lua Error: 
[ERROR] addons/dragon/lua/weapons/weapon_dragon/init.lua:31: attempt to compare number with nil
  1. fn - addons/dragon/lua/weapons/weapon_dragon/init.lua:31
   2. unknown - addons/ulxulib/lua/ulib/shared/hook.lua:109


L 04/08/2019 - 20:15:45: Lua Error: 
[ERROR] addons/dragon/lua/weapons/weapon_dragon/init.lua:31: attempt to compare number with nil
  1. fn - addons/dragon/lua/weapons/weapon_dragon/init.lua:31
   2. unknown - addons/ulxulib/lua/ulib/shared/hook.lua:109


L 04/08/2019 - 20:15:45: Lua Error: 
[ERROR] addons/dragon/lua/weapons/weapon_dragon/init.lua:31: attempt to compare number with nil
  1. fn - addons/dragon/lua/weapons/weapon_dragon/init.lua:31
   2. unknown - addons/ulxulib/lua/ulib/shared/hook.lua:109


L 04/08/2019 - 20:15:45: Lua Error: 
[ERROR] addons/dragon/lua/weapons/weapon_dragon/init.lua:31: attempt to compare number with nil
  1. fn - addons/dragon/lua/weapons/weapon_dragon/init.lua:31
   2. unknown - addons/ulxulib/lua/ulib/shared/hook.lua:109


L 04/08/2019 - 20:15:45: Lua Error: 
[ERROR] addons/dragon/lua/weapons/weapon_dragon/init.lua:31: attempt to compare number with nil
  1. fn - addons/dragon/lua/weapons/weapon_dragon/init.lua:31
   2. unknown - addons/ulxulib/lua/ulib/shared/hook.lua:109


L 04/08/2019 - 20:15:45: Lua Error: 
[ERROR] addons/dragon/lua/weapons/weapon_dragon/init.lua:31: attempt to compare number with nil
  1. fn - addons/dragon/lua/weapons/weapon_dragon/init.lua:31
   2. unknown - addons/ulxulib/lua/ulib/shared/hook.lua:109


L 04/08/2019 - 20:15:45: Lua Error: 
[ERROR] addons/dragon/lua/weapons/weapon_dragon/init.lua:31: attempt to compare number with nil
  1. fn - addons/dragon/lua/weapons/weapon_dragon/init.lua:31
   2. unknown - addons/ulxulib/lua/ulib/shared/hook.lua:109


L 04/08/2019 - 20:15:45: Lua Error: 
[ERROR] addons/dragon/lua/weapons/weapon_dragon/init.lua:31: attempt to compare number with nil
  1. fn - addons/dragon/lua/weapons/weapon_dragon/init.lua:31
   2. unknown - addons/ulxulib/lua/ulib/shared/hook.lua:109


L 04/08/2019 - 20:15:45: Lua Error: 
[ERROR] addons/dragon/lua/weapons/weapon_dragon/init.lua:31: attempt to compare number with nil
  1. fn - addons/dragon/lua/weapons/weapon_dragon/init.lua:31
   2. unknown - addons/ulxulib/lua/ulib/shared/hook.lua:109


L 04/08/2019 - 20:15:45: Lua Error: 
[ERROR] addons/dragon/lua/weapons/weapon_dragon/init.lua:31: attempt to compare number with nil
  1. fn - addons/dragon/lua/weapons/weapon_dragon/init.lua:31
   2. unknown - addons/ulxulib/lua/ulib/shared/hook.lua:109


L 04/08/2019 - 20:15:45: Lua Error: 
[ERROR] addons/dragon/lua/weapons/weapon_dragon/init.lua:31: attempt to compare number with nil
  1. fn - addons/dragon/lua/weapons/weapon_dragon/init.lua:31
   2. unknown - addons/ulxulib/lua/ulib/shared/hook.lua:109


L 04/08/2019 - 20:15:45: Lua Error: 
[ERROR] addons/dragon/lua/weapons/weapon_dragon/init.lua:31: attempt to compare number with nil
  1. fn - addons/dragon/lua/weapons/weapon_dragon/init.lua:31
   2. unknown - addons/ulxulib/lua/ulib/shared/hook.lua:109


L 04/08/2019 - 20:15:45: Lua Error: 
[ERROR] addons/dragon/lua/weapons/weapon_dragon/init.lua:31: attempt to compare number with nil
  1. fn - addons/dragon/lua/weapons/weapon_dragon/init.lua:31
   2. unknown - addons/ulxulib/lua/ulib/shared/hook.lua:109


L 04/08/2019 - 20:15:45: Lua Error: 
[ERROR] addons/dragon/lua/weapons/weapon_dragon/init.lua:31: attempt to compare number with nil
  1. fn - addons/dragon/lua/weapons/weapon_dragon/init.lua:31
   2. unknown - addons/ulxulib/lua/ulib/shared/hook.lua:109


L 04/08/2019 - 20:15:45: Lua Error: 
[ERROR] addons/dragon/lua/weapons/weapon_dragon/init.lua:31: attempt to compare number with nil
  1. fn - addons/dragon/lua/weapons/weapon_dragon/init.lua:31
   2. unknown - addons/ulxulib/lua/ulib/shared/hook.lua:109


L 04/08/2019 - 20:15:45: Lua Error: 
[ERROR] addons/dragon/lua/weapons/weapon_dragon/init.lua:31: attempt to compare number with nil
  1. fn - addons/dragon/lua/weapons/weapon_dragon/init.lua:31
   2. unknown - addons/ulxulib/lua/ulib/shared/hook.lua:109


L 04/08/2019 - 20:15:45: Lua Error: 
[ERROR] addons/dragon/lua/weapons/weapon_dragon/init.lua:31: attempt to compare number with nil
  1. fn - addons/dragon/lua/weapons/weapon_dragon/init.lua:31
   2. unknown - addons/ulxulib/lua/ulib/shared/hook.lua:109


L 04/08/2019 - 20:15:45: Lua Error: 
[ERROR] addons/dragon/lua/weapons/weapon_dragon/init.lua:31: attempt to compare number with nil
  1. fn - addons/dragon/lua/weapons/weapon_dragon/init.lua:31
   2. unknown - addons/ulxulib/lua/ulib/shared/hook.lua:109


L 04/08/2019 - 20:15:45: Lua Error: 
[ERROR] addons/dragon/lua/weapons/weapon_dragon/init.lua:31: attempt to compare number with nil
  1. fn - addons/dragon/lua/weapons/weapon_dragon/init.lua:31
   2. unknown - addons/ulxulib/lua/ulib/shared/hook.lua:109


L 04/08/2019 - 20:15:45: Lua Error: 
[ERROR] addons/dragon/lua/weapons/weapon_dragon/init.lua:31: attempt to compare number with nil
  1. fn - addons/dragon/lua/weapons/weapon_dragon/init.lua:31
   2. unknown - addons/ulxulib/lua/ulib/shared/hook.lua:109


L 04/08/2019 - 20:15:45: Lua Error: 
[ERROR] addons/dragon/lua/weapons/weapon_dragon/init.lua:31: attempt to compare number with nil
  1. fn - addons/dragon/lua/weapons/weapon_dragon/init.lua:31
   2. unknown - addons/ulxulib/lua/ulib/shared/hook.lua:109


L 04/08/2019 - 20:15:45: Lua Error: 
[ERROR] addons/dragon/lua/weapons/weapon_dragon/init.lua:31: attempt to compare number with nil
  1. fn - addons/dragon/lua/weapons/weapon_dragon/init.lua:31
   2. unknown - addons/ulxulib/lua/ulib/shared/hook.lua:109


L 04/08/2019 - 20:15:45: Lua Error: 
[ERROR] addons/dragon/lua/weapons/weapon_dragon/init.lua:31: attempt to compare number with nil
  1. fn - addons/dragon/lua/weapons/weapon_dragon/init.lua:31
   2. unknown - addons/ulxulib/lua/ulib/shared/hook.lua:109


L 04/08/2019 - 20:15:45: Lua Error: 
[ERROR] addons/dragon/lua/weapons/weapon_dragon/init.lua:31: attempt to compare number with nil
  1. fn - addons/dragon/lua/weapons/weapon_dragon/init.lua:31
   2. unknown - addons/ulxulib/lua/ulib/shared/hook.lua:109


L 04/08/2019 - 20:15:45: Lua Error: 
[ERROR] addons/dragon/lua/weapons/weapon_dragon/init.lua:31: attempt to compare number with nil
  1. fn - addons/dragon/lua/weapons/weapon_dragon/init.lua:31
   2. unknown - addons/ulxulib/lua/ulib/shared/hook.lua:109


L 04/08/2019 - 20:15:45: Lua Error: 
[ERROR] addons/dragon/lua/weapons/weapon_dragon/init.lua:31: attempt to compare number with nil
  1. fn - addons/dragon/lua/weapons/weapon_dragon/init.lua:31
   2. unknown - addons/ulxulib/lua/ulib/shared/hook.lua:109


L 04/08/2019 - 20:15:45: Lua Error: 
[ERROR] addons/dragon/lua/weapons/weapon_dragon/init.lua:31: attempt to compare number with nil
  1. fn - addons/dragon/lua/weapons/weapon_dragon/init.lua:31
   2. unknown - addons/ulxulib/lua/ulib/shared/hook.lua:109


L 04/08/2019 - 20:15:45: Lua Error: 
[ERROR] addons/dragon/lua/weapons/weapon_dragon/init.lua:31: attempt to compare number with nil
  1. fn - addons/dragon/lua/weapons/weapon_dragon/init.lua:31
   2. unknown - addons/ulxulib/lua/ulib/shared/hook.lua:109


L 04/08/2019 - 20:15:45: Lua Error: 
[ERROR] addons/dragon/lua/weapons/weapon_dragon/init.lua:31: attempt to compare number with nil
  1. fn - addons/dragon/lua/weapons/weapon_dragon/init.lua:31
   2. unknown - addons/ulxulib/lua/ulib/shared/hook.lua:109


L 04/08/2019 - 20:15:45: Lua Error: 
[ERROR] addons/dragon/lua/weapons/weapon_dragon/init.lua:31: attempt to compare number with nil
  1. fn - addons/dragon/lua/weapons/weapon_dragon/init.lua:31
   2. unknown - addons/ulxulib/lua/ulib/shared/hook.lua:109


L 04/08/2019 - 20:15:45: Lua Error: 
[ERROR] addons/dragon/lua/weapons/weapon_dragon/init.lua:31: attempt to compare number with nil
  1. fn - addons/dragon/lua/weapons/weapon_dragon/init.lua:31
   2. unknown - addons/ulxulib/lua/ulib/shared/hook.lua:109


L 04/08/2019 - 20:15:45: Lua Error: 
[ERROR] addons/dragon/lua/weapons/weapon_dragon/init.lua:31: attempt to compare number with nil
  1. fn - addons/dragon/lua/weapons/weapon_dragon/init.lua:31
   2. unknown - addons/ulxulib/lua/ulib/shared/hook.lua:109


L 04/08/2019 - 20:15:45: Lua Error: 
[ERROR] addons/dragon/lua/weapons/weapon_dragon/init.lua:31: attempt to compare number with nil
  1. fn - addons/dragon/lua/weapons/weapon_dragon/init.lua:31
   2. unknown - addons/ulxulib/lua/ulib/shared/hook.lua:109


L 04/08/2019 - 20:15:45: Lua Error: 
[ERROR] addons/dragon/lua/weapons/weapon_dragon/init.lua:31: attempt to compare number with nil
  1. fn - addons/dragon/lua/weapons/weapon_dragon/init.lua:31
   2. unknown - addons/ulxulib/lua/ulib/shared/hook.lua:109


L 04/08/2019 - 20:15:45: Lua Error: 
[ERROR] addons/dragon/lua/weapons/weapon_dragon/init.lua:31: attempt to compare number with nil
  1. fn - addons/dragon/lua/weapons/weapon_dragon/init.lua:31
   2. unknown - addons/ulxulib/lua/ulib/shared/hook.lua:109


L 04/08/2019 - 20:15:45: Lua Error: 
[ERROR] addons/dragon/lua/weapons/weapon_dragon/init.lua:31: attempt to compare number with nil
  1. fn - addons/dragon/lua/weapons/weapon_dragon/init.lua:31
   2. unknown - addons/ulxulib/lua/ulib/shared/hook.lua:109


L 04/08/2019 - 20:15:45: Lua Error: 
[ERROR] addons/dragon/lua/weapons/weapon_dragon/init.lua:31: attempt to compare number with nil
  1. fn - addons/dragon/lua/weapons/weapon_dragon/init.lua:31
   2. unknown - addons/ulxulib/lua/ulib/shared/hook.lua:109


L 04/08/2019 - 20:15:45: Lua Error: 
[ERROR] addons/dragon/lua/weapons/weapon_dragon/init.lua:31: attempt to compare number with nil
  1. fn - addons/dragon/lua/weapons/weapon_dragon/init.lua:31
   2. unknown - addons/ulxulib/lua/ulib/shared/hook.lua:109


L 04/08/2019 - 20:15:45: Lua Error: 
[ERROR] addons/dragon/lua/weapons/weapon_dragon/init.lua:31: attempt to compare number with nil
  1. fn - addons/dragon/lua/weapons/weapon_dragon/init.lua:31
   2. unknown - addons/ulxulib/lua/ulib/shared/hook.lua:109


L 04/08/2019 - 20:15:45: Lua Error: 
[ERROR] addons/dragon/lua/weapons/weapon_dragon/init.lua:31: attempt to compare number with nil
  1. fn - addons/dragon/lua/weapons/weapon_dragon/init.lua:31
   2. unknown - addons/ulxulib/lua/ulib/shared/hook.lua:109


L 04/08/2019 - 20:15:45: Lua Error: 
[ERROR] addons/dragon/lua/weapons/weapon_dragon/init.lua:31: attempt to compare number with nil
  1. fn - addons/dragon/lua/weapons/weapon_dragon/init.lua:31
   2. unknown - addons/ulxulib/lua/ulib/shared/hook.lua:109


L 04/08/2019 - 20:15:45: Lua Error: 
[ERROR] addons/dragon/lua/weapons/weapon_dragon/init.lua:31: attempt to compare number with nil
  1. fn - addons/dragon/lua/weapons/weapon_dragon/init.lua:31
   2. unknown - addons/ulxulib/lua/ulib/shared/hook.lua:109


L 04/08/2019 - 20:15:45: Lua Error: 
[ERROR] addons/dragon/lua/weapons/weapon_dragon/init.lua:31: attempt to compare number with nil
  1. fn - addons/dragon/lua/weapons/weapon_dragon/init.lua:31
   2. unknown - addons/ulxulib/lua/ulib/shared/hook.lua:109


L 04/08/2019 - 20:15:45: Lua Error: 
[ERROR] addons/dragon/lua/weapons/weapon_dragon/init.lua:31: attempt to compare number with nil
  1. fn - addons/dragon/lua/weapons/weapon_dragon/init.lua:31
   2. unknown - addons/ulxulib/lua/ulib/shared/hook.lua:109


L 04/08/2019 - 20:15:45: Lua Error: 
[ERROR] addons/dragon/lua/weapons/weapon_dragon/init.lua:31: attempt to compare number with nil
  1. fn - addons/dragon/lua/weapons/weapon_dragon/init.lua:31
   2. unknown - addons/ulxulib/lua/ulib/shared/hook.lua:109


L 04/08/2019 - 20:15:45: Lua Error: 
[ERROR] addons/dragon/lua/weapons/weapon_dragon/init.lua:31: attempt to compare number with nil
  1. fn - addons/dragon/lua/weapons/weapon_dragon/init.lua:31
   2. unknown - addons/ulxulib/lua/ulib/shared/hook.lua:109


L 04/08/2019 - 20:15:45: Lua Error: 
[ERROR] addons/dragon/lua/weapons/weapon_dragon/init.lua:31: attempt to compare number with nil
  1. fn - addons/dragon/lua/weapons/weapon_dragon/init.lua:31
   2. unknown - addons/ulxulib/lua/ulib/shared/hook.lua:109


L 04/08/2019 - 20:15:45: Lua Error: 
[ERROR] addons/dragon/lua/weapons/weapon_dragon/init.lua:31: attempt to compare number with nil
  1. fn - addons/dragon/lua/weapons/weapon_dragon/init.lua:31
   2. unknown - addons/ulxulib/lua/ulib/shared/hook.lua:109


L 04/08/2019 - 20:15:45: Lua Error: 
[ERROR] addons/dragon/lua/weapons/weapon_dragon/init.lua:31: attempt to compare number with nil
  1. fn - addons/dragon/lua/weapons/weapon_dragon/init.lua:31
   2. unknown - addons/ulxulib/lua/ulib/shared/hook.lua:109


L 04/08/2019 - 20:15:46: Lua Error: 
[ERROR] addons/dragon/lua/weapons/weapon_dragon/init.lua:31: attempt to compare number with nil
  1. fn - addons/dragon/lua/weapons/weapon_dragon/init.lua:31
   2. unknown - addons/ulxulib/lua/ulib/shared/hook.lua:109


L 04/08/2019 - 20:15:46: Lua Error: 
[ERROR] addons/dragon/lua/weapons/weapon_dragon/init.lua:31: attempt to compare number with nil
  1. fn - addons/dragon/lua/weapons/weapon_dragon/init.lua:31
   2. unknown - addons/ulxulib/lua/ulib/shared/hook.lua:109


L 04/08/2019 - 20:15:46: Lua Error: 
[ERROR] addons/dragon/lua/weapons/weapon_dragon/init.lua:31: attempt to compare number with nil
  1. fn - addons/dragon/lua/weapons/weapon_dragon/init.lua:31
   2. unknown - addons/ulxulib/lua/ulib/shared/hook.lua:109


L 04/08/2019 - 20:15:46: Lua Error: 
[ERROR] addons/dragon/lua/weapons/weapon_dragon/init.lua:31: attempt to compare number with nil
  1. fn - addons/dragon/lua/weapons/weapon_dragon/init.lua:31
   2. unknown - addons/ulxulib/lua/ulib/shared/hook.lua:109


L 04/08/2019 - 20:15:46: Lua Error: 
[ERROR] addons/dragon/lua/weapons/weapon_dragon/init.lua:31: attempt to compare number with nil
  1. fn - addons/dragon/lua/weapons/weapon_dragon/init.lua:31
   2. unknown - addons/ulxulib/lua/ulib/shared/hook.lua:109


L 04/08/2019 - 20:15:46: Lua Error: 
[ERROR] addons/dragon/lua/weapons/weapon_dragon/init.lua:31: attempt to compare number with nil
  1. fn - addons/dragon/lua/weapons/weapon_dragon/init.lua:31
   2. unknown - addons/ulxulib/lua/ulib/shared/hook.lua:109


L 04/08/2019 - 20:15:46: Lua Error: 
[ERROR] addons/dragon/lua/weapons/weapon_dragon/init.lua:31: attempt to compare number with nil
  1. fn - addons/dragon/lua/weapons/weapon_dragon/init.lua:31
   2. unknown - addons/ulxulib/lua/ulib/shared/hook.lua:109


L 04/08/2019 - 20:15:46: Lua Error: 
[ERROR] addons/dragon/lua/weapons/weapon_dragon/init.lua:31: attempt to compare number with nil
  1. fn - addons/dragon/lua/weapons/weapon_dragon/init.lua:31
   2. unknown - addons/ulxulib/lua/ulib/shared/hook.lua:109


L 04/08/2019 - 20:15:46: Lua Error: 
[ERROR] addons/dragon/lua/weapons/weapon_dragon/init.lua:31: attempt to compare number with nil
  1. fn - addons/dragon/lua/weapons/weapon_dragon/init.lua:31
   2. unknown - addons/ulxulib/lua/ulib/shared/hook.lua:109


L 04/08/2019 - 20:15:46: Lua Error: 
[ERROR] addons/dragon/lua/weapons/weapon_dragon/init.lua:31: attempt to compare number with nil
  1. fn - addons/dragon/lua/weapons/weapon_dragon/init.lua:31
   2. unknown - addons/ulxulib/lua/ulib/shared/hook.lua:109


L 04/08/2019 - 20:15:46: Lua Error: 
[ERROR] addons/dragon/lua/weapons/weapon_dragon/init.lua:31: attempt to compare number with nil
  1. fn - addons/dragon/lua/weapons/weapon_dragon/init.lua:31
   2. unknown - addons/ulxulib/lua/ulib/shared/hook.lua:109


L 04/08/2019 - 20:15:46: Lua Error: 
[ERROR] addons/dragon/lua/weapons/weapon_dragon/init.lua:31: attempt to compare number with nil
  1. fn - addons/dragon/lua/weapons/weapon_dragon/init.lua:31
   2. unknown - addons/ulxulib/lua/ulib/shared/hook.lua:109


L 04/08/2019 - 20:15:46: Lua Error: 
[ERROR] addons/dragon/lua/weapons/weapon_dragon/init.lua:31: attempt to compare number with nil
  1. fn - addons/dragon/lua/weapons/weapon_dragon/init.lua:31
   2. unknown - addons/ulxulib/lua/ulib/shared/hook.lua:109


L 04/08/2019 - 20:15:46: Lua Error: 
[ERROR] addons/dragon/lua/weapons/weapon_dragon/init.lua:31: attempt to compare number with nil
  1. fn - addons/dragon/lua/weapons/weapon_dragon/init.lua:31
   2. unknown - addons/ulxulib/lua/ulib/shared/hook.lua:109


L 04/08/2019 - 20:15:46: Lua Error: 
[ERROR] addons/dragon/lua/weapons/weapon_dragon/init.lua:31: attempt to compare number with nil
  1. fn - addons/dragon/lua/weapons/weapon_dragon/init.lua:31
   2. unknown - addons/ulxulib/lua/ulib/shared/hook.lua:109


L 04/08/2019 - 20:15:46: Lua Error: 
[ERROR] addons/dragon/lua/weapons/weapon_dragon/init.lua:31: attempt to compare number with nil
  1. fn - addons/dragon/lua/weapons/weapon_dragon/init.lua:31
   2. unknown - addons/ulxulib/lua/ulib/shared/hook.lua:109


L 04/08/2019 - 20:15:46: Lua Error: 
[ERROR] addons/dragon/lua/weapons/weapon_dragon/init.lua:31: attempt to compare number with nil
  1. fn - addons/dragon/lua/weapons/weapon_dragon/init.lua:31
   2. unknown - addons/ulxulib/lua/ulib/shared/hook.lua:109


L 04/08/2019 - 20:15:46: Lua Error: 
[ERROR] addons/dragon/lua/weapons/weapon_dragon/init.lua:31: attempt to compare number with nil
  1. fn - addons/dragon/lua/weapons/weapon_dragon/init.lua:31
   2. unknown - addons/ulxulib/lua/ulib/shared/hook.lua:109


L 04/08/2019 - 20:15:46: Lua Error: 
[ERROR] addons/dragon/lua/weapons/weapon_dragon/init.lua:31: attempt to compare number with nil
  1. fn - addons/dragon/lua/weapons/weapon_dragon/init.lua:31
   2. unknown - addons/ulxulib/lua/ulib/shared/hook.lua:109


L 04/08/2019 - 20:15:46: Lua Error: 
[ERROR] addons/dragon/lua/weapons/weapon_dragon/init.lua:31: attempt to compare number with nil
  1. fn - addons/dragon/lua/weapons/weapon_dragon/init.lua:31
   2. unknown - addons/ulxulib/lua/ulib/shared/hook.lua:109


L 04/08/2019 - 20:15:46: Lua Error: 
[ERROR] addons/dragon/lua/weapons/weapon_dragon/init.lua:31: attempt to compare number with nil
  1. fn - addons/dragon/lua/weapons/weapon_dragon/init.lua:31
   2. unknown - addons/ulxulib/lua/ulib/shared/hook.lua:109


L 04/08/2019 - 20:15:46: Lua Error: 
[ERROR] addons/dragon/lua/weapons/weapon_dragon/init.lua:31: attempt to compare number with nil
  1. fn - addons/dragon/lua/weapons/weapon_dragon/init.lua:31
   2. unknown - addons/ulxulib/lua/ulib/shared/hook.lua:109


L 04/08/2019 - 20:15:46: Lua Error: 
[ERROR] addons/dragon/lua/weapons/weapon_dragon/init.lua:31: attempt to compare number with nil
  1. fn - addons/dragon/lua/weapons/weapon_dragon/init.lua:31
   2. unknown - addons/ulxulib/lua/ulib/shared/hook.lua:109


L 04/08/2019 - 20:15:46: Lua Error: 
[ERROR] addons/dragon/lua/weapons/weapon_dragon/init.lua:31: attempt to compare number with nil
  1. fn - addons/dragon/lua/weapons/weapon_dragon/init.lua:31
   2. unknown - addons/ulxulib/lua/ulib/shared/hook.lua:109


L 04/08/2019 - 20:15:46: Lua Error: 
[ERROR] addons/dragon/lua/weapons/weapon_dragon/init.lua:31: attempt to compare number with nil
  1. fn - addons/dragon/lua/weapons/weapon_dragon/init.lua:31
   2. unknown - addons/ulxulib/lua/ulib/shared/hook.lua:109


L 04/08/2019 - 20:15:46: Lua Error: 
[ERROR] addons/dragon/lua/weapons/weapon_dragon/init.lua:31: attempt to compare number with nil
  1. fn - addons/dragon/lua/weapons/weapon_dragon/init.lua:31
   2. unknown - addons/ulxulib/lua/ulib/shared/hook.lua:109


L 04/08/2019 - 20:15:46: Lua Error: 
[ERROR] addons/dragon/lua/weapons/weapon_dragon/init.lua:31: attempt to compare number with nil
  1. fn - addons/dragon/lua/weapons/weapon_dragon/init.lua:31
   2. unknown - addons/ulxulib/lua/ulib/shared/hook.lua:109


L 04/08/2019 - 20:15:46: Lua Error: 
[ERROR] addons/dragon/lua/weapons/weapon_dragon/init.lua:31: attempt to compare number with nil
  1. fn - addons/dragon/lua/weapons/weapon_dragon/init.lua:31
   2. unknown - addons/ulxulib/lua/ulib/shared/hook.lua:109


L 04/08/2019 - 20:15:46: Lua Error: 
[ERROR] addons/dragon/lua/weapons/weapon_dragon/init.lua:31: attempt to compare number with nil
  1. fn - addons/dragon/lua/weapons/weapon_dragon/init.lua:31
   2. unknown - addons/ulxulib/lua/ulib/shared/hook.lua:109


L 04/08/2019 - 20:15:46: Lua Error: 
[ERROR] addons/dragon/lua/weapons/weapon_dragon/init.lua:31: attempt to compare number with nil
  1. fn - addons/dragon/lua/weapons/weapon_dragon/init.lua:31
   2. unknown - addons/ulxulib/lua/ulib/shared/hook.lua:109


L 04/08/2019 - 20:15:46: Lua Error: 
[ERROR] addons/dragon/lua/weapons/weapon_dragon/init.lua:31: attempt to compare number with nil
  1. fn - addons/dragon/lua/weapons/weapon_dragon/init.lua:31
   2. unknown - addons/ulxulib/lua/ulib/shared/hook.lua:109


L 04/08/2019 - 20:15:46: Lua Error: 
[ERROR] addons/dragon/lua/weapons/weapon_dragon/init.lua:31: attempt to compare number with nil
  1. fn - addons/dragon/lua/weapons/weapon_dragon/init.lua:31
   2. unknown - addons/ulxulib/lua/ulib/shared/hook.lua:109


L 04/08/2019 - 20:15:46: Lua Error: 
[ERROR] addons/dragon/lua/weapons/weapon_dragon/init.lua:31: attempt to compare number with nil
  1. fn - addons/dragon/lua/weapons/weapon_dragon/init.lua:31
   2. unknown - addons/ulxulib/lua/ulib/shared/hook.lua:109


L 04/08/2019 - 20:15:46: Lua Error: 
[ERROR] addons/dragon/lua/weapons/weapon_dragon/init.lua:31: attempt to compare number with nil
  1. fn - addons/dragon/lua/weapons/weapon_dragon/init.lua:31
   2. unknown - addons/ulxulib/lua/ulib/shared/hook.lua:109


L 04/08/2019 - 20:15:46: Lua Error: 
[ERROR] addons/dragon/lua/weapons/weapon_dragon/init.lua:31: attempt to compare number with nil
  1. fn - addons/dragon/lua/weapons/weapon_dragon/init.lua:31
   2. unknown - addons/ulxulib/lua/ulib/shared/hook.lua:109


L 04/08/2019 - 20:15:46: Lua Error: 
[ERROR] addons/dragon/lua/weapons/weapon_dragon/init.lua:31: attempt to compare number with nil
  1. fn - addons/dragon/lua/weapons/weapon_dragon/init.lua:31
   2. unknown - addons/ulxulib/lua/ulib/shared/hook.lua:109


L 04/08/2019 - 20:15:46: Lua Error: 
[ERROR] addons/dragon/lua/weapons/weapon_dragon/init.lua:31: attempt to compare number with nil
  1. fn - addons/dragon/lua/weapons/weapon_dragon/init.lua:31
   2. unknown - addons/ulxulib/lua/ulib/shared/hook.lua:109


L 04/08/2019 - 20:15:46: Lua Error: 
[ERROR] addons/dragon/lua/weapons/weapon_dragon/init.lua:31: attempt to compare number with nil
  1. fn - addons/dragon/lua/weapons/weapon_dragon/init.lua:31
   2. unknown - addons/ulxulib/lua/ulib/shared/hook.lua:109


L 04/08/2019 - 20:15:46: Lua Error: 
[ERROR] addons/dragon/lua/weapons/weapon_dragon/init.lua:31: attempt to compare number with nil
  1. fn - addons/dragon/lua/weapons/weapon_dragon/init.lua:31
   2. unknown - addons/ulxulib/lua/ulib/shared/hook.lua:109


L 04/08/2019 - 20:15:46: Lua Error: 
[ERROR] addons/dragon/lua/weapons/weapon_dragon/init.lua:31: attempt to compare number with nil
  1. fn - addons/dragon/lua/weapons/weapon_dragon/init.lua:31
   2. unknown - addons/ulxulib/lua/ulib/shared/hook.lua:109


L 04/08/2019 - 20:15:46: Lua Error: 
[ERROR] addons/dragon/lua/weapons/weapon_dragon/init.lua:31: attempt to compare number with nil
  1. fn - addons/dragon/lua/weapons/weapon_dragon/init.lua:31
   2. unknown - addons/ulxulib/lua/ulib/shared/hook.lua:109


L 04/08/2019 - 20:15:46: Lua Error: 
[ERROR] addons/dragon/lua/weapons/weapon_dragon/init.lua:31: attempt to compare number with nil
  1. fn - addons/dragon/lua/weapons/weapon_dragon/init.lua:31
   2. unknown - addons/ulxulib/lua/ulib/shared/hook.lua:109


L 04/08/2019 - 20:15:46: Lua Error: 
[ERROR] addons/dragon/lua/weapons/weapon_dragon/init.lua:31: attempt to compare number with nil
  1. fn - addons/dragon/lua/weapons/weapon_dragon/init.lua:31
   2. unknown - addons/ulxulib/lua/ulib/shared/hook.lua:109


L 04/08/2019 - 20:15:46: Lua Error: 
[ERROR] addons/dragon/lua/weapons/weapon_dragon/init.lua:31: attempt to compare number with nil
  1. fn - addons/dragon/lua/weapons/weapon_dragon/init.lua:31
   2. unknown - addons/ulxulib/lua/ulib/shared/hook.lua:109


L 