L 04/03/2019 - 23:57:41: Log file started (file "logs\L0403005.log") (game "F:\sup\steamapps\common\GarrysModDS\garrysmod") (version "7402")
L 04/03/2019 - 23:57:41: server_cvar: "sv_alltalk" "3"
L 04/03/2019 - 23:57:41: Banid: "<><STEAM_0:0:432813650><>" was banned "permanently" by "Console"
L 04/03/2019 - 23:57:41: Banid: "<><STEAM_0:0:207758038><>" was banned "permanently" by "Console"
L 04/03/2019 - 23:57:41: Banid: "<><STEAM_0:0:432813650><>" was banned "permanently" by "Console"
L 04/03/2019 - 23:57:41: Banid: "<><STEAM_0:0:207758038><>" was banned "permanently" by "Console"
L 04/03/2019 - 23:57:42: Connection to Steam servers successful.
L 04/03/2019 - 23:57:42:    Public IP is 31.130.42.81.
L 04/03/2019 - 23:57:42: Assigned anonymous gameserver Steam ID [A-1:251491331(12288)].
L 04/03/2019 - 23:57:43: VAC secure mode is activated.
L 04/03/2019 - 23:59:52: "DidVaitel<2><STEAM_0:1:74202541><>" connected, address "192.168.1.102:27006"
L 04/03/2019 - 23:59:53: "DidVaitel<2><STEAM_0:1:74202541><>" STEAM USERID validated
L 04/03/2019 - 23:59:59: "DidVaitel<2><STEAM_0:1:74202541><>" entered the game
L 04/04/2019 - 00:00:29: Lua Error: 
[ERROR] addons/dragon/lua/weapons/weapon_dragon/init.lua:20: attempt to index local 'muzzlepos' (a nil value)
  1. unknown - addons/dragon/lua/weapons/weapon_dragon/init.lua:20


L 04/04/2019 - 00:00:29: Lua Error: 
[ERROR] addons/dragon/lua/weapons/weapon_dragon/shared.lua:101: attempt to index local 'muzzlepos' (a nil value)
  1. unknown - addons/dragon/lua/weapons/weapon_dragon/shared.lua:101


L 04/04/2019 - 00:00:29: Lua Error: 
[ERROR] addons/dragon/lua/weapons/weapon_dragon/shared.lua:101: attempt to index local 'muzzlepos' (a nil value)
  1. unknown - addons/dragon/lua/weapons/weapon_dragon/shared.lua:101


L 04/04/2019 - 00:00:29: Lua Error: 
[ERROR] addons/dragon/lua/weapons/weapon_dragon/shared.lua:101: attempt to index local 'muzzlepos' (a nil value)
  1. unknown - addons/dragon/lua/weapons/weapon_dragon/shared.lua:101


L 04/04/2019 - 00:00:29: Lua Error: 
[ERROR] addons/dragon/lua/weapons/weapon_dragon/shared.lua:101: attempt to index local 'muzzlepos' (a nil value)
  1. unknown - addons/dragon/lua/weapons/weapon_dragon/shared.lua:101


L 04/04/2019 - 00:00:29: Lua Error: 
[ERROR] addons/dragon/lua/weapons/weapon_dragon/shared.lua:101: attempt to index local 'muzzlepos' (a nil value)
  1. unknown - addons/dragon/lua/weapons/weapon_dragon/shared.lua:101


L 04/04/2019 - 00:00:29: Lua Error: 
[ERROR] addons/dragon/lua/weapons/weapon_dragon/shared.lua:101: attempt to index local 'muzzlepos' (a nil value)
  1. unknown - addons/dragon/lua/weapons/weapon_dragon/shared.lua:101


L 04/04/2019 - 00:00:29: Lua Error: 
[ERROR] addons/dragon/lua/weapons/weapon_dragon/shared.lua:101: attempt to index local 'muzzlepos' (a nil value)
  1. unknown - addons/dragon/lua/weapons/weapon_dragon/shared.lua:101


L 04/04/2019 - 00:00:29: Lua Error: 
[ERROR] addons/dragon/lua/weapons/weapon_dragon/shared.lua:101: attempt to index local 'muzzlepos' (a nil value)
  1. unknown - addons/dragon/lua/weapons/weapon_dragon/shared.lua:101


L 04/04/2019 - 00:00:29: Lua Error: 
[ERROR] addons/dragon/lua/weapons/weapon_dragon/shared.lua:101: attempt to index local 'muzzlepos' (a nil value)
  1. unknown - addons/dragon/lua/weapons/weapon_dragon/shared.lua:101


L 04/04/2019 - 00:00:29: Lua Error: 
[ERROR] addons/dragon/lua/weapons/weapon_dragon/shared.lua:101: attempt to index local 'muzzlepos' (a nil value)
  1. unknown - addons/dragon/lua/weapons/weapon_dragon/shared.lua:101


L 04/04/2019 - 00:00:29: Lua Error: 
[ERROR] addons/dragon/lua/weapons/weapon_dragon/shared.lua:101: attempt to index local 'muzzlepos' (a nil value)
  1. unknown - addons/dragon/lua/weapons/weapon_dragon/shared.lua:101


L 04/04/2019 - 00:00:50: Lua Error: 
[ERROR] addons/dragon/lua/weapons/weapon_dragon/shared.lua:101: attempt to index local 'muzzlepos' (a nil value)
  1. unknown - addons/dragon/lua/weapons/weapon_dragon/shared.lua:101


L 04/04/2019 - 00:00:50: Lua Error: 
[ERROR] addons/dragon/lua/weapons/weapon_dragon/shared.lua:101: attempt to index local 'muzzlepos' (a nil value)
  1. unknown - addons/dragon/lua/weapons/weapon_dragon/shared.lua:101


L 04/04/2019 - 00:00:50: Lua Error: 
[ERROR] addons/dragon/lua/weapons/weapon_dragon/shared.lua:101: attempt to index local 'muzzlepos' (a nil value)
  1. unknown - addons/dragon/lua/weapons/weapon_dragon/shared.lua:101


L 04/04/2019 - 00:00:50: Lua Error: 
[ERROR] addons/dragon/lua/weapons/weapon_dragon/shared.lua:101: attempt to index local 'muzzlepos' (a nil value)
  1. unknown - addons/dragon/lua/weapons/weapon_dragon/shared.lua:101


L 04/04/2019 - 00:00:50: Lua Error: 
[ERROR] addons/dragon/lua/weapons/weapon_dragon/shared.lua:101: attempt to index local 'muzzlepos' (a nil value)
  1. unknown - addons/dragon/lua/weapons/weapon_dragon/shared.lua:101


L 04/04/2019 - 00:00:50: Lua Error: 
[ERROR] addons/dragon/lua/weapons/weapon_dragon/shared.lua:101: attempt to index local 'muzzlepos' (a nil value)
  1. unknown - addons/dragon/lua/weapons/weapon_dragon/shared.lua:101


L 04/04/2019 - 00:07:29: [ULX] DidVaitel<STEAM_0:1:74202541> spawned model models/skyrim/weapons/draugr/w_draugrbattleaxe.mdl
L 04/04/2019 - 00:10:19: Lua Error: 
[ERROR] addons/dragon/lua/weapons/weapon_dragon/init.lua:9: function arguments expected near ':'
  1. unknown - addons/dragon/lua/weapons/weapon_dragon/init.lua:0


L 04/04/2019 - 00:11:26: Lua Error: 
[ERROR] addons/dragon/lua/weapons/weapon_dragon/init.lua:9: function arguments expected near ':'
  1. unknown - addons/dragon/lua/weapons/weapon_dragon/init.lua:0


L 04/04/2019 - 00:15:15: Lua Error: 
[ERROR] addons/dragon/lua/weapons/weapon_dragon/init.lua:9: function arguments expected near ':'
  1. unknown - addons/dragon/lua/weapons/weapon_dragon/init.lua:0


L 04/04/2019 - 00:15:25: Lua Error: 
[ERROR] addons/dragon/lua/weapons/weapon_dragon/shared.lua:95: attempt to index local 'muzzlepos' (a nil value)
  1. unknown - addons/dragon/lua/weapons/weapon_dragon/shared.lua:95


L 04/04/2019 - 00:15:26: Lua Error: 
[ERROR] addons/dragon/lua/weapons/weapon_dragon/shared.lua:95: attempt to index local 'muzzlepos' (a nil value)
  1. unknown - addons/dragon/lua/weapons/weapon_dragon/shared.lua:95


L 04/04/2019 - 00:15:26: Lua Error: 
[ERROR] addons/dragon/lua/weapons/weapon_dragon/shared.lua:95: attempt to index local 'muzzlepos' (a nil value)
  1. unknown - addons/dragon/lua/weapons/weapon_dragon/shared.lua:95


L 04/04/2019 - 00:15:26: Lua Error: 
[ERROR] addons/dragon/lua/weapons/weapon_dragon/shared.lua:95: attempt to index local 'muzzlepos' (a nil value)
  1. unknown - addons/dragon/lua/weapons/weapon_dragon/shared.lua:95


L 04/04/2019 - 00:15:26: Lua Error: 
[ERROR] addons/dragon/lua/weapons/weapon_dragon/shared.lua:95: attempt to index local 'muzzlepos' (a nil value)
  1. unknown - addons/dragon/lua/weapons/weapon_dragon/shared.lua:95


L 04/04/2019 - 00:15:26: Lua Error: 
[ERROR] addons/dragon/lua/weapons/weapon_dragon/shared.lua:95: attempt to index local 'muzzlepos' (a nil value)
  1. unknown - addons/dragon/lua/weapons/weapon_dragon/shared.lua:95


L 04/04/2019 - 00:15:26: Lua Error: 
[ERROR] addons/dragon/lua/weapons/weapon_dragon/shared.lua:95: attempt to index local 'muzzlepos' (a nil value)
  1. unknown - addons/dragon/lua/weapons/weapon_dragon/shared.lua:95


L 04/04/2019 - 00:15:26: Lua Error: 
[ERROR] addons/dragon/lua/weapons/weapon_dragon/init.lua:20: attempt to index local 'muzzlepos' (a nil value)
  1. unknown - addons/dragon/lua/weapons/weapon_dragon/init.lua:20


L 04/04/2019 - 00:15:37: Lua Error: 
[ERROR] addons/dragon/lua/weapons/weapon_dragon/init.lua:9: function arguments expected near ':'
  1. unknown - addons/dragon/lua/weapons/weapon_dragon/init.lua:0


L 04/04/2019 - 00:15:44: Lua Error: 
[ERROR] addons/dragon/lua/weapons/weapon_dragon/init.lua:9: function arguments expected near ':'
  1. unknown - addons/dragon/lua/weapons/weapon_dragon/init.lua:0


L 04/04/2019 - 00:15:51: Lua Error: 
[ERROR] addons/dragon/lua/weapons/weapon_dragon/init.lua:9: function arguments expected near ':'
  1. unknown - addons/dragon/lua/weapons/weapon_dragon/init.lua:0


L 04/04/2019 - 00:16:20: Lua Error: 
[ERROR] addons/dragon/lua/weapons/weapon_dragon/init.lua:9: function arguments expected near ':'
  1. unknown - addons/dragon/lua/weapons/weapon_dragon/init.lua:0


L 04/04/2019 - 00:16:23: Lua Error: 
[ERROR] addons/dragon/lua/weapons/weapon_dragon/init.lua:9: function arguments expected near ':'
  1. unknown - addons/dragon/lua/weapons/weapon_dragon/init.lua:0


L 04/04/2019 - 00:16:28: Lua Error: 
[ERROR] addons/dragon/lua/weapons/weapon_dragon/init.lua:20: attempt to index local 'muzzlepos' (a nil value)
  1. unknown - addons/dragon/lua/weapons/weapon_dragon/init.lua:20


L 04/04/2019 - 00:16:31: Lua Error: 
[ERROR] addons/dragon/lua/weapons/weapon_dragon/shared.lua:95: attempt to index local 'muzzlepos' (a nil value)
  1. unknown - addons/dragon/lua/weapons/weapon_dragon/shared.lua:95


L 04/04/2019 - 00:16:31: Lua Error: 
[ERROR] addons/dragon/lua/weapons/weapon_dragon/shared.lua:95: attempt to index local 'muzzlepos' (a nil value)
  1. unknown - addons/dragon/lua/weapons/weapon_dragon/shared.lua:95


L 04/04/2019 - 00:16:31: Lua Error: 
[ERROR] addons/dragon/lua/weapons/weapon_dragon/shared.lua:95: attempt to index local 'muzzlepos' (a nil value)
  1. unknown - addons/dragon/lua/weapons/weapon_dragon/shared.lua:95


L 04/04/2019 - 00:16:31: Lua Error: 
[ERROR] addons/dragon/lua/weapons/weapon_dragon/shared.lua:95: attempt to index local 'muzzlepos' (a nil value)
  1. unknown - addons/dragon/lua/weapons/weapon_dragon/shared.lua:95


L 04/04/2019 - 00:16:31: Lua Error: 
[ERROR] addons/dragon/lua/weapons/weapon_dragon/shared.lua:95: attempt to index local 'muzzlepos' (a nil value)
  1. unknown - addons/dragon/lua/weapons/weapon_dragon/shared.lua:95


L 04/04/2019 - 00:16:31: Lua Error: 
[ERROR] addons/dragon/lua/weapons/weapon_dragon/shared.lua:95: attempt to index local 'muzzlepos' (a nil value)
  1. unknown - addons/dragon/lua/weapons/weapon_dragon/shared.lua:95


L 04/04/2019 - 00:16:31: Lua Error: 
[ERROR] addons/dragon/lua/weapons/weapon_dragon/shared.lua:95: attempt to index local 'muzzlepos' (a nil value)
  1. unknown - addons/dragon/lua/weapons/weapon_dragon/shared.lua:95


L 04/04/2019 - 00:16:31: Lua Error: 
[ERROR] addons/dragon/lua/weapons/weapon_dragon/shared.lua:95: attempt to index local 'muzzlepos' (a nil value)
  1. unknown - addons/dragon/lua/weapons/weapon_dragon/shared.lua:95


L 04/04/2019 - 00:16:36: Lua Error: 
[ERROR] addons/dragon/lua/weapons/weapon_dragon/init.lua:9: function arguments expected near ':'
  1. unknown - addons/dragon/lua/weapons/weapon_dragon/init.lua:0


L 04/04/2019 - 00:16:39: Lua Error: 
[ERROR] addons/dragon/lua/weapons/weapon_dragon/init.lua:9: function arguments expected near ':'
  1. unknown - addons/dragon/lua/weapons/weapon_dragon/init.lua:0


L 04/04/2019 - 00:16:42: Lua Error: 
[ERROR] addons/dragon/lua/weapons/weapon_dragon/init.lua:9: function arguments expected near ':'
  1. unknown - addons/dragon/lua/weapons/weapon_dragon/init.lua:0


L 04/04/2019 - 00:16:45: Lua Error: 
[ERROR] addons/dragon/lua/weapons/weapon_dragon/shared.lua:95: attempt to index local 'muzzlepos' (a nil value)
  1. unknown - addons/dragon/lua/weapons/weapon_dragon/shared.lua:95


L 04/04/2019 - 00:16:45: Lua Error: 
[ERROR] addons/dragon/lua/weapons/weapon_dragon/shared.lua:95: attempt to index local 'muzzlepos' (a nil value)
  1. unknown - addons/dragon/lua/weapons/weapon_dragon/shared.lua:95


L 04/04/2019 - 00:16:45: Lua Error: 
[ERROR] addons/dragon/lua/weapons/weapon_dragon/shared.lua:95: attempt to index local 'muzzlepos' (a nil value)
  1. unknown - addons/dragon/lua/weapons/weapon_dragon/shared.lua:95


L 04/04/2019 - 00:16:45: Lua Error: 
[ERROR] addons/dragon/lua/weapons/weapon_dragon/shared.lua:95: attempt to index local 'muzzlepos' (a nil value)
  1. unknown - addons/dragon/lua/weapons/weapon_dragon/shared.lua:95


L 04/04/2019 - 00:16:45: Lua Error: 
[ERROR] addons/dragon/lua/weapons/weapon_dragon/shared.lua:95: attempt to index local 'muzzlepos' (a nil value)
  1. unknown - addons/dragon/lua/weapons/weapon_dragon/shared.lua:95


L 04/04/2019 - 00:16:45: Lua Error: 
[ERROR] addons/dragon/lua/weapons/weapon_dragon/shared.lua:95: attempt to index local 'muzzlepos' (a nil value)
  1. unknown - addons/dragon/lua/weapons/weapon_dragon/shared.lua:95


L 04/04/2019 - 00:16:45: Lua Error: 
[ERROR] addons/dragon/lua/weapons/weapon_dragon/shared.lua:95: attempt to index local 'muzzlepos' (a nil value)
  1. unknown - addons/dragon/lua/weapons/weapon_dragon/shared.lua:95


L 04/04/2019 - 00:18:37: Lua Error: 
[ERROR] addons/dragon/lua/weapons/weapon_dragon/init.lua:9: function arguments expected near ':'
  1. unknown - addons/dragon/lua/weapons/weapon_dragon/init.lua:0


L 04/04/2019 - 00:20:50: Lua Error: 
[ERROR] addons/dragon/lua/weapons/weapon_dragon/init.lua:9: function arguments expected near ':'
  1. unknown - addons/dragon/lua/weapons/weapon_dragon/init.lua:0


L 04/04/2019 - 00:20:54: Lua Error: 
[ERROR] addons/dragon/lua/weapons/weapon_dragon/init.lua:9: function arguments expected near ':'
  1. unknown - addons/dragon/lua/weapons/weapon_dragon/init.lua:0


L 04/04/2019 - 00:21:04: Lua Error: 
[ERROR] addons/dragon/lua/weapons/weapon_dragon/init.lua:9: function arguments expected near ':'
  1. unknown - addons/dragon/lua/weapons/weapon_dragon/init.lua:0


L 04/04/2019 - 00:21:27: Lua Error: 
[ERROR] addons/dragon/lua/weapons/weapon_dragon/shared.lua:95: attempt to index local 'muzzlepos' (a nil value)
  1. unknown - addons/dragon/lua/weapons/weapon_dragon/shared.lua:95


L 04/04/2019 - 00:21:27: Lua Error: 
[ERROR] addons/dragon/lua/weapons/weapon_dragon/shared.lua:95: attempt to index local 'muzzlepos' (a nil value)
  1. unknown - addons/dragon/lua/weapons/weapon_dragon/shared.lua:95


L 04/04/2019 - 00:21:27: Lua Error: 
[ERROR] addons/dragon/lua/weapons/weapon_dragon/shared.lua:95: attempt to index local 'muzzlepos' (a nil value)
  1. unknown - addons/dragon/lua/weapons/weapon_dragon/shared.lua:95


L 04/04/2019 - 00:21:27: Lua Error: 
[ERROR] addons/dragon/lua/weapons/weapon_dragon/shared.lua:95: attempt to index local 'muzzlepos' (a nil value)
  1. unknown - addons/dragon/lua/weapons/weapon_dragon/shared.lua:95


L 04/04/2019 - 00:21:27: Lua Error: 
[ERROR] addons/dragon/lua/weapons/weapon_dragon/shared.lua:95: attempt to index local 'muzzlepos' (a nil value)
  1. unknown - addons/dragon/lua/weapons/weapon_dragon/shared.lua:95


L 04/04/2019 - 00:21:27: Lua Error: 
[ERROR] addons/dragon/lua/weapons/weapon_dragon/shared.lua:95: attempt to index local 'muzzlepos' (a nil value)
  1. unknown - addons/dragon/lua/weapons/weapon_dragon/shared.lua:95


L 04/04/2019 - 00:21:27: Lua Error: 
[ERROR] addons/dragon/lua/weapons/weapon_dragon/shared.lua:95: attempt to index local 'muzzlepos' (a nil value)
  1. unknown - addons/dragon/lua/weapons/weapon_dragon/shared.lua:95


L 04/04/2019 - 00:21:33: Lua Error: 
[ERROR] addons/dragon/lua/weapons/weapon_dragon/init.lua:9: function arguments expected near ':'
  1. unknown - addons/dragon/lua/weapons/weapon_dragon/init.lua:0


L 04/04/2019 - 00:23:27: Lua Error: 
[ERROR] addons/dragon/lua/weapons/weapon_dragon/init.lua:9: function arguments expected near ':'
  1. unknown - addons/dragon/lua/weapons/weapon_dragon/init.lua:0


L 04/04/2019 - 00:23:39: Lua Error: 
[ERROR] addons/dragon/lua/weapons/weapon_dragon/init.lua:9: function arguments expected near ':'
  1. unknown - addons/dragon/lua/weapons/weapon_dragon/init.lua:0


L 04/04/2019 - 00:23:54: Lua Error: 
[ERROR] addons/dragon/lua/weapons/weapon_dragon/init.lua:9: function arguments expected near ':'
  1. unknown - addons/dragon/lua/weapons/weapon_dragon/init.lua:0


L 04/04/2019 - 00:24:03: Lua Error: 
[ERROR] addons/dragon/lua/weapons/weapon_dragon/init.lua:9: function arguments expected near ':'
  1. unknown - addons/dragon/lua/weapons/weapon_dragon/init.lua:0


L 04/04/2019 - 00:24:22: Lua Error: 
[ERROR] addons/dragon/lua/weapons/weapon_dragon/init.lua:9: function arguments expected near ':'
  1. unknown - addons/dragon/lua/weapons/weapon_dragon/init.lua:0


L 04/04/2019 - 00:24:33: Lua Error: 
[ERROR] addons/dragon/lua/weapons/weapon_dragon/init.lua:9: function arguments expected near ':'
  1. unknown - addons/dragon/lua/weapons/weapon_dragon/init.lua:0


L 04/04/2019 - 00:26:33: Lua Error: 
[ERROR] addons/dragon/lua/weapons/weapon_dragon/init.lua:9: function arguments expected near ':'
  1. unknown - addons/dragon/lua/weapons/weapon_dragon/init.lua:0


L 04/04/2019 - 00:27:45: Lua Error: 
[ERROR] addons/dragon/lua/weapons/weapon_dragon/init.lua:9: function arguments expected near ':'
  1. unknown - addons/dragon/lua/weapons/weapon_dragon/init.lua:0


L 04/04/2019 - 00:27:45: Lua Error: 
[ERROR] addons/dragon/lua/weapons/weapon_dragon/init.lua:9: function arguments expected near ':'
  1. unknown - addons/dragon/lua/weapons/weapon_dragon/init.lua:0


L 04/04/2019 - 00:30:31: Lua Error: 
[ERROR] addons/dragon/lua/weapons/weapon_dragon/init.lua:9: function arguments expected near ':'
  1. unknown - addons/dragon/lua/weapons/weapon_dragon/init.lua:0


L 04/04/2019 - 00:30:37: Lua Error: 
[ERROR] addons/dragon/lua/weapons/weapon_dragon/init.lua:9: function arguments expected near ':'
  1. unknown - addons/dragon/lua/weapons/weapon_dragon/init.lua:0


L 04/04/2019 - 00:30:42: Lua Error: 
[ERROR] addons/dragon/lua/weapons/weapon_dragon/init.lua:9: function arguments expected near ':'
  1. unknown - addons/dragon/lua/weapons/weapon_dragon/init.lua:0


L 04/04/2019 - 00:30:42: Lua Error: 
[ERROR] addons/dragon/lua/weapons/weapon_dragon/init.lua:9: function arguments expected near ':'
  1. unknown - addons/dragon/lua/weapons/weapon_dragon/init.lua:0


L 04/04/2019 - 00:30:51: Lua Error: 
[ERROR] addons/dragon/lua/weapons/weapon_dragon/init.lua:9: function arguments expected near ':'
  1. unknown - addons/dragon/lua/weapons/weapon_dragon/init.lua:0


L 04/04/2019 - 00:31:28: Lua Error: 
[ERROR] addons/dragon/lua/weapons/weapon_dragon/init.lua:9: function arguments expected near ':'
  1. unknown - addons/dragon/lua/weapons/weapon_dragon/init.lua:0


L 04/04/2019 - 00:31:41: Lua Error: 
[ERROR] addons/dragon/lua/weapons/weapon_dragon/init.lua:9: function arguments expected near ':'
  1. unknown - addons/dragon/lua/weapons/weapon_dragon/init.lua:0


L 04/04/2019 - 00:31:55: Lua Error: 
[ERROR] addons/dragon/lua/weapons/weapon_dragon/init.lua:9: function arguments expected near ':'
  1. unknown - addons/dragon/lua/weapons/weapon_dragon/init.lua:0


L 04/04/2019 - 00:32:05: Lua Error: 
[ERROR] addons/dragon/lua/weapons/weapon_dragon/init.lua:9: function arguments expected near ':'
  1. unknown - addons/dragon/lua/weapons/weapon_dragon/init.lua:0


L 04/04/2019 - 00:32:12: Lua Error: 
[ERROR] addons/dragon/lua/weapons/weapon_dragon/init.lua:9: function arguments expected near ':'
  1. unknown - addons/dragon/lua/weapons/weapon_dragon/init.lua:0


L 04/04/2019 - 00:32:22: Lua Error: 
[ERROR] addons/dragon/lua/weapons/weapon_dragon/init.lua:9: function arguments expected near ':'
  1. unknown - addons/dragon/lua/weapons/weapon_dragon/init.lua:0


L 04/04/2019 - 00:32:32: Lua Error: 
[ERROR] addons/dragon/lua/weapons/weapon_dragon/init.lua:9: function arguments expected near ':'
  1. unknown - addons/dragon/lua/weapons/weapon_dragon/init.lua:0


L 04/04/2019 - 00:32:42: Lua Error: 
[ERROR] addons/dragon/lua/weapons/weapon_dragon/init.lua:9: function arguments expected near ':'
  1. unknown - addons/dragon/lua/weapons/weapon_dragon/init.lua:0


L 04/04/2019 - 00:32:49: Lua Error: 
[ERROR] addons/dragon/lua/weapons/weapon_dragon/init.lua:9: function arguments expected near ':'
  1. unknown - addons/dragon/lua/weapons/weapon_dragon/init.lua:0


L 04/04/2019 - 00:33:47: Lua Error: 
[ERROR] addons/dragon/lua/weapons/weapon_dragon/init.lua:9: function arguments expected near ':'
  1. unknown - addons/dragon/lua/weapons/weapon_dragon/init.lua:0


L 04/04/2019 - 00:34:01: Lua Error: 
[ERROR] addons/dragon/lua/weapons/weapon_dragon/init.lua:9: function arguments expected near ':'
  1. unknown - addons/dragon/lua/weapons/weapon_dragon/init.lua:0


L 04/04/2019 - 00:34:01: Lua Error: 
[ERROR] addons/dragon/lua/weapons/weapon_dragon/init.lua:9: function arguments expected near ':'
  1. unknown - addons/dragon/lua/weapons/weapon_dragon/init.lua:0


L 04/04/2019 - 00:39:45: Lua Error: 
[ERROR] addons/dragon/lua/weapons/weapon_dragon/init.lua:9: function arguments expected near ':'
  1. unknown - addons/dragon/lua/weapons/weapon_dragon/init.lua:0


L 04/04/2019 - 00:41:41: Lua Error: 
[ERROR] addons/dragon/lua/weapons/weapon_dragon/init.lua:9: function arguments expected near ':'
  1. unknown - addons/dragon/lua/weapons/weapon_dragon/init.lua:0


L 04/04/2019 - 00:42:12: Lua Error: 
[ERROR] addons/dragon/lua/weapons/weapon_dragon/init.lua:9: function arguments expected near ':'
  1. unknown - addons/dragon/lua/weapons/weapon_dragon/init.lua:0


L 04/04/2019 - 00:42:18: Lua Error: 
[ERROR] addons/dragon/lua/weapons/weapon_dragon/init.lua:9: function arguments expected near ':'
  1. unknown - addons/dragon/lua/weapons/weapon_dragon/init.lua:0


L 04/04/2019 - 00:42:24: Lua Error: 
[ERROR] addons/dragon/lua/weapons/weapon_dragon/init.lua:9: function arguments expected near ':'
  1. unknown - addons/dragon/lua/weapons/weapon_dragon/init.lua:0


L 04/04/2019 - 00:42:32: Lua Error: 
[ERROR] addons/dragon/lua/weapons/weapon_dragon/init.lua:9: function arguments expected near ':'
  1. unknown - addons/dragon/lua/weapons/weapon_dragon/init.lua:0


L 04/04/2019 - 00:42:39: Lua Error: 
[ERROR] addons/dragon/lua/weapons/weapon_dragon/init.lua:9: function arguments expected near ':'
  1. unknown - addons/dragon/lua/weapons/weapon_dragon/init.lua:0


L 04/04/2019 - 00:42:43: Lua Error: 
[ERROR] addons/dragon/lua/weapons/weapon_dragon/init.lua:9: function arguments expected near ':'
  1. unknown - addons/dragon/lua/weapons/weapon_dragon/init.lua:0


L 04/04/2019 - 00:42:49: Lua Error: 
[ERROR] addons/dragon/lua/weapons/weapon_dragon/init.lua:9: function arguments expected near ':'
  1. unknown - addons/dragon/lua/weapons/weapon_dragon/init.lua:0


L 04/04/2019 - 00:42:54: Lua Error: 
[ERROR] addons/dragon/lua/weapons/weapon_dragon/init.lua:9: function arguments expected near ':'
  1. unknown - addons/dragon/lua/weapons/weapon_dragon/init.lua:0


L 04/04/2019 - 00:42:59: Lua Error: 
[ERROR] addons/dragon/lua/weapons/weapon_dragon/init.lua:9: function arguments expected near ':'
  1. unknown - addons/dragon/lua/weapons/weapon_dragon/init.lua:0


L 04/04/2019 - 00:43:05: Lua Error: 
[ERROR] addons/dragon/lua/weapons/weapon_dragon/init.lua:9: function arguments expected near ':'
  1. unknown - addons/dragon/lua/weapons/weapon_dragon/init.lua:0


L 04/04/2019 - 00:43:11: Lua Error: 
[ERROR] addons/dragon/lua/weapons/weapon_dragon/init.lua:9: function arguments expected near ':'
  1. unknown - addons/dragon/lua/weapons/weapon_dragon/init.lua:0


L 04/04/2019 - 00:43:35: Lua Error: 
[ERROR] addons/dragon/lua/weapons/weapon_dragon/init.lua:9: function arguments expected near ':'
  1. unknown - addons/dragon/lua/weapons/weapon_dragon/init.lua:0


L 04/04/2019 - 00:43:38: Lua Error: 
[ERROR] addons/dragon/lua/weapons/weapon_dragon/init.lua:9: function arguments expected near ':'
  1. unknown - addons/dragon/lua/weapons/weapon_dragon/init.lua:0


L 04/04/2019 - 00:43:54: Lua Error: 
[ERROR] addons/dragon/lua/weapons/weapon_dragon/init.lua:9: function arguments expected near ':'
  1. unknown - addons/dragon/lua/weapons/weapon_dragon/init.lua:0


L 04/04/2019 - 00:43:58: Lua Error: 
[ERROR] addons/dragon/lua/weapons/weapon_dragon/init.lua:9: function arguments expected near ':'
  1. unknown - addons/dragon/lua/weapons/weapon_dragon/init.lua:0


L 04/04/2019 - 00:44:12: Lua Error: 
[ERROR] addons/dragon/lua/weapons/weapon_dragon/init.lua:9: function arguments expected near ':'
  1. unknown - addons/dragon/lua/weapons/weapon_dragon/init.lua:0


L 04/04/2019 - 00:44:28: Lua Error: 
[ERROR] addons/dragon/lua/weapons/weapon_dragon/init.lua:9: function arguments expected near ':'
  1. unknown - addons/dragon/lua/weapons/weapon_dragon/init.lua:0


L 04/04/2019 - 00:44:42: Lua Error: 
[ERROR] addons/dragon/lua/weapons/weapon_dragon/init.lua:9: function arguments expected near ':'
  1. unknown - addons/dragon/lua/weapons/weapon_dragon/init.lua:0


L 04/04/2019 - 00:45:13: Lua Error: 
[ERROR] addons/dragon/lua/weapons/weapon_dragon/init.lua:9: function arguments expected near ':'
  1. unknown - addons/dragon/lua/weapons/weapon_dragon/init.lua:0


L 04/04/2019 - 00:45:23: Lua Error: 
[ERROR] addons/dragon/lua/weapons/weapon_dragon/init.lua:9: function arguments expected near ':'
  1. unknown - addons/dragon/lua/weapons/weapon_dragon/init.lua:0


L 04/04/2019 - 00:45:34: Lua Error: 
[ERROR] addons/dragon/lua/weapons/weapon_dragon/init.lua:9: function arguments expected near ':'
  1. unknown - addons/dragon/lua/weapons/weapon_dragon/init.lua:0


L 04/04/2019 - 00:45:54: Lua Error: 
[ERROR] addons/dragon/lua/weapons/weapon_dragon/init.lua:9: function arguments expected near ':'
  1. unknown - addons/dragon/lua/weapons/weapon_dragon/init.lua:0


L 04/04/2019 - 00:45:58: Lua Error: 
[ERROR] addons/dragon/lua/weapons/weapon_dragon/init.lua:9: function arguments expected near ':'
  1. unknown - addons/dragon/lua/weapons/weapon_dragon/init.lua:0


L 04/04/2019 - 00:46:35: Lua Error: 
[ERROR] addons/dragon/lua/weapons/weapon_dragon/shared.lua:95: attempt to index local 'muzzlepos' (a nil value)
  1. unknown - addons/dragon/lua/weapons/weapon_dragon/shared.lua:95


L 04/04/2019 - 00:46:35: Lua Error: 
[ERROR] addons/dragon/lua/weapons/weapon_dragon/shared.lua:95: attempt to index local 'muzzlepos' (a nil value)
  1. unknown - addons/dragon/lua/weapons/weapon_dragon/shared.lua:95


L 04/04/2019 - 00:46:35: Lua Error: 
[ERROR] addons/dragon/lua/weapons/weapon_dragon/shared.lua:95: attempt to index local 'muzzlepos' (a nil value)
  1. unknown - addons/dragon/lua/weapons/weapon_dragon/shared.lua:95


L 04/04/2019 - 00:46:35: Lua Error: 
[ERROR] addons/dragon/lua/weapons/weapon_dragon/shared.lua:95: attempt to index local 'muzzlepos' (a nil value)
  1. unknown - addons/dragon/lua/weapons/weapon_dragon/shared.lua:95


L 04/04/2019 - 00:46:35: Lua Error: 
[ERROR] addons/dragon/lua/weapons/weapon_dragon/shared.lua:95: attempt to index local 'muzzlepos' (a nil value)
  1. unknown - addons/dragon/lua/weapons/weapon_dragon/shared.lua:95


L 04/04/2019 - 00:46:35: Lua Error: 
[ERROR] addons/dragon/lua/weapons/weapon_dragon/shared.lua:95: attempt to index local 'muzzlepos' (a nil value)
  1. unknown - addons/dragon/lua/weapons/weapon_dragon/shared.lua:95


L 04/04/2019 - 00:46:35: Lua Error: 
[ERROR] addons/dragon/lua/weapons/weapon_dragon/shared.lua:95: attempt to index local 'muzzlepos' (a nil value)
  1. unknown - addons/dragon/lua/weapons/weapon_dragon/shared.lua:95


L 04/04/2019 - 00:46:35: Lua Error: 
[ERROR] addons/dragon/lua/weapons/weapon_dragon/shared.lua:95: attempt to index local 'muzzlepos' (a nil value)
  1. unknown - addons/dragon/lua/weapons/weapon_dragon/shared.lua:95


L 04/04/2019 - 00:46:35: Lua Error: 
[ERROR] addons/dragon/lua/weapons/weapon_dragon/shared.lua:95: attempt to index local 'muzzlepos' (a nil value)
  1. unknown - addons/dragon/lua/weapons/weapon_dragon/shared.lua:95


L 04/04/2019 - 00:46:35: Lua Error: 
[ERROR] addons/dragon/lua/weapons/weapon_dragon/shared.lua:95: attempt to index local 'muzzlepos' (a nil value)
  1. unknown - addons/dragon/lua/weapons/weapon_dragon/shared.lua:95


L 04/04/2019 - 00:46:35: Lua Error: 
[ERROR] addons/dragon/lua/weapons/weapon_dragon/shared.lua:95: attempt to index local 'muzzlepos' (a nil value)
  1. unknown - addons/dragon/lua/weapons/weapon_dragon/shared.lua:95


L 04/04/2019 - 00:46:35: Lua Error: 
[ERROR] addons/dragon/lua/weapons/weapon_dragon/shared.lua:95: attempt to index local 'muzzlepos' (a nil value)
  1. unknown - addons/dragon/lua/weapons/weapon_dragon/shared.lua:95


L 04/04/2019 - 00:46:35: Lua Error: 
[ERROR] addons/dragon/lua/weapons/weapon_dragon/shared.lua:95: attempt to index local 'muzzlepos' (a nil value)
  1. unknown - addons/dragon/lua/weapons/weapon_dragon/shared.lua:95


L 04/04/2019 - 00:46:35: Lua Error: 
[ERROR] addons/dragon/lua/weapons/weapon_dragon/shared.lua:95: attempt to index local 'muzzlepos' (a nil value)
  1. unknown - addons/dragon/lua/weapons/weapon_dragon/shared.lua:95


L 04/04/2019 - 00:46:35: Lua Error: 
[ERROR] addons/dragon/lua/weapons/weapon_dragon/shared.lua:95: attempt to index local 'muzzlepos' (a nil value)
  1. unknown - addons/dragon/lua/weapons/weapon_dragon/shared.lua:95


L 04/04/2019 - 00:46:35: Lua Error: 
[ERROR] addons/dragon/lua/weapons/weapon_dragon/shared.lua:95: attempt to index local 'muzzlepos' (a nil value)
  1. unknown - addons/dragon/lua/weapons/weapon_dragon/shared.lua:95


L 04/04/2019 - 00:46:35: Lua Error: 
[ERROR] addons/dragon/lua/weapons/weapon_dragon/shared.lua:95: attempt to index local 'muzzlepos' (a nil value)
  1. unknown - addons/dragon/lua/weapons/weapon_dragon/shared.lua:95


L 04/04/2019 - 00:46:35: Lua Error: 
[ERROR] addons/dragon/lua/weapons/weapon_dragon/shared.lua:95: attempt to index local 'muzzlepos' (a nil value)
  1. unknown - addons/dragon/lua/weapons/weapon_dragon/shared.lua:95


L 04/04/2019 - 00:46:35: Lua Error: 
[ERROR] addons/dragon/lua/weapons/weapon_dragon/shared.lua:95: attempt to index local 'muzzlepos' (a nil value)
  1. unknown - addons/dragon/lua/weapons/weapon_dragon/shared.lua:95


L 04/04/2019 - 00:46:35: Lua Error: 
[ERROR] addons/dragon/lua/weapons/weapon_dragon/shared.lua:95: attempt to index local 'muzzlepos' (a nil value)
  1. unknown - addons/dragon/lua/weapons/weapon_dragon/shared.lua:95


L 04/04/2019 - 00:46:35: Lua Error: 
[ERROR] addons/dragon/lua/weapons/weapon_dragon/shared.lua:95: attempt to index local 'muzzlepos' (a nil value)
  1. unknown - addons/dragon/lua/weapons/weapon_dragon/shared.lua:95


L 04/04/2019 - 00:46:35: Lua Error: 
[ERROR] addons/dragon/lua/weapons/weapon_dragon/shared.lua:95: attempt to index local 'muzzlepos' (a nil value)
  1. unknown - addons/dragon/lua/weapons/weapon_dragon/shared.lua:95


L 04/04/2019 - 00:46:35: Lua Error: 
[ERROR] addons/dragon/lua/weapons/weapon_dragon/shared.lua:95: attempt to index local 'muzzlepos' (a nil value)
  1. unknown - addons/dragon/lua/weapons/weapon_dragon/shared.lua:95


L 04/04/2019 - 00:46:35: Lua Error: 
[ERROR] addons/dragon/lua/weapons/weapon_dragon/shared.lua:95: attempt to index local 'muzzlepos' (a nil value)
  1. unknown - addons/dragon/lua/weapons/weapon_dragon/shared.lua:95


L 04/04/2019 - 00:46:35: Lua Error: 
[ERROR] addons/dragon/lua/weapons/weapon_dragon/shared.lua:95: attempt to index local 'muzzlepos' (a nil value)
  1. unknown - addons/dragon/lua/weapons/weapon_dragon/shared.lua:95


L 04/04/2019 - 00:46:35: Lua Error: 
[ERROR] addons/dragon/lua/weapons/weapon_dragon/shared.lua:95: attempt to index local 'muzzlepos' (a nil value)
  1. unknown - addons/dragon/lua/weapons/weapon_dragon/shared.lua:95


L 04/04/2019 - 00:46:35: Lua Error: 
[ERROR] addons/dragon/lua/weapons/weapon_dragon/shared.lua:95: attempt to index local 'muzzlepos' (a nil value)
  1. unknown - addons/dragon/lua/weapons/weapon_dragon/shared.lua:95


L 04/04/2019 - 00:46:35: Lua Error: 
[ERROR] addons/dragon/lua/weapons/weapon_dragon/shared.lua:95: attempt to index local 'muzzlepos' (a nil value)
  1. unknown - addons/dragon/lua/weapons/weapon_dragon/shared.lua:95


L 04/04/2019 - 00:46:36: Lua Error: 
[ERROR] addons/dragon/lua/weapons/weapon_dragon/shared.lua:95: attempt to index local 'muzzlepos' (a nil value)
  1. unknown - addons/dragon/lua/weapons/weapon_dragon/shared.lua:95


L 04/04/2019 - 00:46:36: Lua Error: 
[ERROR] addons/dragon/lua/weapons/weapon_dragon/shared.lua:95: attempt to index local 'muzzlepos' (a nil value)
  1. unknown - addons/dragon/lua/weapons/weapon_dragon/shared.lua:95


L 04/04/2019 - 00:46:36: Lua Error: 
[ERROR] addons/dragon/lua/weapons/weapon_dragon/shared.lua:95: attempt to index local 'muzzlepos' (a nil value)
  1. unknown - addons/dragon/lua/weapons/weapon_dragon/shared.lua:95


L 04/04/2019 - 00:46:36: Lua Error: 
[ERROR] addons/dragon/lua/weapons/weapon_dragon/shared.lua:95: attempt to index local 'muzzlepos' (a nil value)
  1. unknown - addons/dragon/lua/weapons/weapon_dragon/shared.lua:95


L 04/04/2019 - 00:52:48: Lua Error: 
[ERROR] addons/dragon/lua/weapons/weapon_dragon/init.lua:9: function arguments expected near ':'
  1. unknown -