L 04/03/2019 - 23:17:00: Log file started (file "logs\L0403000.log") (game "F:\sup\steamapps\common\GarrysModDS\garrysmod") (version "7402")
L 04/03/2019 - 23:17:00: server_cvar: "sv_alltalk" "3"
L 04/03/2019 - 23:17:00: server_cvar: "sv_allowcslua" "1"
L 04/03/2019 - 23:17:00: server_cvar: "sv_airaccelerate" "1000"
L 04/03/2019 - 23:17:00: server_cvar: "sv_alltalk" "0"
L 04/03/2019 - 23:17:00: Banid: "<><STEAM_0:0:432813650><>" was banned "permanently" by "Console"
L 04/03/2019 - 23:17:00: Banid: "<><STEAM_0:0:207758038><>" was banned "permanently" by "Console"
L 04/03/2019 - 23:17:00: Banid: "<><STEAM_0:0:432813650><>" was banned "permanently" by "Console"
L 04/03/2019 - 23:17:00: Banid: "<><STEAM_0:0:207758038><>" was banned "permanently" by "Console"
L 04/03/2019 - 23:17:01: Connection to Steam servers successful.
L 04/03/2019 - 23:17:01:    Public IP is 31.130.42.81.
L 04/03/2019 - 23:17:01: Assigned anonymous gameserver Steam ID [A-1:4281145355(12287)].
L 04/03/2019 - 23:17:01: VAC secure mode is activated.
L 04/03/2019 - 23:17:28: "DidVaitel<2><STEAM_0:1:74202541><>" connected, address "192.168.1.102:27006"
L 04/03/2019 - 23:17:28: "DidVaitel<2><STEAM_0:1:74202541><>" STEAM USERID validated
L 04/03/2019 - 23:17:36: [FAdmin] DidVaitel (STEAM_0:1:74202541) is Authed
L 04/03/2019 - 23:17:36: [FAdmin] DidVaitel (STEAM_0:1:74202541) Spawned for the first time
L 04/03/2019 - 23:17:36: [FAdmin] DidVaitel (STEAM_0:1:74202541) Spawned
L 04/03/2019 - 23:17:36: "DidVaitel<2><STEAM_0:1:74202541><>" entered the game
L 04/03/2019 - 23:17:36: [FAdmin] DidVaitel (STEAM_0:1:74202541) Attempted to pick up a keys
L 04/03/2019 - 23:17:36: [FAdmin] DidVaitel (STEAM_0:1:74202541) Attempted to pick up a weapon_physcannon
L 04/03/2019 - 23:17:36: [FAdmin] DidVaitel (STEAM_0:1:74202541) Attempted to pick up a gmod_camera
L 04/03/2019 - 23:17:36: [FAdmin] DidVaitel (STEAM_0:1:74202541) Attempted to pick up a gmod_tool
L 04/03/2019 - 23:17:36: [FAdmin] DidVaitel (STEAM_0:1:74202541) Attempted to pick up a pocket
L 04/03/2019 - 23:17:36: [FAdmin] DidVaitel (STEAM_0:1:74202541) Attempted to pick up a weapon_physgun
L 04/03/2019 - 23:17:36: [FAdmin] DidVaitel (STEAM_0:1:74202541) Attempted to pick up a weapon_keypadchecker
L 04/03/2019 - 23:17:36: [FAdmin] DidVaitel (STEAM_0:1:74202541) Attempted to pick up a door_ram
L 04/03/2019 - 23:17:36: [FAdmin] DidVaitel (STEAM_0:1:74202541) Attempted to pick up a arrest_stick
L 04/03/2019 - 23:17:36: [FAdmin] DidVaitel (STEAM_0:1:74202541) Attempted to pick up a unarrest_stick
L 04/03/2019 - 23:17:36: [FAdmin] DidVaitel (STEAM_0:1:74202541) Attempted to pick up a stunstick
L 04/03/2019 - 23:17:36: [FAdmin] DidVaitel (STEAM_0:1:74202541) Attempted to pick up a weaponchecker
L 04/03/2019 - 23:33:31: "DidVaitel<2><STEAM_0:1:74202541><>" disconnected (reason "Disconnect by user.")
L 04/03/2019 - 23:33:31: [FAdmin] DidVaitel (STEAM_0:1:74202541) Disconnected
L 04/03/2019 - 23:33:33: "DidVaitel<3><STEAM_0:1:74202541><>" connected, address "192.168.1.102:27006"
L 04/03/2019 - 23:33:33: "DidVaitel<3><STEAM_0:1:74202541><>" STEAM USERID validated
L 04/03/2019 - 23:33:40: [FAdmin] DidVaitel (STEAM_0:1:74202541) is Authed
L 04/03/2019 - 23:33:40: [FAdmin] DidVaitel (STEAM_0:1:74202541) Spawned for the first time
L 04/03/2019 - 23:33:40: [FAdmin] DidVaitel (STEAM_0:1:74202541) Spawned
L 04/03/2019 - 23:33:40: "DidVaitel<3><STEAM_0:1:74202541><>" entered the game
L 04/03/2019 - 23:33:40: [FAdmin] DidVaitel (STEAM_0:1:74202541) Attempted to pick up a keys
L 04/03/2019 - 23:33:40: [FAdmin] DidVaitel (STEAM_0:1:74202541) Attempted to pick up a weapon_physcannon
L 04/03/2019 - 23:33:40: [FAdmin] DidVaitel (STEAM_0:1:74202541) Attempted to pick up a gmod_camera
L 04/03/2019 - 23:33:40: [FAdmin] DidVaitel (STEAM_0:1:74202541) Attempted to pick up a gmod_tool
L 04/03/2019 - 23:33:40: [FAdmin] DidVaitel (STEAM_0:1:74202541) Attempted to pick up a pocket
L 04/03/2019 - 23:33:40: [FAdmin] DidVaitel (STEAM_0:1:74202541) Attempted to pick up a weapon_physgun
L 04/03/2019 - 23:33:40: [FAdmin] DidVaitel (STEAM_0:1:74202541) Attempted to pick up a weapon_keypadchecker
L 04/03/2019 - 23:33:40: [FAdmin] DidVaitel (STEAM_0:1:74202541) Attempted to pick up a door_ram
L 04/03/2019 - 23:33:40: [FAdmin] DidVaitel (STEAM_0:1:74202541) Attempted to pick up a arrest_stick
L 04/03/2019 - 23:33:40: [FAdmin] DidVaitel (STEAM_0:1:74202541) Attempted to pick up a unarrest_stick
L 04/03/2019 - 23:33:40: [FAdmin] DidVaitel (STEAM_0:1:74202541) Attempted to pick up a stunstick
L 04/03/2019 - 23:33:40: [FAdmin] DidVaitel (STEAM_0:1:74202541) Attempted to pick up a weaponchecker
L 04/03/2019 - 23:33:55: "DidVaitel<3><STEAM_0:1:74202541><>" disconnected (reason "Disconnect by user.")
L 04/03/2019 - 23:33:55: [FAdmin] DidVaitel (STEAM_0:1:74202541) Disconnected
L 04/03/2019 - 23:37:59: [FAdmin] Server succesfully shut down.
L 04/03/2019 - 23:37:59: [FAdmin] prop_physics(models/maxofs2d/companion_doll.mdl) Got removed
L 04/03/2019 - 23:37:59: [FAdmin] prop_physics(models/props_c17/furnituretable003a.mdl) Got removed
L 04/03/2019 - 23:37:59: [FAdmin] prop_physics(models/props_c17/furniturecouch002a.mdl) Got removed
L 04/03/2019 - 23:37:59: [FAdmin] prop_physics(models/props_c17/furniturecouch001a.mdl) Got removed
L 04/03/2019 - 23:37:59: server_message: "quit"
L 04/03/2019 - 23:37:59: Log file closed.
