L 04/08/2019 - 01:06:35: Log file started (file "logs\L0408006.log") (game "F:\sup\steamapps\common\GarrysModDS\garrysmod") (version "7402")
L 04/08/2019 - 01:06:35: server_cvar: "sv_alltalk" "3"
L 04/08/2019 - 01:06:35: Banid: "<><STEAM_0:0:432813650><>" was banned "permanently" by "Console"
L 04/08/2019 - 01:06:35: Banid: "<><STEAM_0:0:207758038><>" was banned "permanently" by "Console"
L 04/08/2019 - 01:06:35: Banid: "<><STEAM_0:0:432813650><>" was banned "permanently" by "Console"
L 04/08/2019 - 01:06:35: Banid: "<><STEAM_0:0:207758038><>" was banned "permanently" by "Console"
L 04/08/2019 - 01:06:36: Connection to Steam servers successful.
L 04/08/2019 - 01:06:36:    Public IP is 31.130.42.81.
L 04/08/2019 - 01:06:36: Assigned anonymous gameserver Steam ID [A-1:1504250891(12313)].
L 04/08/2019 - 01:06:37: VAC secure mode is activated.
L 04/08/2019 - 01:07:33: "DidVaitel<2><STEAM_0:1:74202541><>" connected, address "192.168.1.102:27006"
L 04/08/2019 - 01:07:34: "DidVaitel<2><STEAM_0:1:74202541><>" STEAM USERID validated
L 04/08/2019 - 01:07:39: "DidVaitel<2><STEAM_0:1:74202541><>" entered the game
L 04/08/2019 - 01:19:59: Lua Error: 
[ERROR] addons/dragon/lua/weapons/weapon_dragon/shared.lua:92: attempt to index local 'muzzlepos' (a nil value)
  1. unknown - addons/dragon/lua/weapons/weapon_dragon/shared.lua:92


L 04/08/2019 - 01:19:59: Lua Error: 
[ERROR] addons/dragon/lua/weapons/weapon_dragon/shared.lua:92: attempt to index local 'muzzlepos' (a nil value)
  1. unknown - addons/dragon/lua/weapons/weapon_dragon/shared.lua:92


L 04/08/2019 - 01:19:59: Lua Error: 
[ERROR] addons/dragon/lua/weapons/weapon_dragon/shared.lua:92: attempt to index local 'muzzlepos' (a nil value)
  1. unknown - addons/dragon/lua/weapons/weapon_dragon/shared.lua:92


L 04/08/2019 - 01:19:59: Lua Error: 
[ERROR] addons/dragon/lua/weapons/weapon_dragon/shared.lua:92: attempt to index local 'muzzlepos' (a nil value)
  1. unknown - addons/dragon/lua/weapons/weapon_dragon/shared.lua:92


L 04/08/2019 - 01:19:59: Lua Error: 
[ERROR] addons/dragon/lua/weapons/weapon_dragon/shared.lua:92: attempt to index local 'muzzlepos' (a nil value)
  1. unknown - addons/dragon/lua/weapons/weapon_dragon/shared.lua:92


L 04/08/2019 - 01:20:02: Lua Error: 
[ERROR] addons/dragon/lua/weapons/weapon_dragon/shared.lua:130: Tried to use a NULL entity!
  1. GetClass - [C]:-1
   2. fn - addons/dragon/lua/weapons/weapon_dragon/shared.lua:130
    3. unknown - addons/ulxulib/lua/ulib/shared/hook.lua:109


L 04/08/2019 - 01:20:40: "DidVaitel<2><STEAM_0:1:74202541><>" disconnected (reason "Disconnect by user.")
L 04/08/2019 - 01:20:41: "DidVaitel<3><STEAM_0:1:74202541><>" connected, address "192.168.1.102:27006"
L 04/08/2019 - 01:20:41: "DidVaitel<3><STEAM_0:1:74202541><>" STEAM USERID validated
L 04/08/2019 - 01:20:47: "DidVaitel<3><STEAM_0:1:74202541><>" entered the game
L 04/08/2019 - 01:21:16: Lua Error: 
[ERROR] addons/dragon/lua/weapons/weapon_dragon/shared.lua:130: Tried to use a NULL entity!
  1. GetClass - [C]:-1
   2. fn - addons/dragon/lua/weapons/weapon_dragon/shared.lua:130
    3. unknown - addons/ulxulib/lua/ulib/shared/hook.lua:109


L 04/08/2019 - 01:21:17: Lua Error: 
[ERROR] addons/dragon/lua/weapons/weapon_dragon/shared.lua:130: Tried to use a NULL entity!
  1. GetClass - [C]:-1
   2. fn - addons/dragon/lua/weapons/weapon_dragon/shared.lua:130
    3. unknown - addons/ulxulib/lua/ulib/shared/hook.lua:109


L 04/08/2019 - 01:21:17: Lua Error: 
[ERROR] addons/dragon/lua/weapons/weapon_dragon/shared.lua:130: Tried to use a NULL entity!
  1. GetClass - [C]:-1
   2. fn - addons/dragon/lua/weapons/weapon_dragon/shared.lua:130
    3. unknown - addons/ulxulib/lua/ulib/shared/hook.lua:109


L 04/08/2019 - 01:21:17: Lua Error: 
[ERROR] addons/dragon/lua/weapons/weapon_dragon/shared.lua:130: Tried to use a NULL entity!
  1. GetClass - [C]:-1
   2. fn - addons/dragon/lua/weapons/weapon_dragon/shared.lua:130
    3. unknown - addons/ulxulib/lua/ulib/shared/hook.lua:109


L 04/08/2019 - 01:21:20: "DidVaitel<3><STEAM_0:1:74202541><>" disconnected (reason "Disconnect by user.")
L 04/08/2019 - 01:21:20: "DidVaitel<4><STEAM_0:1:74202541><>" connected, address "192.168.1.102:27006"
L 04/08/2019 - 01:21:21: "DidVaitel<4><STEAM_0:1:74202541><>" STEAM USERID validated
L 04/08/2019 - 01:21:26: "DidVaitel<4><STEAM_0:1:74202541><>" entered the game
L 04/08/2019 - 01:22:01: Lua Error: 
[ERROR] addons/dragon/lua/weapons/weapon_dragon/init.lua:81: ')' expected (to close '(' at line 80) near '='
  1. unknown - addons/dragon/lua/weapons/weapon_dragon/init.lua:0


L 04/08/2019 - 01:22:18: Lua Error: 
[ERROR] addons/dragon/lua/weapons/weapon_dragon/shared.lua:92: attempt to index local 'muzzlepos' (a nil value)
  1. unknown - addons/dragon/lua/weapons/weapon_dragon/shared.lua:92


L 04/08/2019 - 01:22:19: Lua Error: 
[ERROR] addons/dragon/lua/weapons/weapon_dragon/shared.lua:92: attempt to index local 'muzzlepos' (a nil value)
  1. unknown - addons/dragon/lua/weapons/weapon_dragon/shared.lua:92


L 04/08/2019 - 01:22:19: Lua Error: 
[ERROR] addons/dragon/lua/weapons/weapon_dragon/shared.lua:92: attempt to index local 'muzzlepos' (a nil value)
  1. unknown - addons/dragon/lua/weapons/weapon_dragon/shared.lua:92


L 04/08/2019 - 01:22:19: Lua Error: 
[ERROR] addons/dragon/lua/weapons/weapon_dragon/shared.lua:92: attempt to index local 'muzzlepos' (a nil value)
  1. unknown - addons/dragon/lua/weapons/weapon_dragon/shared.lua:92


L 04/08/2019 - 01:22:19: Lua Error: 
[ERROR] addons/dragon/lua/weapons/weapon_dragon/shared.lua:92: attempt to index local 'muzzlepos' (a nil value)
  1. unknown - addons/dragon/lua/weapons/weapon_dragon/shared.lua:92


L 04/08/2019 - 01:22:19: Lua Error: 
[ERROR] addons/dragon/lua/weapons/weapon_dragon/shared.lua:92: attempt to index local 'muzzlepos' (a nil value)
  1. unknown - addons/dragon/lua/weapons/weapon_dragon/shared.lua:92


L 04/08/2019 - 01:22:19: Lua Error: 
[ERROR] addons/dragon/lua/weapons/weapon_dragon/shared.lua:92: attempt to index local 'muzzlepos' (a nil value)
  1. unknown - addons/dragon/lua/weapons/weapon_dragon/shared.lua:92


L 04/08/2019 - 01:22:19: Lua Error: 
[ERROR] addons/dragon/lua/weapons/weapon_dragon/init.lua:22: attempt to index local 'muzzlepos' (a nil value)
  1. unknown - addons/dragon/lua/weapons/weapon_dragon/init.lua:22


L 04/08/2019 - 01:22:29: "DidVaitel<4><STEAM_0:1:74202541><>" disconnected (reason "Disconnect by user.")
L 04/08/2019 - 01:22:29: "DidVaitel<5><STEAM_0:1:74202541><>" connected, address "192.168.1.102:27006"
L 04/08/2019 - 01:22:29: "DidVaitel<5><STEAM_0:1:74202541><>" STEAM USERID validated
L 04/08/2019 - 01:22:35: "DidVaitel<5><STEAM_0:1:74202541><>" entered the game
L 04/08/2019 - 01:22:59: "DidVaitel<5><STEAM_0:1:74202541><>" disconnected (reason "Disconnect by user.")
L 04/08/2019 - 01:22:59: "DidVaitel<6><STEAM_0:1:74202541><>" connected, address "192.168.1.102:27006"
L 04/08/2019 - 01:22:59: "DidVaitel<6><STEAM_0:1:74202541><>" STEAM USERID validated
L 04/08/2019 - 01:23:05: "DidVaitel<6><STEAM_0:1:74202541><>" entered the game
L 04/08/2019 - 01:25:12: [ULX] DidVaitel<STEAM_0:1:74202541> spawned sent sent_ball
L 04/08/2019 - 01:26:26: "DidVaitel<6><STEAM_0:1:74202541><>" disconnected (reason "Disconnect by user.")
L 04/08/2019 - 01:29:47: "DidVaitel<7><STEAM_0:1:74202541><>" connected, address "192.168.1.102:27006"
L 04/08/2019 - 01:29:47: "DidVaitel<7><STEAM_0:1:74202541><>" STEAM USERID validated
L 04/08/2019 - 01:29:53: "DidVaitel<7><STEAM_0:1:74202541><>" entered the game
L 04/08/2019 - 01:33:26: "DidVaitel<7><STEAM_0:1:74202541><>" disconnected (reason "Disconnect by user.")
L 04/08/2019 - 01:33:26: "DidVaitel<8><STEAM_0:1:74202541><>" connected, address "192.168.1.102:27006"
L 04/08/2019 - 01:33:27: "DidVaitel<8><STEAM_0:1:74202541><>" STEAM USERID validated
L 04/08/2019 - 01:33:32: "DidVaitel<8><STEAM_0:1:74202541><>" entered the game
L 04/08/2019 - 01:34:25: Lua Error: 
[ERROR] addons/dragon/lua/weapons/weapon_dragon/shared.lua:130: Tried to use a NULL entity!
  1. GetClass - [C]:-1
   2. fn - addons/dragon/lua/weapons/weapon_dragon/shared.lua:130
    3. unknown - addons/ulxulib/lua/ulib/shared/hook.lua:109


L 04/08/2019 - 01:34:39: Lua Error: 
[ERROR] addons/dragon/lua/weapons/weapon_dragon/shared.lua:130: Tried to use a NULL entity!
  1. GetClass - [C]:-1
   2. fn - addons/dragon/lua/weapons/weapon_dragon/shared.lua:130
    3. unknown - addons/ulxulib/lua/ulib/shared/hook.lua:109


L 04/08/2019 - 01:34:39: Lua Error: 
[ERROR] addons/dragon/lua/weapons/weapon_dragon/shared.lua:130: Tried to use a NULL entity!
  1. GetClass - [C]:-1
   2. fn - addons/dragon/lua/weapons/weapon_dragon/shared.lua:130
    3. unknown - addons/ulxulib/lua/ulib/shared/hook.lua:109


L 04/08/2019 - 01:34:44: Lua Error: 
[ERROR] addons/dragon/lua/weapons/weapon_dragon/shared.lua:130: Tried to use a NULL entity!
  1. GetClass - [C]:-1
   2. fn - addons/dragon/lua/weapons/weapon_dragon/shared.lua:130
    3. unknown - addons/ulxulib/lua/ulib/shared/hook.lua:109


L 04/08/2019 - 01:34:45: Lua Error: 
[ERROR] addons/dragon/lua/weapons/weapon_dragon/shared.lua:130: Tried to use a NULL entity!
  1. GetClass - [C]:-1
   2. fn - addons/dragon/lua/weapons/weapon_dragon/shared.lua:130
    3. unknown - addons/ulxulib/lua/ulib/shared/hook.lua:109


L 04/08/2019 - 01:34:45: Lua Error: 
[ERROR] addons/dragon/lua/weapons/weapon_dragon/shared.lua:130: Tried to use a NULL entity!
  1. GetClass - [C]:-1
   2. fn - addons/dragon/lua/weapons/weapon_dragon/shared.lua:130
    3. unknown - addons/ulxulib/lua/ulib/shared/hook.lua:109


L 04/08/2019 - 01:34:45: Lua Error: 
[ERROR] addons/dragon/lua/weapons/weapon_dragon/shared.lua:130: Tried to use a NULL entity!
  1. GetClass - [C]:-1
   2. fn - addons/dragon/lua/weapons/weapon_dragon/shared.lua:130
    3. unknown - addons/ulxulib/lua/ulib/shared/hook.lua:109


L 04/08/2019 - 01:34:46: Lua Error: 
[ERROR] addons/dragon/lua/weapons/weapon_dragon/shared.lua:130: Tried to use a NULL entity!
  1. GetClass - [C]:-1
   2. fn - addons/dragon/lua/weapons/weapon_dragon/shared.lua:130
    3. unknown - addons/ulxulib/lua/ulib/shared/hook.lua:109


L 04/08/2019 - 01:34:50: Lua Error: 
[ERROR] addons/dragon/lua/weapons/weapon_dragon/shared.lua:130: Tried to use a NULL entity!
  1. GetClass - [C]:-1
   2. fn - addons/dragon/lua/weapons/weapon_dragon/shared.lua:130
    3. unknown - addons/ulxulib/lua/ulib/shared/hook.lua:109


L 04/08/2019 - 01:35:52: Lua Error: 
[ERROR] addons/dragon/lua/weapons/weapon_dragon/shared.lua:130: Tried to use a NULL entity!
  1. GetClass - [C]:-1
   2. fn - addons/dragon/lua/weapons/weapon_dragon/shared.lua:130
    3. unknown - addons/ulxulib/lua/ulib/shared/hook.lua:109


L 04/08/2019 - 01:35:52: Lua Error: 
[ERROR] addons/dragon/lua/weapons/weapon_dragon/shared.lua:130: Tried to use a NULL entity!
  1. GetClass - [C]:-1
   2. fn - addons/dragon/lua/weapons/weapon_dragon/shared.lua:130
    3. unknown - addons/ulxulib/lua/ulib/shared/hook.lua:109


L 04/08/2019 - 01:35:53: Lua Error: 
[ERROR] addons/dragon/lua/weapons/weapon_dragon/shared.lua:130: Tried to use a NULL entity!
  1. GetClass - [C]:-1
   2. fn - addons/dragon/lua/weapons/weapon_dragon/shared.lua:130
    3. unknown - addons/ulxulib/lua/ulib/shared/hook.lua:109


L 04/08/2019 - 01:35:53: Lua Error: 
[ERROR] addons/dragon/lua/weapons/weapon_dragon/shared.lua:130: Tried to use a NULL entity!
  1. GetClass - [C]:-1
   2. fn - addons/dragon/lua/weapons/weapon_dragon/shared.lua:130
    3. unknown - addons/ulxulib/lua/ulib/shared/hook.lua:109


L 04/08/2019 - 01:35:53: Lua Error: 
[ERROR] addons/dragon/lua/weapons/weapon_dragon/shared.lua:130: Tried to use a NULL entity!
  1. GetClass - [C]:-1
   2. fn - addons/dragon/lua/weapons/weapon_dragon/shared.lua:130
    3. unknown - addons/ulxulib/lua/ulib/shared/hook.lua:109


L 04/08/2019 - 01:35:54: Lua Error: 
[ERROR] addons/dragon/lua/weapons/weapon_dragon/shared.lua:130: Tried to use a NULL entity!
  1. GetClass - [C]:-1
   2. fn - addons/dragon/lua/weapons/weapon_dragon/shared.lua:130
    3. unknown - addons/ulxulib/lua/ulib/shared/hook.lua:109


L 04/08/2019 - 01:36:09: Lua Error: 
[ERROR] addons/dragon/lua/weapons/weapon_dragon/shared.lua:130: Tried to use a NULL entity!
  1. GetClass - [C]:-1
   2. fn - addons/dragon/lua/weapons/weapon_dragon/shared.lua:130
    3. unknown - addons/ulxulib/lua/ulib/shared/hook.lua:109


L 04/08/2019 - 01:36:10: Lua Error: 
[ERROR] addons/dragon/lua/weapons/weapon_dragon/shared.lua:130: Tried to use a NULL entity!
  1. GetClass - [C]:-1
   2. fn - addons/dragon/lua/weapons/weapon_dragon/shared.lua:130
    3. unknown - addons/ulxulib/lua/ulib/shared/hook.lua:109


L 04/08/2019 - 01:36:10: Lua Error: 
[ERROR] addons/dragon/lua/weapons/weapon_dragon/shared.lua:130: Tried to use a NULL entity!
  1. GetClass - [C]:-1
   2. fn - addons/dragon/lua/weapons/weapon_dragon/shared.lua:130
    3. unknown - addons/ulxulib/lua/ulib/shared/hook.lua:109


L 04/08/2019 - 01:36:10: Lua Error: 
[ERROR] addons/dragon/lua/weapons/weapon_dragon/shared.lua:130: Tried to use a NULL entity!
  1. GetClass - [C]:-1
   2. fn - addons/dragon/lua/weapons/weapon_dragon/shared.lua:130
    3. unknown - addons/ulxulib/lua/ulib/shared/hook.lua:109


L 04/08/2019 - 01:36:24: Lua Error: 
[ERROR] addons/dragon/lua/weapons/weapon_dragon/shared.lua:130: Tried to use a NULL entity!
  1. GetClass - [C]:-1
   2. fn - addons/dragon/lua/weapons/weapon_dragon/shared.lua:130
    3. unknown - addons/ulxulib/lua/ulib/shared/hook.lua:109


L 04/08/2019 - 01:36:24: Lua Error: 
[ERROR] addons/dragon/lua/weapons/weapon_dragon/shared.lua:130: Tried to use a NULL entity!
  1. GetClass - [C]:-1
   2. fn - addons/dragon/lua/weapons/weapon_dragon/shared.lua:130
    3. unknown - addons/ulxulib/lua/ulib/shared/hook.lua:109


L 04/08/2019 - 01:36:38: Lua Error: 
[ERROR] addons/dragon/lua/weapons/weapon_dragon/shared.lua:130: Tried to use a NULL entity!
  1. GetClass - [C]:-1
   2. fn - addons/dragon/lua/weapons/weapon_dragon/shared.lua:130
    3. unknown - addons/ulxulib/lua/ulib/shared/hook.lua:109


L 04/08/2019 - 01:36:39: Lua Error: 
[ERROR] addons/dragon/lua/weapons/weapon_dragon/shared.lua:130: Tried to use a NULL entity!
  1. GetClass - [C]:-1
   2. fn - addons/dragon/lua/weapons/weapon_dragon/shared.lua:130
    3. unknown - addons/ulxulib/lua/ulib/shared/hook.lua:109


L 04/08/2019 - 01:36:40: Lua Error: 
[ERROR] addons/dragon/lua/weapons/weapon_dragon/shared.lua:130: Tried to use a NULL entity!
  1. GetClass - [C]:-1
   2. fn - addons/dragon/lua/weapons/weapon_dragon/shared.lua:130
    3. unknown - addons/ulxulib/lua/ulib/shared/hook.lua:109


L 04/08/2019 - 01:38:53: Lua Error: 
[ERROR] addons/dragon/lua/weapons/weapon_dragon/init.lua:106: unexpected symbol near ')'
  1. unknown - addons/dragon/lua/weapons/weapon_dragon/init.lua:0


L 04/08/2019 - 01:38:59: Lua Error: 
[ERROR] addons/dragon/lua/weapons/weapon_dragon/shared.lua:130: Tried to use a NULL entity!
  1. GetClass - [C]:-1
   2. fn - addons/dragon/lua/weapons/weapon_dragon/shared.lua:130
    3. unknown - addons/ulxulib/lua/ulib/shared/hook.lua:109


L 04/08/2019 - 01:38:59: Lua Error: 
[ERROR] addons/dragon/lua/weapons/weapon_dragon/shared.lua:130: Tried to use a NULL entity!
  1. GetClass - [C]:-1
   2. fn - addons/dragon/lua/weapons/weapon_dragon/shared.lua:130
    3. unknown - addons/ulxulib/lua/ulib/shared/hook.lua:109


L 04/08/2019 - 01:39:00: Lua Error: 
[ERROR] addons/dragon/lua/weapons/weapon_dragon/shared.lua:130: Tried to use a NULL entity!
  1. GetClass - [C]:-1
   2. fn - addons/dragon/lua/weapons/weapon_dragon/shared.lua:130
    3. unknown - addons/ulxulib/lua/ulib/shared/hook.lua:109


L 04/08/2019 - 01:39:12: Lua Error: 
[ERROR] addons/dragon/lua/weapons/weapon_dragon/init.lua:108: unexpected symbol near ')'
  1. unknown - addons/dragon/lua/weapons/weapon_dragon/init.lua:0


L 04/08/2019 - 01:39:14: Lua Error: 
[ERROR] addons/dragon/lua/weapons/weapon_dragon/init.lua:108: unexpected symbol near ')'
  1. unknown - addons/dragon/lua/weapons/weapon_dragon/init.lua:0


L 04/08/2019 - 01:40:20: Lua Error: 
[ERROR] addons/dragon/lua/weapons/weapon_dragon/init.lua:113: unexpected symbol near ')'
  1. unknown - addons/dragon/lua/weapons/weapon_dragon/init.lua:0


L 04/08/2019 - 01:40:25: Lua Error: 
[ERROR] addons/dragon/lua/weapons/weapon_dragon/init.lua:113: unexpected symbol near ')'
  1. unknown - addons/dragon/lua/weapons/weapon_dragon/init.lua:0


L 04/08/2019 - 01:40:33: "DidVaitel<8><STEAM_0:1:74202541><>" disconnected (reason "Server shutting down")
L 04/08/2019 - 01:40:33: server_message: "quit"
L 04/08/2019 - 01:40:33: Log file closed.
