L 04/08/2019 - 19:30:05: Log file started (file "logs\L0408013.log") (game "F:\sup\steamapps\common\GarrysModDS\garrysmod") (version "7402")
L 04/08/2019 - 19:30:05: server_cvar: "sv_alltalk" "3"
L 04/08/2019 - 19:30:05: Banid: "<><STEAM_0:0:432813650><>" was banned "permanently" by "Console"
L 04/08/2019 - 19:30:05: Banid: "<><STEAM_0:0:207758038><>" was banned "permanently" by "Console"
L 04/08/2019 - 19:30:05: Banid: "<><STEAM_0:0:432813650><>" was banned "permanently" by "Console"
L 04/08/2019 - 19:30:05: Banid: "<><STEAM_0:0:207758038><>" was banned "permanently" by "Console"
L 04/08/2019 - 19:30:07: Connection to Steam servers successful.
L 04/08/2019 - 19:30:07:    Public IP is 31.130.42.81.
L 04/08/2019 - 19:30:07: Assigned anonymous gameserver Steam ID [A-1:2834132999(12317)].
L 04/08/2019 - 19:30:07: VAC secure mode is activated.
L 04/08/2019 - 19:38:39: "skeleskull<2><STEAM_0:0:101511166><>" connected, address "176.93.196.142:15571"
L 04/08/2019 - 19:38:40: "skeleskull<2><STEAM_0:0:101511166><>" STEAM USERID validated
L 04/08/2019 - 19:39:06: "skeleskull<2><STEAM_0:0:101511166><>" entered the game
L 04/08/2019 - 19:40:21: "skeleskull<2><STEAM_0:0:101511166><>" disconnected (reason "Disconnect by user.")
L 04/08/2019 - 19:47:17: "DidVaitel<3><STEAM_0:1:74202541><>" connected, address "192.168.1.102:27006"
L 04/08/2019 - 19:47:18: "DidVaitel<3><STEAM_0:1:74202541><>" STEAM USERID validated
L 04/08/2019 - 19:47:24: "DidVaitel<3><STEAM_0:1:74202541><>" entered the game
L 04/08/2019 - 19:48:27: Lua Error: 
[ERROR] addons/dragon/lua/weapons/weapon_dragon/shared.lua:140: Tried to use a NULL entity!
  1. __index - [C]:-1
   2. unknown - addons/dragon/lua/weapons/weapon_dragon/shared.lua:140


L 04/08/2019 - 19:48:33: Lua Error: 
[ERROR] addons/dragon/lua/weapons/weapon_dragon/shared.lua:134: Tried to use a NULL entity!
  1. __index - [C]:-1
   2. unknown - addons/dragon/lua/weapons/weapon_dragon/shared.lua:134


L 04/08/2019 - 19:48:35: Lua Error: 
[ERROR] addons/dragon/lua/weapons/weapon_dragon/shared.lua:140: Tried to use a NULL entity!
  1. __index - [C]:-1
   2. unknown - addons/dragon/lua/weapons/weapon_dragon/shared.lua:140


L 04/08/2019 - 19:48:40: Lua Error: 
[ERROR] addons/dragon/lua/weapons/weapon_dragon/shared.lua:134: Tried to use a NULL entity!
  1. __index - [C]:-1
   2. unknown - addons/dragon/lua/weapons/weapon_dragon/shared.lua:134


L 04/08/2019 - 19:49:11: Lua Error: 
[ERROR] addons/dragon/lua/weapons/weapon_dragon/shared.lua:141: Tried to use a NULL entity!
  1. __index - [C]:-1
   2. unknown - addons/dragon/lua/weapons/weapon_dragon/shared.lua:141


L 04/08/2019 - 19:49:14: Lua Error: 
[ERROR] addons/dragon/lua/weapons/weapon_dragon/shared.lua:134: Tried to use a NULL entity!
  1. __index - [C]:-1
   2. unknown - addons/dragon/lua/weapons/weapon_dragon/shared.lua:134


L 04/08/2019 - 19:50:45: "Bot01<4><BOT><>" connected, address "none"
L 04/08/2019 - 19:50:45: "Bot01<4><BOT><>" entered the game
L 04/08/2019 - 19:51:16: Lua Error: 
[ERROR] addons/dragon/lua/weapons/weapon_dragon/shared.lua:91: Tried to use a NULL entity!
  1. __index - [C]:-1
   2. unknown - addons/dragon/lua/weapons/weapon_dragon/shared.lua:91


L 04/08/2019 - 19:51:21: Lua Error: 
[ERROR] addons/dragon/lua/weapons/weapon_dragon/shared.lua:91: Tried to use a NULL entity!
  1. __index - [C]:-1
   2. unknown - addons/dragon/lua/weapons/weapon_dragon/shared.lua:91


L 04/08/2019 - 19:51:23: Lua Error: 
[ERROR] addons/dragon/lua/weapons/weapon_dragon/shared.lua:85: Tried to use a NULL entity!
  1. __index - [C]:-1
   2. unknown - addons/dragon/lua/weapons/weapon_dragon/shared.lua:85


L 04/08/2019 - 19:51:27: Lua Error: 
[ERROR] addons/dragon/lua/weapons/weapon_dragon/shared.lua:91: Tried to use a NULL entity!
  1. __index - [C]:-1
   2. unknown - addons/dragon/lua/weapons/weapon_dragon/shared.lua:91


L 04/08/2019 - 19:51:29: Lua Error: 
[ERROR] addons/dragon/lua/weapons/weapon_dragon/shared.lua:85: Tried to use a NULL entity!
  1. __index - [C]:-1
   2. unknown - addons/dragon/lua/weapons/weapon_dragon/shared.lua:85


L 04/08/2019 - 19:51:34: Lua Error: 
[ERROR] addons/dragon/lua/weapons/weapon_dragon/shared.lua:85: Tried to use a NULL entity!
  1. __index - [C]:-1
   2. unknown - addons/dragon/lua/weapons/weapon_dragon/shared.lua:85


L 04/08/2019 - 19:55:17: Lua Error: 
[ERROR] addons/dragon/lua/weapons/weapon_dragon/shared.lua:92: Tried to use a NULL entity!
  1. __index - [C]:-1
   2. unknown - addons/dragon/lua/weapons/weapon_dragon/shared.lua:92


L 04/08/2019 - 19:55:20: Lua Error: 
[ERROR] addons/dragon/lua/weapons/weapon_dragon/shared.lua:86: Tried to use a NULL entity!
  1. __index - [C]:-1
   2. unknown - addons/dragon/lua/weapons/weapon_dragon/shared.lua:86


L 04/08/2019 - 19:55:29: Lua Error: 
[ERROR] addons/dragon/lua/weapons/weapon_dragon/shared.lua:92: Tried to use a NULL entity!
  1. __index - [C]:-1
   2. unknown - addons/dragon/lua/weapons/weapon_dragon/shared.lua:92


L 04/08/2019 - 19:55:31: Lua Error: 
[ERROR] addons/dragon/lua/weapons/weapon_dragon/shared.lua:86: Tried to use a NULL entity!
  1. __index - [C]:-1
   2. unknown - addons/dragon/lua/weapons/weapon_dragon/shared.lua:86


L 04/08/2019 - 19:55:55: Lua Error: 
[ERROR] addons/dragon/lua/weapons/weapon_dragon/shared.lua:93: Tried to use a NULL entity!
  1. __index - [C]:-1
   2. unknown - addons/dragon/lua/weapons/weapon_dragon/shared.lua:93


L 04/08/2019 - 19:56:03: Lua Error: 
[ERROR] addons/dragon/lua/weapons/weapon_dragon/shared.lua:86: Tried to use a NULL entity!
  1. __index - [C]:-1
   2. unknown - addons/dragon/lua/weapons/weapon_dragon/shared.lua:86


L 04/08/2019 - 19:56:17: Lua Error: 
[ERROR] addons/dragon/lua/weapons/weapon_dragon/shared.lua:93: Tried to use a NULL entity!
  1. __index - [C]:-1
   2. unknown - addons/dragon/lua/weapons/weapon_dragon/shared.lua:93


L 04/08/2019 - 19:56:23: Lua Error: 
[ERROR] addons/dragon/lua/weapons/weapon_dragon/shared.lua:86: Tried to use a NULL entity!
  1. __index - [C]:-1
   2. unknown - addons/dragon/lua/weapons/weapon_dragon/shared.lua:86


L 04/08/2019 - 19:56:30: "Bot01<4><BOT><>" disconnected (reason "Server shutting down")
L 04/08/2019 - 19:56:30: "DidVaitel<3><STEAM_0:1:74202541><>" disconnected (reason "Server shutting down")
L 04/08/2019 - 19:56:30: server_message: "quit"
L 04/08/2019 - 19:56:30: Log file closed.
