L 04/13/2019 - 15:45:55: Log file started (file "logs\L0413004.log") (game "F:\sup\steamapps\common\GarrysModDS\garrysmod") (version "7402")
L 04/13/2019 - 15:45:55: server_cvar: "sv_alltalk" "3"
L 04/13/2019 - 15:45:55: server_cvar: "sv_allowcslua" "1"
L 04/13/2019 - 15:45:55: server_cvar: "sv_airaccelerate" "1000"
L 04/13/2019 - 15:45:55: server_cvar: "sv_alltalk" "0"
L 04/13/2019 - 15:45:55: Banid: "<><STEAM_0:0:432813650><>" was banned "permanently" by "Console"
L 04/13/2019 - 15:45:55: Banid: "<><STEAM_0:0:207758038><>" was banned "permanently" by "Console"
L 04/13/2019 - 15:45:55: Banid: "<><STEAM_0:0:432813650><>" was banned "permanently" by "Console"
L 04/13/2019 - 15:45:55: Banid: "<><STEAM_0:0:207758038><>" was banned "permanently" by "Console"
L 04/13/2019 - 15:45:56: Connection to Steam servers successful.
L 04/13/2019 - 15:45:56:    Public IP is 31.130.42.81.
L 04/13/2019 - 15:45:56: Assigned anonymous gameserver Steam ID [A-1:2810459147(12343)].
L 04/13/2019 - 15:45:57: VAC secure mode is activated.
L 04/13/2019 - 15:46:11: "DidVaitel<2><STEAM_0:1:74202541><>" connected, address "192.168.1.103:27006"
L 04/13/2019 - 15:46:11: "DidVaitel<2><STEAM_0:1:74202541><>" STEAM USERID validated
L 04/13/2019 - 15:46:20: [FAdmin] DidVaitel (STEAM_0:1:74202541) is Authed
L 04/13/2019 - 15:46:20: [FAdmin] DidVaitel (STEAM_0:1:74202541) Spawned for the first time
L 04/13/2019 - 15:46:20: [FAdmin] DidVaitel (STEAM_0:1:74202541) Spawned
L 04/13/2019 - 15:46:20: "DidVaitel<2><STEAM_0:1:74202541><>" entered the game
L 04/13/2019 - 15:46:20: [FAdmin] DidVaitel (STEAM_0:1:74202541) Attempted to pick up a keys
L 04/13/2019 - 15:46:20: [FAdmin] DidVaitel (STEAM_0:1:74202541) Attempted to pick up a weapon_physcannon
L 04/13/2019 - 15:46:20: [FAdmin] DidVaitel (STEAM_0:1:74202541) Attempted to pick up a gmod_camera
L 04/13/2019 - 15:46:20: [FAdmin] DidVaitel (STEAM_0:1:74202541) Attempted to pick up a gmod_tool
L 04/13/2019 - 15:46:20: [FAdmin] DidVaitel (STEAM_0:1:74202541) Attempted to pick up a pocket
L 04/13/2019 - 15:46:20: [FAdmin] DidVaitel (STEAM_0:1:74202541) Attempted to pick up a weapon_physgun
L 04/13/2019 - 15:46:20: [FAdmin] DidVaitel (STEAM_0:1:74202541) Attempted to pick up a weapon_keypadchecker
L 04/13/2019 - 15:46:20: [FAdmin] DidVaitel (STEAM_0:1:74202541) Attempted to pick up a door_ram
L 04/13/2019 - 15:46:20: [FAdmin] DidVaitel (STEAM_0:1:74202541) Attempted to pick up a arrest_stick
L 04/13/2019 - 15:46:20: [FAdmin] DidVaitel (STEAM_0:1:74202541) Attempted to pick up a unarrest_stick
L 04/13/2019 - 15:46:20: [FAdmin] DidVaitel (STEAM_0:1:74202541) Attempted to pick up a stunstick
L 04/13/2019 - 15:46:20: [FAdmin] DidVaitel (STEAM_0:1:74202541) Attempted to pick up a weaponchecker
L 04/13/2019 - 15:46:42: Lua Error: 
[ERROR] addons/sv_mesasecurtiry/lua/entities/npc_shop/init.lua:26: ')' expected near 'ent'
  1. unknown - addons/sv_mesasecurtiry/lua/entities/npc_shop/init.lua:0


L 04/13/2019 - 15:46:42: Lua Error: Refusing to load npc_shop because it is missing Type and Base keys!

L 04/13/2019 - 15:48:25: [FAdmin] DidVaitel (STEAM_0:1:74202541) Attempted to switch noclip
L 04/13/2019 - 16:09:16: [FAdmin] DidVaitel (STEAM_0:1:74202541) Attempted to switch noclip
L 04/13/2019 - 16:10:00: [FAdmin] Server succesfully shut down.
L 04/13/2019 - 16:10:00: [FAdmin] prop_physics(models/maxofs2d/companion_doll.mdl) Got removed
L 04/13/2019 - 16:10:00: [FAdmin] prop_physics(models/props_c17/furnituretable003a.mdl) Got removed
L 04/13/2019 - 16:10:00: [FAdmin] prop_physics(models/props_c17/furniturecouch002a.mdl) Got removed
L 04/13/2019 - 16:10:00: [FAdmin] prop_physics(models/props_c17/furniturecouch001a.mdl) Got removed
L 04/13/2019 - 16:10:00: "DidVaitel<2><STEAM_0:1:74202541><>" disconnected (reason "Server shutting down")
L 04/13/2019 - 16:10:00: server_message: "quit"
L 04/13/2019 - 16:10:00: Log file closed.
