L 04/13/2019 - 16:41:04: Log file started (file "logs\L0413007.log") (game "F:\sup\steamapps\common\GarrysModDS\garrysmod") (version "7402")
L 04/13/2019 - 16:41:04: server_cvar: "sv_alltalk" "3"
L 04/13/2019 - 16:41:04: server_cvar: "sv_allowcslua" "1"
L 04/13/2019 - 16:41:04: server_cvar: "sv_airaccelerate" "1000"
L 04/13/2019 - 16:41:04: server_cvar: "sv_alltalk" "0"
L 04/13/2019 - 16:41:04: Banid: "<><STEAM_0:0:432813650><>" was banned "permanently" by "Console"
L 04/13/2019 - 16:41:04: Banid: "<><STEAM_0:0:207758038><>" was banned "permanently" by "Console"
L 04/13/2019 - 16:41:04: Banid: "<><STEAM_0:0:432813650><>" was banned "permanently" by "Console"
L 04/13/2019 - 16:41:04: Banid: "<><STEAM_0:0:207758038><>" was banned "permanently" by "Console"
L 04/13/2019 - 16:41:05: Connection to Steam servers successful.
L 04/13/2019 - 16:41:05:    Public IP is 31.130.42.81.
L 04/13/2019 - 16:41:05: Assigned anonymous gameserver Steam ID [A-1:1092355079(12344)].
L 04/13/2019 - 16:41:05: VAC secure mode is activated.
L 04/13/2019 - 16:41:06: "DidVaitel<2><STEAM_0:1:74202541><>" connected, address "192.168.1.103:27006"
L 04/13/2019 - 16:41:07: "DidVaitel<2><STEAM_0:1:74202541><>" STEAM USERID validated
L 04/13/2019 - 16:41:14: [FAdmin] DidVaitel (STEAM_0:1:74202541) is Authed
L 04/13/2019 - 16:41:14: [FAdmin] DidVaitel (STEAM_0:1:74202541) Spawned for the first time
L 04/13/2019 - 16:41:14: [FAdmin] DidVaitel (STEAM_0:1:74202541) Spawned
L 04/13/2019 - 16:41:14: "DidVaitel<2><STEAM_0:1:74202541><>" entered the game
L 04/13/2019 - 16:41:14: [FAdmin] DidVaitel (STEAM_0:1:74202541) Attempted to pick up a keys
L 04/13/2019 - 16:41:14: [FAdmin] DidVaitel (STEAM_0:1:74202541) Attempted to pick up a weapon_physcannon
L 04/13/2019 - 16:41:14: [FAdmin] DidVaitel (STEAM_0:1:74202541) Attempted to pick up a gmod_camera
L 04/13/2019 - 16:41:14: [FAdmin] DidVaitel (STEAM_0:1:74202541) Attempted to pick up a gmod_tool
L 04/13/2019 - 16:41:14: [FAdmin] DidVaitel (STEAM_0:1:74202541) Attempted to pick up a pocket
L 04/13/2019 - 16:41:14: [FAdmin] DidVaitel (STEAM_0:1:74202541) Attempted to pick up a weapon_physgun
L 04/13/2019 - 16:41:14: [FAdmin] DidVaitel (STEAM_0:1:74202541) Attempted to pick up a weapon_keypadchecker
L 04/13/2019 - 16:41:14: [FAdmin] DidVaitel (STEAM_0:1:74202541) Attempted to pick up a door_ram
L 04/13/2019 - 16:41:14: [FAdmin] DidVaitel (STEAM_0:1:74202541) Attempted to pick up a arrest_stick
L 04/13/2019 - 16:41:14: [FAdmin] DidVaitel (STEAM_0:1:74202541) Attempted to pick up a unarrest_stick
L 04/13/2019 - 16:41:14: [FAdmin] DidVaitel (STEAM_0:1:74202541) Attempted to pick up a stunstick
L 04/13/2019 - 16:41:14: [FAdmin] DidVaitel (STEAM_0:1:74202541) Attempted to pick up a weaponchecker
L 04/13/2019 - 16:41:38: [FAdmin] DidVaitel (STEAM_0:1:74202541) Attempted to switch noclip
L 04/13/2019 - 16:41:39: [FAdmin] DidVaitel (STEAM_0:1:74202541) Attempted to switch noclip
L 04/13/2019 - 16:41:41: [FAdmin] DidVaitel (STEAM_0:1:74202541) Spawned a npc_zonesecurity
L 04/13/2019 - 16:41:41: [ULX] DidVaitel<STEAM_0:1:74202541> spawned sent npc_zonesecurity
L 04/13/2019 - 16:41:43: [FAdmin] DidVaitel (STEAM_0:1:74202541) Attempted to switch noclip
L 04/13/2019 - 16:41:45: [FAdmin] DidVaitel (STEAM_0:1:74202541) Attempted to switch noclip
L 04/13/2019 - 16:41:48: [FAdmin] DidVaitel (STEAM_0:1:74202541) Attempted to switch noclip
L 04/13/2019 - 16:41:51: [FAdmin] DidVaitel (STEAM_0:1:74202541) Attempted to switch noclip
L 04/13/2019 - 16:41:51: [FAdmin] DidVaitel (STEAM_0:1:74202541) Attempted to switch noclip
L 04/13/2019 - 16:43:06: [FAdmin] DidVaitel (STEAM_0:1:74202541) Attempted to switch noclip
L 04/13/2019 - 16:43:08: Lua Error: 
[ERROR] addons/sv_mesasecurtiry/lua/entities/npc_zonesecurity/init.lua:28: attempt to index a string value with bad key ('eballs' is not part of the string library)
  1. error - [C]:-1
   2. __index - lua/includes/extensions/string.lua:297
    3. unknown - addons/sv_mesasecurtiry/lua/entities/npc_zonesecurity/init.lua:28


L 04/13/2019 - 16:43:08: Lua Error: 
[ERROR] addons/sv_mesasecurtiry/lua/entities/npc_zonesecurity/init.lua:28: attempt to index a string value with bad key ('eballs' is not part of the string library)
  1. error - [C]:-1
   2. __index - lua/includes/extensions/string.lua:297
    3. unknown - addons/sv_mesasecurtiry/lua/entities/npc_zonesecurity/init.lua:28


L 04/13/2019 - 16:43:10: Lua Error: 
[ERROR] addons/sv_mesasecurtiry/lua/entities/npc_zonesecurity/init.lua:28: attempt to index a string value with bad key ('eballs' is not part of the string library)
  1. error - [C]:-1
   2. __index - lua/includes/extensions/string.lua:297
    3. unknown - addons/sv_mesasecurtiry/lua/entities/npc_zonesecurity/init.lua:28


L 04/13/2019 - 16:44:46: [FAdmin] Server succesfully shut down.
L 04/13/2019 - 16:44:46: [FAdmin] prop_physics(models/maxofs2d/companion_doll.mdl) Got removed
L 04/13/2019 - 16:44:46: [FAdmin] prop_physics(models/props_c17/furnituretable003a.mdl) Got removed
L 04/13/2019 - 16:44:46: [FAdmin] prop_physics(models/props_c17/furniturecouch002a.mdl) Got removed
L 04/13/2019 - 16:44:46: [FAdmin] prop_physics(models/props_c17/furniturecouch001a.mdl) Got removed
L 04/13/2019 - 16:44:46: "DidVaitel<2><STEAM_0:1:74202541><>" disconnected (reason "Server shutting down")
L 04/13/2019 - 16:44:46: server_message: "quit"
L 04/13/2019 - 16:44:46: Log file closed.
