L 04/28/2020 - 01:01:07: Log file started (file "logs\L0428000.log") (game "D:\sup\steamapps\common\GarrysModDS\garrysmod") (version "7794")
L 04/28/2020 - 01:01:07: server_cvar: "sv_alltalk" "3"
L 04/28/2020 - 01:01:07: server_cvar: "sv_allowcslua" "1"
L 04/28/2020 - 01:01:07: server_cvar: "sv_airaccelerate" "1000"
L 04/28/2020 - 01:01:07: server_cvar: "sv_alltalk" "0"
L 04/28/2020 - 01:01:08: Connection to Steam servers successful.
L 04/28/2020 - 01:01:08:    Public IP is 31.130.42.47.
L 04/28/2020 - 01:01:08: Assigned anonymous gameserver Steam ID [A-1:1603475461(14625)].
L 04/28/2020 - 01:01:08: VAC secure mode is activated.
L 04/28/2020 - 01:01:10: "DidVaitel<2><STEAM_0:1:74202541><>" connected, address "26.162.207.202:27006"
L 04/28/2020 - 01:01:11: "DidVaitel<2><STEAM_0:1:74202541><>" STEAM USERID validated
L 04/28/2020 - 01:01:23: [FAdmin] DidVaitel (STEAM_0:1:74202541) is Authed
L 04/28/2020 - 01:01:23: [FAdmin] DidVaitel (STEAM_0:1:74202541) Spawned for the first time
L 04/28/2020 - 01:01:23: [FAdmin] DidVaitel (STEAM_0:1:74202541) Spawned
L 04/28/2020 - 01:01:23: "DidVaitel<2><STEAM_0:1:74202541><>" entered the game
L 04/28/2020 - 01:01:23: [FAdmin] DidVaitel (STEAM_0:1:74202541) Attempted to pick up a keys
L 04/28/2020 - 01:01:23: [FAdmin] DidVaitel (STEAM_0:1:74202541) Attempted to pick up a weapon_physcannon
L 04/28/2020 - 01:01:23: [FAdmin] DidVaitel (STEAM_0:1:74202541) Attempted to pick up a gmod_camera
L 04/28/2020 - 01:01:23: [FAdmin] DidVaitel (STEAM_0:1:74202541) Attempted to pick up a gmod_tool
L 04/28/2020 - 01:01:23: [FAdmin] DidVaitel (STEAM_0:1:74202541) Attempted to pick up a pocket
L 04/28/2020 - 01:01:23: [FAdmin] DidVaitel (STEAM_0:1:74202541) Attempted to pick up a weapon_physgun
L 04/28/2020 - 01:01:23: [FAdmin] DidVaitel (STEAM_0:1:74202541) Attempted to pick up a weapon_keypadchecker
L 04/28/2020 - 01:01:23: [FAdmin] DidVaitel (STEAM_0:1:74202541) Attempted to pick up a door_ram
L 04/28/2020 - 01:01:23: [FAdmin] DidVaitel (STEAM_0:1:74202541) Attempted to pick up a arrest_stick
L 04/28/2020 - 01:01:23: [FAdmin] DidVaitel (STEAM_0:1:74202541) Attempted to pick up a unarrest_stick
L 04/28/2020 - 01:01:23: [FAdmin] DidVaitel (STEAM_0:1:74202541) Attempted to pick up a stunstick
L 04/28/2020 - 01:01:23: [FAdmin] DidVaitel (STEAM_0:1:74202541) Attempted to pick up a weaponchecker
L 04/28/2020 - 01:09:40: [FAdmin] Server succesfully shut down.
L 04/28/2020 - 01:09:40: [FAdmin] prop_physics(models/maxofs2d/companion_doll.mdl) Got removed
L 04/28/2020 - 01:09:40: [FAdmin] prop_physics(models/props_c17/furnituretable003a.mdl) Got removed
L 04/28/2020 - 01:09:40: [FAdmin] prop_physics(models/props_c17/furniturecouch002a.mdl) Got removed
L 04/28/2020 - 01:09:40: [FAdmin] prop_physics(models/props_c17/furniturecouch001a.mdl) Got removed
L 04/28/2020 - 01:09:40: "DidVaitel<2><STEAM_0:1:74202541><>" disconnected (reason "Server shutting down")
L 04/28/2020 - 01:09:40: server_message: "quit"
L 04/28/2020 - 01:09:41: Log file closed.
