L 05/02/2020 - 01:03:06: Log file started (file "logs\L0502002.log") (game "D:\sup\steamapps\common\GarrysModDS\garrysmod") (version "7794")
L 05/02/2020 - 01:03:06: server_cvar: "sv_alltalk" "3"
L 05/02/2020 - 01:03:06: server_cvar: "sv_allowcslua" "1"
L 05/02/2020 - 01:03:06: server_cvar: "sv_airaccelerate" "1000"
L 05/02/2020 - 01:03:06: server_cvar: "sv_alltalk" "0"
L 05/02/2020 - 01:03:07: Connection to Steam servers successful.
L 05/02/2020 - 01:03:07:    Public IP is 31.130.42.47.
L 05/02/2020 - 01:03:07: Assigned anonymous gameserver Steam ID [A-1:4018465801(14652)].
L 05/02/2020 - 01:03:07: VAC secure mode is activated.
L 05/02/2020 - 01:03:35: "DidVaitel<2><STEAM_0:1:74202541><>" connected, address "26.162.207.202:27006"
L 05/02/2020 - 01:03:35: "DidVaitel<2><STEAM_0:1:74202541><>" STEAM USERID validated
L 05/02/2020 - 01:03:44: [FAdmin] DidVaitel (STEAM_0:1:74202541) is Authed
L 05/02/2020 - 01:03:44: [FAdmin] DidVaitel (STEAM_0:1:74202541) Spawned for the first time
L 05/02/2020 - 01:03:44: [FAdmin] DidVaitel (STEAM_0:1:74202541) Spawned
L 05/02/2020 - 01:03:44: "DidVaitel<2><STEAM_0:1:74202541><>" entered the game
L 05/02/2020 - 01:03:44: [FAdmin] DidVaitel (STEAM_0:1:74202541) Attempted to pick up a keys
L 05/02/2020 - 01:03:44: [FAdmin] DidVaitel (STEAM_0:1:74202541) Attempted to pick up a weapon_physcannon
L 05/02/2020 - 01:03:44: [FAdmin] DidVaitel (STEAM_0:1:74202541) Attempted to pick up a gmod_camera
L 05/02/2020 - 01:03:44: [FAdmin] DidVaitel (STEAM_0:1:74202541) Attempted to pick up a gmod_tool
L 05/02/2020 - 01:03:44: [FAdmin] DidVaitel (STEAM_0:1:74202541) Attempted to pick up a pocket
L 05/02/2020 - 01:03:44: [FAdmin] DidVaitel (STEAM_0:1:74202541) Attempted to pick up a weapon_physgun
L 05/02/2020 - 01:03:44: [FAdmin] DidVaitel (STEAM_0:1:74202541) Attempted to pick up a weapon_keypadchecker
L 05/02/2020 - 01:03:44: [FAdmin] DidVaitel (STEAM_0:1:74202541) Attempted to pick up a door_ram
L 05/02/2020 - 01:03:44: [FAdmin] DidVaitel (STEAM_0:1:74202541) Attempted to pick up a arrest_stick
L 05/02/2020 - 01:03:44: [FAdmin] DidVaitel (STEAM_0:1:74202541) Attempted to pick up a unarrest_stick
L 05/02/2020 - 01:03:44: [FAdmin] DidVaitel (STEAM_0:1:74202541) Attempted to pick up a stunstick
L 05/02/2020 - 01:03:44: [FAdmin] DidVaitel (STEAM_0:1:74202541) Attempted to pick up a weaponchecker
L 05/02/2020 - 01:05:33: [FAdmin] DidVaitel (STEAM_0:1:74202541) Attempted to switch noclip
L 05/02/2020 - 01:05:36: [FAdmin] DidVaitel (STEAM_0:1:74202541) Attempted to switch noclip
L 05/02/2020 - 01:10:58: "DidVaitel<2><STEAM_0:1:74202541><>" disconnected (reason "Disconnect by user.")
L 05/02/2020 - 01:10:58: [FAdmin] DidVaitel (STEAM_0:1:74202541) Disconnected
L 05/02/2020 - 01:20:26: [FAdmin] Server succesfully shut down.
L 05/02/2020 - 01:20:26: [FAdmin] prop_physics(models/maxofs2d/companion_doll.mdl) Got removed
L 05/02/2020 - 01:20:26: [FAdmin] prop_physics(models/props_c17/furnituretable003a.mdl) Got removed
L 05/02/2020 - 01:20:26: [FAdmin] prop_physics(models/props_c17/furniturecouch002a.mdl) Got removed
L 05/02/2020 - 01:20:26: [FAdmin] prop_physics(models/props_c17/furniturecouch001a.mdl) Got removed
L 05/02/2020 - 01:20:26: server_message: "quit"
L 05/02/2020 - 01:20:26: Log file closed.
