L 05/02/2020 - 02:19:10: Log file started (file "logs\L0502005.log") (game "D:\sup\steamapps\common\GarrysModDS\garrysmod") (version "7794")
L 05/02/2020 - 02:19:10: server_cvar: "sv_alltalk" "3"
L 05/02/2020 - 02:19:10: server_cvar: "sv_allowcslua" "1"
L 05/02/2020 - 02:19:10: server_cvar: "sv_airaccelerate" "1000"
L 05/02/2020 - 02:19:10: server_cvar: "sv_alltalk" "0"
L 05/02/2020 - 02:19:11: Connection to Steam servers successful.
L 05/02/2020 - 02:19:11:    Public IP is 31.130.42.47.
L 05/02/2020 - 02:19:11: Assigned anonymous gameserver Steam ID [A-1:912240649(14653)].
L 05/02/2020 - 02:19:11: VAC secure mode is activated.
L 05/02/2020 - 02:20:10: "DidVaitel<2><STEAM_0:1:74202541><>" connected, address "26.162.207.202:27006"
L 05/02/2020 - 02:20:10: "DidVaitel<2><STEAM_0:1:74202541><>" STEAM USERID validated
L 05/02/2020 - 02:20:19: [FAdmin] DidVaitel (STEAM_0:1:74202541) is Authed
L 05/02/2020 - 02:20:19: [FAdmin] DidVaitel (STEAM_0:1:74202541) Spawned for the first time
L 05/02/2020 - 02:20:19: [FAdmin] DidVaitel (STEAM_0:1:74202541) Spawned
L 05/02/2020 - 02:20:19: "DidVaitel<2><STEAM_0:1:74202541><>" entered the game
L 05/02/2020 - 02:20:19: [FAdmin] DidVaitel (STEAM_0:1:74202541) Attempted to pick up a keys
L 05/02/2020 - 02:20:19: [FAdmin] DidVaitel (STEAM_0:1:74202541) Attempted to pick up a weapon_physcannon
L 05/02/2020 - 02:20:19: [FAdmin] DidVaitel (STEAM_0:1:74202541) Attempted to pick up a gmod_camera
L 05/02/2020 - 02:20:19: [FAdmin] DidVaitel (STEAM_0:1:74202541) Attempted to pick up a gmod_tool
L 05/02/2020 - 02:20:19: [FAdmin] DidVaitel (STEAM_0:1:74202541) Attempted to pick up a pocket
L 05/02/2020 - 02:20:19: [FAdmin] DidVaitel (STEAM_0:1:74202541) Attempted to pick up a weapon_physgun
L 05/02/2020 - 02:20:19: [FAdmin] DidVaitel (STEAM_0:1:74202541) Attempted to pick up a weapon_keypadchecker
L 05/02/2020 - 02:20:19: [FAdmin] DidVaitel (STEAM_0:1:74202541) Attempted to pick up a door_ram
L 05/02/2020 - 02:20:19: [FAdmin] DidVaitel (STEAM_0:1:74202541) Attempted to pick up a arrest_stick
L 05/02/2020 - 02:20:19: [FAdmin] DidVaitel (STEAM_0:1:74202541) Attempted to pick up a unarrest_stick
L 05/02/2020 - 02:20:19: [FAdmin] DidVaitel (STEAM_0:1:74202541) Attempted to pick up a stunstick
L 05/02/2020 - 02:20:19: [FAdmin] DidVaitel (STEAM_0:1:74202541) Attempted to pick up a weaponchecker
L 05/02/2020 - 02:23:17: "DidVaitel<2><STEAM_0:1:74202541><>" disconnected (reason "Disconnect by user.")
L 05/02/2020 - 02:23:17: [FAdmin] DidVaitel (STEAM_0:1:74202541) Disconnected
L 05/02/2020 - 02:23:17: "DidVaitel<3><STEAM_0:1:74202541><>" connected, address "26.162.207.202:27006"
L 05/02/2020 - 02:23:18: "DidVaitel<3><STEAM_0:1:74202541><>" STEAM USERID validated
L 05/02/2020 - 02:23:26: [FAdmin] DidVaitel (STEAM_0:1:74202541) is Authed
L 05/02/2020 - 02:23:26: [FAdmin] DidVaitel (STEAM_0:1:74202541) Spawned for the first time
L 05/02/2020 - 02:23:26: [FAdmin] DidVaitel (STEAM_0:1:74202541) Spawned
L 05/02/2020 - 02:23:26: "DidVaitel<3><STEAM_0:1:74202541><>" entered the game
L 05/02/2020 - 02:23:26: [FAdmin] DidVaitel (STEAM_0:1:74202541) Attempted to pick up a keys
L 05/02/2020 - 02:23:26: [FAdmin] DidVaitel (STEAM_0:1:74202541) Attempted to pick up a weapon_physcannon
L 05/02/2020 - 02:23:26: [FAdmin] DidVaitel (STEAM_0:1:74202541) Attempted to pick up a gmod_camera
L 05/02/2020 - 02:23:26: [FAdmin] DidVaitel (STEAM_0:1:74202541) Attempted to pick up a gmod_tool
L 05/02/2020 - 02:23:26: [FAdmin] DidVaitel (STEAM_0:1:74202541) Attempted to pick up a pocket
L 05/02/2020 - 02:23:26: [FAdmin] DidVaitel (STEAM_0:1:74202541) Attempted to pick up a weapon_physgun
L 05/02/2020 - 02:23:26: [FAdmin] DidVaitel (STEAM_0:1:74202541) Attempted to pick up a weapon_keypadchecker
L 05/02/2020 - 02:23:26: [FAdmin] DidVaitel (STEAM_0:1:74202541) Attempted to pick up a door_ram
L 05/02/2020 - 02:23:26: [FAdmin] DidVaitel (STEAM_0:1:74202541) Attempted to pick up a arrest_stick
L 05/02/2020 - 02:23:26: [FAdmin] DidVaitel (STEAM_0:1:74202541) Attempted to pick up a unarrest_stick
L 05/02/2020 - 02:23:26: [FAdmin] DidVaitel (STEAM_0:1:74202541) Attempted to pick up a stunstick
L 05/02/2020 - 02:23:26: [FAdmin] DidVaitel (STEAM_0:1:74202541) Attempted to pick up a weaponchecker
L 05/02/2020 - 03:57:19: "DidVaitel<3><STEAM_0:1:74202541><>" disconnected (reason "Disconnect by user.")
L 05/02/2020 - 03:57:19: [FAdmin] DidVaitel (STEAM_0:1:74202541) Disconnected
L 05/02/2020 - 03:57:20: "DidVaitel<4><STEAM_0:1:74202541><>" connected, address "26.162.207.202:27006"
L 05/02/2020 - 03:57:20: "DidVaitel<4><STEAM_0:1:74202541><>" STEAM USERID validated
L 05/02/2020 - 03:57:29: [FAdmin] DidVaitel (STEAM_0:1:74202541) is Authed
L 05/02/2020 - 03:57:29: [FAdmin] DidVaitel (STEAM_0:1:74202541) Spawned for the first time
L 05/02/2020 - 03:57:29: [FAdmin] DidVaitel (STEAM_0:1:74202541) Spawned
L 05/02/2020 - 03:57:29: "DidVaitel<4><STEAM_0:1:74202541><>" entered the game
L 05/02/2020 - 03:57:29: [FAdmin] DidVaitel (STEAM_0:1:74202541) Attempted to pick up a keys
L 05/02/2020 - 03:57:29: [FAdmin] DidVaitel (STEAM_0:1:74202541) Attempted to pick up a weapon_physcannon
L 05/02/2020 - 03:57:29: [FAdmin] DidVaitel (STEAM_0:1:74202541) Attempted to pick up a gmod_camera
L 05/02/2020 - 03:57:29: [FAdmin] DidVaitel (STEAM_0:1:74202541) Attempted to pick up a gmod_tool
L 05/02/2020 - 03:57:29: [FAdmin] DidVaitel (STEAM_0:1:74202541) Attempted to pick up a pocket
L 05/02/2020 - 03:57:29: [FAdmin] DidVaitel (STEAM_0:1:74202541) Attempted to pick up a weapon_physgun
L 05/02/2020 - 03:57:29: [FAdmin] DidVaitel (STEAM_0:1:74202541) Attempted to pick up a weapon_keypadchecker
L 05/02/2020 - 03:57:29: [FAdmin] DidVaitel (STEAM_0:1:74202541) Attempted to pick up a door_ram
L 05/02/2020 - 03:57:29: [FAdmin] DidVaitel (STEAM_0:1:74202541) Attempted to pick up a arrest_stick
L 05/02/2020 - 03:57:29: [FAdmin] DidVaitel (STEAM_0:1:74202541) Attempted to pick up a unarrest_stick
L 05/02/2020 - 03:57:29: [FAdmin] DidVaitel (STEAM_0:1:74202541) Attempted to pick up a stunstick
L 05/02/2020 - 03:57:29: [FAdmin] DidVaitel (STEAM_0:1:74202541) Attempted to pick up a weaponchecker
L 05/02/2020 - 03:59:56: "DidVaitel<4><STEAM_0:1:74202541><>" disconnected (reason "Disconnect by user.")
L 05/02/2020 - 03:59:56: [FAdmin] DidVaitel (STEAM_0:1:74202541) Disconnected
L 05/02/2020 - 03:59:57: "DidVaitel<5><STEAM_0:1:74202541><>" connected, address "26.162.207.202:27006"
L 05/02/2020 - 03:59:57: "DidVaitel<5><STEAM_0:1:74202541><>" STEAM USERID validated
L 05/02/2020 - 04:00:06: [FAdmin] DidVaitel (STEAM_0:1:74202541) is Authed
L 05/02/2020 - 04:00:06: [FAdmin] DidVaitel (STEAM_0:1:74202541) Spawned for the first time
L 05/02/2020 - 04:00:06: [FAdmin] DidVaitel (STEAM_0:1:74202541) Spawned
L 05/02/2020 - 04:00:06: "DidVaitel<5><STEAM_0:1:74202541><>" entered the game
L 05/02/2020 - 04:00:06: [FAdmin] DidVaitel (STEAM_0:1:74202541) Attempted to pick up a keys
L 05/02/2020 - 04:00:06: [FAdmin] DidVaitel (STEAM_0:1:74202541) Attempted to pick up a weapon_physcannon
L 05/02/2020 - 04:00:06: [FAdmin] DidVaitel (STEAM_0:1:74202541) Attempted to pick up a gmod_camera
L 05/02/2020 - 04:00:06: [FAdmin] DidVaitel (STEAM_0:1:74202541) Attempted to pick up a gmod_tool
L 05/02/2020 - 04:00:06: [FAdmin] DidVaitel (STEAM_0:1:74202541) Attempted to pick up a pocket
L 05/02/2020 - 04:00:06: [FAdmin] DidVaitel (STEAM_0:1:74202541) Attempted to pick up a weapon_physgun
L 05/02/2020 - 04:00:06: [FAdmin] DidVaitel (STEAM_0:1:74202541) Attempted to pick up a weapon_keypadchecker
L 05/02/2020 - 04:00:06: [FAdmin] DidVaitel (STEAM_0:1:74202541) Attempted to pick up a door_ram
L 05/02/2020 - 04:00:06: [FAdmin] DidVaitel (STEAM_0:1:74202541) Attempted to pick up a arrest_stick
L 05/02/2020 - 04:00:06: [FAdmin] DidVaitel (STEAM_0:1:74202541) Attempted to pick up a unarrest_stick
L 05/02/2020 - 04:00:06: [FAdmin] DidVaitel (STEAM_0:1:74202541) Attempted to pick up a stunstick
L 05/02/2020 - 04:00:06: [FAdmin] DidVaitel (STEAM_0:1:74202541) Attempted to pick up a weaponchecker
L 05/02/2020 - 06:12:25: [FAdmin] Server succesfully shut down.
L 05/02/2020 - 06:12:25: [FAdmin] prop_physics(models/maxofs2d/companion_doll.mdl) Got removed
L 05/02/2020 - 06:12:25: [FAdmin] prop_physics(models/props_c17/furnituretable003a.mdl) Got removed
L 05/02/2020 - 06:12:25: [FAdmin] prop_physics(models/props_c17/furniturecouch002a.mdl) Got removed
L 05/02/2020 - 06:12:25: [FAdmin] prop_physics(models/props_c17/furniturecouch001a.mdl) Got removed
L 05/02/2020 - 06:12:25: "DidVaitel<5><STEAM_0:1:74202541><>" disconnected (reason "Server shutting down")
L 05/02/2020 - 06:12:25: server_message: "quit"
L 05/02/2020 - 06:12:25: Log file closed.
