L 05/04/2020 - 05:22:07: Log file started (file "logs\L0504000.log") (game "D:\sup\steamapps\common\GarrysModDS\garrysmod") (version "7794")
L 05/04/2020 - 05:22:07: server_cvar: "sv_alltalk" "3"
L 05/04/2020 - 05:22:07: server_cvar: "sv_allowcslua" "1"
L 05/04/2020 - 05:22:07: server_cvar: "sv_airaccelerate" "1000"
L 05/04/2020 - 05:22:07: server_cvar: "sv_alltalk" "0"
L 05/04/2020 - 05:22:08: Connection to Steam servers successful.
L 05/04/2020 - 05:22:08:    Public IP is 31.130.42.47.
L 05/04/2020 - 05:22:08: Assigned anonymous gameserver Steam ID [A-1:162340873(14667)].
L 05/04/2020 - 05:22:08: VAC secure mode is activated.
L 05/04/2020 - 05:26:27: "DidVaitel<2><STEAM_0:1:74202541><>" connected, address "26.162.207.202:27006"
L 05/04/2020 - 05:26:27: "DidVaitel<2><STEAM_0:1:74202541><>" STEAM USERID validated
L 05/04/2020 - 05:26:46: [FAdmin] DidVaitel (STEAM_0:1:74202541) is Authed
L 05/04/2020 - 05:26:46: [FAdmin] DidVaitel (STEAM_0:1:74202541) Spawned for the first time
L 05/04/2020 - 05:26:46: [FAdmin] DidVaitel (STEAM_0:1:74202541) Spawned
L 05/04/2020 - 05:26:46: "DidVaitel<2><STEAM_0:1:74202541><>" entered the game
L 05/04/2020 - 05:26:46: [FAdmin] DidVaitel (STEAM_0:1:74202541) Attempted to pick up a keys
L 05/04/2020 - 05:26:46: [FAdmin] DidVaitel (STEAM_0:1:74202541) Attempted to pick up a weapon_physcannon
L 05/04/2020 - 05:26:46: [FAdmin] DidVaitel (STEAM_0:1:74202541) Attempted to pick up a gmod_camera
L 05/04/2020 - 05:26:46: [FAdmin] DidVaitel (STEAM_0:1:74202541) Attempted to pick up a gmod_tool
L 05/04/2020 - 05:26:46: [FAdmin] DidVaitel (STEAM_0:1:74202541) Attempted to pick up a pocket
L 05/04/2020 - 05:26:46: [FAdmin] DidVaitel (STEAM_0:1:74202541) Attempted to pick up a weapon_physgun
L 05/04/2020 - 05:26:46: [FAdmin] DidVaitel (STEAM_0:1:74202541) Attempted to pick up a weapon_keypadchecker
L 05/04/2020 - 05:26:46: [FAdmin] DidVaitel (STEAM_0:1:74202541) Attempted to pick up a door_ram
L 05/04/2020 - 05:26:46: [FAdmin] DidVaitel (STEAM_0:1:74202541) Attempted to pick up a arrest_stick
L 05/04/2020 - 05:26:46: [FAdmin] DidVaitel (STEAM_0:1:74202541) Attempted to pick up a unarrest_stick
L 05/04/2020 - 05:26:46: [FAdmin] DidVaitel (STEAM_0:1:74202541) Attempted to pick up a stunstick
L 05/04/2020 - 05:26:46: [FAdmin] DidVaitel (STEAM_0:1:74202541) Attempted to pick up a weaponchecker
L 05/04/2020 - 05:31:24: Lua Error: 
[ERROR] addons/metal_detector/lua/weapons/gmod_tool/stools/ddv_metal_detector_tool.lua:41: 'then' expected near 'file'
  1. unknown - gamemodes/sandbox/entities/weapons/gmod_tool/stool.lua:139
   2. include - [C]:-1
    3. unknown - gamemodes/sandbox/entities/weapons/gmod_tool/shared.lua:334
     4. include - [C]:-1
      5. unknown - gamemodes/sandbox/entities/weapons/gmod_tool/init.lua:10


L 05/04/2020 - 05:33:11: Lua Error: 
[ERROR] addons/metal_detector/lua/entities/ddv_metal_detector/init.lua:23: unexpected symbol near ','


L 05/04/2020 - 05:33:11: Lua Error: Refusing to load ddv_metal_detector because it is missing Type and Base keys!

L 05/04/2020 - 05:37:11: [FAdmin] DidVaitel (STEAM_0:1:74202541) Spawned a ddv_metal_detector
L 05/04/2020 - 05:37:11: [ULX] DidVaitel<STEAM_0:1:74202541> spawned sent ddv_metal_detector
L 05/04/2020 - 05:37:37: [FAdmin] DidVaitel (STEAM_0:1:74202541) Spawned a ddv_metal_detector
L 05/04/2020 - 05:37:37: [ULX] DidVaitel<STEAM_0:1:74202541> spawned sent ddv_metal_detector
L 05/04/2020 - 05:38:27: [FAdmin] DidVaitel (STEAM_0:1:74202541) Spawned a ddv_metal_detector
L 05/04/2020 - 05:38:27: [ULX] DidVaitel<STEAM_0:1:74202541> spawned sent ddv_metal_detector
L 05/04/2020 - 05:38:34: [FAdmin] DidVaitel (STEAM_0:1:74202541) Spawned a ddv_metal_detector
L 05/04/2020 - 05:38:34: [ULX] DidVaitel<STEAM_0:1:74202541> spawned sent ddv_metal_detector
L 05/04/2020 - 05:38:48: [FAdmin] DidVaitel (STEAM_0:1:74202541) Spawned a ddv_metal_detector
L 05/04/2020 - 05:38:48: [ULX] DidVaitel<STEAM_0:1:74202541> spawned sent ddv_metal_detector
L 05/04/2020 - 05:39:10: [FAdmin] DidVaitel (STEAM_0:1:74202541) Spawned a ddv_metal_detector
L 05/04/2020 - 05:39:10: [ULX] DidVaitel<STEAM_0:1:74202541> spawned sent ddv_metal_detector
L 05/04/2020 - 05:39:16: [FAdmin] DidVaitel (STEAM_0:1:74202541) Spawned a ddv_metal_detector
L 05/04/2020 - 05:39:16: [ULX] DidVaitel<STEAM_0:1:74202541> spawned sent ddv_metal_detector
L 05/04/2020 - 05:39:29: [FAdmin] DidVaitel (STEAM_0:1:74202541) Spawned a ddv_metal_detector
L 05/04/2020 - 05:39:29: [ULX] DidVaitel<STEAM_0:1:74202541> spawned sent ddv_metal_detector
L 05/04/2020 - 05:41:18: "DidVaitel<2><STEAM_0:1:74202541><>" disconnected (reason "Disconnect by user.")
L 05/04/2020 - 05:41:18: [FAdmin] DidVaitel (STEAM_0:1:74202541) Disconnected
L 05/04/2020 - 05:41:19: "DidVaitel<3><STEAM_0:1:74202541><>" connected, address "26.162.207.202:27006"
L 05/04/2020 - 05:41:19: "DidVaitel<3><STEAM_0:1:74202541><>" STEAM USERID validated
L 05/04/2020 - 05:41:27: [FAdmin] DidVaitel (STEAM_0:1:74202541) is Authed
L 05/04/2020 - 05:41:27: [FAdmin] DidVaitel (STEAM_0:1:74202541) Spawned for the first time
L 05/04/2020 - 05:41:27: [FAdmin] DidVaitel (STEAM_0:1:74202541) Spawned
L 05/04/2020 - 05:41:27: "DidVaitel<3><STEAM_0:1:74202541><>" entered the game
L 05/04/2020 - 05:41:27: [FAdmin] DidVaitel (STEAM_0:1:74202541) Attempted to pick up a keys
L 05/04/2020 - 05:41:27: [FAdmin] DidVaitel (STEAM_0:1:74202541) Attempted to pick up a weapon_physcannon
L 05/04/2020 - 05:41:27: [FAdmin] DidVaitel (STEAM_0:1:74202541) Attempted to pick up a gmod_camera
L 05/04/2020 - 05:41:27: [FAdmin] DidVaitel (STEAM_0:1:74202541) Attempted to pick up a gmod_tool
L 05/04/2020 - 05:41:27: [FAdmin] DidVaitel (STEAM_0:1:74202541) Attempted to pick up a pocket
L 05/04/2020 - 05:41:27: [FAdmin] DidVaitel (STEAM_0:1:74202541) Attempted to pick up a weapon_physgun
L 05/04/2020 - 05:41:27: [FAdmin] DidVaitel (STEAM_0:1:74202541) Attempted to pick up a weapon_keypadchecker
L 05/04/2020 - 05:41:27: [FAdmin] DidVaitel (STEAM_0:1:74202541) Attempted to pick up a door_ram
L 05/04/2020 - 05:41:27: [FAdmin] DidVaitel (STEAM_0:1:74202541) Attempted to pick up a arrest_stick
L 05/04/2020 - 05:41:27: [FAdmin] DidVaitel (STEAM_0:1:74202541) Attempted to pick up a unarrest_stick
L 05/04/2020 - 05:41:27: [FAdmin] DidVaitel (STEAM_0:1:74202541) Attempted to pick up a stunstick
L 05/04/2020 - 05:41:27: [FAdmin] DidVaitel (STEAM_0:1:74202541) Attempted to pick up a weaponchecker
L 05/04/2020 - 05:42:06: [FAdmin] DidVaitel (STEAM_0:1:74202541) Spawned a ddv_metal_detector
L 05/04/2020 - 05:42:06: [ULX] DidVaitel<STEAM_0:1:74202541> spawned sent ddv_metal_detector
L 05/04/2020 - 05:42:27: [FAdmin] DidVaitel (STEAM_0:1:74202541) Spawned a ddv_metal_detector
L 05/04/2020 - 05:42:27: [ULX] DidVaitel<STEAM_0:1:74202541> spawned sent ddv_metal_detector
L 05/04/2020 - 05:43:29: [FAdmin] DidVaitel (STEAM_0:1:74202541) Spawned a ddv_metal_detector
L 05/04/2020 - 05:43:29: [ULX] DidVaitel<STEAM_0:1:74202541> spawned sent ddv_metal_detector
L 05/04/2020 - 06:00:00: [FAdmin] Server succesfully shut down.
L 05/04/2020 - 06:00:00: [FAdmin] prop_physics(models/maxofs2d/companion_doll.mdl) Got removed
L 05/04/2020 - 06:00:00: [FAdmin] prop_physics(models/props_c17/furnituretable003a.mdl) Got removed
L 05/04/2020 - 06:00:00: [FAdmin] prop_physics(models/props_c17/furniturecouch002a.mdl) Got removed
L 05/04/2020 - 06:00:00: [FAdmin] prop_physics(models/props_c17/furniturecouch001a.mdl) Got removed
L 05/04/2020 - 06:00:00: "DidVaitel<3><STEAM_0:1:74202541><>" disconnected (reason "Server shutting down")
L 05/04/2020 - 06:00:00: server_message: "quit"
L 05/04/2020 - 06:00:00: Log file closed.
