L 05/02/2020 - 01:38:19: Log file started (file "logs\L0502004.log") (game "D:\sup\steamapps\common\GarrysModDS\garrysmod") (version "7794")
L 05/02/2020 - 01:38:19: server_cvar: "sv_alltalk" "3"
L 05/02/2020 - 01:38:19: server_cvar: "sv_allowcslua" "1"
L 05/02/2020 - 01:38:19: server_cvar: "sv_airaccelerate" "1000"
L 05/02/2020 - 01:38:19: server_cvar: "sv_alltalk" "0"
L 05/02/2020 - 01:38:20: Connection to Steam servers successful.
L 05/02/2020 - 01:38:20:    Public IP is 31.130.42.47.
L 05/02/2020 - 01:38:20: Assigned anonymous gameserver Steam ID [A-1:114307081(14653)].
L 05/02/2020 - 01:38:20: VAC secure mode is activated.
L 05/02/2020 - 01:39:23: "DidVaitel<2><STEAM_0:1:74202541><>" connected, address "26.162.207.202:27006"
L 05/02/2020 - 01:39:24: "DidVaitel<2><STEAM_0:1:74202541><>" STEAM USERID validated
L 05/02/2020 - 01:39:33: [FAdmin] DidVaitel (STEAM_0:1:74202541) is Authed
L 05/02/2020 - 01:39:33: [FAdmin] DidVaitel (STEAM_0:1:74202541) Spawned for the first time
L 05/02/2020 - 01:39:33: [FAdmin] DidVaitel (STEAM_0:1:74202541) Spawned
L 05/02/2020 - 01:39:33: "DidVaitel<2><STEAM_0:1:74202541><>" entered the game
L 05/02/2020 - 01:39:33: [FAdmin] DidVaitel (STEAM_0:1:74202541) Attempted to pick up a keys
L 05/02/2020 - 01:39:33: [FAdmin] DidVaitel (STEAM_0:1:74202541) Attempted to pick up a weapon_physcannon
L 05/02/2020 - 01:39:33: [FAdmin] DidVaitel (STEAM_0:1:74202541) Attempted to pick up a gmod_camera
L 05/02/2020 - 01:39:33: [FAdmin] DidVaitel (STEAM_0:1:74202541) Attempted to pick up a gmod_tool
L 05/02/2020 - 01:39:33: [FAdmin] DidVaitel (STEAM_0:1:74202541) Attempted to pick up a pocket
L 05/02/2020 - 01:39:33: [FAdmin] DidVaitel (STEAM_0:1:74202541) Attempted to pick up a weapon_physgun
L 05/02/2020 - 01:39:33: [FAdmin] DidVaitel (STEAM_0:1:74202541) Attempted to pick up a weapon_keypadchecker
L 05/02/2020 - 01:39:33: [FAdmin] DidVaitel (STEAM_0:1:74202541) Attempted to pick up a door_ram
L 05/02/2020 - 01:39:33: [FAdmin] DidVaitel (STEAM_0:1:74202541) Attempted to pick up a arrest_stick
L 05/02/2020 - 01:39:33: [FAdmin] DidVaitel (STEAM_0:1:74202541) Attempted to pick up a unarrest_stick
L 05/02/2020 - 01:39:33: [FAdmin] DidVaitel (STEAM_0:1:74202541) Attempted to pick up a stunstick
L 05/02/2020 - 01:39:33: [FAdmin] DidVaitel (STEAM_0:1:74202541) Attempted to pick up a weaponchecker
L 05/02/2020 - 01:42:23: Lua Error: 
[ERROR] addons/talking_npcs/lua/talking_npc_base/themes/sh_default_theme.lua:16: '(' expected near '['


L 05/02/2020 - 01:43:40: Lua Error: 
[ERROR] addons/talking_npcs/lua/talking_npc_base/themes/sh_default_theme.lua:16: '(' expected near '['


L 05/02/2020 - 02:00:11: Lua Error: 
[ERROR] addons/talking_npcs/lua/talking_npc_base/themes/sh_default_theme.lua:28: unexpected symbol near '\'


L 05/02/2020 - 02:00:39: "DidVaitel<2><STEAM_0:1:74202541><>" disconnected (reason "Disconnect by user.")
L 05/02/2020 - 02:00:39: [FAdmin] DidVaitel (STEAM_0:1:74202541) Disconnected
L 05/02/2020 - 02:00:40: "DidVaitel<3><STEAM_0:1:74202541><>" connected, address "26.162.207.202:27006"
L 05/02/2020 - 02:00:40: "DidVaitel<3><STEAM_0:1:74202541><>" STEAM USERID validated
L 05/02/2020 - 02:00:49: [FAdmin] DidVaitel (STEAM_0:1:74202541) is Authed
L 05/02/2020 - 02:00:49: [FAdmin] DidVaitel (STEAM_0:1:74202541) Spawned for the first time
L 05/02/2020 - 02:00:49: [FAdmin] DidVaitel (STEAM_0:1:74202541) Spawned
L 05/02/2020 - 02:00:49: "DidVaitel<3><STEAM_0:1:74202541><>" entered the game
L 05/02/2020 - 02:00:49: [FAdmin] DidVaitel (STEAM_0:1:74202541) Attempted to pick up a keys
L 05/02/2020 - 02:00:49: [FAdmin] DidVaitel (STEAM_0:1:74202541) Attempted to pick up a weapon_physcannon
L 05/02/2020 - 02:00:49: [FAdmin] DidVaitel (STEAM_0:1:74202541) Attempted to pick up a gmod_camera
L 05/02/2020 - 02:00:49: [FAdmin] DidVaitel (STEAM_0:1:74202541) Attempted to pick up a gmod_tool
L 05/02/2020 - 02:00:49: [FAdmin] DidVaitel (STEAM_0:1:74202541) Attempted to pick up a pocket
L 05/02/2020 - 02:00:49: [FAdmin] DidVaitel (STEAM_0:1:74202541) Attempted to pick up a weapon_physgun
L 05/02/2020 - 02:00:49: [FAdmin] DidVaitel (STEAM_0:1:74202541) Attempted to pick up a weapon_keypadchecker
L 05/02/2020 - 02:00:49: [FAdmin] DidVaitel (STEAM_0:1:74202541) Attempted to pick up a door_ram
L 05/02/2020 - 02:00:49: [FAdmin] DidVaitel (STEAM_0:1:74202541) Attempted to pick up a arrest_stick
L 05/02/2020 - 02:00:49: [FAdmin] DidVaitel (STEAM_0:1:74202541) Attempted to pick up a unarrest_stick
L 05/02/2020 - 02:00:49: [FAdmin] DidVaitel (STEAM_0:1:74202541) Attempted to pick up a stunstick
L 05/02/2020 - 02:00:49: [FAdmin] DidVaitel (STEAM_0:1:74202541) Attempted to pick up a weaponchecker
L 05/02/2020 - 02:03:42: "DidVaitel<3><STEAM_0:1:74202541><>" disconnected (reason "Disconnect by user.")
L 05/02/2020 - 02:03:42: [FAdmin] DidVaitel (STEAM_0:1:74202541) Disconnected
L 05/02/2020 - 02:03:42: "DidVaitel<4><STEAM_0:1:74202541><>" connected, address "26.162.207.202:27006"
L 05/02/2020 - 02:03:43: "DidVaitel<4><STEAM_0:1:74202541><>" STEAM USERID validated
L 05/02/2020 - 02:03:51: [FAdmin] DidVaitel (STEAM_0:1:74202541) is Authed
L 05/02/2020 - 02:03:51: [FAdmin] DidVaitel (STEAM_0:1:74202541) Spawned for the first time
L 05/02/2020 - 02:03:51: [FAdmin] DidVaitel (STEAM_0:1:74202541) Spawned
L 05/02/2020 - 02:03:51: "DidVaitel<4><STEAM_0:1:74202541><>" entered the game
L 05/02/2020 - 02:03:51: [FAdmin] DidVaitel (STEAM_0:1:74202541) Attempted to pick up a keys
L 05/02/2020 - 02:03:51: [FAdmin] DidVaitel (STEAM_0:1:74202541) Attempted to pick up a weapon_physcannon
L 05/02/2020 - 02:03:51: [FAdmin] DidVaitel (STEAM_0:1:74202541) Attempted to pick up a gmod_camera
L 05/02/2020 - 02:03:51: [FAdmin] DidVaitel (STEAM_0:1:74202541) Attempted to pick up a gmod_tool
L 05/02/2020 - 02:03:51: [FAdmin] DidVaitel (STEAM_0:1:74202541) Attempted to pick up a pocket
L 05/02/2020 - 02:03:51: [FAdmin] DidVaitel (STEAM_0:1:74202541) Attempted to pick up a weapon_physgun
L 05/02/2020 - 02:03:51: [FAdmin] DidVaitel (STEAM_0:1:74202541) Attempted to pick up a weapon_keypadchecker
L 05/02/2020 - 02:03:51: [FAdmin] DidVaitel (STEAM_0:1:74202541) Attempted to pick up a door_ram
L 05/02/2020 - 02:03:51: [FAdmin] DidVaitel (STEAM_0:1:74202541) Attempted to pick up a arrest_stick
L 05/02/2020 - 02:03:51: [FAdmin] DidVaitel (STEAM_0:1:74202541) Attempted to pick up a unarrest_stick
L 05/02/2020 - 02:03:51: [FAdmin] DidVaitel (STEAM_0:1:74202541) Attempted to pick up a stunstick
L 05/02/2020 - 02:03:51: [FAdmin] DidVaitel (STEAM_0:1:74202541) Attempted to pick up a weaponchecker
L 05/02/2020 - 02:05:01: "DidVaitel<4><STEAM_0:1:74202541><>" disconnected (reason "Disconnect by user.")
L 05/02/2020 - 02:05:01: [FAdmin] DidVaitel (STEAM_0:1:74202541) Disconnected
L 05/02/2020 - 02:05:01: "DidVaitel<5><STEAM_0:1:74202541><>" connected, address "26.162.207.202:27006"
L 05/02/2020 - 02:05:02: "DidVaitel<5><STEAM_0:1:74202541><>" STEAM USERID validated
L 05/02/2020 - 02:05:10: [FAdmin] DidVaitel (STEAM_0:1:74202541) is Authed
L 05/02/2020 - 02:05:10: [FAdmin] DidVaitel (STEAM_0:1:74202541) Spawned for the first time
L 05/02/2020 - 02:05:10: [FAdmin] DidVaitel (STEAM_0:1:74202541) Spawned
L 05/02/2020 - 02:05:10: "DidVaitel<5><STEAM_0:1:74202541><>" entered the game
L 05/02/2020 - 02:05:10: [FAdmin] DidVaitel (STEAM_0:1:74202541) Attempted to pick up a keys
L 05/02/2020 - 02:05:10: [FAdmin] DidVaitel (STEAM_0:1:74202541) Attempted to pick up a weapon_physcannon
L 05/02/2020 - 02:05:10: [FAdmin] DidVaitel (STEAM_0:1:74202541) Attempted to pick up a gmod_camera
L 05/02/2020 - 02:05:10: [FAdmin] DidVaitel (STEAM_0:1:74202541) Attempted to pick up a gmod_tool
L 05/02/2020 - 02:05:10: [FAdmin] DidVaitel (STEAM_0:1:74202541) Attempted to pick up a pocket
L 05/02/2020 - 02:05:10: [FAdmin] DidVaitel (STEAM_0:1:74202541) Attempted to pick up a weapon_physgun
L 05/02/2020 - 02:05:10: [FAdmin] DidVaitel (STEAM_0:1:74202541) Attempted to pick up a weapon_keypadchecker
L 05/02/2020 - 02:05:10: [FAdmin] DidVaitel (STEAM_0:1:74202541) Attempted to pick up a door_ram
L 05/02/2020 - 02:05:10: [FAdmin] DidVaitel (STEAM_0:1:74202541) Attempted to pick up a arrest_stick
L 05/02/2020 - 02:05:10: [FAdmin] DidVaitel (STEAM_0:1:74202541) Attempted to pick up a unarrest_stick
L 05/02/2020 - 02:05:10: [FAdmin] DidVaitel (STEAM_0:1:74202541) Attempted to pick up a stunstick
L 05/02/2020 - 02:05:10: [FAdmin] DidVaitel (STEAM_0:1:74202541) Attempted to pick up a weaponchecker
L 05/02/2020 - 02:05:57: "DidVaitel<5><STEAM_0:1:74202541><>" disconnected (reason "Disconnect by user.")
L 05/02/2020 - 02:05:57: [FAdmin] DidVaitel (STEAM_0:1:74202541) Disconnected
L 05/02/2020 - 02:05:58: "DidVaitel<6><STEAM_0:1:74202541><>" connected, address "26.162.207.202:27006"
L 05/02/2020 - 02:05:58: "DidVaitel<6><STEAM_0:1:74202541><>" STEAM USERID validated
L 05/02/2020 - 02:06:07: [FAdmin] DidVaitel (STEAM_0:1:74202541) is Authed
L 05/02/2020 - 02:06:07: [FAdmin] DidVaitel (STEAM_0:1:74202541) Spawned for the first time
L 05/02/2020 - 02:06:07: [FAdmin] DidVaitel (STEAM_0:1:74202541) Spawned
L 05/02/2020 - 02:06:07: "DidVaitel<6><STEAM_0:1:74202541><>" entered the game
L 05/02/2020 - 02:06:07: [FAdmin] DidVaitel (STEAM_0:1:74202541) Attempted to pick up a keys
L 05/02/2020 - 02:06:07: [FAdmin] DidVaitel (STEAM_0:1:74202541) Attempted to pick up a weapon_physcannon
L 05/02/2020 - 02:06:07: [FAdmin] DidVaitel (STEAM_0:1:74202541) Attempted to pick up a gmod_camera
L 05/02/2020 - 02:06:07: [FAdmin] DidVaitel (STEAM_0:1:74202541) Attempted to pick up a gmod_tool
L 05/02/2020 - 02:06:07: [FAdmin] DidVaitel (STEAM_0:1:74202541) Attempted to pick up a pocket
L 05/02/2020 - 02:06:07: [FAdmin] DidVaitel (STEAM_0:1:74202541) Attempted to pick up a weapon_physgun
L 05/02/2020 - 02:06:07: [FAdmin] DidVaitel (STEAM_0:1:74202541) Attempted to pick up a weapon_keypadchecker
L 05/02/2020 - 02:06:07: [FAdmin] DidVaitel (STEAM_0:1:74202541) Attempted to pick up a door_ram
L 05/02/2020 - 02:06:07: [FAdmin] DidVaitel (STEAM_0:1:74202541) Attempted to pick up a arrest_stick
L 05/02/2020 - 02:06:07: [FAdmin] DidVaitel (STEAM_0:1:74202541) Attempted to pick up a unarrest_stick
L 05/02/2020 - 02:06:07: [FAdmin] DidVaitel (STEAM_0:1:74202541) Attempted to pick up a stunstick
L 05/02/2020 - 02:06:07: [FAdmin] DidVaitel (STEAM_0:1:74202541) Attempted to pick up a weaponchecker
L 05/02/2020 - 02:19:03: [FAdmin] Server succesfully shut down.
L 05/02/2020 - 02:19:03: [FAdmin] prop_physics(models/maxofs2d/companion_doll.mdl) Got removed
L 05/02/2020 - 02:19:03: [FAdmin] prop_physics(models/props_c17/furnituretable003a.mdl) Got removed
L 05/02/2020 - 02:19:03: [FAdmin] prop_physics(models/props_c17/furniturecouch002a.mdl) Got removed
L 05/02/2020 - 02:19:03: [FAdmin] prop_physics(models/props_c17/furniturecouch001a.mdl) Got removed
L 05/02/2020 - 02:19:03: "DidVaitel<6><STEAM_0:1:74202541><>" disconnected (reason "Server shutting down")
L 05/02/2020 - 02:19:03: server_message: "quit"
L 05/02/2020 - 02:19:03: Log file closed.
