L 05/02/2020 - 06:12:32: Log file started (file "logs\L0502006.log") (game "D:\sup\steamapps\common\GarrysModDS\garrysmod") (version "7794")
L 05/02/2020 - 06:12:32: server_cvar: "sv_alltalk" "3"
L 05/02/2020 - 06:12:32: server_cvar: "sv_allowcslua" "1"
L 05/02/2020 - 06:12:32: server_cvar: "sv_airaccelerate" "1000"
L 05/02/2020 - 06:12:32: server_cvar: "sv_alltalk" "0"
L 05/02/2020 - 06:12:33: Connection to Steam servers successful.
L 05/02/2020 - 06:12:33:    Public IP is 31.130.42.47.
L 05/02/2020 - 06:12:33: Assigned anonymous gameserver Steam ID [A-1:3301472257(14653)].
L 05/02/2020 - 06:12:33: VAC secure mode is activated.
L 05/02/2020 - 06:13:41: "DidVaitel<2><STEAM_0:1:74202541><>" connected, address "26.162.207.202:27006"
L 05/02/2020 - 06:13:41: "DidVaitel<2><STEAM_0:1:74202541><>" STEAM USERID validated
L 05/02/2020 - 06:13:50: [FAdmin] DidVaitel (STEAM_0:1:74202541) is Authed
L 05/02/2020 - 06:13:50: [FAdmin] DidVaitel (STEAM_0:1:74202541) Spawned for the first time
L 05/02/2020 - 06:13:50: [FAdmin] DidVaitel (STEAM_0:1:74202541) Spawned
L 05/02/2020 - 06:13:50: "DidVaitel<2><STEAM_0:1:74202541><>" entered the game
L 05/02/2020 - 06:13:50: [FAdmin] DidVaitel (STEAM_0:1:74202541) Attempted to pick up a keys
L 05/02/2020 - 06:13:50: [FAdmin] DidVaitel (STEAM_0:1:74202541) Attempted to pick up a weapon_physcannon
L 05/02/2020 - 06:13:50: [FAdmin] DidVaitel (STEAM_0:1:74202541) Attempted to pick up a gmod_camera
L 05/02/2020 - 06:13:50: [FAdmin] DidVaitel (STEAM_0:1:74202541) Attempted to pick up a gmod_tool
L 05/02/2020 - 06:13:50: [FAdmin] DidVaitel (STEAM_0:1:74202541) Attempted to pick up a pocket
L 05/02/2020 - 06:13:50: [FAdmin] DidVaitel (STEAM_0:1:74202541) Attempted to pick up a weapon_physgun
L 05/02/2020 - 06:13:50: [FAdmin] DidVaitel (STEAM_0:1:74202541) Attempted to pick up a weapon_keypadchecker
L 05/02/2020 - 06:13:50: [FAdmin] DidVaitel (STEAM_0:1:74202541) Attempted to pick up a door_ram
L 05/02/2020 - 06:13:50: [FAdmin] DidVaitel (STEAM_0:1:74202541) Attempted to pick up a arrest_stick
L 05/02/2020 - 06:13:50: [FAdmin] DidVaitel (STEAM_0:1:74202541) Attempted to pick up a unarrest_stick
L 05/02/2020 - 06:13:50: [FAdmin] DidVaitel (STEAM_0:1:74202541) Attempted to pick up a stunstick
L 05/02/2020 - 06:13:50: [FAdmin] DidVaitel (STEAM_0:1:74202541) Attempted to pick up a weaponchecker
L 05/02/2020 - 06:18:22: [FAdmin] Server succesfully shut down.
L 05/02/2020 - 06:18:22: [FAdmin] prop_physics(models/maxofs2d/companion_doll.mdl) Got removed
L 05/02/2020 - 06:18:22: [FAdmin] prop_physics(models/props_c17/furnituretable003a.mdl) Got removed
L 05/02/2020 - 06:18:22: [FAdmin] prop_physics(models/props_c17/furniturecouch002a.mdl) Got removed
L 05/02/2020 - 06:18:22: [FAdmin] prop_physics(models/props_c17/furniturecouch001a.mdl) Got removed
L 05/02/2020 - 06:18:22: "DidVaitel<2><STEAM_0:1:74202541><>" disconnected (reason "Server shutting down")
L 05/02/2020 - 06:18:22: server_message: "quit"
L 05/02/2020 - 06:18:22: Log file closed.
