L 05/06/2020 - 16:38:53: Log file started (file "logs\L0506004.log") (game "D:\sup\steamapps\common\GarrysModDS\garrysmod") (version "7794")
L 05/06/2020 - 16:38:53: server_cvar: "sv_alltalk" "3"
L 05/06/2020 - 16:38:53: server_cvar: "sbox_noclip" "0"
L 05/06/2020 - 16:38:53: server_cvar: "sv_allowcslua" "1"
L 05/06/2020 - 16:38:53: server_cvar: "sv_airaccelerate" "1000"
L 05/06/2020 - 16:38:53: server_cvar: "sv_alltalk" "0"
L 05/06/2020 - 16:38:54: Connection to Steam servers successful.
L 05/06/2020 - 16:38:54:    Public IP is 31.130.42.47.
L 05/06/2020 - 16:38:54: Assigned anonymous gameserver Steam ID [A-1:3997051909(14682)].
L 05/06/2020 - 16:38:54: VAC secure mode is activated.
L 05/06/2020 - 16:40:50: "DidVaitel<2><STEAM_0:1:74202541><>" connected, address "26.162.207.202:27006"
L 05/06/2020 - 16:40:50: "DidVaitel<2><STEAM_0:1:74202541><>" STEAM USERID validated
L 05/06/2020 - 16:40:59: [FAdmin] DidVaitel (STEAM_0:1:74202541) is Authed
L 05/06/2020 - 16:40:59: [FAdmin] DidVaitel (STEAM_0:1:74202541) Spawned for the first time
L 05/06/2020 - 16:40:59: [FAdmin] DidVaitel (STEAM_0:1:74202541) Spawned
L 05/06/2020 - 16:40:59: "DidVaitel<2><STEAM_0:1:74202541><>" entered the game
L 05/06/2020 - 16:40:59: [FAdmin] DidVaitel (STEAM_0:1:74202541) Attempted to pick up a keys
L 05/06/2020 - 16:40:59: [FAdmin] DidVaitel (STEAM_0:1:74202541) Attempted to pick up a weapon_physcannon
L 05/06/2020 - 16:40:59: [FAdmin] DidVaitel (STEAM_0:1:74202541) Attempted to pick up a gmod_camera
L 05/06/2020 - 16:40:59: [FAdmin] DidVaitel (STEAM_0:1:74202541) Attempted to pick up a gmod_tool
L 05/06/2020 - 16:40:59: [FAdmin] DidVaitel (STEAM_0:1:74202541) Attempted to pick up a pocket
L 05/06/2020 - 16:40:59: [FAdmin] DidVaitel (STEAM_0:1:74202541) Attempted to pick up a weapon_physgun
L 05/06/2020 - 16:40:59: [FAdmin] DidVaitel (STEAM_0:1:74202541) Attempted to pick up a weapon_keypadchecker
L 05/06/2020 - 16:40:59: [FAdmin] DidVaitel (STEAM_0:1:74202541) Attempted to pick up a door_ram
L 05/06/2020 - 16:40:59: [FAdmin] DidVaitel (STEAM_0:1:74202541) Attempted to pick up a arrest_stick
L 05/06/2020 - 16:40:59: [FAdmin] DidVaitel (STEAM_0:1:74202541) Attempted to pick up a unarrest_stick
L 05/06/2020 - 16:40:59: [FAdmin] DidVaitel (STEAM_0:1:74202541) Attempted to pick up a stunstick
L 05/06/2020 - 16:40:59: [FAdmin] DidVaitel (STEAM_0:1:74202541) Attempted to pick up a weaponchecker
L 05/06/2020 - 16:41:19: [FAdmin] DidVaitel (STEAM_0:1:74202541) Attempted to switch noclip
L 05/06/2020 - 16:41:39: "DidVaitel<2><STEAM_0:1:74202541><>" disconnected (reason "Disconnect by user.")
L 05/06/2020 - 16:41:39: [FAdmin] DidVaitel (STEAM_0:1:74202541) Disconnected
L 05/06/2020 - 16:41:39: "DidVaitel<3><STEAM_0:1:74202541><>" connected, address "26.162.207.202:27006"
L 05/06/2020 - 16:41:40: "DidVaitel<3><STEAM_0:1:74202541><>" STEAM USERID validated
L 05/06/2020 - 16:41:48: [FAdmin] DidVaitel (STEAM_0:1:74202541) is Authed
L 05/06/2020 - 16:41:48: [FAdmin] DidVaitel (STEAM_0:1:74202541) Spawned for the first time
L 05/06/2020 - 16:41:48: [FAdmin] DidVaitel (STEAM_0:1:74202541) Spawned
L 05/06/2020 - 16:41:48: "DidVaitel<3><STEAM_0:1:74202541><>" entered the game
L 05/06/2020 - 16:41:48: [FAdmin] DidVaitel (STEAM_0:1:74202541) Attempted to pick up a keys
L 05/06/2020 - 16:41:48: [FAdmin] DidVaitel (STEAM_0:1:74202541) Attempted to pick up a weapon_physcannon
L 05/06/2020 - 16:41:48: [FAdmin] DidVaitel (STEAM_0:1:74202541) Attempted to pick up a gmod_camera
L 05/06/2020 - 16:41:48: [FAdmin] DidVaitel (STEAM_0:1:74202541) Attempted to pick up a gmod_tool
L 05/06/2020 - 16:41:48: [FAdmin] DidVaitel (STEAM_0:1:74202541) Attempted to pick up a pocket
L 05/06/2020 - 16:41:48: [FAdmin] DidVaitel (STEAM_0:1:74202541) Attempted to pick up a weapon_physgun
L 05/06/2020 - 16:41:48: [FAdmin] DidVaitel (STEAM_0:1:74202541) Attempted to pick up a weapon_keypadchecker
L 05/06/2020 - 16:41:48: [FAdmin] DidVaitel (STEAM_0:1:74202541) Attempted to pick up a door_ram
L 05/06/2020 - 16:41:48: [FAdmin] DidVaitel (STEAM_0:1:74202541) Attempted to pick up a arrest_stick
L 05/06/2020 - 16:41:48: [FAdmin] DidVaitel (STEAM_0:1:74202541) Attempted to pick up a unarrest_stick
L 05/06/2020 - 16:41:48: [FAdmin] DidVaitel (STEAM_0:1:74202541) Attempted to pick up a stunstick
L 05/06/2020 - 16:41:48: [FAdmin] DidVaitel (STEAM_0:1:74202541) Attempted to pick up a weaponchecker
L 05/06/2020 - 16:41:55: [FAdmin] DidVaitel (STEAM_0:1:74202541) Attempted to switch noclip
L 05/06/2020 - 16:42:01: [FAdmin] DidVaitel (STEAM_0:1:74202541) Got killed by DidVaitel with a player
L 05/06/2020 - 16:42:02: [FAdmin] DidVaitel (STEAM_0:1:74202541) Spawned
L 05/06/2020 - 16:42:02: [FAdmin] DidVaitel (STEAM_0:1:74202541) Attempted to pick up a keys
L 05/06/2020 - 16:42:02: [FAdmin] DidVaitel (STEAM_0:1:74202541) Attempted to pick up a weapon_physcannon
L 05/06/2020 - 16:42:02: [FAdmin] DidVaitel (STEAM_0:1:74202541) Attempted to pick up a gmod_camera
L 05/06/2020 - 16:42:02: [FAdmin] DidVaitel (STEAM_0:1:74202541) Attempted to pick up a gmod_tool
L 05/06/2020 - 16:42:02: [FAdmin] DidVaitel (STEAM_0:1:74202541) Attempted to pick up a pocket
L 05/06/2020 - 16:42:02: [FAdmin] DidVaitel (STEAM_0:1:74202541) Attempted to pick up a weapon_physgun
L 05/06/2020 - 16:42:02: [FAdmin] DidVaitel (STEAM_0:1:74202541) Attempted to pick up a weapon_keypadchecker
L 05/06/2020 - 16:42:02: [FAdmin] DidVaitel (STEAM_0:1:74202541) Attempted to pick up a door_ram
L 05/06/2020 - 16:42:02: [FAdmin] DidVaitel (STEAM_0:1:74202541) Attempted to pick up a arrest_stick
L 05/06/2020 - 16:42:02: [FAdmin] DidVaitel (STEAM_0:1:74202541) Attempted to pick up a unarrest_stick
L 05/06/2020 - 16:42:02: [FAdmin] DidVaitel (STEAM_0:1:74202541) Attempted to pick up a stunstick
L 05/06/2020 - 16:42:02: [FAdmin] DidVaitel (STEAM_0:1:74202541) Attempted to pick up a weaponchecker
L 05/06/2020 - 16:42:59: [FAdmin] DidVaitel (STEAM_0:1:74202541) Attempted to switch noclip
L 05/06/2020 - 16:43:02: [FAdmin] DidVaitel (STEAM_0:1:74202541) Got killed by DidVaitel with a player
L 05/06/2020 - 16:43:03: [FAdmin] DidVaitel (STEAM_0:1:74202541) Spawned
L 05/06/2020 - 16:43:03: [FAdmin] DidVaitel (STEAM_0:1:74202541) Attempted to pick up a keys
L 05/06/2020 - 16:43:03: [FAdmin] DidVaitel (STEAM_0:1:74202541) Attempted to pick up a weapon_physcannon
L 05/06/2020 - 16:43:03: [FAdmin] DidVaitel (STEAM_0:1:74202541) Attempted to pick up a gmod_camera
L 05/06/2020 - 16:43:03: [FAdmin] DidVaitel (STEAM_0:1:74202541) Attempted to pick up a gmod_tool
L 05/06/2020 - 16:43:03: [FAdmin] DidVaitel (STEAM_0:1:74202541) Attempted to pick up a pocket
L 05/06/2020 - 16:43:03: [FAdmin] DidVaitel (STEAM_0:1:74202541) Attempted to pick up a weapon_physgun
L 05/06/2020 - 16:43:03: [FAdmin] DidVaitel (STEAM_0:1:74202541) Attempted to pick up a weapon_keypadchecker
L 05/06/2020 - 16:43:03: [FAdmin] DidVaitel (STEAM_0:1:74202541) Attempted to pick up a door_ram
L 05/06/2020 - 16:43:03: [FAdmin] DidVaitel (STEAM_0:1:74202541) Attempted to pick up a arrest_stick
L 05/06/2020 - 16:43:03: [FAdmin] DidVaitel (STEAM_0:1:74202541) Attempted to pick up a unarrest_stick
L 05/06/2020 - 16:43:03: [FAdmin] DidVaitel (STEAM_0:1:74202541) Attempted to pick up a stunstick
L 05/06/2020 - 16:43:03: [FAdmin] DidVaitel (STEAM_0:1:74202541) Attempted to pick up a weaponchecker
L 05/06/2020 - 16:43:04: [FAdmin] DidVaitel (STEAM_0:1:74202541) Attempted to switch noclip
L 05/06/2020 - 16:43:05: [FAdmin] DidVaitel (STEAM_0:1:74202541) Attempted to switch noclip
L 05/06/2020 - 16:56:07: "DidVaitel<3><STEAM_0:1:74202541><>" disconnected (reason "Disconnect by user.")
L 05/06/2020 - 16:56:07: [FAdmin] DidVaitel (STEAM_0:1:74202541) Disconnected
L 05/06/2020 - 16:56:07: "DidVaitel<4><STEAM_0:1:74202541><>" connected, address "26.162.207.202:27006"
L 05/06/2020 - 16:56:08: "DidVaitel<4><STEAM_0:1:74202541><>" STEAM USERID validated
L 05/06/2020 - 16:56:17: [FAdmin] DidVaitel (STEAM_0:1:74202541) is Authed
L 05/06/2020 - 16:56:17: [FAdmin] DidVaitel (STEAM_0:1:74202541) Spawned for the first time
L 05/06/2020 - 16:56:17: [FAdmin] DidVaitel (STEAM_0:1:74202541) Spawned
L 05/06/2020 - 16:56:17: "DidVaitel<4><STEAM_0:1:74202541><>" entered the game
L 05/06/2020 - 16:56:17: [FAdmin] DidVaitel (STEAM_0:1:74202541) Attempted to pick up a keys
L 05/06/2020 - 16:56:17: [FAdmin] DidVaitel (STEAM_0:1:74202541) Attempted to pick up a weapon_physcannon
L 05/06/2020 - 16:56:17: [FAdmin] DidVaitel (STEAM_0:1:74202541) Attempted to pick up a gmod_camera
L 05/06/2020 - 16:56:17: [FAdmin] DidVaitel (STEAM_0:1:74202541) Attempted to pick up a gmod_tool
L 05/06/2020 - 16:56:17: [FAdmin] DidVaitel (STEAM_0:1:74202541) Attempted to pick up a pocket
L 05/06/2020 - 16:56:17: [FAdmin] DidVaitel (STEAM_0:1:74202541) Attempted to pick up a weapon_physgun
L 05/06/2020 - 16:56:17: [FAdmin] DidVaitel (STEAM_0:1:74202541) Attempted to pick up a weapon_keypadchecker
L 05/06/2020 - 16:56:17: [FAdmin] DidVaitel (STEAM_0:1:74202541) Attempted to pick up a door_ram
L 05/06/2020 - 16:56:17: [FAdmin] DidVaitel (STEAM_0:1:74202541) Attempted to pick up a arrest_stick
L 05/06/2020 - 16:56:17: [FAdmin] DidVaitel (STEAM_0:1:74202541) Attempted to pick up a unarrest_stick
L 05/06/2020 - 16:56:17: [FAdmin] DidVaitel (STEAM_0:1:74202541) Attempted to pick up a stunstick
L 05/06/2020 - 16:56:17: [FAdmin] DidVaitel (STEAM_0:1:74202541) Attempted to pick up a weaponchecker
L 05/06/2020 - 16:56:28: [FAdmin] DidVaitel (STEAM_0:1:74202541) Attempted to switch noclip
L 05/06/2020 - 16:57:08: "DidVaitel<4><STEAM_0:1:74202541><>" disconnected (reason "Disconnect by user.")
L 05/06/2020 - 16:57:08: [FAdmin] DidVaitel (STEAM_0:1:74202541) Disconnected
L 05/06/2020 - 16:57:08: "DidVaitel<5><STEAM_0:1:74202541><>" connected, address "26.162.207.202:27006"
L 05/06/2020 - 16:57:09: "DidVaitel<5><STEAM_0:1:74202541><>" STEAM USERID validated
L 05/06/2020 - 16:57:17: [FAdmin] DidVaitel (STEAM_0:1:74202541) is Authed
L 05/06/2020 - 16:57:17: [FAdmin] DidVaitel (STEAM_0:1:74202541) Spawned for the first time
L 05/06/2020 - 16:57:17: [FAdmin] DidVaitel (STEAM_0:1:74202541) Spawned
L 05/06/2020 - 16:57:17: "DidVaitel<5><STEAM_0:1:74202541><>" entered the game
L 05/06/2020 - 16:57:17: [FAdmin] DidVaitel (STEAM_0:1:74202541) Attempted to pick up a keys
L 05/06/2020 - 16:57:17: [FAdmin] DidVaitel (STEAM_0:1:74202541) Attempted to pick up a weapon_physcannon
L 05/06/2020 - 16:57:17: [FAdmin] DidVaitel (STEAM_0:1:74202541) Attempted to pick up a gmod_camera
L 05/06/2020 - 16:57:17: [FAdmin] DidVaitel (STEAM_0:1:74202541) Attempted to pick up a gmod_tool
L 05/06/2020 - 16:57:17: [FAdmin] DidVaitel (STEAM_0:1:74202541) Attempted to pick up a pocket
L 05/06/2020 - 16:57:17: [FAdmin] DidVaitel (STEAM_0:1:74202541) Attempted to pick up a weapon_physgun
L 05/06/2020 - 16:57:17: [FAdmin] DidVaitel (STEAM_0:1:74202541) Attempted to pick up a weapon_keypadchecker
L 05/06/2020 - 16:57:17: [FAdmin] DidVaitel (STEAM_0:1:74202541) Attempted to pick up a door_ram
L 05/06/2020 - 16:57:17: [FAdmin] DidVaitel (STEAM_0:1:74202541) Attempted to pick up a arrest_stick
L 05/06/2020 - 16:57:17: [FAdmin] DidVaitel (STEAM_0:1:74202541) Attempted to pick up a unarrest_stick
L 05/06/2020 - 16:57:17: [FAdmin] DidVaitel (STEAM_0:1:74202541) Attempted to pick up a stunstick
L 05/06/2020 - 16:57:17: [FAdmin] DidVaitel (STEAM_0:1:74202541) Attempted to pick up a weaponchecker
L 05/06/2020 - 16:58:57: [FAdmin] DidVaitel (STEAM_0:1:74202541) Attempted to switch noclip
L 05/06/2020 - 16:59:17: "DidVaitel<5><STEAM_0:1:74202541><>" disconnected (reason "Disconnect by user.")
L 05/06/2020 - 16:59:17: [FAdmin] DidVaitel (STEAM_0:1:74202541) Disconnected
L 05/06/2020 - 16:59:18: "DidVaitel<6><STEAM_0:1:74202541><>" connected, address "26.162.207.202:27006"
L 05/06/2020 - 16:59:18: "DidVaitel<6><STEAM_0:1:74202541><>" STEAM USERID validated
L 05/06/2020 - 16:59:27: [FAdmin] DidVaitel (STEAM_0:1:74202541) is Authed
L 05/06/2020 - 16:59:27: [FAdmin] DidVaitel (STEAM_0:1:74202541) Spawned for the first time
L 05/06/2020 - 16:59:27: [FAdmin] DidVaitel (STEAM_0:1:74202541) Spawned
L 05/06/2020 - 16:59:27: "DidVaitel<6><STEAM_0:1:74202541><>" entered the game
L 05/06/2020 - 16:59:27: [FAdmin] DidVaitel (STEAM_0:1:74202541) Attempted to pick up a keys
L 05/06/2020 - 16:59:27: [FAdmin] DidVaitel (STEAM_0:1:74202541) Attempted to pick up a weapon_physcannon
L 05/06/2020 - 16:59:27: [FAdmin] DidVaitel (STEAM_0:1:74202541) Attempted to pick up a gmod_camera
L 05/06/2020 - 16:59:27: [FAdmin] DidVaitel (STEAM_0:1:74202541) Attempted to pick up a gmod_tool
L 05/06/2020 - 16:59:27: [FAdmin] DidVaitel (STEAM_0:1:74202541) Attempted to pick up a pocket
L 05/06/2020 - 16:59:27: [FAdmin] DidVaitel (STEAM_0:1:74202541) Attempted to pick up a weapon_physgun
L 05/06/2020 - 16:59:27: [FAdmin] DidVaitel (STEAM_0:1:74202541) Attempted to pick up a weapon_keypadchecker
L 05/06/2020 - 16:59:27: [FAdmin] DidVaitel (STEAM_0:1:74202541) Attempted to pick up a door_ram
L 05/06/2020 - 16:59:27: [FAdmin] DidVaitel (STEAM_0:1:74202541) Attempted to pick up a arrest_stick
L 05/06/2020 - 16:59:27: [FAdmin] DidVaitel (STEAM_0:1:74202541) Attempted to pick up a unarrest_stick
L 05/06/2020 - 16:59:27: [FAdmin] DidVaitel (STEAM_0:1:74202541) Attempted to pick up a stunstick
L 05/06/2020 - 16:59:27: [FAdmin] DidVaitel (STEAM_0:1:74202541) Attempted to pick up a weaponchecker
L 05/06/2020 - 16:59:42: [FAdmin] DidVaitel (STEAM_0:1:74202541) Attempted to switch noclip
L 05/06/2020 - 17:00:29: "DidVaitel<6><STEAM_0:1:74202541><>" disconnected (reason "Disconnect by user.")
L 05/06/2020 - 17:00:29: [FAdmin] DidVaitel (STEAM_0:1:74202541) Disconnected
L 05/06/2020 - 17:00:29: "DidVaitel<7><STEAM_0:1:74202541><>" connected, address "26.162.207.202:27006"
L 05/06/2020 - 17:00:30: "DidVaitel<7><STEAM_0:1:74202541><>" STEAM USERID validated
L 05/06/2020 - 17:00:38: [FAdmin] DidVaitel (STEAM_0:1:74202541) is Authed
L 05/06/2020 - 17:00:38: [FAdmin] DidVaitel (STEAM_0:1:74202541) Spawned for the first time
L 05/06/2020 - 17:00:38: [FAdmin] DidVaitel (STEAM_0:1:74202541) Spawned
L 05/06/2020 - 17:00:38: "DidVaitel<7><STEAM_0:1:74202541><>" entered the game
L 05/06/2020 - 17:00:38: [FAdmin] DidVaitel (STEAM_0:1:74202541) Attempted to pick up a keys
L 05/06/2020 - 17:00:38: [FAdmin] DidVaitel (STEAM_0:1:74202541) Attempted to pick up a weapon_physcannon
L 05/06/2020 - 17:00:38: [FAdmin] DidVaitel (STEAM_0:1:74202541) Attempted to pick up a gmod_camera
L 05/06/2020 - 17:00:38: [FAdmin] DidVaitel (STEAM_0:1:74202541) Attempted to pick up a gmod_tool
L 05/06/2020 - 17:00:38: [FAdmin] DidVaitel (STEAM_0:1:74202541) Attempted to pick up a pocket
L 05/06/2020 - 17:00:38: [FAdmin] DidVaitel (STEAM_0:1:74202541) Attempted to pick up a weapon_physgun
L 05/06/2020 - 17:00:38: [FAdmin] DidVaitel (STEAM_0:1:74202541) Attempted to pick up a weapon_keypadchecker
L 05/06/2020 - 17:00:38: [FAdmin] DidVaitel (STEAM_0:1:74202541) Attempted to pick up a door_ram
L 05/06/2020 - 17:00:38: [FAdmin] DidVaitel (STEAM_0:1:74202541) Attempted to pick up a arrest_stick
L 05/06/2020 - 17:00:38: [FAdmin] DidVaitel (STEAM_0:1:74202541) Attempted to pick up a unarrest_stick
L 05/06/2020 - 17:00:38: [FAdmin] DidVaitel (STEAM_0:1:74202541) Attempted to pick up a stunstick
L 05/06/2020 - 17:00:38: [FAdmin] DidVaitel (STEAM_0:1:74202541) Attempted to pick up a weaponchecker
L 05/06/2020 - 17:00:58: [FAdmin] DidVaitel (STEAM_0:1:74202541) Attempted to switch noclip
L 05/06/2020 - 17:01:03: "DidVaitel<7><STEAM_0:1:74202541><>" disconnected (reason "Disconnect by user.")
L 05/06/2020 - 17:01:03: [FAdmin] DidVaitel (STEAM_0:1:74202541) Disconnected
L 05/06/2020 - 17:01:04: "DidVaitel<8><STEAM_0:1:74202541><>" connected, address "26.162.207.202:27006"
L 05/06/2020 - 17:01:04: "DidVaitel<8><STEAM_0:1:74202541><>" STEAM USERID validated
L 05/06/2020 - 17:01:12: [FAdmin] DidVaitel (STEAM_0:1:74202541) is Authed
L 05/06/2020 - 17:01:12: [FAdmin] DidVaitel (STEAM_0:1:74202541) Spawned for the first time
L 05/06/2020 - 17:01:12: [FAdmin] DidVaitel (STEAM_0:1:74202541) Spawned
L 05/06/2020 - 17:01:12: "DidVaitel<8><STEAM_0:1:74202541><>" entered the game
L 05/06/2020 - 17:01:12: [FAdmin] DidVaitel (STEAM_0:1:74202541) Attempted to pick up a keys
L 05/06/2020 - 17:01:12: [FAdmin] DidVaitel (STEAM_0:1:74202541) Attempted to pick up a weapon_physcannon
L 05/06/2020 - 17:01:12: [FAdmin] DidVaitel (STEAM_0:1:74202541) Attempted to pick up a gmod_camera
L 05/06/2020 - 17:01:12: [FAdmin] DidVaitel (STEAM_0:1:74202541) Attempted to pick up a gmod_tool
L 05/06/2020 - 17:01:12: [FAdmin] DidVaitel (STEAM_0:1:74202541) Attempted to pick up a pocket
L 05/06/2020 - 17:01:12: [FAdmin] DidVaitel (STEAM_0:1:74202541) Attempted to pick up a weapon_physgun
L 05/06/2020 - 17:01:12: [FAdmin] DidVaitel (STEAM_0:1:74202541) Attempted to pick up a weapon_keypadchecker
L 05/06/2020 - 17:01:12: [FAdmin] DidVaitel (STEAM_0:1:74202541) Attempted to pick up a door_ram
L 05/06/2020 - 17:01:12: [FAdmin] DidVaitel (STEAM_0:1:74202541) Attempted to pick up a arrest_stick
L 05/06/2020 - 17:01:12: [FAdmin] DidVaitel (STEAM_0:1:74202541) Attempted to pick up a unarrest_stick
L 05/06/2020 - 17:01:12: [FAdmin] DidVaitel (STEAM_0:1:74202541) Attempted to pick up a stunstick
L 05/06/2020 - 17:01:12: [FAdmin] DidVaitel (STEAM_0:1:74202541) Attempted to pick up a weaponchecker
L 05/06/2020 - 17:01:17: [FAdmin] DidVaitel (STEAM_0:1:74202541) Attempted to switch noclip
L 05/06/2020 - 17:03:14: "DidVaitel<8><STEAM_0:1:74202541><>" disconnected (reason "Disconnect by user.")
L 05/06/2020 - 17:03:14: [FAdmin] DidVaitel (STEAM_0:1:74202541) Disconnected
L 05/06/2020 - 17:03:15: "DidVaitel<9><STEAM_0:1:74202541><>" connected, address "26.162.207.202:27006"
L 05/06/2020 - 17:03:15: "DidVaitel<9><STEAM_0:1:74202541><>" STEAM USERID validated
L 05/06/2020 - 17:03:24: [FAdmin] DidVaitel (STEAM_0:1:74202541) is Authed
L 05/06/2020 - 17:03:24: [FAdmin] DidVaitel (STEAM_0:1:74202541) Spawned for the first time
L 05/06/2020 - 17:03:24: [FAdmin] DidVaitel (STEAM_0:1:74202541) Spawned
L 05/06/2020 - 17:03:24: "DidVaitel<9><STEAM_0:1:74202541><>" entered the game
L 05/06/2020 - 17:03:24: [FAdmin] DidVaitel (STEAM_0:1:74202541) Attempted to pick up a keys
L 05/06/2020 - 17:03:24: [FAdmin] DidVaitel (STEAM_0:1:74202541) Attempted to pick up a weapon_physcannon
L 05/06/2020 - 17:03:24: [FAdmin] DidVaitel (STEAM_0:1:74202541) Attempted to pick up a gmod_camera
L 05/06/2020 - 17:03:24: [FAdmin] DidVaitel (STEAM_0:1:74202541) Attempted to pick up a gmod_tool
L 05/06/2020 - 17:03:24: [FAdmin] DidVaitel (STEAM_0:1:74202541) Attempted to pick up a pocket
L 05/06/2020 - 17:03:24: [FAdmin] DidVaitel (STEAM_0:1:74202541) Attempted to pick up a weapon_physgun
L 05/06/2020 - 17:03:24: [FAdmin] DidVaitel (STEAM_0:1:74202541) Attempted to pick up a weapon_keypadchecker
L 05/06/2020 - 17:03:24: [FAdmin] DidVaitel (STEAM_0:1:74202541) Attempted to pick up a door_ram
L 05/06/2020 - 17:03:24: [FAdmin] DidVaitel (STEAM_0:1:74202541) Attempted to pick up a arrest_stick
L 05/06/2020 - 17:03:24: [FAdmin] DidVaitel (STEAM_0:1:74202541) Attempted to pick up a unarrest_stick
L 05/06/2020 - 17:03:24: [FAdmin] DidVaitel (STEAM_0:1:74202541) Attempted to pick up a stunstick
L 05/06/2020 - 17:03:24: [FAdmin] DidVaitel (STEAM_0:1:74202541) Attempted to pick up a weaponchecker
L 05/06/2020 - 17:03:30: [FAdmin] DidVaitel (STEAM_0:1:74202541) Attempted to switch noclip
L 05/06/2020 - 17:03:34: "DidVaitel<9><STEAM_0:1:74202541><>" disconnected (reason "Disconnect by user.")
L 05/06/2020 - 17:03:34: [FAdmin] DidVaitel (STEAM_0:1:74202541) Disconnected
L 05/06/2020 - 17:03:34: "DidVaitel<10><STEAM_0:1:74202541><>" connected, address "26.162.207.202:27006"
L 05/06/2020 - 17:03:35: "DidVaitel<10><STEAM_0:1:74202541><>" STEAM USERID validated
L 05/06/2020 - 17:03:43: [FAdmin] DidVaitel (STEAM_0:1:74202541) is Authed
L 05/06/2020 - 17:03:43: [FAdmin] DidVaitel (STEAM_0:1:74202541) Spawned for the first time
L 05/06/2020 - 17:03:43: [FAdmin] DidVaitel (STEAM_0:1:74202541) Spawned
L 05/06/2020 - 17:03:43: "DidVaitel<10><STEAM_0:1:74202541><>" entered the game
L 05/06/2020 - 17:03:43: [FAdmin] DidVaitel (STEAM_0:1:74202541) Attempted to pick up a keys
L 05/06/2020 - 17:03:43: [FAdmin] DidVaitel (STEAM_0:1:74202541) Attempted to pick up a weapon_physcannon
L 05/06/2020 - 17:03:43: [FAdmin] DidVaitel (STEAM_0:1:74202541) Attempted to pick up a gmod_camera
L 05/06/2020 - 17:03:43: [FAdmin] DidVaitel (STEAM_0:1:74202541) Attempted to pick up a gmod_tool
L 05/06/2020 - 17:03:43: [FAdmin] DidVaitel (STEAM_0:1:74202541) Attempted to pick up a pocket
L 05/06/2020 - 17:03:43: [FAdmin] DidVaitel (STEAM_0:1:74202541) Attempted to pick up a weapon_physgun
L 05/06/2020 - 17:03:43: [FAdmin] DidVaitel (STEAM_0:1:74202541) Attempted to pick up a weapon_keypadchecker
L 05/06/2020 - 17:03:43: [FAdmin] DidVaitel (STEAM_0:1:74202541) Attempted to pick up a door_ram
L 05/06/2020 - 17:03:43: [FAdmin] DidVaitel (STEAM_0:1:74202541) Attempted to pick up a arrest_stick
L 05/06/2020 - 17:03:43: [FAdmin] DidVaitel (STEAM_0:1:74202541) Attempted to pick up a unarrest_stick
L 05/06/2020 - 17:03:43: [FAdmin] DidVaitel (STEAM_0:1:74202541) Attempted to pick up a stunstick
L 05/06/2020 - 17:03:43: [FAdmin] DidVaitel (STEAM_0:1:74202541) Attempted to pick up a weaponchecker
L 05/06/2020 - 17:03:53: [FAdmin] Server succesfully shut down.
L 05/06/2020 - 17:03:53: [FAdmin] prop_physics(models/maxofs2d/companion_doll.mdl) Got removed
L 05/06/2020 - 17:03:53: [FAdmin] prop_physics(models/props_c17/furnituretable003a.mdl) Got removed
L 05/06/2020 - 17:03:53: [FAdmin] prop_physics(models/props_c17/furniturecouch002a.mdl) Got removed
L 05/06/2020 - 17:03:53: [FAdmin] prop_physics(models/props_c17/furniturecouch001a.mdl) Got removed
L 05/06/2020 - 17:03:53: "DidVaitel<10><STEAM_0:1:74202541><>" disconnected (reason "Server shutting down")
L 05/06/2020 - 17:03:53: server_message: "quit"
L 05/06/2020 - 17:03:53: Log file closed.
