L 05/15/2020 - 22:08:03: Log file started (file "logs\L0515003.log") (game "D:\sup\steamapps\common\GarrysModDS\garrysmod") (version "7794")
L 05/15/2020 - 22:08:03: server_cvar: "sv_alltalk" "3"
L 05/15/2020 - 22:08:04: Connection to Steam servers successful.
L 05/15/2020 - 22:08:04:    Public IP is 31.130.42.26.
L 05/15/2020 - 22:08:04: Assigned anonymous gameserver Steam ID [A-1:840817672(14741)].
L 05/15/2020 - 22:08:05: VAC secure mode is activated.
L 05/15/2020 - 22:08:53: Lua Error: 
[ERROR] gamemodes/flood/gamemode/config/sh_terms.lua:11: attempt to call method 'AddTerm' (a nil value)
  1. unknown - gamemodes/flood/gamemode/config/sh_terms.lua:11
   2. IncludeServerSide - [C]:-1
    3. IncludeSharedSide - gamemodes/flood/gamemode/shared.lua:29
     4. Include - gamemodes/flood/gamemode/shared.lua:41
      5. IncludeFolder - gamemodes/flood/gamemode/shared.lua:51
       6. IncludeCore - gamemodes/flood/gamemode/shared.lua:127
        7. unknown - gamemodes/flood/gamemode/shared.lua:131
         8. include - [C]:-1
          9. unknown - gamemodes/flood/gamemode/init.lua:14


L 05/15/2020 - 22:08:55: Lua Error: 
[ERROR] gamemodes/flood/gamemode/config/sh_terms.lua:11: attempt to call method 'AddTerm' (a nil value)
  1. unknown - gamemodes/flood/gamemode/config/sh_terms.lua:11
   2. IncludeServerSide - [C]:-1
    3. IncludeSharedSide - gamemodes/flood/gamemode/shared.lua:29
     4. Include - gamemodes/flood/gamemode/shared.lua:41
      5. IncludeFolder - gamemodes/flood/gamemode/shared.lua:51
       6. IncludeCore - gamemodes/flood/gamemode/shared.lua:127
        7. unknown - gamemodes/flood/gamemode/shared.lua:131
         8. include - [C]:-1
          9. unknown - gamemodes/flood/gamemode/init.lua:14


L 05/15/2020 - 22:08:55: Lua Error: 
[ERROR] gamemodes/flood/gamemode/config/sh_terms.lua:11: attempt to call method 'AddTerm' (a nil value)
  1. unknown - gamemodes/flood/gamemode/config/sh_terms.lua:11
   2. IncludeServerSide - [C]:-1
    3. IncludeSharedSide - gamemodes/flood/gamemode/shared.lua:29
     4. Include - gamemodes/flood/gamemode/shared.lua:41
      5. IncludeFolder - gamemodes/flood/gamemode/shared.lua:51
       6. IncludeCore - gamemodes/flood/gamemode/shared.lua:127
        7. unknown - gamemodes/flood/gamemode/shared.lua:131
         8. include - [C]:-1
          9. unknown - gamemodes/flood/gamemode/init.lua:14


L 05/15/2020 - 22:09:01: Lua Error: 
[ERROR] gamemodes/flood/gamemode/config/sh_terms.lua:11: attempt to call method 'AddTerm' (a nil value)
  1. unknown - gamemodes/flood/gamemode/config/sh_terms.lua:11
   2. IncludeServerSide - [C]:-1
    3. IncludeSharedSide - gamemodes/flood/gamemode/shared.lua:29
     4. Include - gamemodes/flood/gamemode/shared.lua:41
      5. IncludeFolder - gamemodes/flood/gamemode/shared.lua:51
       6. IncludeCore - gamemodes/flood/gamemode/shared.lua:127
        7. unknown - gamemodes/flood/gamemode/shared.lua:131
         8. include - [C]:-1
          9. unknown - gamemodes/flood/gamemode/init.lua:14


L 05/15/2020 - 22:09:02: Lua Error: 
[ERROR] gamemodes/flood/gamemode/config/sh_terms.lua:11: attempt to call method 'AddTerm' (a nil value)
  1. unknown - gamemodes/flood/gamemode/config/sh_terms.lua:11
   2. IncludeServerSide - [C]:-1
    3. IncludeSharedSide - gamemodes/flood/gamemode/shared.lua:29
     4. Include - gamemodes/flood/gamemode/shared.lua:41
      5. IncludeFolder - gamemodes/flood/gamemode/shared.lua:51
       6. IncludeCore - gamemodes/flood/gamemode/shared.lua:127
        7. unknown - gamemodes/flood/gamemode/shared.lua:131
         8. include - [C]:-1
          9. unknown - gamemodes/flood/gamemode/init.lua:14


L 05/15/2020 - 22:09:11: Lua Error: 
[ERROR] gamemodes/flood/gamemode/config/sh_terms.lua:11: attempt to call method 'AddTerm' (a nil value)
  1. unknown - gamemodes/flood/gamemode/config/sh_terms.lua:11
   2. IncludeServerSide - [C]:-1
    3. IncludeSharedSide - gamemodes/flood/gamemode/shared.lua:29
     4. Include - gamemodes/flood/gamemode/shared.lua:41
      5. IncludeFolder - gamemodes/flood/gamemode/shared.lua:51
       6. IncludeCore - gamemodes/flood/gamemode/shared.lua:127
        7. unknown - gamemodes/flood/gamemode/shared.lua:131
         8. include - [C]:-1
          9. unknown - gamemodes/flood/gamemode/init.lua:14


L 05/15/2020 - 22:09:11: Lua Error: 
[ERROR] gamemodes/flood/gamemode/config/sh_terms.lua:11: attempt to call method 'AddTerm' (a nil value)
  1. unknown - gamemodes/flood/gamemode/config/sh_terms.lua:11
   2. IncludeServerSide - [C]:-1
    3. IncludeSharedSide - gamemodes/flood/gamemode/shared.lua:29
     4. Include - gamemodes/flood/gamemode/shared.lua:41
      5. IncludeFolder - gamemodes/flood/gamemode/shared.lua:51
       6. IncludeCore - gamemodes/flood/gamemode/shared.lua:127
        7. unknown - gamemodes/flood/gamemode/shared.lua:131
         8. include - [C]:-1
          9. unknown - gamemodes/flood/gamemode/init.lua:14


L 05/15/2020 - 22:09:20: Lua Error: 
[ERROR] gamemodes/flood/gamemode/config/sh_terms.lua:11: attempt to call method 'AddTerm' (a nil value)
  1. unknown - gamemodes/flood/gamemode/config/sh_terms.lua:11
   2. IncludeServerSide - [C]:-1
    3. IncludeSharedSide - gamemodes/flood/gamemode/shared.lua:29
     4. Include - gamemodes/flood/gamemode/shared.lua:41
      5. IncludeFolder - gamemodes/flood/gamemode/shared.lua:51
       6. IncludeCore - gamemodes/flood/gamemode/shared.lua:127
        7. unknown - gamemodes/flood/gamemode/shared.lua:131
         8. include - [C]:-1
          9. unknown - gamemodes/flood/gamemode/init.lua:14


L 05/15/2020 - 22:09:20: Lua Error: 
[ERROR] gamemodes/flood/gamemode/config/sh_terms.lua:11: attempt to call method 'AddTerm' (a nil value)
  1. unknown - gamemodes/flood/gamemode/config/sh_terms.lua:11
   2. IncludeServerSide - [C]:-1
    3. IncludeSharedSide - gamemodes/flood/gamemode/shared.lua:29
     4. Include - gamemodes/flood/gamemode/shared.lua:41
      5. IncludeFolder - gamemodes/flood/gamemode/shared.lua:51
       6. IncludeCore - gamemodes/flood/gamemode/shared.lua:127
        7. unknown - gamemodes/flood/gamemode/shared.lua:131
         8. include - [C]:-1
          9. unknown - gamemodes/flood/gamemode/init.lua:14


L 05/15/2020 - 22:09:25: Lua Error: 
[ERROR] gamemodes/flood/gamemode/config/sh_terms.lua:11: attempt to call method 'AddTerm' (a nil value)
  1. unknown - gamemodes/flood/gamemode/config/sh_terms.lua:11
   2. IncludeServerSide - [C]:-1
    3. IncludeSharedSide - gamemodes/flood/gamemode/shared.lua:29
     4. Include - gamemodes/flood/gamemode/shared.lua:41
      5. IncludeFolder - gamemodes/flood/gamemode/shared.lua:51
       6. IncludeCore - gamemodes/flood/gamemode/shared.lua:127
        7. unknown - gamemodes/flood/gamemode/shared.lua:131
         8. include - [C]:-1
          9. unknown - gamemodes/flood/gamemode/init.lua:14


L 05/15/2020 - 22:09:28: Lua Error: 
[ERROR] gamemodes/flood/gamemode/config/sh_terms.lua:11: attempt to call method 'AddTerm' (a nil value)
  1. unknown - gamemodes/flood/gamemode/config/sh_terms.lua:11
   2. IncludeServerSide - [C]:-1
    3. IncludeSharedSide - gamemodes/flood/gamemode/shared.lua:29
     4. Include - gamemodes/flood/gamemode/shared.lua:41
      5. IncludeFolder - gamemodes/flood/gamemode/shared.lua:51
       6. IncludeCore - gamemodes/flood/gamemode/shared.lua:127
        7. unknown - gamemodes/flood/gamemode/shared.lua:131
         8. include - [C]:-1
          9. unknown - gamemodes/flood/gamemode/init.lua:14


L 05/15/2020 - 22:09:53: Lua Error: 
[ERROR] gamemodes/flood/gamemode/config/sh_terms.lua:11: attempt to call method 'AddTerm' (a nil value)
  1. unknown - gamemodes/flood/gamemode/config/sh_terms.lua:11
   2. IncludeServerSide - [C]:-1
    3. IncludeSharedSide - gamemodes/flood/gamemode/shared.lua:29
     4. Include - gamemodes/flood/gamemode/shared.lua:41
      5. IncludeFolder - gamemodes/flood/gamemode/shared.lua:51
       6. IncludeCore - gamemodes/flood/gamemode/shared.lua:127
        7. unknown - gamemodes/flood/gamemode/shared.lua:131
         8. include - [C]:-1
          9. unknown - gamemodes/flood/gamemode/init.lua:14


L 05/15/2020 - 22:11:14: Lua Error: 
[ERROR] gamemodes/flood/gamemode/config/sh_terms.lua:11: attempt to call method 'AddTerm' (a nil value)
  1. unknown - gamemodes/flood/gamemode/config/sh_terms.lua:11
   2. IncludeServerSide - [C]:-1
    3. IncludeSharedSide - gamemodes/flood/gamemode/shared.lua:29
     4. Include - gamemodes/flood/gamemode/shared.lua:41
      5. IncludeFolder - gamemodes/flood/gamemode/shared.lua:51
       6. IncludeCore - gamemodes/flood/gamemode/shared.lua:127
        7. unknown - gamemodes/flood/gamemode/shared.lua:131
         8. include - [C]:-1
          9. unknown - gamemodes/flood/gamemode/init.lua:14


L 05/15/2020 - 22:11:30: Lua Error: 
[ERROR] gamemodes/flood/gamemode/config/sh_terms.lua:11: attempt to call method 'AddTerm' (a nil value)
  1. unknown - gamemodes/flood/gamemode/config/sh_terms.lua:11
   2. IncludeServerSide - [C]:-1
    3. IncludeSharedSide - gamemodes/flood/gamemode/shared.lua:29
     4. Include - gamemodes/flood/gamemode/shared.lua:41
      5. IncludeFolder - gamemodes/flood/gamemode/shared.lua:51
       6. IncludeCore - gamemodes/flood/gamemode/shared.lua:127
        7. unknown - gamemodes/flood/gamemode/shared.lua:131
         8. include - [C]:-1
          9. unknown - gamemodes/flood/gamemode/init.lua:14


L 05/15/2020 - 22:11:35: Lua Error: 
[ERROR] gamemodes/flood/gamemode/config/sh_terms.lua:11: attempt to call method 'AddTerm' (a nil value)
  1. unknown - gamemodes/flood/gamemode/config/sh_terms.lua:11
   2. IncludeServerSide - [C]:-1
    3. IncludeSharedSide - gamemodes/flood/gamemode/shared.lua:29
     4. Include - gamemodes/flood/gamemode/shared.lua:41
      5. IncludeFolder - gamemodes/flood/gamemode/shared.lua:51
       6. IncludeCore - gamemodes/flood/gamemode/shared.lua:127
        7. unknown - gamemodes/flood/gamemode/shared.lua:131
         8. include - [C]:-1
          9. unknown - gamemodes/flood/gamemode/init.lua:14


L 05/15/2020 - 22:12:30: Lua Error: 
[ERROR] gamemodes/flood/gamemode/config/sh_terms.lua:11: attempt to call method 'AddTerm' (a nil value)
  1. unknown - gamemodes/flood/gamemode/config/sh_terms.lua:11
   2. IncludeServerSide - [C]:-1
    3. IncludeSharedSide - gamemodes/flood/gamemode/shared.lua:29
     4. Include - gamemodes/flood/gamemode/shared.lua:41
      5. IncludeFolder - gamemodes/flood/gamemode/shared.lua:51
       6. IncludeCore - gamemodes/flood/gamemode/shared.lua:127
        7. unknown - gamemodes/flood/gamemode/shared.lua:131
         8. include - [C]:-1
          9. unknown - gamemodes/flood/gamemode/init.lua:14


L 05/15/2020 - 22:12:30: Lua Error: 
[ERROR] gamemodes/flood/gamemode/config/sh_terms.lua:11: attempt to call method 'AddTerm' (a nil value)
  1. unknown - gamemodes/flood/gamemode/config/sh_terms.lua:11
   2. IncludeServerSide - [C]:-1
    3. IncludeSharedSide - gamemodes/flood/gamemode/shared.lua:29
     4. Include - gamemodes/flood/gamemode/shared.lua:41
      5. IncludeFolder - gamemodes/flood/gamemode/shared.lua:51
       6. IncludeCore - gamemodes/flood/gamemode/shared.lua:127
        7. unknown - gamemodes/flood/gamemode/shared.lua:131
         8. include - [C]:-1
          9. unknown - gamemodes/flood/gamemode/init.lua:14


L 05/15/2020 - 22:12:48: Lua Error: 
[ERROR] gamemodes/flood/gamemode/config/sh_terms.lua:11: attempt to call method 'AddTerm' (a nil value)
  1. unknown - gamemodes/flood/gamemode/config/sh_terms.lua:11
   2. IncludeServerSide - [C]:-1
    3. IncludeSharedSide - gamemodes/flood/gamemode/shared.lua:29
     4. Include - gamemodes/flood/gamemode/shared.lua:41
      5. IncludeFolder - gamemodes/flood/gamemode/shared.lua:51
       6. IncludeCore - gamemodes/flood/gamemode/shared.lua:127
        7. unknown - gamemodes/flood/gamemode/shared.lua:131
         8. include - [C]:-1
          9. unknown - gamemodes/flood/gamemode/init.lua:14


L 05/15/2020 - 22:13:03: Lua Error: 
[ERROR] gamemodes/flood/gamemode/config/sh_terms.lua:11: attempt to call method 'AddTerm' (a nil value)
  1. unknown - gamemodes/flood/gamemode/config/sh_terms.lua:11
   2. IncludeServerSide - [C]:-1
    3. IncludeSharedSide - gamemodes/flood/gamemode/shared.lua:29
     4. Include - gamemodes/flood/gamemode/shared.lua:41
      5. IncludeFolder - gamemodes/flood/gamemode/shared.lua:51
       6. IncludeCore - gamemodes/flood/gamemode/shared.lua:127
        7. unknown - gamemodes/flood/gamemode/shared.lua:131
         8. include - [C]:-1
          9. unknown - gamemodes/flood/gamemode/init.lua:14


L 05/15/2020 - 22:13:07: Lua Error: 
[ERROR] gamemodes/flood/gamemode/config/sh_terms.lua:11: attempt to call method 'AddTerm' (a nil value)
  1. unknown - gamemodes/flood/gamemode/config/sh_terms.lua:11
   2. IncludeServerSide - [C]:-1
    3. IncludeSharedSide - gamemodes/flood/gamemode/shared.lua:29
     4. Include - gamemodes/flood/gamemode/shared.lua:41
      5. IncludeFolder - gamemodes/flood/gamemode/shared.lua:51
       6. IncludeCore - gamemodes/flood/gamemode/shared.lua:127
        7. unknown - gamemodes/flood/gamemode/shared.lua:131
         8. include - [C]:-1
          9. unknown - gamemodes/flood/gamemode/init.lua:14


L 05/15/2020 - 22:13:08: Lua Error: 
[ERROR] gamemodes/flood/gamemode/config/sh_terms.lua:11: attempt to call method 'AddTerm' (a nil value)
  1. unknown - gamemodes/flood/gamemode/config/sh_terms.lua:11
   2. IncludeServerSide - [C]:-1
    3. IncludeSharedSide - gamemodes/flood/gamemode/shared.lua:29
     4. Include - gamemodes/flood/gamemode/shared.lua:41
      5. IncludeFolder - gamemodes/flood/gamemode/shared.lua:51
       6. IncludeCore - gamemodes/flood/gamemode/shared.lua:127
        7. unknown - gamemodes/flood/gamemode/shared.lua:131
         8. include - [C]:-1
          9. unknown - gamemodes/flood/gamemode/init.lua:14


L 05/15/2020 - 22:13:47: Lua Error: 
[ERROR] gamemodes/flood/gamemode/shared.lua:150: '}' expected (to close '{' at line 134) near '[[	]]'
  1. unknown - gamemodes/flood/gamemode/init.lua:14


L 05/15/2020 - 22:13:47: Lua Error: 
[ERROR] gamemodes/flood/gamemode/shared.lua:150: '}' expected (to close '{' at line 134) near '[[	]]'
  1. unknown - gamemodes/flood/gamemode/init.lua:14


L 05/15/2020 - 22:24:06: Lua Error: Couldn't include file 'flood\gamemode\modules\settings\settings.lua' (File not found) (@gamemodes/flood/gamemode/utils/xeninui/sh_xeninui.lua (line 48))

L 05/15/2020 - 22:24:06: Lua Error: [AddCSLuaFile] Couldn't find 'flood/gamemode/modules/settings/settings.lua' (@gamemodes/flood/gamemode/utils/xeninui/sh_xeninui.lua (line 42))

L 05/15/2020 - 22:24:06: Lua Error: [AddCSLuaFile] Couldn't find 'flood/gamemode/modules/libs/debug.lua' (@gamemodes/flood/gamemode/utils/xeninui/sh_xeninui.lua (line 42))

L 05/15/2020 - 22:24:06: Lua Error: [AddCSLuaFile] Couldn't find 'flood/gamemode/modules/libs/animations.lua' (@gamemodes/flood/gamemode/utils/xeninui/sh_xeninui.lua (line 42))

L 05/15/2020 - 22:24:06: Lua Error: [AddCSLuaFile] Couldn't find 'flood/gamemode/modules/libs/shadows.lua' (@gamemodes/flood/gamemode/utils/xeninui/sh_xeninui.lua (line 42))

L 05/15/2020 - 22:24:06: Lua Error: [AddCSLuaFile] Couldn't find 'flood/gamemode/modules/libs/essentials.lua' (@gamemodes/flood/gamemode/utils/xeninui/sh_xeninui.lua (line 42))

L 05/15/2020 - 22:24:06: Lua Error: Couldn't include file 'flood\gamemode\modules\libs\essentials_sh.lua' (File not found) (@gamemodes/flood/gamemode/utils/xeninui/sh_xeninui.lua (line 48))

L 05/15/2020 - 22:24:06: Lua Error: [AddCSLuaFile] Couldn't find 'flood/gamemode/modules/libs/essentials_sh.lua' (@gamemodes/flood/gamemode/utils/xeninui/sh_xeninui.lua (line 42))

L 05/15/2020 - 22:24:06: Lua Error: Couldn't include file 'flood\gamemode\modules\libs\v0n_sh.lua' (File not found) (@gamemodes/flood/gamemode/utils/xeninui/sh_xeninui.lua (line 48))

L 05/15/2020 - 22:24:06: Lua Error: [AddCSLuaFile] Couldn't find 'flood/gamemode/modules/libs/v0n_sh.lua' (@gamemodes/flood/gamemode/utils/xeninui/sh_xeninui.lua (line 42))

L 05/15/2020 - 22:24:06: Lua Error: [AddCSLuaFile] Couldn't find 'flood/gamemode/modules/libs/wyvern.lua' (@gamemodes/flood/gamemode/utils/xeninui/sh_xeninui.lua (line 42))

L 05/15/2020 - 22:24:06: Lua Error: [AddCSLuaFile] Couldn't find 'flood/gamemode/modules/libs/time.lua' (@gamemodes/flood/gamemode/utils/xeninui/sh_xeninui.lua (line 42))

L 05/15/2020 - 22:24:06: Lua Error: Couldn't include file 'flood\gamemode\modules\libs\promises.lua' (File not found) (@gamemodes/flood/gamemode/utils/xeninui/sh_xeninui.lua (line 48))

L 05/15/2020 - 22:24:06: Lua Error: [AddCSLuaFile] Couldn't find 'flood/gamemode/modules/libs/promises.lua' (@gamemodes/flood/gamemode/utils/xeninui/sh_xeninui.lua (line 42))

L 05/15/2020 - 22:24:06: Lua Error: [AddCSLuaFile] Couldn't find 'flood/gamemode/modules/libs/icon_dl.lua' (@gamemodes/flood/gamemode/utils/xeninui/sh_xeninui.lua (line 42))

L 05/15/2020 - 22:24:06: Lua Error: Couldn't include file 'flood\gamemode\modules\libs\network\core.lua' (File not found) (@gamemodes/flood/gamemode/utils/xeninui/sh_xeninui.lua (line 48))

L 05/15/2020 - 22:24:06: Lua Error: [AddCSLuaFile] Couldn't find 'flood/gamemode/modules/libs/network/core.lua' (@gamemodes/flood/gamemode/utils/xeninui/sh_xeninui.lua (line 42))

L 05/15/2020 - 22:24:06: Lua Error: Couldn't include file 'flood\gamemode\modules\libs\languages\core.lua' (File not found) (@gamemodes/flood/gamemode/utils/xeninui/sh_xeninui.lua (line 48))

L 05/15/2020 - 22:24:06: Lua Error: [AddCSLuaFile] Couldn't find 'flood/gamemode/modules/libs/languages/core.lua' (@gamemodes/flood/gamemode/utils/xeninui/sh_xeninui.lua (line 42))

L 05/15/2020 - 22:24:06: Lua Error: [AddCSLuaFile] Couldn't find 'flood/gamemode/modules/libs/languages/network/client.lua' (@gamemodes/flood/gamemode/utils/xeninui/sh_xeninui.lua (line 42))

L 05/15/2020 - 22:24:06: Lua Error: Couldn't include file 'flood\gamemode\modules\libs\languages\network\server.lua' (File not found) (@gamemodes/flood/gamemode/utils/xeninui/sh_xeninui.lua (line 48))

L 05/15/2020 - 22:24:06: Lua Error: [AddCSLuaFile] Couldn't find 'flood/gamemode/modules/elements/button.lua' (@gamemodes/flood/gamemode/utils/xeninui/sh_xeninui.lua (line 42))

L 05/15/2020 - 22:24:06: Lua Error: [AddCSLuaFile] Couldn't find 'flood/gamemode/modules/elements/frame.lua' (@gamemodes/flood/gamemode/utils/xeninui/sh_xeninui.lua (line 42))

L 05/15/2020 - 22:24:06: Lua Error: [AddCSLuaFile] Couldn't find 'flood/gamemode/modules/elements/navbar.lua' (@gamemodes/flood/gamemode/utils/xeninui/sh_xeninui.lua (line 42))

L 05/15/2020 - 22:24:06: Lua Error: [AddCSLuaFile] Couldn't find 'flood/gamemode/modules/elements/sidebar.lua' (@gamemodes/flood/gamemode/utils/xeninui/sh_xeninui.lua (line 42))

L 05/15/2020 - 22:24:06: Lua Error: [AddCSLuaFile] Couldn't find 'flood/gamemode/modules/elements/textentry.lua' (@gamemodes/flood/gamemode/utils/xeninui/sh_xeninui.lua (line 42))

L 05/15/2020 - 22:24:06: Lua Error: [AddCSLuaFile] Couldn't find 'flood/gamemode/modules/elements/popup.lua' (@gamemodes/flood/gamemode/utils/xeninui/sh_xeninui.lua (line 42))

L 05/15/2020 - 22:24:06: Lua Error: [AddCSLuaFile] Couldn't find 'flood/gamemode/modules/elements/notifications.lua' (@gamemodes/flood/gamemode/utils/xeninui/sh_xeninui.lua (line 42))

L 05/15/2020 - 22:24:06: Lua Error: [AddCSLuaFile] Couldn't find 'flood/gamemode/modules/elements/avatar.lua' (@gamemodes/flood/gamemode/utils/xeninui/sh_xeninui.lua (line 42))

L 05/15/2020 - 22:24:06: Lua Error: [AddCSLuaFile] Couldn't find 'flood/gamemode/modules/elements/dropdown_popup.lua' (@gamemodes/flood/gamemode/utils/xeninui/sh_xeninui.lua (line 42))

L 05/15/2020 - 22:24:06: Lua Error: [AddCSLuaFile] Couldn't find 'flood/gamemode/modules/elements/dropdown_player.lua' (@gamemodes/flood/gamemode/utils/xeninui/sh_xeninui.lua (line 42))

L 05/15/2020 - 22:24:06: Lua Error: [AddCSLuaFile] Couldn't find 'flood/gamemode/modules/elements/category.lua' (@gamemodes/flood/gamemode/utils/xeninui/sh_xeninui.lua (line 42))

L 05/15/2020 - 22:24:06: Lua Error: [AddCSLuaFile] Couldn't find 'flood/gamemode/modules/elements/scrollpanel.lua' (@gamemodes/flood/gamemode/utils/xeninui/sh_xeninui.lua (line 42))

L 05/15/2020 - 22:24:06: Lua Error: [AddCSLuaFile] Couldn't find 'flood/gamemode/modules/elements/checkbox.lua' (@gamemodes/flood/gamemode/utils/xeninui/sh_xeninui.lua (line 42))

L 05/15/2020 - 22:24:06: Lua Error: [AddCSLuaFile] Couldn't find 'flood/gamemode/modules/elements/checkbox_v2.lua' (@gamemodes/flood/gamemode/utils/xeninui/sh_xeninui.lua (line 42))

L 05/15/2020 - 22:24:06: Lua Error: [AddCSLuaFile] Couldn't find 'flood/gamemode/modules/elements/wyvern_scrollbar.lua' (@gamemodes/flood/gamemode/utils/xeninui/sh_xeninui.lua (line 42))

L 05/15/2020 - 22:24:06: Lua Error: [AddCSLuaFile] Couldn't find 'flood/gamemode/modules/elements/wyvern_scrollpanel.lua' (@gamemodes/flood/gamemode/utils/xeninui/sh_xeninui.lua (line 42))

L 05/15/2020 - 22:24:06: Lua Error: [AddCSLuaFile] Couldn't find 'flood/gamemode/modules/elements/query.lua' (@gamemodes/flood/gamemode/utils/xeninui/sh_xeninui.lua (line 42))

L 05/15/2020 - 22:24:06: Lua Error: [AddCSLuaFile] Couldn't find 'flood/gamemode/modules/elements/query_single_button.lua' (@gamemodes/flood/gamemode/utils/xeninui/sh_xeninui.lua (line 42))

L 05/15/2020 - 22:24:06: Lua Error: [AddCSLuaFile] Couldn't find 'flood/gamemode/modules/elements/slider.lua' (@gamemodes/flood/gamemode/utils/xeninui/sh_xeninui.lua (line 42))

L 05/15/2020 - 22:24:06: Lua Error: [AddCSLuaFile] Couldn't find 'flood/gamemode/modules/elements/purchase_confirmation.lua' (@gamemodes/flood/gamemode/utils/xeninui/sh_xeninui.lua (line 42))

L 05/15/2020 - 22:24:06: Lua Error: [AddCSLuaFile] Couldn't find 'flood/gamemode/modules/elements/panel.lua' (@gamemodes/flood/gamemode/utils/xeninui/sh_xeninui.lua (line 42))

L 05/15/2020 - 22:24:06: Lua Error: [AddCSLuaFile] Couldn't find 'flood/gamemode/modules/elements/animated_texture.lua' (@gamemodes/flood/gamemode/utils/xeninui/sh_xeninui.lua (line 42))

L 05/15/2020 - 22:24:06: Lua Error: [AddCSLuaFile] Couldn't find 'flood/gamemode/modules/elements/tooltip.lua' (@gamemodes/flood/gamemode/utils/xeninui/sh_xeninui.lua (line 42))

L 05/15/2020 - 22:24:06: Lua Error: [AddCSLuaFile] Couldn't find 'flood/gamemode/modules/elements/sidebar_animated.lua' (@gamemodes/flood/gamemode/utils/xeninui/sh_xeninui.lua (line 42))

L 05/15/2020 - 22:24:06: Lua Error: [AddCSLuaFile] Couldn't find 'flood/gamemode/modules/elements/sidebar_v2.lua' (@gamemodes/flood/gamemode/utils/xeninui/sh_xeninui.lua (line 42))

L 05/15/2020 - 22:24:06: Lua Error: [AddCSLuaFile] Couldn't find 'flood/gamemode/modules/elements/button_v2.lua' (@gamemodes/flood/gamemode/utils/xeninui/sh_xeninui.lua (line 42))

L 05/15/2020 - 22:24:06: Lua Error: [AddCSLuaFile] Couldn't find 'flood/gamemode/modules/elements/combobox.lua' (@gamemodes/flood/gamemode/utils/xeninui/sh_xeninui.lua (line 42))

L 05/15/2020 - 22:24:06: Lua Error: [AddCSLuaFile] Couldn't find 'flood/gamemode/modules/elements/breadcrumbs.lua' (@gamemodes/flood/gamemode/utils/xeninui/sh_xeninui.lua (line 42))

L 05/15/2020 - 22:24:06: Lua Error: Couldn't include file 'flood\gamemode\modules\server\database\wrapper.lua' (File not found) (@gamemodes/flood/gamemode/utils/xeninui/sh_xeninui.lua (line 48))

L 05/15/2020 - 22:24:06: Lua Error: Couldn't include file 'flood\gamemode\modules\server\orm\table_column.lua' (File not found) (@gamemodes/flood/gamemode/utils/xeninui/sh_xeninui.lua (line 48))

L 05/15/2020 - 22:24:06: Lua Error: Couldn't include file 'flood\gamemode\modules\server\orm\table_constraint.lua' (File not found) (@gamemodes/flood/gamemode/utils/xeninui/sh_xeninui.lua (line 48))

L 05/15/2020 - 22:24:06: Lua Error: Couldn't include file 'flood\gamemode\modules\server\orm\table.lua' (File not found) (@gamemodes/flood/gamemode/utils/xeninui/sh_xeninui.lua (line 48))

L 05/15/2020 - 22:24:06: Lua Error: Couldn't include file 'flood\gamemode\modules\server\orm\query_builder_helpers.lua' (File not found) (@gamemodes/flood/gamemode/utils/xeninui/sh_xeninui.lua (line 48))

L 05/15/2020 - 22:24:06: Lua Error: Couldn't include file 'flood\gamemode\modules\server\orm\query_builder.lua' (File not found) (@gamemodes/flood/gamemode/utils/xeninui/sh_xeninui.lua (line 48))

L 05/15/2020 - 22:24:06: Lua Error: Couldn't include file 'flood\gamemode\modules\server\orm\orm.lua' (File not found) (@gamemodes/flood/gamemode/utils/xeninui/sh_xeninui.lua (line 48))

L 05/15/2020 - 22:24:06: Lua Error: Couldn't include file 'flood\gamemode\modules\libs\scripts\main.lua' (File not found) (@gamemodes/flood/gamemode/utils/xeninui/sh_xeninui.lua (line 48))

L 05/15/2020 - 22:24:06: Lua Error: [AddCSLuaFile] Couldn't find 'flood/gamemode/modules/libs/scripts/main.lua' (@gamemodes/flood/gamemode/utils/xeninui/sh_xeninui.lua (line 42))

L 05/15/2020 - 22:24:06: Lua Error: [AddCSLuaFile] Couldn't find 'flood/gamemode/modules/libs/scripts/network/client.lua' (@gamemodes/flood/gamemode/utils/xeninui/sh_xeninui.lua (line 42))

L 05/15/2020 - 22:24:06: Lua Error: Couldn't include file 'flood\gamemode\modules\libs\scripts\network\server.lua' (File not found) (@gamemodes/flood/gamemode/utils/xeninui/sh_xeninui.lua (line 48))

L 05/15/2020 - 22:24:06: Lua Error: Couldn't include file 'flood\gamemode\modules\libs\permissions.lua' (File not found) (@gamemodes/flood/gamemode/utils/xeninui/sh_xeninui.lua (line 48))

L 05/15/2020 - 22:24:06: Lua Error: [AddCSLuaFile] Couldn't find 'flood/gamemode/modules/libs/permissions.lua' (@gamemodes/flood/gamemode/utils/xeninui/sh_xeninui.lua (line 42))

L 05/15/2020 - 22:24:06: Lua Error: Couldn't include file 'flood\gamemode\modules\libs\config\class.lua' (File not found) (@gamemodes/flood/gamemode/utils/xeninui/sh_xeninui.lua (line 48))

L 05/15/2020 - 22:24:06: Lua Error: [AddCSLuaFile] Couldn't find 'flood/gamemode/modules/libs/config/class.lua' (@gamemodes/flood/gamemode/utils/xeninui/sh_xeninui.lua (line 42))

L 05/15/2020 - 22:24:06: Lua Error: [AddCSLuaFile] Couldn't find 'flood/gamemode/modules/libs/config/network/client.lua' (@gamemodes/flood/gamemode/utils/xeninui/sh_xeninui.lua (line 42))

L 05/15/2020 - 22:24:07: Lua Error: Couldn't include file 'flood\gamemode\modules\libs\config\network\server.lua' (File not found) (@gamemodes/flood/gamemode/utils/xeninui/sh_xeninui.lua (line 48))

L 05/15/2020 - 22:24:07: Lua Error: Couldn't include file 'flood\gamemode\modules\server\notification.lua' (File not found) (@gamemodes/flood/gamemode/utils/xeninui/sh_xeninui.lua (line 48))

L 05/15/2020 - 22:24:07: Lua Error: Couldn't include file 'flood\gamemode\modules\server\database.lua' (File not found) (@gamemodes/flood/gamemode/utils/xeninui/sh_xeninui.lua (line 48))

L 05/15/2020 - 22:24:07: Lua Error: [AddCSLuaFile] Couldn't find 'flood/gamemode/modules/core/ui/main.lua' (@gamemodes/flood/gamemode/utils/xeninui/sh_xeninui.lua (line 42))

L 05/15/2020 - 22:24:07: Lua Error: [AddCSLuaFile] Couldn't find 'flood/gamemode/modules/core/ui/tab.lua' (@gamemodes/flood/gamemode/utils/xeninui/sh_xeninui.lua (line 42))

L 05/15/2020 - 22:24:07: Lua Error: Couldn't include file 'flood\gamemode\modules\libs\units\main.lua' (File not found) (@gamemodes/flood/gamemode/utils/xeninui/sh_xeninui.lua (line 48))

L 05/15/2020 - 22:24:07: Lua Error: [AddCSLuaFile] Couldn't find 'flood/gamemode/modules/libs/units/main.lua' (@gamemodes/flood/gamemode/utils/xeninui/sh_xeninui.lua (line 42))

L 05/15/2020 - 22:24:07: Lua Error: Couldn't include file 'flood\gamemode\modules\libs\units\classes\result.lua' (File not found) (@gamemodes/flood/gamemode/utils/xeninui/sh_xeninui.lua (line 48))

L 05/15/2020 - 22:24:07: Lua Error: [AddCSLuaFile] Couldn't find 'flood/gamemode/modules/libs/units/classes/result.lua' (@gamemodes/flood/gamemode/utils/xeninui/sh_xeninui.lua (line 42))

L 05/15/2020 - 22:24:07: Lua Error: Couldn't include file 'flood\gamemode\modules\libs\units\classes\spec.lua' (File not found) (@gamemodes/flood/gamemode/utils/xeninui/sh_xeninui.lua (line 48))

L 05/15/2020 - 22:24:07: Lua Error: [AddCSLuaFile] Couldn't find 'flood/gamemode/modules/libs/units/classes/spec.lua' (@gamemodes/flood/gamemode/utils/xeninui/sh_xeninui.lua (line 42))

L 05/15/2020 - 22:24:07: Lua Error: Couldn't include file 'flood\gamemode\modules\libs\units\classes\assert.lua' (File not found) (@gamemodes/flood/gamemode/utils/xeninui/sh_xeninui.lua (line 48))

L 05/15/2020 - 22:24:07: Lua Error: [AddCSLuaFile] Couldn't find 'flood/gamemode/modules/libs/units/classes/assert.lua' (@gamemodes/flood/gamemode/utils/xeninui/sh_xeninui.lua (line 42))

L 05/15/2020 - 22:24:07: Lua Error: Couldn't include file 'flood\gamemode\modules\libs\units\classes\test.lua' (File not found) (@gamemodes/flood/gamemode/utils/xeninui/sh_xeninui.lua (line 48))

L 05/15/2020 - 22:24:07: Lua Error: [AddCSLuaFile] Couldn't find 'flood/gamemode/modules/libs/units/classes/test.lua' (@gamemodes/flood/gamemode/utils/xeninui/sh_xeninui.lua (line 42))

L 05/15/2020 - 22:24:25: Lua Error: Couldn't include file 'flood\gamemode\utils\settings\settings.lua' (File not found) (@gamemodes/flood/gamemode/utils/xeninui/sh_xeninui.lua (line 48))

L 05/15/2020 - 22:24:25: Lua Error: [AddCSLuaFile] Couldn't find 'flood/gamemode/utils/settings/settings.lua' (@gamemodes/flood/gamemode/utils/xeninui/sh_xeninui.lua (line 42))

L 05/15/2020 - 22:24:25: Lua Error: [AddCSLuaFile] Couldn't find 'flood/gamemode/utils/libs/debug.lua' (@gamemodes/flood/gamemode/utils/xeninui/sh_xeninui.lua (line 42))

L 05/15/2020 - 22:24:25: Lua Error: [AddCSLuaFile] Couldn't find 'flood/gamemode/utils/libs/animations.lua' (@gamemodes/flood/gamemode/utils/xeninui/sh_xeninui.lua (line 42))

L 05/15/2020 - 22:24:25: Lua Error: [AddCSLuaFile] Couldn't find 'flood/gamemode/utils/libs/shadows.lua' (@gamemodes/flood/gamemode/utils/xeninui/sh_xeninui.lua (line 42))

L 05/15/2020 - 22:24:25: Lua Error: [AddCSLuaFile] Couldn't find 'flood/gamemode/utils/libs/essentials.lua' (@gamemodes/flood/gamemode/utils/xeninui/sh_xeninui.lua (line 42))

L 05/15/2020 - 22:24:25: Lua Error: Couldn't include file 'flood\gamemode\utils\libs\essentials_sh.lua' (File not found) (@gamemodes/flood/gamemode/utils/xeninui/sh_xeninui.lua (line 48))

L 05/15/2020 - 22:24:25: Lua Error: [AddCSLuaFile] Couldn't find 'flood/gamemode/utils/libs/essentials_sh.lua' (@gamemodes/flood/gamemode/utils/xeninui/sh_xeninui.lua (line 42))

L 05/15/2020 - 22:24:25: Lua Error: Couldn't include file 'flood\gamemode\utils\libs\v0n_sh.lua' (File not found) (@gamemodes/flood/gamemode/utils/xeninui/sh_xeninui.lua (line 48))

L 05/15/2020 - 22:24:25: Lua Error: [AddCSLuaFile] Couldn't find 'flood/gamemode/utils/libs/v0n_sh.lua' (@gamemodes/flood/gamemode/utils/xeninui/sh_xeninui.lua (line 42))

L 05/15/2020 - 22:24:25: Lua Error: [AddCSLuaFile] Couldn't find 'flood/gamemode/utils/libs/wyvern.lua' (@gamemodes/flood/gamemode/utils/xeninui/sh_xeninui.lua (line 42))

L 05/15/2020 - 22:24:25: Lua Error: [AddCSLuaFile] Couldn't find 'flood/gamemode/utils/libs/time.lua' (@gamemodes/flood/gamemode/utils/xeninui/sh_xeninui.lua (line 42))

L 05/15/2020 - 22:24:25: Lua Error: Couldn't include file 'flood\gamemode\utils\libs\promises.lua' (File not found) (@gamemodes/flood/gamemode/utils/xeninui/sh_xeninui.lua (line 48))

L 05/15/2020 - 22:24:25: Lua Error: [AddCSLuaFile] Couldn't find 'flood/gamemode/utils/libs/promises.lua' (@gamemodes/flood/gamemode/utils/xeninui/sh_xeninui.lua (line 42))

L 05/15/2020 - 22:24:25: Lua Error: [AddCSLuaFile] Couldn't find 'flood/gamemode/utils/libs/icon_dl.lua' (@gamemodes/flood/gamemode/utils/xeninui/sh_xeninui.lua (line 42))

L 05/15/2020 - 22:24:25: Lua Error: Couldn't include file 'flood\gamemode\utils\libs\network\core.lua' (File not found) (@gamemodes/flood/gamemode/utils/xeninui/sh_xeninui.lua (line 48))

L 05/15/2020 - 22:24:25: Lua Error: [AddCSLuaFile] Couldn't find 'flood/gamemode/utils/libs/network/core.lua' (@gamemodes/flood/gamemode/utils/xeninui/sh_xeninui.lua (line 42))

L 05/15/2020 - 22:24:25: Lua Error: Couldn't include file 'flood\gamemode\utils\libs\languages\core.lua' (File not found) (@gamemodes/flood/gamemode/utils/xeninui/sh_xeninui.lua (line 48))

L 05/15/2020 - 22:24:25: Lua Error: [AddCSLuaFile] Couldn't find 'flood/gamemode/utils/libs/languages/core.lua' (@gamemodes/flood/gamemode/utils/xeninui/sh_xeninui.lua (line 42))

L 05/15/2020 - 22:24:25: Lua Error: [AddCSLuaFile] Couldn't find 'flood/gamemode/utils/libs/languages/network/client.lua' (@gamemodes/flood/gamemode/utils/xeninui/sh_xeninui.lua (line 42))

L 05/15/2020 - 22:24:25: Lua Error: Couldn't include file 'flood\gamemode\utils\libs\languages\network\server.lua' (File not found) (@gamemodes/flood/gamemode/utils/xeninui/sh_xeninui.lua (line 48))

L 05/15/2020 - 22:24:25: Lua Error: [AddCSLuaFile] Couldn't find 'flood/gamemode/utils/elements/button.lua' (@gamemodes/flood/gamemode/utils/xeninui/sh_xeninui.lua (line 42))

L 05/15/2020 - 22:24:25: Lua Error: [AddCSLuaFile] Couldn't find 'flood/gamemode/utils/elements/frame.lua' (@gamemodes/flood/gamemode/utils/xeninui/sh_xeninui.lua (line 42))

L 05/15/2020 - 22:24:25: Lua Error: [AddCSLuaFile] Couldn't find 'flood/gamemode/utils/elements/navbar.lua' (@gamemodes/flood/gamemode/utils/xeninui/sh_xeninui.lua (line 42))

L 05/15/2020 - 22:24:25: Lua Error: [AddCSLuaFile] Couldn't find 'flood/gamemode/utils/elements/sidebar.lua' (@gamemodes/flood/gamemode/utils/xeninui/sh_xeninui.lua (line 42))

L 05/15/2020 - 22:24:25: Lua Error: [AddCSLuaFile] Couldn't find 'flood/gamemode/utils/elements/textentry.lua' (@gamemodes/flood/gamemode/utils/xeninui/sh_xeninui.lua (line 42))

L 05/15/2020 - 22:24:25: Lua Error: [AddCSLuaFile] Couldn't find 'flood/gamemode/utils/elements/popup.lua' (@gamemodes/flood/gamemode/utils/xeninui/sh_xeninui.lua (line 42))

L 05/15/2020 - 22:24:25: Lua Error: [AddCSLuaFile] Couldn't find 'flood/gamemode/utils/elements/notifications.lua' (@gamemodes/flood/gamemode/utils/xeninui/sh_xeninui.lua (line 42))

L 05/15/2020 - 22:24:25: Lua Error: [AddCSLuaFile] Couldn't find 'flood/gamemode/utils/elements/avatar.lua' (@gamemodes/flood/gamemode/utils/xeninui/sh_xeninui.lua (line 42))

L 05/15/2020 - 22:24:25: Lua Error: [AddCSLuaFile] Couldn't find 'flood/gamemode/utils/elements/dropdown_popup.lua' (@gamemodes/flood/gamemode/utils/xeninui/sh_xeninui.lua (line 42))

L 05/15/2020 - 22:24:25: Lua Error: [AddCSLuaFile] Couldn't find 'flood/gamemode/utils/elements/dropdown_player.lua' (@gamemodes/flood/gamemode/utils/xeninui/sh_xeninui.lua (line 42))

L 05/15/2020 - 22:24:25: Lua Error: [AddCSLuaFile] Couldn't find 'flood/gamemode/utils/elements/category.lua' (@gamemodes/flood/gamemode/utils/xeninui/sh_xeninui.lua (line 42))

L 05/15/2020 - 22:24:25: Lua Error: [AddCSLuaFile] Couldn't find 'flood/gamemode/utils/elements/scrollpanel.lua' (@gamemodes/flood/gamemode/utils/xeninui/sh_xeninui.lua (line 42))

L 05/15/2020 - 22:24:25: Lua Error: [AddCSLuaFile] Couldn't find 'flood/gamemode/utils/elements/checkbox.lua' (@gamemodes/flood/gamemode/utils/xeninui/sh_xeninui.lua (line 42))

L 05/15/2020 - 22:24:25: Lua Error: [AddCSLuaFile] Couldn't find 'flood/gamemode/utils/elements/checkbox_v2.lua' (@gamemodes/flood/gamemode/utils/xeninui/sh_xeninui.lua (line 42))

L 05/15/2020 - 22:24:25: Lua Error: [AddCSLuaFile] Couldn't find 'flood/gamemode/utils/elements/wyvern_scrollbar.lua' (@gamemodes/flood/gamemode/utils/xeninui/sh_xeninui.lua (line 42))

L 05/15/2020 - 22:24:25: Lua Error: [AddCSLuaFile] Couldn't find 'flood/gamemode/utils/elements/wyvern_scrollpanel.lua' (@gamemodes/flood/gamemode/utils/xeninui/sh_xeninui.lua (line 42))

L 05/15/2020 - 22:24:25: Lua Error: [AddCSLuaFile] Couldn't find 'flood/gamemode/utils/elements/query.lua' (@gamemodes/flood/gamemode/utils/xeninui/sh_xeninui.lua (line 42))

L 05/15/2020 - 22:24:25: Lua Error: [AddCSLuaFile] Couldn't find 'flood/gamemode/utils/elements/query_single_button.lua' (@gamemodes/flood/gamemode/utils/xeninui/sh_xeninui.lua (line 42))

L 05/15/2020 - 22:24:25: Lua Error: [AddCSLuaFile] Couldn't find 'flood/gamemode/utils/elements/slider.lua' (@gamemodes/flood/gamemode/utils/xeninui/sh_xeninui.lua (line 42))

L 05/15/2020 - 22:24:25: Lua Error: [AddCSLuaFile] Couldn't find 'flood/gamemode/utils/elements/purchase_confirmation.lua' (@gamemodes/flood/gamemode/utils/xeninui/sh_xeninui.lua (line 42))

L 05/15/2020 - 22:24:25: Lua Error: [AddCSLuaFile] Couldn't find 'flood/gamemode/utils/elements/panel.lua' (@gamemodes/flood/gamemode/utils/xeninui/sh_xeninui.lua (line 42))

L 05/15/2020 - 22:24:25: Lua Error: [AddCSLuaFile] Couldn't find 'flood/gamemode/utils/elements/animated_texture.lua' (@gamemodes/flood/gamemode/utils/xeninui/sh_xeninui.lua (line 42))

L 05/15/2020 - 22:24:25: Lua Error: [AddCSLuaFile] Couldn't find 'flood/gamemode/utils/elements/tooltip.lua' (@gamemodes/flood/gamemode/utils/xeninui/sh_xeninui.lua (line 42))

L 05/15/2020 - 22:24:25: Lua Error: [AddCSLuaFile] Couldn't find 'flood/gamemode/utils/elements/sidebar_animated.lua' (@gamemodes/flood/gamemode/utils/xeninui/sh_xeninui.lua (line 42))

L 05/15/2020 - 22:24:25: Lua Error: [AddCSLuaFile] Couldn't find 'flood/gamemode/utils/elements/sidebar_v2.lua' (@gamemodes/flood/gamemode/utils/xeninui/sh_xeninui.lua (line 42))

L 05/15/2020 - 22:24:25: Lua Error: [AddCSLuaFile] Couldn't find 'flood/gamemode/utils/elements/button_v2.lua' (@gamemodes/flood/gamemode/utils/xeninui/sh_xeninui.lua (line 42))

L 05/15/2020 - 22:24:25: Lua Error: [AddCSLuaFile] Couldn't find 'flood/gamemode/utils/elements/combobox.lua' (@gamemodes/flood/gamemode/utils/xeninui/sh_xeninui.lua (line 42))

L 05/15/2020 - 22:24:25: Lua Error: [AddCSLuaFile] Couldn't find 'flood/gamemode/utils/elements/breadcrumbs.lua' (@gamemodes/flood/gamemode/utils/xeninui/sh_xeninui.lua (line 42))

L 05/15/2020 - 22:24:25: Lua Error: Couldn't include file 'flood\gamemode\utils\server\database\wrapper.lua' (File not found) (@gamemodes/flood/gamemode/utils/xeninui/sh_xeninui.lua (line 48))

L 05/15/2020 - 22:24:25: Lua Error: Couldn't include file 'flood\gamemode\utils\server\orm\table_column.lua' (File not found) (@gamemodes/flood/gamemode/utils/xeninui/sh_xeninui.lua (line 48))

L 05/15/2020 - 22:24:25: Lua Error: Couldn't include file 'flood\gamemode\utils\server\orm\table_constraint.lua' (File not found) (@gamemodes/flood/gamemode/utils/xeninui/sh_xeninui.lua (line 48))

L 05/15/2020 - 22:24:25: Lua Error: Couldn't include file 'flood\gamemode\utils\server\orm\table.lua' (File not found) (@gamemodes/flood/gamemode/utils/xeninui/sh_xeninui.lua (line 48))

L 05/15/2020 - 22:24:25: Lua Error: Couldn't include file 'flood\gamemode\utils\server\orm\query_builder_helpers.lua' (File not found) (@gamemodes/flood/gamemode/utils/xeninui/sh_xeninui.lua (line 48))

L 05/15/2020 - 22:24:25: Lua Error: Couldn't include file 'flood\gamemode\utils\server\orm\query_builder.lua' (File not found) (@gamemodes/flood/gamemode/utils/xeninui/sh_xeninui.lua (line 48))

L 05/15/2020 - 22:24:25: Lua Error: Couldn't include file 'flood\gamemode\utils\server\orm\orm.lua' (File not found) (@gamemodes/flood/gamemode/utils/xeninui/sh_xeninui.lua (line 48))

L 05/15/2020 - 22:24:25: Lua Error: Couldn't include file 'flood\gamemode\utils\libs\scripts\main.lua' (File not found) (@gamemodes/flood/gamemode/utils/xeninui/sh_xeninui.lua (line 48))

L 05/15/2020 - 22:24:25: Lua Error: [AddCSLuaFile] Couldn't find 'flood/gamemode/utils/libs/scripts/main.lua' (@gamemodes/flood/gamemode/utils/xeninui/sh_xeninui.lua (line 42))

L 05/15/2020 - 22:24:25: Lua Error: [AddCSLuaFile] Couldn't find 'flood/gamemode/utils/libs/scripts/network/client.lua' (@gamemodes/flood/gamemode/utils/xeninui/sh_xeninui.lua (line 42))

L 05/15/2020 - 22:24:25: Lua Error: Couldn't include file 'flood\gamemode\utils\libs\scripts\network\server.lua' (File not found) (@gamemodes/flood/gamemode/utils/xeninui/sh_xeninui.lua (line 48))

L 05/15/2020 - 22:24:25: Lua Error: Couldn't include file 'flood\gamemode\utils\libs\permissions.lua' (File not found) (@gamemodes/flood/gamemode/utils/xeninui/sh_xeninui.lua (line 48))

L 05/15/2020 - 22:24:25: Lua Error: [AddCSLuaFile] Couldn't find 'flood/gamemode/utils/libs/permissions.lua' (@gamemodes/flood/gamemode/utils/xeninui/sh_xeninui.lua (line 42))

L 05/15/2020 - 22:24:25: Lua Error: Couldn't include file 'flood\gamemode\utils\libs\config\class.lua' (File not found) (@gamemodes/flood/gamemode/utils/xeninui/sh_xeninui.lua (line 48))

L 05/15/2020 - 22:24:25: Lua Error: [AddCSLuaFile] Couldn't find 'flood/gamemode/utils/libs/config/class.lua' (@gamemodes/flood/gamemode/utils/xeninui/sh_xeninui.lua (line 42))

L 05/15/2020 - 22:24:25: Lua Error: [AddCSLuaFile] Couldn't find 'flood/gamemode/utils/libs/config/network/client.lua' (@gamemodes/flood/gamemode/utils/xeninui/sh_xeninui.lua (line 42))

L 05/15/2020 - 22:24:25: Lua Error: Couldn't include file 'flood\gamemode\utils\libs\config\network\server.lua' (File not found) (@gamemodes/flood/gamemode/utils/xeninui/sh_xeninui.lua (line 48))

L 05/15/2020 - 22:24:25: Lua Error: Couldn't include file 'flood\gamemode\utils\server\notification.lua' (File not found) (@gamemodes/flood/gamemode/utils/xeninui/sh_xeninui.lua (line 48))

L 05/15/2020 - 22:24:25: Lua Error: Couldn't include file 'flood\gamemode\utils\server\database.lua' (File not found) (@gamemodes/flood/gamemode/utils/xeninui/sh_xeninui.lua (line 48))

L 05/15/2020 - 22:24:25: Lua Error: [AddCSLuaFile] Couldn't find 'flood/gamemode/utils/core/ui/main.lua' (@gamemodes/flood/gamemode/utils/xeninui/sh_xeninui.lua (line 42))

L 05/15/2020 - 22:24:25: Lua Error: [AddCSLuaFile] Couldn't find 'flood/gamemode/utils/core/ui/tab.lua' (@gamemodes/flood/gamemode/utils/xeninui/sh_xeninui.lua (line 42))

L 05/15/2020 - 22:24:25: Lua Error: Couldn't include file 'flood\gamemode\utils\libs\units\main.lua' (File not found) (@gamemodes/flood/gamemode/utils/xeninui/sh_xeninui.lua (line 48))

L 05/15/2020 - 22:24:25: Lua Error: [AddCSLuaFile] Couldn't find 'flood/gamemode/utils/libs/units/main.lua' (@gamemodes/flood/gamemode/utils/xeninui/sh_xeninui.lua (line 42))

L 05/15/2020 - 22:24:25: Lua Error: Couldn't include file 'flood\gamemode\utils\libs\units\classes\result.lua' (File not found) (@gamemodes/flood/gamemode/utils/xeninui/sh_xeninui.lua (line 48))

L 05/15/2020 - 22:24:25: Lua Error: [AddCSLuaFile] Couldn't find 'flood/gamemode/utils/libs/units/classes/result.lua' (@gamemodes/flood/gamemode/utils/xeninui/sh_xeninui.lua (line 42))

L 05/15/2020 - 22:24:25: Lua Error: Couldn't include file 'flood\gamemode\utils\libs\units\classes\spec.lua' (File not found) (@gamemodes/flood/gamemode/utils/xeninui/sh_xeninui.lua (line 48))

L 05/15/2020 - 22:24:25: Lua Error: [AddCSLuaFile] Couldn't find 'flood/gamemode/utils/libs/units/classes/spec.lua' (@gamemodes/flood/gamemode/utils/xeninui/sh_xeninui.lua (line 42))

L 05/15/2020 - 22:24:25: Lua Error: Couldn't include file 'flood\gamemode\utils\libs\units\classes\assert.lua' (File not found) (@gamemodes/flood/gamemode/utils/xeninui/sh_xeninui.lua (line 48))

L 05/15/2020 - 22:24:25: Lua Error: [AddCSLuaFile] Couldn't find 'flood/gamemode/utils/libs/units/classes/assert.lua' (@gamemodes/flood/gamemode/utils/xeninui/sh_xeninui.lua (line 42))

L 05/15/2020 - 22:24:25: Lua Error: Couldn't include file 'flood\gamemode\utils\libs\units\classes\test.lua' (File not found) (@gamemodes/flood/gamemode/utils/xeninui/sh_xeninui.lua (line 48))

L 05/15/2020 - 22:24:25: Lua Error: [AddCSLuaFile] Couldn't find 'flood/gamemode/utils/libs/units/classes/test.lua' (@gamemodes/flood/gamemode/utils/xeninui/sh_xeninui.lua (line 42))

L 05/15/2020 - 22:24:25: Lua Error: Couldn't include file 'flood\gamemode\utils\settings\settings.lua' (File not found) (@gamemodes/flood/gamemode/utils/xeninui/sh_xeninui.lua (line 48))

L 05/15/2020 - 22:24:25: Lua Error: [AddCSLuaFile] Couldn't find 'flood/gamemode/utils/settings/settings.lua' (@gamemodes/flood/gamemode/utils/xeninui/sh_xeninui.lua (line 42))

L 05/15/2020 - 22:24:25: Lua Error: [AddCSLuaFile] Couldn't find 'flood/gamemode/utils/libs/debug.lua' (@gamemodes/flood/gamemode/utils/xeninui/sh_xeninui.lua (line 42))

L 05/15/2020 - 22:24:25: Lua Error: [AddCSLuaFile] Couldn't find 'flood/gamemode/utils/libs/animations.lua' (@gamemodes/flood/gamemode/utils/xeninui/sh_xeninui.lua (line 42))

L 05/15/2020 - 22:24:25: Lua Error: [AddCSLuaFile] Couldn't find 'flood/gamemode/utils/libs/shadows.lua' (@gamemodes/flood/gamemode/utils/xeninui/sh_xeninui.lua (line 42))

L 05/15/2020 - 22:24:25: Lua Error: [AddCSLuaFile] Couldn't find 'flood/gamemode/utils/libs/essentials.lua' (@gamemodes/flood/gamemode/utils/xeninui/sh_xeninui.lua (line 42))

L 05/15/2020 - 22:24:25: Lua Error: Couldn't include file 'flood\gamemode\utils\libs\essentials_sh.lua' (File not found) (@gamemodes/flood/gamemode/utils/xeninui/sh_xeninui.lua (line 48))

L 05/15/2020 - 22:24:25: Lua Error: [AddCSLuaFile] Couldn't find 'flood/gamemode/utils/libs/essentials_sh.lua' (@gamemodes/flood/gamemode/utils/xeninui/sh_xeninui.lua (line 42))

L 05/15/2020 - 22:24:25: Lua Error: Couldn't include file 'flood\gamemode\utils\libs\v0n_sh.lua' (File not found) (@gamemodes/flood/gamemode/utils/xeninui/sh_xeninui.lua (line 48))

L 05/15/2020 - 22:24:25: Lua Error: [AddCSLuaFile] Couldn't find 'flood/gamemode/utils/libs/v0n_sh.lua' (@gamemodes/flood/gamemode/utils/xeninui/sh_xeninui.lua (line 42))

L 05/15/2020 - 22:24:25: Lua Error: [AddCSLuaFile] Couldn't find 'flood/gamemode/utils/libs/wyvern.lua' (@gamemodes/flood/gamemode/utils/xeninui/sh_xeninui.lua (line 42))

L 05/15/2020 - 22:24:25: Lua Error: [AddCSLuaFile] Couldn't find 'flood/gamemode/utils/libs/time.lua' (@gamemodes/flood/gamemode/utils/xeninui/sh_xeninui.lua (line 42))

L 05/15/2020 - 22:24:25: Lua Error: Couldn't include file 'flood\gamemode\utils\libs\promises.lua' (File not found) (@gamemodes/flood/gamemode/utils/xeninui/sh_xeninui.lua (line 48))

L 05/15/2020 - 22:24:25: Lua Error: [AddCSLuaFile] Couldn't find 'flood/gamemode/utils/libs/promises.lua' (@gamemodes/flood/gamemode/utils/xeninui/sh_xeninui.lua (line 42))

L 05/15/2020 - 22:24:25: Lua Error: [AddCSLuaFile] Couldn't find 'flood/gamemode/utils/libs/icon_dl.lua' (@gamemodes/flood/gamemode/utils/xeninui/sh_xeninui.lua (line 42))

L 05/15/2020 - 22:24:25: Lua Error: Couldn't include file 'flood\gamemode\utils\libs\network\core.lua' (File not found) (@gamemodes/flood/gamemode/utils/xeninui/sh_xeninui.lua (line 48))

L 05/15/2020 - 22:24:25: Lua Error: [AddCSLuaFile] Couldn't find 'flood/gamemode/utils/libs/network/core.lua' (@gamemodes/flood/gamemode/utils/xeninui/sh_xeninui.lua (line 42))

L 05/15/2020 - 22:24:25: Lua Error: Couldn't include file 'flood\gamemode\utils\libs\languages\core.lua' (File not found) (@gamemodes/flood/gamemode/utils/xeninui/sh_xeninui.lua (line 48))

L 05/15/2020 - 22:24:25: Lua Error: [AddCSLuaFile] Couldn't find 'flood/gamemode/utils/libs/languages/core.lua' (@gamemodes/flood/gamemode/utils/xeninui/sh_xeninui.lua (line 42))

L 05/15/2020 - 22:24:25: Lua Error: [AddCSLuaFile] Couldn't find 'flood/gamemode/utils/libs/languages/network/client.lua' (@gamemodes/flood/gamemode/utils/xeninui/sh_xeninui.lua (line 42))

L 05/15/2020 - 22:24:25: Lua Error: Couldn't include file 'flood\gamemode\utils\libs\languages\network\server.lua' (File not found) (@gamemodes/flood/gamemode/utils/xeninui/sh_xeninui.lua (line 48))

L 05/15/2020 - 22:24:25: Lua Error: [AddCSLuaFile] Couldn't find 'flood/gamemode/utils/elements/button.lua' (@gamemodes/flood/gamemode/utils/xeninui/sh_xeninui.lua (line 42))

L 05/15/2020 - 22:24:25: Lua Error: [AddCSLuaFile] Couldn't find 'flood/gamemode/utils/elements/frame.lua' (@gamemodes/flood/gamemode/utils/xeninui/sh_xeninui.lua (line 42))

L 05/15/2020 - 22:24:25: Lua Error: [AddCSLuaFile] Couldn't find 'flood/gamemode/utils/elements/navbar.lua' (@gamemodes/flood/gamemode/utils/xeninui/sh_xeninui.lua (line 42))

L 05/15/2020 - 22:24:25: Lua Error: [AddCSLuaFile] Couldn't find 'flood/gamemode/utils/elements/sidebar.lua' (@gamemodes/flood/gamemode/utils/xeninui/sh_xeninui.lua (line 42))

L 05/15/2020 - 22:24:25: Lua Error: [AddCSLuaFile] Couldn't find 'flood/gamemode/utils/elements/textentry.lua' (@gamemodes/flood/gamemode/utils/xeninui/sh_xeninui.lua (line 42))

L 05/15/2020 - 22:24:25: Lua Error: [AddCSLuaFile] Couldn't find 'flood/gamemode/utils/elements/popup.lua' (@gamemodes/flood/gamemode/utils/xeninui/sh_xeninui.lua (line 42))

L 05/15/2020 - 22:24:25: Lua Error: [AddCSLuaFile] Couldn't find 'flood/gamemode/utils/elements/notifications.lua' (@gamemodes/flood/gamemode/utils/xeninui/sh_xeninui.lua (line 42))

L 05/15/2020 - 22:24:25: Lua Error: [AddCSLuaFile] Couldn't find 'flood/gamemode/utils/elements/avatar.lua' (@gamemodes/flood/gamemode/utils/xeninui/sh_xeninui.lua (line 42))

L 05/15/2020 - 22:24:25: Lua Error: [AddCSLuaFile] Couldn't find 'flood/gamemode/utils/elements/dropdown_popup.lua' (@gamemodes/flood/gamemode/utils/xeninui/sh_xeninui.lua (line 42))

L 05/15/2020 - 22:24:25: Lua Error: [AddCSLuaFile] Couldn't find 'flood/gamemode/utils/elements/dropdown_player.lua' (@gamemodes/flood/gamemode/utils/xeninui/sh_xeninui.lua (line 42))

L 05/15/2020 - 22:24:25: Lua Error: [AddCSLuaFile] Couldn't find 'flood/gamemode/utils/elements/category.lua' (@gamemodes/flood/gamemode/utils/xeninui/sh_xeninui.lua (line 42))

L 05/15/2020 - 22:24:25: Lua Error: [AddCSLuaFile] Couldn't find 'flood/gamemode/utils/elements/scrollpanel.lua' (@gamemodes/flood/gamemode/utils/xeninui/sh_xeninui.lua (line 42))

L 05/15/2020 - 22:24:25: Lua Error: [AddCSLuaFile] Couldn't find 'flood/gamemode/utils/elements/checkbox.lua' (@gamemodes/flood/gamemode/utils/xeninui/sh_xeninui.lua (line 42))

L 05/15/2020 - 22:24:25: Lua Error: [AddCSLuaFile] Couldn't find 'flood/gamemode/utils/elements/checkbox_v2.lua' (@gamemodes/flood/gamemode/utils/xeninui/sh_xeninui.lua (line 42))

L 05/15/2020 - 22:24:25: Lua Error: [AddCSLuaFile] Couldn't find 'flood/gamemode/utils/elements/wyvern_scrollbar.lua' (@gamemodes/flood/gamemode/utils/xeninui/sh_xeninui.lua (line 42))

L 05/15/2020 - 22:24:25: Lua Error: [AddCSLuaFile] Couldn't find 'flood/gamemode/utils/elements/wyvern_scrollpanel.lua' (@gamemodes/flood/gamemode/utils/xeninui/sh_xeninui.lua (line 42))

L 05/15/2020 - 22:24:25: Lua Error: [AddCSLuaFile] Couldn't find 'flood/gamemode/utils/elements/query.lua' (@gamemodes/flood/gamemode/utils/xeninui/sh_xeninui.lua (line 42))

L 05/15/2020 - 22:24:25: Lua Error: [AddCSLuaFile] Couldn't find 'flood/gamemode/utils/elements/query_single_button.lua' (@gamemodes/flood/gamemode/utils/xeninui/sh_xeninui.lua (line 42))

L 05/15/2020 - 22:24:25: Lua Error: [AddCSLuaFile] Couldn't find 'flood/gamemode/utils/elements/slider.lua' (@gamemodes/flood/gamemode/utils/xeninui/sh_xeninui.lua (line 42))

L 05/15/2020 - 22:24:25: Lua Error: [AddCSLuaFile] Couldn't find 'flood/gamemode/utils/elements/purchase_confirmation.lua' (@gamemodes/flood/gamemode/utils/xeninui/sh_xeninui.lua (line 42))

L 05/15/2020 - 22:24:25: Lua Error: [AddCSLuaFile] Couldn't find 'flood/gamemode/utils/elements/panel.lua' (@gamemodes/flood/gamemode/utils/xeninui/sh_xeninui.lua (line 42))

L 05/15/2020 - 22:24:25: Lua Error: [AddCSLuaFile] Couldn't find 'flood/gamemode/utils/elements/animated_texture.lua' (@gamemodes/flood/gamemode/utils/xeninui/sh_xeninui.lua (line 42))

L 05/15/2020 - 22:24:25: Lua Error: [AddCSLuaFile] Couldn't find 'flood/gamemode/utils/elements/tooltip.lua' (@gamemodes/flood/gamemode/utils/xeninui/sh_xeninui.lua (line 42))

L 05/15/2020 - 22:24:25: Lua Error: [AddCSLuaFile] Couldn't find 'flood/gamemode/utils/elements/sidebar_animated.lua' (@gamemodes/flood/gamemode/utils/xeninui/sh_xeninui.lua (line 42))

L 05/15/2020 - 22:24:25: Lua Error: [AddCSLuaFile] Couldn't find 'flood/gamemode/utils/elements/sidebar_v2.lua' (@gamemodes/flood/gamemode/utils/xeninui/sh_xeninui.lua (line 42))

L 05/15/2020 - 22:24:25: Lua Error: [AddCSLuaFile] Couldn't find 'flood/gamemode/utils/elements/button_v2.lua' (@gamemodes/flood/gamemode/utils/xeninui/sh_xeninui.lua (line 42))

L 05/15/2020 - 22:24:25: Lua Error: [AddCSLuaFile] Couldn't find 'flood/gamemode/utils/elements/combobox.lua' (@gamemodes/flood/gamemode/utils/xeninui/sh_xeninui.lua (line 42))

L 05/15/2020 - 22:24:25: Lua Error: [AddCSLuaFile] Couldn't find 'flood/gamemode/utils/elements/breadcrumbs.lua' (@gamemodes/flood/gamemode/utils/xeninui/sh_xeninui.lua (line 42))

L 05/15/2020 - 22:24:25: Lua Error: Couldn't include file 'flood\gamemode\utils\server\database\wrapper.lua' (File not found) (@gamemodes/flood/gamemode/utils/xeninui/sh_xeninui.lua (line 48))

L 05/15/2020 - 22:24:25: Lua Error: Couldn't include file 'flood\gamemode\utils\server\orm\table_column.lua' (File not found) (@gamemodes/flood/gamemode/utils/xeninui/sh_xeninui.lua (line 48))

L 05/15/2020 - 22:24:25: Lua Error: Couldn't include file 'flood\gamemode\utils\server\orm\table_constraint.lua' (File not found) (@gamemodes/flood/gamemode/utils/xeninui/sh_xeninui.lua (line 48))

L 05/15/2020 - 22:24:25: Lua Error: Couldn't include file 'flood\gamemode\utils\server\orm\table.lua' (File not found) (@gamemodes/flood/gamemode/utils/xeninui/sh_xeninui.lua (line 48))

L 05/15/2020 - 22:24:25: Lua Error: Couldn't include file 'flood\gamemode\utils\server\orm\query_builder_helpers.lua' (File not found) (@gamemodes/flood/gamemode/utils/xeninui/sh_xeninui.lua (line 48))

L 05/15/2020 - 22:24:25: Lua Error: Couldn't include file 'flood\gamemode\utils\server\orm\query_builder.lua' (File not found) (@gamemodes/flood/gamemode/utils/xeninui/sh_xeninui.lua (line 48))

L 05/15/2020 - 22:24:25: Lua Error: Couldn't include file 'flood\gamemode\utils\server\orm\orm.lua' (File not found) (@gamemodes/flood/gamemode/utils/xeninui/sh_xeninui.lua (line 48))

L 05/15/2020 - 22:24:25: Lua Error: Couldn't include file 'flood\gamemode\utils\libs\scripts\main.lua' (File not found) (@gamemodes/flood/gamemode/utils/xeninui/sh_xeninui.lua (line 48))

L 05/15/2020 - 22:24:25: Lua Error: [AddCSLuaFile] Couldn't find 'flood/gamemode/utils/libs/scripts/main.lua' (@gamemodes/flood/gamemode/utils/xeninui/sh_xeninui.lua (line 42))

L 05/15/2020 - 22:24:25: Lua Error: [AddCSLuaFile] Couldn't find 'flood/gamemode/utils/libs/scripts/network/client.lua' (@gamemodes/flood/gamemode/utils/xeninui/sh_xeninui.lua (line 42))

L 05/15/2020 - 22:24:25: Lua Error: Couldn't include file 'flood\gamemode\utils\libs\scripts\network\server.lua' (File not found) (@gamemodes/flood/gamemode/utils/xeninui/sh_xeninui.lua (line 48))

L 05/15/2020 - 22:24:25: Lua Error: Couldn't include file 'flood\gamemode\utils\libs\permissions.lua' (File not found) (@gamemodes/flood/gamemode/utils/xeninui/sh_xeninui.lua (line 48))

L 05/15/2020 - 22:24:25: Lua Error: [AddCSLuaFile] Couldn't find 'flood/gamemode/utils/libs/permissions.lua' (@gamemodes/flood/gamemode/utils/xeninui/sh_xeninui.lua (line 42))

L 05/15/2020 - 22:24:25: Lua Error: Couldn't include file 'flood\gamemode\utils\libs\config\class.lua' (File not found) (@gamemodes/flood/gamemode/utils/xeninui/sh_xeninui.lua (line 48))

L 05/15/2020 - 22:24:25: Lua Error: [AddCSLuaFile] Couldn't find 'flood/gamemode/utils/libs/config/class.lua' (@gamemodes/flood/gamemode/utils/xeninui/sh_xeninui.lua (line 42))

L 05/15/2020 - 22:24:25: Lua Error: [AddCSLuaFile] Couldn't find 'flood/gamemode/utils/libs/config/network/client.lua' (@gamemodes/flood/gamemode/utils/xeninui/sh_xeninui.lua (line 42))

L 05/15/2020 - 22:24:25: Lua Error: Couldn't include file 'flood\gamemode\utils\libs\config\network\server.lua' (File not found) (@gamemodes/flood/gamemode/utils/xeninui/sh_xeninui.lua (line 48))

L 05/15/2020 - 22:24:25: Lua Error: Couldn't include file 'flood\gamemode\utils\server\notification.lua' (File not found) (@gamemodes/flood/gamemode/utils/xeninui/sh_xeninui.lua (line 48))

L 05/15/2020 - 22:24:25: Lua Error: Couldn't include file 'flood\gamemode\utils\server\database.lua' (File not found) (@gamemodes/flood/gamemode/utils/xeninui/sh_xeninui.lua (line 48))

L 05/15/2020 - 22:24:25: Lua Error: [AddCSLuaFile] Couldn't find 'flood/gamemode/utils/core/ui/main.lua' (@gamemodes/flood/gamemode/utils/xeninui/sh_xeninui.lua (line 42))

L 05/15/2020 - 22:24:25: Lua Error: [AddCSLuaFile] Couldn't find 'flood/gamemode/utils/core/ui/tab.lua' (@gamemodes/flood/gamemode/utils/xeninui/sh_xeninui.lua (line 42))

L 05/15/2020 - 22:24:25: Lua Error: Couldn't include file 'flood\gamemode\utils\libs\units\main.lua' (File not found) (@gamemodes/flood/gamemode/utils/xeninui/sh_xeninui.lua (line 48))

L 05/15/2020 - 22:24:25: Lua Error: [AddCSLuaFile] Couldn't find 'flood/gamemode/utils/libs/units/main.lua' (@gamemodes/flood/gamemode/utils/xeninui/sh_xeninui.lua (line 42))

L 05/15/2020 - 22:24:25: Lua Error: Couldn't include file 'flood\gamemode\utils\libs\units\classes\result.lua' (File not found) (@gamemodes/flood/gamemode/utils/xeninui/sh_xeninui.lua (line 48))

L 05/15/2020 - 22:24:25: Lua Error: [AddCSLuaFile] Couldn't find 'flood/gamemode/utils/libs/units/classes/result.lua' (@gamemodes/flood/gamemode/utils/xeninui/sh_xeninui.lua (line 42))

L 05/15/2020 - 22:24:25: Lua Error: Couldn't include file 'flood\gamemode\utils\libs\units\classes\spec.lua' (File not found) (@gamemodes/flood/gamemode/utils/xeninui/sh_xeninui.lua (line 48))

L 05/15/2020 - 22:24:25: Lua Error: [AddCSLuaFile] Couldn't find 'flood/gamemode/utils/libs/units/classes/spec.lua' (@gamemodes/flood/gamemode/utils/xeninui/sh_xeninui.lua (line 42))

L 05/15/2020 - 22:24:25: Lua Error: Couldn't include file 'flood\gamemode\utils\libs\units\classes\assert.lua' (File not found) (@gamemodes/flood/gamemode/utils/xeninui/sh_xeninui.lua (line 48))

L 05/15/2020 - 22:24:25: Lua Error: [AddCSLuaFile] Couldn't find 'flood/gamemode/utils/libs/units/classes/assert.lua' (@gamemodes/flood/gamemode/utils/xeninui/sh_xeninui.lua (line 42))

L 05/15/2020 - 22:24:25: Lua Error: Couldn't include file 'flood\gamemode\utils\libs\units\classes\test.lua' (File not found) (@gamemodes/flood/gamemode/utils/xeninui/sh_xeninui.lua (line 48))

L 05/15/2020 - 22:24:25: Lua Error: [AddCSLuaFile] Couldn't find 'flood/gamemode/utils/libs/units/classes/test.lua' (@gamemodes/flood/gamemode/utils/xeninui/sh_xeninui.lua (line 42))

L 05/15/2020 - 22:24:40: Lua Error: Couldn't include file 'flood\gamemode\utils\settings\settings.lua' (File not found) (@gamemodes/flood/gamemode/utils/xeninui/sh_xeninui.lua (line 48))

L 05/15/2020 - 22:24:40: Lua Error: [AddCSLuaFile] Couldn't find 'flood/gamemode/utils/settings/settings.lua' (@gamemodes/flood/gamemode/utils/xeninui/sh_xeninui.lua (line 42))

L 05/15/2020 - 22:24:40: Lua Error: [AddCSLuaFile] Couldn't find 'flood/gamemode/utils/libs/debug.lua' (@gamemodes/flood/gamemode/utils/xeninui/sh_xeninui.lua (line 42))

L 05/15/2020 - 22:24:40: Lua Error: [AddCSLuaFile] Couldn't find 'flood/gamemode/utils/libs/animations.lua' (@gamemodes/flood/gamemode/utils/xeninui/sh_xeninui.lua (line 42))

L 05/15/2020 - 22:24:40: Lua Error: [AddCSLuaFile] Couldn't find 'flood/gamemode/utils/libs/shadows.lua' (@gamemodes/flood/gamemode/utils/xeninui/sh_xeninui.lua (line 42))

L 05/15/2020 - 22:24:40: Lua Error: [AddCSLuaFile] Couldn't find 'flood/gamemode/utils/libs/essentials.lua' (@gamemodes/flood/gamemode/utils/xeninui/sh_xeninui.lua (line 42))

L 05/15/2020 - 22:24:40: Lua Error: Couldn't include file 'flood\gamemode\utils\libs\essentials_sh.lua' (File not found) (@gamemodes/flood/gamemode/utils/xeninui/sh_xeninui.lua (line 48))

L 05/15/2020 - 22:24:40: Lua Error: [AddCSLuaFile] Couldn't find 'flood/gamemode/utils/libs/essentials_sh.lua' (@gamemodes/flood/gamemode/utils/xeninui/sh_xeninui.lua (line 42))

L 05/15/2020 - 22:24:40: Lua Error: Couldn't include file 'flood\gamemode\utils\libs\v0n_sh.lua' (File not found) (@gamemodes/flood/gamemode/utils/xeninui/sh_xeninui.lua (line 48))

L 05/15/2020 - 22:24:40: Lua Error: [AddCSLuaFile] Couldn't find 'flood/gamemode/utils/libs/v0n_sh.lua' (@gamemodes/flood/gamemode/utils/xeninui/sh_xeninui.lua (line 42))

L 05/15/2020 - 22:24:40: Lua Error: [AddCSLuaFile] Couldn't find 'flood/gamemode/utils/libs/wyvern.lua' (@gamemodes/flood/gamemode/utils/xeninui/sh_xeninui.lua (line 42))

L 05/15/2020 - 22:24:40: Lua Error: [AddCSLuaFile] Couldn't find 'flood/gamemode/utils/libs/time.lua' (@gamemodes/flood/gamemode/utils/xeninui/sh_xeninui.lua (line 42))

L 05/15/2020 - 22:24:40: Lua Error: Couldn't include file 'flood\gamemode\utils\libs\promises.lua' (File not found) (@gamemodes/flood/gamemode/utils/xeninui/sh_xeninui.lua (line 48))

L 05/15/2020 - 22:24:40: Lua Error: [AddCSLuaFile] Couldn't find 'flood/gamemode/utils/libs/promises.lua' (@gamemodes/flood/gamemode/utils/xeninui/sh_xeninui.lua (line 42))

L 05/15/2020 - 22:24:40: Lua Error: [AddCSLuaFile] Couldn't find 'flood/gamemode/utils/libs/icon_dl.lua' (@gamemodes/flood/gamemode/utils/xeninui/sh_xeninui.lua (line 42))

L 05/15/2020 - 22:24:40: Lua Error: Couldn't include file 'flood\gamemode\utils\libs\network\core.lua' (File not found) (@gamemodes/flood/gamemode/utils/xeninui/sh_xeninui.lua (line 48))

L 05/15/2020 - 22:24:40: Lua Error: [AddCSLuaFile] Couldn't find 'flood/gamemode/utils/libs/network/core.lua' (@gamemodes/flood/gamemode/utils/xeninui/sh_xeninui.lua (line 42))

L 05/15/2020 - 22:24:40: Lua Error: Couldn't include file 'flood\gamemode\utils\libs\languages\core.lua' (File not found) (@gamemodes/flood/gamemode/utils/xeninui/sh_xeninui.lua (line 48))

L 05/15/2020 - 22:24:40: Lua Error: [AddCSLuaFile] Couldn't find 'flood/gamemode/utils/libs/languages/core.lua' (@gamemodes/flood/gamemode/utils/xeninui/sh_xeninui.lua (line 42))

L 05/15/2020 - 22:24:40: Lua Error: [AddCSLuaFile] Couldn't find 'flood/gamemode/utils/libs/languages/network/client.lua' (@gamemodes/flood/gamemode/utils/xeninui/sh_xeninui.lua (line 42))

L 05/15/2020 - 22:24:40: Lua Error: Couldn't include file 'flood\gamemode\utils\libs\languages\network\server.lua' (File not found) (@gamemodes/flood/gamemode/utils/xeninui/sh_xeninui.lua (line 48))

L 05/15/2020 - 22:24:40: Lua Error: [AddCSLuaFile] Couldn't find 'flood/gamemode/utils/elements/button.lua' (@gamemodes/flood/gamemode/utils/xeninui/sh_xeninui.lua (line 42))

L 05/15/2020 - 22:24:40: Lua Error: [AddCSLuaFile] Couldn't find 'flood/gamemode/utils/elements/frame.lua' (@gamemodes/flood/gamemode/utils/xeninui/sh_xeninui.lua (line 42))

L 05/15/2020 - 22:24:40: Lua Error: [AddCSLuaFile] Couldn't find 'flood/gamemode/utils/elements/navbar.lua' (@gamemodes/flood/gamemode/utils/xeninui/sh_xeninui.lua (line 42))

L 05/15/2020 - 22:24:40: Lua Error: [AddCSLuaFile] Couldn't find 'flood/gamemode/utils/elements/sidebar.lua' (@gamemodes/flood/gamemode/utils/xeninui/sh_xeninui.lua (line 42))

L 05/15/2020 - 22:24:40: Lua Error: [AddCSLuaFile] Couldn't find 'flood/gamemode/utils/elements/textentry.lua' (@gamemodes/flood/gamemode/utils/xeninui/sh_xeninui.lua (line 42))

L 05/15/2020 - 22:24:41: Lua Error: [AddCSLuaFile] Couldn't find 'flood/gamemode/utils/elements/popup.lua' (@gamemodes/flood/gamemode/utils/xeninui/sh_xeninui.lua (line 42))

L 05/15/2020 - 22:24:41: Lua Error: [AddCSLuaFile] Couldn't find 'flood/gamemode/utils/elements/notifications.lua' (@gamemodes/flood/gamemode/utils/xeninui/sh_xeninui.lua (line 42))

L 05/15/2020 - 22:24:41: Lua Error: [AddCSLuaFile] Couldn't find 'flood/gamemode/utils/elements/avatar.lua' (@gamemodes/flood/gamemode/utils/xeninui/sh_xeninui.lua (line 42))

L 05/15/2020 - 22:24:41: Lua Error: [AddCSLuaFile] Couldn't find 'flood/gamemode/utils/elements/dropdown_popup.lua' (@gamemodes/flood/gamemode/utils/xeninui/sh_xeninui.lua (line 42))

L 05/15/2020 - 22:24:41: Lua Error: [AddCSLuaFile] Couldn't find 'flood/gamemode/utils/elements/dropdown_player.lua' (@gamemodes/flood/gamemode/utils/xeninui/sh_xeninui.lua (line 42))

L 05/15/2020 - 22:24:41: Lua Error: [AddCSLuaFile] Couldn't find 'flood/gamemode/utils/elements/category.lua' (@gamemodes/flood/gamemode/utils/xeninui/sh_xeninui.lua (line 42))

L 05/15/2020 - 22:24:41: Lua Error: [AddCSLuaFile] Couldn't find 'flood/gamemode/utils/elements/scrollpanel.lua' (@gamemodes/flood/gamemode/utils/xeninui/sh_xeninui.lua (line 42))

L 05/15/2020 - 22:24:41: Lua Error: [AddCSLuaFile] Couldn't find 'flood/gamemode/utils/elements/checkbox.lua' (@gamemodes/flood/gamemode/utils/xeninui/sh_xeninui.lua (line 42))

L 05/15/2020 - 22:24:41: Lua Error: [AddCSLuaFile] Couldn't find 'flood/gamemode/utils/elements/checkbox_v2.lua' (@gamemodes/flood/gamemode/utils/xeninui/sh_xeninui.lua (line 42))

L 05/15/2020 - 22:24:41: Lua Error: [AddCSLuaFile] Couldn't find 'flood/gamemode/utils/elements/wyvern_scrollbar.lua' (@gamemodes/flood/gamemode/utils/xeninui/sh_xeninui.lua (line 42))

L 05/15/2020 - 22:24:41: Lua Error: [AddCSLuaFile] Couldn't find 'flood/gamemode/utils/elements/wyvern_scrollpanel.lua' (@gamemodes/flood/gamemode/utils/xeninui/sh_xeninui.lua (line 42))

L 05/15/2020 - 22:24:41: Lua Error: [AddCSLuaFile] Couldn't find 'flood/gamemode/utils/elements/query.lua' (@gamemodes/flood/gamemode/utils/xeninui/sh_xeninui.lua (line 42))

L 05/15/2020 - 22:24:41: Lua Error: [AddCSLuaFile] Couldn't find 'flood/gamemode/utils/elements/query_single_button.lua' (@gamemodes/flood/gamemode/utils/xeninui/sh_xeninui.lua (line 42))

L 05/15/2020 - 22:24:41: Lua Error: [AddCSLuaFile] Couldn't find 'flood/gamemode/utils/el