L 05/16/2020 - 22:30:34: Log file started (file "logs\L0516010.log") (game "D:\sup\steamapps\common\GarrysModDS\garrysmod") (version "7794")
L 05/16/2020 - 22:30:34: server_cvar: "sv_alltalk" "3"
L 05/16/2020 - 22:30:36: Connection to Steam servers successful.
L 05/16/2020 - 22:30:36:    Public IP is 31.130.42.26.
L 05/16/2020 - 22:30:36: Assigned anonymous gameserver Steam ID [A-1:3442724872(14747)].
L 05/16/2020 - 22:30:36: VAC secure mode is activated.
L 05/16/2020 - 22:30:41: "DidVaitel<2><STEAM_0:1:74202541><>" connected, address "26.162.207.202:27006"
L 05/16/2020 - 22:30:42: "DidVaitel<2><STEAM_0:1:74202541><>" STEAM USERID validated
L 05/16/2020 - 22:30:46: "DidVaitel<2><STEAM_0:1:74202541><>" entered the game
L 05/16/2020 - 22:57:52: "DidVaitel<2><STEAM_0:1:74202541><>" disconnected (reason "Disconnect by user.")
L 05/16/2020 - 22:57:53: "DidVaitel<3><STEAM_0:1:74202541><>" connected, address "26.162.207.202:27006"
L 05/16/2020 - 22:57:53: "DidVaitel<3><STEAM_0:1:74202541><>" STEAM USERID validated
L 05/16/2020 - 22:57:59: "DidVaitel<3><STEAM_0:1:74202541><>" entered the game
L 05/16/2020 - 23:00:50: "DidVaitel<3><STEAM_0:1:74202541><>" disconnected (reason "Disconnect by user.")
L 05/16/2020 - 23:00:51: "DidVaitel<4><STEAM_0:1:74202541><>" connected, address "26.162.207.202:27006"
L 05/16/2020 - 23:00:51: "DidVaitel<4><STEAM_0:1:74202541><>" STEAM USERID validated
L 05/16/2020 - 23:00:55: "DidVaitel<4><STEAM_0:1:74202541><>" entered the game
L 05/16/2020 - 23:05:00: "DidVaitel<4><STEAM_0:1:74202541><>" disconnected (reason "Disconnect by user.")
L 05/16/2020 - 23:05:00: "DidVaitel<5><STEAM_0:1:74202541><>" connected, address "26.162.207.202:27006"
L 05/16/2020 - 23:05:01: "DidVaitel<5><STEAM_0:1:74202541><>" STEAM USERID validated
L 05/16/2020 - 23:05:05: "DidVaitel<5><STEAM_0:1:74202541><>" entered the game
L 05/16/2020 - 23:05:22: "DidVaitel<5><STEAM_0:1:74202541><>" disconnected (reason "Disconnect by user.")
L 05/16/2020 - 23:05:23: "DidVaitel<6><STEAM_0:1:74202541><>" connected, address "26.162.207.202:27006"
L 05/16/2020 - 23:05:23: "DidVaitel<6><STEAM_0:1:74202541><>" STEAM USERID validated
L 05/16/2020 - 23:05:27: "DidVaitel<6><STEAM_0:1:74202541><>" entered the game
L 05/16/2020 - 23:06:23: "DidVaitel<6><STEAM_0:1:74202541><>" disconnected (reason "Server shutting down")
L 05/16/2020 - 23:06:23: server_message: "quit"
L 05/16/2020 - 23:06:23: Log file closed.
