L 05/19/2020 - 05:53:58: Log file started (file "logs\L0519008.log") (game "D:\sup\steamapps\common\GarrysModDS\garrysmod") (version "7794")
L 05/19/2020 - 05:53:58: server_cvar: "sv_alltalk" "3"
L 05/19/2020 - 05:53:59: Connection to Steam servers successful.
L 05/19/2020 - 05:53:59:    Public IP is 31.130.42.26.
L 05/19/2020 - 05:53:59: Assigned anonymous gameserver Steam ID [A-1:2580514816(14760)].
L 05/19/2020 - 05:53:59: VAC secure mode is activated.
L 05/19/2020 - 05:54:11: "DidVaitel<2><STEAM_0:1:74202541><>" connected, address "26.162.207.202:27006"
L 05/19/2020 - 05:54:11: "DidVaitel<2><STEAM_0:1:74202541><>" STEAM USERID validated
L 05/19/2020 - 05:54:15: "DidVaitel<2><STEAM_0:1:74202541><>" entered the game
L 05/19/2020 - 05:54:32: Lua Error: 
lua/autorun/server/sourcenet/incoming.lua:35: attempt to call global 'FindPlayerByNetChannel' (a nil value)
  1. v - lua/autorun/server/sourcenet/incoming.lua:35
   2. unknown - lua/includes/modules/hook.lua:84


L 05/19/2020 - 05:54:32: Lua Error: 
lua/autorun/server/sourcenet/incoming.lua:35: attempt to call global 'FindPlayerByNetChannel' (a nil value)
  1. v - lua/autorun/server/sourcenet/incoming.lua:35
   2. unknown - lua/includes/modules/hook.lua:84


L 05/19/2020 - 05:54:32: Lua Error: 
lua/autorun/server/sourcenet/incoming.lua:35: attempt to call global 'FindPlayerByNetChannel' (a nil value)
  1. v - lua/autorun/server/sourcenet/incoming.lua:35
   2. unknown - lua/includes/modules/hook.lua:84


L 05/19/2020 - 05:54:32: Lua Error: 
lua/autorun/server/sourcenet/incoming.lua:35: attempt to call global 'FindPlayerByNetChannel' (a nil value)
  1. v - lua/autorun/server/sourcenet/incoming.lua:35
   2. unknown - lua/includes/modules/hook.lua:84


L 05/19/2020 - 05:54:32: Lua Error: 
lua/autorun/server/sourcenet/incoming.lua:35: attempt to call global 'FindPlayerByNetChannel' (a nil value)
  1. v - lua/autorun/server/sourcenet/incoming.lua:35
   2. unknown - lua/includes/modules/hook.lua:84


L 05/19/2020 - 05:54:34: Lua Error: 
lua/autorun/server/sourcenet/incoming.lua:35: attempt to call global 'FindPlayerByNetChannel' (a nil value)
  1. v - lua/autorun/server/sourcenet/incoming.lua:35
   2. unknown - lua/includes/modules/hook.lua:84


L 05/19/2020 - 05:54:34: Lua Error: 
lua/autorun/server/sourcenet/incoming.lua:35: attempt to call global 'FindPlayerByNetChannel' (a nil value)
  1. v - lua/autorun/server/sourcenet/incoming.lua:35
   2. unknown - lua/includes/modules/hook.lua:84


L 05/19/2020 - 05:54:34: Lua Error: 
lua/autorun/server/sourcenet/incoming.lua:35: attempt to call global 'FindPlayerByNetChannel' (a nil value)
  1. v - lua/autorun/server/sourcenet/incoming.lua:35
   2. unknown - lua/includes/modules/hook.lua:84


L 05/19/2020 - 05:54:34: Lua Error: 
lua/autorun/server/sourcenet/incoming.lua:35: attempt to call global 'FindPlayerByNetChannel' (a nil value)
  1. v - lua/autorun/server/sourcenet/incoming.lua:35
   2. unknown - lua/includes/modules/hook.lua:84


L 05/19/2020 - 05:54:34: Lua Error: 
lua/autorun/server/sourcenet/incoming.lua:35: attempt to call global 'FindPlayerByNetChannel' (a nil value)
  1. v - lua/autorun/server/sourcenet/incoming.lua:35
   2. unknown - lua/includes/modules/hook.lua:84


L 05/19/2020 - 05:54:34: Lua Error: 
lua/autorun/server/sourcenet/incoming.lua:35: attempt to call global 'FindPlayerByNetChannel' (a nil value)
  1. v - lua/autorun/server/sourcenet/incoming.lua:35
   2. unknown - lua/includes/modules/hook.lua:84


L 05/19/2020 - 05:54:34: Lua Error: 
lua/autorun/server/sourcenet/incoming.lua:35: attempt to call global 'FindPlayerByNetChannel' (a nil value)
  1. v - lua/autorun/server/sourcenet/incoming.lua:35
   2. unknown - lua/includes/modules/hook.lua:84


L 05/19/2020 - 05:54:34: Lua Error: 
lua/autorun/server/sourcenet/incoming.lua:35: attempt to call global 'FindPlayerByNetChannel' (a nil value)
  1. v - lua/autorun/server/sourcenet/incoming.lua:35
   2. unknown - lua/includes/modules/hook.lua:84


L 05/19/2020 - 05:54:34: Lua Error: 
lua/autorun/server/sourcenet/incoming.lua:35: attempt to call global 'FindPlayerByNetChannel' (a nil value)
  1. v - lua/autorun/server/sourcenet/incoming.lua:35
   2. unknown - lua/includes/modules/hook.lua:84


L 05/19/2020 - 05:54:34: Lua Error: 
lua/autorun/server/sourcenet/incoming.lua:35: attempt to call global 'FindPlayerByNetChannel' (a nil value)
  1. v - lua/autorun/server/sourcenet/incoming.lua:35
   2. unknown - lua/includes/modules/hook.lua:84


L 05/19/2020 - 05:54:34: Lua Error: 
lua/autorun/server/sourcenet/incoming.lua:35: attempt to call global 'FindPlayerByNetChannel' (a nil value)
  1. v - lua/autorun/server/sourcenet/incoming.lua:35
   2. unknown - lua/includes/modules/hook.lua:84


L 05/19/2020 - 05:54:34: Lua Error: 
lua/autorun/server/sourcenet/incoming.lua:35: attempt to call global 'FindPlayerByNetChannel' (a nil value)
  1. v - lua/autorun/server/sourcenet/incoming.lua:35
   2. unknown - lua/includes/modules/hook.lua:84


L 05/19/2020 - 05:54:34: Lua Error: 
lua/autorun/server/sourcenet/incoming.lua:35: attempt to call global 'FindPlayerByNetChannel' (a nil value)
  1. v - lua/autorun/server/sourcenet/incoming.lua:35
   2. unknown - lua/includes/modules/hook.lua:84


L 05/19/2020 - 05:54:35: Lua Error: 
lua/autorun/server/sourcenet/incoming.lua:35: attempt to call global 'FindPlayerByNetChannel' (a nil value)
  1. v - lua/autorun/server/sourcenet/incoming.lua:35
   2. unknown - lua/includes/modules/hook.lua:84


L 05/19/2020 - 05:54:35: Lua Error: 
lua/autorun/server/sourcenet/incoming.lua:35: attempt to call global 'FindPlayerByNetChannel' (a nil value)
  1. v - lua/autorun/server/sourcenet/incoming.lua:35
   2. unknown - lua/includes/modules/hook.lua:84


L 05/19/2020 - 05:54:35: Lua Error: 
lua/autorun/server/sourcenet/incoming.lua:35: attempt to call global 'FindPlayerByNetChannel' (a nil value)
  1. v - lua/autorun/server/sourcenet/incoming.lua:35
   2. unknown - lua/includes/modules/hook.lua:84


L 05/19/2020 - 05:54:35: Lua Error: 
lua/autorun/server/sourcenet/incoming.lua:35: attempt to call global 'FindPlayerByNetChannel' (a nil value)
  1. v - lua/autorun/server/sourcenet/incoming.lua:35
   2. unknown - lua/includes/modules/hook.lua:84


L 05/19/2020 - 05:54:35: Lua Error: 
lua/autorun/server/sourcenet/incoming.lua:35: attempt to call global 'FindPlayerByNetChannel' (a nil value)
  1. v - lua/autorun/server/sourcenet/incoming.lua:35
   2. unknown - lua/includes/modules/hook.lua:84


L 05/19/2020 - 05:54:35: Lua Error: 
lua/autorun/server/sourcenet/incoming.lua:35: attempt to call global 'FindPlayerByNetChannel' (a nil value)
  1. v - lua/autorun/server/sourcenet/incoming.lua:35
   2. unknown - lua/includes/modules/hook.lua:84


L 05/19/2020 - 05:54:35: Lua Error: 
lua/autorun/server/sourcenet/incoming.lua:35: attempt to call global 'FindPlayerByNetChannel' (a nil value)
  1. v - lua/autorun/server/sourcenet/incoming.lua:35
   2. unknown - lua/includes/modules/hook.lua:84


L 05/19/2020 - 05:54:35: Lua Error: 
lua/autorun/server/sourcenet/incoming.lua:35: attempt to call global 'FindPlayerByNetChannel' (a nil value)
  1. v - lua/autorun/server/sourcenet/incoming.lua:35
   2. unknown - lua/includes/modules/hook.lua:84


L 05/19/2020 - 05:54:35: Lua Error: 
lua/autorun/server/sourcenet/incoming.lua:35: attempt to call global 'FindPlayerByNetChannel' (a nil value)
  1. v - lua/autorun/server/sourcenet/incoming.lua:35
   2. unknown - lua/includes/modules/hook.lua:84


L 05/19/2020 - 05:54:35: Lua Error: 
lua/autorun/server/sourcenet/incoming.lua:35: attempt to call global 'FindPlayerByNetChannel' (a nil value)
  1. v - lua/autorun/server/sourcenet/incoming.lua:35
   2. unknown - lua/includes/modules/hook.lua:84


L 05/19/2020 - 05:54:35: Lua Error: 
lua/autorun/server/sourcenet/incoming.lua:35: attempt to call global 'FindPlayerByNetChannel' (a nil value)
  1. v - lua/autorun/server/sourcenet/incoming.lua:35
   2. unknown - lua/includes/modules/hook.lua:84


L 05/19/2020 - 05:54:36: Lua Error: 
lua/autorun/server/sourcenet/incoming.lua:35: attempt to call global 'FindPlayerByNetChannel' (a nil value)
  1. v - lua/autorun/server/sourcenet/incoming.lua:35
   2. unknown - lua/includes/modules/hook.lua:84


L 05/19/2020 - 05:54:36: Lua Error: 
lua/autorun/server/sourcenet/incoming.lua:35: attempt to call global 'FindPlayerByNetChannel' (a nil value)
  1. v - lua/autorun/server/sourcenet/incoming.lua:35
   2. unknown - lua/includes/modules/hook.lua:84


L 05/19/2020 - 05:54:36: Lua Error: 
lua/autorun/server/sourcenet/incoming.lua:35: attempt to call global 'FindPlayerByNetChannel' (a nil value)
  1. v - lua/autorun/server/sourcenet/incoming.lua:35
   2. unknown - lua/includes/modules/hook.lua:84


L 05/19/2020 - 05:54:36: Lua Error: 
lua/autorun/server/sourcenet/incoming.lua:35: attempt to call global 'FindPlayerByNetChannel' (a nil value)
  1. v - lua/autorun/server/sourcenet/incoming.lua:35
   2. unknown - lua/includes/modules/hook.lua:84


L 05/19/2020 - 05:54:36: Lua Error: 
lua/autorun/server/sourcenet/incoming.lua:35: attempt to call global 'FindPlayerByNetChannel' (a nil value)
  1. v - lua/autorun/server/sourcenet/incoming.lua:35
   2. unknown - lua/includes/modules/hook.lua:84


L 05/19/2020 - 05:54:36: Lua Error: 
lua/autorun/server/sourcenet/incoming.lua:35: attempt to call global 'FindPlayerByNetChannel' (a nil value)
  1. v - lua/autorun/server/sourcenet/incoming.lua:35
   2. unknown - lua/includes/modules/hook.lua:84


L 05/19/2020 - 05:54:36: Lua Error: 
lua/autorun/server/sourcenet/incoming.lua:35: attempt to call global 'FindPlayerByNetChannel' (a nil value)
  1. v - lua/autorun/server/sourcenet/incoming.lua:35
   2. unknown - lua/includes/modules/hook.lua:84


L 05/19/2020 - 05:54:36: Lua Error: 
lua/autorun/server/sourcenet/incoming.lua:35: attempt to call global 'FindPlayerByNetChannel' (a nil value)
  1. v - lua/autorun/server/sourcenet/incoming.lua:35
   2. unknown - lua/includes/modules/hook.lua:84


L 05/19/2020 - 05:54:36: Lua Error: 
lua/autorun/server/sourcenet/incoming.lua:35: attempt to call global 'FindPlayerByNetChannel' (a nil value)
  1. v - lua/autorun/server/sourcenet/incoming.lua:35
   2. unknown - lua/includes/modules/hook.lua:84


L 05/19/2020 - 05:54:36: Lua Error: 
lua/autorun/server/sourcenet/incoming.lua:35: attempt to call global 'FindPlayerByNetChannel' (a nil value)
  1. v - lua/autorun/server/sourcenet/incoming.lua:35
   2. unknown - lua/includes/modules/hook.lua:84


L 05/19/2020 - 05:54:36: Lua Error: 
lua/autorun/server/sourcenet/incoming.lua:35: attempt to call global 'FindPlayerByNetChannel' (a nil value)
  1. v - lua/autorun/server/sourcenet/incoming.lua:35
   2. unknown - lua/includes/modules/hook.lua:84


L 05/19/2020 - 05:54:36: Lua Error: 
lua/autorun/server/sourcenet/incoming.lua:35: attempt to call global 'FindPlayerByNetChannel' (a nil value)
  1. v - lua/autorun/server/sourcenet/incoming.lua:35
   2. unknown - lua/includes/modules/hook.lua:84


L 05/19/2020 - 05:54:36: Lua Error: 
lua/autorun/server/sourcenet/incoming.lua:35: attempt to call global 'FindPlayerByNetChannel' (a nil value)
  1. v - lua/autorun/server/sourcenet/incoming.lua:35
   2. unknown - lua/includes/modules/hook.lua:84


L 05/19/2020 - 05:54:36: Lua Error: 
lua/autorun/server/sourcenet/incoming.lua:35: attempt to call global 'FindPlayerByNetChannel' (a nil value)
  1. v - lua/autorun/server/sourcenet/incoming.lua:35
   2. unknown - lua/includes/modules/hook.lua:84


L 05/19/2020 - 05:54:36: Lua Error: 
lua/autorun/server/sourcenet/incoming.lua:35: attempt to call global 'FindPlayerByNetChannel' (a nil value)
  1. v - lua/autorun/server/sourcenet/incoming.lua:35
   2. unknown - lua/includes/modules/hook.lua:84


L 05/19/2020 - 05:54:36: Lua Error: 
lua/autorun/server/sourcenet/incoming.lua:35: attempt to call global 'FindPlayerByNetChannel' (a nil value)
  1. v - lua/autorun/server/sourcenet/incoming.lua:35
   2. unknown - lua/includes/modules/hook.lua:84


L 05/19/2020 - 05:54:37: Lua Error: 
lua/autorun/server/sourcenet/incoming.lua:35: attempt to call global 'FindPlayerByNetChannel' (a nil value)
  1. v - lua/autorun/server/sourcenet/incoming.lua:35
   2. unknown - lua/includes/modules/hook.lua:84


L 05/19/2020 - 05:54:37: Lua Error: 
lua/autorun/server/sourcenet/incoming.lua:35: attempt to call global 'FindPlayerByNetChannel' (a nil value)
  1. v - lua/autorun/server/sourcenet/incoming.lua:35
   2. unknown - lua/includes/modules/hook.lua:84


L 05/19/2020 - 05:54:37: Lua Error: 
lua/autorun/server/sourcenet/incoming.lua:35: attempt to call global 'FindPlayerByNetChannel' (a nil value)
  1. v - lua/autorun/server/sourcenet/incoming.lua:35
   2. unknown - lua/includes/modules/hook.lua:84


L 05/19/2020 - 05:54:37: Lua Error: 
lua/autorun/server/sourcenet/incoming.lua:35: attempt to call global 'FindPlayerByNetChannel' (a nil value)
  1. v - lua/autorun/server/sourcenet/incoming.lua:35
   2. unknown - lua/includes/modules/hook.lua:84


L 05/19/2020 - 05:54:37: Lua Error: 
lua/autorun/server/sourcenet/incoming.lua:35: attempt to call global 'FindPlayerByNetChannel' (a nil value)
  1. v - lua/autorun/server/sourcenet/incoming.lua:35
   2. unknown - lua/includes/modules/hook.lua:84


L 05/19/2020 - 05:54:40: Lua Error: 
lua/autorun/server/sourcenet/incoming.lua:35: attempt to call global 'FindPlayerByNetChannel' (a nil value)
  1. v - lua/autorun/server/sourcenet/incoming.lua:35
   2. unknown - lua/includes/modules/hook.lua:84


L 05/19/2020 - 05:54:40: Lua Error: 
lua/autorun/server/sourcenet/incoming.lua:35: attempt to call global 'FindPlayerByNetChannel' (a nil value)
  1. v - lua/autorun/server/sourcenet/incoming.lua:35
   2. unknown - lua/includes/modules/hook.lua:84


L 05/19/2020 - 05:54:40: Lua Error: 
lua/autorun/server/sourcenet/incoming.lua:35: attempt to call global 'FindPlayerByNetChannel' (a nil value)
  1. v - lua/autorun/server/sourcenet/incoming.lua:35
   2. unknown - lua/includes/modules/hook.lua:84


L 05/19/2020 - 05:54:40: Lua Error: 
lua/autorun/server/sourcenet/incoming.lua:35: attempt to call global 'FindPlayerByNetChannel' (a nil value)
  1. v - lua/autorun/server/sourcenet/incoming.lua:35
   2. unknown - lua/includes/modules/hook.lua:84


L 05/19/2020 - 05:54:40: Lua Error: 
lua/autorun/server/sourcenet/incoming.lua:35: attempt to call global 'FindPlayerByNetChannel' (a nil value)
  1. v - lua/autorun/server/sourcenet/incoming.lua:35
   2. unknown - lua/includes/modules/hook.lua:84


L 05/19/2020 - 05:54:41: Lua Error: 
lua/autorun/server/sourcenet/incoming.lua:35: attempt to call global 'FindPlayerByNetChannel' (a nil value)
  1. v - lua/autorun/server/sourcenet/incoming.lua:35
   2. unknown - lua/includes/modules/hook.lua:84


L 05/19/2020 - 05:54:41: Lua Error: 
lua/autorun/server/sourcenet/incoming.lua:35: attempt to call global 'FindPlayerByNetChannel' (a nil value)
  1. v - lua/autorun/server/sourcenet/incoming.lua:35
   2. unknown - lua/includes/modules/hook.lua:84


L 05/19/2020 - 05:54:41: Lua Error: 
lua/autorun/server/sourcenet/incoming.lua:35: attempt to call global 'FindPlayerByNetChannel' (a nil value)
  1. v - lua/autorun/server/sourcenet/incoming.lua:35
   2. unknown - lua/includes/modules/hook.lua:84


L 05/19/2020 - 05:54:41: Lua Error: 
lua/autorun/server/sourcenet/incoming.lua:35: attempt to call global 'FindPlayerByNetChannel' (a nil value)
  1. v - lua/autorun/server/sourcenet/incoming.lua:35
   2. unknown - lua/includes/modules/hook.lua:84


L 05/19/2020 - 05:54:41: Lua Error: 
lua/autorun/server/sourcenet/incoming.lua:35: attempt to call global 'FindPlayerByNetChannel' (a nil value)
  1. v - lua/autorun/server/sourcenet/incoming.lua:35
   2. unknown - lua/includes/modules/hook.lua:84


L 05/19/2020 - 05:54:41: Lua Error: 
lua/autorun/server/sourcenet/incoming.lua:35: attempt to call global 'FindPlayerByNetChannel' (a nil value)
  1. v - lua/autorun/server/sourcenet/incoming.lua:35
   2. unknown - lua/includes/modules/hook.lua:84


L 05/19/2020 - 05:54:41: Lua Error: 
lua/autorun/server/sourcenet/incoming.lua:35: attempt to call global 'FindPlayerByNetChannel' (a nil value)
  1. v - lua/autorun/server/sourcenet/incoming.lua:35
   2. unknown - lua/includes/modules/hook.lua:84


L 05/19/2020 - 05:54:41: Lua Error: 
lua/autorun/server/sourcenet/incoming.lua:35: attempt to call global 'FindPlayerByNetChannel' (a nil value)
  1. v - lua/autorun/server/sourcenet/incoming.lua:35
   2. unknown - lua/includes/modules/hook.lua:84


L 05/19/2020 - 05:54:41: Lua Error: 
lua/autorun/server/sourcenet/incoming.lua:35: attempt to call global 'FindPlayerByNetChannel' (a nil value)
  1. v - lua/autorun/server/sourcenet/incoming.lua:35
   2. unknown - lua/includes/modules/hook.lua:84


L 05/19/2020 - 05:54:41: Lua Error: 
lua/autorun/server/sourcenet/incoming.lua:35: attempt to call global 'FindPlayerByNetChannel' (a nil value)
  1. v - lua/autorun/server/sourcenet/incoming.lua:35
   2. unknown - lua/includes/modules/hook.lua:84


L 05/19/2020 - 05:54:41: Lua Error: 
lua/autorun/server/sourcenet/incoming.lua:35: attempt to call global 'FindPlayerByNetChannel' (a nil value)
  1. v - lua/autorun/server/sourcenet/incoming.lua:35
   2. unknown - lua/includes/modules/hook.lua:84


L 05/19/2020 - 05:54:41: Lua Error: 
lua/autorun/server/sourcenet/incoming.lua:35: attempt to call global 'FindPlayerByNetChannel' (a nil value)
  1. v - lua/autorun/server/sourcenet/incoming.lua:35
   2. unknown - lua/includes/modules/hook.lua:84


L 05/19/2020 - 05:54:41: Lua Error: 
lua/autorun/server/sourcenet/incoming.lua:35: attempt to call global 'FindPlayerByNetChannel' (a nil value)
  1. v - lua/autorun/server/sourcenet/incoming.lua:35
   2. unknown - lua/includes/modules/hook.lua:84


L 05/19/2020 - 05:54:41: Lua Error: 
lua/autorun/server/sourcenet/incoming.lua:35: attempt to call global 'FindPlayerByNetChannel' (a nil value)
  1. v - lua/autorun/server/sourcenet/incoming.lua:35
   2. unknown - lua/includes/modules/hook.lua:84


L 05/19/2020 - 05:54:41: Lua Error: 
lua/autorun/server/sourcenet/incoming.lua:35: attempt to call global 'FindPlayerByNetChannel' (a nil value)
  1. v - lua/autorun/server/sourcenet/incoming.lua:35
   2. unknown - lua/includes/modules/hook.lua:84


L 05/19/2020 - 05:54:41: Lua Error: 
lua/autorun/server/sourcenet/incoming.lua:35: attempt to call global 'FindPlayerByNetChannel' (a nil value)
  1. v - lua/autorun/server/sourcenet/incoming.lua:35
   2. unknown - lua/includes/modules/hook.lua:84


L 05/19/2020 - 05:54:41: Lua Error: 
lua/autorun/server/sourcenet/incoming.lua:35: attempt to call global 'FindPlayerByNetChannel' (a nil value)
  1. v - lua/autorun/server/sourcenet/incoming.lua:35
   2. unknown - lua/includes/modules/hook.lua:84


L 05/19/2020 - 05:54:42: Lua Error: 
lua/autorun/server/sourcenet/incoming.lua:35: attempt to call global 'FindPlayerByNetChannel' (a nil value)
  1. v - lua/autorun/server/sourcenet/incoming.lua:35
   2. unknown - lua/includes/modules/hook.lua:84


L 05/19/2020 - 05:54:42: Lua Error: 
lua/autorun/server/sourcenet/incoming.lua:35: attempt to call global 'FindPlayerByNetChannel' (a nil value)
  1. v - lua/autorun/server/sourcenet/incoming.lua:35
   2. unknown - lua/includes/modules/hook.lua:84


L 05/19/2020 - 05:54:42: Lua Error: 
lua/autorun/server/sourcenet/incoming.lua:35: attempt to call global 'FindPlayerByNetChannel' (a nil value)
  1. v - lua/autorun/server/sourcenet/incoming.lua:35
   2. unknown - lua/includes/modules/hook.lua:84


L 05/19/2020 - 05:54:42: Lua Error: 
lua/autorun/server/sourcenet/incoming.lua:35: attempt to call global 'FindPlayerByNetChannel' (a nil value)
  1. v - lua/autorun/server/sourcenet/incoming.lua:35
   2. unknown - lua/includes/modules/hook.lua:84


L 05/19/2020 - 05:54:42: Lua Error: 
lua/autorun/server/sourcenet/incoming.lua:35: attempt to call global 'FindPlayerByNetChannel' (a nil value)
  1. v - lua/autorun/server/sourcenet/incoming.lua:35
   2. unknown - lua/includes/modules/hook.lua:84


L 05/19/2020 - 05:54:42: Lua Error: 
lua/autorun/server/sourcenet/incoming.lua:35: attempt to call global 'FindPlayerByNetChannel' (a nil value)
  1. v - lua/autorun/server/sourcenet/incoming.lua:35
   2. unknown - lua/includes/modules/hook.lua:84


L 05/19/2020 - 05:54:42: Lua Error: 
lua/autorun/server/sourcenet/incoming.lua:35: attempt to call global 'FindPlayerByNetChannel' (a nil value)
  1. v - lua/autorun/server/sourcenet/incoming.lua:35
   2. unknown - lua/includes/modules/hook.lua:84


L 05/19/2020 - 05:54:42: Lua Error: 
lua/autorun/server/sourcenet/incoming.lua:35: attempt to call global 'FindPlayerByNetChannel' (a nil value)
  1. v - lua/autorun/server/sourcenet/incoming.lua:35
   2. unknown - lua/includes/modules/hook.lua:84


L 05/19/2020 - 05:54:42: Lua Error: 
lua/autorun/server/sourcenet/incoming.lua:35: attempt to call global 'FindPlayerByNetChannel' (a nil value)
  1. v - lua/autorun/server/sourcenet/incoming.lua:35
   2. unknown - lua/includes/modules/hook.lua:84


L 05/19/2020 - 05:54:42: Lua Error: 
lua/autorun/server/sourcenet/incoming.lua:35: attempt to call global 'FindPlayerByNetChannel' (a nil value)
  1. v - lua/autorun/server/sourcenet/incoming.lua:35
   2. unknown - lua/includes/modules/hook.lua:84


L 05/19/2020 - 05:54:42: Lua Error: 
lua/autorun/server/sourcenet/incoming.lua:35: attempt to call global 'FindPlayerByNetChannel' (a nil value)
  1. v - lua/autorun/server/sourcenet/incoming.lua:35
   2. unknown - lua/includes/modules/hook.lua:84


L 05/19/2020 - 05:54:42: Lua Error: 
lua/autorun/server/sourcenet/incoming.lua:35: attempt to call global 'FindPlayerByNetChannel' (a nil value)
  1. v - lua/autorun/server/sourcenet/incoming.lua:35
   2. unknown - lua/includes/modules/hook.lua:84


L 05/19/2020 - 05:54:42: Lua Error: 
lua/autorun/server/sourcenet/incoming.lua:35: attempt to call global 'FindPlayerByNetChannel' (a nil value)
  1. v - lua/autorun/server/sourcenet/incoming.lua:35
   2. unknown - lua/includes/modules/hook.lua:84


L 05/19/2020 - 05:54:42: Lua Error: 
lua/autorun/server/sourcenet/incoming.lua:35: attempt to call global 'FindPlayerByNetChannel' (a nil value)
  1. v - lua/autorun/server/sourcenet/incoming.lua:35
   2. unknown - lua/includes/modules/hook.lua:84


L 05/19/2020 - 05:54:42: Lua Error: 
lua/autorun/server/sourcenet/incoming.lua:35: attempt to call global 'FindPlayerByNetChannel' (a nil value)
  1. v - lua/autorun/server/sourcenet/incoming.lua:35
   2. unknown - lua/includes/modules/hook.lua:84


L 05/19/2020 - 05:54:43: Lua Error: 
lua/autorun/server/sourcenet/incoming.lua:35: attempt to call global 'FindPlayerByNetChannel' (a nil value)
  1. v - lua/autorun/server/sourcenet/incoming.lua:35
   2. unknown - lua/includes/modules/hook.lua:84


L 05/19/2020 - 05:54:43: Lua Error: 
lua/autorun/server/sourcenet/incoming.lua:35: attempt to call global 'FindPlayerByNetChannel' (a nil value)
  1. v - lua/autorun/server/sourcenet/incoming.lua:35
   2. unknown - lua/includes/modules/hook.lua:84


L 05/19/2020 - 05:54:43: Lua Error: 
lua/autorun/server/sourcenet/incoming.lua:35: attempt to call global 'FindPlayerByNetChannel' (a nil value)
  1. v - lua/autorun/server/sourcenet/incoming.lua:35
   2. unknown - lua/includes/modules/hook.lua:84


L 05/19/2020 - 05:54:43: Lua Error: 
lua/autorun/server/sourcenet/incoming.lua:35: attempt to call global 'FindPlayerByNetChannel' (a nil value)
  1. v - lua/autorun/server/sourcenet/incoming.lua:35
   2. unknown - lua/includes/modules/hook.lua:84


L 05/19/2020 - 05:54:43: Lua Error: 
lua/autorun/server/sourcenet/incoming.lua:35: attempt to call global 'FindPlayerByNetChannel' (a nil value)
  1. v - lua/autorun/server/sourcenet/incoming.lua:35
   2. unknown - lua/includes/modules/hook.lua:84


L 05/19/2020 - 05:54:43: Lua Error: 
lua/autorun/server/sourcenet/incoming.lua:35: attempt to call global 'FindPlayerByNetChannel' (a nil value)
  1. v - lua/autorun/server/sourcenet/incoming.lua:35
   2. unknown - lua/includes/modules/hook.lua:84


L 05/19/2020 - 05:54:43: Lua Error: 
lua/autorun/server/sourcenet/incoming.lua:35: attempt to call global 'FindPlayerByNetChannel' (a nil value)
  1. v - lua/autorun/server/sourcenet/incoming.lua:35
   2. unknown - lua/includes/modules/hook.lua:84


L 05/19/2020 - 05:54:43: Lua Error: 
lua/autorun/server/sourcenet/incoming.lua:35: attempt to call global 'FindPlayerByNetChannel' (a nil value)
  1. v - lua/autorun/server/sourcenet/incoming.lua:35
   2. unknown - lua/includes/modules/hook.lua:84


L 05/19/2020 - 05:54:45: Lua Error: 
lua/autorun/server/sourcenet/incoming.lua:35: attempt to call global 'FindPlayerByNetChannel' (a nil value)
  1. v - lua/autorun/server/sourcenet/incoming.lua:35
   2. unknown - lua/includes/modules/hook.lua:84


L 05/19/2020 - 05:54:45: Lua Error: 
lua/autorun/server/sourcenet/incoming.lua:35: attempt to call global 'FindPlayerByNetChannel' (a nil value)
  1. v - lua/autorun/server/sourcenet/incoming.lua:35
   2. unknown - lua/includes/modules/hook.lua:84


L 05/19/2020 - 05:54:45: Lua Error: 
lua/autorun/server/sourcenet/incoming.lua:35: attempt to call global 'FindPlayerByNetChannel' (a nil value)
  1. v - lua/autorun/server/sourcenet/incoming.lua:35
   2. unknown - lua/includes/modules/hook.lua:84


L 05/19/2020 - 05:54:45: Lua Error: 
lua/autorun/server/sourcenet/incoming.lua:35: attempt to call global 'FindPlayerByNetChannel' (a nil value)
  1. v - lua/autorun/server/sourcenet/incoming.lua:35
   2. unknown - lua/includes/modules/hook.lua:84


L 05/19/2020 - 05:54:45: Lua Error: 
lua/autorun/server/sourcenet/incoming.lua:35: attempt to call global 'FindPlayerByNetChannel' (a nil value)
  1. v - lua/autorun/server/sourcenet/incoming.lua:35
   2. unknown - lua/includes/modules/hook.lua:84


L 05/19/2020 - 05:54:45: Lua Error: 
lua/autorun/server/sourcenet/incoming.lua:35: attempt to call global 'FindPlayerByNetChannel' (a nil value)
  1. v - lua/autorun/server/sourcenet/incoming.lua:35
   2. unknown - lua/includes/modules/hook.lua:84


L 05/19/2020 - 05:54:45: Lua Error: 
lua/autorun/server/sourcenet/incoming.lua:35: attempt to call global 'FindPlayerByNetChannel' (a nil value)
  1. v - lua/autorun/server/sourcenet/incoming.lua:35
   2. unknown - lua/includes/modules/hook.lua:84


L 05/19/2020 - 05:54:45: Lua Error: 
lua/autorun/server/sourcenet/incoming.lua:35: attempt to call global 'FindPlayerByNetChannel' (a nil value)
  1. v - lua/autorun/server/sourcenet/incoming.lua:35
   2. unknown - lua/includes/modules/hook.lua:84


L 05/19/2020 - 05:54:45: Lua Error: 
lua/autorun/server/sourcenet/incoming.lua:35: attempt to call global 'FindPlayerByNetChannel' (a nil value)
  1. v - lua/autorun/server/sourcenet/incoming.lua:35
   2. unknown - lua/includes/modules/hook.lua:84


L 05/19/2020 - 05:54:45: Lua Error: 
lua/autorun/server/sourcenet/incoming.lua:35: attempt to call global 'FindPlayerByNetChannel' (a nil value)
  1. v - lua/autorun/server/sourcenet/incoming.lua:35
   2. unknown - lua/includes/modules/hook.lua:84


L 05/19/2020 - 05:54:45: Lua Error: 
lua/autorun/server/sourcenet/incoming.lua:35: attempt to call global 'FindPlayerByNetChannel' (a nil value)
  1. v - lua/autorun/server/sourcenet/incoming.lua:35
   2. unknown - lua/includes/modules/hook.lua:84


L 05/19/2020 - 05:54:45: Lua Error: 
lua/autorun/server/sourcenet/incoming.lua:35: attempt to call global 'FindPlayerByNetChannel' (a nil value)
  1. v - lua/autorun/server/sourcenet/incoming.lua:35
   2. unknown - lua/includes/modules/hook.lua:84


L 05/19/2020 - 05:54:45: Lua Error: 
lua/autorun/server/sourcenet/incoming.lua:35: attempt to call global 'FindPlayerByNetChannel' (a nil value)
  1. v - lua/autorun/server/sourcenet/incoming.lua:35
   2. unknown - lua/includes/modules/hook.lua:84


L 05/19/2020 - 05:54:45: Lua Error: 
lua/autorun/server/sourcenet/incoming.lua:35: attempt to call global 'FindPlayerByNetChannel' (a nil value)
  1. v - lua/autorun/server/sourcenet/incoming.lua:35
   2. unknown - lua/includes/modules/hook.lua:84


L 05/19/2020 - 05:54:45: Lua Error: 
lua/autorun/server/sourcenet/incoming.lua:35: attempt to call global 'FindPlayerByNetChannel' (a nil value)
  1. v - lua/autorun/server/sourcenet/incoming.lua:35
   2. unknown - lua/includes/modules/hook.lua:84


L 05/19/2020 - 05:54:45: Lua Error: 
lua/autorun/server/sourcenet/incoming.lua:35: attempt to call global 'FindPlayerByNetChannel' (a nil value)
  1. v - lua/autorun/server/sourcenet/incoming.lua:35
   2. unknown - lua/includes/modules/hook.lua:84


L 05/19/2020 - 05:54:46: Lua Error: 
lua/autorun/server/sourcenet/incoming.lua:35: attempt to call global 'FindPlayerByNetChannel' (a nil value)
  1. v - lua/autorun/server/sourcenet/incoming.lua:35
   2. unknown - lua/includes/modules/hook.lua:84


L 05/19/2020 - 05:54:46: Lua Error: 
lua/autorun/server/sourcenet/incoming.lua:35: attempt to call global 'FindPlayerByNetChannel' (a nil value)
  1. v - lua/autorun/server/sourcenet/incoming.lua:35
   2. unknown - lua/includes/modules/hook.lua:84


L 05/19/2020 - 05:54:46: Lua Error: 
lua/autorun/server/sourcenet/incoming.lua:35: attempt to call global 'FindPlayerByNetChannel' (a nil value)
  1. v - lua/autorun/server/sourcenet/incoming.lua:35
   2. unknown - lua/includes/modules/hook.lua:84


L 05/19/2020 - 05:54:46: Lua Error: 
lua/autorun/server/sourcenet/incoming.lua:35: attempt to call global 'FindPlayerByNetChannel' (a nil value)
  1. v - lua/autorun/server/sourcenet/incoming.lua:35
   2. unknown - lua/includes/modules/hook.lua:84


L 05/19/2020 - 05:54:46: Lua Error: 
lua/autorun/server/sourcenet/incoming.lua:35: attempt to call global 'FindPlayerByNetChannel' (a nil value)
  1. v - lua/autorun/server/sourcenet/incoming.lua:35
   2. unknown - lua/includes/modules/hook.lua:84


L 05/19/2020 - 05:54:46: Lua Error: 
lua/autorun/server/sourcenet/incoming.lua:35: attempt to call global 'FindPlayerByNetChannel' (a nil value)
  1. v - lua/autorun/server/sourcenet/incoming.lua:35
   2. unknown - lua/includes/modules/hook.lua:84


L 05/19/2020 - 05:54:46: Lua Error: 
lua/autorun/server/sourcenet/incoming.lua:35: attempt to call global 'FindPlayerByNetChannel' (a nil value)
  1. v - lua/autorun/server/sourcenet/incoming.lua:35
   2. unknown - lua/includes/modules/hook.lua:84


L 05/19/2020 - 05:55:04: Lua Error: 
lua/autorun/server/sourcenet/incoming.lua:35: attempt to call global 'FindPlayerByNetChannel' (a nil value)
  1. v - lua/autorun/server/sourcenet/incoming.lua:35
   2. unknown - lua/includes/modules/hook.lua:84


L 05/19/2020 - 05:55:04: Lua Error: 
lua/autorun/server/sourcenet/incoming.lua:35: attempt to call global 'FindPlayerByNetChannel' (a nil value)
  1. v - lua/autorun/server/sourcenet/incoming.lua:35
   2. unknown - lua/includes/modules/hook.lua:84


L 05/19/2020 - 05:55:04: Lua Error: 
lua/autorun/server/sourcenet/incoming.lua:35: attempt to call global 'FindPlayerByNetChannel' (a nil value)
  1. v - lua/autorun/server/sourcenet/incoming.lua:35
   2. unknown - lua/includes/modules/hook.lua:84


L 05/19/2020 - 05:55:04: Lua Error: 
lua/autorun/server/sourcenet/incoming.lua:35: attempt to call global 'FindPlayerByNetChannel' (a nil value)
  1. v - lua/autorun/server/sourcenet/incoming.lua:35
   2. unknown - lua/includes/modules/hook.lua:84


L 05/19/2020 - 05:55:04: Lua Error: 
lua/autorun/server/sourcenet/incoming.lua:35: attempt to call global 'FindPlayerByNetChannel' (a nil value)
  1. v - lua/autorun/server/sourcenet/incoming.lua:35
   2. unknown - lua/includes/modules/hook.lua:84


L 05/19/2020 - 05:55:04: Lua Error: 
lua/autorun/server/sourcenet/incoming.lua:35: attempt to call global 'FindPlayerByNetChannel' (a nil value)
  1. v - lua/autorun/server/sourcenet/incoming.lua:35
   2. unknown - lua/includes/modules/hook.lua:84


L 05/19/2020 - 05:55:05: Lua Error: 
lua/autorun/server/sourcenet/incoming.lua:35: attempt to call global 'FindPlayerByNetChannel' (a nil value)
  1. v - lua/autorun/server/sourcenet/incoming.lua:35
   2. unknown - lua/includes/modules/hook.lua:84


L 05/19/2020 - 05:55:05: Lua Error: 
lua/autorun/server/sourcenet/incoming.lua:35: attempt to call global 'FindPlayerByNetChannel' (a nil value)
  1. v - lua/autorun/server/sourcenet/incoming.lua:35
   2. unknown - lua/includes/modules/hook.lua:84


L 05/19/2020 - 05:55:05: Lua Error: 
lua/autorun/server/sourcenet/incoming.lua:35: attempt to call global 'FindPlayerByNetChannel' (a nil value)
  1. v - lua/autorun/server/sourcenet/incoming.lua:35
   2. unknown - lua/includes/modules/hook.lua:84


L 05/19/2020 - 05:55:05: Lua Error: 
lua/autorun/server/sourcenet/incoming.lua:35: attempt to call global 'FindPlayerByNetChannel' (a nil value)
  1. v - lua/autorun/server/sourcenet/incoming.lua:35
   2. unknown - lua/includes/modules/hook.lua:84


L 05/19/2020 - 05:55:05: Lua Error: 
lua