L 05/16/2020 - 23:30:18: Log file started (file "logs\L0516013.log") (game "D:\sup\steamapps\common\GarrysModDS\garrysmod") (version "7794")
L 05/16/2020 - 23:30:18: server_cvar: "sv_alltalk" "3"
L 05/16/2020 - 23:30:21: "DidVaitel<2><STEAM_0:1:74202541><>" connected, address "26.162.207.202:27006"
L 05/16/2020 - 23:30:22: Connection to Steam servers successful.
L 05/16/2020 - 23:30:22:    Public IP is 31.130.42.26.
L 05/16/2020 - 23:30:22: Assigned anonymous gameserver Steam ID [A-1:4232025088(14747)].
L 05/16/2020 - 23:30:23: VAC secure mode is activated.
L 05/16/2020 - 23:30:23: "DidVaitel<2><STEAM_0:1:74202541><>" STEAM USERID validated
L 05/16/2020 - 23:30:26: "DidVaitel<2><STEAM_0:1:74202541><>" entered the game
L 05/16/2020 - 23:31:53: "darwen.mon271<3><STEAM_0:1:538381520><>" connected, address "93.171.173.22:55000"
L 05/16/2020 - 23:31:53: "darwen.mon271<3><STEAM_0:1:538381520><>" STEAM USERID validated
L 05/16/2020 - 23:34:21: "darwen.mon271<3><STEAM_0:1:538381520><>" disconnected (reason "Disconnect by user.")
L 05/16/2020 - 23:58:32: "DidVaitel<2><STEAM_0:1:74202541><>" disconnected (reason "Disconnect by user.")
L 05/16/2020 - 23:58:33: "DidVaitel<4><STEAM_0:1:74202541><>" connected, address "26.162.207.202:27006"
L 05/16/2020 - 23:58:33: "DidVaitel<4><STEAM_0:1:74202541><>" STEAM USERID validated
L 05/16/2020 - 23:58:37: "DidVaitel<4><STEAM_0:1:74202541><>" entered the game
L 05/17/2020 - 00:32:56: "DidVaitel<4><STEAM_0:1:74202541><>" disconnected (reason "Disconnect by user.")
L 05/17/2020 - 00:32:57: "DidVaitel<5><STEAM_0:1:74202541><>" connected, address "26.162.207.202:27006"
L 05/17/2020 - 00:32:58: "DidVaitel<5><STEAM_0:1:74202541><>" STEAM USERID validated
L 05/17/2020 - 00:33:02: "DidVaitel<5><STEAM_0:1:74202541><>" entered the game
L 05/17/2020 - 00:33:41: "DidVaitel<5><STEAM_0:1:74202541><>" disconnected (reason "Server shutting down")
L 05/17/2020 - 00:33:41: server_message: "quit"
L 05/17/2020 - 00:33:41: Log file closed.
