L 05/19/2020 - 07:05:22: Log file started (file "logs\L0519016.log") (game "D:\sup\steamapps\common\GarrysModDS\garrysmod") (version "7794")
L 05/19/2020 - 07:05:22: server_cvar: "sv_alltalk" "3"
L 05/19/2020 - 07:05:23: Connection to Steam servers successful.
L 05/19/2020 - 07:05:23:    Public IP is 31.130.42.26.
L 05/19/2020 - 07:05:23: Assigned anonymous gameserver Steam ID [A-1:3538506760(14760)].
L 05/19/2020 - 07:05:23: VAC secure mode is activated.
L 05/19/2020 - 07:05:26: "DidVaitel<2><STEAM_0:1:74202541><>" connected, address "26.162.207.202:27006"
L 05/19/2020 - 07:05:27: "DidVaitel<2><STEAM_0:1:74202541><>" STEAM USERID validated
L 05/19/2020 - 07:05:41: "Bot01<3><BOT><>" connected, address "none"
L 05/19/2020 - 07:05:41: "Bot01<3><BOT><>" entered the game
L 05/19/2020 - 07:05:42: "Bot02<4><BOT><>" connected, address "none"
L 05/19/2020 - 07:05:42: "Bot02<4><BOT><>" entered the game
L 05/19/2020 - 07:05:45: STEAMAUTH: Client DidVaitel received failure code 6
L 05/19/2020 - 07:05:45: "DidVaitel<2><STEAM_0:1:74202541><>" disconnected (reason "Client left game (Steam auth ticket has been canceled)
")
L 05/19/2020 - 07:05:45: "Bot01<3><BOT><>" disconnected (reason "Punting bot, server is hibernating")
L 05/19/2020 - 07:05:45: "Bot02<4><BOT><>" disconnected (reason "Punting bot, server is hibernating")
L 05/19/2020 - 07:05:46: "DidVaitel<5><STEAM_0:1:74202541><>" connected, address "26.162.207.202:27006"
L 05/19/2020 - 07:05:46: "DidVaitel<5><STEAM_0:1:74202541><>" STEAM USERID validated
L 05/19/2020 - 07:06:15: "DidVaitel<5><STEAM_0:1:74202541><>" disconnected (reason "Disconnect by user.")
L 05/19/2020 - 07:06:16: "DidVaitel<6><STEAM_0:1:74202541><>" connected, address "26.162.207.202:27006"
L 05/19/2020 - 07:06:16: "DidVaitel<6><STEAM_0:1:74202541><>" STEAM USERID validated
L 05/19/2020 - 07:06:29: "DidVaitel<6><STEAM_0:1:74202541><>" entered the game
L 05/19/2020 - 07:06:50: "DidVaitel<6><STEAM_0:1:74202541><>" disconnected (reason "Idiot")
L 05/19/2020 - 07:06:53: "DidVaitel<7><STEAM_0:1:74202541><>" connected, address "26.162.207.202:27006"
L 05/19/2020 - 07:06:54: "DidVaitel<7><STEAM_0:1:74202541><>" STEAM USERID validated
L 05/19/2020 - 07:06:58: "DidVaitel<7><STEAM_0:1:74202541><>" entered the game
L 05/19/2020 - 07:07:20: "Bot03<8><BOT><>" connected, address "none"
L 05/19/2020 - 07:07:20: "Bot03<8><BOT><>" entered the game
L 05/19/2020 - 07:07:21: "Bot04<9><BOT><>" connected, address "none"
L 05/19/2020 - 07:07:21: "Bot04<9><BOT><>" entered the game
L 05/19/2020 - 07:07:21: "Bot05<10><BOT><>" connected, address "none"
L 05/19/2020 - 07:07:21: "Bot05<10><BOT><>" entered the game
L 05/19/2020 - 07:07:22: "Bot06<11><BOT><>" connected, address "none"
L 05/19/2020 - 07:07:22: "Bot06<11><BOT><>" entered the game
L 05/19/2020 - 07:07:22: "Bot07<12><BOT><>" connected, address "none"
L 05/19/2020 - 07:07:22: "Bot07<12><BOT><>" entered the game
L 05/19/2020 - 07:07:23: "Bot08<13><BOT><>" connected, address "none"
L 05/19/2020 - 07:07:23: "Bot08<13><BOT><>" entered the game
L 05/19/2020 - 07:07:23: "Bot09<14><BOT><>" connected, address "none"
L 05/19/2020 - 07:07:23: "Bot09<14><BOT><>" entered the game
L 05/19/2020 - 07:07:24: "Bot10<15><BOT><>" connected, address "none"
L 05/19/2020 - 07:07:24: "Bot10<15><BOT><>" entered the game
L 05/19/2020 - 07:07:27: "DidVaitel<7><STEAM_0:1:74202541><>" disconnected (reason "Idiot")
L 05/19/2020 - 07:07:27: "Bot03<8><BOT><>" disconnected (reason "Punting bot, server is hibernating")
L 05/19/2020 - 07:07:27: "Bot04<9><BOT><>" disconnected (reason "Punting bot, server is hibernating")
L 05/19/2020 - 07:07:27: "Bot05<10><BOT><>" disconnected (reason "Punting bot, server is hibernating")
L 05/19/2020 - 07:07:27: "Bot06<11><BOT><>" disconnected (reason "Punting bot, server is hibernating")
L 05/19/2020 - 07:07:27: "Bot07<12><BOT><>" disconnected (reason "Punting bot, server is hibernating")
L 05/19/2020 - 07:07:27: "Bot08<13><BOT><>" disconnected (reason "Punting bot, server is hibernating")
L 05/19/2020 - 07:07:27: "Bot09<14><BOT><>" disconnected (reason "Punting bot, server is hibernating")
L 05/19/2020 - 07:07:27: "Bot10<15><BOT><>" disconnected (reason "Punting bot, server is hibernating")
L 05/19/2020 - 07:07:30: "DidVaitel<16><STEAM_0:1:74202541><>" connected, address "26.162.207.202:27006"
L 05/19/2020 - 07:07:30: "DidVaitel<16><STEAM_0:1:74202541><>" STEAM USERID validated
L 05/19/2020 - 07:07:35: "DidVaitel<16><STEAM_0:1:74202541><>" entered the game
L 05/19/2020 - 07:08:06: Lua Error: Couldn't include file 'server.lua' (File not found) (@lua/autorun/server/sourcenet/incoming.lua (line 2))

L 05/19/2020 - 07:08:06: Lua Error: Couldn't include file 'netmessages.lua' (File not found) (@lua/autorun/server/sourcenet/incoming.lua (line 7))

L 05/19/2020 - 07:08:14: "DidVaitel<16><STEAM_0:1:74202541><>" disconnected (reason "Idiot")
L 05/19/2020 - 07:08:17: "DidVaitel<17><STEAM_0:1:74202541><>" connected, address "26.162.207.202:27006"
L 05/19/2020 - 07:08:17: "DidVaitel<17><STEAM_0:1:74202541><>" STEAM USERID validated
L 05/19/2020 - 07:08:22: "DidVaitel<17><STEAM_0:1:74202541><>" entered the game
L 05/19/2020 - 07:08:22: Lua Error: Couldn't include file 'server.lua' (File not found) (@lua/autorun/server/sourcenet/incoming.lua (line 2))

L 05/19/2020 - 07:08:26: Lua Error: Couldn't include file 'server.lua' (File not found) (@lua/autorun/server/sourcenet/incoming.lua (line 2))

L 05/19/2020 - 07:08:26: Lua Error: Couldn't include file 'netmessages.lua' (File not found) (@lua/autorun/server/sourcenet/incoming.lua (line 7))

L 05/19/2020 - 07:08:48: "DidVaitel<17><STEAM_0:1:74202541><>" disconnected (reason "Idiot")
L 05/19/2020 - 07:09:07: "DidVaitel<18><STEAM_0:1:74202541><>" connected, address "26.162.207.202:27006"
L 05/19/2020 - 07:09:07: "DidVaitel<18><STEAM_0:1:74202541><>" STEAM USERID validated
L 05/19/2020 - 07:09:12: "DidVaitel<18><STEAM_0:1:74202541><>" entered the game
L 05/19/2020 - 07:09:25: "DidVaitel<18><STEAM_0:1:74202541><>" disconnected (reason "Idiot")
L 05/19/2020 - 07:09:28: "DidVaitel<19><STEAM_0:1:74202541><>" connected, address "26.162.207.202:27006"
L 05/19/2020 - 07:09:28: "DidVaitel<19><STEAM_0:1:74202541><>" STEAM USERID validated
L 05/19/2020 - 07:09:33: "DidVaitel<19><STEAM_0:1:74202541><>" entered the game
L 05/19/2020 - 07:09:49: Lua Error: 
lua/autorun/server/sourcenet/incoming.lua:68: attempt to index local 'handler' (a nil value)
  1. v - lua/autorun/server/sourcenet/incoming.lua:68
   2. unknown - lua/includes/modules/hook.lua:84


L 05/19/2020 - 07:09:49: Lua Error: 
lua/autorun/server/sourcenet/incoming.lua:68: attempt to index local 'handler' (a nil value)
  1. v - lua/autorun/server/sourcenet/incoming.lua:68
   2. unknown - lua/includes/modules/hook.lua:84


L 05/19/2020 - 07:09:49: Lua Error: 
lua/autorun/server/sourcenet/incoming.lua:68: attempt to index local 'handler' (a nil value)
  1. v - lua/autorun/server/sourcenet/incoming.lua:68
   2. unknown - lua/includes/modules/hook.lua:84


L 05/19/2020 - 07:09:49: Lua Error: 
lua/autorun/server/sourcenet/incoming.lua:68: attempt to index local 'handler' (a nil value)
  1. v - lua/autorun/server/sourcenet/incoming.lua:68
   2. unknown - lua/includes/modules/hook.lua:84


L 05/19/2020 - 07:09:49: Lua Error: 
lua/autorun/server/sourcenet/incoming.lua:68: attempt to index local 'handler' (a nil value)
  1. v - lua/autorun/server/sourcenet/incoming.lua:68
   2. unknown - lua/includes/modules/hook.lua:84


L 05/19/2020 - 07:09:49: Lua Error: 
lua/autorun/server/sourcenet/incoming.lua:68: attempt to index local 'handler' (a nil value)
  1. v - lua/autorun/server/sourcenet/incoming.lua:68
   2. unknown - lua/includes/modules/hook.lua:84


L 05/19/2020 - 07:09:49: Lua Error: 
lua/autorun/server/sourcenet/incoming.lua:68: attempt to index local 'handler' (a nil value)
  1. v - lua/autorun/server/sourcenet/incoming.lua:68
   2. unknown - lua/includes/modules/hook.lua:84


L 05/19/2020 - 07:09:49: Lua Error: 
lua/autorun/server/sourcenet/incoming.lua:68: attempt to index local 'handler' (a nil value)
  1. v - lua/autorun/server/sourcenet/incoming.lua:68
   2. unknown - lua/includes/modules/hook.lua:84


L 05/19/2020 - 07:09:50: Lua Error: 
lua/autorun/server/sourcenet/incoming.lua:68: attempt to index local 'handler' (a nil value)
  1. v - lua/autorun/server/sourcenet/incoming.lua:68
   2. unknown - lua/includes/modules/hook.lua:84


L 05/19/2020 - 07:09:50: Lua Error: 
lua/autorun/server/sourcenet/incoming.lua:68: attempt to index local 'handler' (a nil value)
  1. v - lua/autorun/server/sourcenet/incoming.lua:68
   2. unknown - lua/includes/modules/hook.lua:84


L 05/19/2020 - 07:09:50: Lua Error: 
lua/autorun/server/sourcenet/incoming.lua:68: attempt to index local 'handler' (a nil value)
  1. v - lua/autorun/server/sourcenet/incoming.lua:68
   2. unknown - lua/includes/modules/hook.lua:84


L 05/19/2020 - 07:09:50: Lua Error: 
lua/autorun/server/sourcenet/incoming.lua:68: attempt to index local 'handler' (a nil value)
  1. v - lua/autorun/server/sourcenet/incoming.lua:68
   2. unknown - lua/includes/modules/hook.lua:84


L 05/19/2020 - 07:09:50: Lua Error: 
lua/autorun/server/sourcenet/incoming.lua:68: attempt to index local 'handler' (a nil value)
  1. v - lua/autorun/server/sourcenet/incoming.lua:68
   2. unknown - lua/includes/modules/hook.lua:84


L 05/19/2020 - 07:09:50: Lua Error: 
lua/autorun/server/sourcenet/incoming.lua:68: attempt to index local 'handler' (a nil value)
  1. v - lua/autorun/server/sourcenet/incoming.lua:68
   2. unknown - lua/includes/modules/hook.lua:84


L 05/19/2020 - 07:09:50: Lua Error: 
lua/autorun/server/sourcenet/incoming.lua:68: attempt to index local 'handler' (a nil value)
  1. v - lua/autorun/server/sourcenet/incoming.lua:68
   2. unknown - lua/includes/modules/hook.lua:84


L 05/19/2020 - 07:09:50: Lua Error: 
lua/autorun/server/sourcenet/incoming.lua:68: attempt to index local 'handler' (a nil value)
  1. v - lua/autorun/server/sourcenet/incoming.lua:68
   2. unknown - lua/includes/modules/hook.lua:84


L 05/19/2020 - 07:09:50: Lua Error: 
lua/autorun/server/sourcenet/incoming.lua:68: attempt to index local 'handler' (a nil value)
  1. v - lua/autorun/server/sourcenet/incoming.lua:68
   2. unknown - lua/includes/modules/hook.lua:84


L 05/19/2020 - 07:09:50: Lua Error: 
lua/autorun/server/sourcenet/incoming.lua:68: attempt to index local 'handler' (a nil value)
  1. v - lua/autorun/server/sourcenet/incoming.lua:68
   2. unknown - lua/includes/modules/hook.lua:84


L 05/19/2020 - 07:09:50: Lua Error: 
lua/autorun/server/sourcenet/incoming.lua:68: attempt to index local 'handler' (a nil value)
  1. v - lua/autorun/server/sourcenet/incoming.lua:68
   2. unknown - lua/includes/modules/hook.lua:84


L 05/19/2020 - 07:09:50: Lua Error: 
lua/autorun/server/sourcenet/incoming.lua:68: attempt to index local 'handler' (a nil value)
  1. v - lua/autorun/server/sourcenet/incoming.lua:68
   2. unknown - lua/includes/modules/hook.lua:84


L 05/19/2020 - 07:09:50: Lua Error: 
lua/autorun/server/sourcenet/incoming.lua:68: attempt to index local 'handler' (a nil value)
  1. v - lua/autorun/server/sourcenet/incoming.lua:68
   2. unknown - lua/includes/modules/hook.lua:84


L 05/19/2020 - 07:09:50: Lua Error: 
lua/autorun/server/sourcenet/incoming.lua:68: attempt to index local 'handler' (a nil value)
  1. v - lua/autorun/server/sourcenet/incoming.lua:68
   2. unknown - lua/includes/modules/hook.lua:84


L 05/19/2020 - 07:09:51: Lua Error: 
lua/autorun/server/sourcenet/incoming.lua:68: attempt to index local 'handler' (a nil value)
  1. v - lua/autorun/server/sourcenet/incoming.lua:68
   2. unknown - lua/includes/modules/hook.lua:84


L 05/19/2020 - 07:09:51: Lua Error: 
lua/autorun/server/sourcenet/incoming.lua:68: attempt to index local 'handler' (a nil value)
  1. v - lua/autorun/server/sourcenet/incoming.lua:68
   2. unknown - lua/includes/modules/hook.lua:84


L 05/19/2020 - 07:09:51: Lua Error: 
lua/autorun/server/sourcenet/incoming.lua:68: attempt to index local 'handler' (a nil value)
  1. v - lua/autorun/server/sourcenet/incoming.lua:68
   2. unknown - lua/includes/modules/hook.lua:84


L 05/19/2020 - 07:09:51: Lua Error: 
lua/autorun/server/sourcenet/incoming.lua:68: attempt to index local 'handler' (a nil value)
  1. v - lua/autorun/server/sourcenet/incoming.lua:68
   2. unknown - lua/includes/modules/hook.lua:84


L 05/19/2020 - 07:09:51: Lua Error: 
lua/autorun/server/sourcenet/incoming.lua:68: attempt to index local 'handler' (a nil value)
  1. v - lua/autorun/server/sourcenet/incoming.lua:68
   2. unknown - lua/includes/modules/hook.lua:84


L 05/19/2020 - 07:09:51: Lua Error: 
lua/autorun/server/sourcenet/incoming.lua:68: attempt to index local 'handler' (a nil value)
  1. v - lua/autorun/server/sourcenet/incoming.lua:68
   2. unknown - lua/includes/modules/hook.lua:84


L 05/19/2020 - 07:09:51: Lua Error: 
lua/autorun/server/sourcenet/incoming.lua:68: attempt to index local 'handler' (a nil value)
  1. v - lua/autorun/server/sourcenet/incoming.lua:68
   2. unknown - lua/includes/modules/hook.lua:84


L 05/19/2020 - 07:09:51: Lua Error: 
lua/autorun/server/sourcenet/incoming.lua:68: attempt to index local 'handler' (a nil value)
  1. v - lua/autorun/server/sourcenet/incoming.lua:68
   2. unknown - lua/includes/modules/hook.lua:84


L 05/19/2020 - 07:09:51: Lua Error: 
lua/autorun/server/sourcenet/incoming.lua:68: attempt to index local 'handler' (a nil value)
  1. v - lua/autorun/server/sourcenet/incoming.lua:68
   2. unknown - lua/includes/modules/hook.lua:84


L 05/19/2020 - 07:09:51: Lua Error: 
lua/autorun/server/sourcenet/incoming.lua:68: attempt to index local 'handler' (a nil value)
  1. v - lua/autorun/server/sourcenet/incoming.lua:68
   2. unknown - lua/includes/modules/hook.lua:84


L 05/19/2020 - 07:09:51: Lua Error: 
lua/autorun/server/sourcenet/incoming.lua:68: attempt to index local 'handler' (a nil value)
  1. v - lua/autorun/server/sourcenet/incoming.lua:68
   2. unknown - lua/includes/modules/hook.lua:84


L 05/19/2020 - 07:09:51: Lua Error: 
lua/autorun/server/sourcenet/incoming.lua:68: attempt to index local 'handler' (a nil value)
  1. v - lua/autorun/server/sourcenet/incoming.lua:68
   2. unknown - lua/includes/modules/hook.lua:84


L 05/19/2020 - 07:09:51: Lua Error: 
lua/autorun/server/sourcenet/incoming.lua:68: attempt to index local 'handler' (a nil value)
  1. v - lua/autorun/server/sourcenet/incoming.lua:68
   2. unknown - lua/includes/modules/hook.lua:84


L 05/19/2020 - 07:09:51: Lua Error: 
lua/autorun/server/sourcenet/incoming.lua:68: attempt to index local 'handler' (a nil value)
  1. v - lua/autorun/server/sourcenet/incoming.lua:68
   2. unknown - lua/includes/modules/hook.lua:84


L 05/19/2020 - 07:09:51: Lua Error: 
lua/autorun/server/sourcenet/incoming.lua:68: attempt to index local 'handler' (a nil value)
  1. v - lua/autorun/server/sourcenet/incoming.lua:68
   2. unknown - lua/includes/modules/hook.lua:84


L 05/19/2020 - 07:09:51: Lua Error: 
lua/autorun/server/sourcenet/incoming.lua:68: attempt to index local 'handler' (a nil value)
  1. v - lua/autorun/server/sourcenet/incoming.lua:68
   2. unknown - lua/includes/modules/hook.lua:84


L 05/19/2020 - 07:09:52: Lua Error: 
lua/autorun/server/sourcenet/incoming.lua:68: attempt to index local 'handler' (a nil value)
  1. v - lua/autorun/server/sourcenet/incoming.lua:68
   2. unknown - lua/includes/modules/hook.lua:84


L 05/19/2020 - 07:09:52: Lua Error: 
lua/autorun/server/sourcenet/incoming.lua:68: attempt to index local 'handler' (a nil value)
  1. v - lua/autorun/server/sourcenet/incoming.lua:68
   2. unknown - lua/includes/modules/hook.lua:84


L 05/19/2020 - 07:09:52: Lua Error: 
lua/autorun/server/sourcenet/incoming.lua:68: attempt to index local 'handler' (a nil value)
  1. v - lua/autorun/server/sourcenet/incoming.lua:68
   2. unknown - lua/includes/modules/hook.lua:84


L 05/19/2020 - 07:09:52: Lua Error: 
lua/autorun/server/sourcenet/incoming.lua:68: attempt to index local 'handler' (a nil value)
  1. v - lua/autorun/server/sourcenet/incoming.lua:68
   2. unknown - lua/includes/modules/hook.lua:84


L 05/19/2020 - 07:09:52: Lua Error: 
lua/autorun/server/sourcenet/incoming.lua:68: attempt to index local 'handler' (a nil value)
  1. v - lua/autorun/server/sourcenet/incoming.lua:68
   2. unknown - lua/includes/modules/hook.lua:84


L 05/19/2020 - 07:09:52: Lua Error: 
lua/autorun/server/sourcenet/incoming.lua:68: attempt to index local 'handler' (a nil value)
  1. v - lua/autorun/server/sourcenet/incoming.lua:68
   2. unknown - lua/includes/modules/hook.lua:84


L 05/19/2020 - 07:09:52: Lua Error: 
lua/autorun/server/sourcenet/incoming.lua:68: attempt to index local 'handler' (a nil value)
  1. v - lua/autorun/server/sourcenet/incoming.lua:68
   2. unknown - lua/includes/modules/hook.lua:84


L 05/19/2020 - 07:09:52: Lua Error: 
lua/autorun/server/sourcenet/incoming.lua:68: attempt to index local 'handler' (a nil value)
  1. v - lua/autorun/server/sourcenet/incoming.lua:68
   2. unknown - lua/includes/modules/hook.lua:84


L 05/19/2020 - 07:09:52: Lua Error: 
lua/autorun/server/sourcenet/incoming.lua:68: attempt to index local 'handler' (a nil value)
  1. v - lua/autorun/server/sourcenet/incoming.lua:68
   2. unknown - lua/includes/modules/hook.lua:84


L 05/19/2020 - 07:09:52: Lua Error: 
lua/autorun/server/sourcenet/incoming.lua:68: attempt to index local 'handler' (a nil value)
  1. v - lua/autorun/server/sourcenet/incoming.lua:68
   2. unknown - lua/includes/modules/hook.lua:84


L 05/19/2020 - 07:09:52: Lua Error: 
lua/autorun/server/sourcenet/incoming.lua:68: attempt to index local 'handler' (a nil value)
  1. v - lua/autorun/server/sourcenet/incoming.lua:68
   2. unknown - lua/includes/modules/hook.lua:84


L 05/19/2020 - 07:09:52: Lua Error: 
lua/autorun/server/sourcenet/incoming.lua:68: attempt to index local 'handler' (a nil value)
  1. v - lua/autorun/server/sourcenet/incoming.lua:68
   2. unknown - lua/includes/modules/hook.lua:84


L 05/19/2020 - 07:09:52: Lua Error: 
lua/autorun/server/sourcenet/incoming.lua:68: attempt to index local 'handler' (a nil value)
  1. v - lua/autorun/server/sourcenet/incoming.lua:68
   2. unknown - lua/includes/modules/hook.lua:84


L 05/19/2020 - 07:09:52: Lua Error: 
lua/autorun/server/sourcenet/incoming.lua:68: attempt to index local 'handler' (a nil value)
  1. v - lua/autorun/server/sourcenet/incoming.lua:68
   2. unknown - lua/includes/modules/hook.lua:84


L 05/19/2020 - 07:09:53: Lua Error: 
lua/autorun/server/sourcenet/incoming.lua:68: attempt to index local 'handler' (a nil value)
  1. v - lua/autorun/server/sourcenet/incoming.lua:68
   2. unknown - lua/includes/modules/hook.lua:84


L 05/19/2020 - 07:09:53: Lua Error: 
lua/autorun/server/sourcenet/incoming.lua:68: attempt to index local 'handler' (a nil value)
  1. v - lua/autorun/server/sourcenet/incoming.lua:68
   2. unknown - lua/includes/modules/hook.lua:84


L 05/19/2020 - 07:09:53: Lua Error: 
lua/autorun/server/sourcenet/incoming.lua:68: attempt to index local 'handler' (a nil value)
  1. v - lua/autorun/server/sourcenet/incoming.lua:68
   2. unknown - lua/includes/modules/hook.lua:84


L 05/19/2020 - 07:09:53: Lua Error: 
lua/autorun/server/sourcenet/incoming.lua:68: attempt to index local 'handler' (a nil value)
  1. v - lua/autorun/server/sourcenet/incoming.lua:68
   2. unknown - lua/includes/modules/hook.lua:84


L 05/19/2020 - 07:09:53: Lua Error: 
lua/autorun/server/sourcenet/incoming.lua:68: attempt to index local 'handler' (a nil value)
  1. v - lua/autorun/server/sourcenet/incoming.lua:68
   2. unknown - lua/includes/modules/hook.lua:84


L 05/19/2020 - 07:09:53: Lua Error: 
lua/autorun/server/sourcenet/incoming.lua:68: attempt to index local 'handler' (a nil value)
  1. v - lua/autorun/server/sourcenet/incoming.lua:68
   2. unknown - lua/includes/modules/hook.lua:84


L 05/19/2020 - 07:09:53: Lua Error: 
lua/autorun/server/sourcenet/incoming.lua:68: attempt to index local 'handler' (a nil value)
  1. v - lua/autorun/server/sourcenet/incoming.lua:68
   2. unknown - lua/includes/modules/hook.lua:84


L 05/19/2020 - 07:09:53: Lua Error: 
lua/autorun/server/sourcenet/incoming.lua:68: attempt to index local 'handler' (a nil value)
  1. v - lua/autorun/server/sourcenet/incoming.lua:68
   2. unknown - lua/includes/modules/hook.lua:84


L 05/19/2020 - 07:09:53: Lua Error: 
lua/autorun/server/sourcenet/incoming.lua:68: attempt to index local 'handler' (a nil value)
  1. v - lua/autorun/server/sourcenet/incoming.lua:68
   2. unknown - lua/includes/modules/hook.lua:84


L 05/19/2020 - 07:09:53: Lua Error: 
lua/autorun/server/sourcenet/incoming.lua:68: attempt to index local 'handler' (a nil value)
  1. v - lua/autorun/server/sourcenet/incoming.lua:68
   2. unknown - lua/includes/modules/hook.lua:84


L 05/19/2020 - 07:09:53: Lua Error: 
lua/autorun/server/sourcenet/incoming.lua:68: attempt to index local 'handler' (a nil value)
  1. v - lua/autorun/server/sourcenet/incoming.lua:68
   2. unknown - lua/includes/modules/hook.lua:84


L 05/19/2020 - 07:09:53: Lua Error: 
lua/autorun/server/sourcenet/incoming.lua:68: attempt to index local 'handler' (a nil value)
  1. v - lua/autorun/server/sourcenet/incoming.lua:68
   2. unknown - lua/includes/modules/hook.lua:84


L 05/19/2020 - 07:09:53: Lua Error: 
lua/autorun/server/sourcenet/incoming.lua:68: attempt to index local 'handler' (a nil value)
  1. v - lua/autorun/server/sourcenet/incoming.lua:68
   2. unknown - lua/includes/modules/hook.lua:84


L 05/19/2020 - 07:09:53: Lua Error: 
lua/autorun/server/sourcenet/incoming.lua:68: attempt to index local 'handler' (a nil value)
  1. v - lua/autorun/server/sourcenet/incoming.lua:68
   2. unknown - lua/includes/modules/hook.lua:84


L 05/19/2020 - 07:09:53: Lua Error: 
lua/autorun/server/sourcenet/incoming.lua:68: attempt to index local 'handler' (a nil value)
  1. v - lua/autorun/server/sourcenet/incoming.lua:68
   2. unknown - lua/includes/modules/hook.lua:84


L 05/19/2020 - 07:09:53: Lua Error: 
lua/autorun/server/sourcenet/incoming.lua:68: attempt to index local 'handler' (a nil value)
  1. v - lua/autorun/server/sourcenet/incoming.lua:68
   2. unknown - lua/includes/modules/hook.lua:84


L 05/19/2020 - 07:09:54: Lua Error: 
lua/autorun/server/sourcenet/incoming.lua:68: attempt to index local 'handler' (a nil value)
  1. v - lua/autorun/server/sourcenet/incoming.lua:68
   2. unknown - lua/includes/modules/hook.lua:84


L 05/19/2020 - 07:09:54: Lua Error: 
lua/autorun/server/sourcenet/incoming.lua:68: attempt to index local 'handler' (a nil value)
  1. v - lua/autorun/server/sourcenet/incoming.lua:68
   2. unknown - lua/includes/modules/hook.lua:84


L 05/19/2020 - 07:09:54: Lua Error: 
lua/autorun/server/sourcenet/incoming.lua:68: attempt to index local 'handler' (a nil value)
  1. v - lua/autorun/server/sourcenet/incoming.lua:68
   2. unknown - lua/includes/modules/hook.lua:84


L 05/19/2020 - 07:09:54: Lua Error: 
lua/autorun/server/sourcenet/incoming.lua:68: attempt to index local 'handler' (a nil value)
  1. v - lua/autorun/server/sourcenet/incoming.lua:68
   2. unknown - lua/includes/modules/hook.lua:84


L 05/19/2020 - 07:09:54: Lua Error: 
lua/autorun/server/sourcenet/incoming.lua:68: attempt to index local 'handler' (a nil value)
  1. v - lua/autorun/server/sourcenet/incoming.lua:68
   2. unknown - lua/includes/modules/hook.lua:84


L 05/19/2020 - 07:09:54: Lua Error: 
lua/autorun/server/sourcenet/incoming.lua:68: attempt to index local 'handler' (a nil value)
  1. v - lua/autorun/server/sourcenet/incoming.lua:68
   2. unknown - lua/includes/modules/hook.lua:84


L 05/19/2020 - 07:09:54: Lua Error: 
lua/autorun/server/sourcenet/incoming.lua:68: attempt to index local 'handler' (a nil value)
  1. v - lua/autorun/server/sourcenet/incoming.lua:68
   2. unknown - lua/includes/modules/hook.lua:84


L 05/19/2020 - 07:09:54: Lua Error: 
lua/autorun/server/sourcenet/incoming.lua:68: attempt to index local 'handler' (a nil value)
  1. v - lua/autorun/server/sourcenet/incoming.lua:68
   2. unknown - lua/includes/modules/hook.lua:84


L 05/19/2020 - 07:09:54: Lua Error: 
lua/autorun/server/sourcenet/incoming.lua:68: attempt to index local 'handler' (a nil value)
  1. v - lua/autorun/server/sourcenet/incoming.lua:68
   2. unknown - lua/includes/modules/hook.lua:84


L 05/19/2020 - 07:09:54: Lua Error: 
lua/autorun/server/sourcenet/incoming.lua:68: attempt to index local 'handler' (a nil value)
  1. v - lua/autorun/server/sourcenet/incoming.lua:68
   2. unknown - lua/includes/modules/hook.lua:84


L 05/19/2020 - 07:09:54: Lua Error: 
lua/autorun/server/sourcenet/incoming.lua:68: attempt to index local 'handler' (a nil value)
  1. v - lua/autorun/server/sourcenet/incoming.lua:68
   2. unknown - lua/includes/modules/hook.lua:84


L 05/19/2020 - 07:09:54: Lua Error: 
lua/autorun/server/sourcenet/incoming.lua:68: attempt to index local 'handler' (a nil value)
  1. v - lua/autorun/server/sourcenet/incoming.lua:68
   2. unknown - lua/includes/modules/hook.lua:84


L 05/19/2020 - 07:09:54: Lua Error: 
lua/autorun/server/sourcenet/incoming.lua:68: attempt to index local 'handler' (a nil value)
  1. v - lua/autorun/server/sourcenet/incoming.lua:68
   2. unknown - lua/includes/modules/hook.lua:84


L 05/19/2020 - 07:09:54: Lua Error: 
lua/autorun/server/sourcenet/incoming.lua:68: attempt to index local 'handler' (a nil value)
  1. v - lua/autorun/server/sourcenet/incoming.lua:68
   2. unknown - lua/includes/modules/hook.lua:84


L 05/19/2020 - 07:09:55: Lua Error: 
lua/autorun/server/sourcenet/incoming.lua:68: attempt to index local 'handler' (a nil value)
  1. v - lua/autorun/server/sourcenet/incoming.lua:68
   2. unknown - lua/includes/modules/hook.lua:84


L 05/19/2020 - 07:09:55: Lua Error: 
lua/autorun/server/sourcenet/incoming.lua:68: attempt to index local 'handler' (a nil value)
  1. v - lua/autorun/server/sourcenet/incoming.lua:68
   2. unknown - lua/includes/modules/hook.lua:84


L 05/19/2020 - 07:09:55: Lua Error: 
lua/autorun/server/sourcenet/incoming.lua:68: attempt to index local 'handler' (a nil value)
  1. v - lua/autorun/server/sourcenet/incoming.lua:68
   2. unknown - lua/includes/modules/hook.lua:84


L 05/19/2020 - 07:09:55: Lua Error: 
lua/autorun/server/sourcenet/incoming.lua:68: attempt to index local 'handler' (a nil value)
  1. v - lua/autorun/server/sourcenet/incoming.lua:68
   2. unknown - lua/includes/modules/hook.lua:84


L 05/19/2020 - 07:09:55: Lua Error: 
lua/autorun/server/sourcenet/incoming.lua:68: attempt to index local 'handler' (a nil value)
  1. v - lua/autorun/server/sourcenet/incoming.lua:68
   2. unknown - lua/includes/modules/hook.lua:84


L 05/19/2020 - 07:09:55: Lua Error: 
lua/autorun/server/sourcenet/incoming.lua:68: attempt to index local 'handler' (a nil value)
  1. v - lua/autorun/server/sourcenet/incoming.lua:68
   2. unknown - lua/includes/modules/hook.lua:84


L 05/19/2020 - 07:09:55: Lua Error: 
lua/autorun/server/sourcenet/incoming.lua:68: attempt to index local 'handler' (a nil value)
  1. v - lua/autorun/server/sourcenet/incoming.lua:68
   2. unknown - lua/includes/modules/hook.lua:84


L 05/19/2020 - 07:09:55: Lua Error: 
lua/autorun/server/sourcenet/incoming.lua:68: attempt to index local 'handler' (a nil value)
  1. v - lua/autorun/server/sourcenet/incoming.lua:68
   2. unknown - lua/includes/modules/hook.lua:84


L 05/19/2020 - 07:09:55: Lua Error: 
lua/autorun/server/sourcenet/incoming.lua:68: attempt to index local 'handler' (a nil value)
  1. v - lua/autorun/server/sourcenet/incoming.lua:68
   2. unknown - lua/includes/modules/hook.lua:84


L 05/19/2020 - 07:09:55: Lua Error: 
lua/autorun/server/sourcenet/incoming.lua:68: attempt to index local 'handler' (a nil value)
  1. v - lua/autorun/server/sourcenet/incoming.lua:68
   2. unknown - lua/includes/modules/hook.lua:84


L 05/19/2020 - 07:09:55: Lua Error: 
lua/autorun/server/sourcenet/incoming.lua:68: attempt to index local 'handler' (a nil value)
  1. v - lua/autorun/server/sourcenet/incoming.lua:68
   2. unknown - lua/includes/modules/hook.lua:84


L 05/19/2020 - 07:09:55: Lua Error: 
lua/autorun/server/sourcenet/incoming.lua:68: attempt to index local 'handler' (a nil value)
  1. v - lua/autorun/server/sourcenet/incoming.lua:68
   2. unknown - lua/includes/modules/hook.lua:84


L 05/19/2020 - 07:09:55: Lua Error: 
lua/autorun/server/sourcenet/incoming.lua:68: attempt to index local 'handler' (a nil value)
  1. v - lua/autorun/server/sourcenet/incoming.lua:68
   2. unknown - lua/includes/modules/hook.lua:84


L 05/19/2020 - 07:09:55: Lua Error: 
lua/autorun/server/sourcenet/incoming.lua:68: attempt to index local 'handler' (a nil value)
  1. v - lua/autorun/server/sourcenet/incoming.lua:68
   2. unknown - lua/includes/modules/hook.lua:84


L 05/19/2020 - 07:09:55: Lua Error: 
lua/autorun/server/sourcenet/incoming.lua:68: attempt to index local 'handler' (a nil value)
  1. v - lua/autorun/server/sourcenet/incoming.lua:68
   2. unknown - lua/includes/modules/hook.lua:84


L 05/19/2020 - 07:09:56: Lua Error: 
lua/autorun/server/sourcenet/incoming.lua:68: attempt to index local 'handler' (a nil value)
  1. v - lua/autorun/server/sourcenet/incoming.lua:68
   2. unknown - lua/includes/modules/hook.lua:84


L 05/19/2020 - 07:09:56: Lua Error: 
lua/autorun/server/sourcenet/incoming.lua:68: attempt to index local 'handler' (a nil value)
  1. v - lua/autorun/server/sourcenet/incoming.lua:68
   2. unknown - lua/includes/modules/hook.lua:84


L 05/19/2020 - 07:09:56: Lua Error: 
lua/autorun/server/sourcenet/incoming.lua:68: attempt to index local 'handler' (a nil value)
  1. v - lua/autorun/server/sourcenet/incoming.lua:68
   2. unknown - lua/includes/modules/hook.lua:84


L 05/19/2020 - 07:09:56: Lua Error: 
lua/autorun/server/sourcenet/incoming.lua:68: attempt to index local 'handler' (a nil value)
  1. v - lua/autorun/server/sourcenet/incoming.lua:68
   2. unknown - lua/includes/modules/hook.lua:84


L 05/19/2020 - 07:09:56: Lua Error: 
lua/autorun/server/sourcenet/incoming.lua:68: attempt to index local 'handler' (a nil value)
  1. v - lua/autorun/server/sourcenet/incoming.lua:68
   2. unknown - lua/includes/modules/hook.lua:84


L 05/19/2020 - 07:09:56: Lua Error: 
lua/autorun/server/sourcenet/incoming.lua:68: attempt to index local 'handler' (a nil value)
  1. v - lua/autorun/server/sourcenet/incoming.lua:68
   2. unknown - lua/includes/modules/hook.lua:84


L 05/19/2020 - 07:09:56: Lua Error: 
lua/autorun/server/sourcenet/incoming.lua:68: attempt to index local 'handler' (a nil value)
  1. v - lua/autorun/server/sourcenet/incoming.lua:68
   2. unknown - lua/includes/modules/hook.lua:84


L 05/19/2020 - 07:09:56: Lua Error: 
lua/autorun/server/sourcenet/incoming.lua:68: attempt to index local 'handler' (a nil value)
  1. v - lua/autorun/server/sourcenet/incoming.lua:68
   2. unknown - lua/includes/modules/hook.lua:84


L 05/19/2020 - 07:09:56: Lua Error: 
lua/autorun/server/sourcenet/incoming.lua:68: attempt to index local 'handler' (a nil value)
  1. v - lua/autorun/server/sourcenet/incoming.lua:68
   2. unknown - lua/includes/modules/hook.lua:84


L 05/19/2020 - 07:09:56: Lua Error: 
lua/autorun/server/sourcenet/incoming.lua:68: attempt to index local 'handler' (a nil value)
  1. v - lua/autorun/server/sourcenet/incoming.lua:68
   2. unknown - lua/includes/modules/hook.lua:84


L 05/19/2020 - 07:09:56: Lua Error: 
lua/autorun/server/sourcenet/incoming.lua:68: attempt to index local 'handler' (a nil value)
  1. v - lua/autorun/server/sourcenet/incoming.lua:68
   2. unknown - lua/includes/modules/hook.lua:84


L 05/19/2020 - 07:09:56: Lua Error: 
lua/autorun/server/sourcenet/incoming.lua:68: attempt to index local 'handler' (a nil value)
  1. v - lua/autorun/server/sourcenet/incoming.lua:68
   2. unknown - lua/includes/modules/hook.lua:84


L 05/19/2020 - 07:09:56: Lua Error: 
lua/autorun/server/sourcenet/incoming.lua:68: attempt to index local 'handler' (a nil value)
  1. v - lua/autorun/server/sourcenet/incoming.lua:68
   2. unknown - lua/includes/modules/hook.lua:84


L 05/19/2020 - 07:09:56: Lua Error: 
lua/autorun/server/sourcenet/incoming.lua:68: attempt to index local 'handler' (a nil value)
  1. v - lua/autorun/server/sourcenet/incoming.lua:68
   2. unknown - lua/includes/modules/hook.lua:84


L 05/19/2020 - 07:09:57: Lua Error: 
lua/autorun/server/sourcenet/incoming.lua:68: attempt to index local 'handler' (a nil value)
  1. v - lua/autorun/server/sourcenet/incoming.lua:68
   2. unknown - lua/includes/modules/hook.lua:84


L 05/19/2020 - 07:09:57: Lua Error: 
lua/autorun/server/sourcenet/incoming.lua:68: attempt to index local 'handler' (a nil value)
  1. v - lua/autorun/server/sourcenet/incoming.lua:68
   2. unknown - lua/includes/modules/hook.lua:84


L 05/19/2020 - 07:09:57: Lua Error: 
lua/autorun/server/sourcenet/incoming.lua:68: attempt to index local 'handler' (a nil value)
  1. v - lua/autorun/server/sourcenet/incoming.lua:68
   2. unknown - lua/includes/modules/hook.lua:84


L 05/19/2020 - 07:09:57: Lua Error: 
lua/autorun/server/sourcenet/incoming.lua:68: attempt to index local 'handler' (a nil value)
  1. v - lua/autorun/server/sourcenet/incoming.lua:68
   2. unknown - lua/includes/modules/hook.lua:84


L 05/19/2020 - 07:09:57: Lua Error: 
lua/autorun/server/sourcenet/incoming.lua:68: attempt to index local 'handler' (a nil value)
  1. v - lua/autorun/server/sourcenet/incoming.lua:68
   2. unknown - lua/includes/modules/hook.lua:84


L 05/19/2020 - 07:09:57: Lua Error: 
lua/autorun/server/sourcenet/incoming.lua:68: attempt to index local 'handler' (a nil value)
  1. v - lua/autorun/server/sourcenet/incoming.lua:68
   2. unknown - lua/includes/modules/hook.lua:84


L 05/19/2020 - 07:09:57: Lua Error: 
lua/autorun/server/sourcenet/incoming.lua:68: attempt to index local 'handler' (a nil value)
  1. v - lua/autorun/server/sourcenet/incoming.lua:68
   2. unknown - lua/includes/modules/hook.lua:84


L 05/19/2020 - 07:09:57: Lua Error: 
lua/autorun/server/sourcenet/incoming.lua:68: attempt to index local 'handler' (a nil value)
  1. v - lua/autorun/server/sourcenet/incoming.lua:68
   2. unknown - lua/includes/modules/hook.lua:84


L 05/19/2020 - 07:09:57: Lua Error: 
lua/autorun/server/sourcenet/incoming.lua:68: attempt to index local 'handler' (a nil value)
  1. v - lua/autorun/server/sourcenet/incoming.lua:68
   2. unknown - lua/includes/modules/hook.lua:84


L 05/19/2020 - 07:10:00: "DidVaitel<19><STEAM_0:1:74202541><>" disconnected (reason "Idiot")
L 05/19/2020 - 07:10:40: server_message: "quit"
L 05/19/2020 - 07:10:40: Log file closed.
