L 05/16/2020 - 23:06:38: Log file started (file "logs\L0516011.log") (game "D:\sup\steamapps\common\GarrysModDS\garrysmod") (version "7794")
L 05/16/2020 - 23:06:38: server_cvar: "sv_alltalk" "3"
L 05/16/2020 - 23:06:39: Connection to Steam servers successful.
L 05/16/2020 - 23:06:39:    Public IP is 31.130.42.26.
L 05/16/2020 - 23:06:39: Assigned anonymous gameserver Steam ID [A-1:3926010880(14747)].
L 05/16/2020 - 23:06:39: VAC secure mode is activated.
L 05/16/2020 - 23:07:34: "DidVaitel<2><STEAM_0:1:74202541><>" connected, address "26.162.207.202:27006"
L 05/16/2020 - 23:07:35: "DidVaitel<2><STEAM_0:1:74202541><>" STEAM USERID validated
L 05/16/2020 - 23:07:38: "DidVaitel<2><STEAM_0:1:74202541><>" entered the game
L 05/16/2020 - 23:08:25: "DidVaitel<2><STEAM_0:1:74202541><>" disconnected (reason "Disconnect by user.")
L 05/16/2020 - 23:08:25: "DidVaitel<3><STEAM_0:1:74202541><>" connected, address "26.162.207.202:27006"
L 05/16/2020 - 23:08:26: "DidVaitel<3><STEAM_0:1:74202541><>" STEAM USERID validated
L 05/16/2020 - 23:08:30: "DidVaitel<3><STEAM_0:1:74202541><>" entered the game
L 05/16/2020 - 23:09:28: "DidVaitel<3><STEAM_0:1:74202541><>" disconnected (reason "Disconnect by user.")
L 05/16/2020 - 23:09:28: "DidVaitel<4><STEAM_0:1:74202541><>" connected, address "26.162.207.202:27006"
L 05/16/2020 - 23:09:29: "DidVaitel<4><STEAM_0:1:74202541><>" STEAM USERID validated
L 05/16/2020 - 23:09:33: "DidVaitel<4><STEAM_0:1:74202541><>" entered the game
L 05/16/2020 - 23:10:45: Lua Error: 
[ERROR] stack overflow
  1. istable - [C]:-1
   2. Merge - lua/includes/extensions/table.lua:84
    3. Merge - lua/includes/extensions/table.lua:87
     4. Merge - lua/includes/extensions/table.lua:87
      5. Merge - lua/includes/extensions/table.lua:87
       6. Merge - lua/includes/extensions/table.lua:87
        7. Merge - lua/includes/extensions/table.lua:87
         8. Merge - lua/includes/extensions/table.lua:87
          9. Merge - lua/includes/extensions/table.lua:87
           10. Merge - lua/includes/extensions/table.lua:87
            11. Merge - lua/includes/extensions/table.lua:87
             12. Merge - lua/includes/extensions/table.lua:87
              13. Merge - lua/includes/extensions/table.lua:87
               14. Merge - lua/includes/extensions/table.lua:87
                15. Merge - lua/includes/extensions/table.lua:87
                 16. Merge - lua/includes/extensions/table.lua:87


L 05/16/2020 - 23:10:46: Lua Error: 
[ERROR] stack overflow
  1. istable - [C]:-1
   2. Merge - lua/includes/extensions/table.lua:84
    3. Merge - lua/includes/extensions/table.lua:87
     4. Merge - lua/includes/extensions/table.lua:87
      5. Merge - lua/includes/extensions/table.lua:87
       6. Merge - lua/includes/extensions/table.lua:87
        7. Merge - lua/includes/extensions/table.lua:87
         8. Merge - lua/includes/extensions/table.lua:87
          9. Merge - lua/includes/extensions/table.lua:87
           10. Merge - lua/includes/extensions/table.lua:87
            11. Merge - lua/includes/extensions/table.lua:87
             12. Merge - lua/includes/extensions/table.lua:87
              13. Merge - lua/includes/extensions/table.lua:87
               14. Merge - lua/includes/extensions/table.lua:87
                15. Merge - lua/includes/extensions/table.lua:87
                 16. Merge - lua/includes/extensions/table.lua:87


L 05/16/2020 - 23:10:53: "DidVaitel<4><STEAM_0:1:74202541><>" disconnected (reason "Server shutting down")
L 05/16/2020 - 23:10:53: server_message: "quit"
L 05/16/2020 - 23:10:53: Log file closed.
