L 05/24/2019 - 20:11:23: Log file started (file "logs\L0524015.log") (game "F:\sup\steamapps\common\GarrysModDS\garrysmod") (version "7402")
L 05/24/2019 - 20:11:23: server_cvar: "sv_alltalk" "3"
L 05/24/2019 - 20:11:25: Connection to Steam servers successful.
L 05/24/2019 - 20:11:25:    Public IP is 31.130.42.81.
L 05/24/2019 - 20:11:25: Assigned anonymous gameserver Steam ID [A-1:2103703559(12583)].
L 05/24/2019 - 20:11:25: VAC secure mode is activated.
L 05/24/2019 - 20:11:25: "DidVaitel<2><STEAM_0:1:74202541><>" connected, address "192.168.1.102:27006"
L 05/24/2019 - 20:11:26: "DidVaitel<2><STEAM_0:1:74202541><>" STEAM USERID validated
L 05/24/2019 - 20:11:31: "DidVaitel<2><STEAM_0:1:74202541><>" entered the game
L 05/24/2019 - 20:12:07: Lua Error: 
[ERROR] gamemodes/whosyourgarry/gamemode/modules/base/sh_playerclasses.lua:71: attempt to call method 'SetNWInt' (a nil value)
  1. RunClass - gamemodes/whosyourgarry/gamemode/modules/base/sh_playerclasses.lua:71
   2. PlayerSpawn - gamemodes/base/gamemode/player.lua:271
    3. unknown - gamemodes/whosyourgarry/gamemode/modules/base/sv_base.lua:7
     4. Spawn - [C]:-1
      5. unknown - gamemodes/base/gamemode/player.lua:115


L 05/24/2019 - 20:12:57: Lua Error: 
[ERROR] gamemodes/whosyourgarry/gamemode/modules/base/sh_playerclasses.lua:71: attempt to call method 'SetNWInt' (a nil value)
  1. RunClass - gamemodes/whosyourgarry/gamemode/modules/base/sh_playerclasses.lua:71
   2. PlayerSpawn - gamemodes/base/gamemode/player.lua:271
    3. unknown - gamemodes/whosyourgarry/gamemode/modules/base/sv_base.lua:7
     4. Spawn - [C]:-1
      5. unknown - gamemodes/base/gamemode/player.lua:115


L 05/24/2019 - 20:19:08: "DidVaitel<2><STEAM_0:1:74202541><>" disconnected (reason "Server shutting down")
L 05/24/2019 - 20:19:08: server_message: "quit"
L 05/24/2019 - 20:19:08: Log file closed.
