L 05/21/2020 - 21:43:20: Log file started (file "logs\L0521004.log") (game "D:\sup\steamapps\common\GarrysModDS\garrysmod") (version "7836")
L 05/21/2020 - 21:43:20: server_cvar: "sv_alltalk" "3"
L 05/21/2020 - 21:43:22: Connection to Steam servers successful.
L 05/21/2020 - 21:43:22:    Public IP is 31.130.42.26.
L 05/21/2020 - 21:43:22: Assigned anonymous gameserver Steam ID [A-1:1228813312(14778)].
L 05/21/2020 - 21:43:22: VAC secure mode is activated.
L 05/21/2020 - 21:43:25: "DidVaitel<2><STEAM_0:1:74202541><>" connected, address "192.168.31.1:27006"
L 05/21/2020 - 21:43:25: "DidVaitel<2><STEAM_0:1:74202541><>" STEAM USERID validated
L 05/21/2020 - 21:43:30: "DidVaitel<2><STEAM_0:1:74202541><>" entered the game
L 05/21/2020 - 21:44:41: "DidVaitel<2><STEAM_0:1:74202541><>" disconnected (reason "Disconnect by user.")
L 05/21/2020 - 21:44:41: "DidVaitel<3><STEAM_0:1:74202541><>" connected, address "192.168.31.1:27006"
L 05/21/2020 - 21:44:42: "DidVaitel<3><STEAM_0:1:74202541><>" STEAM USERID validated
L 05/21/2020 - 21:44:46: "DidVaitel<3><STEAM_0:1:74202541><>" entered the game
L 05/21/2020 - 21:45:30: "DidVaitel<3><STEAM_0:1:74202541><>" disconnected (reason "Disconnect by user.")
L 05/21/2020 - 21:45:31: "DidVaitel<4><STEAM_0:1:74202541><>" connected, address "192.168.31.1:27006"
L 05/21/2020 - 21:45:31: "DidVaitel<4><STEAM_0:1:74202541><>" STEAM USERID validated
L 05/21/2020 - 21:45:36: "DidVaitel<4><STEAM_0:1:74202541><>" entered the game
L 05/21/2020 - 21:46:09: "DidVaitel<4><STEAM_0:1:74202541><>" disconnected (reason "Disconnect by user.")
L 05/21/2020 - 21:46:09: "DidVaitel<5><STEAM_0:1:74202541><>" connected, address "192.168.31.1:27006"
L 05/21/2020 - 21:46:10: "DidVaitel<5><STEAM_0:1:74202541><>" STEAM USERID validated
L 05/21/2020 - 21:46:15: "DidVaitel<5><STEAM_0:1:74202541><>" entered the game
L 05/22/2020 - 00:05:09: "DidVaitel<5><STEAM_0:1:74202541><>" disconnected (reason "Disconnect by user.")
L 05/22/2020 - 00:05:13: "DidVaitel<6><STEAM_0:1:74202541><>" connected, address "192.168.31.1:27006"
L 05/22/2020 - 00:05:14: "DidVaitel<6><STEAM_0:1:74202541><>" STEAM USERID validated
L 05/22/2020 - 00:05:18: "DidVaitel<6><STEAM_0:1:74202541><>" entered the game
L 05/22/2020 - 00:17:58: "Bot01<7><BOT><>" connected, address "none"
L 05/22/2020 - 00:17:58: "Bot01<7><BOT><>" entered the game
L 05/22/2020 - 00:17:58: "Bot02<8><BOT><>" connected, address "none"
L 05/22/2020 - 00:17:58: "Bot02<8><BOT><>" entered the game
L 05/22/2020 - 00:17:59: "Bot03<9><BOT><>" connected, address "none"
L 05/22/2020 - 00:17:59: "Bot03<9><BOT><>" entered the game
L 05/22/2020 - 00:18:27: "Bot03<9><BOT><>" disconnected (reason "Server shutting down")
L 05/22/2020 - 00:18:27: "Bot02<8><BOT><>" disconnected (reason "Server shutting down")
L 05/22/2020 - 00:18:27: "Bot01<7><BOT><>" disconnected (reason "Server shutting down")
L 05/22/2020 - 00:18:27: "DidVaitel<6><STEAM_0:1:74202541><>" disconnected (reason "Server shutting down")
L 05/22/2020 - 00:18:28: server_message: "quit"
L 05/22/2020 - 00:18:28: Log file closed.
