L 05/24/2019 - 00:37:10: Log file started (file "logs\L0524003.log") (game "F:\sup\steamapps\common\GarrysModDS\garrysmod") (version "7402")
L 05/24/2019 - 00:37:10: server_cvar: "sv_alltalk" "3"
L 05/24/2019 - 00:37:10: Could not establish connection to Steam servers.  (Result = 3)
L 05/24/2019 - 00:37:10: Banid: "<><STEAM_0:0:432813650><>" was banned "permanently" by "Console"
L 05/24/2019 - 00:37:10: Banid: "<><STEAM_0:0:207758038><>" was banned "permanently" by "Console"
L 05/24/2019 - 00:37:10: Banid: "<><STEAM_0:0:432813650><>" was banned "permanently" by "Console"
L 05/24/2019 - 00:37:10: Banid: "<><STEAM_0:0:207758038><>" was banned "permanently" by "Console"
L 05/24/2019 - 00:37:13: "DidVaitel<2><STEAM_0:1:74202541><>" connected, address "26.64.99.216:27006"
L 05/24/2019 - 00:37:18: "DidVaitel<2><STEAM_0:1:74202541><>" entered the game
L 05/24/2019 - 00:37:32: Lua Error: 
[ERROR] addons/fallout/lua/weapons/weapon_robot/shared.lua:131: Tried to use a NULL entity!
  1. GetClass - [C]:-1
   2. fn - addons/fallout/lua/weapons/weapon_robot/shared.lua:131
    3. unknown - addons/ulxulib/lua/ulib/shared/hook.lua:109


L 05/24/2019 - 00:37:32: Lua Error: 
[ERROR] addons/fallout/lua/weapons/weapon_robot/shared.lua:131: Tried to use a NULL entity!
  1. GetClass - [C]:-1
   2. fn - addons/fallout/lua/weapons/weapon_robot/shared.lua:131
    3. unknown - addons/ulxulib/lua/ulib/shared/hook.lua:109


L 05/24/2019 - 00:37:32: Lua Error: 
[ERROR] addons/fallout/lua/weapons/weapon_robot/shared.lua:131: Tried to use a NULL entity!
  1. GetClass - [C]:-1
   2. fn - addons/fallout/lua/weapons/weapon_robot/shared.lua:131
    3. unknown - addons/ulxulib/lua/ulib/shared/hook.lua:109


L 05/24/2019 - 00:37:32: Lua Error: 
[ERROR] addons/fallout/lua/weapons/weapon_robot/shared.lua:131: Tried to use a NULL entity!
  1. GetClass - [C]:-1
   2. fn - addons/fallout/lua/weapons/weapon_robot/shared.lua:131
    3. unknown - addons/ulxulib/lua/ulib/shared/hook.lua:109


L 05/24/2019 - 00:37:33: Lua Error: 
[ERROR] addons/fallout/lua/weapons/weapon_robot/shared.lua:131: Tried to use a NULL entity!
  1. GetClass - [C]:-1
   2. fn - addons/fallout/lua/weapons/weapon_robot/shared.lua:131
    3. unknown - addons/ulxulib/lua/ulib/shared/hook.lua:109


L 05/24/2019 - 00:37:33: Lua Error: 
[ERROR] addons/fallout/lua/weapons/weapon_robot/shared.lua:131: Tried to use a NULL entity!
  1. GetClass - [C]:-1
   2. fn - addons/fallout/lua/weapons/weapon_robot/shared.lua:131
    3. unknown - addons/ulxulib/lua/ulib/shared/hook.lua:109


L 05/24/2019 - 00:37:33: Lua Error: 
[ERROR] addons/fallout/lua/weapons/weapon_robot/shared.lua:131: Tried to use a NULL entity!
  1. GetClass - [C]:-1
   2. fn - addons/fallout/lua/weapons/weapon_robot/shared.lua:131
    3. unknown - addons/ulxulib/lua/ulib/shared/hook.lua:109


L 05/24/2019 - 00:37:34: Lua Error: 
[ERROR] addons/fallout/lua/weapons/weapon_robot/shared.lua:131: Tried to use a NULL entity!
  1. GetClass - [C]:-1
   2. fn - addons/fallout/lua/weapons/weapon_robot/shared.lua:131
    3. unknown - addons/ulxulib/lua/ulib/shared/hook.lua:109


L 05/24/2019 - 00:37:34: Lua Error: 
[ERROR] addons/fallout/lua/weapons/weapon_robot/shared.lua:131: Tried to use a NULL entity!
  1. GetClass - [C]:-1
   2. fn - addons/fallout/lua/weapons/weapon_robot/shared.lua:131
    3. unknown - addons/ulxulib/lua/ulib/shared/hook.lua:109


L 05/24/2019 - 00:37:34: Lua Error: 
[ERROR] addons/fallout/lua/weapons/weapon_robot/shared.lua:131: Tried to use a NULL entity!
  1. GetClass - [C]:-1
   2. fn - addons/fallout/lua/weapons/weapon_robot/shared.lua:131
    3. unknown - addons/ulxulib/lua/ulib/shared/hook.lua:109


L 05/24/2019 - 00:37:38: Lua Error: 
[ERROR] addons/fallout/lua/weapons/weapon_robot/shared.lua:131: Tried to use a NULL entity!
  1. GetClass - [C]:-1
   2. fn - addons/fallout/lua/weapons/weapon_robot/shared.lua:131
    3. unknown - addons/ulxulib/lua/ulib/shared/hook.lua:109


L 05/24/2019 - 00:37:39: Lua Error: 
[ERROR] addons/fallout/lua/weapons/weapon_robot/shared.lua:131: Tried to use a NULL entity!
  1. GetClass - [C]:-1
   2. fn - addons/fallout/lua/weapons/weapon_robot/shared.lua:131
    3. unknown - addons/ulxulib/lua/ulib/shared/hook.lua:109


L 05/24/2019 - 00:37:39: Lua Error: 
[ERROR] addons/fallout/lua/weapons/weapon_robot/shared.lua:131: Tried to use a NULL entity!
  1. GetClass - [C]:-1
   2. fn - addons/fallout/lua/weapons/weapon_robot/shared.lua:131
    3. unknown - addons/ulxulib/lua/ulib/shared/hook.lua:109


L 05/24/2019 - 00:37:39: Lua Error: 
[ERROR] addons/fallout/lua/weapons/weapon_robot/shared.lua:131: Tried to use a NULL entity!
  1. GetClass - [C]:-1
   2. fn - addons/fallout/lua/weapons/weapon_robot/shared.lua:131
    3. unknown - addons/ulxulib/lua/ulib/shared/hook.lua:109


L 05/24/2019 - 00:37:40: Lua Error: 
[ERROR] addons/fallout/lua/weapons/weapon_robot/shared.lua:131: Tried to use a NULL entity!
  1. GetClass - [C]:-1
   2. fn - addons/fallout/lua/weapons/weapon_robot/shared.lua:131
    3. unknown - addons/ulxulib/lua/ulib/shared/hook.lua:109


L 05/24/2019 - 00:37:40: Lua Error: 
[ERROR] addons/fallout/lua/weapons/weapon_robot/shared.lua:131: Tried to use a NULL entity!
  1. GetClass - [C]:-1
   2. fn - addons/fallout/lua/weapons/weapon_robot/shared.lua:131
    3. unknown - addons/ulxulib/lua/ulib/shared/hook.lua:109


L 05/24/2019 - 00:37:41: Lua Error: 
[ERROR] addons/fallout/lua/weapons/weapon_robot/shared.lua:131: Tried to use a NULL entity!
  1. GetClass - [C]:-1
   2. fn - addons/fallout/lua/weapons/weapon_robot/shared.lua:131
    3. unknown - addons/ulxulib/lua/ulib/shared/hook.lua:109


L 05/24/2019 - 00:37:41: Lua Error: 
[ERROR] addons/fallout/lua/weapons/weapon_robot/shared.lua:131: Tried to use a NULL entity!
  1. GetClass - [C]:-1
   2. fn - addons/fallout/lua/weapons/weapon_robot/shared.lua:131
    3. unknown - addons/ulxulib/lua/ulib/shared/hook.lua:109


L 05/24/2019 - 00:37:41: Lua Error: 
[ERROR] addons/fallout/lua/weapons/weapon_robot/shared.lua:131: Tried to use a NULL entity!
  1. GetClass - [C]:-1
   2. fn - addons/fallout/lua/weapons/weapon_robot/shared.lua:131
    3. unknown - addons/ulxulib/lua/ulib/shared/hook.lua:109


L 05/24/2019 - 00:37:42: Lua Error: 
[ERROR] addons/fallout/lua/weapons/weapon_robot/shared.lua:131: Tried to use a NULL entity!
  1. GetClass - [C]:-1
   2. fn - addons/fallout/lua/weapons/weapon_robot/shared.lua:131
    3. unknown - addons/ulxulib/lua/ulib/shared/hook.lua:109


L 05/24/2019 - 00:37:42: Lua Error: 
[ERROR] addons/fallout/lua/weapons/weapon_robot/shared.lua:131: Tried to use a NULL entity!
  1. GetClass - [C]:-1
   2. fn - addons/fallout/lua/weapons/weapon_robot/shared.lua:131
    3. unknown - addons/ulxulib/lua/ulib/shared/hook.lua:109


L 05/24/2019 - 00:37:42: Lua Error: 
[ERROR] addons/fallout/lua/weapons/weapon_robot/shared.lua:131: Tried to use a NULL entity!
  1. GetClass - [C]:-1
   2. fn - addons/fallout/lua/weapons/weapon_robot/shared.lua:131
    3. unknown - addons/ulxulib/lua/ulib/shared/hook.lua:109


L 05/24/2019 - 00:37:43: Lua Error: 
[ERROR] addons/fallout/lua/weapons/weapon_robot/shared.lua:131: Tried to use a NULL entity!
  1. GetClass - [C]:-1
   2. fn - addons/fallout/lua/weapons/weapon_robot/shared.lua:131
    3. unknown - addons/ulxulib/lua/ulib/shared/hook.lua:109


L 05/24/2019 - 00:38:26: "DidVaitel<2><STEAM_0:1:74202541><>" disconnected (reason "Server shutting down")
L 05/24/2019 - 00:38:26: server_message: "quit"
L 05/24/2019 - 00:38:26: Log file closed.
