L 05/22/2020 - 00:19:58: Log file started (file "logs\L0522000.log") (game "D:\sup\steamapps\common\GarrysModDS\garrysmod") (version "7836")
L 05/22/2020 - 00:19:58: server_cvar: "sv_alltalk" "3"
L 05/22/2020 - 00:19:59: Connection to Steam servers successful.
L 05/22/2020 - 00:19:59:    Public IP is 31.130.42.26.
L 05/22/2020 - 00:19:59: Assigned anonymous gameserver Steam ID [A-1:3594668032(14778)].
L 05/22/2020 - 00:20:00: VAC secure mode is activated.
L 05/22/2020 - 00:20:02: "DidVaitel<2><STEAM_0:1:74202541><>" connected, address "192.168.31.1:27006"
L 05/22/2020 - 00:20:02: "DidVaitel<2><STEAM_0:1:74202541><>" STEAM USERID validated
L 05/22/2020 - 00:20:06: "DidVaitel<2><STEAM_0:1:74202541><>" entered the game
L 05/22/2020 - 00:20:22: "Bot01<3><BOT><>" connected, address "none"
L 05/22/2020 - 00:20:22: "Bot01<3><BOT><>" entered the game
L 05/22/2020 - 00:20:23: "Bot02<4><BOT><>" connected, address "none"
L 05/22/2020 - 00:20:23: "Bot02<4><BOT><>" entered the game
L 05/22/2020 - 00:20:24: "Bot03<5><BOT><>" connected, address "none"
L 05/22/2020 - 00:20:24: "Bot03<5><BOT><>" entered the game
L 05/22/2020 - 00:20:24: "Bot04<6><BOT><>" connected, address "none"
L 05/22/2020 - 00:20:24: "Bot04<6><BOT><>" entered the game
L 05/22/2020 - 00:20:24: "Bot05<7><BOT><>" connected, address "none"
L 05/22/2020 - 00:20:24: "Bot05<7><BOT><>" entered the game
L 05/22/2020 - 00:20:24: "Bot06<8><BOT><>" connected, address "none"
L 05/22/2020 - 00:20:24: "Bot06<8><BOT><>" entered the game
L 05/22/2020 - 00:20:25: "Bot07<9><BOT><>" connected, address "none"
L 05/22/2020 - 00:20:25: "Bot07<9><BOT><>" entered the game
L 05/22/2020 - 00:20:25: "Bot08<10><BOT><>" connected, address "none"
L 05/22/2020 - 00:20:25: "Bot08<10><BOT><>" entered the game
L 05/22/2020 - 00:20:25: "Bot09<11><BOT><>" connected, address "none"
L 05/22/2020 - 00:20:25: "Bot09<11><BOT><>" entered the game
L 05/22/2020 - 00:20:26: "Bot10<12><BOT><>" connected, address "none"
L 05/22/2020 - 00:20:26: "Bot10<12><BOT><>" entered the game
L 05/22/2020 - 00:20:26: "Bot11<13><BOT><>" connected, address "none"
L 05/22/2020 - 00:20:26: "Bot11<13><BOT><>" entered the game
L 05/22/2020 - 00:20:26: "Bot12<14><BOT><>" connected, address "none"
L 05/22/2020 - 00:20:26: "Bot12<14><BOT><>" entered the game
L 05/22/2020 - 00:20:26: "Bot13<15><BOT><>" connected, address "none"
L 05/22/2020 - 00:20:26: "Bot13<15><BOT><>" entered the game
L 05/22/2020 - 00:20:27: "Bot14<16><BOT><>" connected, address "none"
L 05/22/2020 - 00:20:27: "Bot14<16><BOT><>" entered the game
L 05/22/2020 - 00:20:27: "Bot15<17><BOT><>" connected, address "none"
L 05/22/2020 - 00:20:27: "Bot15<17><BOT><>" entered the game
L 05/22/2020 - 00:20:29: "Bot16<18><BOT><>" connected, address "none"
L 05/22/2020 - 00:20:29: "Bot16<18><BOT><>" entered the game
L 05/22/2020 - 00:20:29: "Bot17<19><BOT><>" connected, address "none"
L 05/22/2020 - 00:20:29: "Bot17<19><BOT><>" entered the game
L 05/22/2020 - 00:20:30: "Bot18<20><BOT><>" connected, address "none"
L 05/22/2020 - 00:20:30: "Bot18<20><BOT><>" entered the game
L 05/22/2020 - 00:20:30: "Bot19<21><BOT><>" connected, address "none"
L 05/22/2020 - 00:20:30: "Bot19<21><BOT><>" entered the game
L 05/22/2020 - 00:20:31: "Bot20<22><BOT><>" connected, address "none"
L 05/22/2020 - 00:20:31: "Bot20<22><BOT><>" entered the game
L 05/22/2020 - 00:20:31: "Bot21<23><BOT><>" connected, address "none"
L 05/22/2020 - 00:20:31: "Bot21<23><BOT><>" entered the game
L 05/22/2020 - 00:20:31: "Bot22<24><BOT><>" connected, address "none"
L 05/22/2020 - 00:20:31: "Bot22<24><BOT><>" entered the game
L 05/22/2020 - 00:20:32: "Bot23<25><BOT><>" connected, address "none"
L 05/22/2020 - 00:20:32: "Bot23<25><BOT><>" entered the game
L 05/22/2020 - 00:20:32: "Bot24<26><BOT><>" connected, address "none"
L 05/22/2020 - 00:20:32: "Bot24<26><BOT><>" entered the game
L 05/22/2020 - 00:20:32: "Bot25<27><BOT><>" connected, address "none"
L 05/22/2020 - 00:20:32: "Bot25<27><BOT><>" entered the game
L 05/22/2020 - 00:20:33: "Bot26<28><BOT><>" connected, address "none"
L 05/22/2020 - 00:20:33: "Bot26<28><BOT><>" entered the game
L 05/22/2020 - 00:20:33: "Bot27<29><BOT><>" connected, address "none"
L 05/22/2020 - 00:20:33: "Bot27<29><BOT><>" entered the game
L 05/22/2020 - 00:20:34: "Bot28<30><BOT><>" connected, address "none"
L 05/22/2020 - 00:20:34: "Bot28<30><BOT><>" entered the game
L 05/22/2020 - 00:20:34: "Bot29<31><BOT><>" connected, address "none"
L 05/22/2020 - 00:20:34: "Bot29<31><BOT><>" entered the game
L 05/22/2020 - 00:20:34: "Bot30<32><BOT><>" connected, address "none"
L 05/22/2020 - 00:20:34: "Bot30<32><BOT><>" entered the game
L 05/22/2020 - 00:20:34: "Bot31<33><BOT><>" connected, address "none"
L 05/22/2020 - 00:20:34: "Bot31<33><BOT><>" entered the game
L 05/22/2020 - 00:20:34: "Bot32<34><BOT><>" connected, address "none"
L 05/22/2020 - 00:20:34: "Bot32<34><BOT><>" entered the game
L 05/22/2020 - 00:20:35: "Bot33<35><BOT><>" connected, address "none"
L 05/22/2020 - 00:20:35: "Bot33<35><BOT><>" entered the game
L 05/22/2020 - 00:20:35: "Bot34<36><BOT><>" connected, address "none"
L 05/22/2020 - 00:20:35: "Bot34<36><BOT><>" entered the game
L 05/22/2020 - 00:20:36: "Bot35<37><BOT><>" connected, address "none"
L 05/22/2020 - 00:20:36: "Bot35<37><BOT><>" entered the game
L 05/22/2020 - 00:20:36: "Bot36<38><BOT><>" connected, address "none"
L 05/22/2020 - 00:20:36: "Bot36<38><BOT><>" entered the game
L 05/22/2020 - 00:20:36: "Bot37<39><BOT><>" connected, address "none"
L 05/22/2020 - 00:20:36: "Bot37<39><BOT><>" entered the game
L 05/22/2020 - 00:20:37: "Bot38<40><BOT><>" connected, address "none"
L 05/22/2020 - 00:20:37: "Bot38<40><BOT><>" entered the game
L 05/22/2020 - 00:20:37: "Bot39<41><BOT><>" connected, address "none"
L 05/22/2020 - 00:20:37: "Bot39<41><BOT><>" entered the game
L 05/22/2020 - 00:20:37: "Bot40<42><BOT><>" connected, address "none"
L 05/22/2020 - 00:20:37: "Bot40<42><BOT><>" entered the game
L 05/22/2020 - 00:20:37: "Bot41<43><BOT><>" connected, address "none"
L 05/22/2020 - 00:20:37: "Bot41<43><BOT><>" entered the game
L 05/22/2020 - 00:20:37: "Bot42<44><BOT><>" connected, address "none"
L 05/22/2020 - 00:20:37: "Bot42<44><BOT><>" entered the game
L 05/22/2020 - 00:20:38: "Bot43<45><BOT><>" connected, address "none"
L 05/22/2020 - 00:20:38: "Bot43<45><BOT><>" entered the game
L 05/22/2020 - 00:20:38: "Bot44<46><BOT><>" connected, address "none"
L 05/22/2020 - 00:20:38: "Bot44<46><BOT><>" entered the game
L 05/22/2020 - 00:20:38: "Bot45<47><BOT><>" connected, address "none"
L 05/22/2020 - 00:20:38: "Bot45<47><BOT><>" entered the game
L 05/22/2020 - 00:20:38: "Bot46<48><BOT><>" connected, address "none"
L 05/22/2020 - 00:20:38: "Bot46<48><BOT><>" entered the game
L 05/22/2020 - 00:20:38: "Bot47<49><BOT><>" connected, address "none"
L 05/22/2020 - 00:20:38: "Bot47<49><BOT><>" entered the game
L 05/22/2020 - 00:20:38: "Bot48<50><BOT><>" connected, address "none"
L 05/22/2020 - 00:20:38: "Bot48<50><BOT><>" entered the game
L 05/22/2020 - 00:20:39: "Bot49<51><BOT><>" connected, address "none"
L 05/22/2020 - 00:20:39: "Bot49<51><BOT><>" entered the game
L 05/22/2020 - 00:20:39: "Bot50<52><BOT><>" connected, address "none"
L 05/22/2020 - 00:20:39: "Bot50<52><BOT><>" entered the game
L 05/22/2020 - 00:20:39: "Bot51<53><BOT><>" connected, address "none"
L 05/22/2020 - 00:20:39: "Bot51<53><BOT><>" entered the game
L 05/22/2020 - 00:20:39: "Bot52<54><BOT><>" connected, address "none"
L 05/22/2020 - 00:20:39: "Bot52<54><BOT><>" entered the game
L 05/22/2020 - 00:20:39: "Bot53<55><BOT><>" connected, address "none"
L 05/22/2020 - 00:20:39: "Bot53<55><BOT><>" entered the game
L 05/22/2020 - 00:20:40: "Bot54<56><BOT><>" connected, address "none"
L 05/22/2020 - 00:20:40: "Bot54<56><BOT><>" entered the game
L 05/22/2020 - 00:20:40: "Bot55<57><BOT><>" connected, address "none"
L 05/22/2020 - 00:20:40: "Bot55<57><BOT><>" entered the game
L 05/22/2020 - 00:20:40: "Bot56<58><BOT><>" connected, address "none"
L 05/22/2020 - 00:20:40: "Bot56<58><BOT><>" entered the game
L 05/22/2020 - 00:20:40: "Bot57<59><BOT><>" connected, address "none"
L 05/22/2020 - 00:20:40: "Bot57<59><BOT><>" entered the game
L 05/22/2020 - 00:20:40: "Bot58<60><BOT><>" connected, address "none"
L 05/22/2020 - 00:20:40: "Bot58<60><BOT><>" entered the game
L 05/22/2020 - 00:20:40: "Bot59<61><BOT><>" connected, address "none"
L 05/22/2020 - 00:20:40: "Bot59<61><BOT><>" entered the game
L 05/22/2020 - 00:20:41: "Bot60<62><BOT><>" connected, address "none"
L 05/22/2020 - 00:20:41: "Bot60<62><BOT><>" entered the game
L 05/22/2020 - 00:20:41: "Bot61<63><BOT><>" connected, address "none"
L 05/22/2020 - 00:20:41: "Bot61<63><BOT><>" entered the game
L 05/22/2020 - 00:20:41: "Bot62<64><BOT><>" connected, address "none"
L 05/22/2020 - 00:20:41: "Bot62<64><BOT><>" entered the game
L 05/22/2020 - 00:20:41: "Bot63<65><BOT><>" connected, address "none"
L 05/22/2020 - 00:20:41: "Bot63<65><BOT><>" entered the game
L 05/22/2020 - 00:20:41: "Bot64<66><BOT><>" connected, address "none"
L 05/22/2020 - 00:20:41: "Bot64<66><BOT><>" entered the game
L 05/22/2020 - 00:20:41: "Bot65<67><BOT><>" connected, address "none"
L 05/22/2020 - 00:20:41: "Bot65<67><BOT><>" entered the game
L 05/22/2020 - 00:20:42: "Bot66<68><BOT><>" connected, address "none"
L 05/22/2020 - 00:20:42: "Bot66<68><BOT><>" entered the game
L 05/22/2020 - 00:20:42: "Bot67<69><BOT><>" connected, address "none"
L 05/22/2020 - 00:20:42: "Bot67<69><BOT><>" entered the game
L 05/22/2020 - 00:20:42: "Bot68<70><BOT><>" connected, address "none"
L 05/22/2020 - 00:20:42: "Bot68<70><BOT><>" entered the game
L 05/22/2020 - 00:20:42: "Bot69<71><BOT><>" connected, address "none"
L 05/22/2020 - 00:20:42: "Bot69<71><BOT><>" entered the game
L 05/22/2020 - 00:20:42: "Bot70<72><BOT><>" connected, address "none"
L 05/22/2020 - 00:20:42: "Bot70<72><BOT><>" entered the game
L 05/22/2020 - 00:20:43: "Bot71<73><BOT><>" connected, address "none"
L 05/22/2020 - 00:20:43: "Bot71<73><BOT><>" entered the game
L 05/22/2020 - 00:20:43: "Bot72<74><BOT><>" connected, address "none"
L 05/22/2020 - 00:20:43: "Bot72<74><BOT><>" entered the game
L 05/22/2020 - 00:20:43: "Bot73<75><BOT><>" connected, address "none"
L 05/22/2020 - 00:20:43: "Bot73<75><BOT><>" entered the game
L 05/22/2020 - 00:20:43: "Bot74<76><BOT><>" connected, address "none"
L 05/22/2020 - 00:20:43: "Bot74<76><BOT><>" entered the game
L 05/22/2020 - 00:20:43: "Bot75<77><BOT><>" connected, address "none"
L 05/22/2020 - 00:20:43: "Bot75<77><BOT><>" entered the game
L 05/22/2020 - 00:20:43: "Bot76<78><BOT><>" connected, address "none"
L 05/22/2020 - 00:20:43: "Bot76<78><BOT><>" entered the game
L 05/22/2020 - 00:20:44: "Bot77<79><BOT><>" connected, address "none"
L 05/22/2020 - 00:20:44: "Bot77<79><BOT><>" entered the game
L 05/22/2020 - 00:20:44: "Bot78<80><BOT><>" connected, address "none"
L 05/22/2020 - 00:20:44: "Bot78<80><BOT><>" entered the game
L 05/22/2020 - 00:20:44: "Bot79<81><BOT><>" connected, address "none"
L 05/22/2020 - 00:20:44: "Bot79<81><BOT><>" entered the game
L 05/22/2020 - 00:20:44: "Bot80<82><BOT><>" connected, address "none"
L 05/22/2020 - 00:20:44: "Bot80<82><BOT><>" entered the game
L 05/22/2020 - 00:20:44: "Bot81<83><BOT><>" connected, address "none"
L 05/22/2020 - 00:20:44: "Bot81<83><BOT><>" entered the game
L 05/22/2020 - 00:54:29: "DidVaitel<2><STEAM_0:1:74202541><>" disconnected (reason "Disconnect by user.")
L 05/22/2020 - 00:54:29: "Bot01<3><BOT><>" disconnected (reason "Punting bot, server is hibernating")
L 05/22/2020 - 00:54:29: "Bot02<4><BOT><>" disconnected (reason "Punting bot, server is hibernating")
L 05/22/2020 - 00:54:29: "Bot03<5><BOT><>" disconnected (reason "Punting bot, server is hibernating")
L 05/22/2020 - 00:54:29: "Bot04<6><BOT><>" disconnected (reason "Punting bot, server is hibernating")
L 05/22/2020 - 00:54:29: "Bot05<7><BOT><>" disconnected (reason "Punting bot, server is hibernating")
L 05/22/2020 - 00:54:29: "Bot06<8><BOT><>" disconnected (reason "Punting bot, server is hibernating")
L 05/22/2020 - 00:54:29: "Bot07<9><BOT><>" disconnected (reason "Punting bot, server is hibernating")
L 05/22/2020 - 00:54:29: "Bot08<10><BOT><>" disconnected (reason "Punting bot, server is hibernating")
L 05/22/2020 - 00:54:29: "Bot09<11><BOT><>" disconnected (reason "Punting bot, server is hibernating")
L 05/22/2020 - 00:54:29: "Bot10<12><BOT><>" disconnected (reason "Punting bot, server is hibernating")
L 05/22/2020 - 00:54:29: "Bot11<13><BOT><>" disconnected (reason "Punting bot, server is hibernating")
L 05/22/2020 - 00:54:29: "Bot12<14><BOT><>" disconnected (reason "Punting bot, server is hibernating")
L 05/22/2020 - 00:54:29: "Bot13<15><BOT><>" disconnected (reason "Punting bot, server is hibernating")
L 05/22/2020 - 00:54:29: "Bot14<16><BOT><>" disconnected (reason "Punting bot, server is hibernating")
L 05/22/2020 - 00:54:29: "Bot15<17><BOT><>" disconnected (reason "Punting bot, server is hibernating")
L 05/22/2020 - 00:54:29: "Bot16<18><BOT><>" disconnected (reason "Punting bot, server is hibernating")
L 05/22/2020 - 00:54:29: "Bot17<19><BOT><>" disconnected (reason "Punting bot, server is hibernating")
L 05/22/2020 - 00:54:29: "Bot18<20><BOT><>" disconnected (reason "Punting bot, server is hibernating")
L 05/22/2020 - 00:54:29: "Bot19<21><BOT><>" disconnected (reason "Punting bot, server is hibernating")
L 05/22/2020 - 00:54:29: "Bot20<22><BOT><>" disconnected (reason "Punting bot, server is hibernating")
L 05/22/2020 - 00:54:29: "Bot21<23><BOT><>" disconnected (reason "Punting bot, server is hibernating")
L 05/22/2020 - 00:54:29: "Bot22<24><BOT><>" disconnected (reason "Punting bot, server is hibernating")
L 05/22/2020 - 00:54:29: "Bot23<25><BOT><>" disconnected (reason "Punting bot, server is hibernating")
L 05/22/2020 - 00:54:29: "Bot24<26><BOT><>" disconnected (reason "Punting bot, server is hibernating")
L 05/22/2020 - 00:54:29: "Bot25<27><BOT><>" disconnected (reason "Punting bot, server is hibernating")
L 05/22/2020 - 00:54:29: "Bot26<28><BOT><>" disconnected (reason "Punting bot, server is hibernating")
L 05/22/2020 - 00:54:29: "Bot27<29><BOT><>" disconnected (reason "Punting bot, server is hibernating")
L 05/22/2020 - 00:54:29: "Bot28<30><BOT><>" disconnected (reason "Punting bot, server is hibernating")
L 05/22/2020 - 00:54:29: "Bot29<31><BOT><>" disconnected (reason "Punting bot, server is hibernating")
L 05/22/2020 - 00:54:29: "Bot30<32><BOT><>" disconnected (reason "Punting bot, server is hibernating")
L 05/22/2020 - 00:54:29: "Bot31<33><BOT><>" disconnected (reason "Punting bot, server is hibernating")
L 05/22/2020 - 00:54:29: "Bot32<34><BOT><>" disconnected (reason "Punting bot, server is hibernating")
L 05/22/2020 - 00:54:29: "Bot33<35><BOT><>" disconnected (reason "Punting bot, server is hibernating")
L 05/22/2020 - 00:54:29: "Bot34<36><BOT><>" disconnected (reason "Punting bot, server is hibernating")
L 05/22/2020 - 00:54:29: "Bot35<37><BOT><>" disconnected (reason "Punting bot, server is hibernating")
L 05/22/2020 - 00:54:29: "Bot36<38><BOT><>" disconnected (reason "Punting bot, server is hibernating")
L 05/22/2020 - 00:54:29: "Bot37<39><BOT><>" disconnected (reason "Punting bot, server is hibernating")
L 05/22/2020 - 00:54:29: "Bot38<40><BOT><>" disconnected (reason "Punting bot, server is hibernating")
L 05/22/2020 - 00:54:29: "Bot39<41><BOT><>" disconnected (reason "Punting bot, server is hibernating")
L 05/22/2020 - 00:54:29: "Bot40<42><BOT><>" disconnected (reason "Punting bot, server is hibernating")
L 05/22/2020 - 00:54:29: "Bot41<43><BOT><>" disconnected (reason "Punting bot, server is hibernating")
L 05/22/2020 - 00:54:29: "Bot42<44><BOT><>" disconnected (reason "Punting bot, server is hibernating")
L 05/22/2020 - 00:54:29: "Bot43<45><BOT><>" disconnected (reason "Punting bot, server is hibernating")
L 05/22/2020 - 00:54:29: "Bot44<46><BOT><>" disconnected (reason "Punting bot, server is hibernating")
L 05/22/2020 - 00:54:29: "Bot45<47><BOT><>" disconnected (reason "Punting bot, server is hibernating")
L 05/22/2020 - 00:54:29: "Bot46<48><BOT><>" disconnected (reason "Punting bot, server is hibernating")
L 05/22/2020 - 00:54:29: "Bot47<49><BOT><>" disconnected (reason "Punting bot, server is hibernating")
L 05/22/2020 - 00:54:29: "Bot48<50><BOT><>" disconnected (reason "Punting bot, server is hibernating")
L 05/22/2020 - 00:54:29: "Bot49<51><BOT><>" disconnected (reason "Punting bot, server is hibernating")
L 05/22/2020 - 00:54:29: "Bot50<52><BOT><>" disconnected (reason "Punting bot, server is hibernating")
L 05/22/2020 - 00:54:29: "Bot51<53><BOT><>" disconnected (reason "Punting bot, server is hibernating")
L 05/22/2020 - 00:54:29: "Bot52<54><BOT><>" disconnected (reason "Punting bot, server is hibernating")
L 05/22/2020 - 00:54:29: "Bot53<55><BOT><>" disconnected (reason "Punting bot, server is hibernating")
L 05/22/2020 - 00:54:29: "Bot54<56><BOT><>" disconnected (reason "Punting bot, server is hibernating")
L 05/22/2020 - 00:54:29: "Bot55<57><BOT><>" disconnected (reason "Punting bot, server is hibernating")
L 05/22/2020 - 00:54:29: "Bot56<58><BOT><>" disconnected (reason "Punting bot, server is hibernating")
L 05/22/2020 - 00:54:29: "Bot57<59><BOT><>" disconnected (reason "Punting bot, server is hibernating")
L 05/22/2020 - 00:54:29: "Bot58<60><BOT><>" disconnected (reason "Punting bot, server is hibernating")
L 05/22/2020 - 00:54:29: "Bot59<61><BOT><>" disconnected (reason "Punting bot, server is hibernating")
L 05/22/2020 - 00:54:29: "Bot60<62><BOT><>" disconnected (reason "Punting bot, server is hibernating")
L 05/22/2020 - 00:54:29: "Bot61<63><BOT><>" disconnected (reason "Punting bot, server is hibernating")
L 05/22/2020 - 00:54:29: "Bot62<64><BOT><>" disconnected (reason "Punting bot, server is hibernating")
L 05/22/2020 - 00:54:29: "Bot63<65><BOT><>" disconnected (reason "Punting bot, server is hibernating")
L 05/22/2020 - 00:54:29: "Bot64<66><BOT><>" disconnected (reason "Punting bot, server is hibernating")
L 05/22/2020 - 00:54:29: "Bot65<67><BOT><>" disconnected (reason "Punting bot, server is hibernating")
L 05/22/2020 - 00:54:29: "Bot66<68><BOT><>" disconnected (reason "Punting bot, server is hibernating")
L 05/22/2020 - 00:54:29: "Bot67<69><BOT><>" disconnected (reason "Punting bot, server is hibernating")
L 05/22/2020 - 00:54:29: "Bot68<70><BOT><>" disconnected (reason "Punting bot, server is hibernating")
L 05/22/2020 - 00:54:29: "Bot69<71><BOT><>" disconnected (reason "Punting bot, server is hibernating")
L 05/22/2020 - 00:54:29: "Bot70<72><BOT><>" disconnected (reason "Punting bot, server is hibernating")
L 05/22/2020 - 00:54:29: "Bot71<73><BOT><>" disconnected (reason "Punting bot, server is hibernating")
L 05/22/2020 - 00:54:29: "Bot72<74><BOT><>" disconnected (reason "Punting bot, server is hibernating")
L 05/22/2020 - 00:54:29: "Bot73<75><BOT><>" disconnected (reason "Punting bot, server is hibernating")
L 05/22/2020 - 00:54:29: "Bot74<76><BOT><>" disconnected (reason "Punting bot, server is hibernating")
L 05/22/2020 - 00:54:29: "Bot75<77><BOT><>" disconnected (reason "Punting bot, server is hibernating")
L 05/22/2020 - 00:54:29: "Bot76<78><BOT><>" disconnected (reason "Punting bot, server is hibernating")
L 05/22/2020 - 00:54:29: "Bot77<79><BOT><>" disconnected (reason "Punting bot, server is hibernating")
L 05/22/2020 - 00:54:29: "Bot78<80><BOT><>" disconnected (reason "Punting bot, server is hibernating")
L 05/22/2020 - 00:54:29: "Bot79<81><BOT><>" disconnected (reason "Punting bot, server is hibernating")
L 05/22/2020 - 00:54:29: "Bot80<82><BOT><>" disconnected (reason "Punting bot, server is hibernating")
L 05/22/2020 - 00:54:29: "Bot81<83><BOT><>" disconnected (reason "Punting bot, server is hibernating")
L 05/22/2020 - 00:57:55: "DidVaitel<84><STEAM_0:1:74202541><>" connected, address "26.162.207.202:27006"
L 05/22/2020 - 00:57:55: "DidVaitel<84><STEAM_0:1:74202541><>" STEAM USERID validated
L 05/22/2020 - 00:58:00: "DidVaitel<84><STEAM_0:1:74202541><>" entered the game
L 05/22/2020 - 01:11:27: "DidVaitel<84><STEAM_0:1:74202541><>" disconnected (reason "Disconnect by user.")
L 05/22/2020 - 01:11:42: "DidVaitel<85><STEAM_0:1:74202541><>" connected, address "26.162.207.202:27006"
L 05/22/2020 - 01:11:43: "DidVaitel<85><STEAM_0:1:74202541><>" STEAM USERID validated
L 05/22/2020 - 01:11:48: "DidVaitel<85><STEAM_0:1:74202541><>" entered the game
L 05/22/2020 - 01:21:10: Lua Error: 
[ERROR] Warning! A net message (Flood.HitNumbers) is already started! Discarding in favor of the new message! (Undo_Undone)

  1. Function - lua/includes/modules/undo.lua:293
   2. v - lua/includes/extensions/entity.lua:134
    3. unknown - lua/includes/modules/hook.lua:84


L 05/22/2020 - 01:22:21: "DidVaitel<85><STEAM_0:1:74202541><>" disconnected (reason "Disconnect by user.")
L 05/22/2020 - 01:22:21: "DidVaitel<86><STEAM_0:1:74202541><>" connected, address "26.162.207.202:27006"
L 05/22/2020 - 01:22:21: "DidVaitel<86><STEAM_0:1:74202541><>" STEAM USERID validated
L 05/22/2020 - 01:22:26: "DidVaitel<86><STEAM_0:1:74202541><>" entered the game
L 05/22/2020 - 01:25:59: "DidVaitel<86><STEAM_0:1:74202541><>" disconnected (reason "Disconnect by user.")
L 05/22/2020 - 01:26:00: "DidVaitel<87><STEAM_0:1:74202541><>" connected, address "26.162.207.202:27006"
L 05/22/2020 - 01:26:00: "DidVaitel<87><STEAM_0:1:74202541><>" STEAM USERID validated
L 05/22/2020 - 01:26:05: "DidVaitel<87><STEAM_0:1:74202541><>" entered the game
L 05/22/2020 - 01:36:07: Lua Error: 
[ERROR] gamemodes/flood/entities/weapons/gmod_tool/stools/weld.lua:78: attempt to call method 'AddCleanup' (a nil value)
  1. LeftClick - gamemodes/flood/entities/weapons/gmod_tool/stools/weld.lua:78
   2. unknown - gamemodes/flood/entities/weapons/gmod_tool/shared.lua:240


L 05/22/2020 - 01:47:55: Lua Error: 
[ERROR] gamemodes/flood/entities/weapons/gmod_tool/stools/weld.lua:78: attempt to call method 'AddCleanup' (a nil value)
  1. LeftClick - gamemodes/flood/entities/weapons/gmod_tool/stools/weld.lua:78
   2. unknown - gamemodes/flood/entities/weapons/gmod_tool/shared.lua:240


L 05/22/2020 - 01:48:11: Lua Error: 
[ERROR] gamemodes/flood/entities/weapons/gmod_tool/stools/weld.lua:78: attempt to call method 'AddCleanup' (a nil value)
  1. LeftClick - gamemodes/flood/entities/weapons/gmod_tool/stools/weld.lua:78
   2. unknown - gamemodes/flood/entities/weapons/gmod_tool/shared.lua:240


L 05/22/2020 - 02:27:43: Lua Error: 
[ERROR] gamemodes/flood/gamemode/core/flood/props/sh_entity.lua:20: attempt to call method 'PropOwner' (a nil value)
  1. HasReward - gamemodes/flood/gamemode/core/flood/props/sh_entity.lua:20
   2. unknown - gamemodes/flood/entities/entities/fl_prop/init.lua:40


L 05/22/2020 - 02:28:41: Lua Error: 
[ERROR] gamemodes/flood/gamemode/core/flood/props/sh_entity.lua:21: attempt to call method 'PropOwner' (a nil value)
  1. HasReward - gamemodes/flood/gamemode/core/flood/props/sh_entity.lua:21
   2. unknown - gamemodes/flood/entities/entities/fl_prop/init.lua:40


L 05/22/2020 - 02:32:25: Lua Error: 
[ERROR] gamemodes/flood/gamemode/core/player/sh_player.lua:21: '}' expected (to close '{' at line 18) near 'GetHandsModel'
  1. IncludeSharedSide - gamemodes/flood/gamemode/shared.lua:27
   2. Include - gamemodes/flood/gamemode/shared.lua:38
    3. IncludeFolder - gamemodes/flood/gamemode/shared.lua:48
     4. IncludeFolder - gamemodes/flood/gamemode/shared.lua:53
      5. IncludeCore - gamemodes/flood/gamemode/shared.lua:68
       6. unknown - gamemodes/flood/gamemode/shared.lua:115
        7. include - [C]:-1
         8. unknown - gamemodes/flood/gamemode/init.lua:14


L 05/22/2020 - 02:32:31: Lua Error: 
[ERROR] gamemodes/flood/gamemode/core/flood/props/sh_entity.lua:21: attempt to call method 'GetPropOwner' (a nil value)
  1. HasReward - gamemodes/flood/gamemode/core/flood/props/sh_entity.lua:21
   2. unknown - gamemodes/flood/entities/entities/fl_prop/init.lua:40


L 05/22/2020 - 02:46:05: Lua Error: 
[ERROR] lua/includes/extensions/table.lua:693: bad argument #1 to 'pairs' (table expected, got userdata)
  1. pairs - [C]:-1
   2. GetKeys - lua/includes/extensions/table.lua:693
    3. PrintTable - lua/includes/util.lua:63
     4. unknown - gamemodes/flood/gamemode/core/flood/props/sv_entity.lua:45
      5. Do_Undo - lua/includes/modules/undo.lua:349
       6. unknown - lua/includes/modules/undo.lua:405
        7. unknown - lua/includes/modules/concommand.lua:54


L 05/22/2020 - 02:46:05: Lua Error: 
[ERROR] lua/includes/extensions/table.lua:693: bad argument #1 to 'pairs' (table expected, got userdata)
  1. pairs - [C]:-1
   2. GetKeys - lua/includes/extensions/table.lua:693
    3. PrintTable - lua/includes/util.lua:63
     4. unknown - gamemodes/flood/gamemode/core/flood/props/sv_entity.lua:45
      5. Do_Undo - lua/includes/modules/undo.lua:349
       6. unknown - lua/includes/modules/undo.lua:405
        7. unknown - lua/includes/modules/concommand.lua:54


L 05/22/2020 - 02:46:05: Lua Error: 
[ERROR] lua/includes/extensions/table.lua:693: bad argument #1 to 'pairs' (table expected, got userdata)
  1. pairs - [C]:-1
   2. GetKeys - lua/includes/extensions/table.lua:693
    3. PrintTable - lua/includes/util.lua:63
     4. unknown - gamemodes/flood/gamemode/core/flood/props/sv_entity.lua:45
      5. Do_Undo - lua/includes/modules/undo.lua:349
       6. unknown - lua/includes/modules/undo.lua:405
        7. unknown - lua/includes/modules/concommand.lua:54


L 05/22/2020 - 02:46:08: Lua Error: 
[ERROR] lua/includes/extensions/table.lua:693: bad argument #1 to 'pairs' (table expected, got userdata)
  1. pairs - [C]:-1
   2. GetKeys - lua/includes/extensions/table.lua:693
    3. PrintTable - lua/includes/util.lua:63
     4. unknown - gamemodes/flood/gamemode/core/flood/props/sv_entity.lua:45
      5. Do_Undo - lua/includes/modules/undo.lua:349
       6. unknown - lua/includes/modules/undo.lua:405
        7. unknown - lua/includes/modules/concommand.lua:54


L 05/22/2020 - 02:46:08: Lua Error: 
[ERROR] lua/includes/extensions/table.lua:693: bad argument #1 to 'pairs' (table expected, got userdata)
  1. pairs - [C]:-1
   2. GetKeys - lua/includes/extensions/table.lua:693
    3. PrintTable - lua/includes/util.lua:63
     4. unknown - gamemodes/flood/gamemode/core/flood/props/sv_entity.lua:45
      5. Do_Undo - lua/includes/modules/undo.lua:349
       6. unknown - lua/includes/modules/undo.lua:405
        7. unknown - lua/includes/modules/concommand.lua:54


L 05/22/2020 - 02:46:21: Lua Error: 
[ERROR] lua/includes/extensions/table.lua:693: bad argument #1 to 'pairs' (table expected, got userdata)
  1. pairs - [C]:-1
   2. GetKeys - lua/includes/extensions/table.lua:693
    3. PrintTable - lua/includes/util.lua:63
     4. unknown - gamemodes/flood/gamemode/core/flood/props/sv_entity.lua:45
      5. Do_Undo - lua/includes/modules/undo.lua:349
       6. unknown - lua/includes/modules/undo.lua:405
        7. unknown - lua/includes/modules/concommand.lua:54


L 05/22/2020 - 02:47:49: "DidVaitel<87><STEAM_0:1:74202541><>" disconnected (reason "Disconnect by user.")
L 05/22/2020 - 03:04:59: "DidVaitel<88><STEAM_0:1:74202541><>" connected, address "26.162.207.202:27006"
L 05/22/2020 - 03:04:59: "DidVaitel<88><STEAM_0:1:74202541><>" STEAM USERID validated
L 05/22/2020 - 03:05:05: "DidVaitel<88><STEAM_0:1:74202541><>" entered the game
L 05/22/2020 - 03:24:57: Lua Error: 
[ERROR] lua/includes/extensions/table.lua:693: bad argument #1 to 'pairs' (table expected, got userdata)
  1. pairs - [C]:-1
   2. GetKeys - lua/includes/extensions/table.lua:693
    3. PrintTable - lua/includes/util.lua:63
     4. unknown - gamemodes/flood/gamemode/core/flood/props/sv_entity.lua:45
      5. Do_Undo - lua/includes/modules/undo.lua:349
       6. unknown - lua/includes/modules/undo.lua:405
        7. unknown - lua/includes/modules/concommand.lua:54


L 05/22/2020 - 03:32:05: Lua Error: 
[ERROR] lua/includes/extensions/table.lua:693: bad argument #1 to 'pairs' (table expected, got userdata)
  1. pairs - [C]:-1
   2. GetKeys - lua/includes/extensions/table.lua:693
    3. PrintTable - lua/includes/util.lua:63
     4. unknown - gamemodes/flood/gamemode/core/flood/props/sv_entity.lua:45
      5. Do_Undo - lua/includes/modules/undo.lua:349
       6. unknown - lua/includes/modules/undo.lua:405
        7. unknown - lua/includes/modules/concommand.lua:54


L 05/22/2020 - 03:32:05: Lua Error: 
[ERROR] lua/includes/extensions/table.lua:693: bad argument #1 to 'pairs' (table expected, got userdata)
  1. pairs - [C]:-1
   2. GetKeys - lua/includes/extensions/table.lua:693
    3. PrintTable - lua/includes/util.lua:63
     4. unknown - gamemodes/flood/gamemode/core/flood/props/sv_entity.lua:45
      5. Do_Undo - lua/includes/modules/undo.lua:349
       6. unknown - lua/includes/modules/undo.lua:405
        7. unknown - lua/includes/modules/concommand.lua:54


L 05/22/2020 - 03:32:06: Lua Error: 
[ERROR] lua/includes/extensions/table.lua:693: bad argument #1 to 'pairs' (table expected, got userdata)
  1. pairs - [C]:-1
   2. GetKeys - lua/includes/extensions/table.lua:693
    3. PrintTable - lua/includes/util.lua:63
     4. unknown - gamemodes/flood/gamemode/core/flood/props/sv_entity.lua:45
      5. Do_Undo - lua/includes/modules/undo.lua:349
       6. unknown - lua/includes/modules/undo.lua:405
        7. unknown - lua/includes/modules/concommand.lua:54


L 05/22/2020 - 03:32:06: Lua Error: 
[ERROR] lua/includes/extensions/table.lua:693: bad argument #1 to 'pairs' (table expected, got userdata)
  1. pairs - [C]:-1
   2. GetKeys - lua/includes/extensions/table.lua:693
    3. PrintTable - lua/includes/util.lua:63
     4. unknown - gamemodes/flood/gamemode/core/flood/props/sv_entity.lua:45
      5. Do_Undo - lua/includes/modules/undo.lua:349
       6. unknown - lua/includes/modules/undo.lua:405
        7. unknown - lua/includes/modules/concommand.lua:54


L 05/22/2020 - 03:32:09: Lua Error: 
[ERROR] lua/includes/extensions/table.lua:693: bad argument #1 to 'pairs' (table expected, got userdata)
  1. pairs - [C]:-1
   2. GetKeys - lua/includes/extensions/table.lua:693
    3. PrintTable - lua/includes/util.lua:63
     4. unknown - gamemodes/flood/gamemode/core/flood/props/sv_entity.lua:45
      5. Do_Undo - lua/includes/modules/undo.lua:349
       6. unknown - lua/includes/modules/undo.lua:405
        7. unknown - lua/includes/modules/concommand.lua:54


L 05/22/2020 - 03:32:20: Lua Error: 
[ERROR] lua/includes/extensions/table.lua:693: bad argument #1 to 'pairs' (table expected, got userdata)
  1. pairs - [C]:-1
   2. GetKeys - lua/includes/extensions/table.lua:693
    3. PrintTable - lua/includes/util.lua:63
     4. unknown - gamemodes/flood/gamemode/core/flood/props/sv_entity.lua:45
      5. Do_Undo - lua/includes/modules/undo.lua:349
       6. unknown - lua/includes/modules/undo.lua:405
        7. unknown - lua/includes/modules/concommand.lua:54


L 05/22/2020 - 03:40:00: Lua Error: 
[ERROR] gamemodes/flood/entities/weapons/gmod_tool/stools/weld.lua:78: attempt to call method 'AddCleanup' (a nil value)
  1. LeftClick - gamemodes/flood/entities/weapons/gmod_tool/stools/weld.lua:78
   2. unknown - gamemodes/flood/entities/weapons/gmod_tool/shared.lua:240


L 05/22/2020 - 03:40:44: Lua Error: 
[ERROR] lua/includes/extensions/table.lua:693: bad argument #1 to 'pairs' (table expected, got userdata)
  1. pairs - [C]:-1
   2. GetKeys - lua/includes/extensions/table.lua:693
    3. PrintTable - lua/includes/util.lua:63
     4. unknown - gamemodes/flood/gamemode/core/flood/props/sv_entity.lua:45
      5. Do_Undo - lua/includes/modules/undo.lua:349
       6. unknown - lua/includes/modules/undo.lua:405
        7. unknown - lua/includes/modules/concommand.lua:54


L 05/22/2020 - 03:40:44: Lua Error: 
[ERROR] lua/includes/extensions/table.lua:693: bad argument #1 to 'pairs' (table expected, got userdata)
  1. pairs - [C]:-1
   2. GetKeys - lua/includes/extensions/table.lua:693
    3. PrintTable - lua/includes/util.lua:63
     4. unknown - gamemodes/flood/gamemode/core/flood/props/sv_entity.lua:45
      5. Do_Undo - lua/includes/modules/undo.lua:349
       6. unknown - lua/includes/modules/undo.lua:405
        7. unknown - lua/includes/modules/concommand.lua:54


L 05/22/2020 - 03:44:32: Lua Error: 
[ERROR] gamemodes/flood/gamemode/core/flood/phases/sv_phases.lua:87: unexpected symbol near '='
  1. Include - gamemodes/flood/gamemode/shared.lua:34
   2. IncludeFolder - gamemodes/flood/gamemode/shared.lua:48
    3. IncludeFolder - gamemodes/flood/gamemode/shared.lua:53
     4. IncludeFolder - gamemodes/flood/gamemode/shared.lua:53
      5. IncludeCore - gamemodes/flood/gamemode/shared.lua:68
       6. unknown - gamemodes/flood/gamemode/shared.lua:115
        7. include - [C]:-1
   