L 05/24/2019 - 16:17:10: Log file started (file "logs\L0524005.log") (game "F:\sup\steamapps\common\GarrysModDS\garrysmod") (version "7402")
L 05/24/2019 - 16:17:10: server_cvar: "sv_alltalk" "3"
L 05/24/2019 - 16:17:11: Connection to Steam servers successful.
L 05/24/2019 - 16:17:11:    Public IP is 31.130.42.81.
L 05/24/2019 - 16:17:11: Assigned anonymous gameserver Steam ID [A-1:1273349123(12582)].
L 05/24/2019 - 16:17:11: VAC secure mode is activated.
L 05/24/2019 - 16:17:18: "DidVaitel<2><STEAM_0:1:74202541><>" connected, address "192.168.1.102:27006"
L 05/24/2019 - 16:17:19: "DidVaitel<2><STEAM_0:1:74202541><>" STEAM USERID validated
L 05/24/2019 - 16:17:28: "DidVaitel<2><STEAM_0:1:74202541><>" entered the game
L 05/24/2019 - 16:18:51: Lua Error: 
[ERROR] gamemodes/whosyourgarry/gamemode/init.lua:44: attempt to call field 'FinishLoading' (a nil value)
  1. unknown - gamemodes/whosyourgarry/gamemode/init.lua:44


L 05/24/2019 - 16:18:51: Lua Error: Couldn't Load Init Script: 'whosyourgarry/gamemode/init.lua'

L 05/24/2019 - 16:18:51: Lua Error: 
[ERROR] gamemodes/whosyourgarry/gamemode/init.lua:44: attempt to call field 'FinishLoading' (a nil value)
  1. unknown - gamemodes/whosyourgarry/gamemode/init.lua:44


L 05/24/2019 - 16:18:51: Lua Error: Couldn't Load Init Script: 'whosyourgarry/gamemode/init.lua'

L 05/24/2019 - 16:18:54: Lua Error: 
[ERROR] gamemodes/whosyourgarry/gamemode/init.lua:44: attempt to call field 'FinishLoading' (a nil value)
  1. unknown - gamemodes/whosyourgarry/gamemode/init.lua:44


L 05/24/2019 - 16:18:54: Lua Error: Couldn't Load Init Script: 'whosyourgarry/gamemode/init.lua'

L 05/24/2019 - 16:21:58: "DidVaitel<2><STEAM_0:1:74202541><>" disconnected (reason "Server shutting down")
L 05/24/2019 - 16:21:58: server_message: "quit"
L 05/24/2019 - 16:21:58: Log file closed.
