L 05/30/2020 - 16:30:43: Log file started (file "logs\L0530000.log") (game "D:\sup\steamapps\common\GarrysModDS\garrysmod") (version "7836")
L 05/30/2020 - 16:30:43: server_cvar: "sv_alltalk" "3"
L 05/30/2020 - 16:30:44: Connection to Steam servers successful.
L 05/30/2020 - 16:30:44:    Public IP is 31.130.42.26.
L 05/30/2020 - 16:30:44: Assigned anonymous gameserver Steam ID [A-1:2081420296(14839)].
L 05/30/2020 - 16:30:44: VAC secure mode is activated.
L 05/30/2020 - 17:13:00: "DidVaitel<2><STEAM_0:1:74202541><>" connected, address "26.162.207.202:27006"
L 05/30/2020 - 17:13:00: "DidVaitel<2><STEAM_0:1:74202541><>" STEAM USERID validated
L 05/30/2020 - 17:13:13: "DidVaitel<2><STEAM_0:1:74202541><>" entered the game
L 05/30/2020 - 17:13:13: Lua Error: 
[ERROR] gamemodes/flood/gamemode/core/player/sv_player.lua:99: attempt to call method 'SendPropsTable' (a nil value)
  1. unknown - gamemodes/flood/gamemode/core/player/sv_player.lua:99


L 05/30/2020 - 17:18:57: Lua Error: 
[ERROR] gamemodes/flood/gamemode/core/flood/phases/sv_phases.lua:58: attempt to call method 'Loadout' (a nil value)
  1. BuildPhase - gamemodes/flood/gamemode/core/flood/phases/sv_phases.lua:58
   2. Call - gamemodes/flood/gamemode/core/flood/phases/sv_phases.lua:42
    3. SetPhase - gamemodes/flood/gamemode/core/flood/phases/sv_phases.lua:13
     4. PhaseContoller - gamemodes/flood/gamemode/core/flood/phases/sv_phases.lua:22
      5. unknown - gamemodes/flood/gamemode/core/flood/phases/sv_phases.lua:29


L 05/30/2020 - 17:20:54: Lua Error: 
[ERROR] gamemodes/flood/entities/weapons/gmod_tool/stools/specialprops.lua:34: attempt to call method 'CTeam' (a nil value)
  1. CanSpawnProp - gamemodes/flood/entities/weapons/gmod_tool/stools/specialprops.lua:34
   2. LeftClick - gamemodes/flood/entities/weapons/gmod_tool/stools/specialprops.lua:45
    3. unknown - gamemodes/flood/entities/weapons/gmod_tool/shared.lua:240


L 05/30/2020 - 17:20:55: Lua Error: 
[ERROR] gamemodes/flood/entities/weapons/gmod_tool/stools/specialprops.lua:34: attempt to call method 'CTeam' (a nil value)
  1. CanSpawnProp - gamemodes/flood/entities/weapons/gmod_tool/stools/specialprops.lua:34
   2. LeftClick - gamemodes/flood/entities/weapons/gmod_tool/stools/specialprops.lua:45
    3. unknown - gamemodes/flood/entities/weapons/gmod_tool/shared.lua:240


L 05/30/2020 - 17:20:55: Lua Error: 
[ERROR] gamemodes/flood/entities/weapons/gmod_tool/stools/specialprops.lua:34: attempt to call method 'CTeam' (a nil value)
  1. CanSpawnProp - gamemodes/flood/entities/weapons/gmod_tool/stools/specialprops.lua:34
   2. LeftClick - gamemodes/flood/entities/weapons/gmod_tool/stools/specialprops.lua:45
    3. unknown - gamemodes/flood/entities/weapons/gmod_tool/shared.lua:240


L 05/30/2020 - 17:20:55: Lua Error: 
[ERROR] gamemodes/flood/entities/weapons/gmod_tool/stools/specialprops.lua:34: attempt to call method 'CTeam' (a nil value)
  1. CanSpawnProp - gamemodes/flood/entities/weapons/gmod_tool/stools/specialprops.lua:34
   2. LeftClick - gamemodes/flood/entities/weapons/gmod_tool/stools/specialprops.lua:45
    3. unknown - gamemodes/flood/entities/weapons/gmod_tool/shared.lua:240


L 05/30/2020 - 17:58:21: "DidVaitel<2><STEAM_0:1:74202541><>" disconnected (reason "Disconnect by user.")
L 05/30/2020 - 17:58:22: "DidVaitel<3><STEAM_0:1:74202541><>" connected, address "26.162.207.202:27006"
L 05/30/2020 - 17:58:22: "DidVaitel<3><STEAM_0:1:74202541><>" STEAM USERID validated
L 05/30/2020 - 17:58:27: "DidVaitel<3><STEAM_0:1:74202541><>" entered the game
L 05/30/2020 - 18:16:20: "DidVaitel<3><STEAM_0:1:74202541><>" disconnected (reason "Disconnect by user.")
L 05/30/2020 - 18:16:20: "DidVaitel<4><STEAM_0:1:74202541><>" connected, address "26.162.207.202:27006"
L 05/30/2020 - 18:16:21: "DidVaitel<4><STEAM_0:1:74202541><>" STEAM USERID validated
L 05/30/2020 - 18:16:25: "DidVaitel<4><STEAM_0:1:74202541><>" entered the game
L 05/30/2020 - 18:26:27: "DidVaitel<4><STEAM_0:1:74202541><>" disconnected (reason "Server shutting down")
L 05/30/2020 - 18:26:27: server_message: "quit"
L 05/30/2020 - 18:26:27: Log file closed.
