L 06/25/2020 - 13:38:15: Log file started (file "logs\L0625001.log") (game "D:\sup\steamapps\common\GarrysModDS\garrysmod") (version "7836")
L 06/25/2020 - 13:38:15: server_cvar: "sv_alltalk" "3"
L 06/25/2020 - 13:38:15: server_cvar: "sbox_noclip" "0"
L 06/25/2020 - 13:38:15: server_cvar: "sv_allowcslua" "1"
L 06/25/2020 - 13:38:15: server_cvar: "sv_airaccelerate" "1000"
L 06/25/2020 - 13:38:15: server_cvar: "sv_alltalk" "0"
L 06/25/2020 - 13:38:16: Connection to Steam servers successful.
L 06/25/2020 - 13:38:16:    Public IP is 31.130.42.26.
L 06/25/2020 - 13:38:16: Assigned anonymous gameserver Steam ID [A-1:3475742728(15031)].
L 06/25/2020 - 13:38:16: VAC secure mode is activated.
L 06/25/2020 - 13:38:17: "COMPLΞX<2><STEAM_0:0:105635721><>" connected, address "26.162.207.202:27006"
L 06/25/2020 - 13:38:18: "COMPLΞX<2><STEAM_0:0:105635721><>" STEAM USERID validated
L 06/25/2020 - 13:38:26: [FAdmin] COMPLΞX (STEAM_0:0:105635721) Spawned for the first time
L 06/25/2020 - 13:38:26: [FAdmin] Koteyka (STEAM_0:0:105635721) Spawned
L 06/25/2020 - 13:38:26: "COMPLΞX<2><STEAM_0:0:105635721><>" entered the game
L 06/25/2020 - 13:38:26: [FAdmin] Koteyka (STEAM_0:0:105635721) Attempted to pick up a keys
L 06/25/2020 - 13:38:26: [FAdmin] Koteyka (STEAM_0:0:105635721) Attempted to pick up a weapon_physcannon
L 06/25/2020 - 13:38:26: [FAdmin] Koteyka (STEAM_0:0:105635721) Attempted to pick up a gmod_camera
L 06/25/2020 - 13:38:26: [FAdmin] Koteyka (STEAM_0:0:105635721) Attempted to pick up a gmod_tool
L 06/25/2020 - 13:38:26: [FAdmin] Koteyka (STEAM_0:0:105635721) Attempted to pick up a pocket
L 06/25/2020 - 13:38:26: [FAdmin] Koteyka (STEAM_0:0:105635721) Attempted to pick up a weapon_physgun
L 06/25/2020 - 13:38:26: [FAdmin] Koteyka (STEAM_0:0:105635721) Attempted to pick up a weapon_keypadchecker
L 06/25/2020 - 13:38:26: [FAdmin] Koteyka (STEAM_0:0:105635721) Attempted to pick up a door_ram
L 06/25/2020 - 13:38:26: [FAdmin] Koteyka (STEAM_0:0:105635721) Attempted to pick up a arrest_stick
L 06/25/2020 - 13:38:26: [FAdmin] Koteyka (STEAM_0:0:105635721) Attempted to pick up a unarrest_stick
L 06/25/2020 - 13:38:26: [FAdmin] Koteyka (STEAM_0:0:105635721) Attempted to pick up a stunstick
L 06/25/2020 - 13:38:26: [FAdmin] Koteyka (STEAM_0:0:105635721) Attempted to pick up a weaponchecker
L 06/25/2020 - 13:38:26: [FAdmin] Koteyka (STEAM_0:0:105635721) is Authed
L 06/25/2020 - 13:38:35: [FAdmin] Koteyka (STEAM_0:0:105635721) Spawned a st_shop
L 06/25/2020 - 13:38:37: [FAdmin] Koteyka (STEAM_0:0:105635721) Attempted to switch noclip
L 06/25/2020 - 13:38:43: [FAdmin] Koteyka (STEAM_0:0:105635721) Attempted to switch noclip
L 06/25/2020 - 13:39:03: [FAdmin] Server succesfully shut down.
L 06/25/2020 - 13:39:03: [FAdmin] prop_physics(models/maxofs2d/companion_doll.mdl) Got removed
L 06/25/2020 - 13:39:03: [FAdmin] prop_physics(models/props_c17/furnituretable003a.mdl) Got removed
L 06/25/2020 - 13:39:03: [FAdmin] prop_physics(models/props_c17/furniturecouch002a.mdl) Got removed
L 06/25/2020 - 13:39:03: [FAdmin] prop_physics(models/props_c17/furniturecouch001a.mdl) Got removed
L 06/25/2020 - 13:39:03: "COMPLΞX<2><STEAM_0:0:105635721><>" disconnected (reason "Server shutting down")
L 06/25/2020 - 13:39:04: server_message: "quit"
L 06/25/2020 - 13:39:04: Log file closed.
