L 06/22/2020 - 12:18:46: Log file started (file "logs\L0622000.log") (game "D:\sup\steamapps\common\GarrysModDS\garrysmod") (version "7836")
L 06/22/2020 - 12:18:46: server_cvar: "sv_alltalk" "3"
L 06/22/2020 - 12:18:47: Connection to Steam servers successful.
L 06/22/2020 - 12:18:47:    Public IP is 31.130.42.26.
L 06/22/2020 - 12:18:47: Assigned anonymous gameserver Steam ID [A-1:2766526468(15008)].
L 06/22/2020 - 12:18:48: VAC secure mode is activated.
L 06/22/2020 - 12:19:32: Lua Error: 
[ERROR] addons/ration factory/lua/autorun/server/sv_config.lua:31: attempt to index global 'rp' (a nil value)
  1. unknown - addons/ration factory/lua/autorun/server/sv_config.lua:31


L 06/22/2020 - 12:19:54: "DidVaitel<2><STEAM_0:1:74202541><>" connected, address "26.162.207.202:27006"
L 06/22/2020 - 12:19:54: Lua Error: 
[ERROR] addons/ration factory/lua/autorun/server/sv_config.lua:7: attempt to index field 'RationFactrory' (a nil value)
  1. RemoveEntsOutBounds - addons/ration factory/lua/autorun/server/sv_config.lua:7
   2. unknown - addons/ration factory/lua/autorun/server/sv_config.lua:3


L 06/22/2020 - 12:19:54: "DidVaitel<2><STEAM_0:1:74202541><>" STEAM USERID validated
L 06/22/2020 - 12:20:09: "DidVaitel<2><STEAM_0:1:74202541><>" entered the game
L 06/22/2020 - 12:22:14: Lua Error: 
[ERROR] addons/ration factory/lua/entities/eml_button/init.lua:43: bad argument #1 to 'SetPos' (Vector expected, got nil)
  1. SetPos - [C]:-1
   2. unknown - addons/ration factory/lua/entities/eml_button/init.lua:43


L 06/22/2020 - 12:22:14: Lua Error: 
[ERROR] addons/ration factory/lua/entities/eml_button/init.lua:43: bad argument #1 to 'SetPos' (Vector expected, got nil)
  1. SetPos - [C]:-1
   2. unknown - addons/ration factory/lua/entities/eml_button/init.lua:43


L 06/22/2020 - 12:22:14: Lua Error: 
[ERROR] addons/ration factory/lua/entities/eml_button/init.lua:43: bad argument #1 to 'SetPos' (Vector expected, got nil)
  1. SetPos - [C]:-1
   2. unknown - addons/ration factory/lua/entities/eml_button/init.lua:43


L 06/22/2020 - 12:22:14: Lua Error: 
[ERROR] addons/ration factory/lua/entities/eml_button/init.lua:43: bad argument #1 to 'SetPos' (Vector expected, got nil)
  1. SetPos - [C]:-1
   2. unknown - addons/ration factory/lua/entities/eml_button/init.lua:43


L 06/22/2020 - 12:22:14: Lua Error: 
[ERROR] addons/ration factory/lua/entities/eml_button/init.lua:43: bad argument #1 to 'SetPos' (Vector expected, got nil)
  1. SetPos - [C]:-1
   2. unknown - addons/ration factory/lua/entities/eml_button/init.lua:43


L 06/22/2020 - 12:22:14: Lua Error: 
[ERROR] addons/ration factory/lua/entities/eml_button/init.lua:43: bad argument #1 to 'SetPos' (Vector expected, got nil)
  1. SetPos - [C]:-1
   2. unknown - addons/ration factory/lua/entities/eml_button/init.lua:43


L 06/22/2020 - 12:23:11: "DidVaitel<2><STEAM_0:1:74202541><>" disconnected (reason "Server shutting down")
L 06/22/2020 - 12:23:11: server_message: "quit"
L 06/22/2020 - 12:23:11: Log file closed.
