L 06/25/2020 - 13:31:45: Log file started (file "logs\L0625000.log") (game "D:\sup\steamapps\common\GarrysModDS\garrysmod") (version "7836")
L 06/25/2020 - 13:31:45: server_cvar: "sv_alltalk" "3"
L 06/25/2020 - 13:31:45: server_cvar: "sbox_noclip" "0"
L 06/25/2020 - 13:31:45: server_cvar: "sv_allowcslua" "1"
L 06/25/2020 - 13:31:45: server_cvar: "sv_airaccelerate" "1000"
L 06/25/2020 - 13:31:45: server_cvar: "sv_alltalk" "0"
L 06/25/2020 - 13:31:46: Connection to Steam servers successful.
L 06/25/2020 - 13:31:46:    Public IP is 31.130.42.26.
L 06/25/2020 - 13:31:46: Assigned anonymous gameserver Steam ID [A-1:3372000256(15031)].
L 06/25/2020 - 13:31:47: VAC secure mode is activated.
L 06/25/2020 - 13:32:43: "COMPLΞX<2><STEAM_0:0:105635721><>" connected, address "26.162.207.202:27006"
L 06/25/2020 - 13:32:43: "COMPLΞX<2><STEAM_0:0:105635721><>" STEAM USERID validated
L 06/25/2020 - 13:33:01: [FAdmin] COMPLΞX (STEAM_0:0:105635721) Spawned for the first time
L 06/25/2020 - 13:33:01: [FAdmin] Koteyka (STEAM_0:0:105635721) Spawned
L 06/25/2020 - 13:33:01: "COMPLΞX<2><STEAM_0:0:105635721><>" entered the game
L 06/25/2020 - 13:33:01: [FAdmin] Koteyka (STEAM_0:0:105635721) Attempted to pick up a keys
L 06/25/2020 - 13:33:01: [FAdmin] Koteyka (STEAM_0:0:105635721) Attempted to pick up a weapon_physcannon
L 06/25/2020 - 13:33:01: [FAdmin] Koteyka (STEAM_0:0:105635721) Attempted to pick up a gmod_camera
L 06/25/2020 - 13:33:01: [FAdmin] Koteyka (STEAM_0:0:105635721) Attempted to pick up a gmod_tool
L 06/25/2020 - 13:33:01: [FAdmin] Koteyka (STEAM_0:0:105635721) Attempted to pick up a pocket
L 06/25/2020 - 13:33:01: [FAdmin] Koteyka (STEAM_0:0:105635721) Attempted to pick up a weapon_physgun
L 06/25/2020 - 13:33:01: [FAdmin] Koteyka (STEAM_0:0:105635721) is Authed
L 06/25/2020 - 13:33:29: [FAdmin] Koteyka (STEAM_0:0:105635721) Gave himself a itemstore_pickup
L 06/25/2020 - 13:33:43: FAdmin: Command does not exist!
L 06/25/2020 - 13:33:46: FAdmin: Command does not exist!
L 06/25/2020 - 13:34:11: FAdmin: Command does not exist!
L 06/25/2020 - 13:34:11: FAdmin: Group not found
L 06/25/2020 - 13:34:20: FAdmin: Group not found
L 06/25/2020 - 13:34:24: FAdmin: User access set!
L 06/25/2020 - 13:34:24: [FAdmin] unknown set the usergroup of Koteyka to superadmin
L 06/25/2020 - 13:34:27: [FAdmin] Koteyka (STEAM_0:0:105635721) Gave himself a itemstore_pickup
L 06/25/2020 - 13:34:27: [FAdmin] Koteyka (STEAM_0:0:105635721) Attempted to pick up a itemstore_pickup
L 06/25/2020 - 13:35:57: "COMPLΞX<2><STEAM_0:0:105635721><>" disconnected (reason "Disconnect by user.")
L 06/25/2020 - 13:35:57: [FAdmin] Koteyka (STEAM_0:0:105635721) Disconnected
L 06/25/2020 - 13:36:11: "COMPLΞX<3><STEAM_0:0:105635721><>" connected, address "26.162.207.202:27006"
L 06/25/2020 - 13:36:12: "COMPLΞX<3><STEAM_0:0:105635721><>" STEAM USERID validated
L 06/25/2020 - 13:36:25: [FAdmin] COMPLΞX (STEAM_0:0:105635721) Spawned for the first time
L 06/25/2020 - 13:36:25: [FAdmin] Koteyka (STEAM_0:0:105635721) Spawned
L 06/25/2020 - 13:36:25: "COMPLΞX<3><STEAM_0:0:105635721><>" entered the game
L 06/25/2020 - 13:36:25: [FAdmin] Koteyka (STEAM_0:0:105635721) Attempted to pick up a keys
L 06/25/2020 - 13:36:25: [FAdmin] Koteyka (STEAM_0:0:105635721) Attempted to pick up a weapon_physcannon
L 06/25/2020 - 13:36:25: [FAdmin] Koteyka (STEAM_0:0:105635721) Attempted to pick up a gmod_camera
L 06/25/2020 - 13:36:25: [FAdmin] Koteyka (STEAM_0:0:105635721) Attempted to pick up a gmod_tool
L 06/25/2020 - 13:36:25: [FAdmin] Koteyka (STEAM_0:0:105635721) Attempted to pick up a pocket
L 06/25/2020 - 13:36:25: [FAdmin] Koteyka (STEAM_0:0:105635721) Attempted to pick up a weapon_physgun
L 06/25/2020 - 13:36:25: [FAdmin] Koteyka (STEAM_0:0:105635721) Attempted to pick up a weapon_keypadchecker
L 06/25/2020 - 13:36:25: [FAdmin] Koteyka (STEAM_0:0:105635721) Attempted to pick up a door_ram
L 06/25/2020 - 13:36:25: [FAdmin] Koteyka (STEAM_0:0:105635721) Attempted to pick up a arrest_stick
L 06/25/2020 - 13:36:25: [FAdmin] Koteyka (STEAM_0:0:105635721) Attempted to pick up a unarrest_stick
L 06/25/2020 - 13:36:25: [FAdmin] Koteyka (STEAM_0:0:105635721) Attempted to pick up a stunstick
L 06/25/2020 - 13:36:25: [FAdmin] Koteyka (STEAM_0:0:105635721) Attempted to pick up a weaponchecker
L 06/25/2020 - 13:36:25: [FAdmin] Koteyka (STEAM_0:0:105635721) is Authed
L 06/25/2020 - 13:36:45: [FAdmin] Koteyka (STEAM_0:0:105635721) Gave himself a itemstore_pickup
L 06/25/2020 - 13:36:45: [FAdmin] Koteyka (STEAM_0:0:105635721) Attempted to pick up a itemstore_pickup
L 06/25/2020 - 13:36:54: [FAdmin] Koteyka (STEAM_0:0:105635721) Spawned a models/props_c17/FurnitureDrawer001a_Chunk03.mdl
L 06/25/2020 - 13:36:55: [FAdmin] prop_physics(models/props_c17/furnituredrawer001a_chunk03.mdl) Got removed
L 06/25/2020 - 13:36:59: [FAdmin] Koteyka (STEAM_0:0:105635721) Spawned a st_shop
L 06/25/2020 - 13:37:36: [FAdmin] Koteyka (STEAM_0:0:105635721) Attempted to switch noclip
L 06/25/2020 - 13:37:41: [FAdmin] Server succesfully shut down.
L 06/25/2020 - 13:37:41: [FAdmin] prop_physics(models/maxofs2d/companion_doll.mdl) Got removed
L 06/25/2020 - 13:37:41: [FAdmin] prop_physics(models/props_c17/furnituretable003a.mdl) Got removed
L 06/25/2020 - 13:37:41: [FAdmin] prop_physics(models/props_c17/furniturecouch002a.mdl) Got removed
L 06/25/2020 - 13:37:41: [FAdmin] prop_physics(models/props_c17/furniturecouch001a.mdl) Got removed
L 06/25/2020 - 13:37:41: "COMPLΞX<3><STEAM_0:0:105635721><>" disconnected (reason "Server shutting down")
L 06/25/2020 - 13:37:41: server_message: "quit"
L 06/25/2020 - 13:37:41: Log file closed.
