L 07/03/2020 - 05:42:53: Log file started (file "logs\L0703029.log") (game "D:\sup\steamapps\common\GarrysModDS\garrysmod") (version "7836")
L 07/03/2020 - 05:42:53: server_cvar: "sv_alltalk" "3"
L 07/03/2020 - 05:42:54: Connection to Steam servers successful.
L 07/03/2020 - 05:42:54:    Public IP is 31.130.42.26.
L 07/03/2020 - 05:42:54: Assigned anonymous gameserver Steam ID [A-1:3556796416(15080)].
L 07/03/2020 - 05:42:55: VAC secure mode is activated.
L 07/03/2020 - 05:43:12: "DidVaitel<2><STEAM_0:1:74202541><>" connected, address "26.162.207.202:27006"
L 07/03/2020 - 05:43:12: "DidVaitel<2><STEAM_0:1:74202541><>" STEAM USERID validated
L 07/03/2020 - 05:43:22: "DidVaitel<2><STEAM_0:1:74202541><>" entered the game
L 07/03/2020 - 05:43:22: Lua Error: addons/badmin_2/lua/ba/plugins/reserved_slots.lua:5: attempt to compare nil with number

L 07/03/2020 - 05:43:28: Lua Error: 
[ERROR] addons/dash_3/lua/dash/libraries/nw.lua:313: attempt to index a nil value
  1. SetNetVar - addons/dash_3/lua/dash/libraries/nw.lua:313
   2. unknown - gamemodes/darkrp/gamemode/core/player/data/data_sv.lua:27
    3. func - addons/dash_3/lua/dash/libraries/nw.lua:255
     4. unknown - lua/includes/extensions/net.lua:32


L 07/03/2020 - 05:47:37: "DidVaitel<2><STEAM_0:1:74202541><>" disconnected (reason "Disconnect by user.")
L 07/03/2020 - 05:47:37: Lua Error: 
[ERROR] addons/badmin_2/lua/ba/core/util/notifications/notify_sv.lua:56: attempt to call field 'GetStaff' (a nil value)
  1. notify_staff - addons/badmin_2/lua/ba/core/util/notifications/notify_sv.lua:56
   2. v - addons/badmin_2/lua/ba/core/ranks/groups_sv.lua:16
    3. unknown - addons/dash_3/lua/dash/libraries/hook.lua:36


L 07/03/2020 - 05:47:37: Lua Error: 
[ERROR] Warning! A net message (ba.NotifyTerm) is already started! Discarding in favor of the new message! (nw.PlayerRemoved)

  1. v - addons/dash_3/lua/dash/libraries/nw.lua:267
   2. unknown - addons/dash_3/lua/dash/libraries/hook.lua:36


L 07/03/2020 - 05:47:39: "DidVaitel<3><STEAM_0:1:74202541><>" connected, address "26.162.207.202:27006"
L 07/03/2020 - 05:47:40: "DidVaitel<3><STEAM_0:1:74202541><>" STEAM USERID validated
L 07/03/2020 - 05:47:49: "DidVaitel<3><STEAM_0:1:74202541><>" entered the game
L 07/03/2020 - 05:47:49: Lua Error: addons/badmin_2/lua/ba/plugins/reserved_slots.lua:5: attempt to compare nil with number

L 07/03/2020 - 05:47:55: Lua Error: 
[ERROR] addons/dash_3/lua/dash/libraries/nw.lua:313: attempt to index a nil value
  1. SetNetVar - addons/dash_3/lua/dash/libraries/nw.lua:313
   2. unknown - gamemodes/darkrp/gamemode/core/player/data/data_sv.lua:27
    3. func - addons/dash_3/lua/dash/libraries/nw.lua:255
     4. unknown - lua/includes/extensions/net.lua:32


L 07/03/2020 - 05:49:01: Lua Error: Couldn't include file 'darkrp\gamemode\util\questions\questions_sv.lua' (File not found) (@gamemodes/darkrp/gamemode/sh_init.lua (line 43))

L 07/03/2020 - 05:49:01: Lua Error: Corrupt shipment "Riot Shield": element model is corrupt.

L 07/03/2020 - 05:49:01: Lua Error: Corrupt shipment "Vape": element model is corrupt.

L 07/03/2020 - 05:49:01: Lua Error: Couldn't include file 'darkrp\gamemode\cfg\struggle.lua' (File not found) (@gamemodes/darkrp/gamemode/sh_init.lua (line 121))

L 07/03/2020 - 05:50:59: Lua Error: Couldn't include file 'darkrp\gamemode\util\questions\questions_sv.lua' (File not found) (@gamemodes/darkrp/gamemode/sh_init.lua (line 43))

L 07/03/2020 - 05:50:59: Lua Error: Corrupt shipment "Riot Shield": element model is corrupt.

L 07/03/2020 - 05:50:59: Lua Error: Corrupt shipment "Vape": element model is corrupt.

L 07/03/2020 - 05:50:59: Lua Error: Couldn't include file 'darkrp\gamemode\cfg\struggle.lua' (File not found) (@gamemodes/darkrp/gamemode/sh_init.lua (line 121))

L 07/03/2020 - 05:51:07: Lua Error: Couldn't include file 'darkrp\gamemode\util\questions\questions_sv.lua' (File not found) (@gamemodes/darkrp/gamemode/sh_init.lua (line 43))

L 07/03/2020 - 05:51:08: Lua Error: Corrupt shipment "Riot Shield": element model is corrupt.

L 07/03/2020 - 05:51:08: Lua Error: Corrupt shipment "Vape": element model is corrupt.

L 07/03/2020 - 05:51:08: Lua Error: Couldn't include file 'darkrp\gamemode\cfg\struggle.lua' (File not found) (@gamemodes/darkrp/gamemode/sh_init.lua (line 121))

L 07/03/2020 - 05:51:10: Lua Error: Couldn't include file 'darkrp\gamemode\util\questions\questions_sv.lua' (File not found) (@gamemodes/darkrp/gamemode/sh_init.lua (line 43))

L 07/03/2020 - 05:51:10: Lua Error: Corrupt shipment "Riot Shield": element model is corrupt.

L 07/03/2020 - 05:51:10: Lua Error: Corrupt shipment "Vape": element model is corrupt.

L 07/03/2020 - 05:51:11: Lua Error: Couldn't include file 'darkrp\gamemode\cfg\struggle.lua' (File not found) (@gamemodes/darkrp/gamemode/sh_init.lua (line 121))

L 07/03/2020 - 05:52:20: Lua Error: Couldn't include file 'darkrp\gamemode\util\questions\questions_sv.lua' (File not found) (@gamemodes/darkrp/gamemode/sh_init.lua (line 43))

L 07/03/2020 - 05:52:20: Lua Error: Corrupt shipment "Riot Shield": element model is corrupt.

L 07/03/2020 - 05:52:20: Lua Error: Corrupt shipment "Vape": element model is corrupt.

L 07/03/2020 - 05:52:20: Lua Error: Couldn't include file 'darkrp\gamemode\cfg\struggle.lua' (File not found) (@gamemodes/darkrp/gamemode/sh_init.lua (line 121))

L 07/03/2020 - 05:53:02: Lua Error: Couldn't include file 'darkrp\gamemode\util\questions\questions_sv.lua' (File not found) (@gamemodes/darkrp/gamemode/sh_init.lua (line 43))

L 07/03/2020 - 05:53:02: Lua Error: Corrupt shipment "Riot Shield": element model is corrupt.

L 07/03/2020 - 05:53:02: Lua Error: Corrupt shipment "Vape": element model is corrupt.

L 07/03/2020 - 05:53:02: Lua Error: Couldn't include file 'darkrp\gamemode\cfg\struggle.lua' (File not found) (@gamemodes/darkrp/gamemode/sh_init.lua (line 121))

L 07/03/2020 - 05:53:13: Lua Error: Couldn't include file 'darkrp\gamemode\util\questions\questions_sv.lua' (File not found) (@gamemodes/darkrp/gamemode/sh_init.lua (line 43))

L 07/03/2020 - 05:53:13: Lua Error: Corrupt shipment "Riot Shield": element model is corrupt.

L 07/03/2020 - 05:53:13: Lua Error: Corrupt shipment "Vape": element model is corrupt.

L 07/03/2020 - 05:53:14: Lua Error: Couldn't include file 'darkrp\gamemode\cfg\struggle.lua' (File not found) (@gamemodes/darkrp/gamemode/sh_init.lua (line 121))

L 07/03/2020 - 05:53:14: Lua Error: Couldn't include file 'darkrp\gamemode\util\questions\questions_sv.lua' (File not found) (@gamemodes/darkrp/gamemode/sh_init.lua (line 43))

L 07/03/2020 - 05:53:14: Lua Error: Corrupt shipment "Riot Shield": element model is corrupt.

L 07/03/2020 - 05:53:14: Lua Error: Corrupt shipment "Vape": element model is corrupt.

L 07/03/2020 - 05:53:14: Lua Error: Couldn't include file 'darkrp\gamemode\cfg\struggle.lua' (File not found) (@gamemodes/darkrp/gamemode/sh_init.lua (line 121))

L 07/03/2020 - 05:53:39: Lua Error: Couldn't include file 'darkrp\gamemode\util\questions\questions_sv.lua' (File not found) (@gamemodes/darkrp/gamemode/sh_init.lua (line 43))

L 07/03/2020 - 05:53:39: Lua Error: Corrupt shipment "Riot Shield": element model is corrupt.

L 07/03/2020 - 05:53:39: Lua Error: Corrupt shipment "Vape": element model is corrupt.

L 07/03/2020 - 05:53:39: Lua Error: Couldn't include file 'darkrp\gamemode\cfg\struggle.lua' (File not found) (@gamemodes/darkrp/gamemode/sh_init.lua (line 121))

L 07/03/2020 - 05:53:40: Lua Error: Couldn't include file 'darkrp\gamemode\util\questions\questions_sv.lua' (File not found) (@gamemodes/darkrp/gamemode/sh_init.lua (line 43))

L 07/03/2020 - 05:53:40: Lua Error: Corrupt shipment "Riot Shield": element model is corrupt.

L 07/03/2020 - 05:53:40: Lua Error: Corrupt shipment "Vape": element model is corrupt.

L 07/03/2020 - 05:53:40: Lua Error: Couldn't include file 'darkrp\gamemode\cfg\struggle.lua' (File not found) (@gamemodes/darkrp/gamemode/sh_init.lua (line 121))

L 07/03/2020 - 05:53:58: Lua Error: Couldn't include file 'darkrp\gamemode\util\questions\questions_sv.lua' (File not found) (@gamemodes/darkrp/gamemode/sh_init.lua (line 43))

L 07/03/2020 - 05:53:58: Lua Error: Corrupt shipment "Riot Shield": element model is corrupt.

L 07/03/2020 - 05:53:58: Lua Error: Corrupt shipment "Vape": element model is corrupt.

L 07/03/2020 - 05:53:58: Lua Error: Couldn't include file 'darkrp\gamemode\cfg\struggle.lua' (File not found) (@gamemodes/darkrp/gamemode/sh_init.lua (line 121))

L 07/03/2020 - 05:54:07: Lua Error: Couldn't include file 'darkrp\gamemode\util\questions\questions_sv.lua' (File not found) (@gamemodes/darkrp/gamemode/sh_init.lua (line 43))

L 07/03/2020 - 05:54:07: Lua Error: Corrupt shipment "Riot Shield": element model is corrupt.

L 07/03/2020 - 05:54:07: Lua Error: Corrupt shipment "Vape": element model is corrupt.

L 07/03/2020 - 05:54:07: Lua Error: Couldn't include file 'darkrp\gamemode\cfg\struggle.lua' (File not found) (@gamemodes/darkrp/gamemode/sh_init.lua (line 121))

L 07/03/2020 - 05:56:17: "DidVaitel<3><STEAM_0:1:74202541><>" disconnected (reason "Disconnect by user.")
L 07/03/2020 - 05:56:17: Lua Error: 
[ERROR] addons/badmin_2/lua/ba/core/util/notifications/notify_sv.lua:56: attempt to call field 'GetStaff' (a nil value)
  1. notify_staff - addons/badmin_2/lua/ba/core/util/notifications/notify_sv.lua:56
   2. v - addons/badmin_2/lua/ba/core/ranks/groups_sv.lua:16
    3. unknown - addons/dash_3/lua/dash/libraries/hook.lua:36


L 07/03/2020 - 05:56:17: Lua Error: 
[ERROR] Warning! A net message (ba.NotifyTerm) is already started! Discarding in favor of the new message! (nw.PlayerRemoved)

  1. v - addons/dash_3/lua/dash/libraries/nw.lua:267
   2. unknown - addons/dash_3/lua/dash/libraries/hook.lua:36


L 07/03/2020 - 05:56:17: "DidVaitel<4><STEAM_0:1:74202541><>" connected, address "26.162.207.202:27006"
L 07/03/2020 - 05:56:18: "DidVaitel<4><STEAM_0:1:74202541><>" STEAM USERID validated
L 07/03/2020 - 05:56:27: "DidVaitel<4><STEAM_0:1:74202541><>" entered the game
L 07/03/2020 - 05:56:27: Lua Error: addons/badmin_2/lua/ba/plugins/reserved_slots.lua:5: attempt to compare nil with number

L 07/03/2020 - 05:56:33: Lua Error: 
[ERROR] addons/dash_3/lua/dash/libraries/nw.lua:313: attempt to index a nil value
  1. SetNetVar - addons/dash_3/lua/dash/libraries/nw.lua:313
   2. unknown - gamemodes/darkrp/gamemode/core/player/data/data_sv.lua:27
    3. func - addons/dash_3/lua/dash/libraries/nw.lua:255
     4. unknown - lua/includes/extensions/net.lua:32


L 07/03/2020 - 06:00:42: Lua Error: Couldn't include file 'darkrp\gamemode\util\questions\questions_sv.lua' (File not found) (@gamemodes/darkrp/gamemode/sh_init.lua (line 43))

L 07/03/2020 - 06:00:43: Lua Error: Corrupt shipment "Riot Shield": element model is corrupt.

L 07/03/2020 - 06:00:43: Lua Error: Corrupt shipment "Vape": element model is corrupt.

L 07/03/2020 - 06:00:43: Lua Error: Couldn't include file 'darkrp\gamemode\cfg\struggle.lua' (File not found) (@gamemodes/darkrp/gamemode/sh_init.lua (line 121))

L 07/03/2020 - 06:03:08: Lua Error: Couldn't include file 'darkrp\gamemode\util\questions\questions_sv.lua' (File not found) (@gamemodes/darkrp/gamemode/sh_init.lua (line 43))

L 07/03/2020 - 06:03:09: Lua Error: Corrupt shipment "Riot Shield": element model is corrupt.

L 07/03/2020 - 06:03:09: Lua Error: Corrupt shipment "Vape": element model is corrupt.

L 07/03/2020 - 06:03:09: Lua Error: Couldn't include file 'darkrp\gamemode\cfg\struggle.lua' (File not found) (@gamemodes/darkrp/gamemode/sh_init.lua (line 121))

L 07/03/2020 - 06:03:34: Lua Error: Couldn't include file 'darkrp\gamemode\util\questions\questions_sv.lua' (File not found) (@gamemodes/darkrp/gamemode/sh_init.lua (line 43))

L 07/03/2020 - 06:03:34: Lua Error: Corrupt shipment "Riot Shield": element model is corrupt.

L 07/03/2020 - 06:03:34: Lua Error: Corrupt shipment "Vape": element model is corrupt.

L 07/03/2020 - 06:03:35: Lua Error: Couldn't include file 'darkrp\gamemode\cfg\struggle.lua' (File not found) (@gamemodes/darkrp/gamemode/sh_init.lua (line 121))

L 07/03/2020 - 06:03:42: Lua Error: Couldn't include file 'darkrp\gamemode\util\questions\questions_sv.lua' (File not found) (@gamemodes/darkrp/gamemode/sh_init.lua (line 43))

L 07/03/2020 - 06:03:42: Lua Error: Corrupt shipment "Riot Shield": element model is corrupt.

L 07/03/2020 - 06:03:42: Lua Error: Corrupt shipment "Vape": element model is corrupt.

L 07/03/2020 - 06:03:42: Lua Error: Couldn't include file 'darkrp\gamemode\cfg\struggle.lua' (File not found) (@gamemodes/darkrp/gamemode/sh_init.lua (line 121))

L 07/03/2020 - 06:03:43: Lua Error: Couldn't include file 'darkrp\gamemode\util\questions\questions_sv.lua' (File not found) (@gamemodes/darkrp/gamemode/sh_init.lua (line 43))

L 07/03/2020 - 06:03:43: Lua Error: Corrupt shipment "Riot Shield": element model is corrupt.

L 07/03/2020 - 06:03:43: Lua Error: Corrupt shipment "Vape": element model is corrupt.

L 07/03/2020 - 06:03:43: Lua Error: Couldn't include file 'darkrp\gamemode\cfg\struggle.lua' (File not found) (@gamemodes/darkrp/gamemode/sh_init.lua (line 121))

L 07/03/2020 - 06:05:51: Lua Error: Couldn't include file 'darkrp\gamemode\util\questions\questions_sv.lua' (File not found) (@gamemodes/darkrp/gamemode/sh_init.lua (line 43))

L 07/03/2020 - 06:05:51: Lua Error: Corrupt shipment "Riot Shield": element model is corrupt.

L 07/03/2020 - 06:05:51: Lua Error: Corrupt shipment "Vape": element model is corrupt.

L 07/03/2020 - 06:05:51: Lua Error: Couldn't include file 'darkrp\gamemode\cfg\struggle.lua' (File not found) (@gamemodes/darkrp/gamemode/sh_init.lua (line 121))

L 07/03/2020 - 06:05:54: Lua Error: Couldn't include file 'darkrp\gamemode\util\questions\questions_sv.lua' (File not found) (@gamemodes/darkrp/gamemode/sh_init.lua (line 43))

L 07/03/2020 - 06:05:54: Lua Error: Corrupt shipment "Riot Shield": element model is corrupt.

L 07/03/2020 - 06:05:54: Lua Error: Corrupt shipment "Vape": element model is corrupt.

L 07/03/2020 - 06:05:55: Lua Error: Couldn't include file 'darkrp\gamemode\cfg\struggle.lua' (File not found) (@gamemodes/darkrp/gamemode/sh_init.lua (line 121))

L 07/03/2020 - 06:06:13: Lua Error: Couldn't include file 'darkrp\gamemode\util\questions\questions_sv.lua' (File not found) (@gamemodes/darkrp/gamemode/sh_init.lua (line 43))

L 07/03/2020 - 06:06:13: Lua Error: Corrupt shipment "Riot Shield": element model is corrupt.

L 07/03/2020 - 06:06:13: Lua Error: Corrupt shipment "Vape": element model is corrupt.

L 07/03/2020 - 06:06:13: Lua Error: Couldn't include file 'darkrp\gamemode\cfg\struggle.lua' (File not found) (@gamemodes/darkrp/gamemode/sh_init.lua (line 121))

L 07/03/2020 - 06:06:13: Lua Error: Couldn't include file 'darkrp\gamemode\util\questions\questions_sv.lua' (File not found) (@gamemodes/darkrp/gamemode/sh_init.lua (line 43))

L 07/03/2020 - 06:06:14: Lua Error: Corrupt shipment "Riot Shield": element model is corrupt.

L 07/03/2020 - 06:06:14: Lua Error: Corrupt shipment "Vape": element model is corrupt.

L 07/03/2020 - 06:06:14: Lua Error: Couldn't include file 'darkrp\gamemode\cfg\struggle.lua' (File not found) (@gamemodes/darkrp/gamemode/sh_init.lua (line 121))

L 07/03/2020 - 06:06:20: Lua Error: Couldn't include file 'darkrp\gamemode\util\questions\questions_sv.lua' (File not found) (@gamemodes/darkrp/gamemode/sh_init.lua (line 43))

L 07/03/2020 - 06:06:20: Lua Error: Corrupt shipment "Riot Shield": element model is corrupt.

L 07/03/2020 - 06:06:20: Lua Error: Corrupt shipment "Vape": element model is corrupt.

L 07/03/2020 - 06:06:20: Lua Error: Couldn't include file 'darkrp\gamemode\cfg\struggle.lua' (File not found) (@gamemodes/darkrp/gamemode/sh_init.lua (line 121))

L 07/03/2020 - 06:07:02: Lua Error: Couldn't include file 'darkrp\gamemode\util\questions\questions_sv.lua' (File not found) (@gamemodes/darkrp/gamemode/sh_init.lua (line 43))

L 07/03/2020 - 06:07:02: Lua Error: Corrupt shipment "Riot Shield": element model is corrupt.

L 07/03/2020 - 06:07:02: Lua Error: Corrupt shipment "Vape": element model is corrupt.

L 07/03/2020 - 06:07:02: Lua Error: Couldn't include file 'darkrp\gamemode\cfg\struggle.lua' (File not found) (@gamemodes/darkrp/gamemode/sh_init.lua (line 121))

L 07/03/2020 - 06:07:02: Lua Error: Couldn't include file 'darkrp\gamemode\util\questions\questions_sv.lua' (File not found) (@gamemodes/darkrp/gamemode/sh_init.lua (line 43))

L 07/03/2020 - 06:07:02: Lua Error: Corrupt shipment "Riot Shield": element model is corrupt.

L 07/03/2020 - 06:07:02: Lua Error: Corrupt shipment "Vape": element model is corrupt.

L 07/03/2020 - 06:07:02: Lua Error: Couldn't include file 'darkrp\gamemode\cfg\struggle.lua' (File not found) (@gamemodes/darkrp/gamemode/sh_init.lua (line 121))

L 07/03/2020 - 06:12:30: Lua Error: Couldn't include file 'darkrp\gamemode\util\questions\questions_sv.lua' (File not found) (@gamemodes/darkrp/gamemode/sh_init.lua (line 43))

L 07/03/2020 - 06:12:30: Lua Error: Corrupt shipment "Riot Shield": element model is corrupt.

L 07/03/2020 - 06:12:30: Lua Error: Corrupt shipment "Vape": element model is corrupt.

L 07/03/2020 - 06:12:30: Lua Error: Couldn't include file 'darkrp\gamemode\cfg\struggle.lua' (File not found) (@gamemodes/darkrp/gamemode/sh_init.lua (line 121))

L 07/03/2020 - 06:12:30: Lua Error: Couldn't include file 'darkrp\gamemode\util\questions\questions_sv.lua' (File not found) (@gamemodes/darkrp/gamemode/sh_init.lua (line 43))

L 07/03/2020 - 06:12:31: Lua Error: Corrupt shipment "Riot Shield": element model is corrupt.

L 07/03/2020 - 06:12:31: Lua Error: Corrupt shipment "Vape": element model is corrupt.

L 07/03/2020 - 06:12:31: Lua Error: Couldn't include file 'darkrp\gamemode\cfg\struggle.lua' (File not found) (@gamemodes/darkrp/gamemode/sh_init.lua (line 121))

L 07/03/2020 - 06:12:32: Lua Error: Couldn't include file 'darkrp\gamemode\util\questions\questions_sv.lua' (File not found) (@gamemodes/darkrp/gamemode/sh_init.lua (line 43))

L 07/03/2020 - 06:12:32: Lua Error: Corrupt shipment "Riot Shield": element model is corrupt.

L 07/03/2020 - 06:12:32: Lua Error: Corrupt shipment "Vape": element model is corrupt.

L 07/03/2020 - 06:12:33: Lua Error: Couldn't include file 'darkrp\gamemode\cfg\struggle.lua' (File not found) (@gamemodes/darkrp/gamemode/sh_init.lua (line 121))

L 07/03/2020 - 06:17:03: Lua Error: Couldn't include file 'darkrp\gamemode\util\questions\questions_sv.lua' (File not found) (@gamemodes/darkrp/gamemode/sh_init.lua (line 43))

L 07/03/2020 - 06:17:03: Lua Error: Corrupt shipment "Riot Shield": element model is corrupt.

L 07/03/2020 - 06:17:03: Lua Error: Corrupt shipment "Vape": element model is corrupt.

L 07/03/2020 - 06:17:03: Lua Error: 
[ERROR] gamemodes/darkrp/gamemode/core/doors/init_sv.lua:179: ')' expected (to close '(' at line 173) near '<eof>'
  1. include_dir - gamemodes/darkrp/gamemode/sh_init.lua:43
   2. Init - gamemodes/darkrp/gamemode/sh_init.lua:112
    3. unknown - gamemodes/darkrp/gamemode/sh_init.lua:128
     4. include - [C]:-1
      5. unknown - gamemodes/darkrp/gamemode/init.lua:3


L 07/03/2020 - 06:17:03: Lua Error: Couldn't include file 'darkrp\gamemode\cfg\struggle.lua' (File not found) (@gamemodes/darkrp/gamemode/sh_init.lua (line 121))

L 07/03/2020 - 06:17:11: Lua Error: Couldn't include file 'darkrp\gamemode\util\questions\questions_sv.lua' (File not found) (@gamemodes/darkrp/gamemode/sh_init.lua (line 43))

L 07/03/2020 - 06:17:11: Lua Error: Corrupt shipment "Riot Shield": element model is corrupt.

L 07/03/2020 - 06:17:11: Lua Error: Corrupt shipment "Vape": element model is corrupt.

L 07/03/2020 - 06:17:11: Lua Error: 
[ERROR] gamemodes/darkrp/gamemode/core/doors/init_sv.lua:179: ')' expected (to close '(' at line 173) near '<eof>'
  1. include_dir - gamemodes/darkrp/gamemode/sh_init.lua:43
   2. Init - gamemodes/darkrp/gamemode/sh_init.lua:112
    3. unknown - gamemodes/darkrp/gamemode/sh_init.lua:128
     4. include - [C]:-1
      5. unknown - gamemodes/darkrp/gamemode/init.lua:3


L 07/03/2020 - 06:17:11: Lua Error: Couldn't include file 'darkrp\gamemode\cfg\struggle.lua' (File not found) (@gamemodes/darkrp/gamemode/sh_init.lua (line 121))

L 07/03/2020 - 06:17:11: Lua Error: Couldn't include file 'darkrp\gamemode\util\questions\questions_sv.lua' (File not found) (@gamemodes/darkrp/gamemode/sh_init.lua (line 43))

L 07/03/2020 - 06:17:12: Lua Error: Corrupt shipment "Riot Shield": element model is corrupt.

L 07/03/2020 - 06:17:12: Lua Error: Corrupt shipment "Vape": element model is corrupt.

L 07/03/2020 - 06:17:12: Lua Error: 
[ERROR] gamemodes/darkrp/gamemode/core/doors/init_sv.lua:179: ')' expected (to close '(' at line 173) near '<eof>'
  1. include_dir - gamemodes/darkrp/gamemode/sh_init.lua:43
   2. Init - gamemodes/darkrp/gamemode/sh_init.lua:112
    3. unknown - gamemodes/darkrp/gamemode/sh_init.lua:128
     4. include - [C]:-1
      5. unknown - gamemodes/darkrp/gamemode/init.lua:3


L 07/03/2020 - 06:17:12: Lua Error: Couldn't include file 'darkrp\gamemode\cfg\struggle.lua' (File not found) (@gamemodes/darkrp/gamemode/sh_init.lua (line 121))

L 07/03/2020 - 06:17:15: Lua Error: Couldn't include file 'darkrp\gamemode\util\questions\questions_sv.lua' (File not found) (@gamemodes/darkrp/gamemode/sh_init.lua (line 43))

L 07/03/2020 - 06:17:15: Lua Error: Corrupt shipment "Riot Shield": element model is corrupt.

L 07/03/2020 - 06:17:15: Lua Error: Corrupt shipment "Vape": element model is corrupt.

L 07/03/2020 - 06:17:15: Lua Error: Couldn't include file 'darkrp\gamemode\cfg\struggle.lua' (File not found) (@gamemodes/darkrp/gamemode/sh_init.lua (line 121))

L 07/03/2020 - 06:17:15: Lua Error: Couldn't include file 'darkrp\gamemode\util\questions\questions_sv.lua' (File not found) (@gamemodes/darkrp/gamemode/sh_init.lua (line 43))

L 07/03/2020 - 06:17:16: Lua Error: Corrupt shipment "Riot Shield": element model is corrupt.

L 07/03/2020 - 06:17:16: Lua Error: Corrupt shipment "Vape": element model is corrupt.

L 07/03/2020 - 06:17:16: Lua Error: Couldn't include file 'darkrp\gamemode\cfg\struggle.lua' (File not found) (@gamemodes/darkrp/gamemode/sh_init.lua (line 121))

L 07/03/2020 - 06:17:26: Lua Error: Couldn't include file 'darkrp\gamemode\util\questions\questions_sv.lua' (File not found) (@gamemodes/darkrp/gamemode/sh_init.lua (line 43))

L 07/03/2020 - 06:17:26: Lua Error: Corrupt shipment "Riot Shield": element model is corrupt.

L 07/03/2020 - 06:17:26: Lua Error: Corrupt shipment "Vape": element model is corrupt.

L 07/03/2020 - 06:17:27: Lua Error: Couldn't include file 'darkrp\gamemode\cfg\struggle.lua' (File not found) (@gamemodes/darkrp/gamemode/sh_init.lua (line 121))

L 07/03/2020 - 06:17:27: Lua Error: Couldn't include file 'darkrp\gamemode\util\questions\questions_sv.lua' (File not found) (@gamemodes/darkrp/gamemode/sh_init.lua (line 43))

L 07/03/2020 - 06:17:27: Lua Error: Corrupt shipment "Riot Shield": element model is corrupt.

L 07/03/2020 - 06:17:27: Lua Error: Corrupt shipment "Vape": element model is corrupt.

L 07/03/2020 - 06:17:27: Lua Error: Couldn't include file 'darkrp\gamemode\cfg\struggle.lua' (File not found) (@gamemodes/darkrp/gamemode/sh_init.lua (line 121))

L 07/03/2020 - 06:19:29: Lua Error: Couldn't include file 'darkrp\gamemode\util\questions\questions_sv.lua' (File not found) (@gamemodes/darkrp/gamemode/sh_init.lua (line 43))

L 07/03/2020 - 06:19:30: Lua Error: Corrupt shipment "Riot Shield": element model is corrupt.

L 07/03/2020 - 06:19:30: Lua Error: Corrupt shipment "Vape": element model is corrupt.

L 07/03/2020 - 06:19:30: Lua Error: Couldn't include file 'darkrp\gamemode\cfg\struggle.lua' (File not found) (@gamemodes/darkrp/gamemode/sh_init.lua (line 121))

L 07/03/2020 - 06:19:30: Lua Error: Couldn't include file 'darkrp\gamemode\util\questions\questions_sv.lua' (File not found) (@gamemodes/darkrp/gamemode/sh_init.lua (line 43))

L 07/03/2020 - 06:19:30: Lua Error: Corrupt shipment "Riot Shield": element model is corrupt.

L 07/03/2020 - 06:19:30: Lua Error: Corrupt shipment "Vape": element model is corrupt.

L 07/03/2020 - 06:19:30: Lua Error: Couldn't include file 'darkrp\gamemode\cfg\struggle.lua' (File not found) (@gamemodes/darkrp/gamemode/sh_init.lua (line 121))

L 07/03/2020 - 06:23:26: Lua Error: Couldn't include file 'darkrp\gamemode\util\questions\questions_sv.lua' (File not found) (@gamemodes/darkrp/gamemode/sh_init.lua (line 43))

L 07/03/2020 - 06:23:26: Lua Error: Corrupt shipment "Riot Shield": element model is corrupt.

L 07/03/2020 - 06:23:26: Lua Error: Corrupt shipment "Vape": element model is corrupt.

L 07/03/2020 - 06:23:26: Lua Error: Couldn't include file 'darkrp\gamemode\cfg\struggle.lua' (File not found) (@gamemodes/darkrp/gamemode/sh_init.lua (line 121))

L 07/03/2020 - 06:23:26: Lua Error: Couldn't include file 'darkrp\gamemode\util\questions\questions_sv.lua' (File not found) (@gamemodes/darkrp/gamemode/sh_init.lua (line 43))

L 07/03/2020 - 06:23:27: Lua Error: Corrupt shipment "Riot Shield": element model is corrupt.

L 07/03/2020 - 06:23:27: Lua Error: Corrupt shipment "Vape": element model is corrupt.

L 07/03/2020 - 06:23:27: Lua Error: Couldn't include file 'darkrp\gamemode\cfg\struggle.lua' (File not found) (@gamemodes/darkrp/gamemode/sh_init.lua (line 121))

L 07/03/2020 - 06:23:32: Lua Error: Couldn't include file 'darkrp\gamemode\util\questions\questions_sv.lua' (File not found) (@gamemodes/darkrp/gamemode/sh_init.lua (line 43))

L 07/03/2020 - 06:23:32: Lua Error: Corrupt shipment "Riot Shield": element model is corrupt.

L 07/03/2020 - 06:23:32: Lua Error: Corrupt shipment "Vape": element model is corrupt.

L 07/03/2020 - 06:23:32: Lua Error: Couldn't include file 'darkrp\gamemode\cfg\struggle.lua' (File not found) (@gamemodes/darkrp/gamemode/sh_init.lua (line 121))

L 07/03/2020 - 06:23:32: Lua Error: Couldn't include file 'darkrp\gamemode\util\questions\questions_sv.lua' (File not found) (@gamemodes/darkrp/gamemode/sh_init.lua (line 43))

L 07/03/2020 - 06:23:33: Lua Error: Corrupt shipment "Riot Shield": element model is corrupt.

L 07/03/2020 - 06:23:33: Lua Error: Corrupt shipment "Vape": element model is corrupt.

L 07/03/2020 - 06:23:33: Lua Error: Couldn't include file 'darkrp\gamemode\cfg\struggle.lua' (File not found) (@gamemodes/darkrp/gamemode/sh_init.lua (line 121))

L 07/03/2020 - 06:23:38: Lua Error: Couldn't include file 'darkrp\gamemode\util\questions\questions_sv.lua' (File not found) (@gamemodes/darkrp/gamemode/sh_init.lua (line 43))

L 07/03/2020 - 06:23:38: Lua Error: Corrupt shipment "Riot Shield": element model is corrupt.

L 07/03/2020 - 06:23:38: Lua Error: Corrupt shipment "Vape": element model is corrupt.

L 07/03/2020 - 06:23:38: Lua Error: Couldn't include file 'darkrp\gamemode\cfg\struggle.lua' (File not found) (@gamemodes/darkrp/gamemode/sh_init.lua (line 121))

L 07/03/2020 - 06:23:38: Lua Error: Couldn't include file 'darkrp\gamemode\util\questions\questions_sv.lua' (File not found) (@gamemodes/darkrp/gamemode/sh_init.lua (line 43))

L 07/03/2020 - 06:23:38: Lua Error: Corrupt shipment "Riot Shield": element model is corrupt.

L 07/03/2020 - 06:23:38: Lua Error: Corrupt shipment "Vape": element model is corrupt.

L 07/03/2020 - 06:23:39: Lua Error: Couldn't include file 'darkrp\gamemode\cfg\struggle.lua' (File not found) (@gamemodes/darkrp/gamemode/sh_init.lua (line 121))

L 07/03/2020 - 06:23:43: Lua Error: Couldn't include file 'darkrp\gamemode\util\questions\questions_sv.lua' (File not found) (@gamemodes/darkrp/gamemode/sh_init.lua (line 43))

L 07/03/2020 - 06:23:43: Lua Error: Corrupt shipment "Riot Shield": element model is corrupt.

L 07/03/2020 - 06:23:43: Lua Error: Corrupt shipment "Vape": element model is corrupt.

L 07/03/2020 - 06:23:44: Lua Error: Couldn't include file 'darkrp\gamemode\cfg\struggle.lua' (File not found) (@gamemodes/darkrp/gamemode/sh_init.lua (line 121))

L 07/03/2020 - 06:23:48: Lua Error: 
[ERROR] gamemodes/darkrp/gamemode/core/doors/init_sv.lua:149: bad argument #1 to 'sub' (string expected, got nil)
  1. sub - [C]:-1
   2. Run - gamemodes/darkrp/gamemode/core/doors/init_sv.lua:149
    3. Run - addons/dash_3/lua/dash/libraries/cmd.lua:319
     4. func - addons/dash_3/lua/dash/libraries/cmd.lua:501
      5. unknown - lua/includes/extensions/net.lua:32


L 07/03/2020 - 06:24:01: Lua Error: Couldn't include file 'darkrp\gamemode\util\questions\questions_sv.lua' (File not found) (@gamemodes/darkrp/gamemode/sh_init.lua (line 43))

L 07/03/2020 - 06:24:01: Lua Error: Corrupt shipment "Riot Shield": element model is corrupt.

L 07/03/2020 - 06:24:01: Lua Error: Corrupt shipment "Vape": element model is corrupt.

L 07/03/2020 - 06:24:01: Lua Error: Couldn't include file 'darkrp\gamemode\cfg\struggle.lua' (File not found) (@gamemodes/darkrp/gamemode/sh_init.lua (line 121))

L 07/03/2020 - 06:24:02: Lua Error: Couldn't include file 'darkrp\gamemode\util\questions\questions_sv.lua' (File not found) (@gamemodes/darkrp/gamemode/sh_init.lua (line 43))

L 07/03/2020 - 06:24:02: Lua Error: Corrupt shipment "Riot Shield": element model is corrupt.

L 07/03/2020 - 06:24:02: Lua Error: Corrupt shipment "Vape": element model is corrupt.

L 07/03/2020 - 06:24:02: Lua Error: Couldn't include file 'darkrp\gamemode\cfg\struggle.lua' (File not found) (@gamemodes/darkrp/gamemode/sh_init.lua (line 121))

L 07/03/2020 - 06:24:04: Lua Error: 
[ERROR] gamemodes/darkrp/gamemode/core/doors/init_sv.lua:149: bad argument #1 to 'sub' (string expected, got nil)
  1. sub - [C]:-1
   2. Run - gamemodes/darkrp/gamemode/core/doors/init_sv.lua:149
    3. Run - addons/dash_3/lua/dash/libraries/cmd.lua:319
     4. func - addons/dash_3/lua/dash/libraries/cmd.lua:501
      5. unknown - lua/includes/extensions/net.lua:32


L 07/03/2020 - 06:24:11: Lua Error: Couldn't include file 'darkrp\gamemode\util\questions\questions_sv.lua' (File not found) (@gamemodes/darkrp/gamemode/sh_init.lua (line 43))

L 07/03/2020 - 06:24:11: Lua Error: Corrupt shipment "Riot Shield": element model is corrupt.

L 07/03/2020 - 06:24:11: Lua Error: Corrupt shipment "Vape": element model is corrupt.

L 07/03/2020 - 06:24:12: Lua Error: Couldn't include file 'darkrp\gamemode\cfg\struggle.lua' (File not found) (@gamemodes/darkrp/gamemode/sh_init.lua (line 121))

L 07/03/2020 - 06:24:14: Lua Error: 
[ERROR] gamemodes/darkrp/gamemode/core/doors/init_sv.lua:149: bad argument #1 to 'sub' (string expected, got nil)
  1. sub - [C]:-1
   2. Run - gamemodes/darkrp/gamemode/core/doors/init_sv.lua:149
    3. Run - addons/dash_3/lua/dash/libraries/cmd.lua:319
     4. func - addons/dash_3/lua/dash/libraries/cmd.lua:501
      5. unknown - lua/includes/extensions/net.lua:32


L 07/03/2020 - 06:24:24: Lua Error: Couldn't include file 'darkrp\gamemode\util\questions\questions_sv.lua' (File not found) (@gamemodes/darkrp/gamemode/sh_init.lua (line 43))

L 07/03/2020 - 06:24:24: Lua Error: Corrupt shipment "Riot Shield": element model is corrupt.

L 07/03/2020 - 06:24:24: Lua Error: Corrupt shipment "Vape": element model is corrupt.

L 07/03/2020 - 06:24:24: Lua Error: Couldn't include file 'darkrp\gamemode\cfg\struggle.lua' (File not found) (@gamemodes/darkrp/gamemode/sh_init.lua (line 121))

L 07/03/2020 - 06:24:26: Lua Error: 
[ERROR] gamemodes/darkrp/gamemode/core/doors/init_sv.lua:149: bad argument #1 to 'sub' (string expected, got nil)
  1. sub - [C]:-1
   2. Run - gamemodes/darkrp/gamemode/core/doors/init_sv.lua:149
    3. Run - addons/dash_3/lua/dash/libraries/cmd.lua:319
     4. func - addons/dash_3/lua/dash/libraries/cmd.lua:501
      5. unknown - lua/includes/extensions/net.lua:32


L 07/03/2020 - 06:24:34: Lua Error: Couldn't include file 'darkrp\gamemode\util\questions\questions_sv.lua' (File not found) (@gamemodes/darkrp/gamemode/sh_init.lua (line 43))

L 07/03/2020 - 06:24:34: Lua Error: Corrupt shipment "Riot Shield": element model is corrupt.

L 07/03/2020 - 06:24:34: Lua Error: Corrupt shipment "Vape": element model is corrupt.

L 07/03/2020 - 06:24:34: Lua Error: Couldn't include file 'darkrp\gamemode\cfg\struggle.lua' (File not found) (@gamemodes/darkrp/gamemode/sh_init.lua (line 121))

L 07/03/2020 - 06:24:34: Lua Error: Couldn't include file 'darkrp\gamemode\util\questions\questions_sv.lua' (File not found) (@gamemodes/darkrp/gamemode/sh_init.lua (line 43))

L 07/03/2020 - 06:24:34: Lua Error: Corrupt shipment "Riot Shield": element model is corrupt.

L 07/03/2020 - 06:24:34: Lua Error: Corrupt shipment "Vape": element model is corrupt.

L 07/03/2020 - 06:24:34: Lua Error: Couldn't include file 'darkrp\gamemode\cfg\struggle.lua' (File not found) (@gamemodes/darkrp/gamemode/sh_init.lua (line 121))

L 07/03/2020 - 06:24:36: Lua Error: 
[ERROR] gamemodes/darkrp/gamemode/core/doors/init_sv.lua:149: bad argument #1 to 'sub' (string expected, got nil)
  1. sub - [C]:-1
   2. Run - gamemodes/darkrp/gamemode/core/doors/init_sv.lua:149
    3. Run - addons/dash_3/lua/dash/libraries/cmd.lua:319
     4. func - addons/dash_3/lua/dash/libraries/cmd.lua:501
      5. unknown - lua/includes/extensions/net.lua:32


L 07/03/2020 - 06:24:46: Lua Error: Couldn't include file 'darkrp\gamemode\util\questions\questions_sv.lua' (File not found) (@gamemodes/darkrp/gamemode/sh_init.lua (line 43))

L 07/03/2020 - 06:24:46: Lua Error: Corrupt shipment "Riot Shield": element model is corrupt.

L 07/03/2020 - 06:24:46: Lua Error: Corrupt shipment "Vape": element model is corrupt.

L 07/03/2020 - 06:24:46: Lua Error: Couldn't include file 'darkrp\gamemode\cfg\struggle.lua' (File not found) (@gamemodes/darkrp/gamemode/sh_init.lua (line 121))

L 07/03/2020 - 06:24:46: Lua Error: Couldn't include file 'darkrp\gamemode\util\questions\questions_sv.lua' (File not found) (@gamemodes/darkrp/gamemode/sh_init.lua (line 43))

L 07/03/2020 - 06:24:47: Lua Error: Corrupt shipment "Riot Shield": element model is corrupt.

L 07/03/2020 - 06:24:47: Lua Error: Corrupt shipment "Vape": element model is corrupt.

L 07/03/2020 - 06:24:47: Lua Error: Couldn't include file 'darkrp\gamemode\cfg\struggle.lua' (File not found) (@gamemodes/darkrp/gamemode/sh_init.lua (line 121))

L 07/03/2020 - 06:24:48: Lua Error: 
[ERROR] gamemodes/darkrp/gamemode/core/doors/init_sv.lua:149: bad argument #1 to 'sub' (string expected, got nil)
  1. sub - [C]:-1
   2. Run - gamemodes/darkrp/gamemode/core/doors/init_sv.lua:149
    3. Run - addons/dash_3/lua/dash/libraries/cmd.lua:319
     4. func - addons/dash_3/lua/dash/libraries/cmd.lua:501
      5. unknown - lua/includes/extensions/net.lua:32


L 07/03/2020 - 06:25:00: Lua Error: Couldn't include file 'darkrp\gamemode\util\questions\questions_sv.lua' (File not found) (@gamemodes/darkrp/gamemode/sh_init.lua (line 43))

L 07/03/2020 - 06:25:00: Lua Error: Corrupt shipment "Riot Shield": element model is corrupt.

L 07/03/2020 - 06:25:00: Lua Error: Corrupt shipment "Vape": element model is corrupt.

L 07/03/2020 - 06:25:00: Lua Error: Couldn't include file 'darkrp\gamemode\cfg\struggle.lua' (File not found) (@gamemodes/darkrp/gamemode/sh_init.lua (line 121))

L 07/03/2020 - 06:25:02: Lua Error: 
[ERROR] gamemodes/darkrp/gamemode/core/doors/init_sv.lua:21: attempt to index global 'pl' (a nil value)
  1. SellProperty - gamemodes/darkrp/gamemode/core/doors/init_sv.lua:21
   2. Run - gamemodes/darkrp/gamemode/core/doors/init_sv.lua:115
    3. Run - addons/dash_3/lua/dash/libraries/cmd.lua:319
     4. func - addons/dash_3/lua/dash/libraries/cmd.lua:501
      5. unknown - lua/includes/extensions/net.lua:32


L 07/03/2020 - 06:25:09: Lua Error: 
[ERROR] gamemodes/darkrp/gamemode/core/doors/init_sv.lua:145: attempt to index local 'text' (a nil value)
  1. Run - gamemodes/darkrp/gamemode/core/doors/init_sv.lua:145
   2. Run - addons/dash_3/lua/dash/libraries/cmd.lua:319
    3. func - addons/dash_3/lua/dash/libraries/cmd.lua:501
     4. unknown - lua/includes/extensions/net.lua:32


L 07/03/2020 - 06:25:12: Lua Error: 
[ERROR] gamemodes/darkrp/gamemode/core/doors/init_sv.lua:21: attempt to index global 'pl' (a nil value)
  1. SellProperty - gamemodes/darkrp/gamemode/core/doors/init_sv.lua:21
   2. Run - gamemodes/darkrp/gamemode/core/doors/init_sv.lua:115
    3. Run - addons/dash_3/lua/dash/libraries/cmd.lua:319
     4. func - addons/dash_3/lua/dash/libraries/cmd.lua:501
      5. unknown - lua/includes/extensions/net.lua:32


L 07/03/2020 - 06:25:16: Lua Error: 
[ERROR] gamemodes/darkrp/gamemode/core/doors/init_sv.lua:145: attempt to index local 'text' (a nil value)
  1. Run - gamemodes/darkrp/gamemode/core/doors/init_sv.lua:145
   2. Run - addons/dash_3/lua/dash/libraries/cmd.lua:319
    3. func - addons/dash_3/lua/dash/libraries/cmd.lua:501
     4. unknown - lua/includes/extensions/net.lua:32


L 07/03/2020 - 06:25:25: Lua Error: Couldn't include file 'darkrp\gamemode\util\questions\questions_sv.lua' (File not found) (@gamemodes/darkrp/gamemode/sh_init.lua (line 43))

L 07/03/2020 - 06:25:25: Lua Error: Corrupt shipment "Riot Shield": element model is corrupt.

L 07/03/2020 - 06:25:25: Lua Error: Corrupt shipment "Vape": element model is corrupt.

L 07/03/2020 - 06:25:26: Lua Error: Couldn't include file 'darkrp\gamemode\cfg\struggle.lua' (File not found) (@gamemodes/darkrp/gamemode/sh_init.lua (line 121))

L 07/03/2020 - 06:25:28: Lua Error: Couldn't include file 'darkrp\gamemode\util\questions\questions_sv.lua' (File not found) (@gamemodes/darkrp/gamemode/sh_init.lua (line 43))

L 07/03/2020 - 06:25:29: Lua Error: Corrupt shipment "Riot Shield": element model is corrupt.

L 07/03/2020 - 06:25:29: Lua Error: Corrupt shipment "Vape": element model is corrupt.

L 07/03/2020 - 06:25:29: Lua Error: Couldn't include file 'darkrp\gamemode\cfg\struggle.lua' (File not found) (@gamemodes/darkrp/gamemode/sh_init.lua (line 121))

L 07/03/2020 - 06:25:30: Lua Error: 
[ERROR] gamemodes/darkrp/gamemode/core/doors/init_sv.lua:144: attempt to index local 'text' (a nil value)
  1. Run - gamemodes/darkrp/gamemode/core/doors/init_sv.lua:144
   2. Run - addons/dash_3/lua/dash/libraries/cmd.lua:319
    3. func - addons/dash_3/lua/dash/libraries/cmd.lua:501
     4. unknown - lua/includes/extensions/net.lua:32


L 07/03/2020 - 06:25:45: Lua Error: Couldn't include file 'darkrp\gamemode\util\questions\questions_sv.lua' (File not found) (@gamemodes/darkrp/gamemode/sh_init.lua (line 43))

L 07/03/2020 - 06:25:45: Lua Error: Corrupt shipment "Riot Shield": element model is corrupt.

L 07/03/2020 - 06:25:45: Lua Error: Corrupt shipment "Vape": element model is corrupt.

L 07/03/2020 - 06:25:45: Lua Error: Couldn't include file 'darkrp\gamemode\cfg\struggle.lua' (File not found) (@gamemodes/darkrp/gamemode/sh_init.lua (line 121))

L 07/03/2020 - 06:25:45: Lua Error: Couldn't include file 'darkrp\gamemode\util\questions\questions_sv.lua' (File not found) (@gamemodes/darkrp/gamemode/sh_init.lua (line 43))

L 07/03/2020 - 06:25:46: Lua Error: Corrupt shipment "Riot Shield": element model is corrupt.

L 07/03/2020 - 06:25:46: Lua Error: Corrupt shipment "Vape": element model is corrupt.

L 07/03/2020 - 06:25:46: Lua Error: Couldn't include file 'darkrp\gamemode\cfg\struggle.lua' (File not found) (@gamemodes/darkrp/gamemode/sh_init.lua (line 121))

L 07/03/2020 - 06:25:55: Lua Error: 
[ERROR] lua/includes/extensions/table.lua:693: bad argument #1 to 'pairs' (table expected, got nil)
  1. pairs - [C]:-1
   2. GetKeys - lua/includes/extensions/table.lua:693
    3. PrintTable - lua/includes/util.lua:63
     4. Run - gamemodes/darkrp/gamemode/core/doors/init_sv.lua:143
      5. Run - addons/dash_3/lua/dash/libraries/cmd.lua:319
       6. func - addons/dash_3/lua/dash/libraries/cmd.lua:501
        7. unknown - lua/includes/extensions/net.lua:32


L 07/03/2020 - 06:26:45: Lua Error: Couldn't include file 'darkrp\gamemode\util\questions\questions_sv.lua' (File not found) (@gamemodes/darkrp/gamemode/sh_init.lua (line 43))

L 07/03/2020 - 06:26:46: Lua Error: Corrupt shipment "Riot Shield": element model is corrupt.

L 07/03/2020 - 06:26:46: Lua Error: Corrupt shipment "Vape": element model is corrupt.

L 07/03/2020 - 06:26:46: Lua Error: Couldn't include file 'darkrp\gamemode\cfg\struggle.lua' (File not found) (@gamemodes/darkrp/gamemode/sh_init.lua (line 121))

L 07/03/2020 - 06:26:46: Lua Error: Couldn't include file 'darkrp\gamemode\util\questions\questions_sv.lua' (File not found) (@gamemodes/darkrp/gamemode/sh_init.lua (line 43))

L 07/03/2020 - 06:26:46: Lua Error: Corrupt shipment "Riot Shield": element model is corrupt.

L 07/03/2020 - 06:26:46: Lua Error: Corrupt shipment "Vape": element model is corrupt.

L 07/03/2020 - 06:26:46: Lua Error: Couldn't include file 'darkrp\gamemode\cfg\struggle.lua' (File not found) (@gamemodes/darkrp/gamemode/sh_init.lua (line 121))

L 07/03/2020 - 06:26:48: Lua Error: 
[ERROR] gamemodes/darkrp/gamemode/core/doors/init_sv.lua:149: bad argument #1 to 'sub' (string expected, got nil)
  1. sub - [C]:-1
   2. Run - gamemodes/darkrp/gamemode/core/doors/init_sv.lua:149
    3. Run - addons/dash_3/lua/dash/libraries/cmd.lua:319
     4. func - addons/dash_3/lua/dash/libraries/cmd.lua:501
      5. unknown - lua/includes/extensions/net.lua:32


L 07/03/2020 - 06:26:58: Lua Error: Couldn't include file 'darkrp\gamemode\util\questions\questions_sv.lua' (File not found) (@gamemodes/darkrp/gamemode/sh_init.lua (line 43))

L 07/03/2020 - 06:26:58: Lua Error: Corrupt shipment "Riot Shield": element model is corrupt.

L 07/03/2020 - 06:26:58: Lua Error: Corrupt shipment "Vape": element model is corrupt.

L 07/03/2020 - 06:26:58: Lua Error: Couldn't include file 'darkrp\gamemode\cfg\struggle.lua' (File not found) (@gamemodes/darkrp/gamemode/sh_init.lua (line 121))

L 07/03/2020 - 06:26:59: Lua Error: Couldn't include file 'darkrp\gamemode\util\questions\questions_sv.lua' (File not found) (@gamemodes/darkrp/gamemode/sh_init.lua (line 43))

L 07/03/2020 - 06:26:59: Lua Error: Corrupt shipment "Riot Shield": element model is corrupt.

L 07/03/2020 - 06:26:59: Lua Error: Corrupt shipment "Vape": element model is corrupt.

L 07/03/2020 - 06:26:59: Lua Error: Couldn't include file 'darkrp\gamemode\cfg\struggle.lua' (File not found) (@gamemodes/darkrp/gamemode/sh_init.lua (line 121))

L 07/03/2020 - 06:27:02: Lua Error: 
[ERROR] gamemodes/darkrp/gamemode/core/doors/init_sv.lua:149: bad argument #1 to 'sub' (string expected, got nil)
  1. sub - [C]:-1
   2. Run - gamemodes/darkrp/gamemode/core/doors/init_sv.lua:149
    3. Run - addons/dash_3/lua/dash/libraries/cmd.lua:319
     4. func - addons/dash_3/lua/dash/libraries/cmd.lua:501
      5. unknown - lua/includes/extensions/net.lua:32


L 07/03/2020 - 06:27:18: Lua Error: 
[ERROR] gamemodes/darkrp/gamemode/core/doors/init_sv.lua:149: bad argument #1 to 'sub' (string expected, got nil)
  1. sub - [C]:-1
   2. Run - gamemodes/darkrp/gamemode/core/doors/init_sv.lua:149
    3. Run - addons/dash_3/lua/dash/libraries/cmd.lua:319
     4. v - addons/dash_3/lua/dash/libraries/cmd.lua:510
      5. unknown - addons/dash_3/lua/dash/libraries/hook.lua:36


L 07/03/2020 - 06:27:18: "DidVaitel<4><STEAM_0:1:74202541><Team>" say "/setpropertytitle"
L 07/03/2020 - 06:27:21: Lua Error: 
[ERROR] gamemodes/darkrp/gamemode/core/doors/init_sv.lua:149: bad argument #1 to 'sub' (string expected, got nil)
  1. sub - [C]:-1
   2. Run - gamemodes/darkrp/gamemode/core/doors/init_sv.lua:149
    3. Run - addons/dash_3/lua/dash/libraries/cmd.lua:319
     4. v - addons/dash_3/lua/dash/libraries/cmd.lua:510
      5. unknown - addons/dash_3/lua/dash/libraries/hook.lua:36


L 07/03/2020 - 06:27:21: "DidVaitel<4><STEAM_0:1:74202541><Team>" say "/setpropertytitle ffdfdf"
L 07/03/2020 - 06:27:24: Lua Error: 
[ERROR] gamemodes/darkrp/gamemode/core/doors/init_sv.lua:149: bad argument #1 to 'sub' (string expected, got nil)
  1. sub - [C]:-1
   2. Run - gamemodes/darkrp/gamemode/core/doors/init_sv.lua:149
    3. Run - addons/dash_3/lua/dash/libraries/cmd.lua:319
     4. v - addons/dash_3/lua/dash/libraries/cmd.lua:510
      5. unknown - addons/dash_3/lua/dash/libraries/hook.lua:36


L 07/03/2020 - 06:27:24: "DidVaitel<4><STEAM_0:1:74202541><Team>" say "/setpropertytitle 'fdfdfdf'"
L 07/03/2020 - 06:27:28: Lua Error: 
[ERROR] addons/badmin_2/lua/ba/core/logging/logs_sv.lua:37: attempt to call field 'GetStaff' (a nil value)
  1. PlayerLog - addons/badmin_2/lua/ba/core/logging/logs_sv.lua:37
   2. callback - addons/badmin_2/lua/ba/modules/darkrp/loghooks_sh.lua:21
    3. v - addons/badmin_2/lua/ba/core/logging/logs_sh.lua:127
     4. unknown - addons/dash_3/lua/dash/libraries/hook.lua:36
      5. Kill - [C]:-1
       6. unknown - gamemodes/darkrp/gamemode/core/commands/sv_init.lua:16


L 07/03/2020 - 06:27:33: Lua Error: 
[ERROR] Warning! A net message (ba.LogPrint) is already started! Discarding in favor of the new message! (_AntiCrash)

  1. unknown - addons/badmin_2/lua/ba/plugins/anticrash.lua:5


L 07/03/2020 - 06:30:53: Lua Error: 
[ERROR] addons/dash_3/lua/dash/libraries/term.lua:59: bad argument #1 to 'WriteUInt' (number expected, got nil)
  1. WriteUInt - [C]:-1
   2. WriteTerm - addons/dash_3/lua/dash/libraries/term.lua:59
    3. notify - addons/badmin_2/lua/ba/core/util/notifications/notify_sv.lua:13
     4. Run - addons/badmin_2/lua/ba/modules/darkrp/commands_sh.lua:338
      5. Run - addons/dash_3/lua/dash/libraries/cmd.lua:319
       6. unknown - addons/dash_3/lua/dash/libraries/cmd.lua:362
        7. unknown - lua/includes/modules/concommand.lua:54


L 07/03/2020 - 06:30:53: Lua Error: 
[ERROR] Warning! A net message (ba.NotifyTerm) is already started! Discarding in favor of the new message! (nw_Credits)

  1. _Send - addons/dash_3/lua/dash/libraries/nw.lua:154
   2. SetNetVar - addons/dash_3/lua/dash/libraries/nw.lua:313
    3. cback - gamemodes/darkrp/gamemode/core/credits/init_sv.lua:9
     4. handlequery - addons/dash_3/lua/dash/libraries/server/mysql.lua:136
      5. unknown - addons/dash_3/lua/dash/libraries/server/mysql.lua:149
       6. Poll - [C]:-1
        7. v - addons/dash_3/lua/dash/libraries/server/mysql.lua:83
         8. unknown - addons/dash_3/lua/dash/libraries/hook.lua:36


L 07/03/2020 - 06:30:53: Lua Error: addons/dash_3/lua/dash/libraries/term.lua:59: bad argument #1 to 'WriteUInt' (number expected, got nil)

L 07/03/2020 - 06:30:55: Lua Error: 
[ERROR] Warning! A net message (ba.NotifyTerm) is already started! Discarding in favor of the new message! (nw_Credits)

  1. _Send - addons/dash_3/lua/dash/libraries/nw.lua:154
   2. SetNetVar - addons/dash_3/lua/dash/libraries/nw.lua:313
    3. cback - gamemodes/darkrp/gamemode/core/credits/init_sv.lua:86
     4. handlequery - addons/dash_3/lua/dash/libraries/server/mysql.lua:136
      5. unknown - addons/dash_3/lua/dash/libraries/server/mysql.lua:149
       6. Poll - [C]:-1
        7. v - addons/dash_3/lua/dash/libraries/server/mysql.lua:83
         8. unknown - addons/dash_3/lua/dash/libraries/hook.lua:36


L 07/03/2020 - 06:32:54: Lua Error: Couldn't include file 'darkrp\gamemode\util\questions\questions_sv.lua' (File not found) (@gamemodes/darkrp/gamemode/sh_init.lua (line 43))

L 07/03/2020 - 06:32:54: Lua Error: Corrupt shipment "Riot Shield": element model is corrupt.

L 07/03/2020 - 06:32:54: Lua Error: Corrupt shipment "Vape": element model is corrupt.

L 07/03/2020 - 06:32:55: Lua Error: Couldn't include file 'darkrp\gamemode\cfg\struggle.lua' (File not found) (@gamemodes/darkrp/gamemode/sh_init.lua (line 121))

L 07/03/2020 - 06:32:55: Lua Error: Couldn't include file 'darkrp\gamemode\util\questions\questions_sv.lua' (File not found) (@gamemodes/darkrp/gamemode/sh_init.lua (line 43))

L 07/03/2020 - 06:32:55: Lua Error: Corrupt shipment "Riot Shield": element model is corrupt.

L 07/03/2020 - 06:32:55: Lua Error: Corrupt shipment "Vape": element model is corrupt.

L 07/03/2020 - 06:32:55: Lua Error: Couldn't include file 'darkrp\gamemode\cfg\struggle.lua' (File not found) (@gamemodes/darkrp/gamemode/sh_init.lua (line 121))

L 07/03/2020 - 06:33:19: Lua Error: Couldn't include file 'darkrp\gamemode\util\questions\questions_sv.lua' (File not found) (@gamemodes/darkrp/gamemode/sh_init.lua (line 43))

L 07/03/2020 - 06:33:19: Lua Error: Corrupt shipment "Riot Shield": element model is corrupt.

L 07/03/2020 - 06:33:19: Lua Error: Corrupt shipment "Vape": element model is corrupt.

L 07/03/2020 - 06:33:19: Lua Error: Couldn't include file 'darkrp\gamemode\cfg\struggle.lua' (File not found) (@gamemodes/darkrp/gamemode/sh_init.lua (line 121))

L 07/03/2020 - 06:34:19: Lua Error: Couldn't include file 'darkrp\gamemode\util\questions\questions_sv.lua' (File not found) (@gamemodes/darkrp/gamemode/sh_init.lua (line 43))

L 07/03/2020 - 06:34:20: Lua Error: Corrupt shipment "Riot Shield": element model is corrupt.

L 07/03/2020 - 06:34:20: Lua Error: Corrupt shipment "Vape": element model is corrupt.

L 07/03/2020 - 06:34:20: Lua Error: Couldn't include file 'darkrp\gamemode\cfg\struggle.lua' (File not found) (@gamemodes/darkrp/gamemode/sh_init.lua (line 121))

L 07/03/2020 - 06:34:47: Lua Error: Couldn't include file 'darkrp\gamemode\util\questions\questions_sv.lua' (File not found) (@gamemodes/darkrp/gamemode/sh_init.lua (line 43))

L 07/03/2020 - 06:34:47: Lua Error: Corrupt shipment "Riot Shield": element model is corrupt.

L 07/03/2020 - 06:34:47: Lua Error: Corrupt shipment "Vape": element model is corrupt.

L 07/03/2020 - 06:34:47: Lua Error: Couldn't include file 'darkrp\gamemode\cfg\struggle.lua' (File not found) (@gamemodes/darkrp/gamemode/sh_init.lua (line 121))

L 07/03/2020 - 06:34:52: Lua Error: Couldn't include file 'darkrp\gamemode\util\questions\questions_sv.lua' (File not found) (@gamemodes/darkrp/gamemode/sh_init.lua (line 43))

L 07/03/2020 - 06:34:52: Lua Error: Corrupt shipment "Riot Shield": element model is corrupt.

L 07/03/2020 - 06:34:52: Lua Error: Corrupt shipment "Vape": element model is corrupt.

L 07/03/2020 - 06:34:52: Lua Error: Couldn't include file 'darkrp\gamemode\cfg\struggle.lua' (File not found) (@gamemodes/darkrp/gamemode/sh_init.lua (line 121))

L 07/03/2020 - 06:38:25: "Bot01<5><BOT><>" connected, address "none"
L 07/03/2020 - 06:38:25: "Bot01<5><BOT><>" entered the game
L 07/03/2020 - 06:39:37: Lua Error: Couldn't include file 'darkrp\gamemode\util\questions\questions_sv.lua' (File not found) (@gamemodes/darkrp/gamemode/sh_init.lua (line 43))

L 07/03/2020 - 06:39:37: Lua Error: Corrupt shipment "Riot Shield": element model is corrupt.

L 07/03/2020 - 06:39:37: Lua Error: Corrupt shipment "Vape": element model is corrupt.

L 07/03/2020 - 06:39:37: Lua Error: Couldn't include file 'darkrp\gamemode\cfg\struggle.lua' (File not found) (@gamemodes/darkrp/gamemode/sh_init.lua (line 121))

L 07/03/2020 - 06:39:37: Lua Error: Couldn't include file 'darkrp\gamemode\util\questions\questions_sv.lua' (File not found) (@gamemodes/darkrp/gamemode/sh_init.lua (line 43))

L 07/03/2020 - 06:39:37: Lua Error: Corrupt shipment "Riot Shield": element model is corrupt.

L 07/03/2020 - 06:39:37: Lua Error: Corrupt shipment "Vape": element model is corrupt.

L 07/03/2020 - 06:39:38: Lua Error: Couldn't include file 'darkrp\gamemode\cfg\struggle.lua' (File not found) (@gamemodes/darkrp/gamemode/sh_init.lua (line 121))

L 07/03/2020 - 06:39:43: Lua Error: Couldn't include file 'darkrp\gamemode\util\questions\questions_sv.lua' (File not found) (@gamemodes/darkrp/gamemode/sh_init.lua (line 43))

L 07/03/2020 - 06:39:43: Lua Error: Corrupt shipment "Riot Shield": element model is corrupt.

L 07/03/2020 - 06:39:43: Lua Error: Corrupt shipment "Vape": element model is corrupt.

L 07/03/2020 - 06:39:43: Lua Error: Couldn't include file 'darkrp\gamemode\cfg\struggle.lua' (File not found) (@gamemodes/darkrp/gamemode/sh_init.lua (line 121))

L 07/03/2020 - 06:39:43: Lua Error: Couldn't include file 'darkrp\gamemode\util\questions\questions_sv.lua' (File not found) (@gamemodes/darkrp/gamemode/sh_init.lua (line 43))

L 07/03/2020 - 06:39:44: Lua Error: Corrupt shipment "Riot Shield": element model is corrupt.

L 07/03/2020 - 06:39:44: Lua Error: Corrupt shipment "Vape": element model is corrupt.

L 07/03/2020 - 06:39:44: Lua Error: Couldn't include file 'darkrp\gamemode\cfg\struggle.lua' (File not found) (@gamemodes/darkrp/gamemode/sh_init.lua (line 121))

L 07/03/2020 - 06:39:48: Lua Error: Couldn't include file 'darkrp\gamemode\util\questions\questions_sv.lua' (File not found) (@gamemodes/darkrp/gamemode/sh_init.lua (line 43))

L 07/03/2020 - 06:39:49: Lua Error: Corrupt shipment "Riot Shield": element model is corrupt.

L 07/03/2020 - 06:39:49: Lua Error: Corrupt shipment "Vape": element model is corrupt.

L 07/03/2020 - 06:39:49: Lua Error: Couldn't include file 'darkrp\gamemode\cfg\struggle.lua' (File not found) (@gamemodes/darkrp/gamemode/sh_init.lua (line 121))

L 07/03/2020 - 06:40:12: Lua Error: Couldn't include file 'darkrp\gamemode\util\questions\questions_sv.lua' (File not found) (@gamemodes/darkrp/gamemode/sh_init.lua (line 43))

L 07/03/2020 - 06:40:13: Lua Error: Corrupt shipment "Riot Shield": element model is corrupt.

L 07/03/2020 - 06:40:13: Lua Error: Corrupt shipment "Vape": element model is corrupt.

L 07/03/2020 - 06:40:13: Lua Error: Couldn't include file 'darkrp\gamemode\cfg\struggle.lua' (File not found) (@gamemodes/darkrp/gamemode/sh_init.lua (line 121))

L 07/03/2020 - 06:40:13: Lua Error: Couldn't include file 'darkrp\gamemode\util\questions\questions_sv.lua' (File not found) (@gamemodes/darkrp/gamemode/sh_init.lua (line 43))

L 07/03/2020 - 06:40:13: Lua Error: Corrupt shipment "Riot Shield": element model is corrupt.

L 07/03/2020 - 06:40:13: Lua Error: Corrupt shipment "Vape": element model is corrupt.

L 07/03/2020 - 06:40:13: Lua Error: Couldn't include file 'darkrp\gamemode\cfg\struggle.lua' (File not found) (@gamemodes/darkrp/gamemode/sh_init.lua (line 121))

L 07/03/2020 - 06:40:39: Lua Error: Couldn't include file 'darkrp\gamemode\util\questions\questions_sv.lua' (File not found) (@gamemodes/darkrp/gamemode/sh_init.lua (line 43))

L 07/03/2020 - 06:40:39: Lua Error: Corrupt shipment "Riot Shield": element model is corrupt.

L 07/03/2020 - 06:40:39: Lua Error: Corrupt shipment "Vape": element model is corrupt.

L 07/03/2020 - 06:40:39: Lua Error: Couldn't include file 'darkrp\gamemode\cfg\struggle.lua' (File not found) (@gamemodes/darkrp/gamemode/sh_init.lua (line 121))

L 07/03/2020 - 06:40:39: Lua Error: Couldn't include file 'darkrp\gamemode\util\questions\questions_sv.lua' (File not found) (@gamemodes/darkrp/gamemode/sh_init.lua (line 43))

L 07/03/2020 - 06:40:39: Lua Error: Corrupt shipment "Riot Shield": element model is corrupt.

L 07/03/2020 - 06:40:39: Lua Error: Corrupt shipment "Vape": element model is corrupt.

L 07/03/2020 - 06:40:39: Lua Error: Couldn't include file 'darkrp\gamemode\cfg\struggle.lua' (File not found) (@gamemodes/darkrp/gamemode/sh_init.lua (line 121))

L 07/03/2020 - 06:40:45: Lua Error: Couldn't include file 'darkrp\gamemode\util\questions\questions_sv.lua' (File not found) (@gamemodes/darkrp/gamemode/sh_init.lua (line 43))

L 07/03/2020 - 06:40:46: Lua Error: Corrupt shipment "Riot Shield": element model is corrupt.

L 07/03/2020 - 06:40:46: Lua Error: Corrupt shipment "Vape": element model is corrupt.

L 07/03/2020 - 06:40:46: Lua Error: Couldn't include file 'darkrp\gamemode\cfg\struggle.lua' (File not found) (@gamemodes/darkrp/gamemode/sh_init.lua (line 121))

L 07/03/2020 - 06:40:46: Lua Error: Couldn't include file 'darkrp\gamemode\util\questions\questions_sv.lua' (File not found) (@gamemodes/darkrp/gamemode/sh_init.lua (line 43))

L 07/03/2020 - 06:40:46: Lua Error: Corrupt shipment "Riot Shield": element model is corrupt.

L 07/03/2020 - 06:40:46: Lua Error: Corrupt shipment "Vape": element model is corrupt.

L 07/03/2020 - 06:40:46: Lua Error: Couldn't include file 'darkrp\gamemode\cfg\struggle.lua' (File not found) (@gamemodes/darkrp/gamemode/sh_init.lua (line 121))

L 07/03/2020 - 06:41:15: Lua Error: 
[ERROR] gamemodes/darkrp/gamemode/core/doors/init_sv.lua:124: attempt to call method 'DoorOwnedBy' (a nil value)
  1. Run - gamemodes/darkrp/gamemode/core/doors/init_sv.lua:124
   2. Run - addons/dash_3/lua/dash/libraries/cmd.lua:319
    3. v - addons/dash_3/lua/dash/libraries/cmd.lua:510
     4. unknown - addons/dash_3/lua/dash/libraries/hook.lua:36


L 07/03/2020 - 06:41:15: "DidVaitel<4><STEAM_0:1:74202541><Team>" say "/addcoowner STEAM_0:1:74202541"
L 07/03/2020 - 06:41:37: Lua Error: Couldn't include file 'darkrp\gamemode\util\questions\questions_sv.lua' (File not found) (@gamemodes/darkrp/gamemode/sh_init.lua (line 43))

L 07/03/2020 - 06:41:37: Lua Error: Corrupt shipment "Riot Shield": element model is corrupt.

L 07/03/2020 - 06:41:37: Lua Error: Corrupt shipment "Vape": element model is corrupt.

L 07/03/2020 - 06:41:37: Lua Error: Couldn't include file 'darkrp\gamemode\cfg\struggle.lua' (File not found) (@gamemodes/darkrp/gamemode/sh_init.lua (line 121))

L 07/03/2020 - 06:41:43: Lua Error: 
[ERROR] gamemodes/darkrp/gamemode/core/doors/init_sv.lua:124: attempt to call method 'DoorOwnedBy' (a nil value)
  1. Run - gamemodes/darkrp/gamemode/core/doors/init_sv.lua:124
   2. Run - addons/dash_3/lua/dash/libraries/cmd.lua:319
    3. v - addons/dash_3/lua/dash/libraries/cmd.lua:510
     4. unknown - addons/dash_3/lua/dash/libraries/hook.lua:36


L 07/03/2020 - 06:41:43: "DidVaitel<4><STEAM_0:1:74202541><Team>" say "/addcoowner STEAM_0:1:74202541"
L 07/03/2020 - 06:41:50: Lua Error: Couldn't include file 'darkrp\gamemode\util\questions\questions_sv.lua' (File not found) (@gamemodes/darkrp/gamemode/sh_init.lua (line 43))

L 07/03/2020 - 06:41:50: Lua Error: Corrupt shipment "Riot Shield": element model is corrupt.

L 07/03/2020 - 06:41:50: Lua Error: Corrupt shipment "Vape": element model is corrupt.

L 07/03/2020 - 06:41:50: Lua Error: Couldn't include file 'darkrp\gamemode\cfg\struggle.lua' (File not found) (@gamemodes/darkrp/gamemode/sh_init.lua (line 121))

L 07/03/2020 - 06:41:51: Lua Error: 
[ERROR] gamemodes/darkrp/gamemode/core/doors/init_sv.lua:124: attempt to call method 'DoorOwnedBy' (a nil value)
  1. Run - gamemodes/darkrp/gamemode/core/doors/init_sv.lua:124
   2. Run - addons/dash_3/lua/dash/libraries/cmd.lua:319
    3. v - addons/dash_3/lua/dash/libraries/cmd.lua:510
     4. unknown - addons/dash_3/lua/dash/libraries/hook.lua:36


L 07/03/2020 - 06:41:51: "DidVaitel<4><STEAM_0:1:74202541><Team>" say "/addcoowner STEAM_0:1:74202541"
L 07/03/2020 - 06:43:44: Lua Error: Couldn't include file 'darkrp\gamemode\util\questions\questions_sv.lua' (File not found) (@gamemodes/darkrp/gamemode/sh_init.lua (line 43))

L 07/03/2020 - 06:43:45: Lua Error: Corrupt shipment "Riot Shield": element model is corrupt.

L 07/03/2020 - 06:43:45: Lua Error: Corrupt shipment "Vape": element model is corrupt.

L 07/03/2020 - 06:43:45: Lua Error: Couldn't include file 'darkrp\gamemode\cfg\struggle.lua' (File not found) (@gamemodes/darkrp/gamemode/sh_init.lua (line 121))

L 07/03/2020 - 06:43:57: Lua Error: Couldn't include file 'darkrp\gamemode\util\questions\questions_sv.lua' (File not found) (@gamemodes/darkrp/gamemode/sh_init.lua (line 43))

L 07/03/2020 - 06:43:57: Lua Error: Corrupt shipment "Riot Shield": element model is corrupt.

L 07/03/2020 - 06:43:57: Lua Error: Corrupt shipment "Vape": element model is corrupt.

L 07/03/2020 - 06:43:57: Lua Error: Couldn't include file 'darkrp\gamemode\cfg\struggle.lua' (File not found) (@gamemodes/darkrp/gamemode/sh_init.lua (line 121))

L 07/03/2020 - 06:43:57: Lua Error: Couldn't include file 'darkrp\gamemode\util\questions\questions_sv.lua' (File not found) (@gamemodes/darkrp/gamemode/sh_init.lua (line 43))

L 07/03/2020 - 06:43:57: Lua Error: Corrupt shipment "Riot Shield": element model is corrupt.

L 07/03/2020 - 06:43:57: Lua Error: Corrupt shipment "Vape": element model is corrupt.

L 07/03/2020 - 06:43:58: Lua Error: Couldn't include file 'darkrp\gamemode\cfg\struggle.lua' (File not found) (@gamemodes/darkrp/gamemode/sh_init.lua (line 121))

L 07/03/2020 - 06:44:39: Lua Error: Couldn't include file 'darkrp\gamemode\util\questions\questions_sv.lua' (File not found) (@gamemodes/darkrp/gamemode/sh_init.lua (line 43))

L 07/03/2020 - 06:44:39: Lua Error: Corrupt shipment "Riot Shield": element model is corrupt.

L 07/03/2020 - 06:44:39: Lua Error: Corrupt shipment "Vape": element model is corrupt.

L 07/03/2020 - 06:44:39: Lua Error: Couldn't include file 'darkrp\gamemode\cfg\struggle.lua' (File not found) (@gamemodes/darkrp/gamemode/sh_init.lua (line 121))

L 07/03/2020 - 06:44:47: Lua Error: Couldn't include file 'darkrp\gamemode\util\questions\questions_sv.lua' (File not found) (@gamemodes/darkrp/gamemode/sh_init.lua (line 43))

L 07/03/2020 - 06:44:47: Lua Error: Corrupt shipment "Riot Shield": element model is corrupt.

L 07/03/2020 - 06:44:47: Lua Error: Corrupt shipment "Vape": element model is corrupt.

L 07/03/2020 - 06:44:47: Lua Error: Couldn't include file 'darkrp\gamemode\cfg\struggle.lua' (File not found) (@gamemodes/darkrp/gamemode/sh_init.lua (line 121))

L 07/03/2020 - 06:45:26: Lua Error: Couldn't include file 'darkrp\gamemode\util\questions\questions_sv.lua' (File not found) (@gamemodes/darkrp/gamemode/sh_init.lua (line 43))

L 07/03/2020 - 06:45:27: Lua Error: Corrupt shipment "Riot Shield": element model is corrupt.

L 07/03/2020 - 06:45:27: Lua Error: Corrupt shipment "Vape": element model is corrupt.

L 07/03/2020 - 06:45:27: Lua Error: Couldn't include file 'darkrp\gamemode\cfg\struggle.lua' (File not found) (@gamemodes/darkrp/gamemode/sh_init.lua (line 121))

L 07/03/2020 - 06:45:35: Lua Error: Couldn't include file 'darkrp\gamemode\util\questions\questions_sv.lua' (File not found) (@gamemodes/darkrp/gamemode/sh_init.lua (line 43))

L 07/03/2020 - 06:45:36: Lua Error: Corrupt shipment "Riot Shield": element model is corrupt.

L 07/03/2020 - 06:45:36: Lua Error: Corrupt shipment "Vape": element model is corrupt.

L 07/03/2020 - 06:45:36: Lua Error: Couldn't include file 'darkrp\gamemode\cfg\struggle.lua' (File not found) (@gamemodes/darkrp/gamemode/sh_init.lua (line 121))

L 07/03/2020 - 06:50:23: Lua Error: gamemodes/darkrp/gamemode/core/credits/init_sv.lua:112: attempt to call field 'OpenMenu' (a nil value)

L 07/03/2020 - 06:51:37: Lua Error: Couldn't include file 'darkrp\gamemode\util\questions\questions_sv.lua' (File not found) (@gamemodes/darkrp/gamemode/sh_init.lua (line 43))

L 07/03/2020 - 06:51:37: Lua Error: Corrupt shipment "Riot Shield": element model is corrupt.

L 07/03/2020 - 06:51:37: Lua Error: Corrupt shipment "Vape": element model is corrupt.

L 07/03/2020 - 06:51:37: Lua Error: Couldn't include file 'darkrp\gamemode\cfg\struggle.lua' (File not found) (@gamemodes/darkrp/gamemode/sh_init.lua (line 121))

L 07/03/2020 - 06:51:37: Lua Error: Couldn't include file 'darkrp\gamemode\util\questions\questions_sv.lua' (File not found) (@gamemodes/darkrp/gamemode/sh_init.lua (line 43))

L 07/03/2020 - 06:51:37: Lua Error: Corrupt shipment "Riot Shield": element model is corrupt.

L 07/03/2020 - 06:51:37: Lua Error: Corrupt shipment "Vape": element model is corrupt.

L 07/03/2020 - 06:51:37: Lua Error: Couldn't include file 'darkrp\gamemode\cfg\struggle.lua' (File not found) (@gamemodes/darkrp/gamemode/sh_init.lua (line 121))

L 07/03/2020 - 06:52:05: Lua Error: Couldn't include file 'darkrp\gamemode\util\questions\questions_sv.lua' (File not found) (@gamemodes/darkrp/gamemode/sh_init.lua (line 43))

L 07/03/2020 - 06:52:05: Lua Error: Corrupt shipment "Riot Shield": element model is corrupt.

L 07/03/2020 - 06:52:05: Lua Error: Corrupt shipment "Vape": element model is corrupt.

L 07/03/2020 - 06:52:05: Lua Error: Couldn't include file 'darkrp\gamemode\cfg\struggle.lua' (File not found) (@gamemodes/darkrp/gamemode/sh_init.lua (line 121))

L 07/03/2020 - 06:52:05: Lua Error: Couldn't include file 'darkrp\gamemode\util\questions\questions_sv.lua' (File not found) (@gamemodes/darkrp/gamemode/sh_init.lua (line 43))

L 07/03/2020 - 06:52:05: Lua Error: Corrupt shipment "Riot Shield": element model is corrupt.

L 07/03/2020 - 06:52:05: Lua Error: Corrupt shipment "Vape": element model is corrupt.

L 07/03/2020 - 06:52:05: Lua Error: Couldn't include file 'darkrp\gamemode\cfg\struggle.lua' (File not found) (@gamemodes/darkrp/gamemode/sh_init.lua (line 121))

L 07/03/2020 - 06:53:37: "DidVaitel<4><STEAM_0:1:74202541><Team>" say "fg"
L 07/03/2020 - 06:53:41: "DidVaitel<4><STEAM_0:1:74202541><Team>" say ""
L 07/03/2020 - 06:53:49: "DidVaitel<4><STEAM_0:1:74202541><Team>" say "       "
L 07/03/2020 - 06:53:53: "DidVaitel<4><STEAM_0:1:74202541><Team>" say "      "
L 07/03/2020 - 06:55:11: "DidVaitel<4><STEAM_0:1:74202541><Team>" say "FDDSFSSDSD"
L 07/03/2020 - 06:55:13: "DidVaitel<4><STEAM_0:1:74202541><Team>" say "DFDFDFDFDFDFDFDFDFDFDFDFDFDFDFDFDFDFDFDFDFDFDF"
L 07/03/2020 - 06:55:18: "DidVaitel<4><STEAM_0:1:74202541><Team>" say ""
L 07/03/2020 - 06:55:21: "DidVaitel<4><STEAM_0:1:74202541><Team>" say ""
L 07/03/2020 - 06:56:51: "DidVaitel<4><STEAM_0:1:74202541><Team>" say "cfdddddddddddddddddddddddddddddddddddddddddddddddddddddddddd"
L 07/03/2020 - 06:56:58: "DidVaitel<4><STEAM_0:1:74202541><Team>" say "ffffffffffffffffffffffffffffffffffffffffffffffffffffffffffffffffffffffffffffffffffffffffffffffffffffffffffffffffffffffffffffff"
L 07/03/2020 - 06:57:06: "DidVaitel<4><STEAM_0:1:74202541><Team>" say "ffffffffffffffffffffffffffffffffffffffffffffffffffffffffffffffffffffffffffffffffffffffffffffffffffffffffffffffffffffffffffffff"
L 07/03/2020 - 06:57:13: "DidVaitel<4><STEAM_0:1:74202541><Team>" say ""
L 07/03/2020 - 06:57:16: "DidVaitel<4><STEAM_0:1:74202541><Team>" say ""
L 07/03/2020 - 06:59:01: "DidVaitel<4><STEAM_0:1:74202541><Team>" say "fdfsfdf"
L 07/03/2020 - 06:59:39: "DidVaitel<4><STEAM_0:1:74202541><Team>" say "fffffffffffffffffdfdd \n fdsdsdfs"
L 07/03/2020 - 06:59:43: "DidVaitel<4><STEAM_0:1:74202541><Team>" say "fddddddddddddddddddddddddddddddddddddddddddddddddd"
L 07/03/2020 - 07:01:05: Lua Error: 
[ERROR] addons/badmin_2/lua/ba/core/logging/logs_sv.lua:37: attempt to call field 'GetStaff' (a nil value)
  1. PlayerLog - addons/badmin_2/lua/ba/core/logging/logs_sv.lua:37
   2. callback - addons/badmin_2/lua/ba/modules/darkrp/loghooks_sh.lua:21
    3. v - addons/badmin_2/lua/ba/core/logging/logs_sh.lua:127
     4. unknown - addons/dash_3/lua/dash/libraries/hook.lua:36
      5. Kill - [C]:-1
       6. unknown - gamemodes/darkrp/gamemode/core/commands/sv_init.lua:16


L 07/03/2020 - 07:01:05: Lua Error: 
[ERROR] Warning! A net message (ba.LogPrint) is already started! Discarding in favor of the new message! (nw_ToolStage)

  1. _Send - addons/dash_3/lua/dash/libraries/nw.lua:154
   2. SetNetVar - addons/dash_3/lua/dash/libraries/nw.lua:313
    3. SetStage - gamemodes/darkrp/entities/weapons/gmod_tool/object.lua:32
     4. UpdateData - gamemodes/darkrp/entities/weapons/gmod_tool/object.lua:22
      5. unknown - gamemodes/darkrp/entities/weapons/gmod_tool/shared.lua:331
       6. Kill - [C]:-1
        7. unknown - gamemodes/darkrp/gamemode/core/commands/sv_init.lua:16


L 07/03/2020 - 07:01:12: "DidVaitel<4><STEAM_0:1:74202541><Team>" say ""
L 07/03/2020 - 07:01:24: "DidVaitel<4><STEAM_0:1:74202541><Team>" say ""
L 07/03/2020 - 07:08:06: "DidVaitel<4><STEAM_0:1:74202541><Team>" say "dfffffffffffffffffffffffffffffffffffffffffffffffff"
L 07/03/2020 - 07:08:41: "DidVaitel<4><STEAM_0:1:74202541><Team>" say "fffff`ffffffffff"
L 07/03/2020 - 07:09:33: "DidVaitel<4><STEAM_0:1:74202541><Team>" say ""
L 07/03/2020 - 07:10:17: "DidVaitel<4><STEAM_0:1:74202541><Team>" say "`fdfd`"
L 07/03/2020 - 07:10:34: "DidVaitel<4><STEAM_0:1:74202541><Team>" say "`fdfd`"
L 07/03/2020 - 07:10:47: "DidVaitel<4><STEAM_0:1:74202541><Team>" say "ffffffffffffffffffffffffffffffffffffffffffffffffffffffffffffffffffffffffffffffffffffffffffffffffffffffffffffffffffffffffffffff"
L 07/03/2020 - 07:17:40: "Bot01<5><BOT><>" disconnected (reason "Server shutting down")
L 07/03/2020 - 07:17:40: "DidVaitel<4><STEAM_0:1:74202541><>" disconnected (reason "Server shutting down")
L 07/03/2020 - 07:17:40: server_message: "quit"
L 07/03/2020 - 07:17:40: Log file closed.
