L 07/02/2020 - 21:45:28: Log file started (file "logs\L0702020.log") (game "D:\sup\steamapps\common\GarrysModDS\garrysmod") (version "7836")
L 07/02/2020 - 21:45:28: server_cvar: "sv_alltalk" "3"
L 07/02/2020 - 21:45:29: Connection to Steam servers successful.
L 07/02/2020 - 21:45:29:    Public IP is 31.130.42.26.
L 07/02/2020 - 21:45:29: Assigned anonymous gameserver Steam ID [A-1:218500096(15079)].
L 07/02/2020 - 21:45:30: VAC secure mode is activated.
L 07/02/2020 - 21:45:47: "COMPLΞX<2><STEAM_0:0:105635721><>" connected, address "26.162.207.202:27006"
L 07/02/2020 - 21:45:47: "COMPLΞX<2><STEAM_0:0:105635721><>" STEAM USERID validated
L 07/02/2020 - 21:45:47: Lua Error: 
[ERROR] gamemodes/darkrp/gamemode/core/spawn_sv.lua:3: attempt to index upvalue 'spawns' (a nil value)
  1. unknown - gamemodes/darkrp/gamemode/core/spawn_sv.lua:3


L 07/02/2020 - 21:47:52: Lua Error: 
[ERROR] addons/badmin/lua/ba/core/ranks/groups_sv.lua:30: attempt to call method 'query' (a nil value)
  1. unknown - addons/badmin/lua/ba/core/ranks/groups_sv.lua:30


L 07/02/2020 - 21:53:34: Lua Error: 
[ERROR] gamemodes/darkrp/gamemode/core/core_sv.lua:308: attempt to index upvalue 'TeamSpawns' (a nil value)
  1. unknown - gamemodes/darkrp/gamemode/core/core_sv.lua:308


L 07/02/2020 - 21:53:34: Lua Error: 
[ERROR] gamemodes/darkrp/gamemode/core/core_sv.lua:364: attempt to call method 'IsBanned' (a nil value)
  1. Call - gamemodes/darkrp/gamemode/core/core_sv.lua:364
   2. unknown - gamemodes/darkrp/gamemode/core/core_sv.lua:343


L 07/02/2020 - 21:53:34: "COMPLΞX<2><STEAM_0:0:105635721><>" entered the game
L 07/02/2020 - 21:53:34: Lua Error: 
[ERROR] addons/badmin/lua/ba/core/data_sv.lua:54: attempt to call method 'query_ex' (a nil value)
  1. LoadPlayer - addons/badmin/lua/ba/core/data_sv.lua:54
   2. v - addons/badmin/lua/ba/core/ranks/groups_sv.lua:12
    3. unknown - addons/dash/lua/dash/libraries/hook.lua:36


L 07/02/2020 - 21:55:33: "COMPLΞX<2><STEAM_0:0:105635721><>" disconnected (reason "Disconnect by user.")
L 07/02/2020 - 21:55:33: Lua Error: 
[ERROR] addons/badmin/lua/ba/core/ranks/groups_sv.lua:16: attempt to call field 'Term' (a nil value)
  1. v - addons/badmin/lua/ba/core/ranks/groups_sv.lua:16
   2. unknown - addons/dash/lua/dash/libraries/hook.lua:36


L 07/02/2020 - 21:55:47: "COMPLΞX<3><STEAM_0:0:105635721><>" connected, address "26.162.207.202:27006"
L 07/02/2020 - 21:55:47: "COMPLΞX<3><STEAM_0:0:105635721><>" STEAM USERID validated
L 07/02/2020 - 21:55:56: Lua Error: 
[ERROR] gamemodes/darkrp/gamemode/core/core_sv.lua:308: attempt to index upvalue 'TeamSpawns' (a nil value)
  1. unknown - gamemodes/darkrp/gamemode/core/core_sv.lua:308


L 07/02/2020 - 21:55:56: Lua Error: 
[ERROR] gamemodes/darkrp/gamemode/core/core_sv.lua:364: attempt to call method 'IsBanned' (a nil value)
  1. Call - gamemodes/darkrp/gamemode/core/core_sv.lua:364
   2. unknown - gamemodes/darkrp/gamemode/core/core_sv.lua:343


L 07/02/2020 - 21:55:56: "COMPLΞX<3><STEAM_0:0:105635721><>" entered the game
L 07/02/2020 - 21:55:56: Lua Error: addons/badmin/lua/ba/core/data_sv.lua:67: attempt to call field 'Term' (a nil value)

L 07/02/2020 - 21:56:55: "COMPLΞX<3><STEAM_0:0:105635721><>" disconnected (reason "Server shutting down")
L 07/02/2020 - 21:56:55: server_message: "quit"
L 07/02/2020 - 21:56:55: Log file closed.
