L 07/09/2020 - 11:29:37: Log file started (file "logs\L0709013.log") (game "D:\sup\steamapps\common\GarrysModDS\garrysmod") (version "7836")
L 07/09/2020 - 11:29:37: server_cvar: "sv_alltalk" "3"
L 07/09/2020 - 11:29:37: server_cvar: "sv_airaccelerate" "100"
L 07/09/2020 - 11:29:38: "DidVaitel<2><STEAM_0:1:74202541><>" connected, address "26.162.207.202:27006"
L 07/09/2020 - 11:29:38: Connection to Steam servers successful.
L 07/09/2020 - 11:29:38:    Public IP is 31.130.42.26.
L 07/09/2020 - 11:29:38: Assigned anonymous gameserver Steam ID [A-1:3054739456(15117)].
L 07/09/2020 - 11:29:38: VAC secure mode is activated.
L 07/09/2020 - 11:29:38: "DidVaitel<2><STEAM_0:1:74202541><>" STEAM USERID validated
L 07/09/2020 - 11:29:49: "DidVaitel<2><STEAM_0:1:74202541><>" entered the game
L 07/09/2020 - 11:50:45: "DidVaitel<2><STEAM_0:1:74202541><>" disconnected (reason "Disconnect by user.")
L 07/09/2020 - 12:23:13: "COMPLΞX<3><STEAM_0:0:105635721><>" connected, address "26.162.207.202:27006"
L 07/09/2020 - 12:23:13: "COMPLΞX<3><STEAM_0:0:105635721><>" STEAM USERID validated
L 07/09/2020 - 12:23:29: "COMPLΞX<3><STEAM_0:0:105635721><>" entered the game
L 07/09/2020 - 13:14:46: Lua Error: 
[ERROR] gamemodes/darkrp/entities/entities/metal_detector/init.lua:13: attempt to call method 'SetMode' (a nil value)
  1. unknown - gamemodes/darkrp/entities/entities/metal_detector/init.lua:13
   2. Spawn - [C]:-1
    3. SpawnFunction - gamemodes/base/entities/entities/base_entity/init.lua:70
     4. Spawn_SENT - gamemodes/darkrp/gamemode/core/sandbox/commands_sv.lua:578
      5. unknown - gamemodes/darkrp/gamemode/core/sandbox/commands_sv.lua:643
       6. unknown - lua/includes/modules/concommand.lua:54


L 07/09/2020 - 13:15:07: Lua Error: 
[ERROR] gamemodes/darkrp/entities/entities/metal_detector/init.lua:13: attempt to call method 'SetMode' (a nil value)
  1. unknown - gamemodes/darkrp/entities/entities/metal_detector/init.lua:13
   2. Spawn - [C]:-1
    3. SpawnFunction - gamemodes/base/entities/entities/base_entity/init.lua:70
     4. Spawn_SENT - gamemodes/darkrp/gamemode/core/sandbox/commands_sv.lua:578
      5. unknown - gamemodes/darkrp/gamemode/core/sandbox/commands_sv.lua:643
       6. unknown - lua/includes/modules/concommand.lua:54


L 07/09/2020 - 13:48:48: Lua Error: 
[ERROR] addons/dash_3/lua/dash/libraries/nw.lua:313: attempt to index a nil value
  1. SetNetVar - addons/dash_3/lua/dash/libraries/nw.lua:313
   2. unknown - gamemodes/darkrp/entities/entities/ent_textscreen/init.lua:11
    3. Spawn - [C]:-1
     4. LeftClick - gamemodes/darkrp/entities/weapons/gmod_tool/stools/textscreen.lua:88
      5. unknown - gamemodes/darkrp/entities/weapons/gmod_tool/shared.lua:250


L 07/09/2020 - 13:48:48: Lua Error: 
[ERROR] gamemodes/darkrp/entities/weapons/gmod_tool/stools/textscreen.lua:95: attempt to call method 'UpdateInfo' (a nil value)
  1. LeftClick - gamemodes/darkrp/entities/weapons/gmod_tool/stools/textscreen.lua:95
   2. unknown - gamemodes/darkrp/entities/weapons/gmod_tool/shared.lua:250


L 07/09/2020 - 13:50:23: Lua Error: 
[ERROR] addons/dash_3/lua/dash/libraries/nw.lua:313: attempt to index a nil value
  1. SetNetVar - addons/dash_3/lua/dash/libraries/nw.lua:313
   2. unknown - gamemodes/darkrp/entities/entities/ent_textscreen/init.lua:11
    3. Spawn - [C]:-1
     4. LeftClick - gamemodes/darkrp/entities/weapons/gmod_tool/stools/textscreen.lua:88
      5. unknown - gamemodes/darkrp/entities/weapons/gmod_tool/shared.lua:250


L 07/09/2020 - 13:50:23: Lua Error: 
[ERROR] addons/dash_3/lua/dash/libraries/nw.lua:313: attempt to index a nil value
  1. SetNetVar - addons/dash_3/lua/dash/libraries/nw.lua:313
   2. UpdateInfo - gamemodes/darkrp/entities/entities/ent_textscreen/init.lua:42
    3. LeftClick - gamemodes/darkrp/entities/weapons/gmod_tool/stools/textscreen.lua:95
     4. unknown - gamemodes/darkrp/entities/weapons/gmod_tool/shared.lua:250


L 07/09/2020 - 13:50:25: Lua Error: 
[ERROR] addons/dash_3/lua/dash/libraries/nw.lua:313: attempt to index a nil value
  1. SetNetVar - addons/dash_3/lua/dash/libraries/nw.lua:313
   2. unknown - gamemodes/darkrp/entities/entities/ent_textscreen/init.lua:11
    3. Spawn - [C]:-1
     4. LeftClick - gamemodes/darkrp/entities/weapons/gmod_tool/stools/textscreen.lua:88
      5. unknown - gamemodes/darkrp/entities/weapons/gmod_tool/shared.lua:250


L 07/09/2020 - 13:50:25: Lua Error: 
[ERROR] addons/dash_3/lua/dash/libraries/nw.lua:313: attempt to index a nil value
  1. SetNetVar - addons/dash_3/lua/dash/libraries/nw.lua:313
   2. UpdateInfo - gamemodes/darkrp/entities/entities/ent_textscreen/init.lua:42
    3. LeftClick - gamemodes/darkrp/entities/weapons/gmod_tool/stools/textscreen.lua:95
     4. unknown - gamemodes/darkrp/entities/weapons/gmod_tool/shared.lua:250


L 07/09/2020 - 13:50:48: Lua Error: 
[ERROR] addons/dash_3/lua/dash/libraries/nw.lua:313: attempt to index a nil value
  1. SetNetVar - addons/dash_3/lua/dash/libraries/nw.lua:313
   2. unknown - gamemodes/darkrp/entities/entities/ent_textscreen/init.lua:11
    3. Spawn - [C]:-1
     4. LeftClick - gamemodes/darkrp/entities/weapons/gmod_tool/stools/textscreen.lua:88
      5. unknown - gamemodes/darkrp/entities/weapons/gmod_tool/shared.lua:250


L 07/09/2020 - 13:50:48: Lua Error: 
[ERROR] addons/dash_3/lua/dash/libraries/nw.lua:313: attempt to index a nil value
  1. SetNetVar - addons/dash_3/lua/dash/libraries/nw.lua:313
   2. UpdateInfo - gamemodes/darkrp/entities/entities/ent_textscreen/init.lua:42
    3. LeftClick - gamemodes/darkrp/entities/weapons/gmod_tool/stools/textscreen.lua:95
     4. unknown - gamemodes/darkrp/entities/weapons/gmod_tool/shared.lua:250


L 07/09/2020 - 13:52:54: Lua Error: 
[ERROR] addons/dash_3/lua/dash/libraries/nw.lua:313: attempt to index a nil value
  1. SetNetVar - addons/dash_3/lua/dash/libraries/nw.lua:313
   2. unknown - gamemodes/darkrp/entities/entities/ent_textscreen/init.lua:12
    3. Spawn - [C]:-1
     4. LeftClick - gamemodes/darkrp/entities/weapons/gmod_tool/stools/textscreen.lua:88
      5. unknown - gamemodes/darkrp/entities/weapons/gmod_tool/shared.lua:250


L 07/09/2020 - 13:52:54: Lua Error: 
[ERROR] addons/dash_3/lua/dash/libraries/nw.lua:313: attempt to index a nil value
  1. SetNetVar - addons/dash_3/lua/dash/libraries/nw.lua:313
   2. UpdateInfo - gamemodes/darkrp/entities/entities/ent_textscreen/init.lua:44
    3. LeftClick - gamemodes/darkrp/entities/weapons/gmod_tool/stools/textscreen.lua:95
     4. unknown - gamemodes/darkrp/entities/weapons/gmod_tool/shared.lua:250


L 07/09/2020 - 13:52:54: Lua Error: 
[ERROR] addons/dash_3/lua/dash/libraries/nw.lua:313: attempt to index a nil value
  1. SetNetVar - addons/dash_3/lua/dash/libraries/nw.lua:313
   2. unknown - gamemodes/darkrp/entities/entities/ent_textscreen/init.lua:12
    3. Spawn - [C]:-1
     4. LeftClick - gamemodes/darkrp/entities/weapons/gmod_tool/stools/textscreen.lua:88
      5. unknown - gamemodes/darkrp/entities/weapons/gmod_tool/shared.lua:250


L 07/09/2020 - 13:52:54: Lua Error: 
[ERROR] addons/dash_3/lua/dash/libraries/nw.lua:313: attempt to index a nil value
  1. SetNetVar - addons/dash_3/lua/dash/libraries/nw.lua:313
   2. UpdateInfo - gamemodes/darkrp/entities/entities/ent_textscreen/init.lua:44
    3. LeftClick - gamemodes/darkrp/entities/weapons/gmod_tool/stools/textscreen.lua:95
     4. unknown - gamemodes/darkrp/entities/weapons/gmod_tool/shared.lua:250


L 07/09/2020 - 13:52:54: Lua Error: 
[ERROR] addons/dash_3/lua/dash/libraries/nw.lua:313: attempt to index a nil value
  1. SetNetVar - addons/dash_3/lua/dash/libraries/nw.lua:313
   2. unknown - gamemodes/darkrp/entities/entities/ent_textscreen/init.lua:12
    3. Spawn - [C]:-1
     4. LeftClick - gamemodes/darkrp/entities/weapons/gmod_tool/stools/textscreen.lua:88
      5. unknown - gamemodes/darkrp/entities/weapons/gmod_tool/shared.lua:250


L 07/09/2020 - 13:52:54: Lua Error: 
[ERROR] addons/dash_3/lua/dash/libraries/nw.lua:313: attempt to index a nil value
  1. SetNetVar - addons/dash_3/lua/dash/libraries/nw.lua:313
   2. UpdateInfo - gamemodes/darkrp/entities/entities/ent_textscreen/init.lua:44
    3. LeftClick - gamemodes/darkrp/entities/weapons/gmod_tool/stools/textscreen.lua:95
     4. unknown - gamemodes/darkrp/entities/weapons/gmod_tool/shared.lua:250


L 07/09/2020 - 13:52:55: Lua Error: 
[ERROR] addons/dash_3/lua/dash/libraries/nw.lua:313: attempt to index a nil value
  1. SetNetVar - addons/dash_3/lua/dash/libraries/nw.lua:313
   2. unknown - gamemodes/darkrp/entities/entities/ent_textscreen/init.lua:12
    3. Spawn - [C]:-1
     4. LeftClick - gamemodes/darkrp/entities/weapons/gmod_tool/stools/textscreen.lua:88
      5. unknown - gamemodes/darkrp/entities/weapons/gmod_tool/shared.lua:250


L 07/09/2020 - 13:52:55: Lua Error: 
[ERROR] addons/dash_3/lua/dash/libraries/nw.lua:313: attempt to index a nil value
  1. SetNetVar - addons/dash_3/lua/dash/libraries/nw.lua:313
   2. UpdateInfo - gamemodes/darkrp/entities/entities/ent_textscreen/init.lua:44
    3. LeftClick - gamemodes/darkrp/entities/weapons/gmod_tool/stools/textscreen.lua:95
     4. unknown - gamemodes/darkrp/entities/weapons/gmod_tool/shared.lua:250


L 07/09/2020 - 13:52:55: Lua Error: 
[ERROR] addons/dash_3/lua/dash/libraries/nw.lua:313: attempt to index a nil value
  1. SetNetVar - addons/dash_3/lua/dash/libraries/nw.lua:313
   2. UpdateInfo - gamemodes/darkrp/entities/entities/ent_textscreen/init.lua:44
    3. RightClick - gamemodes/darkrp/entities/weapons/gmod_tool/stools/textscreen.lua:117
     4. unknown - gamemodes/darkrp/entities/weapons/gmod_tool/shared.lua:277


L 07/09/2020 - 13:53:08: Lua Error: 
[ERROR] addons/dash_3/lua/dash/libraries/nw.lua:313: attempt to index a nil value
  1. SetNetVar - addons/dash_3/lua/dash/libraries/nw.lua:313
   2. unknown - gamemodes/darkrp/entities/entities/ent_textscreen/init.lua:12
    3. Spawn - [C]:-1
     4. LeftClick - gamemodes/darkrp/entities/weapons/gmod_tool/stools/textscreen.lua:88
      5. unknown - gamemodes/darkrp/entities/weapons/gmod_tool/shared.lua:250


L 07/09/2020 - 13:53:08: Lua Error: 
[ERROR] addons/dash_3/lua/dash/libraries/nw.lua:313: attempt to index a nil value
  1. SetNetVar - addons/dash_3/lua/dash/libraries/nw.lua:313
   2. UpdateInfo - gamemodes/darkrp/entities/entities/ent_textscreen/init.lua:44
    3. LeftClick - gamemodes/darkrp/entities/weapons/gmod_tool/stools/textscreen.lua:95
     4. unknown - gamemodes/darkrp/entities/weapons/gmod_tool/shared.lua:250


L 07/09/2020 - 13:55:09: Lua Error: 
[ERROR] addons/dash_3/lua/dash/libraries/nw.lua:313: attempt to index a nil value
  1. SetNetVar - addons/dash_3/lua/dash/libraries/nw.lua:313
   2. unknown - gamemodes/darkrp/entities/entities/ent_textscreen/init.lua:12
    3. Spawn - [C]:-1
     4. LeftClick - gamemodes/darkrp/entities/weapons/gmod_tool/stools/textscreen.lua:88
      5. unknown - gamemodes/darkrp/entities/weapons/gmod_tool/shared.lua:250


L 07/09/2020 - 13:55:09: Lua Error: 
[ERROR] addons/dash_3/lua/dash/libraries/nw.lua:313: attempt to index a nil value
  1. SetNetVar - addons/dash_3/lua/dash/libraries/nw.lua:313
   2. UpdateInfo - gamemodes/darkrp/entities/entities/ent_textscreen/init.lua:44
    3. LeftClick - gamemodes/darkrp/entities/weapons/gmod_tool/stools/textscreen.lua:95
     4. unknown - gamemodes/darkrp/entities/weapons/gmod_tool/shared.lua:250


L 07/09/2020 - 13:55:10: Lua Error: 
[ERROR] addons/dash_3/lua/dash/libraries/nw.lua:313: attempt to index a nil value
  1. SetNetVar - addons/dash_3/lua/dash/libraries/nw.lua:313
   2. UpdateInfo - gamemodes/darkrp/entities/entities/ent_textscreen/init.lua:44
    3. RightClick - gamemodes/darkrp/entities/weapons/gmod_tool/stools/textscreen.lua:117
     4. unknown - gamemodes/darkrp/entities/weapons/gmod_tool/shared.lua:277


L 07/09/2020 - 13:55:15: Lua Error: 
[ERROR] addons/dash_3/lua/dash/libraries/nw.lua:313: attempt to index a nil value
  1. SetNetVar - addons/dash_3/lua/dash/libraries/nw.lua:313
   2. unknown - gamemodes/darkrp/entities/entities/ent_textscreen/init.lua:12
    3. Spawn - [C]:-1
     4. LeftClick - gamemodes/darkrp/entities/weapons/gmod_tool/stools/textscreen.lua:88
      5. unknown - gamemodes/darkrp/entities/weapons/gmod_tool/shared.lua:250


L 07/09/2020 - 13:55:15: Lua Error: 
[ERROR] addons/dash_3/lua/dash/libraries/nw.lua:313: attempt to index a nil value
  1. SetNetVar - addons/dash_3/lua/dash/libraries/nw.lua:313
   2. UpdateInfo - gamemodes/darkrp/entities/entities/ent_textscreen/init.lua:44
    3. LeftClick - gamemodes/darkrp/entities/weapons/gmod_tool/stools/textscreen.lua:95
     4. unknown - gamemodes/darkrp/entities/weapons/gmod_tool/shared.lua:250


L 07/09/2020 - 13:55:17: Lua Error: 
[ERROR] addons/dash_3/lua/dash/libraries/nw.lua:313: attempt to index a nil value
  1. SetNetVar - addons/dash_3/lua/dash/libraries/nw.lua:313
   2. unknown - gamemodes/darkrp/entities/entities/ent_textscreen/init.lua:12
    3. Spawn - [C]:-1
     4. LeftClick - gamemodes/darkrp/entities/weapons/gmod_tool/stools/textscreen.lua:88
      5. unknown - gamemodes/darkrp/entities/weapons/gmod_tool/shared.lua:250


L 07/09/2020 - 13:55:17: Lua Error: 
[ERROR] addons/dash_3/lua/dash/libraries/nw.lua:313: attempt to index a nil value
  1. SetNetVar - addons/dash_3/lua/dash/libraries/nw.lua:313
   2. UpdateInfo - gamemodes/darkrp/entities/entities/ent_textscreen/init.lua:44
    3. LeftClick - gamemodes/darkrp/entities/weapons/gmod_tool/stools/textscreen.lua:95
     4. unknown - gamemodes/darkrp/entities/weapons/gmod_tool/shared.lua:250


L 07/09/2020 - 13:55:17: Lua Error: 
[ERROR] addons/dash_3/lua/dash/libraries/nw.lua:313: attempt to index a nil value
  1. SetNetVar - addons/dash_3/lua/dash/libraries/nw.lua:313
   2. unknown - gamemodes/darkrp/entities/entities/ent_textscreen/init.lua:12
    3. Spawn - [C]:-1
     4. LeftClick - gamemodes/darkrp/entities/weapons/gmod_tool/stools/textscreen.lua:88
      5. unknown - gamemodes/darkrp/entities/weapons/gmod_tool/shared.lua:250


L 07/09/2020 - 13:55:17: Lua Error: 
[ERROR] addons/dash_3/lua/dash/libraries/nw.lua:313: attempt to index a nil value
  1. SetNetVar - addons/dash_3/lua/dash/libraries/nw.lua:313
   2. UpdateInfo - gamemodes/darkrp/entities/entities/ent_textscreen/init.lua:44
    3. LeftClick - gamemodes/darkrp/entities/weapons/gmod_tool/stools/textscreen.lua:95
     4. unknown - gamemodes/darkrp/entities/weapons/gmod_tool/shared.lua:250


L 07/09/2020 - 13:55:17: Lua Error: 
[ERROR] addons/dash_3/lua/dash/libraries/nw.lua:313: attempt to index a nil value
  1. SetNetVar - addons/dash_3/lua/dash/libraries/nw.lua:313
   2. unknown - gamemodes/darkrp/entities/entities/ent_textscreen/init.lua:12
    3. Spawn - [C]:-1
     4. LeftClick - gamemodes/darkrp/entities/weapons/gmod_tool/stools/textscreen.lua:88
      5. unknown - gamemodes/darkrp/entities/weapons/gmod_tool/shared.lua:250


L 07/09/2020 - 13:55:17: Lua Error: 
[ERROR] addons/dash_3/lua/dash/libraries/nw.lua:313: attempt to index a nil value
  1. SetNetVar - addons/dash_3/lua/dash/libraries/nw.lua:313
   2. UpdateInfo - gamemodes/darkrp/entities/entities/ent_textscreen/init.lua:44
    3. LeftClick - gamemodes/darkrp/entities/weapons/gmod_tool/stools/textscreen.lua:95
     4. unknown - gamemodes/darkrp/entities/weapons/gmod_tool/shared.lua:250


L 07/09/2020 - 13:55:47: Lua Error: 
[ERROR] addons/dash_3/lua/dash/libraries/nw.lua:313: attempt to index a nil value
  1. SetNetVar - addons/dash_3/lua/dash/libraries/nw.lua:313
   2. unknown - gamemodes/darkrp/entities/entities/ent_textscreen/init.lua:12
    3. Spawn - [C]:-1
     4. LeftClick - gamemodes/darkrp/entities/weapons/gmod_tool/stools/textscreen.lua:88
      5. unknown - gamemodes/darkrp/entities/weapons/gmod_tool/shared.lua:250


L 07/09/2020 - 13:55:47: Lua Error: 
[ERROR] addons/dash_3/lua/dash/libraries/nw.lua:313: attempt to index a nil value
  1. SetNetVar - addons/dash_3/lua/dash/libraries/nw.lua:313
   2. UpdateInfo - gamemodes/darkrp/entities/entities/ent_textscreen/init.lua:44
    3. LeftClick - gamemodes/darkrp/entities/weapons/gmod_tool/stools/textscreen.lua:95
     4. unknown - gamemodes/darkrp/entities/weapons/gmod_tool/shared.lua:250


L 07/09/2020 - 13:56:01: Lua Error: 
[ERROR] addons/dash_3/lua/dash/libraries/nw.lua:313: attempt to index a nil value
  1. SetNetVar - addons/dash_3/lua/dash/libraries/nw.lua:313
   2. unknown - gamemodes/darkrp/entities/entities/ent_textscreen/init.lua:12
    3. Spawn - [C]:-1
     4. LeftClick - gamemodes/darkrp/entities/weapons/gmod_tool/stools/textscreen.lua:88
      5. unknown - gamemodes/darkrp/entities/weapons/gmod_tool/shared.lua:250


L 07/09/2020 - 13:56:01: Lua Error: 
[ERROR] addons/dash_3/lua/dash/libraries/nw.lua:313: attempt to index a nil value
  1. SetNetVar - addons/dash_3/lua/dash/libraries/nw.lua:313
   2. UpdateInfo - gamemodes/darkrp/entities/entities/ent_textscreen/init.lua:44
    3. LeftClick - gamemodes/darkrp/entities/weapons/gmod_tool/stools/textscreen.lua:95
     4. unknown - gamemodes/darkrp/entities/weapons/gmod_tool/shared.lua:250


L 07/09/2020 - 13:56:11: Lua Error: 
[ERROR] addons/dash_3/lua/dash/libraries/nw.lua:313: attempt to index a nil value
  1. SetNetVar - addons/dash_3/lua/dash/libraries/nw.lua:313
   2. unknown - gamemodes/darkrp/entities/entities/ent_textscreen/init.lua:12
    3. Spawn - [C]:-1
     4. LeftClick - gamemodes/darkrp/entities/weapons/gmod_tool/stools/textscreen.lua:88
      5. unknown - gamemodes/darkrp/entities/weapons/gmod_tool/shared.lua:250


L 07/09/2020 - 13:56:11: Lua Error: 
[ERROR] addons/dash_3/lua/dash/libraries/nw.lua:313: attempt to index a nil value
  1. SetNetVar - addons/dash_3/lua/dash/libraries/nw.lua:313
   2. UpdateInfo - gamemodes/darkrp/entities/entities/ent_textscreen/init.lua:44
    3. LeftClick - gamemodes/darkrp/entities/weapons/gmod_tool/stools/textscreen.lua:95
     4. unknown - gamemodes/darkrp/entities/weapons/gmod_tool/shared.lua:250


L 07/09/2020 - 13:56:17: Lua Error: 
[ERROR] addons/dash_3/lua/dash/libraries/nw.lua:313: attempt to index a nil value
  1. SetNetVar - addons/dash_3/lua/dash/libraries/nw.lua:313
   2. unknown - gamemodes/darkrp/entities/entities/ent_textscreen/init.lua:12
    3. Spawn - [C]:-1
     4. LeftClick - gamemodes/darkrp/entities/weapons/gmod_tool/stools/textscreen.lua:88
      5. unknown - gamemodes/darkrp/entities/weapons/gmod_tool/shared.lua:250


L 07/09/2020 - 13:56:17: Lua Error: 
[ERROR] addons/dash_3/lua/dash/libraries/nw.lua:313: attempt to index a nil value
  1. SetNetVar - addons/dash_3/lua/dash/libraries/nw.lua:313
   2. UpdateInfo - gamemodes/darkrp/entities/entities/ent_textscreen/init.lua:44
    3. LeftClick - gamemodes/darkrp/entities/weapons/gmod_tool/stools/textscreen.lua:95
     4. unknown - gamemodes/darkrp/entities/weapons/gmod_tool/shared.lua:250


L 07/09/2020 - 13:56:25: Lua Error: 
[ERROR] addons/dash_3/lua/dash/libraries/nw.lua:313: attempt to index a nil value
  1. SetNetVar - addons/dash_3/lua/dash/libraries/nw.lua:313
   2. unknown - gamemodes/darkrp/entities/entities/ent_textscreen/init.lua:12
    3. Spawn - [C]:-1
     4. LeftClick - gamemodes/darkrp/entities/weapons/gmod_tool/stools/textscreen.lua:88
      5. unknown - gamemodes/darkrp/entities/weapons/gmod_tool/shared.lua:250


L 07/09/2020 - 13:56:25: Lua Error: 
[ERROR] addons/dash_3/lua/dash/libraries/nw.lua:313: attempt to index a nil value
  1. SetNetVar - addons/dash_3/lua/dash/libraries/nw.lua:313
   2. UpdateInfo - gamemodes/darkrp/entities/entities/ent_textscreen/init.lua:44
    3. LeftClick - gamemodes/darkrp/entities/weapons/gmod_tool/stools/textscreen.lua:95
     4. unknown - gamemodes/darkrp/entities/weapons/gmod_tool/shared.lua:250


L 07/09/2020 - 13:56:33: Lua Error: 
[ERROR] addons/dash_3/lua/dash/libraries/nw.lua:313: attempt to index a nil value
  1. SetNetVar - addons/dash_3/lua/dash/libraries/nw.lua:313
   2. unknown - gamemodes/darkrp/entities/entities/ent_textscreen/init.lua:12
    3. Spawn - [C]:-1
     4. LeftClick - gamemodes/darkrp/entities/weapons/gmod_tool/stools/textscreen.lua:88
      5. unknown - gamemodes/darkrp/entities/weapons/gmod_tool/shared.lua:250


L 07/09/2020 - 13:56:33: Lua Error: 
[ERROR] addons/dash_3/lua/dash/libraries/nw.lua:313: attempt to index a nil value
  1. SetNetVar - addons/dash_3/lua/dash/libraries/nw.lua:313
   2. UpdateInfo - gamemodes/darkrp/entities/entities/ent_textscreen/init.lua:44
    3. LeftClick - gamemodes/darkrp/entities/weapons/gmod_tool/stools/textscreen.lua:95
     4. unknown - gamemodes/darkrp/entities/weapons/gmod_tool/shared.lua:250


L 07/09/2020 - 13:56:36: Lua Error: 
[ERROR] addons/dash_3/lua/dash/libraries/nw.lua:313: attempt to index a nil value
  1. SetNetVar - addons/dash_3/lua/dash/libraries/nw.lua:313
   2. unknown - gamemodes/darkrp/entities/entities/ent_textscreen/init.lua:12
    3. Spawn - [C]:-1
     4. LeftClick - gamemodes/darkrp/entities/weapons/gmod_tool/stools/textscreen.lua:88
      5. unknown - gamemodes/darkrp/entities/weapons/gmod_tool/shared.lua:250


L 07/09/2020 - 13:56:36: Lua Error: 
[ERROR] addons/dash_3/lua/dash/libraries/nw.lua:313: attempt to index a nil value
  1. SetNetVar - addons/dash_3/lua/dash/libraries/nw.lua:313
   2. UpdateInfo - gamemodes/darkrp/entities/entities/ent_textscreen/init.lua:44
    3. LeftClick - gamemodes/darkrp/entities/weapons/gmod_tool/stools/textscreen.lua:95
     4. unknown - gamemodes/darkrp/entities/weapons/gmod_tool/shared.lua:250


L 07/09/2020 - 13:57:22: Lua Error: 
[ERROR] addons/dash_3/lua/dash/libraries/nw.lua:313: attempt to index a nil value
  1. SetNetVar - addons/dash_3/lua/dash/libraries/nw.lua:313
   2. unknown - gamemodes/darkrp/entities/entities/ent_textscreen/init.lua:12
    3. Spawn - [C]:-1
     4. LeftClick - gamemodes/darkrp/entities/weapons/gmod_tool/stools/textscreen.lua:88
      5. unknown - gamemodes/darkrp/entities/weapons/gmod_tool/shared.lua:250


L 07/09/2020 - 13:57:22: Lua Error: 
[ERROR] addons/dash_3/lua/dash/libraries/nw.lua:313: attempt to index a nil value
  1. SetNetVar - addons/dash_3/lua/dash/libraries/nw.lua:313
   2. UpdateInfo - gamemodes/darkrp/entities/entities/ent_textscreen/init.lua:44
    3. LeftClick - gamemodes/darkrp/entities/weapons/gmod_tool/stools/textscreen.lua:95
     4. unknown - gamemodes/darkrp/entities/weapons/gmod_tool/shared.lua:250


L 07/09/2020 - 13:57:26: Lua Error: 
[ERROR] addons/dash_3/lua/dash/libraries/nw.lua:313: attempt to index a nil value
  1. SetNetVar - addons/dash_3/lua/dash/libraries/nw.lua:313
   2. unknown - gamemodes/darkrp/entities/entities/ent_textscreen/init.lua:12
    3. Spawn - [C]:-1
     4. LeftClick - gamemodes/darkrp/entities/weapons/gmod_tool/stools/textscreen.lua:88
      5. unknown - gamemodes/darkrp/entities/weapons/gmod_tool/shared.lua:250


L 07/09/2020 - 13:57:26: Lua Error: 
[ERROR] addons/dash_3/lua/dash/libraries/nw.lua:313: attempt to index a nil value
  1. SetNetVar - addons/dash_3/lua/dash/libraries/nw.lua:313
   2. UpdateInfo - gamemodes/darkrp/entities/entities/ent_textscreen/init.lua:44
    3. LeftClick - gamemodes/darkrp/entities/weapons/gmod_tool/stools/textscreen.lua:95
     4. unknown - gamemodes/darkrp/entities/weapons/gmod_tool/shared.lua:250


L 07/09/2020 - 13:57:28: Lua Error: 
[ERROR] addons/dash_3/lua/dash/libraries/nw.lua:313: attempt to index a nil value
  1. SetNetVar - addons/dash_3/lua/dash/libraries/nw.lua:313
   2. unknown - gamemodes/darkrp/entities/entities/ent_textscreen/init.lua:12
    3. Spawn - [C]:-1
     4. LeftClick - gamemodes/darkrp/entities/weapons/gmod_tool/stools/textscreen.lua:88
      5. unknown - gamemodes/darkrp/entities/weapons/gmod_tool/shared.lua:250


L 07/09/2020 - 13:57:28: Lua Error: 
[ERROR] addons/dash_3/lua/dash/libraries/nw.lua:313: attempt to index a nil value
  1. SetNetVar - addons/dash_3/lua/dash/libraries/nw.lua:313
   2. UpdateInfo - gamemodes/darkrp/entities/entities/ent_textscreen/init.lua:44
    3. LeftClick - gamemodes/darkrp/entities/weapons/gmod_tool/stools/textscreen.lua:95
     4. unknown - gamemodes/darkrp/entities/weapons/gmod_tool/shared.lua:250


L 07/09/2020 - 13:57:28: Lua Error: 
[ERROR] addons/dash_3/lua/dash/libraries/nw.lua:313: attempt to index a nil value
  1. SetNetVar - addons/dash_3/lua/dash/libraries/nw.lua:313
   2. unknown - gamemodes/darkrp/entities/entities/ent_textscreen/init.lua:12
    3. Spawn - [C]:-1
     4. LeftClick - gamemodes/darkrp/entities/weapons/gmod_tool/stools/textscreen.lua:88
      5. unknown - gamemodes/darkrp/entities/weapons/gmod_tool/shared.lua:250


L 07/09/2020 - 13:57:28: Lua Error: 
[ERROR] addons/dash_3/lua/dash/libraries/nw.lua:313: attempt to index a nil value
  1. SetNetVar - addons/dash_3/lua/dash/libraries/nw.lua:313
   2. UpdateInfo - gamemodes/darkrp/entities/entities/ent_textscreen/init.lua:44
    3. LeftClick - gamemodes/darkrp/entities/weapons/gmod_tool/stools/textscreen.lua:95
     4. unknown - gamemodes/darkrp/entities/weapons/gmod_tool/shared.lua:250


L 07/09/2020 - 13:57:28: Lua Error: 
[ERROR] addons/dash_3/lua/dash/libraries/nw.lua:313: attempt to index a nil value
  1. SetNetVar - addons/dash_3/lua/dash/libraries/nw.lua:313
   2. unknown - gamemodes/darkrp/entities/entities/ent_textscreen/init.lua:12
    3. Spawn - [C]:-1
     4. LeftClick - gamemodes/darkrp/entities/weapons/gmod_tool/stools/textscreen.lua:88
      5. unknown - gamemodes/darkrp/entities/weapons/gmod_tool/shared.lua:250


L 07/09/2020 - 13:57:28: Lua Error: 
[ERROR] addons/dash_3/lua/dash/libraries/nw.lua:313: attempt to index a nil value
  1. SetNetVar - addons/dash_3/lua/dash/libraries/nw.lua:313
   2. UpdateInfo - gamemodes/darkrp/entities/entities/ent_textscreen/init.lua:44
    3. LeftClick - gamemodes/darkrp/entities/weapons/gmod_tool/stools/textscreen.lua:95
     4. unknown - gamemodes/darkrp/entities/weapons/gmod_tool/shared.lua:250


L 07/09/2020 - 13:57:44: Lua Error: 
[ERROR] addons/dash_3/lua/dash/libraries/nw.lua:313: attempt to index a nil value
  1. SetNetVar - addons/dash_3/lua/dash/libraries/nw.lua:313
   2. unknown - gamemodes/darkrp/entities/entities/ent_textscreen/init.lua:12
    3. Spawn - [C]:-1
     4. LeftClick - gamemodes/darkrp/entities/weapons/gmod_tool/stools/textscreen.lua:88
      5. unknown - gamemodes/darkrp/entities/weapons/gmod_tool/shared.lua:250


L 07/09/2020 - 13:57:44: Lua Error: 
[ERROR] addons/dash_3/lua/dash/libraries/nw.lua:313: attempt to index a nil value
  1. SetNetVar - addons/dash_3/lua/dash/libraries/nw.lua:313
   2. UpdateInfo - gamemodes/darkrp/entities/entities/ent_textscreen/init.lua:44
    3. LeftClick - gamemodes/darkrp/entities/weapons/gmod_tool/stools/textscreen.lua:95
     4. unknown - gamemodes/darkrp/entities/weapons/gmod_tool/shared.lua:250


L 07/09/2020 - 13:57:44: Lua Error: 
[ERROR] addons/dash_3/lua/dash/libraries/nw.lua:313: attempt to index a nil value
  1. SetNetVar - addons/dash_3/lua/dash/libraries/nw.lua:313
   2. unknown - gamemodes/darkrp/entities/entities/ent_textscreen/init.lua:12
    3. Spawn - [C]:-1
     4. LeftClick - gamemodes/darkrp/entities/weapons/gmod_tool/stools/textscreen.lua:88
      5. unknown - gamemodes/darkrp/entities/weapons/gmod_tool/shared.lua:250


L 07/09/2020 - 13:57:44: Lua Error: 
[ERROR] addons/dash_3/lua/dash/libraries/nw.lua:313: attempt to index a nil value
  1. SetNetVar - addons/dash_3/lua/dash/libraries/nw.lua:313
   2. UpdateInfo - gamemodes/darkrp/entities/entities/ent_textscreen/init.lua:44
    3. LeftClick - gamemodes/darkrp/entities/weapons/gmod_tool/stools/textscreen.lua:95
     4. unknown - gamemodes/darkrp/entities/weapons/gmod_tool/shared.lua:250


L 07/09/2020 - 13:57:51: Lua Error: 
[ERROR] addons/dash_3/lua/dash/libraries/nw.lua:313: attempt to index a nil value
  1. SetNetVar - addons/dash_3/lua/dash/libraries/nw.lua:313
   2. unknown - gamemodes/darkrp/entities/entities/ent_textscreen/init.lua:12
    3. Spawn - [C]:-1
     4. LeftClick - gamemodes/darkrp/entities/weapons/gmod_tool/stools/textscreen.lua:88
      5. unknown - gamemodes/darkrp/entities/weapons/gmod_tool/shared.lua:250


L 07/09/2020 - 13:57:51: Lua Error: 
[ERROR] addons/dash_3/lua/dash/libraries/nw.lua:313: attempt to index a nil value
  1. SetNetVar - addons/dash_3/lua/dash/libraries/nw.lua:313
   2. UpdateInfo - gamemodes/darkrp/entities/entities/ent_textscreen/init.lua:44
    3. LeftClick - gamemodes/darkrp/entities/weapons/gmod_tool/stools/textscreen.lua:95
     4. unknown - gamemodes/darkrp/entities/weapons/gmod_tool/shared.lua:250


L 07/09/2020 - 13:58:13: Lua Error: 
[ERROR] addons/dash_3/lua/dash/libraries/nw.lua:313: attempt to index a nil value
  1. SetNetVar - addons/dash_3/lua/dash/libraries/nw.lua:313
   2. unknown - gamemodes/darkrp/entities/entities/ent_textscreen/init.lua:12
    3. Spawn - [C]:-1
     4. LeftClick - gamemodes/darkrp/entities/weapons/gmod_tool/stools/textscreen.lua:88
      5. unknown - gamemodes/darkrp/entities/weapons/gmod_tool/shared.lua:250


L 07/09/2020 - 13:58:13: Lua Error: 
[ERROR] addons/dash_3/lua/dash/libraries/nw.lua:313: attempt to index a nil value
  1. SetNetVar - addons/dash_3/lua/dash/libraries/nw.lua:313
   2. UpdateInfo - gamemodes/darkrp/entities/entities/ent_textscreen/init.lua:44
    3. LeftClick - gamemodes/darkrp/entities/weapons/gmod_tool/stools/textscreen.lua:95
     4. unknown - gamemodes/darkrp/entities/weapons/gmod_tool/shared.lua:250


L 07/09/2020 - 13:58:14: Lua Error: 
[ERROR] addons/dash_3/lua/dash/libraries/nw.lua:313: attempt to index a nil value
  1. SetNetVar - addons/dash_3/lua/dash/libraries/nw.lua:313
   2. unknown - gamemodes/darkrp/entities/entities/ent_textscreen/init.lua:12
    3. Spawn - [C]:-1
     4. LeftClick - gamemodes/darkrp/entities/weapons/gmod_tool/stools/textscreen.lua:88
      5. unknown - gamemodes/darkrp/entities/weapons/gmod_tool/shared.lua:250


L 07/09/2020 - 13:58:14: Lua Error: 
[ERROR] addons/dash_3/lua/dash/libraries/nw.lua:313: attempt to index a nil value
  1. SetNetVar - addons/dash_3/lua/dash/libraries/nw.lua:313
   2. UpdateInfo - gamemodes/darkrp/entities/entities/ent_textscreen/init.lua:44
    3. LeftClick - gamemodes/darkrp/entities/weapons/gmod_tool/stools/textscreen.lua:95
     4. unknown - gamemodes/darkrp/entities/weapons/gmod_tool/shared.lua:250


L 07/09/2020 - 13:58:14: Lua Error: 
[ERROR] addons/dash_3/lua/dash/libraries/nw.lua:313: attempt to index a nil value
  1. SetNetVar - addons/dash_3/lua/dash/libraries/nw.lua:313
   2. unknown - gamemodes/darkrp/entities/entities/ent_textscreen/init.lua:12
    3. Spawn - [C]:-1
     4. LeftClick - gamemodes/darkrp/entities/weapons/gmod_tool/stools/textscreen.lua:88
      5. unknown - gamemodes/darkrp/entities/weapons/gmod_tool/shared.lua:250


L 07/09/2020 - 13:58:14: Lua Error: 
[ERROR] addons/dash_3/lua/dash/libraries/nw.lua:313: attempt to index a nil value
  1. SetNetVar - addons/dash_3/lua/dash/libraries/nw.lua:313
   2. UpdateInfo - gamemodes/darkrp/entities/entities/ent_textscreen/init.lua:44
    3. LeftClick - gamemodes/darkrp/entities/weapons/gmod_tool/stools/textscreen.lua:95
     4. unknown - gamemodes/darkrp/entities/weapons/gmod_tool/shared.lua:250


L 07/09/2020 - 13:58:14: Lua Error: 
[ERROR] addons/dash_3/lua/dash/libraries/nw.lua:313: attempt to index a nil value
  1. SetNetVar - addons/dash_3/lua/dash/libraries/nw.lua:313
   2. unknown - gamemodes/darkrp/entities/entities/ent_textscreen/init.lua:12
    3. Spawn - [C]:-1
     4. LeftClick - gamemodes/darkrp/entities/weapons/gmod_tool/stools/textscreen.lua:88
      5. unknown - gamemodes/darkrp/entities/weapons/gmod_tool/shared.lua:250


L 07/09/2020 - 13:58:14: Lua Error: 
[ERROR] addons/dash_3/lua/dash/libraries/nw.lua:313: attempt to index a nil value
  1. SetNetVar - addons/dash_3/lua/dash/libraries/nw.lua:313
   2. UpdateInfo - gamemodes/darkrp/entities/entities/ent_textscreen/init.lua:44
    3. LeftClick - gamemodes/darkrp/entities/weapons/gmod_tool/stools/textscreen.lua:95
     4. unknown - gamemodes/darkrp/entities/weapons/gmod_tool/shared.lua:250


L 07/09/2020 - 13:58:16: Lua Error: 
[ERROR] addons/dash_3/lua/dash/libraries/nw.lua:313: attempt to index a nil value
  1. SetNetVar - addons/dash_3/lua/dash/libraries/nw.lua:313
   2. unknown - gamemodes/darkrp/entities/entities/ent_textscreen/init.lua:12
    3. Spawn - [C]:-1
     4. LeftClick - gamemodes/darkrp/entities/weapons/gmod_tool/stools/textscreen.lua:88
      5. unknown - gamemodes/darkrp/entities/weapons/gmod_tool/shared.lua:250


L 07/09/2020 - 13:58:16: Lua Error: 
[ERROR] addons/dash_3/lua/dash/libraries/nw.lua:313: attempt to index a nil value
  1. SetNetVar - addons/dash_3/lua/dash/libraries/nw.lua:313
   2. UpdateInfo - gamemodes/darkrp/entities/entities/ent_textscreen/init.lua:44
    3. LeftClick - gamemodes/darkrp/entities/weapons/gmod_tool/stools/textscreen.lua:95
     4. unknown - gamemodes/darkrp/entities/weapons/gmod_tool/shared.lua:250


L 07/09/2020 - 13:58:16: Lua Error: 
[ERROR] addons/dash_3/lua/dash/libraries/nw.lua:313: attempt to index a nil value
  1. SetNetVar - addons/dash_3/lua/dash/libraries/nw.lua:313
   2. unknown - gamemodes/darkrp/entities/entities/ent_textscreen/init.lua:12
    3. Spawn - [C]:-1
     4. LeftClick - gamemodes/darkrp/entities/weapons/gmod_tool/stools/textscreen.lua:88
      5. unknown - gamemodes/darkrp/entities/weapons/gmod_tool/shared.lua:250


L 07/09/2020 - 13:58:16: Lua Error: 
[ERROR] addons/dash_3/lua/dash/libraries/nw.lua:313: attempt to index a nil value
  1. SetNetVar - addons/dash_3/lua/dash/libraries/nw.lua:313
   2. UpdateInfo - gamemodes/darkrp/entities/entities/ent_textscreen/init.lua:44
    3. LeftClick - gamemodes/darkrp/entities/weapons/gmod_tool/stools/textscreen.lua:95
     4. unknown - gamemodes/darkrp/entities/weapons/gmod_tool/shared.lua:250


L 07/09/2020 - 13:58:16: Lua Error: 
[ERROR] addons/dash_3/lua/dash/libraries/nw.lua:313: attempt to index a nil value
  1. SetNetVar - addons/dash_3/lua/dash/libraries/nw.lua:313
   2. UpdateInfo - gamemodes/darkrp/entities/entities/ent_textscreen/init.lua:44
    3. RightClick - gamemodes/darkrp/entities/weapons/gmod_tool/stools/textscreen.lua:117
     4. unknown - gamemodes/darkrp/entities/weapons/gmod_tool/shared.lua:277


L 07/09/2020 - 13:58:17: Lua Error: 
[ERROR] addons/dash_3/lua/dash/libraries/nw.lua:313: attempt to index a nil value
  1. SetNetVar - addons/dash_3/lua/dash/libraries/nw.lua:313
   2. unknown - gamemodes/darkrp/entities/entities/ent_textscreen/init.lua:12
    3. Spawn - [C]:-1
     4. LeftClick - gamemodes/darkrp/entities/weapons/gmod_tool/stools/textscreen.lua:88
      5. unknown - gamemodes/darkrp/entities/weapons/gmod_tool/shared.lua:250


L 07/09/2020 - 13:58:17: Lua Error: 
[ERROR] addons/dash_3/lua/dash/libraries/nw.lua:313: attempt to index a nil value
  1. SetNetVar - addons/dash_3/lua/dash/libraries/nw.lua:313
   2. UpdateInfo - gamemodes/darkrp/entities/entities/ent_textscreen/init.lua:44
    3. LeftClick - gamemodes/darkrp/entities/weapons/gmod_tool/stools/textscreen.lua:95
     4. unknown - gamemodes/darkrp/entities/weapons/gmod_tool/shared.lua:250


L 07/09/2020 - 13:58:17: Lua Error: 
[ERROR] addons/dash_3/lua/dash/libraries/nw.lua:313: attempt to index a nil value
  1. SetNetVar - addons/dash_3/lua/dash/libraries/nw.lua:313
   2. unknown - gamemodes/darkrp/entities/entities/ent_textscreen/init.lua:12
    3. Spawn - [C]:-1
     4. LeftClick - gamemodes/darkrp/entities/weapons/gmod_tool/stools/textscreen.lua:88
      5. unknown - gamemodes/darkrp/entities/weapons/gmod_tool/shared.lua:250


L 07/09/2020 - 13:58:17: Lua Error: 
[ERROR] addons/dash_3/lua/dash/libraries/nw.lua:313: attempt to index a nil value
  1. SetNetVar - addons/dash_3/lua/dash/libraries/nw.lua:313
   2. UpdateInfo - gamemodes/darkrp/entities/entities/ent_textscreen/init.lua:44
    3. LeftClick - gamemodes/darkrp/entities/weapons/gmod_tool/stools/textscreen.lua:95
     4. unknown - gamemodes/darkrp/entities/weapons/gmod_tool/shared.lua:250


L 07/09/2020 - 13:58:17: Lua Error: 
[ERROR] addons/dash_3/lua/dash/libraries/nw.lua:313: attempt to index a nil value
  1. SetNetVar - addons/dash_3/lua/dash/libraries/nw.lua:313
   2. unknown - gamemodes/darkrp/entities/entities/ent_textscreen/init.lua:12
    3. Spawn - [C]:-1
     4. LeftClick - gamemodes/darkrp/entities/weapons/gmod_tool/stools/textscreen.lua:88
      5. unknown - gamemodes/darkrp/entities/weapons/gmod_tool/shared.lua:250


L 07/09/2020 - 13:58:17: Lua Error: 
[ERROR] addons/dash_3/lua/dash/libraries/nw.lua:313: attempt to index a nil value
  1. SetNetVar - addons/dash_3/lua/dash/libraries/nw.lua:313
   2. UpdateInfo - gamemodes/darkrp/entities/entities/ent_textscreen/init.lua:44
    3. LeftClick - gamemodes/darkrp/entities/weapons/gmod_tool/stools/textscreen.lua:95
     4. unknown - gamemodes/darkrp/entities/weapons/gmod_tool/shared.lua:250


L 07/09/2020 - 13:58:18: Lua Error: 
[ERROR] addons/dash_3/lua/dash/libraries/nw.lua:313: attempt to index a nil value
  1. SetNetVar - addons/dash_3/lua/dash/libraries/nw.lua:313
   2. unknown - gamemodes/darkrp/entities/entities/ent_textscreen/init.lua:12
    3. Spawn - [C]:-1
     4. LeftClick - gamemodes/darkrp/entities/weapons/gmod_tool/stools/textscreen.lua:88
      5. unknown - gamemodes/darkrp/entities/weapons/gmod_tool/shared.lua:250


L 07/09/2020 - 13:58:18: Lua Error: 
[ERROR] addons/dash_3/lua/dash/libraries/nw.lua:313: attempt to index a nil value
  1. SetNetVar - addons/dash_3/lua/dash/libraries/nw.lua:313
   2. UpdateInfo - gamemodes/darkrp/entities/entities/ent_textscreen/init.lua:44
    3. LeftClick - gamemodes/darkrp/entities/weapons/gmod_tool/stools/textscreen.lua:95
     4. unknown - gamemodes/darkrp/entities/weapons/gmod_tool/shared.lua:250


L 07/09/2020 - 13:58:18: Lua Error: 
[ERROR] addons/dash_3/lua/dash/libraries/nw.lua:313: attempt to index a nil value
  1. SetNetVar - addons/dash_3/lua/dash/libraries/nw.lua:313
   2. unknown - gamemodes/darkrp/entities/entities/ent_textscreen/init.lua:12
    3. Spawn - [C]:-1
     4. LeftClick - gamemodes/darkrp/entities/weapons/gmod_tool/stools/textscreen.lua:88
      5. unknown - gamemodes/darkrp/entities/weapons/gmod_tool/shared.lua:250


L 07/09/2020 - 13:58:18: Lua Error: 
[ERROR] addons/dash_3/lua/dash/libraries/nw.lua:313: attempt to index a nil value
  1. SetNetVar - addons/dash_3/lua/dash/libraries/nw.lua:313
   2. UpdateInfo - gamemodes/darkrp/entities/entities/ent_textscreen/init.lua:44
    3. LeftClick - gamemodes/darkrp/entities/weapons/gmod_tool/stools/textscreen.lua:95
     4. unknown - gamemodes/darkrp/entities/weapons/gmod_tool/shared.lua:250


L 07/09/2020 - 13:58:18: Lua Error: 
[ERROR] addons/dash_3/lua/dash/libraries/nw.lua:313: attempt to index a nil value
  1. SetNetVar - addons/dash_3/lua/dash/libraries/nw.lua:313
   2. unknown - gamemodes/darkrp/entities/entities/ent_textscreen/init.lua:12
    3. Spawn - [C]:-1
     4. LeftClick - gamemodes/darkrp/entities/weapons/gmod_tool/stools/textscreen.lua:88
      5. unknown - gamemodes/darkrp/entities/weapons/gmod_tool/shared.lua:250


L 07/09/2020 - 13:58:18: Lua Error: 
[ERROR] addons/dash_3/lua/dash/libraries/nw.lua:313: attempt to index a nil value
  1. SetNetVar - addons/dash_3/lua/dash/libraries/nw.lua:313
   2. UpdateInfo - gamemodes/darkrp/entities/entities/ent_textscreen/init.lua:44
    3. LeftClick - gamemodes/darkrp/entities/weapons/gmod_tool/stools/textscreen.lua:95
     4. unknown - gamemodes/darkrp/entities/weapons/gmod_tool/shared.lua:250


L 07/09/2020 - 13:59:21: Lua Error: 
[ERROR] addons/dash_3/lua/dash/libraries/nw.lua:313: attempt to index a nil value
  1. SetNetVar - addons/dash_3/lua/dash/libraries/nw.lua:313
   2. unknown - gamemodes/darkrp/entities/entities/ent_textscreen/init.lua:12
    3. Spawn - [C]:-1
     4. LeftClick - gamemodes/darkrp/entities/weapons/gmod_tool/stools/textscreen.lua:88
      5. unknown - gamemodes/darkrp/entities/weapons/gmod_tool/shared.lua:250


L 07/09/2020 - 13:59:21: Lua Error: 
[ERROR] addons/dash_3/lua/dash/libraries/nw.lua:313: attempt to index a nil value
  1. SetNetVar - addons/dash_3/lua/dash/libraries/nw.lua:313
   2. UpdateInfo - gamemodes/darkrp/entities/entities/ent_textscreen/init.lua:44
    3. LeftClick - gamemodes/darkrp/entities/weapons/gmod_tool/stools/textscreen.lua:95
     4. unknown - gamemodes/darkrp/entities/weapons/gmod_tool/shared.lua:250


L 07/09/2020 - 13:59:30: Lua Error: 
[ERROR] addons/dash_3/lua/dash/libraries/nw.lua:313: attempt to index a nil value
  1. SetNetVar - addons/dash_3/lua/dash/libraries/nw.lua:313
   2. unknown - gamemodes/darkrp/entities/entities/ent_textscreen/init.lua:12
    3. Spawn - [C]:-1
     4. LeftClick - gamemodes/darkrp/entities/weapons/gmod_tool/stools/textscreen.lua:89
      5. unknown - gamemodes/darkrp/entities/weapons/gmod_tool/shared.lua:250


L 07/09/2020 - 13:59:30: Lua Error: 
[ERROR] addons/dash_3/lua/dash/libraries/nw.lua:313: attempt to index a nil value
  1. SetNetVar - addons/dash_3/lua/dash/libraries/nw.lua:313
   2. UpdateInfo - gamemodes/darkrp/entities/entities/ent_textscreen/init.lua:44
    3. LeftClick - gamemodes/darkrp/entities/weapons/gmod_tool/stools/textscreen.lua:96
     4. unknown - gamemodes/darkrp/entities/weapons/gmod_tool/shared.lua:250


L 07/09/2020 - 13:59:45: Lua Error: 
[ERROR] addons/dash_3/lua/dash/libraries/nw.lua:313: attempt to index a nil value
  1. SetNetVar - addons/dash_3/lua/dash/libraries/nw.lua:313
   2. unknown - gamemodes/darkrp/entities/entities/ent_textscreen/init.lua:12
    3. Spawn - [C]:-1
     4. LeftClick - gamemodes/darkrp/entities/weapons/gmod_tool/stools/textscreen.lua:89
      5. unknown - gamemodes/darkrp/entities/weapons/gmod_tool/shared.lua:250


L 07/09/2020 - 13:59:45: Lua Error: 
[ERROR] addons/dash_3/lua/dash/libraries/nw.lua:313: attempt to index a nil value
  1. SetNetVar - addons/dash_3/lua/dash/libraries/nw.lua:313
   2. UpdateInfo - gamemodes/darkrp/entities/entities/ent_textscreen/init.lua:44
    3. LeftClick - gamemodes/darkrp/entities/weapons/gmod_tool/stools/textscreen.lua:96
     4. unknown - gamemodes/darkrp/entities/weapons/gmod_tool/shared.lua:250


L 07/09/2020 - 14:00:57: Lua Error: 
[ERROR] gamemodes/darkrp/entities/weapons/gmod_tool/stools/textscreen.lua:105: attempt to call method 'GetLimit' (a nil value)
  1. LeftClick - gamemodes/darkrp/entities/weapons/gmod_tool/stools/textscreen.lua:105
   2. unknown - gamemodes/darkrp/entities/weapons/gmod_tool/shared.lua:250


L 07/09/2020 - 14:00:58: Lua Error: 
[ERROR] gamemodes/darkrp/entities/weapons/gmod_tool/stools/textscreen.lua:105: attempt to call method 'GetLimit' (a nil value)
  1. LeftClick - gamemodes/darkrp/entities/weapons/gmod_tool/stools/textscreen.lua:105
   2. unknown - gamemodes/darkrp/entities/weapons/gmod_tool/shared.lua:250


L 07/09/2020 - 14:01:01: Lua Error: 
[ERROR] gamemodes/darkrp/entities/weapons/gmod_tool/stools/textscreen.lua:105: attempt to call method 'GetLimit' (a nil value)
  1. LeftClick - gamemodes/darkrp/entities/weapons/gmod_tool/stools/textscreen.lua:105
   2. unknown - gamemodes/darkrp/entities/weapons/gmod_tool/shared.lua:250


L 07/09/2020 - 14:01:02: Lua Error: 
[ERROR] gamemodes/darkrp/entities/weapons/gmod_tool/stools/textscreen.lua:105: attempt to call method 'GetLimit' (a nil value)
  1. LeftClick - gamemodes/darkrp/entities/weapons/gmod_tool/stools/textscreen.lua:105
   2. unknown - gamemodes/darkrp/entities/weapons/gmod_tool/shared.lua:250


L 07/09/2020 - 14:01:23: Lua Error: 
[ERROR] gamemodes/darkrp/entities/weapons/gmod_tool/stools/textscreen.lua:105: attempt to call method 'GetLimit' (a nil value)
  1. LeftClick - gamemodes/darkrp/entities/weapons/gmod_tool/stools/textscreen.lua:105
   2. unknown - gamemodes/darkrp/entities/weapons/gmod_tool/shared.lua:250


L 07/09/2020 - 14:01:26: Lua Error: 
[ERROR] gamemodes/darkrp/entities/weapons/gmod_tool/stools/textscreen.lua:105: attempt to call method 'GetLimit' (a nil value)
  1. LeftClick - gamemodes/darkrp/entities/weapons/gmod_tool/stools/textscreen.lua:105
   2. unknown - gamemodes/darkrp/entities/weapons/gmod_tool/shared.lua:250


L 07/09/2020 - 14:01:27: Lua Error: 
[ERROR] gamemodes/darkrp/entities/weapons/gmod_tool/stools/textscreen.lua:105: attempt to call method 'GetLimit' (a nil value)
  1. LeftClick - gamemodes/darkrp/entities/weapons/gmod_tool/stools/textscreen.lua:105
   2. unknown - gamemodes/darkrp/entities/weapons/gmod_tool/shared.lua:250


L 07/09/2020 - 14:01:31: Lua Error: 
[ERROR] gamemodes/darkrp/entities/weapons/gmod_tool/stools/textscreen.lua:105: attempt to call method 'GetLimit' (a nil value)
  1. LeftClick - gamemodes/darkrp/entities/weapons/gmod_tool/stools/textscreen.lua:105
   2. unknown - gamemodes/darkrp/entities/weapons/gmod_tool/shared.lua:250


L 07/09/2020 - 14:01:33: Lua Error: 
[ERROR] gamemodes/darkrp/entities/weapons/gmod_tool/stools/textscreen.lua:105: attempt to call method 'GetLimit' (a nil value)
  1. LeftClick - gamemodes/darkrp/entities/weapons/gmod_tool/stools/textscreen.lua:105
   2. unknown - gamemodes/darkrp/entities/weapons/gmod_tool/shared.lua:250


L 07/09/2020 - 14:01:39: Lua Error: 
[ERROR] gamemodes/darkrp/entities/weapons/gmod_tool/stools/textscreen.lua:105: attempt to call method 'GetLimit' (a nil value)
  1. LeftClick - gamemodes/darkrp/entities/weapons/gmod_tool/stools/textscreen.lua:105
   2. unknown - gamemodes/darkrp/entities/weapons/gmod_tool/shared.lua:250


L 07/09/2020 - 14:01:41: Lua Error: 
[ERROR] gamemodes/darkrp/entities/weapons/gmod_tool/stools/textscreen.lua:105: attempt to call method 'GetLimit' (a nil value)
  1. LeftClick - gamemodes/darkrp/entities/weapons/gmod_tool/stools/textscreen.lua:105
   2. unknown - gamemodes/darkrp/entities/weapons/gmod_tool/shared.lua:250


L 07/09/2020 - 14:01:44: Lua Error: 
[ERROR] gamemodes/darkrp/entities/weapons/gmod_tool/stools/textscreen.lua:105: attempt to call method 'GetLimit' (a nil value)
  1. LeftClick - gamemodes/darkrp/entities/weapons/gmod_tool/stools/textscreen.lua:105
   2. unknown - gamemodes/darkrp/entities/weapons/gmod_tool/shared.lua:250


L 07/09/2020 - 14:01:49: Lua Error: 
[ERROR] gamemodes/darkrp/entities/weapons/gmod_tool/stools/textscreen.lua:105: attempt to call method 'GetLimit' (a nil value)
  1. LeftClick - gamemodes/darkrp/entities/weapons/gmod_tool/stools/textscreen.lua:105
   2. unknown - gamemodes/darkrp/entities/weapons/gmod_tool/shared.lua:250


L 07/09/2020 - 14:01:50: Lua Error: 
[ERROR] gamemodes/darkrp/entities/weapons/gmod_tool/stools/textscreen.lua:105: attempt to call method 'GetLimit' (a nil value)
  1. LeftClick - gamemodes/darkrp/entities/weapons/gmod_tool/stools/textscreen.lua:105
   2. unknown - gamemodes/darkrp/entities/weapons/gmod_tool/shared.lua:250


L 07/09/2020 - 14:01:52: Lua Error: 
[ERROR] gamemodes/darkrp/entities/weapons/gmod_tool/stools/textscreen.lua:105: attempt to call method 'GetLimit' (a nil value)
  1. LeftClick - gamemodes/darkrp/entities/weapons/gmod_tool/stools/textscreen.lua:105
   2. unknown - gamemodes/darkrp/entities/weapons/gmod_tool/shared.lua:250


L 07/09/2020 - 14:01:53: Lua Error: 
[ERROR] gamemodes/darkrp/entities/weapons/gmod_tool/stools/textscreen.lua:105: attempt to call method 'GetLimit' (a nil value)
  1. LeftClick - gamemodes/darkrp/entities/weapons/gmod_tool/stools/textscreen.lua:105
   2. unknown - gamemodes/darkrp/entities/weapons/gmod_tool/shared.lua:250


L 07/09/2020 - 14:01:54: Lua Error: 
[ERROR] gamemodes/darkrp/entities/weapons/gmod_tool/stools/textscreen.lua:105: attempt to call method 'GetLimit' (a nil value)
  1. LeftClick - gamemodes/darkrp/entities/weapons/gmod_tool/stools/textscreen.lua:105
   2. unknown - gamemodes/darkrp/entities/weapons/gmod_tool/shared.lua:250


L 07/09/2020 - 14:01:55: Lua Error: 
[ERROR] gamemodes/darkrp/entities/weapons/gmod_tool/stools/textscreen.lua:105: attempt to call method 'GetLimit' (a nil value)
  1. LeftClick - gamemodes/darkrp/entities/weapons/gmod_tool/stools/textscreen.lua:105
   2. unknown - gamemodes/darkrp/entities/weapons/gmod_tool/shared.lua:250


L 07/09/2020 - 14:01:57: Lua Error: 
[ERROR] gamemodes/darkrp/entities/weapons/gmod_tool/stools/textscreen.lua:105: attempt to call method 'GetLimit' (a nil value)
  1. LeftClick - gamemodes/darkrp/entities/weapons/gmod_tool/stools/textscreen.lua:105
   2. unknown - gamemodes/darkrp/entities/weapons/gmod_tool/shared.lua:250


L 07/09/2020 - 14:01:59: Lua Error: 
[ERROR] gamemodes/darkrp/entities/weapons/gmod_tool/stools/textscreen.lua:105: attempt to call method 'GetLimit' (a nil value)
  1. LeftClick - gamemodes/darkrp/entities/weapons/gmod_tool/stools/textscreen.lua:105
   2. unknown - gamemodes/darkrp/entities/weapons/gmod_tool/shared.lua:250


L 07/09/2020 - 14:02:06: Lua Error: 
[ERROR] gamemodes/darkrp/entities/weapons/gmod_tool/stools/textscreen.lua:105: attempt to call method 'GetLimit' (a nil value)
  1. LeftClick - gamemodes/darkrp/entities/weapons/gmod_tool/stools/textscreen.lua:105
   2. unknown - gamemodes/darkrp/entities/weapons/gmod_tool/shared.lua:250


L 07/09/2020 - 14:02:09: Lua Error: 
[ERROR] gamemodes/darkrp/entities/weapons/gmod_tool/stools/textscreen.lua:105: attempt to call method 'GetLimit' (a nil value)
  1. LeftClick - gamemodes/darkrp/entities/weapons/gmod_tool/stools/textscreen.lua:105
   2. unknown - gamemodes/darkrp/entities/weapons/gmod_tool/shared.lua:250


L 07/09/2020 - 14:02:39: Lua Error: 
[ERROR] gamemodes/darkrp/gamemode/cfg/drugs.lua:352: attempt to call method 'SetGravity' (a nil value)
  1. StartHigh - gamemodes/darkrp/gamemode/cfg/drugs.lua:352
   2. unknown - gamemodes/darkrp/entities/entities/drug_base/init.lua:30


L 07/09/2020 - 14:02:39: Lua Error: 
[ERROR] gamemodes/darkrp/gamemode/cfg/drugs.lua:352: attempt to call method 'SetGravity' (a nil value)
  1. StartHigh - gamemodes/darkrp/gamemode/cfg/drugs.lua:352
   2. unknown - gamemodes/darkrp/entities/entities/drug_base/init.lua:30


L 07/09/2020 - 14:02:39: Lua Error: 
[ERROR] gamemodes/darkrp/gamemode/cfg/drugs.lua:352: attempt to call method 'SetGravity' (a nil value)
  1. StartHigh - gamemodes/darkrp/gamemode/cfg/drugs.lua:352
   2. unknown - gamemodes/darkrp/entities/entities/drug_base/init.lua:30


L 07/09/2020 - 14:02:39: Lua Error: 
[ERROR] gamemodes/darkrp/gamemode/cfg/drugs.lua:352: attempt to call method 'SetGravity' (a nil value)
  1. StartHigh - gamemodes/darkrp/gamemode/cfg/drugs.lua:352
   2. unknown - gamemodes/darkrp/entities/entities/drug_base/init.lua:30


L 07/09/2020 - 14:02:39: Lua Error: 
[ERROR] gamemodes/darkrp/gamemode/cfg/drugs.lua:352: attempt to call method 'SetGravity' (a nil value)
  1. StartHigh - gamemodes/darkrp/gamemode/cfg/drugs.lua:352
   2. unknown - gamemodes/darkrp/entities/entities/drug_base/init.lua:30


L 07/09/2020 - 14:02:40: Lua Error: 
[ERROR] gamemodes/darkrp/gamemode/cfg/drugs.lua:352: attempt to call method 'SetGravity' (a nil value)
  1. StartHigh - gamemodes/darkrp/gamemode/cfg/drugs.lua:352
   2. unknown - gamemodes/darkrp/entities/entities/drug_base/init.lua:30


L 07/09/2020 - 14:02:40: Lua Error: 
[ERROR] gamemodes/darkrp/gamemode/cfg/drugs.lua:352: attempt to call method 'SetGravity' (a nil value)
  1. StartHigh - gamemodes/darkrp/gamemode/cfg/drugs.lua:352
   2. unknown - gamemodes/darkrp/entities/entities/drug_base/init.lua:30


L 07/09/2020 - 14:02:40: Lua Error: 
[ERROR] gamemodes/darkrp/gamemode/cfg/drugs.lua:352: attempt to call method 'SetGravity' (a nil value)
  1. StartHigh - gamemodes/darkrp/gamemode/cfg/drugs.lua:352
   2. unknown - gamemodes/darkrp/entities/entities/drug_base/init.lua:30


L 07/09/2020 - 14:02:40: Lua Error: 
[ERROR] gamemodes/darkrp/gamemode/cfg/drugs.lua:352: attempt to call method 'SetGravity' (a nil value)
  1. StartHigh - gamemodes/darkrp/gamemode/cfg/drugs.lua:352
   2. unknown - gamemodes/darkrp/entities/entities/drug_base/init.lua:30


L 07/09/2020 - 14:02:40: Lua Error: 
[ERROR] gamemodes/darkrp/gamemode/cfg/drugs.lua:352: attempt to call method 'SetGravity' (a nil value)
  1. StartHigh - gamemodes/darkrp/gamemode/cfg/drugs.lua:352
   2. unknown - gamemodes/darkrp/entities/entities/drug_base/init.lua:30


L 07/09/2020 - 14:03:18: Lua Error: 
[ERROR] gamemodes/darkrp/entities/entities/ent_stdmeds/init.lua:18: attempt to call global 'CureSTD' (a nil value)
  1. unknown - gamemodes/darkrp/entities/entities/ent_stdmeds/init.lua:18


L 07/09/2020 - 14:03:18: Lua Error: 
[ERROR] gamemodes/darkrp/entities/entities/ent_stdmeds/init.lua:18: attempt to call global 'CureSTD' (a nil value)
  1. unknown - gamemodes/darkrp/entities/entities/ent_stdmeds/init.lua:18


L 07/09/2020 - 14:03:18: Lua Error: 
[ERROR] gamemodes/darkrp/entities/entities/ent_stdmeds/init.lua:18: attempt to call global 'CureSTD' (a nil value)
  1. unknown - gamemodes/darkrp/entities/entities/ent_stdmeds/init.lua:18


L 07/09/2020 - 14:03:19: Lua Error: 
[ERROR] gamemodes/darkrp/entities/entities/ent_stdmeds/init.lua:18: attempt to call global 'CureSTD' (a nil value)
  1. unknown - gamemodes/darkrp/entities/entities/ent_stdmeds/init.lua:18


L 07/09/2020 - 14:03:19: Lua Error: 
[ERROR] gamemodes/darkrp/entities/entities/ent_stdmeds/init.lua:18: attempt to call global 'CureSTD' (a nil value)
  1. unknown - gamemodes/darkrp/entities/entities/ent_stdmeds/init.lua:18


L 07/09/2020 - 14:03:19: Lua Error: 
[ERROR] gamemodes/darkrp/entities/entities/ent_stdmeds/init.lua:18: attempt to call global 'CureSTD' (a nil value)
  1. unknown - gamemodes/darkrp/entities/entities/ent_stdmeds/init.lua:18


L 07/09/2020 - 14:03:19: Lua Error: 
[ERROR] gamemodes/darkrp/entities/entities/ent_stdmeds/init.lua:18: attempt to call global 'CureSTD' (a nil value)
  1. unknown - gamemodes/darkrp/entities/entities/ent_stdmeds/init.lua:18


L 07/09/2020 - 14:03:19: Lua Error: 
[ERROR] gamemodes/darkrp/entities/entities/ent_stdmeds/init.lua:18: attempt to call global 'CureSTD' (a nil value)
  1. unknown - gamemodes/darkrp/entities/entities/ent_stdmeds/init.lua:18


L 07/09/2020 - 14:03:19: Lua Error: 
[ERROR] gamemodes/darkrp/entities/entities/ent_stdmeds/init.lua:18: attempt to call global 'CureSTD' (a nil value)
  1. unknown - gamemodes/darkrp/entities/entities/ent_stdmeds/init.lua:18


L 07/09/2020 - 14:03:19: Lua Error: 
[ERROR] gamemodes/darkrp/entities/entities/ent_stdmeds/init.lua:18: attempt to call global 'CureSTD' (a nil value)
  1. unknown - gamemodes/darkrp/entities/entities/ent_stdmeds/init.lua:18


L 07/09/2020 - 14:03:19: Lua Error: 
[ERROR] gamemodes/darkrp/entities/entities/ent_stdmeds/init.lua:18: attempt to call global 'CureSTD' (a nil value)
  1. unknown - gamemodes/darkrp/entities/entities/ent_stdmeds/init.lua:18


L 07/09/2020 - 14:03:19: Lua Error: 
[ERROR] gamemodes/darkrp/entities/entities/ent_stdmeds/init.lua:18: attempt to call global 'CureSTD' (a nil value)
  1. unknown - gamemodes/darkrp/entities/entities/ent_stdmeds/init.lua:18


L 07/09/2020 - 14:03:19: Lua Error: 
[ERROR] gamemodes/darkrp/entities/entities/ent_stdmeds/init.lua:18: attempt to call global 'CureSTD' (a nil value)
  1. unknown - gamemodes/darkrp/entities/entities/ent_stdmeds/init.lua:18


L 07/09/2020 - 14:03:19: Lua Error: 
[ERROR] gamemodes/darkrp/entities/entities/ent_stdmeds/init.lua:18: attempt to call global 'CureSTD' (a nil value)
  1. unknown - gamemodes/darkrp/entities/entities/ent_stdmeds/init.lua:18


L 07/09/2020 - 14:03:20: Lua Error: 
[ERROR] gamemodes/darkrp/entities/entities/ent_stdmeds/init.lua:18: attempt to call global 'CureSTD' (a nil value)
  1. unknown - gamemodes/darkrp/entities/entities/ent_stdmeds/init.lua:18


L 07/09/2020 - 14:03:20: Lua Error: 
[ERROR] gamemodes/darkrp/entities/entities/ent_stdmeds/init.lua:18: attempt to call global 'CureSTD' (a nil value)
  1. unknown - gamemodes/darkrp/entities/entities/ent_stdmeds/init.lua:18


L 07/09/2020 - 14:03:20: Lua Error: 
[ERROR] gamemodes/darkrp/entities/entities/ent_stdmeds/init.lua:18: attempt to call global 'CureSTD' (a nil value)
  1. unknown - gamemodes/darkrp/entities/entities/ent_stdmeds/init.lua:18


L 07/09/2020 - 14:03:20: Lua Error: 
[ERROR] gamemodes/darkrp/entities/entities/ent_stdmeds/init.lua:18: attempt to call global 'CureSTD' (a nil value)
  1. unknown - gamemodes/darkrp/entities/entities/ent_stdmeds/init.lua:18


L 07/09/2020 - 14:03:20: Lua Error: 
[ERROR] gamemodes/darkrp/entities/entities/ent_stdmeds/init.lua:18: attempt to call global 'CureSTD' (a nil value)
  1. unknown - gamemodes/darkrp/entities/entities/ent_stdmeds/init.lua:18


L 07/09/2020 - 14:03:20: Lua Error: 
[ERROR] gamemodes/darkrp/entities/entities/ent_stdmeds/init.lua:18: attempt to call global 'CureSTD' (a nil value)
  1. unknown - gamemodes/darkrp/entities/entities/ent_stdmeds/init.lua:18


L 07/09/2020 - 14:03:22: Lua Error: 
[ERROR] gamemodes/darkrp/entities/entities/ent_stdmeds/init.lua:18: attempt to call global 'CureSTD' (a nil value)
  1. unknown - gamemodes/darkrp/entities/entities/ent_stdmeds/init.lua:18


L 07/09/2020 - 14:03:22: Lua Error: 
[ERROR] gamemodes/darkrp/entities/entities/ent_stdmeds/init.lua:18: attempt to call global 'CureSTD' (a nil value)
  1. unknown - gamemodes/darkrp/entities/entities/ent_stdmeds/init.lua:18


L 07/09/2020 - 14:03:22: Lua Error: 
[ERROR] gamemodes/darkrp/entities/entities/ent_stdmeds/init.lua:18: attempt to call global 'CureSTD' (a nil value)
  1. unknown - gamemodes/darkrp/entities/entities/ent_stdmeds/init.lua:18


L 07/09/2020 - 14:03:22: Lua Error: 
[ERROR] gamemodes/darkrp/entities/entities/ent_stdmeds/init.lua:18: attempt to call global 'CureSTD' (a nil value)
  1. unknown - gamemodes/darkrp/entities/entities/ent_stdmeds/init.lua:18


L 07/09/2020 - 14:03:22: Lua Error: 
[ERROR] gamemodes/darkrp/entities/entities/ent_stdmeds/init.lua:18: attempt to call global 'CureSTD' (a nil value)
  1. unknown - gamemodes/darkrp/entities/entities/ent_stdmeds/init.lua:18


L 07/09/2020 - 14:03:22: Lua Error: 
[ERROR] gamemodes/darkrp/entities/entities/ent_stdmeds/init.lua:18: attempt to call global 'CureSTD' (a nil value)
  1. unknown - gamemodes/darkrp/entities/entities/ent_stdmeds/init.lua:18


L 07/09/2020 - 14:05:38: Lua Error: 
[ERROR] gamemodes/darkrp/gamemode/core/core_sv.lua:33: attempt to index field 'DisallowDrop' (a nil value)
  1. Call - gamemodes/darkrp/gamemode/core/core_sv.lua:33
   2. Run - gamemodes/darkrp/gamemode/core/commands/main_sv.lua:12
    3. Run - addons/dash_3/lua/dash/libraries/cmd.lua:319
     4. v - addons/dash_3/lua/dash/libraries/cmd.lua:510
      5. unknown - addons/dash_3/lua/dash/libraries/hook.lua:36


L 07/09/2020 - 14:05:38: "COMPLΞX<3><STEAM_0:0:105635721><Team>" say "/drop"
L 07/09/2020 - 14:08:38: Lua Error: 
[ERROR] gamemodes/darkrp/entities/weapons/pocket/init.lua:264: 'end' expected (to close 'function' at line 158) near '<eof>'


L 07/09/2020 - 14:09:54: Lua Error: 
[ERROR] gamemodes/darkrp/entities/weapons/pocket/init.lua:165: ']' expected near ')'


L 07/09/2020 - 14:09:58: Lua Error: 
[ERROR] gamemodes/darkrp/entities/weapons/pocket/init.lua:161: attempt to index global 'p' (a nil value)
  1. func - gamemodes/darkrp/entities/weapons/pocket/init.lua:161
   2. unknown - lua/includes/extensions/net.lua:32


L 07/09/2020 - 14:09:58: Lua Error: 
[ERROR] gamemodes/darkrp/entities/weapons/pocket/init.lua:161: attempt to index global 'p' (a nil value)
  1. func - gamemodes/darkrp/entities/weapons/pocket/init.lua:161
   2. unknown - lua/includes/extensions/net.lua:32


L 07/09/2020 - 14:09:59: Lua Error: 
[ERROR] gamemodes/darkrp/entities/weapons/pocket/init.lua:161: attempt to index global 'p' (a nil value)
  1. func - gamemodes/darkrp/entities/weapons/pocket/init.lua:161
   2. unknown - lua/includes/extensions/net.lua:32


L 07/09/2020 - 14:10:05: Lua Error: 
[ERROR] gamemodes/darkrp/entities/weapons/pocket/init.lua:165: ']' expected near ')'


L 07/09/2020 - 14:10:15: Lua Error: 
[ERROR] gamemodes/darkrp/entities/weapons/pocket/init.lua:165: ']' expected near ')'


L 07/09/2020 - 14:10:15: Lua Error: 
[ERROR] gamemodes/darkrp/entities/weapons/pocket/init.lua:165: ']' expected near ')'


L 07/09/2020 - 14:10:16: Lua Error: 
[ERROR] gamemodes/darkrp/entities/weapons/pocket/init.lua:161: attempt to index global 'p' (a nil value)
  1. func - gamemodes/darkrp/entities/weapons/pocket/init.lua:161
   2. unknown - lua/includes/extensions/net.lua:32


L 07/09/2020 - 14:10:36: Lua Error: 
[ERROR] gamemodes/darkrp/entities/weapons/pocket/init.lua:168: ']' expected near 'local'


L 07/09/2020 - 14:10:51: Lua Error: 
[ERROR] gamemodes/darkrp/entities/weapons/pocket/init.lua:181: attempt to index global 'p' (a nil value)
  1. func - gamemodes/darkrp/entities/weapons/pocket/init.lua:181
   2. unknown - lua/includes/extensions/net.lua:32


L 07/09/2020 - 14:10:53: Lua Error: 
[ERROR] gamemodes/darkrp/entities/weapons/pocket/init.lua:181: attempt to index global 'p' (a nil value)
  1. func - gamemodes/darkrp/entities/weapons/pocket/init.lua:181
   2. unknown - lua/includes/extensions/net.lua:32


L 07/09/2020 - 14:10:59: Lua Error: 
[ERROR] gamemodes/darkrp/entities/weapons/pocket/init.lua:181: attempt to index global 'p' (a nil value)
  1. func - gamemodes/darkrp/entities/weapons/pocket/init.lua:181
   2. unknown - lua/includes/extensions/net.lua:32


L 07/09/2020 - 14:11:05: Lua Error: 
[ERROR] gamemodes/darkrp/entities/weapons/pocket/init.lua:181: attempt to index global 'p' (a nil value)
  1. func - gamemodes/darkrp/entities/weapons/pocket/init.lua:181
   2. unknown - lua/includes/extensions/net.lua:32


L 07/09/2020 - 14:11:08: Lua Error: 
[ERROR] gamemodes/darkrp/entities/weapons/pocket/init.lua:181: attempt to index global 'p' (a nil value)
  1. func - gamemodes/darkrp/entities/weapons/pocket/init.lua:181
   2. unknown - lua/includes/extensions/net.lua:32


L 07/09/2020 - 14:12:40: Lua Error: 
[ERROR] gamemodes/darkrp/entities/weapons/pocket/init.lua:181: attempt to index global 'p' (a nil value)
  1. func - gamemodes/darkrp/entities/weapons/pocket/init.lua:181
   2. unknown - lua/includes/extensions/net.lua:32


L 07/09/2020 - 14:12:42: Lua Error: 
[ERROR] gamemodes/darkrp/entities/weapons/pocket/init.lua:98: attempt to call global 'pritn' (a nil value)
  1. GetEntityInfo - gamemodes/darkrp/entities/weapons/pocket/init.lua:98
   2. unknown - gamemodes/darkrp/entities/weapons/pocket/init.lua:224


L 07/09/2020 - 14:12:43: Lua Error: 
[ERROR] gamemodes/darkrp/entities/weapons/pocket/init.lua:98: attempt to call global 'pritn' (a nil value)
  1. GetEntityInfo - gamemodes/darkrp/entities/weapons/pocket/init.lua:98
   2. unknown - gamemodes/darkrp/entities/weapons/pocket/init.lua:224


L 07/09/2020 - 14:12:43: Lua Error: 
[ERROR] gamemodes/darkrp/entities/weapons/pocket/init.lua:98: attempt to call global 'pritn' (a nil value)
  1. GetEntityInfo - gamemodes/darkrp/entities/weapons/pocket/init.lua:98
   2. unknown - gamemodes/darkrp/entities/weapons/pocket/init.lua:224


L 07/09/2020 - 14:12:44: Lua Error: 
[ERROR] gamemodes/darkrp/entities/weapons/pocket/init.lua:98: attempt to call global 'pritn' (a nil value)
  1. GetEntityInfo - gamemodes/darkrp/entities/weapons/pocket/init.lua:98
   2. unknown - gamemodes/darkrp/entities/weapons/pocket/init.lua:224


L 07/09/2020 - 14:13:46: Lua Error: 
[ERROR] gamemodes/darkrp/entities/weapons/pocket/init.lua:181: attempt to index global 'p' (a nil value)
  1. func - gamemodes/darkrp/entities/weapons/pocket/init.lua:181
   2. unknown - lua/includes/extensions/net.lua:32


L 07/09/2020 - 14:14:00: Lua Error: 
[ERROR] gamemodes/darkrp/entities/weapons/pocket/init.lua:181: attempt to index global 'p' (a nil value)
  1. func - gamemodes/darkrp/entities/weapons/pocket/init.lua:181
   2. unknown - lua/includes/extensions/net.lua:32


L 07/09/2020 - 14:14:15: Lua Error: 
[ERROR] gamemodes/darkrp/entities/weapons/pocket/init.lua:181: attempt to index global 'p' (a nil value)
  1. func - gamemodes/darkrp/entities/weapons/pocket/init.lua:181
   2. unknown - lua/includes/extensions/net.lua:32


L 07/09/2020 - 14:19:14: Lua Error: 
[ERROR] gamemodes/darkrp/entities/weapons/pocket/init.lua:181: attempt to index global 'p' (a nil value)
  1. func - gamemodes/darkrp/entities/weapons/pocket/init.lua:181
   2. unknown - lua/includes/extensions/net.lua:32


L 07/09/2020 - 14:19:47: Lua Error: 
[ERROR] gamemodes/darkrp/entities/weapons/pocket/init.lua:181: attempt to index global 'p' (a nil value)
  1. func - gamemodes/darkrp/entities/weapons/pocket/init.lua:181
   2. unknown - lua/includes/extensions/net.lua:32


L 07/09/2020 - 14:20:12: Lua Error: 
[ERROR] gamemodes/darkrp/entities/weapons/pocket/init.lua:181: attempt to index global 'p' (a nil value)
  1. func - gamemodes/darkrp/entities/weapons/pocket/init.lua:181
   2. unknown - lua/includes/extensions/net.lua:32


L 07/09/2020 - 14:20:13: Lua Error: 
[ERROR] gamemodes/darkrp/entities/weapons/pocket/init.lua:181: attempt to index global 'p' (a nil value)
  1. func - gamemodes/darkrp/entities/weapons/pocket/init.lua:181
   2. unknown - lua/includes/extensions/net.lua:32


L 07/09/2020 - 14:20:14: Lua Error: 
[ERROR] gamemodes/darkrp/entities/weapons/pocket/init.lua:181: attempt to index global 'p' (a nil value)
  1. func - gamemodes/darkrp/entities/weapons/pocket/init.lua:181
   2. unknown - lua/includes/extensions/net.lua:32


L 07/09/2020 - 14:20:15: Lua Error: 
[ERROR] gamemodes/darkrp/entities/weapons/pocket/init.lua:181: attempt to index global 'p' (a nil value)
  1. func - gamemodes/darkrp/entities/weapons/pocket/init.lua:181
   2. unknown - lua/includes/extensions/net.lua:32


L 07/09/2020 - 14:55:47: Lua Error: 
[ERROR] gamemodes/darkrp/gamemode/core/sandbox/player_extension_sv.lua:28: attempt to index field '_Counts' (a nil value)
  1. OnRemoveCount - gamemodes/darkrp/gamemode/core/sandbox/player_extension_sv.lua:28
   2. v - gamemodes/darkrp/gamemode/core/sandbox/player_extension_sv.lua:53
    3. unknown - addons/dash_3/lua/dash/libraries/hook.lua:36


L 07/09/2020 - 14:55:47: Lua Error: 
[ERROR] gamemodes/darkrp/gamemode/core/sandbox/player_extension_sv.lua:28: attempt to index field '_Counts' (a nil value)
  1. OnRemoveCount - gamemodes/darkrp/gamemode/core/sandbox/player_extension_sv.lua:28
   2. v - gamemodes/darkrp/gamemode/core/sandbox/player_extension_sv.lua:53
    3. unknown - addons/dash_3/lua/dash/libraries/hook.lua:36


L 07/09/2020 - 14:55:47: Lua Error: 
[ERROR] gamemodes/darkrp/gamemode/core/sandbox/player_extension_sv.lua:28: attempt to index field '_Counts' (a nil value)
  1. OnRemoveCount - gamemodes/darkrp/gamemode/core/sandbox/player_extension_sv.lua:28
   2. v - gamemodes/darkrp/gamemode/core/sandbox/player_extension_sv.lua:53
    3. unknown - addons/dash_3/lua/dash/libraries/hook.lua:36


L 07/09/2020 - 14:55:47: Lua Error: 
[ERROR] gamemodes/darkrp/gamemode/core/sandbox/player_extension_sv.lua:28: attempt to index field '_Counts' (a nil value)
  1. OnRemoveCount - gamemodes/darkrp/gamemode/core/sandbox/player_extension_sv.lua:28
   2. v - gamemodes/darkrp/gamemode/core/sandbox/player_extension_sv.lua:53
    3. unknown - addons/dash_3/lua/dash/libraries/hook.lua:36


L 07/09/2020 - 14:55:47: Lua Error: 
[ERROR] gamemodes/darkrp/gamemode/core/sandbox/player_extension_sv.lua:28: attempt to index field '_Counts' (a nil value)
  1. OnRemoveCount - gamemodes/darkrp/gamemode/core/sandbox/player_extension_sv.lua:28
   2. v - gamemodes/darkrp/gamemode/core/sandbox/player_extension_sv.lua:53
    3. unknown - addons/dash_3/lua/dash/libraries/hook.lua:36


L 07/09/2020 - 14:55:47: Lua Error: 
[ERROR] gamemodes/darkrp/gamemode/core/sandbox/player_extension_sv.lua:28: attempt to index field '_Counts' (a nil value)
  1. OnRemoveCount - gamemodes/darkrp/gamemode/core/sandbox/player_extension_sv.lua:28
   2. v - gamemodes/darkrp/gamemode/core/sandbox/player_extension_sv.lua:53
    3. unknown - addons/dash_3/lua/dash/libraries/hook.lua:36


L 07/09/2020 - 14:55:47: Lua Error: 
[ERROR] gamemodes/darkrp/gamemode/core/sandbox/player_extension_sv.lua:28: attempt to index field '_Counts' (a nil value)
  1. OnRemoveCount - gamemodes/darkrp/gamemode/core/sandbox/player_extension_sv.lua:28
   2. v - gamemodes/darkrp/gamemode/core/sandbox/player_extension_sv.lua:53
    3. unknown - addons/dash_3/lua/dash/libraries/hook.lua:36


L 07/09/2020 - 14:55:47: Lua Error: 
[ERROR] gamemodes/darkrp/gamemode/core/sandbox/player_extension_sv.lua:28: attempt to index field '_Counts' (a nil value)
  1. OnRemoveCount - gamemodes/darkrp/gamemode/core/sandbox/player_extension_sv.lua:28
   2. v - gamemodes/darkrp/gamemode/core/sandbox/player_extension_sv.lua:53
    3. unknown - addons/dash_3/lua/dash/libraries/hook.lua:36


L 07/09/2020 - 14:55:47: Lua Error: 
[ERROR] gamemodes/darkrp/gamemode/core/sandbox/player_extension_sv.lua:28: attempt to index field '_Counts' (a nil value)
  1. OnRemoveCount - gamemodes/darkrp/gamemode/core/sandbox/player_extension_sv.lua:28
   2. v - gamemodes/darkrp/gamemode/core/sandbox/player_extension_sv.lua:53
    3. unknown - addons/dash_3/lua/dash/libraries/hook.lua:36


L 07/09/2020 - 14:55:47: Lua Error: 
[ERROR] gamemodes/darkrp/gamemode/core/sandbox/player_extension_sv.lua:28: attempt to index field '_Counts' (a nil value)
  1. OnRemoveCount - gamemodes/darkrp/gamemode/core/sandbox/player_extension_sv.lua:28
   2. v - gamemodes/darkrp/gamemode/core/sandbox/player_extension_sv.lua:53
    3. unknown - addons/dash_3/lua/dash/libraries/hook.lua:36


L 07/09/2020 - 14:55:47: Lua Error: 
[ERROR] gamemodes/darkrp/gamemode/core/sandbox/player_extension_sv.lua:28: attempt to index field '_Counts' (a nil value)
  1. OnRemoveCount - gamemodes/darkrp/gamemode/core/sandbox/player_extension_sv.lua:28
   2. v - gamemodes/darkrp/gamemode/core/sandbox/player_extension_sv.lua:53
    3. unknown - addons/dash_3/lua/dash/libraries/hook.lua:36


L 07/09/2020 - 14:55:47: Lua Error: 
[ERROR] gamemodes/darkrp/gamemode/core/sandbox/player_extension_sv.lua:28: attempt to index field '_Counts' (a nil value)
  1. OnRemoveCount - gamemodes/darkrp/gamemode/core/sandbox/player_extension_sv.lua:28
   2. v - gamemodes/darkrp/gamemode/core/sandbox/player_extension_sv.lua:53
    3. unknown - addons/dash_3/lua/dash/libraries/hook.lua:36


L 07/09/2020 - 14:55:47: Lua Error: 
[ERROR] gamemodes/darkrp/gamemode/core/sandbox/player_extension_sv.lua:28: attempt to index field '_Counts' (a nil value)
  1. OnRemoveCount - gamemodes/darkrp/gamemode/core/sandbox/player_extension_sv.lua:28
   2. v - gamemodes/darkrp/gamemode/core/sandbox/player_extension_sv.lua:53
    3. unknown - addons/dash_3/lua/dash/libraries/hook.lua:36


L 07/09/2020 - 14:55:47: Lua Error: 
[ERROR] gamemodes/darkrp/gamemode/core/sandbox/player_extension_sv.lua:28: attempt to index field '_Counts' (a nil value)
  1. OnRemoveCount - gamemodes/darkrp/gamemode/core/sandbox/player_extension_sv.lua:28
   2. v - gamemodes/darkrp/gamemode/core/sandbox/player_extension_sv.lua:53
    3. unknown - addons/dash_3/lua/dash/libraries/hook.lua:36


L 07/09/2020 - 14:55:47: Lua Error: 
[ERROR] gamemodes/darkrp/gamemode/core/sandbox/player_extension_sv.lua:28: attempt to index field '_Counts' (a nil value)
  1. OnRemoveCount - gamemodes/darkrp/gamemode/core/sandbox/player_extension_sv.lua:28
   2. v - gamemodes/darkrp/gamemode/core/sandbox/player_extension_sv.lua:53
    3. unknown - addons/dash_3/lua/dash/libraries/hook.lua:36


L 07/09/2020 - 14:55:47: Lua Error: 
[ERROR] gamemodes/darkrp/gamemode/core/sandbox/player_extension_sv.lua:28: attempt to index field '_Counts' (a nil value)
  1. OnRemoveCount - gamemodes/darkrp/gamemode/core/sandbox/player_extension_sv.lua:28
   2. v - gamemodes/darkrp/gamemode/core/sandbox/player_extension_sv.lua:53
    3. unknown - addons/dash_3/lua/dash/libraries/hook.lua:36


L 07/09/2020 - 14:55:47: Lua Error: 
[ERROR] gamemodes/darkrp/gamemode/core/sandbox/player_extension_sv.lua:28: attempt to index field '_Counts' (a nil value)
  1. OnRemoveCount - gamemodes/darkrp/gamemode/core/sandbox/player_extension_sv.lua:28
   2. v - gamemodes/darkrp/gamemode/core/sandbox/player_extension_sv.lua:53
    3. unknown - addons/dash_3/lua/dash/libraries/hook.lua:36


L 07/09/2020 - 14:55:47: Lua Error: 
[ERROR] gamemodes/darkrp/gamemode/core/sandbox/player_extension_sv.lua:28: attempt to index field '_Counts' (a nil value)
  1. OnRemoveCount - gamemodes/darkrp/gamemode/core/sandbox/player_extension_sv.lua:28
   2. v - gamemodes/darkrp/gamemode/core/sandbox/player_extension_sv.lua:53
    3. unknown - addons/dash_3/lua/dash/libraries/hook.lua:36


L 07/09/2020 - 14:55:47: Lua Error: 
[ERROR] gamemodes/darkrp/gamemode/core/sandbox/player_extension_sv.lua:28: attempt to index field '_Counts' (a nil value)
  1. OnRemoveCount - gamemodes/darkrp/gamemode/core/sandbox/player_extension_sv.lua:28
   2. v - gamemodes/darkrp/gamemode/core/sandbox/player_extension_sv.lua:53
    3. unknown - addons/dash_3/lua/dash/libraries/hook.lua:36


L 07/09/2020 - 14:55:47: Lua Error: 
[ERROR] gamemodes/darkrp/gamemode/core/sandbox/player_extension_sv.lua:28: attempt to index field '_Counts' (a nil value)
  1. OnRemoveCount - gamemodes/darkrp/gamemode/core/sandbox/player_extension_sv.lua:28
   2. v - gamemodes/darkrp/gamemode/core/sandbox/player_extension_sv.lua:53
    3. unknown - addons/dash_3/lua/dash/libraries/hook.lua:36


L 07/09/2020 - 14:55:47: Lua Error: 
[ERROR] gamemodes/darkrp/gamemode/core/sandbox/player_extension_sv.lua:28: attempt to index field '_Counts' (a nil value)
  1. OnRemoveCount - gamemodes/darkrp/gamemode/core/sandbox/player_extension_sv.lua:28
   2. v - gamemodes/darkrp/gamemode/core/sandbox/player_extension_sv.lua:53
    3. unknown - addons/dash_3/lua/dash/libraries/hook.lua:36


L 07/09/2020 - 14:55:47: Lua Error: 
[ERROR] gamemodes/darkrp/gamemode/core/sandbox/player_extension_sv.lua:28: attempt to index field '_Counts' (a nil value)
  1. OnRemoveCount - gamemodes/darkrp/gamemode/core/sandbox/player_extension_sv.lua:28
   2. v - gamemodes/darkrp/gamemode/core/sandbox/player_extension_sv.lua:53
    3. unknown - addons/dash_3/lua/dash/libraries/hook.lua:36


L 07/09/2020 - 14:55:47: Lua Error: 
[ERROR] gamemodes/darkrp/gamemode/core/sandbox/player_extension_sv.lua:28: attempt to index field '_Counts' (a nil value)
  1. OnRemoveCount - gamemodes/darkrp/gamemode/core/sandbox/player_extension_sv.lua:28
   2. v - gamemodes/darkrp/gamemode/core/sandbox/player_extension_sv.lua:53
    3. unknown - addons/dash_3/lua/dash/libraries/hook.lua:36


L 07/09/2020 - 14:55:47: Lua Error: 
[ERROR] gamemodes/darkrp/gamemode/core/sandbox/player_extension_sv.lua:28: attempt to index field '_Counts' (a nil value)
  1. OnRemoveCount - gamemodes/darkrp/gamemode/core/sandbox/player_extension_sv.lua:28
   2. v - gamemodes/darkrp/gamemode/core/sandbox/player_extension_sv.lua:53
    3. unknown - addons/dash_3/lua/dash/libraries/hook.lua:36


L 07/09/2020 - 14:55:47: Lua Error: 
[ERROR] gamemodes/darkrp/gamemode/core/sandbox/player_extension_sv.lua:28: attempt to index field '_Counts' (a nil value)
  1. OnRemoveCount - gamemodes/darkrp/gamemode/core/sandbox/player_extension_sv.lua:28
   2. v - gamemodes/darkrp/gamemode/core/sandbox/player_extension_sv.lua:53
    3. unknown - addons/dash_3/lua/dash/libraries/hook.lua:36


L 07/09/2020 - 14:55:47: "COMPLΞX<3><STEAM_0:0:105635721><>" disconnected (reason "Server shutting down")
L 07/09/2020 - 14:55:47: server_message: "quit"
L 07/09/2020 - 14:55:47: Log file closed.
