L 07/05/2020 - 09:42:54: Log file started (file "logs\L0705006.log") (game "D:\sup\steamapps\common\GarrysModDS\garrysmod") (version "7836")
L 07/05/2020 - 09:42:54: server_cvar: "sv_alltalk" "3"
L 07/05/2020 - 09:42:55: Connection to Steam servers successful.
L 07/05/2020 - 09:42:55:    Public IP is 31.130.42.26.
L 07/05/2020 - 09:42:55: Assigned anonymous gameserver Steam ID [A-1:1574402056(15094)].
L 07/05/2020 - 09:42:55: VAC secure mode is activated.
L 07/05/2020 - 09:42:57: "COMPLΞX<2><STEAM_0:0:105635721><>" connected, address "26.162.207.202:27006"
L 07/05/2020 - 09:42:57: "COMPLΞX<2><STEAM_0:0:105635721><>" STEAM USERID validated
L 07/05/2020 - 09:43:06: "COMPLΞX<2><STEAM_0:0:105635721><>" entered the game
L 07/05/2020 - 09:51:55: "COMPLΞX<2><STEAM_0:0:105635721><Team>" say "no"
L 07/05/2020 - 09:54:02: Lua Error: 
[ERROR] gamemodes/darkrp/gamemode/core/commands/main_sv.lua:543: ')' expected (to close '(' at line 528) near ':'
  1. include_dir - gamemodes/darkrp/gamemode/sh_init.lua:43
   2. Init - gamemodes/darkrp/gamemode/sh_init.lua:103
    3. unknown - gamemodes/darkrp/gamemode/sh_init.lua:128
     4. include - [C]:-1
      5. unknown - gamemodes/darkrp/gamemode/init.lua:3


L 07/05/2020 - 09:54:02: Lua Error: 
[ERROR] gamemodes/darkrp/gamemode/core/commands/main_sv.lua:543: ')' expected (to close '(' at line 528) near ':'
  1. include_dir - gamemodes/darkrp/gamemode/sh_init.lua:43
   2. Init - gamemodes/darkrp/gamemode/sh_init.lua:103
    3. unknown - gamemodes/darkrp/gamemode/sh_init.lua:128
     4. include - [C]:-1
      5. unknown - gamemodes/darkrp/gamemode/init.lua:3


L 07/05/2020 - 09:54:05: Lua Error: 
[ERROR] gamemodes/darkrp/gamemode/core/commands/main_sv.lua:543: ')' expected (to close '(' at line 528) near ':'
  1. include_dir - gamemodes/darkrp/gamemode/sh_init.lua:43
   2. Init - gamemodes/darkrp/gamemode/sh_init.lua:103
    3. unknown - gamemodes/darkrp/gamemode/sh_init.lua:128
     4. include - [C]:-1
      5. unknown - gamemodes/darkrp/gamemode/init.lua:3


L 07/05/2020 - 09:54:07: Lua Error: 
[ERROR] gamemodes/darkrp/gamemode/core/commands/main_sv.lua:536: attempt to index upvalue 'colors' (a nil value)
  1. Run - gamemodes/darkrp/gamemode/core/commands/main_sv.lua:536
   2. Run - addons/dash_3/lua/dash/libraries/cmd.lua:319
    3. v - addons/dash_3/lua/dash/libraries/cmd.lua:510
     4. unknown - addons/dash_3/lua/dash/libraries/hook.lua:36


L 07/05/2020 - 09:54:07: "COMPLΞX<2><STEAM_0:0:105635721><Team>" say "/advert Use @ (Message) If You Are In Need Of Staff, A Member Will Respond ASAP!"
L 07/05/2020 - 09:54:22: Lua Error: 
[ERROR] gamemodes/darkrp/gamemode/core/commands/main_sv.lua:543: ')' expected (to close '(' at line 528) near ':'
  1. include_dir - gamemodes/darkrp/gamemode/sh_init.lua:43
   2. Init - gamemodes/darkrp/gamemode/sh_init.lua:103
    3. unknown - gamemodes/darkrp/gamemode/sh_init.lua:128
     4. include - [C]:-1
      5. unknown - gamemodes/darkrp/gamemode/init.lua:3


L 07/05/2020 - 09:54:31: Lua Error: 
[ERROR] gamemodes/darkrp/gamemode/core/commands/main_sv.lua:537: attempt to index upvalue 'colors' (a nil value)
  1. Run - gamemodes/darkrp/gamemode/core/commands/main_sv.lua:537
   2. Run - addons/dash_3/lua/dash/libraries/cmd.lua:319
    3. v - addons/dash_3/lua/dash/libraries/cmd.lua:510
     4. unknown - addons/dash_3/lua/dash/libraries/hook.lua:36


L 07/05/2020 - 09:54:31: "COMPLΞX<2><STEAM_0:0:105635721><Team>" say "/advert Use @ (Message) If You Are In Need Of Staff, A Member Will Respond ASAP!"
L 07/05/2020 - 09:56:32: Lua Error: 
[ERROR] gamemodes/darkrp/gamemode/core/commands/main_sv.lua:523: attempt to index upvalue 'colors' (a nil value)
  1. Run - gamemodes/darkrp/gamemode/core/commands/main_sv.lua:523
   2. Run - addons/dash_3/lua/dash/libraries/cmd.lua:319
    3. v - addons/dash_3/lua/dash/libraries/cmd.lua:510
     4. unknown - addons/dash_3/lua/dash/libraries/hook.lua:36


L 07/05/2020 - 09:56:32: "COMPLΞX<2><STEAM_0:0:105635721><Team>" say "// kal"
L 07/05/2020 - 09:59:24: Lua Error: 
[ERROR] gamemodes/darkrp/gamemode/core/commands/talk_sv.lua:70: ')' expected (to close '(' at line 66) near 'rp'
  1. include_dir - gamemodes/darkrp/gamemode/sh_init.lua:43
   2. Init - gamemodes/darkrp/gamemode/sh_init.lua:103
    3. unknown - gamemodes/darkrp/gamemode/sh_init.lua:128
     4. include - [C]:-1
      5. unknown - gamemodes/darkrp/gamemode/init.lua:3


L 07/05/2020 - 09:59:26: Lua Error: 
[ERROR] gamemodes/darkrp/gamemode/core/commands/main_sv.lua:515: attempt to call field 'LocalChat' (a nil value)
  1. Run - gamemodes/darkrp/gamemode/core/commands/main_sv.lua:515
   2. Run - addons/dash_3/lua/dash/libraries/cmd.lua:319
    3. v - addons/dash_3/lua/dash/libraries/cmd.lua:510
     4. unknown - addons/dash_3/lua/dash/libraries/hook.lua:36


L 07/05/2020 - 09:59:26: "COMPLΞX<2><STEAM_0:0:105635721><Team>" say "/me fff"
L 07/05/2020 - 09:59:32: Lua Error: 
[ERROR] gamemodes/darkrp/gamemode/core/commands/talk_sv.lua:70: ')' expected (to close '(' at line 66) near 'rp'
  1. include_dir - gamemodes/darkrp/gamemode/sh_init.lua:43
   2. Init - gamemodes/darkrp/gamemode/sh_init.lua:103
    3. unknown - gamemodes/darkrp/gamemode/sh_init.lua:128
     4. include - [C]:-1
      5. unknown - gamemodes/darkrp/gamemode/init.lua:3


L 07/05/2020 - 10:00:18: Lua Error: 
[ERROR] gamemodes/darkrp/gamemode/core/commands/talk_sv.lua:63: ')' expected (to close '(' at line 57) near ':'
  1. include_dir - gamemodes/darkrp/gamemode/sh_init.lua:43
   2. Init - gamemodes/darkrp/gamemode/sh_init.lua:103
    3. unknown - gamemodes/darkrp/gamemode/sh_init.lua:128
     4. include - [C]:-1
      5. unknown - gamemodes/darkrp/gamemode/init.lua:3


L 07/05/2020 - 10:00:18: Lua Error: 
[ERROR] gamemodes/darkrp/gamemode/core/commands/talk_sv.lua:63: ')' expected (to close '(' at line 57) near ':'
  1. include_dir - gamemodes/darkrp/gamemode/sh_init.lua:43
   2. Init - gamemodes/darkrp/gamemode/sh_init.lua:103
    3. unknown - gamemodes/darkrp/gamemode/sh_init.lua:128
     4. include - [C]:-1
      5. unknown - gamemodes/darkrp/gamemode/init.lua:3


L 07/05/2020 - 10:00:38: Lua Error: 
[ERROR] gamemodes/darkrp/gamemode/core/commands/talk_sv.lua:60: ')' expected (to close '(' at line 57) near ':'
  1. include_dir - gamemodes/darkrp/gamemode/sh_init.lua:43
   2. Init - gamemodes/darkrp/gamemode/sh_init.lua:103
    3. unknown - gamemodes/darkrp/gamemode/sh_init.lua:128
     4. include - [C]:-1
      5. unknown - gamemodes/darkrp/gamemode/init.lua:3


L 07/05/2020 - 10:00:40: Lua Error: 
[ERROR] gamemodes/darkrp/gamemode/core/commands/main_sv.lua:506: attempt to index upvalue 'colors' (a nil value)
  1. Run - gamemodes/darkrp/gamemode/core/commands/main_sv.lua:506
   2. Run - addons/dash_3/lua/dash/libraries/cmd.lua:319
    3. v - addons/dash_3/lua/dash/libraries/cmd.lua:510
     4. unknown - addons/dash_3/lua/dash/libraries/hook.lua:36


L 07/05/2020 - 10:00:40: "COMPLΞX<2><STEAM_0:0:105635721><Team>" say "/y kall"
L 07/05/2020 - 10:06:43: Lua Error: 
[ERROR] gamemodes/darkrp/gamemode/core/commands/talk_sv.lua:5: bad argument #1 to 'find' (string expected, got nil)
  1. find - [C]:-1
   2. Run - gamemodes/darkrp/gamemode/core/commands/talk_sv.lua:5
    3. Run - addons/dash_3/lua/dash/libraries/cmd.lua:319
     4. v - addons/dash_3/lua/dash/libraries/cmd.lua:510
      5. unknown - addons/dash_3/lua/dash/libraries/hook.lua:36


L 07/05/2020 - 10:06:43: "COMPLΞX<2><STEAM_0:0:105635721><Team>" say "/pm"
L 07/05/2020 - 10:06:46: Lua Error: 
[ERROR] gamemodes/darkrp/gamemode/core/commands/talk_sv.lua:5: bad argument #1 to 'find' (string expected, got nil)
  1. find - [C]:-1
   2. Run - gamemodes/darkrp/gamemode/core/commands/talk_sv.lua:5
    3. Run - addons/dash_3/lua/dash/libraries/cmd.lua:319
     4. v - addons/dash_3/lua/dash/libraries/cmd.lua:510
      5. unknown - addons/dash_3/lua/dash/libraries/hook.lua:36


L 07/05/2020 - 10:06:46: "COMPLΞX<2><STEAM_0:0:105635721><Team>" say "/pm ff"
L 07/05/2020 - 10:08:30: Lua Error: 
[ERROR] gamemodes/darkrp/gamemode/core/commands/talk_sv.lua:31: ')' expected (to close '(' at line 4) near ':'
  1. include_dir - gamemodes/darkrp/gamemode/sh_init.lua:43
   2. Init - gamemodes/darkrp/gamemode/sh_init.lua:103
    3. unknown - gamemodes/darkrp/gamemode/sh_init.lua:128
     4. include - [C]:-1
      5. unknown - gamemodes/darkrp/gamemode/init.lua:3


L 07/05/2020 - 10:09:50: Lua Error: 
[ERROR] gamemodes/darkrp/gamemode/core/commands/talk_sv.lua:14: ')' expected (to close '(' at line 4) near ':'
  1. include_dir - gamemodes/darkrp/gamemode/sh_init.lua:43
   2. Init - gamemodes/darkrp/gamemode/sh_init.lua:103
    3. unknown - gamemodes/darkrp/gamemode/sh_init.lua:128
     4. include - [C]:-1
      5. unknown - gamemodes/darkrp/gamemode/init.lua:3


L 07/05/2020 - 10:09:55: Lua Error: 
[ERROR] gamemodes/darkrp/gamemode/core/commands/talk_sv.lua:13: ')' expected (to close '(' at line 4) near ':'
  1. include_dir - gamemodes/darkrp/gamemode/sh_init.lua:43
   2. Init - gamemodes/darkrp/gamemode/sh_init.lua:103
    3. unknown - gamemodes/darkrp/gamemode/sh_init.lua:128
     4. include - [C]:-1
      5. unknown - gamemodes/darkrp/gamemode/init.lua:3


L 07/05/2020 - 10:10:04: Lua Error: 
[ERROR] addons/badmin_2/lua/ba/modules/chatbox/init_sh.lua:13: bad argument #1 to 'WriteString' (string expected, got nil)
  1. WriteString - [C]:-1
   2. WriteFunc - addons/badmin_2/lua/ba/modules/chatbox/init_sh.lua:13
    3. Send - addons/dash_3/lua/dash/libraries/chat.lua:44
     4. Run - gamemodes/darkrp/gamemode/core/commands/talk_sv.lua:7
      5. Run - addons/dash_3/lua/dash/libraries/cmd.lua:319
       6. v - addons/dash_3/lua/dash/libraries/cmd.lua:510
        7. unknown - addons/dash_3/lua/dash/libraries/hook.lua:36


L 07/05/2020 - 10:10:04: "COMPLΞX<2><STEAM_0:0:105635721><Team>" say "/pm STEAM_0:0:105635721 1"
L 07/05/2020 - 10:10:07: Lua Error: 
[ERROR] Warning! A net message (chat_PM) is already started! Discarding in favor of the new message! (_AntiCrash)

  1. unknown - addons/badmin_2/lua/ba/plugins/anticrash.lua:5


L 07/05/2020 - 10:11:41: Lua Error: 
[ERROR] gamemodes/darkrp/gamemode/core/commands/main_sv.lua:450: bad argument #1 to 'find' (string expected, got nil)
  1. find - [C]:-1
   2. Run - gamemodes/darkrp/gamemode/core/commands/main_sv.lua:450
    3. Run - addons/dash_3/lua/dash/libraries/cmd.lua:319
     4. v - addons/dash_3/lua/dash/libraries/cmd.lua:510
      5. unknown - addons/dash_3/lua/dash/libraries/hook.lua:36


L 07/05/2020 - 10:11:41: "COMPLΞX<2><STEAM_0:0:105635721><Team>" say "/pm STEAM_0:0:105635721 [pf"
L 07/05/2020 - 10:13:02: "COMPLΞX<2><STEAM_0:0:105635721><Team>" say "ffdd"
L 07/05/2020 - 10:13:56: "COMPLΞX<2><STEAM_0:0:105635721><Team>" say "gfgfd"
L 07/05/2020 - 10:14:29: "COMPLΞX<2><STEAM_0:0:105635721><>" disconnected (reason "Disconnect by user.")
L 07/05/2020 - 10:16:44: "COMPLΞX<3><STEAM_0:0:105635721><>" connected, address "26.162.207.202:27006"
L 07/05/2020 - 10:16:44: "COMPLΞX<3><STEAM_0:0:105635721><>" STEAM USERID validated
L 07/05/2020 - 10:17:26: "COMPLΞX<3><STEAM_0:0:105635721><>" entered the game
L 07/05/2020 - 10:17:43: "COMPLΞX<3><STEAM_0:0:105635721><Team>" say "fgfg"
L 07/05/2020 - 10:18:01: "COMPLΞX<3><STEAM_0:0:105635721><Team>" say "hello man"
L 07/05/2020 - 10:18:06: "COMPLΞX<3><STEAM_0:0:105635721><Team>" say "hello man"
L 07/05/2020 - 10:18:10: "COMPLΞX<3><STEAM_0:0:105635721><Team>" say "hello man"
L 07/05/2020 - 10:18:40: "COMPLΞX<3><STEAM_0:0:105635721><Team>" say "ffdf"
L 07/05/2020 - 10:19:00: "COMPLΞX<3><STEAM_0:0:105635721><Team>" say "tfdfsd"
L 07/05/2020 - 10:19:24: "COMPLΞX<3><STEAM_0:0:105635721><Team>" say "fdfg"
L 07/05/2020 - 10:21:54: Lua Error: 
[ERROR] gamemodes/darkrp/gamemode/core/commands/talk_sv.lua:54: ')' expected (to close '(' at line 51) near ':'
  1. include_dir - gamemodes/darkrp/gamemode/sh_init.lua:43
   2. Init - gamemodes/darkrp/gamemode/sh_init.lua:103
    3. unknown - gamemodes/darkrp/gamemode/sh_init.lua:128
     4. include - [C]:-1
      5. unknown - gamemodes/darkrp/gamemode/init.lua:3


L 07/05/2020 - 10:23:46: Lua Error: 
[ERROR] gamemodes/darkrp/gamemode/core/commands/main_sv.lua:450: bad argument #1 to 'find' (string expected, got nil)
  1. find - [C]:-1
   2. Run - gamemodes/darkrp/gamemode/core/commands/main_sv.lua:450
    3. Run - addons/dash_3/lua/dash/libraries/cmd.lua:319
     4. v - addons/dash_3/lua/dash/libraries/cmd.lua:510
      5. unknown - addons/dash_3/lua/dash/libraries/hook.lua:36


L 07/05/2020 - 10:23:46: "COMPLΞX<3><STEAM_0:0:105635721><Team>" say "/pm STEAM_0:0:105635721 ff"
L 07/05/2020 - 10:24:59: Lua Error: 
[ERROR] gamemodes/darkrp/gamemode/core/commands/talk_sv.lua:69: ')' expected (to close '(' at line 61) near ':'
  1. include_dir - gamemodes/darkrp/gamemode/sh_init.lua:43
   2. Init - gamemodes/darkrp/gamemode/sh_init.lua:103
    3. unknown - gamemodes/darkrp/gamemode/sh_init.lua:128
     4. include - [C]:-1
      5. unknown - gamemodes/darkrp/gamemode/init.lua:3


L 07/05/2020 - 10:24:59: Lua Error: 
[ERROR] gamemodes/darkrp/gamemode/core/commands/talk_sv.lua:69: ')' expected (to close '(' at line 61) near ':'
  1. include_dir - gamemodes/darkrp/gamemode/sh_init.lua:43
   2. Init - gamemodes/darkrp/gamemode/sh_init.lua:103
    3. unknown - gamemodes/darkrp/gamemode/sh_init.lua:128
     4. include - [C]:-1
      5. unknown - gamemodes/darkrp/gamemode/init.lua:3


L 07/05/2020 - 10:26:55: Lua Error: 
[ERROR] gamemodes/darkrp/gamemode/core/commands/talk_sv.lua:80: attempt to index global 'colors' (a nil value)
  1. unknown - gamemodes/darkrp/gamemode/core/commands/talk_sv.lua:80
   2. foreach - [C]:-1
    3. Run - gamemodes/darkrp/gamemode/core/commands/talk_sv.lua:78
     4. Run - addons/dash_3/lua/dash/libraries/cmd.lua:319
      5. v - addons/dash_3/lua/dash/libraries/cmd.lua:510
       6. unknown - addons/dash_3/lua/dash/libraries/hook.lua:36


L 07/05/2020 - 10:26:55: "COMPLΞX<3><STEAM_0:0:105635721><Team>" say "/r 11"
L 07/05/2020 - 10:28:59: "COMPLΞX<3><STEAM_0:0:105635721><Team>" say ":sweat:"
L 07/05/2020 - 10:33:57: Lua Error: 
[ERROR] lua/includes/util.lua:207: attempt to index a string value with bad key ('IsValid' is not part of the string library)
  1. error - [C]:-1
   2. __index - lua/includes/extensions/string.lua:297
    3. IsValid - lua/includes/util.lua:207
     4. WritePlayer - addons/dash_3/lua/dash/extensions/net.lua:118
      5. writemsg - gamemodes/darkrp/gamemode/core/chat/chats_sh.lua:40
       6. WriteFunc - gamemodes/darkrp/gamemode/core/chat/chats_sh.lua:218
        7. Send - addons/dash_3/lua/dash/libraries/chat.lua:44
         8. Run - gamemodes/darkrp/gamemode/core/commands/talk_sv.lua:53
          9. Run - addons/dash_3/lua/dash/libraries/cmd.lua:319
           10. v - addons/dash_3/lua/dash/libraries/cmd.lua:510
            11. unknown - addons/dash_3/lua/dash/libraries/hook.lua:36


L 07/05/2020 - 10:33:57: "COMPLΞX<3><STEAM_0:0:105635721><Team>" say "/o p"
L 07/05/2020 - 10:33:58: Lua Error: 
[ERROR] Warning! A net message (chat_Org) is already started! Discarding in favor of the new message! (_AntiCrash)

  1. unknown - addons/badmin_2/lua/ba/plugins/anticrash.lua:5


L 07/05/2020 - 10:34:47: Lua Error: 
[ERROR] lua/includes/util.lua:207: attempt to index a string value with bad key ('IsValid' is not part of the string library)
  1. error - [C]:-1
   2. __index - lua/includes/extensions/string.lua:297
    3. IsValid - lua/includes/util.lua:207
     4. WritePlayer - addons/dash_3/lua/dash/extensions/net.lua:118
      5. writemsg - gamemodes/darkrp/gamemode/core/chat/chats_sh.lua:40
       6. WriteFunc - gamemodes/darkrp/gamemode/core/chat/chats_sh.lua:218
        7. Send - addons/dash_3/lua/dash/libraries/chat.lua:44
         8. Run - gamemodes/darkrp/gamemode/core/commands/talk_sv.lua:53
          9. Run - addons/dash_3/lua/dash/libraries/cmd.lua:319
           10. v - addons/dash_3/lua/dash/libraries/cmd.lua:510
            11. unknown - addons/dash_3/lua/dash/libraries/hook.lua:36


L 07/05/2020 - 10:34:47: "COMPLΞX<3><STEAM_0:0:105635721><Team>" say "/o ggfgdgf"
L 07/05/2020 - 10:34:48: Lua Error: 
[ERROR] Warning! A net message (chat_Org) is already started! Discarding in favor of the new message! (_AntiCrash)

  1. unknown - addons/badmin_2/lua/ba/plugins/anticrash.lua:5


L 07/05/2020 - 10:34:50: Lua Error: 
[ERROR] lua/includes/util.lua:207: attempt to index a string value with bad key ('IsValid' is not part of the string library)
  1. error - [C]:-1
   2. __index - lua/includes/extensions/string.lua:297
    3. IsValid - lua/includes/util.lua:207
     4. WritePlayer - addons/dash_3/lua/dash/extensions/net.lua:118
      5. writemsg - gamemodes/darkrp/gamemode/core/chat/chats_sh.lua:40
       6. WriteFunc - gamemodes/darkrp/gamemode/core/chat/chats_sh.lua:218
        7. Send - addons/dash_3/lua/dash/libraries/chat.lua:44
         8. Run - gamemodes/darkrp/gamemode/core/commands/talk_sv.lua:53
          9. Run - addons/dash_3/lua/dash/libraries/cmd.lua:319
           10. v - addons/dash_3/lua/dash/libraries/cmd.lua:510
            11. unknown - addons/dash_3/lua/dash/libraries/hook.lua:36


L 07/05/2020 - 10:34:50: "COMPLΞX<3><STEAM_0:0:105635721><Team>" say "/org ffdf"
L 07/05/2020 - 10:34:53: Lua Error: 
[ERROR] Warning! A net message (chat_Org) is already started! Discarding in favor of the new message! (_AntiCrash)

  1. unknown - addons/badmin_2/lua/ba/plugins/anticrash.lua:5


L 07/05/2020 - 10:38:10: Lua Error: 
[ERROR] lua/includes/util.lua:207: attempt to index a string value with bad key ('IsValid' is not part of the string library)
  1. error - [C]:-1
   2. __index - lua/includes/extensions/string.lua:297
    3. IsValid - lua/includes/util.lua:207
     4. WritePlayer - addons/dash_3/lua/dash/extensions/net.lua:118
      5. writemsg - gamemodes/darkrp/gamemode/core/chat/chats_sh.lua:40
       6. WriteFunc - gamemodes/darkrp/gamemode/core/chat/chats_sh.lua:218
        7. Send - addons/dash_3/lua/dash/libraries/chat.lua:44
         8. Run - gamemodes/darkrp/gamemode/core/commands/talk_sv.lua:53
          9. Run - addons/dash_3/lua/dash/libraries/cmd.lua:319
           10. v - addons/dash_3/lua/dash/libraries/cmd.lua:510
            11. unknown - addons/dash_3/lua/dash/libraries/hook.lua:36


L 07/05/2020 - 10:38:10: "COMPLΞX<3><STEAM_0:0:105635721><Team>" say "/o fff"
L 07/05/2020 - 10:38:11: Lua Error: 
[ERROR] Warning! A net message (chat_Org) is already started! Discarding in favor of the new message! (nw_IsTyping)

  1. _Send - addons/dash_3/lua/dash/libraries/nw.lua:154
   2. SetNetVar - addons/dash_3/lua/dash/libraries/nw.lua:313
    3. func - addons/badmin_2/lua/ba/modules/chatbox/detour_sv.lua:4
     4. unknown - lua/includes/extensions/net.lua:32


L 07/05/2020 - 10:38:58: Lua Error: 
[ERROR] lua/includes/util.lua:207: attempt to index a string value with bad key ('IsValid' is not part of the string library)
  1. error - [C]:-1
   2. __index - lua/includes/extensions/string.lua:297
    3. IsValid - lua/includes/util.lua:207
     4. WritePlayer - addons/dash_3/lua/dash/extensions/net.lua:118
      5. writemsg - gamemodes/darkrp/gamemode/core/chat/chats_sh.lua:40
       6. WriteFunc - gamemodes/darkrp/gamemode/core/chat/chats_sh.lua:218
        7. Send - addons/dash_3/lua/dash/libraries/chat.lua:44
         8. Run - gamemodes/darkrp/gamemode/core/commands/talk_sv.lua:53
          9. Run - addons/dash_3/lua/dash/libraries/cmd.lua:319
           10. v - addons/dash_3/lua/dash/libraries/cmd.lua:510
            11. unknown - addons/dash_3/lua/dash/libraries/hook.lua:36


L 07/05/2020 - 10:38:58: "COMPLΞX<3><STEAM_0:0:105635721><Team>" say "/o g"
L 07/05/2020 - 10:39:03: Lua Error: 
[ERROR] Warning! A net message (chat_Org) is already started! Discarding in favor of the new message! (_AntiCrash)

  1. unknown - addons/badmin_2/lua/ba/plugins/anticrash.lua:5


L 07/05/2020 - 10:39:26: Lua Error: 
[ERROR] lua/includes/util.lua:207: attempt to index a string value with bad key ('IsValid' is not part of the string library)
  1. error - [C]:-1
   2. __index - lua/includes/extensions/string.lua:297
    3. IsValid - lua/includes/util.lua:207
     4. WritePlayer - addons/dash_3/lua/dash/extensions/net.lua:118
      5. writemsg - gamemodes/darkrp/gamemode/core/chat/chats_sh.lua:40
       6. WriteFunc - gamemodes/darkrp/gamemode/core/chat/chats_sh.lua:218
        7. Send - addons/dash_3/lua/dash/libraries/chat.lua:44
         8. Run - gamemodes/darkrp/gamemode/core/commands/talk_sv.lua:53
          9. Run - addons/dash_3/lua/dash/libraries/cmd.lua:319
           10. v - addons/dash_3/lua/dash/libraries/cmd.lua:510
            11. unknown - addons/dash_3/lua/dash/libraries/hook.lua:36


L 07/05/2020 - 10:39:26: "COMPLΞX<3><STEAM_0:0:105635721><Team>" say "/o f"
L 07/05/2020 - 10:39:28: Lua Error: 
[ERROR] Warning! A net message (chat_Org) is already started! Discarding in favor of the new message! (_AntiCrash)

  1. unknown - addons/badmin_2/lua/ba/plugins/anticrash.lua:5


L 07/05/2020 - 10:39:41: Lua Error: 
[ERROR] gamemodes/darkrp/gamemode/core/chat/chats_sh.lua:41: bad argument #1 to 'WriteString' (string expected, got nil)
  1. WriteString - [C]:-1
   2. writemsg - gamemodes/darkrp/gamemode/core/chat/chats_sh.lua:41
    3. WriteFunc - gamemodes/darkrp/gamemode/core/chat/chats_sh.lua:218
     4. Send - addons/dash_3/lua/dash/libraries/chat.lua:44
      5. Run - gamemodes/darkrp/gamemode/core/commands/talk_sv.lua:53
       6. Run - addons/dash_3/lua/dash/libraries/cmd.lua:319
        7. v - addons/dash_3/lua/dash/libraries/cmd.lua:510
         8. unknown - addons/dash_3/lua/dash/libraries/hook.lua:36


L 07/05/2020 - 10:39:41: "COMPLΞX<3><STEAM_0:0:105635721><Team>" say "/o f"
L 07/05/2020 - 10:39:43: Lua Error: 
[ERROR] Warning! A net message (chat_Org) is already started! Discarding in favor of the new message! (_AntiCrash)

  1. unknown - addons/badmin_2/lua/ba/plugins/anticrash.lua:5


L 07/05/2020 - 10:45:14: "COMPLΞX<3><STEAM_0:0:105635721><Team>" say "gay"
L 07/05/2020 - 11:01:31: Lua Error: 
[ERROR] gamemodes/darkrp/gamemode/util/notifications/flashnotes/init_sv.lua:27: attempt to call field 'WriteTerm' (a nil value)
  1. FlashNotifyAll - gamemodes/darkrp/gamemode/util/notifications/flashnotes/init_sv.lua:27
   2. v - gamemodes/darkrp/gamemode/core/player/government/mayor/commands_sv.lua:206
    3. unknown - addons/dash_3/lua/dash/libraries/hook.lua:36
     4. Kill - [C]:-1
      5. unknown - gamemodes/darkrp/gamemode/core/commands/hunger_sv.lua:16


L 07/05/2020 - 11:01:33: Lua Error: 
[ERROR] Warning! A net message (rp.FlashTerm) is already started! Discarding in favor of the new message! (_AntiCrash)

  1. unknown - addons/badmin_2/lua/ba/plugins/anticrash.lua:5


L 07/05/2020 - 11:06:18: "COMPLΞX<3><STEAM_0:0:105635721><>" disconnected (reason "Disconnect by user.")
L 07/05/2020 - 11:08:56: "COMPLΞX<4><STEAM_0:0:105635721><>" connected, address "26.162.207.202:27006"
L 07/05/2020 - 11:08:56: "COMPLΞX<4><STEAM_0:0:105635721><>" STEAM USERID validated
L 07/05/2020 - 11:09:38: "COMPLΞX<4><STEAM_0:0:105635721><>" entered the game
L 07/05/2020 - 11:09:53: Lua Error: Error: hook->PlayerSay returned a non-string!

L 07/05/2020 - 11:09:53: "COMPLΞX<4><STEAM_0:0:105635721><Team>" say "gfg"
L 07/05/2020 - 11:10:02: Lua Error: Error: hook->PlayerSay returned a non-string!

L 07/05/2020 - 11:10:02: "COMPLΞX<4><STEAM_0:0:105635721><Team>" say "fdf\"
L 07/05/2020 - 11:10:06: Lua Error: 
[ERROR] gamemodes/darkrp/gamemode/core/commands/talk_sv.lua:11: unfinished string near '''
  1. include_dir - gamemodes/darkrp/gamemode/sh_init.lua:43
   2. Init - gamemodes/darkrp/gamemode/sh_init.lua:103
    3. unknown - gamemodes/darkrp/gamemode/sh_init.lua:128
     4. include - [C]:-1
      5. unknown - gamemodes/darkrp/gamemode/init.lua:3


L 07/05/2020 - 11:10:31: Lua Error: 
[ERROR] gamemodes/darkrp/gamemode/core/commands/main_sv.lua:450: bad argument #1 to 'find' (string expected, got nil)
  1. find - [C]:-1
   2. Run - gamemodes/darkrp/gamemode/core/commands/main_sv.lua:450
    3. Run - addons/dash_3/lua/dash/libraries/cmd.lua:319
     4. v - addons/dash_3/lua/dash/libraries/cmd.lua:510
      5. unknown - addons/dash_3/lua/dash/libraries/hook.lua:36


L 07/05/2020 - 11:10:31: "COMPLΞX<4><STEAM_0:0:105635721><Team>" say "/pm STEAM_0:0:105635721 ff"
L 07/05/2020 - 11:11:52: Lua Error: 
[ERROR] gamemodes/darkrp/gamemode/core/commands/main_sv.lua:450: bad argument #1 to 'find' (string expected, got nil)
  1. find - [C]:-1
   2. Run - gamemodes/darkrp/gamemode/core/commands/main_sv.lua:450
    3. Run - addons/dash_3/lua/dash/libraries/cmd.lua:319
     4. v - addons/dash_3/lua/dash/libraries/cmd.lua:510
      5. unknown - addons/dash_3/lua/dash/libraries/hook.lua:36


L 07/05/2020 - 11:11:52: "COMPLΞX<4><STEAM_0:0:105635721><Team>" say "/pm STEAM_0:0:105635721 f"
L 07/05/2020 - 11:12:04: Lua Error: 
[ERROR] gamemodes/darkrp/gamemode/core/commands/main_sv.lua:450: bad argument #1 to 'find' (string expected, got nil)
  1. find - [C]:-1
   2. Run - gamemodes/darkrp/gamemode/core/commands/main_sv.lua:450
    3. Run - addons/dash_3/lua/dash/libraries/cmd.lua:319
     4. v - addons/dash_3/lua/dash/libraries/cmd.lua:510
      5. unknown - addons/dash_3/lua/dash/libraries/hook.lua:36


L 07/05/2020 - 11:12:04: "COMPLΞX<4><STEAM_0:0:105635721><Team>" say "/pm STEAM_0:0:105635721  f"
L 07/05/2020 - 11:12:14: "COMPLΞX<4><STEAM_0:0:105635721><>" disconnected (reason "Server shutting down")
L 07/05/2020 - 11:12:14: server_message: "quit"
L 07/05/2020 - 11:12:14: Log file closed.
