L 07/03/2020 - 00:38:31: Log file started (file "logs\L0703006.log") (game "D:\sup\steamapps\common\GarrysModDS\garrysmod") (version "7836")
L 07/03/2020 - 00:38:31: server_cvar: "sv_alltalk" "3"
L 07/03/2020 - 00:38:32: Connection to Steam servers successful.
L 07/03/2020 - 00:38:32:    Public IP is 31.130.42.26.
L 07/03/2020 - 00:38:32: Assigned anonymous gameserver Steam ID [A-1:4269471748(15079)].
L 07/03/2020 - 00:38:33: VAC secure mode is activated.
L 07/03/2020 - 00:38:51: "DidVaitel<2><STEAM_0:1:74202541><>" connected, address "26.162.207.202:27006"
L 07/03/2020 - 00:38:52: "DidVaitel<2><STEAM_0:1:74202541><>" STEAM USERID validated
L 07/03/2020 - 00:39:01: "DidVaitel<2><STEAM_0:1:74202541><>" entered the game
L 07/03/2020 - 00:39:14: "DidVaitel<2><STEAM_0:1:74202541><>" disconnected (reason "Disconnect by user.")
L 07/03/2020 - 00:39:17: "DidVaitel<3><STEAM_0:1:74202541><>" connected, address "26.162.207.202:27006"
L 07/03/2020 - 00:39:17: "DidVaitel<3><STEAM_0:1:74202541><>" STEAM USERID validated
L 07/03/2020 - 00:39:18: "DidVaitel<3><STEAM_0:1:74202541><>" disconnected (reason "Disconnect by user.")
L 07/03/2020 - 00:39:21: "DidVaitel<4><STEAM_0:1:74202541><>" connected, address "26.162.207.202:27006"
L 07/03/2020 - 00:39:21: "DidVaitel<4><STEAM_0:1:74202541><>" STEAM USERID validated
L 07/03/2020 - 00:39:31: "DidVaitel<4><STEAM_0:1:74202541><>" entered the game
L 07/03/2020 - 00:49:50: "DidVaitel<4><STEAM_0:1:74202541><>" disconnected (reason "Disconnect by user.")
L 07/03/2020 - 00:49:51: "DidVaitel<5><STEAM_0:1:74202541><>" connected, address "26.162.207.202:27006"
L 07/03/2020 - 00:49:51: "DidVaitel<5><STEAM_0:1:74202541><>" STEAM USERID validated
L 07/03/2020 - 00:50:00: "DidVaitel<5><STEAM_0:1:74202541><>" entered the game
L 07/03/2020 - 00:51:29: "DidVaitel<5><STEAM_0:1:74202541><>" disconnected (reason "Disconnect by user.")
L 07/03/2020 - 00:51:29: "DidVaitel<6><STEAM_0:1:74202541><>" connected, address "26.162.207.202:27006"
L 07/03/2020 - 00:51:30: "DidVaitel<6><STEAM_0:1:74202541><>" STEAM USERID validated
L 07/03/2020 - 00:51:39: "DidVaitel<6><STEAM_0:1:74202541><>" entered the game
L 07/03/2020 - 00:54:31: Lua Error: 
[ERROR] gamemodes/darkrp/gamemode/core/credits/init_sv.lua:64: ')' expected (to close '(' at line 29) near 'local'
  1. include_dir - gamemodes/darkrp/gamemode/sh_init.lua:74
   2. unknown - gamemodes/darkrp/gamemode/sh_init.lua:165
    3. include - [C]:-1
     4. unknown - gamemodes/darkrp/gamemode/init.lua:3


L 07/03/2020 - 00:54:31: Lua Error: Corrupt shipment "Riot Shield": element model is corrupt.

L 07/03/2020 - 00:54:31: Lua Error: Corrupt shipment "Vape": element model is corrupt.

L 07/03/2020 - 00:54:31: Lua Error: 
[ERROR] gamemodes/darkrp/gamemode/core/credits/init_sv.lua:64: ')' expected (to close '(' at line 29) near 'local'
  1. include_dir - gamemodes/darkrp/gamemode/sh_init.lua:74
   2. unknown - gamemodes/darkrp/gamemode/sh_init.lua:165
    3. include - [C]:-1
     4. unknown - gamemodes/darkrp/gamemode/init.lua:3


L 07/03/2020 - 00:54:31: Lua Error: Corrupt shipment "Riot Shield": element model is corrupt.

L 07/03/2020 - 00:54:31: Lua Error: Corrupt shipment "Vape": element model is corrupt.

L 07/03/2020 - 00:54:42: Lua Error: 
[ERROR] gamemodes/darkrp/gamemode/core/credits/init_sv.lua:65: ')' expected (to close '(' at line 29) near 'local'
  1. include_dir - gamemodes/darkrp/gamemode/sh_init.lua:74
   2. unknown - gamemodes/darkrp/gamemode/sh_init.lua:165
    3. include - [C]:-1
     4. unknown - gamemodes/darkrp/gamemode/init.lua:3


L 07/03/2020 - 00:54:42: Lua Error: Corrupt shipment "Riot Shield": element model is corrupt.

L 07/03/2020 - 00:54:42: Lua Error: Corrupt shipment "Vape": element model is corrupt.

L 07/03/2020 - 00:54:42: Lua Error: 
[ERROR] gamemodes/darkrp/gamemode/core/credits/init_sv.lua:65: ')' expected (to close '(' at line 29) near 'local'
  1. include_dir - gamemodes/darkrp/gamemode/sh_init.lua:74
   2. unknown - gamemodes/darkrp/gamemode/sh_init.lua:165
    3. include - [C]:-1
     4. unknown - gamemodes/darkrp/gamemode/init.lua:3


L 07/03/2020 - 00:54:42: Lua Error: Corrupt shipment "Riot Shield": element model is corrupt.

L 07/03/2020 - 00:54:42: Lua Error: Corrupt shipment "Vape": element model is corrupt.

L 07/03/2020 - 00:54:51: "DidVaitel<6><STEAM_0:1:74202541><>" disconnected (reason "Disconnect by user.")
L 07/03/2020 - 00:54:52: "DidVaitel<7><STEAM_0:1:74202541><>" connected, address "26.162.207.202:27006"
L 07/03/2020 - 00:54:52: "DidVaitel<7><STEAM_0:1:74202541><>" STEAM USERID validated
L 07/03/2020 - 00:55:01: "DidVaitel<7><STEAM_0:1:74202541><>" entered the game
L 07/03/2020 - 00:55:25: "DidVaitel<7><STEAM_0:1:74202541><>" disconnected (reason "Disconnect by user.")
L 07/03/2020 - 00:55:28: "DidVaitel<8><STEAM_0:1:74202541><>" connected, address "26.162.207.202:27006"
L 07/03/2020 - 00:55:28: "DidVaitel<8><STEAM_0:1:74202541><>" STEAM USERID validated
L 07/03/2020 - 00:55:37: "DidVaitel<8><STEAM_0:1:74202541><>" entered the game
L 07/03/2020 - 00:57:08: Lua Error: 
[ERROR] gamemodes/darkrp/gamemode/core/credits/init_sv.lua:65: ')' expected (to close '(' at line 29) near 'local'
  1. include_dir - gamemodes/darkrp/gamemode/sh_init.lua:74
   2. unknown - gamemodes/darkrp/gamemode/sh_init.lua:165
    3. include - [C]:-1
     4. unknown - gamemodes/darkrp/gamemode/init.lua:3


L 07/03/2020 - 00:57:08: Lua Error: Corrupt shipment "Riot Shield": element model is corrupt.

L 07/03/2020 - 00:57:08: Lua Error: Corrupt shipment "Vape": element model is corrupt.

L 07/03/2020 - 00:57:14: Lua Error: Corrupt shipment "Riot Shield": element model is corrupt.

L 07/03/2020 - 00:57:14: Lua Error: Corrupt shipment "Vape": element model is corrupt.

L 07/03/2020 - 00:57:15: Lua Error: Corrupt shipment "Riot Shield": element model is corrupt.

L 07/03/2020 - 00:57:15: Lua Error: Corrupt shipment "Vape": element model is corrupt.

L 07/03/2020 - 00:57:19: Lua Error: gamemodes/darkrp/gamemode/core/credits/init_sv.lua:46: Calling net.Start with unpooled message name! [ http://goo.gl/qcx0y ]

L 07/03/2020 - 00:57:45: Lua Error: Corrupt shipment "Riot Shield": element model is corrupt.

L 07/03/2020 - 00:57:45: Lua Error: Corrupt shipment "Vape": element model is corrupt.

L 07/03/2020 - 00:57:45: Lua Error: Corrupt shipment "Riot Shield": element model is corrupt.

L 07/03/2020 - 00:57:45: Lua Error: Corrupt shipment "Vape": element model is corrupt.

L 07/03/2020 - 00:59:25: Lua Error: Corrupt shipment "Riot Shield": element model is corrupt.

L 07/03/2020 - 00:59:25: Lua Error: Corrupt shipment "Vape": element model is corrupt.

L 07/03/2020 - 00:59:25: Lua Error: Corrupt shipment "Riot Shield": element model is corrupt.

L 07/03/2020 - 00:59:25: Lua Error: Corrupt shipment "Vape": element model is corrupt.

L 07/03/2020 - 01:04:55: "DidVaitel<8><STEAM_0:1:74202541><>" disconnected (reason "Disconnect by user.")
L 07/03/2020 - 01:04:56: "DidVaitel<9><STEAM_0:1:74202541><>" connected, address "26.162.207.202:27006"
L 07/03/2020 - 01:04:56: "DidVaitel<9><STEAM_0:1:74202541><>" STEAM USERID validated
L 07/03/2020 - 01:05:06: "DidVaitel<9><STEAM_0:1:74202541><>" entered the game
L 07/03/2020 - 01:10:35: Lua Error: Corrupt shipment "Riot Shield": element model is corrupt.

L 07/03/2020 - 01:10:35: Lua Error: Corrupt shipment "Vape": element model is corrupt.

L 07/03/2020 - 01:10:39: Lua Error: gamemodes/darkrp/gamemode/core/credits/init_sv.lua:51: attempt to call global 'printv' (a nil value)

L 07/03/2020 - 01:10:42: Lua Error: 
[ERROR] Warning! A net message (rp.shop.Menu) is already started! Discarding in favor of the new message! (_AntiCrash)

  1. unknown - addons/badmin/lua/ba/modules/anticrash/main_sh.lua:5


L 07/03/2020 - 01:10:45: Lua Error: Corrupt shipment "Riot Shield": element model is corrupt.

L 07/03/2020 - 01:10:45: Lua Error: Corrupt shipment "Vape": element model is corrupt.

L 07/03/2020 - 01:11:17: Lua Error: Corrupt shipment "Riot Shield": element model is corrupt.

L 07/03/2020 - 01:11:17: Lua Error: Corrupt shipment "Vape": element model is corrupt.

L 07/03/2020 - 01:12:34: Lua Error: Corrupt shipment "Riot Shield": element model is corrupt.

L 07/03/2020 - 01:12:34: Lua Error: Corrupt shipment "Vape": element model is corrupt.

L 07/03/2020 - 01:12:34: Lua Error: Corrupt shipment "Riot Shield": element model is corrupt.

L 07/03/2020 - 01:12:34: Lua Error: Corrupt shipment "Vape": element model is corrupt.

L 07/03/2020 - 01:12:41: Lua Error: Corrupt shipment "Riot Shield": element model is corrupt.

L 07/03/2020 - 01:12:41: Lua Error: Corrupt shipment "Vape": element model is corrupt.

L 07/03/2020 - 01:13:11: Lua Error: Corrupt shipment "Riot Shield": element model is corrupt.

L 07/03/2020 - 01:13:11: Lua Error: Corrupt shipment "Vape": element model is corrupt.

L 07/03/2020 - 01:13:11: Lua Error: Corrupt shipment "Riot Shield": element model is corrupt.

L 07/03/2020 - 01:13:11: Lua Error: Corrupt shipment "Vape": element model is corrupt.

L 07/03/2020 - 01:14:00: Lua Error: Corrupt shipment "Riot Shield": element model is corrupt.

L 07/03/2020 - 01:14:00: Lua Error: Corrupt shipment "Vape": element model is corrupt.

L 07/03/2020 - 01:15:02: Lua Error: Corrupt shipment "Riot Shield": element model is corrupt.

L 07/03/2020 - 01:15:02: Lua Error: Corrupt shipment "Vape": element model is corrupt.

L 07/03/2020 - 01:15:45: Lua Error: Corrupt shipment "Riot Shield": element model is corrupt.

L 07/03/2020 - 01:15:45: Lua Error: Corrupt shipment "Vape": element model is corrupt.

L 07/03/2020 - 01:15:45: Lua Error: Corrupt shipment "Riot Shield": element model is corrupt.

L 07/03/2020 - 01:15:45: Lua Error: Corrupt shipment "Vape": element model is corrupt.

L 07/03/2020 - 01:17:53: Lua Error: Corrupt shipment "Riot Shield": element model is corrupt.

L 07/03/2020 - 01:17:53: Lua Error: Corrupt shipment "Vape": element model is corrupt.

L 07/03/2020 - 01:17:53: Lua Error: Corrupt shipment "Riot Shield": element model is corrupt.

L 07/03/2020 - 01:17:53: Lua Error: Corrupt shipment "Vape": element model is corrupt.

L 07/03/2020 - 01:18:05: Lua Error: Corrupt shipment "Riot Shield": element model is corrupt.

L 07/03/2020 - 01:18:05: Lua Error: Corrupt shipment "Vape": element model is corrupt.

L 07/03/2020 - 01:18:06: Lua Error: Corrupt shipment "Riot Shield": element model is corrupt.

L 07/03/2020 - 01:18:06: Lua Error: Corrupt shipment "Vape": element model is corrupt.

L 07/03/2020 - 01:18:06: Lua Error: gamemodes/darkrp/gamemode/core/credits/init_sv.lua:45: attempt to index a nil value

L 07/03/2020 - 01:18:12: Lua Error: gamemodes/darkrp/gamemode/core/credits/init_sv.lua:45: attempt to index a nil value

L 07/03/2020 - 01:18:35: Lua Error: Corrupt shipment "Riot Shield": element model is corrupt.

L 07/03/2020 - 01:18:35: Lua Error: Corrupt shipment "Vape": element model is corrupt.

L 07/03/2020 - 01:18:35: Lua Error: Corrupt shipment "Riot Shield": element model is corrupt.

L 07/03/2020 - 01:18:35: Lua Error: Corrupt shipment "Vape": element model is corrupt.

L 07/03/2020 - 01:18:41: Lua Error: Corrupt shipment "Riot Shield": element model is corrupt.

L 07/03/2020 - 01:18:41: Lua Error: Corrupt shipment "Vape": element model is corrupt.

L 07/03/2020 - 01:18:45: Lua Error: gamemodes/darkrp/gamemode/core/credits/init_sv.lua:47: attempt to index a number value

L 07/03/2020 - 01:19:02: Lua Error: Corrupt shipment "Riot Shield": element model is corrupt.

L 07/03/2020 - 01:19:02: Lua Error: Corrupt shipment "Vape": element model is corrupt.

L 07/03/2020 - 01:19:02: Lua Error: Corrupt shipment "Riot Shield": element model is corrupt.

L 07/03/2020 - 01:19:02: Lua Error: Corrupt shipment "Vape": element model is corrupt.

L 07/03/2020 - 01:19:03: Lua Error: gamemodes/darkrp/gamemode/core/credits/init_sv.lua:47: attempt to index a number value

L 07/03/2020 - 01:19:32: Lua Error: Corrupt shipment "Riot Shield": element model is corrupt.

L 07/03/2020 - 01:19:32: Lua Error: Corrupt shipment "Vape": element model is corrupt.

L 07/03/2020 - 01:19:36: Lua Error: gamemodes/darkrp/gamemode/core/credits/init_sv.lua:47: attempt to index a number value

L 07/03/2020 - 01:19:54: Lua Error: Corrupt shipment "Riot Shield": element model is corrupt.

L 07/03/2020 - 01:19:54: Lua Error: Corrupt shipment "Vape": element model is corrupt.

L 07/03/2020 - 01:19:56: Lua Error: gamemodes/darkrp/gamemode/core/credits/init_sv.lua:44: attempt to index a string value

L 07/03/2020 - 01:20:11: Lua Error: Corrupt shipment "Riot Shield": element model is corrupt.

L 07/03/2020 - 01:20:11: Lua Error: Corrupt shipment "Vape": element model is corrupt.

L 07/03/2020 - 01:20:53: Lua Error: Corrupt shipment "Riot Shield": element model is corrupt.

L 07/03/2020 - 01:20:53: Lua Error: Corrupt shipment "Vape": element model is corrupt.

L 07/03/2020 - 01:21:01: Lua Error: Corrupt shipment "Riot Shield": element model is corrupt.

L 07/03/2020 - 01:21:01: Lua Error: Corrupt shipment "Vape": element model is corrupt.

L 07/03/2020 - 01:21:12: Lua Error: Corrupt shipment "Riot Shield": element model is corrupt.

L 07/03/2020 - 01:21:12: Lua Error: Corrupt shipment "Vape": element model is corrupt.

L 07/03/2020 - 01:21:12: Lua Error: Corrupt shipment "Riot Shield": element model is corrupt.

L 07/03/2020 - 01:21:12: Lua Error: Corrupt shipment "Vape": element model is corrupt.

L 07/03/2020 - 01:21:14: Lua Error: gamemodes/darkrp/gamemode/core/credits/init_sv.lua:47: attempt to index a nil value

L 07/03/2020 - 01:21:28: Lua Error: Corrupt shipment "Riot Shield": element model is corrupt.

L 07/03/2020 - 01:21:28: Lua Error: Corrupt shipment "Vape": element model is corrupt.

L 07/03/2020 - 01:21:28: Lua Error: Corrupt shipment "Riot Shield": element model is corrupt.

L 07/03/2020 - 01:21:28: Lua Error: Corrupt shipment "Vape": element model is corrupt.

L 07/03/2020 - 01:21:37: Lua Error: Corrupt shipment "Riot Shield": element model is corrupt.

L 07/03/2020 - 01:21:37: Lua Error: Corrupt shipment "Vape": element model is corrupt.

L 07/03/2020 - 01:21:37: Lua Error: Corrupt shipment "Riot Shield": element model is corrupt.

L 07/03/2020 - 01:21:37: Lua Error: Corrupt shipment "Vape": element model is corrupt.

L 07/03/2020 - 01:21:57: Lua Error: Corrupt shipment "Riot Shield": element model is corrupt.

L 07/03/2020 - 01:21:57: Lua Error: Corrupt shipment "Vape": element model is corrupt.

L 07/03/2020 - 01:22:02: Lua Error: 
[ERROR] gamemodes/darkrp/gamemode/core/credits/init_sv.lua:169: attempt to index local 'args' (a nil value)
  1. Run - gamemodes/darkrp/gamemode/core/credits/init_sv.lua:169
   2. Run - addons/dash_3/lua/dash/libraries/cmd.lua:319
    3. func - addons/dash_3/lua/dash/libraries/cmd.lua:501
     4. unknown - lua/includes/extensions/net.lua:32


L 07/03/2020 - 01:22:33: Lua Error: Corrupt shipment "Riot Shield": element model is corrupt.

L 07/03/2020 - 01:22:33: Lua Error: Corrupt shipment "Vape": element model is corrupt.

L 07/03/2020 - 01:22:38: Lua Error: 
[ERROR] lua/includes/extensions/table.lua:693: bad argument #1 to 'pairs' (table expected, got nil)
  1. pairs - [C]:-1
   2. GetKeys - lua/includes/extensions/table.lua:693
    3. PrintTable - lua/includes/util.lua:63
     4. Run - gamemodes/darkrp/gamemode/core/credits/init_sv.lua:169
      5. Run - addons/dash_3/lua/dash/libraries/cmd.lua:319
       6. func - addons/dash_3/lua/dash/libraries/cmd.lua:501
        7. unknown - lua/includes/extensions/net.lua:32


L 07/03/2020 - 01:23:23: Lua Error: 
[ERROR] lua/includes/extensions/table.lua:693: bad argument #1 to 'pairs' (table expected, got nil)
  1. pairs - [C]:-1
   2. GetKeys - lua/includes/extensions/table.lua:693
    3. PrintTable - lua/includes/util.lua:63
     4. Run - gamemodes/darkrp/gamemode/core/credits/init_sv.lua:169
      5. Run - addons/dash_3/lua/dash/libraries/cmd.lua:319
       6. func - addons/dash_3/lua/dash/libraries/cmd.lua:501
        7. unknown - lua/includes/extensions/net.lua:32


L 07/03/2020 - 01:30:47: "DidVaitel<9><STEAM_0:1:74202541><>" disconnected (reason "Disconnect by user.")
L 07/03/2020 - 01:30:50: "DidVaitel<10><STEAM_0:1:74202541><>" connected, address "26.162.207.202:27006"
L 07/03/2020 - 01:30:50: "DidVaitel<10><STEAM_0:1:74202541><>" STEAM USERID validated
L 07/03/2020 - 01:31:00: "DidVaitel<10><STEAM_0:1:74202541><>" entered the game
L 07/03/2020 - 01:31:22: Lua Error: Corrupt shipment "Riot Shield": element model is corrupt.

L 07/03/2020 - 01:31:22: Lua Error: Corrupt shipment "Vape": element model is corrupt.

L 07/03/2020 - 01:31:27: Lua Error: 
[ERROR] lua/includes/extensions/table.lua:693: bad argument #1 to 'pairs' (table expected, got string)
  1. pairs - [C]:-1
   2. GetKeys - lua/includes/extensions/table.lua:693
    3. PrintTable - lua/includes/util.lua:63
     4. Run - gamemodes/darkrp/gamemode/core/credits/init_sv.lua:169
      5. Run - addons/dash_3/lua/dash/libraries/cmd.lua:319
       6. func - addons/dash_3/lua/dash/libraries/cmd.lua:501
        7. unknown - lua/includes/extensions/net.lua:32


L 07/03/2020 - 01:33:53: Lua Error: Corrupt shipment "Riot Shield": element model is corrupt.

L 07/03/2020 - 01:33:53: Lua Error: Corrupt shipment "Vape": element model is corrupt.

L 07/03/2020 - 01:33:58: Lua Error: gamemodes/darkrp/gamemode/core/credits/init_sv.lua:45: Calling net.Start with unpooled message name! [ http://goo.gl/qcx0y ]

L 07/03/2020 - 01:48:17: Lua Error: Corrupt shipment "Riot Shield": element model is corrupt.

L 07/03/2020 - 01:48:17: Lua Error: Corrupt shipment "Vape": element model is corrupt.

L 07/03/2020 - 01:48:18: Lua Error: Corrupt shipment "Riot Shield": element model is corrupt.

L 07/03/2020 - 01:48:18: Lua Error: Corrupt shipment "Vape": element model is corrupt.

L 07/03/2020 - 01:48:20: "DidVaitel<10><STEAM_0:1:74202541><>" disconnected (reason "Disconnect by user.")
L 07/03/2020 - 01:48:22: "DidVaitel<11><STEAM_0:1:74202541><>" connected, address "26.162.207.202:27006"
L 07/03/2020 - 01:48:23: "DidVaitel<11><STEAM_0:1:74202541><>" STEAM USERID validated
L 07/03/2020 - 01:48:32: "DidVaitel<11><STEAM_0:1:74202541><>" entered the game
L 07/03/2020 - 01:48:44: Lua Error: Corrupt shipment "Riot Shield": element model is corrupt.

L 07/03/2020 - 01:48:44: Lua Error: Corrupt shipment "Vape": element model is corrupt.

L 07/03/2020 - 01:48:45: Lua Error: Corrupt shipment "Riot Shield": element model is corrupt.

L 07/03/2020 - 01:48:45: Lua Error: Corrupt shipment "Vape": element model is corrupt.

L 07/03/2020 - 01:48:58: "DidVaitel<11><STEAM_0:1:74202541><>" disconnected (reason "Disconnect by user.")
L 07/03/2020 - 01:49:00: "DidVaitel<12><STEAM_0:1:74202541><>" connected, address "26.162.207.202:27006"
L 07/03/2020 - 01:49:00: "DidVaitel<12><STEAM_0:1:74202541><>" STEAM USERID validated
L 07/03/2020 - 01:49:10: "DidVaitel<12><STEAM_0:1:74202541><>" entered the game
L 07/03/2020 - 01:49:49: "DidVaitel<12><STEAM_0:1:74202541><>" disconnected (reason "Disconnect by user.")
L 07/03/2020 - 01:49:49: "DidVaitel<13><STEAM_0:1:74202541><>" connected, address "26.162.207.202:27006"
L 07/03/2020 - 01:49:50: "DidVaitel<13><STEAM_0:1:74202541><>" STEAM USERID validated
L 07/03/2020 - 01:49:59: "DidVaitel<13><STEAM_0:1:74202541><>" entered the game
L 07/03/2020 - 01:50:28: "DidVaitel<13><STEAM_0:1:74202541><>" disconnected (reason "Disconnect by user.")
L 07/03/2020 - 01:50:28: "DidVaitel<14><STEAM_0:1:74202541><>" connected, address "26.162.207.202:27006"
L 07/03/2020 - 01:50:29: "DidVaitel<14><STEAM_0:1:74202541><>" STEAM USERID validated
L 07/03/2020 - 01:50:38: "DidVaitel<14><STEAM_0:1:74202541><>" entered the game
L 07/03/2020 - 01:52:56: "DidVaitel<14><STEAM_0:1:74202541><>" disconnected (reason "Disconnect by user.")
L 07/03/2020 - 01:52:57: "DidVaitel<15><STEAM_0:1:74202541><>" connected, address "26.162.207.202:27006"
L 07/03/2020 - 01:52:57: "DidVaitel<15><STEAM_0:1:74202541><>" STEAM USERID validated
L 07/03/2020 - 01:53:07: "DidVaitel<15><STEAM_0:1:74202541><>" entered the game
L 07/03/2020 - 01:54:44: Lua Error: Corrupt shipment "Riot Shield": element model is corrupt.

L 07/03/2020 - 01:54:44: Lua Error: Corrupt shipment "Vape": element model is corrupt.

L 07/03/2020 - 01:55:37: "DidVaitel<15><STEAM_0:1:74202541><>" disconnected (reason "Disconnect by user.")
L 07/03/2020 - 01:55:38: "DidVaitel<16><STEAM_0:1:74202541><>" connected, address "26.162.207.202:27006"
L 07/03/2020 - 01:55:38: "DidVaitel<16><STEAM_0:1:74202541><>" STEAM USERID validated
L 07/03/2020 - 01:55:48: "DidVaitel<16><STEAM_0:1:74202541><>" entered the game
L 07/03/2020 - 01:56:34: Lua Error: Corrupt shipment "Riot Shield": element model is corrupt.

L 07/03/2020 - 01:56:34: Lua Error: Corrupt shipment "Vape": element model is corrupt.

L 07/03/2020 - 01:57:48: Lua Error: Corrupt shipment "Riot Shield": element model is corrupt.

L 07/03/2020 - 01:57:48: Lua Error: Corrupt shipment "Vape": element model is corrupt.

L 07/03/2020 - 01:58:35: Lua Error: Corrupt shipment "Riot Shield": element model is corrupt.

L 07/03/2020 - 01:58:35: Lua Error: Corrupt shipment "Vape": element model is corrupt.

L 07/03/2020 - 02:00:10: Lua Error: Corrupt shipment "Riot Shield": element model is corrupt.

L 07/03/2020 - 02:00:10: Lua Error: Corrupt shipment "Vape": element model is corrupt.

L 07/03/2020 - 02:00:11: Lua Error: Corrupt shipment "Riot Shield": element model is corrupt.

L 07/03/2020 - 02:00:11: Lua Error: Corrupt shipment "Vape": element model is corrupt.

L 07/03/2020 - 02:03:35: "DidVaitel<16><STEAM_0:1:74202541><>" disconnected (reason "Server shutting down")
L 07/03/2020 - 02:03:35: server_message: "quit"
L 07/03/2020 - 02:03:35: Log file closed.
