L 07/09/2020 - 17:35:52: Log file started (file "logs\L0709019.log") (game "D:\sup\steamapps\common\GarrysModDS\garrysmod") (version "7836")
L 07/09/2020 - 17:35:52: server_cvar: "sv_alltalk" "3"
L 07/09/2020 - 17:35:53: Connection to Steam servers successful.
L 07/09/2020 - 17:35:53:    Public IP is 31.130.42.26.
L 07/09/2020 - 17:35:53: Assigned anonymous gameserver Steam ID [A-1:1983115264(15119)].
L 07/09/2020 - 17:35:53: VAC secure mode is activated.
L 07/09/2020 - 17:36:03: Lua Error: 
[ERROR] gamemodes/darkrp/gamemode/cfg/info.lua:11: attempt to index field 'info' (a nil value)
  1. unknown - gamemodes/darkrp/gamemode/cfg/info.lua:11
   2. IncludeSH - [C]:-1
    3. Init - gamemodes/darkrp/gamemode/sh_init.lua:85
     4. unknown - gamemodes/darkrp/gamemode/sh_init.lua:132
      5. include - [C]:-1
       6. unknown - gamemodes/darkrp/gamemode/init.lua:3


L 07/09/2020 - 17:36:03: Lua Error: [AddCSLuaFile] Couldn't find 'darkrp/gamemode/cfg/doors/rp_bangclaw.lua' (@addons/dash_3/lua/dash/init.lua (line 11))

L 07/09/2020 - 17:36:03: Lua Error: Couldn't include file 'darkrp\gamemode\cfg\doors\rp_bangclaw.lua' (File not found) (@gamemodes/darkrp/gamemode/sh_init.lua (line 113))

L 07/09/2020 - 17:36:14: Lua Error: [AddCSLuaFile] Couldn't find 'darkrp/gamemode/cfg/doors/rp_bangclaw.lua' (@addons/dash_3/lua/dash/init.lua (line 11))

L 07/09/2020 - 17:36:14: Lua Error: Couldn't include file 'darkrp\gamemode\cfg\doors\rp_bangclaw.lua' (File not found) (@gamemodes/darkrp/gamemode/sh_init.lua (line 113))

L 07/09/2020 - 17:36:21: Lua Error: [AddCSLuaFile] Couldn't find 'darkrp/gamemode/cfg/doors/rp_bangclaw.lua' (@addons/dash_3/lua/dash/init.lua (line 11))

L 07/09/2020 - 17:36:21: Lua Error: Couldn't include file 'darkrp\gamemode\cfg\doors\rp_bangclaw.lua' (File not found) (@gamemodes/darkrp/gamemode/sh_init.lua (line 113))

L 07/09/2020 - 17:36:21: Lua Error: [AddCSLuaFile] Couldn't find 'darkrp/gamemode/cfg/doors/rp_bangclaw.lua' (@addons/dash_3/lua/dash/init.lua (line 11))

L 07/09/2020 - 17:36:21: Lua Error: Couldn't include file 'darkrp\gamemode\cfg\doors\rp_bangclaw.lua' (File not found) (@gamemodes/darkrp/gamemode/sh_init.lua (line 113))

L 07/09/2020 - 17:36:27: server_message: "quit"
L 07/09/2020 - 17:36:27: Log file closed.
