L 07/03/2020 - 09:46:43: Log file started (file "logs\L0703034.log") (game "D:\sup\steamapps\common\GarrysModDS\garrysmod") (version "7836")
L 07/03/2020 - 09:46:43: server_cvar: "sv_alltalk" "3"
L 07/03/2020 - 09:46:44: Connection to Steam servers successful.
L 07/03/2020 - 09:46:44:    Public IP is 31.130.42.26.
L 07/03/2020 - 09:46:44: Assigned anonymous gameserver Steam ID [A-1:3504005128(15081)].
L 07/03/2020 - 09:46:44: VAC secure mode is activated.
L 07/03/2020 - 09:47:37: "DidVaitel<2><STEAM_0:1:74202541><>" connected, address "26.162.207.202:27006"
L 07/03/2020 - 09:47:37: "DidVaitel<2><STEAM_0:1:74202541><>" STEAM USERID validated
L 07/03/2020 - 09:47:47: "DidVaitel<2><STEAM_0:1:74202541><>" entered the game
L 07/03/2020 - 09:48:07: Lua Error: 
[ERROR] gamemodes/darkrp/gamemode/core/player/player_old_sv.lua:158: attempt to index upvalue 'TeamSpawns' (a nil value)
  1. getspawn - gamemodes/darkrp/gamemode/core/player/player_old_sv.lua:158
   2. ChangeTeam - gamemodes/darkrp/gamemode/core/player/player_old_sv.lua:290
    3. Run - gamemodes/darkrp/gamemode/core/makethings/commands_sh.lua:94
     4. Run - addons/dash_3/lua/dash/libraries/cmd.lua:319
      5. func - addons/dash_3/lua/dash/libraries/cmd.lua:501
       6. unknown - lua/includes/extensions/net.lua:32


L 07/03/2020 - 09:48:56: Lua Error: Couldn't include file 'darkrp\gamemode\util\questions\questions_sv.lua' (File not found) (@gamemodes/darkrp/gamemode/sh_init.lua (line 43))

L 07/03/2020 - 09:48:56: Lua Error: Corrupt shipment "Riot Shield": element model is corrupt.

L 07/03/2020 - 09:48:56: Lua Error: Corrupt shipment "Vape": element model is corrupt.

L 07/03/2020 - 09:48:56: Lua Error: Couldn't include file 'darkrp\gamemode\cfg\struggle.lua' (File not found) (@gamemodes/darkrp/gamemode/sh_init.lua (line 121))

L 07/03/2020 - 09:49:29: Lua Error: Couldn't include file 'darkrp\gamemode\util\questions\questions_sv.lua' (File not found) (@gamemodes/darkrp/gamemode/sh_init.lua (line 43))

L 07/03/2020 - 09:49:30: Lua Error: Corrupt shipment "Riot Shield": element model is corrupt.

L 07/03/2020 - 09:49:30: Lua Error: Corrupt shipment "Vape": element model is corrupt.

L 07/03/2020 - 09:49:30: Lua Error: Couldn't include file 'darkrp\gamemode\cfg\struggle.lua' (File not found) (@gamemodes/darkrp/gamemode/sh_init.lua (line 121))

L 07/03/2020 - 09:49:30: Lua Error: Couldn't include file 'darkrp\gamemode\util\questions\questions_sv.lua' (File not found) (@gamemodes/darkrp/gamemode/sh_init.lua (line 43))

L 07/03/2020 - 09:49:30: Lua Error: Corrupt shipment "Riot Shield": element model is corrupt.

L 07/03/2020 - 09:49:30: Lua Error: Corrupt shipment "Vape": element model is corrupt.

L 07/03/2020 - 09:49:30: Lua Error: Couldn't include file 'darkrp\gamemode\cfg\struggle.lua' (File not found) (@gamemodes/darkrp/gamemode/sh_init.lua (line 121))

L 07/03/2020 - 09:49:45: Lua Error: 
[ERROR] addons/dash_3/lua/dash/libraries/nw.lua:313: attempt to index a nil value
  1. SetNetVar - addons/dash_3/lua/dash/libraries/nw.lua:313
   2. CPPISetOwner - gamemodes/darkrp/gamemode/core/prop_protect/init_sv.lua:144
    3. v - gamemodes/darkrp/gamemode/core/prop_protect/hooks_sv.lua:55
     4. Call - addons/dash_3/lua/dash/libraries/hook.lua:36
      5. Spawn_SENT - gamemodes/darkrp/gamemode/core/sandbox/commands_sv.lua:626
       6. unknown - gamemodes/darkrp/gamemode/core/sandbox/commands_sv.lua:643
        7. unknown - lua/includes/modules/concommand.lua:54


L 07/03/2020 - 09:49:46: Lua Error: 
[ERROR] gamemodes/darkrp/entities/entities/ent_disguise/init.lua:30: Calling net.Start with unpooled message name! [ http://goo.gl/qcx0y ]
  1. Start - [C]:-1
   2. unknown - gamemodes/darkrp/entities/entities/ent_disguise/init.lua:30


L 07/03/2020 - 09:49:46: Lua Error: 
[ERROR] gamemodes/darkrp/entities/entities/ent_disguise/init.lua:30: Calling net.Start with unpooled message name! [ http://goo.gl/qcx0y ]
  1. Start - [C]:-1
   2. unknown - gamemodes/darkrp/entities/entities/ent_disguise/init.lua:30


L 07/03/2020 - 10:25:10: Lua Error: 
[ERROR] addons/badmin_2/lua/ba/plugins/core.lua:66: attempt to call field 'NOTIFY_STAFF' (a nil value)
  1. Run - addons/badmin_2/lua/ba/plugins/core.lua:66
   2. Run - addons/dash_3/lua/dash/libraries/cmd.lua:319
    3. unknown - addons/dash_3/lua/dash/libraries/cmd.lua:362
     4. unknown - lua/includes/modules/concommand.lua:54


L 07/03/2020 - 10:45:01: Lua Error: 
[ERROR] gamemodes/darkrp/entities/entities/ent_disguise/init.lua:30: Calling net.Start with unpooled message name! [ http://goo.gl/qcx0y ]
  1. Start - [C]:-1
   2. unknown - gamemodes/darkrp/entities/entities/ent_disguise/init.lua:30


L 07/03/2020 - 10:45:25: Lua Error: 
[ERROR] addons/dash_3/lua/dash/libraries/nw.lua:313: attempt to index a nil value
  1. SetNetVar - addons/dash_3/lua/dash/libraries/nw.lua:313
   2. CPPISetOwner - gamemodes/darkrp/gamemode/core/prop_protect/init_sv.lua:144
    3. v - gamemodes/darkrp/gamemode/core/prop_protect/hooks_sv.lua:55
     4. Call - addons/dash_3/lua/dash/libraries/hook.lua:36
      5. Spawn_SENT - gamemodes/darkrp/gamemode/core/sandbox/commands_sv.lua:626
       6. unknown - gamemodes/darkrp/gamemode/core/sandbox/commands_sv.lua:643
        7. unknown - lua/includes/modules/concommand.lua:54


L 07/03/2020 - 10:45:26: Lua Error: 
[ERROR] addons/dash_3/lua/dash/libraries/nw.lua:313: attempt to index a nil value
  1. SetNetVar - addons/dash_3/lua/dash/libraries/nw.lua:313
   2. CPPISetOwner - gamemodes/darkrp/gamemode/core/prop_protect/init_sv.lua:144
    3. v - gamemodes/darkrp/gamemode/core/prop_protect/hooks_sv.lua:55
     4. Call - addons/dash_3/lua/dash/libraries/hook.lua:36
      5. Spawn_SENT - gamemodes/darkrp/gamemode/core/sandbox/commands_sv.lua:626
       6. unknown - gamemodes/darkrp/gamemode/core/sandbox/commands_sv.lua:643
        7. unknown - lua/includes/modules/concommand.lua:54


L 07/03/2020 - 10:47:01: Lua Error: Couldn't include file 'darkrp\gamemode\util\questions\questions_sv.lua' (File not found) (@gamemodes/darkrp/gamemode/sh_init.lua (line 43))

L 07/03/2020 - 10:47:01: Lua Error: Corrupt shipment "Riot Shield": element model is corrupt.

L 07/03/2020 - 10:47:01: Lua Error: Corrupt shipment "Vape": element model is corrupt.

L 07/03/2020 - 10:47:01: Lua Error: Couldn't include file 'darkrp\gamemode\cfg\struggle.lua' (File not found) (@gamemodes/darkrp/gamemode/sh_init.lua (line 121))

L 07/03/2020 - 10:52:07: "DidVaitel<2><STEAM_0:1:74202541><Team>" say "ffdfd"
L 07/03/2020 - 10:52:09: "DidVaitel<2><STEAM_0:1:74202541><Team>" say_team "fgdfgd"
L 07/03/2020 - 10:53:59: Lua Error: 
[ERROR] gamemodes/darkrp/entities/entities/ent_disguise/init.lua:57: attempt to call global 'LocalPlayer' (a nil value)
  1. func - gamemodes/darkrp/entities/entities/ent_disguise/init.lua:57
   2. unknown - lua/includes/extensions/net.lua:32


L 07/03/2020 - 10:57:20: Lua Error: Couldn't include file 'darkrp\gamemode\util\questions\questions_sv.lua' (File not found) (@gamemodes/darkrp/gamemode/sh_init.lua (line 43))

L 07/03/2020 - 10:57:20: Lua Error: 
[ERROR] gamemodes/darkrp/gamemode/core/commands/sv_init.lua:93: ')' expected (to close '(' at line 50) near ':'
  1. include_dir - gamemodes/darkrp/gamemode/sh_init.lua:43
   2. Init - gamemodes/darkrp/gamemode/sh_init.lua:103
    3. unknown - gamemodes/darkrp/gamemode/sh_init.lua:128
     4. include - [C]:-1
      5. unknown - gamemodes/darkrp/gamemode/init.lua:3


L 07/03/2020 - 10:57:21: Lua Error: Corrupt shipment "Riot Shield": element model is corrupt.

L 07/03/2020 - 10:57:21: Lua Error: Corrupt shipment "Vape": element model is corrupt.

L 07/03/2020 - 10:57:21: Lua Error: Couldn't include file 'darkrp\gamemode\cfg\struggle.lua' (File not found) (@gamemodes/darkrp/gamemode/sh_init.lua (line 121))

L 07/03/2020 - 10:57:29: Lua Error: Couldn't include file 'darkrp\gamemode\util\questions\questions_sv.lua' (File not found) (@gamemodes/darkrp/gamemode/sh_init.lua (line 43))

L 07/03/2020 - 10:57:29: Lua Error: Corrupt shipment "Riot Shield": element model is corrupt.

L 07/03/2020 - 10:57:29: Lua Error: Corrupt shipment "Vape": element model is corrupt.

L 07/03/2020 - 10:57:29: Lua Error: Couldn't include file 'darkrp\gamemode\cfg\struggle.lua' (File not found) (@gamemodes/darkrp/gamemode/sh_init.lua (line 121))

L 07/03/2020 - 10:59:04: Lua Error: Couldn't include file 'darkrp\gamemode\util\questions\questions_sv.lua' (File not found) (@gamemodes/darkrp/gamemode/sh_init.lua (line 43))

L 07/03/2020 - 10:59:04: Lua Error: Corrupt shipment "Riot Shield": element model is corrupt.

L 07/03/2020 - 10:59:04: Lua Error: Corrupt shipment "Vape": element model is corrupt.

L 07/03/2020 - 10:59:04: Lua Error: Couldn't include file 'darkrp\gamemode\cfg\struggle.lua' (File not found) (@gamemodes/darkrp/gamemode/sh_init.lua (line 121))

L 07/03/2020 - 11:00:42: Lua Error: Couldn't include file 'darkrp\gamemode\util\questions\questions_sv.lua' (File not found) (@gamemodes/darkrp/gamemode/sh_init.lua (line 43))

L 07/03/2020 - 11:00:42: Lua Error: Corrupt shipment "Riot Shield": element model is corrupt.

L 07/03/2020 - 11:00:42: Lua Error: Corrupt shipment "Vape": element model is corrupt.

L 07/03/2020 - 11:00:42: Lua Error: Couldn't include file 'darkrp\gamemode\cfg\struggle.lua' (File not found) (@gamemodes/darkrp/gamemode/sh_init.lua (line 121))

L 07/03/2020 - 11:03:06: Lua Error: Couldn't include file 'darkrp\gamemode\util\questions\questions_sv.lua' (File not found) (@gamemodes/darkrp/gamemode/sh_init.lua (line 43))

L 07/03/2020 - 11:03:06: Lua Error: Corrupt shipment "Riot Shield": element model is corrupt.

L 07/03/2020 - 11:03:06: Lua Error: Corrupt shipment "Vape": element model is corrupt.

L 07/03/2020 - 11:03:06: Lua Error: Couldn't include file 'darkrp\gamemode\cfg\struggle.lua' (File not found) (@gamemodes/darkrp/gamemode/sh_init.lua (line 121))

L 07/03/2020 - 11:03:13: Lua Error: Couldn't include file 'darkrp\gamemode\util\questions\questions_sv.lua' (File not found) (@gamemodes/darkrp/gamemode/sh_init.lua (line 43))

L 07/03/2020 - 11:03:13: Lua Error: Corrupt shipment "Riot Shield": element model is corrupt.

L 07/03/2020 - 11:03:13: Lua Error: Corrupt shipment "Vape": element model is corrupt.

L 07/03/2020 - 11:03:13: Lua Error: Couldn't include file 'darkrp\gamemode\cfg\struggle.lua' (File not found) (@gamemodes/darkrp/gamemode/sh_init.lua (line 121))

L 07/03/2020 - 11:03:21: Lua Error: Couldn't include file 'darkrp\gamemode\util\questions\questions_sv.lua' (File not found) (@gamemodes/darkrp/gamemode/sh_init.lua (line 43))

L 07/03/2020 - 11:03:21: Lua Error: Corrupt shipment "Riot Shield": element model is corrupt.

L 07/03/2020 - 11:03:21: Lua Error: Corrupt shipment "Vape": element model is corrupt.

L 07/03/2020 - 11:03:21: Lua Error: Couldn't include file 'darkrp\gamemode\cfg\struggle.lua' (File not found) (@gamemodes/darkrp/gamemode/sh_init.lua (line 121))

L 07/03/2020 - 11:03:21: Lua Error: Couldn't include file 'darkrp\gamemode\util\questions\questions_sv.lua' (File not found) (@gamemodes/darkrp/gamemode/sh_init.lua (line 43))

L 07/03/2020 - 11:03:22: Lua Error: Corrupt shipment "Riot Shield": element model is corrupt.

L 07/03/2020 - 11:03:22: Lua Error: Corrupt shipment "Vape": element model is corrupt.

L 07/03/2020 - 11:03:22: Lua Error: Couldn't include file 'darkrp\gamemode\cfg\struggle.lua' (File not found) (@gamemodes/darkrp/gamemode/sh_init.lua (line 121))

L 07/03/2020 - 11:03:25: Lua Error: Couldn't include file 'darkrp\gamemode\util\questions\questions_sv.lua' (File not found) (@gamemodes/darkrp/gamemode/sh_init.lua (line 43))

L 07/03/2020 - 11:03:25: Lua Error: Corrupt shipment "Riot Shield": element model is corrupt.

L 07/03/2020 - 11:03:25: Lua Error: Corrupt shipment "Vape": element model is corrupt.

L 07/03/2020 - 11:03:25: Lua Error: Couldn't include file 'darkrp\gamemode\cfg\struggle.lua' (File not found) (@gamemodes/darkrp/gamemode/sh_init.lua (line 121))

L 07/03/2020 - 11:07:40: Lua Error: 
[ERROR] gamemodes/darkrp/gamemode/core/commands/gambling_sv.lua:71: attempt to call field 'LocalChat' (a nil value)
  1. Run - gamemodes/darkrp/gamemode/core/commands/gambling_sv.lua:71
   2. Run - addons/dash_3/lua/dash/libraries/cmd.lua:319
    3. func - addons/dash_3/lua/dash/libraries/cmd.lua:501
     4. unknown - lua/includes/extensions/net.lua:32


L 07/03/2020 - 11:07:40: Lua Error: 
[ERROR] gamemodes/darkrp/gamemode/core/commands/gambling_sv.lua:66: attempt to call field 'LocalChat' (a nil value)
  1. Run - gamemodes/darkrp/gamemode/core/commands/gambling_sv.lua:66
   2. Run - addons/dash_3/lua/dash/libraries/cmd.lua:319
    3. func - addons/dash_3/lua/dash/libraries/cmd.lua:501
     4. unknown - lua/includes/extensions/net.lua:32


L 07/03/2020 - 11:07:41: Lua Error: 
[ERROR] gamemodes/darkrp/gamemode/core/commands/gambling_sv.lua:66: attempt to call field 'LocalChat' (a nil value)
  1. Run - gamemodes/darkrp/gamemode/core/commands/gambling_sv.lua:66
   2. Run - addons/dash_3/lua/dash/libraries/cmd.lua:319
    3. func - addons/dash_3/lua/dash/libraries/cmd.lua:501
     4. unknown - lua/includes/extensions/net.lua:32


L 07/03/2020 - 11:08:40: Lua Error: Couldn't include file 'darkrp\gamemode\util\questions\questions_sv.lua' (File not found) (@gamemodes/darkrp/gamemode/sh_init.lua (line 43))

L 07/03/2020 - 11:08:40: Lua Error: Corrupt shipment "Riot Shield": element model is corrupt.

L 07/03/2020 - 11:08:40: Lua Error: Corrupt shipment "Vape": element model is corrupt.

L 07/03/2020 - 11:08:40: Lua Error: Couldn't include file 'darkrp\gamemode\cfg\struggle.lua' (File not found) (@gamemodes/darkrp/gamemode/sh_init.lua (line 121))

L 07/03/2020 - 11:08:40: Lua Error: Couldn't include file 'darkrp\gamemode\util\questions\questions_sv.lua' (File not found) (@gamemodes/darkrp/gamemode/sh_init.lua (line 43))

L 07/03/2020 - 11:08:41: Lua Error: Corrupt shipment "Riot Shield": element model is corrupt.

L 07/03/2020 - 11:08:41: Lua Error: Corrupt shipment "Vape": element model is corrupt.

L 07/03/2020 - 11:08:41: Lua Error: Couldn't include file 'darkrp\gamemode\cfg\struggle.lua' (File not found) (@gamemodes/darkrp/gamemode/sh_init.lua (line 121))

L 07/03/2020 - 11:11:40: Lua Error: Couldn't include file 'darkrp\gamemode\util\questions\questions_sv.lua' (File not found) (@gamemodes/darkrp/gamemode/sh_init.lua (line 43))

L 07/03/2020 - 11:11:40: Lua Error: Corrupt shipment "Riot Shield": element model is corrupt.

L 07/03/2020 - 11:11:40: Lua Error: Corrupt shipment "Vape": element model is corrupt.

L 07/03/2020 - 11:11:40: Lua Error: Couldn't include file 'darkrp\gamemode\cfg\struggle.lua' (File not found) (@gamemodes/darkrp/gamemode/sh_init.lua (line 121))

L 07/03/2020 - 11:11:40: Lua Error: Couldn't include file 'darkrp\gamemode\util\questions\questions_sv.lua' (File not found) (@gamemodes/darkrp/gamemode/sh_init.lua (line 43))

L 07/03/2020 - 11:11:40: Lua Error: Corrupt shipment "Riot Shield": element model is corrupt.

L 07/03/2020 - 11:11:40: Lua Error: Corrupt shipment "Vape": element model is corrupt.

L 07/03/2020 - 11:11:40: Lua Error: Couldn't include file 'darkrp\gamemode\cfg\struggle.lua' (File not found) (@gamemodes/darkrp/gamemode/sh_init.lua (line 121))

L 07/03/2020 - 11:11:43: Lua Error: 
[ERROR] gamemodes/darkrp/gamemode/core/commands/gambling_sv.lua:65: attempt to call field 'LocalChat' (a nil value)
  1. Run - gamemodes/darkrp/gamemode/core/commands/gambling_sv.lua:65
   2. Run - addons/dash_3/lua/dash/libraries/cmd.lua:319
    3. func - addons/dash_3/lua/dash/libraries/cmd.lua:501
     4. unknown - lua/includes/extensions/net.lua:32


L 07/03/2020 - 11:11:46: Lua Error: 
[ERROR] gamemodes/darkrp/gamemode/core/commands/gambling_sv.lua:65: attempt to call field 'LocalChat' (a nil value)
  1. Run - gamemodes/darkrp/gamemode/core/commands/gambling_sv.lua:65
   2. Run - addons/dash_3/lua/dash/libraries/cmd.lua:319
    3. v - addons/dash_3/lua/dash/libraries/cmd.lua:510
     4. unknown - addons/dash_3/lua/dash/libraries/hook.lua:36


L 07/03/2020 - 11:11:46: "DidVaitel<2><STEAM_0:1:74202541><Team>" say "/dice"
L 07/03/2020 - 11:12:23: Lua Error: 
[ERROR] gamemodes/darkrp/gamemode/core/commands/main_sv.lua:506: attempt to index upvalue 'colors' (a nil value)
  1. Run - gamemodes/darkrp/gamemode/core/commands/main_sv.lua:506
   2. Run - addons/dash_3/lua/dash/libraries/cmd.lua:319
    3. v - addons/dash_3/lua/dash/libraries/cmd.lua:510
     4. unknown - addons/dash_3/lua/dash/libraries/hook.lua:36


L 07/03/2020 - 11:12:23: "DidVaitel<2><STEAM_0:1:74202541><Team>" say "/yell You have 10 seconds to leave this area or you will be killed!"
L 07/03/2020 - 11:12:29: Lua Error: 
[ERROR] gamemodes/darkrp/gamemode/core/commands/gambling_sv.lua:65: attempt to call field 'LocalChat' (a nil value)
  1. Run - gamemodes/darkrp/gamemode/core/commands/gambling_sv.lua:65
   2. Run - addons/dash_3/lua/dash/libraries/cmd.lua:319
    3. func - addons/dash_3/lua/dash/libraries/cmd.lua:501
     4. unknown - lua/includes/extensions/net.lua:32


L 07/03/2020 - 11:12:30: Lua Error: 
[ERROR] gamemodes/darkrp/gamemode/core/commands/gambling_sv.lua:65: attempt to call field 'LocalChat' (a nil value)
  1. Run - gamemodes/darkrp/gamemode/core/commands/gambling_sv.lua:65
   2. Run - addons/dash_3/lua/dash/libraries/cmd.lua:319
    3. func - addons/dash_3/lua/dash/libraries/cmd.lua:501
     4. unknown - lua/includes/extensions/net.lua:32


L 07/03/2020 - 11:12:30: Lua Error: 
[ERROR] gamemodes/darkrp/gamemode/core/commands/gambling_sv.lua:65: attempt to call field 'LocalChat' (a nil value)
  1. Run - gamemodes/darkrp/gamemode/core/commands/gambling_sv.lua:65
   2. Run - addons/dash_3/lua/dash/libraries/cmd.lua:319
    3. func - addons/dash_3/lua/dash/libraries/cmd.lua:501
     4. unknown - lua/includes/extensions/net.lua:32


L 07/03/2020 - 11:13:15: Lua Error: Couldn't include file 'darkrp\gamemode\util\questions\questions_sv.lua' (File not found) (@gamemodes/darkrp/gamemode/sh_init.lua (line 43))

L 07/03/2020 - 11:13:16: Lua Error: 
[ERROR] gamemodes/darkrp/gamemode/core/commands/gambling_sv.lua:68: ')' expected (to close '(' at line 64) near 'local'
  1. include_dir - gamemodes/darkrp/gamemode/sh_init.lua:43
   2. Init - gamemodes/darkrp/gamemode/sh_init.lua:103
    3. unknown - gamemodes/darkrp/gamemode/sh_init.lua:128
     4. include - [C]:-1
      5. unknown - gamemodes/darkrp/gamemode/init.lua:3


L 07/03/2020 - 11:13:16: Lua Error: Corrupt shipment "Riot Shield": element model is corrupt.

L 07/03/2020 - 11:13:16: Lua Error: Corrupt shipment "Vape": element model is corrupt.

L 07/03/2020 - 11:13:16: Lua Error: Couldn't include file 'darkrp\gamemode\cfg\struggle.lua' (File not found) (@gamemodes/darkrp/gamemode/sh_init.lua (line 121))

L 07/03/2020 - 11:13:19: Lua Error: 
[ERROR] gamemodes/darkrp/gamemode/core/commands/gambling_sv.lua:65: attempt to call field 'LocalChat' (a nil value)
  1. Run - gamemodes/darkrp/gamemode/core/commands/gambling_sv.lua:65
   2. Run - addons/dash_3/lua/dash/libraries/cmd.lua:319
    3. func - addons/dash_3/lua/dash/libraries/cmd.lua:501
     4. unknown - lua/includes/extensions/net.lua:32


L 07/03/2020 - 11:13:23: Lua Error: Couldn't include file 'darkrp\gamemode\util\questions\questions_sv.lua' (File not found) (@gamemodes/darkrp/gamemode/sh_init.lua (line 43))

L 07/03/2020 - 11:13:23: Lua Error: Corrupt shipment "Riot Shield": element model is corrupt.

L 07/03/2020 - 11:13:24: Lua Error: Corrupt shipment "Vape": element model is corrupt.

L 07/03/2020 - 11:13:24: Lua Error: Couldn't include file 'darkrp\gamemode\cfg\struggle.lua' (File not found) (@gamemodes/darkrp/gamemode/sh_init.lua (line 121))

L 07/03/2020 - 11:13:39: Lua Error: Couldn't include file 'darkrp\gamemode\util\questions\questions_sv.lua' (File not found) (@gamemodes/darkrp/gamemode/sh_init.lua (line 43))

L 07/03/2020 - 11:13:39: Lua Error: Corrupt shipment "Riot Shield": element model is corrupt.

L 07/03/2020 - 11:13:39: Lua Error: Corrupt shipment "Vape": element model is corrupt.

L 07/03/2020 - 11:13:39: Lua Error: Couldn't include file 'darkrp\gamemode\cfg\struggle.lua' (File not found) (@gamemodes/darkrp/gamemode/sh_init.lua (line 121))

L 07/03/2020 - 11:13:48: Lua Error: 
[ERROR] gamemodes/darkrp/gamemode/core/commands/gambling_sv.lua:69: attempt to call field 'LocalChat' (a nil value)
  1. Run - gamemodes/darkrp/gamemode/core/commands/gambling_sv.lua:69
   2. Run - addons/dash_3/lua/dash/libraries/cmd.lua:319
    3. func - addons/dash_3/lua/dash/libraries/cmd.lua:501
     4. unknown - lua/includes/extensions/net.lua:32


L 07/03/2020 - 11:14:12: Lua Error: Couldn't include file 'darkrp\gamemode\util\questions\questions_sv.lua' (File not found) (@gamemodes/darkrp/gamemode/sh_init.lua (line 43))

L 07/03/2020 - 11:14:12: Lua Error: Corrupt shipment "Riot Shield": element model is corrupt.

L 07/03/2020 - 11:14:12: Lua Error: Corrupt shipment "Vape": element model is corrupt.

L 07/03/2020 - 11:14:12: Lua Error: Couldn't include file 'darkrp\gamemode\cfg\struggle.lua' (File not found) (@gamemodes/darkrp/gamemode/sh_init.lua (line 121))

L 07/03/2020 - 11:14:12: Lua Error: Couldn't include file 'darkrp\gamemode\util\questions\questions_sv.lua' (File not found) (@gamemodes/darkrp/gamemode/sh_init.lua (line 43))

L 07/03/2020 - 11:14:13: Lua Error: Corrupt shipment "Riot Shield": element model is corrupt.

L 07/03/2020 - 11:14:13: Lua Error: Corrupt shipment "Vape": element model is corrupt.

L 07/03/2020 - 11:14:13: Lua Error: Couldn't include file 'darkrp\gamemode\cfg\struggle.lua' (File not found) (@gamemodes/darkrp/gamemode/sh_init.lua (line 121))

L 07/03/2020 - 11:14:32: Lua Error: Couldn't include file 'darkrp\gamemode\util\questions\questions_sv.lua' (File not found) (@gamemodes/darkrp/gamemode/sh_init.lua (line 43))

L 07/03/2020 - 11:14:32: Lua Error: Corrupt shipment "Riot Shield": element model is corrupt.

L 07/03/2020 - 11:14:32: Lua Error: Corrupt shipment "Vape": element model is corrupt.

L 07/03/2020 - 11:14:32: Lua Error: Couldn't include file 'darkrp\gamemode\cfg\struggle.lua' (File not found) (@gamemodes/darkrp/gamemode/sh_init.lua (line 121))

L 07/03/2020 - 11:19:35: Lua Error: Couldn't include file 'darkrp\gamemode\util\questions\questions_sv.lua' (File not found) (@gamemodes/darkrp/gamemode/sh_init.lua (line 43))

L 07/03/2020 - 11:19:35: Lua Error: Corrupt shipment "Riot Shield": element model is corrupt.

L 07/03/2020 - 11:19:35: Lua Error: Corrupt shipment "Vape": element model is corrupt.

L 07/03/2020 - 11:19:36: Lua Error: Couldn't include file 'darkrp\gamemode\cfg\struggle.lua' (File not found) (@gamemodes/darkrp/gamemode/sh_init.lua (line 121))

L 07/03/2020 - 11:19:36: Lua Error: Couldn't include file 'darkrp\gamemode\util\questions\questions_sv.lua' (File not found) (@gamemodes/darkrp/gamemode/sh_init.lua (line 43))

L 07/03/2020 - 11:19:36: Lua Error: Corrupt shipment "Riot Shield": element model is corrupt.

L 07/03/2020 - 11:19:36: Lua Error: Corrupt shipment "Vape": element model is corrupt.

L 07/03/2020 - 11:19:36: Lua Error: Couldn't include file 'darkrp\gamemode\cfg\struggle.lua' (File not found) (@gamemodes/darkrp/gamemode/sh_init.lua (line 121))

L 07/03/2020 - 11:21:56: Lua Error: Couldn't include file 'darkrp\gamemode\util\questions\questions_sv.lua' (File not found) (@gamemodes/darkrp/gamemode/sh_init.lua (line 43))

L 07/03/2020 - 11:21:57: Lua Error: Corrupt shipment "Riot Shield": element model is corrupt.

L 07/03/2020 - 11:21:57: Lua Error: Corrupt shipment "Vape": element model is corrupt.

L 07/03/2020 - 11:21:57: Lua Error: Couldn't include file 'darkrp\gamemode\cfg\struggle.lua' (File not found) (@gamemodes/darkrp/gamemode/sh_init.lua (line 121))

L 07/03/2020 - 11:21:57: Lua Error: Couldn't include file 'darkrp\gamemode\util\questions\questions_sv.lua' (File not found) (@gamemodes/darkrp/gamemode/sh_init.lua (line 43))

L 07/03/2020 - 11:21:57: Lua Error: Corrupt shipment "Riot Shield": element model is corrupt.

L 07/03/2020 - 11:21:57: Lua Error: Corrupt shipment "Vape": element model is corrupt.

L 07/03/2020 - 11:21:57: Lua Error: Couldn't include file 'darkrp\gamemode\cfg\struggle.lua' (File not found) (@gamemodes/darkrp/gamemode/sh_init.lua (line 121))

L 07/03/2020 - 11:23:02: Lua Error: Couldn't include file 'darkrp\gamemode\util\questions\questions_sv.lua' (File not found) (@gamemodes/darkrp/gamemode/sh_init.lua (line 43))

L 07/03/2020 - 11:23:02: Lua Error: Corrupt shipment "Riot Shield": element model is corrupt.

L 07/03/2020 - 11:23:02: Lua Error: Corrupt shipment "Vape": element model is corrupt.

L 07/03/2020 - 11:23:02: Lua Error: Couldn't include file 'darkrp\gamemode\cfg\struggle.lua' (File not found) (@gamemodes/darkrp/gamemode/sh_init.lua (line 121))

L 07/03/2020 - 11:23:54: Lua Error: 
[ERROR] addons/dash_3/lua/dash/libraries/term.lua:59: bad argument #1 to 'WriteUInt' (number expected, got nil)
  1. WriteUInt - [C]:-1
   2. WriteTerm - addons/dash_3/lua/dash/libraries/term.lua:59
    3. Notify - gamemodes/darkrp/gamemode/util/notifications/notify/init_sv.lua:22
     4. Run - gamemodes/darkrp/gamemode/core/player/player_old_sv.lua:26
      5. Run - addons/dash_3/lua/dash/libraries/cmd.lua:319
       6. func - addons/dash_3/lua/dash/libraries/cmd.lua:501
        7. unknown - lua/includes/extensions/net.lua:32


L 07/03/2020 - 11:23:55: Lua Error: 
[ERROR] Warning! A net message (rp.NotifyTerm) is already started! Discarding in favor of the new message! (rp.NotifyTerm)

  1. Notify - gamemodes/darkrp/gamemode/util/notifications/notify/init_sv.lua:21
   2. Run - gamemodes/darkrp/gamemode/core/player/player_old_sv.lua:26
    3. Run - addons/dash_3/lua/dash/libraries/cmd.lua:319
     4. func - addons/dash_3/lua/dash/libraries/cmd.lua:501
      5. unknown - lua/includes/extensions/net.lua:32


L 07/03/2020 - 11:23:55: Lua Error: 
[ERROR] addons/dash_3/lua/dash/libraries/term.lua:59: bad argument #1 to 'WriteUInt' (number expected, got nil)
  1. WriteUInt - [C]:-1
   2. WriteTerm - addons/dash_3/lua/dash/libraries/term.lua:59
    3. Notify - gamemodes/darkrp/gamemode/util/notifications/notify/init_sv.lua:22
     4. Run - gamemodes/darkrp/gamemode/core/player/player_old_sv.lua:26
      5. Run - addons/dash_3/lua/dash/libraries/cmd.lua:319
       6. func - addons/dash_3/lua/dash/libraries/cmd.lua:501
        7. unknown - lua/includes/extensions/net.lua:32


L 07/03/2020 - 11:23:56: Lua Error: 
[ERROR] Warning! A net message (rp.NotifyTerm) is already started! Discarding in favor of the new message! (_AntiCrash)

  1. unknown - addons/badmin_2/lua/ba/plugins/anticrash.lua:5


L 07/03/2020 - 11:23:56: Lua Error: 
[ERROR] addons/dash_3/lua/dash/libraries/term.lua:59: bad argument #1 to 'WriteUInt' (number expected, got nil)
  1. WriteUInt - [C]:-1
   2. WriteTerm - addons/dash_3/lua/dash/libraries/term.lua:59
    3. Notify - gamemodes/darkrp/gamemode/util/notifications/notify/init_sv.lua:22
     4. Run - gamemodes/darkrp/gamemode/core/player/player_old_sv.lua:26
      5. Run - addons/dash_3/lua/dash/libraries/cmd.lua:319
       6. func - addons/dash_3/lua/dash/libraries/cmd.lua:501
        7. unknown - lua/includes/extensions/net.lua:32


L 07/03/2020 - 11:23:57: Lua Error: 
[ERROR] Warning! A net message (rp.NotifyTerm) is already started! Discarding in favor of the new message! (rp.NotifyTerm)

  1. Notify - gamemodes/darkrp/gamemode/util/notifications/notify/init_sv.lua:21
   2. Run - gamemodes/darkrp/gamemode/core/player/player_old_sv.lua:26
    3. Run - addons/dash_3/lua/dash/libraries/cmd.lua:319
     4. func - addons/dash_3/lua/dash/libraries/cmd.lua:501
      5. unknown - lua/includes/extensions/net.lua:32


L 07/03/2020 - 11:23:57: Lua Error: 
[ERROR] addons/dash_3/lua/dash/libraries/term.lua:59: bad argument #1 to 'WriteUInt' (number expected, got nil)
  1. WriteUInt - [C]:-1
   2. WriteTerm - addons/dash_3/lua/dash/libraries/term.lua:59
    3. Notify - gamemodes/darkrp/gamemode/util/notifications/notify/init_sv.lua:22
     4. Run - gamemodes/darkrp/gamemode/core/player/player_old_sv.lua:26
      5. Run - addons/dash_3/lua/dash/libraries/cmd.lua:319
       6. func - addons/dash_3/lua/dash/libraries/cmd.lua:501
        7. unknown - lua/includes/extensions/net.lua:32


L 07/03/2020 - 11:23:58: Lua Error: 
[ERROR] Warning! A net message (rp.NotifyTerm) is already started! Discarding in favor of the new message! (rp.NotifyTerm)

  1. Notify - gamemodes/darkrp/gamemode/util/notifications/notify/init_sv.lua:21
   2. Run - gamemodes/darkrp/gamemode/core/player/player_old_sv.lua:26
    3. Run - addons/dash_3/lua/dash/libraries/cmd.lua:319
     4. func - addons/dash_3/lua/dash/libraries/cmd.lua:501
      5. unknown - lua/includes/extensions/net.lua:32


L 07/03/2020 - 11:23:58: Lua Error: 
[ERROR] addons/dash_3/lua/dash/libraries/term.lua:59: bad argument #1 to 'WriteUInt' (number expected, got nil)
  1. WriteUInt - [C]:-1
   2. WriteTerm - addons/dash_3/lua/dash/libraries/term.lua:59
    3. Notify - gamemodes/darkrp/gamemode/util/notifications/notify/init_sv.lua:22
     4. Run - gamemodes/darkrp/gamemode/core/player/player_old_sv.lua:26
      5. Run - addons/dash_3/lua/dash/libraries/cmd.lua:319
       6. func - addons/dash_3/lua/dash/libraries/cmd.lua:501
        7. unknown - lua/includes/extensions/net.lua:32


L 07/03/2020 - 11:24:01: Lua Error: 
[ERROR] Warning! A net message (rp.NotifyTerm) is already started! Discarding in favor of the new message! (_AntiCrash)

  1. unknown - addons/badmin_2/lua/ba/plugins/anticrash.lua:5


L 07/03/2020 - 11:29:40: "DidVaitel<2><STEAM_0:1:74202541><>" disconnected (reason "Disconnect by user.")
L 07/03/2020 - 11:29:40: Lua Error: 
[ERROR] gamemodes/darkrp/gamemode/core/core_sv.lua:422: attempt to call method 'DoorOwnedBy' (a nil value)
  1. unknown - gamemodes/darkrp/gamemode/core/core_sv.lua:422


L 07/03/2020 - 11:33:11: "DidVaitel<3><STEAM_0:1:74202541><>" connected, address "26.162.207.202:27006"
L 07/03/2020 - 11:33:11: "DidVaitel<3><STEAM_0:1:74202541><>" STEAM USERID validated
L 07/03/2020 - 11:33:22: "DidVaitel<3><STEAM_0:1:74202541><>" entered the game
L 07/03/2020 - 11:33:28: Lua Error: 
[ERROR] addons/dash_3/lua/dash/libraries/nw.lua:247: attempt to index a nil value
  1. func - addons/dash_3/lua/dash/libraries/nw.lua:247
   2. unknown - lua/includes/extensions/net.lua:32


L 07/03/2020 - 11:39:40: "DidVaitel<3><STEAM_0:1:74202541><>" disconnected (reason "Server shutting down")
L 07/03/2020 - 11:39:40: server_message: "quit"
L 07/03/2020 - 11:39:40: Log file closed.
