L 07/02/2020 - 23:35:03: Log file started (file "logs\L0702033.log") (game "D:\sup\steamapps\common\GarrysModDS\garrysmod") (version "7836")
L 07/02/2020 - 23:35:03: server_cvar: "sv_alltalk" "3"
L 07/02/2020 - 23:35:04: Connection to Steam servers successful.
L 07/02/2020 - 23:35:04:    Public IP is 31.130.42.26.
L 07/02/2020 - 23:35:04: Assigned anonymous gameserver Steam ID [A-1:3627387904(15079)].
L 07/02/2020 - 23:35:05: VAC secure mode is activated.
L 07/02/2020 - 23:35:13: "DidVaitel<2><STEAM_0:1:74202541><>" connected, address "26.162.207.202:27006"
L 07/02/2020 - 23:35:13: "DidVaitel<2><STEAM_0:1:74202541><>" STEAM USERID validated
L 07/02/2020 - 23:35:22: "DidVaitel<2><STEAM_0:1:74202541><>" entered the game
L 07/02/2020 - 23:35:32: Lua Error: 
[ERROR] addons/badmin/lua/ba/modules/darkrp/misc_sv.lua:11: attempt to call method 'HasUpgrade' (a nil value)
  1. unknown - addons/badmin/lua/ba/modules/darkrp/misc_sv.lua:11


L 07/02/2020 - 23:35:41: Lua Error: 
[ERROR] addons/dash/lua/dash/libraries/hook.lua:36: gamemodes/darkrp/gamemode/core/credits/init_sh.lua:221: attempt to call method 'HasUpgrade' (a nil value)
  1. v - [C]:-1
   2. unknown - addons/dash/lua/dash/libraries/hook.lua:36


L 07/02/2020 - 23:36:05: Lua Error: Corrupt shipment "Riot Shield": element model is corrupt.

L 07/02/2020 - 23:36:05: Lua Error: Corrupt shipment "Vape": element model is corrupt.

L 07/02/2020 - 23:36:06: Lua Error: Corrupt shipment "Riot Shield": element model is corrupt.

L 07/02/2020 - 23:36:06: Lua Error: Corrupt shipment "Vape": element model is corrupt.

L 07/02/2020 - 23:36:07: Lua Error: 
[ERROR] addons/dash/lua/dash/libraries/hook.lua:36: gamemodes/darkrp/gamemode/cfg/upgrades.lua:68: attempt to call method 'HasUpgrade' (a nil value)
  1. v - [C]:-1
   2. unknown - addons/dash/lua/dash/libraries/hook.lua:36


L 07/02/2020 - 23:36:17: Lua Error: Corrupt shipment "Riot Shield": element model is corrupt.

L 07/02/2020 - 23:36:17: Lua Error: Corrupt shipment "Vape": element model is corrupt.

L 07/02/2020 - 23:36:25: Lua Error: Corrupt shipment "Riot Shield": element model is corrupt.

L 07/02/2020 - 23:36:25: Lua Error: Corrupt shipment "Vape": element model is corrupt.

L 07/02/2020 - 23:37:11: Lua Error: Corrupt shipment "Riot Shield": element model is corrupt.

L 07/02/2020 - 23:37:11: Lua Error: Corrupt shipment "Vape": element model is corrupt.

L 07/02/2020 - 23:37:12: Lua Error: Corrupt shipment "Riot Shield": element model is corrupt.

L 07/02/2020 - 23:37:12: Lua Error: Corrupt shipment "Vape": element model is corrupt.

L 07/02/2020 - 23:43:13: Lua Error: Corrupt shipment "Riot Shield": element model is corrupt.

L 07/02/2020 - 23:43:13: Lua Error: Corrupt shipment "Vape": element model is corrupt.

L 07/02/2020 - 23:43:14: Lua Error: Corrupt shipment "Riot Shield": element model is corrupt.

L 07/02/2020 - 23:43:14: Lua Error: Corrupt shipment "Vape": element model is corrupt.

L 07/02/2020 - 23:43:40: Lua Error: Corrupt shipment "Riot Shield": element model is corrupt.

L 07/02/2020 - 23:43:40: Lua Error: Corrupt shipment "Vape": element model is corrupt.

L 07/02/2020 - 23:43:40: Lua Error: Corrupt shipment "Riot Shield": element model is corrupt.

L 07/02/2020 - 23:43:40: Lua Error: Corrupt shipment "Vape": element model is corrupt.

L 07/02/2020 - 23:43:48: Lua Error: Corrupt shipment "Riot Shield": element model is corrupt.

L 07/02/2020 - 23:43:48: Lua Error: Corrupt shipment "Vape": element model is corrupt.

L 07/02/2020 - 23:46:12: "DidVaitel<2><STEAM_0:1:74202541><>" disconnected (reason "Server shutting down")
L 07/02/2020 - 23:46:12: server_message: "quit"
L 07/02/2020 - 23:46:12: Log file closed.
