L 07/03/2020 - 22:32:42: Log file started (file "logs\L0703038.log") (game "D:\sup\steamapps\common\GarrysModDS\garrysmod") (version "7836")
L 07/03/2020 - 22:32:42: server_cvar: "sv_alltalk" "3"
L 07/03/2020 - 22:32:43: Connection to Steam servers successful.
L 07/03/2020 - 22:32:43:    Public IP is 31.130.42.26.
L 07/03/2020 - 22:32:43: Assigned anonymous gameserver Steam ID [A-1:3506494468(15085)].
L 07/03/2020 - 22:32:44: VAC secure mode is activated.
L 07/03/2020 - 22:35:02: "COMPLΞX<2><STEAM_0:0:105635721><>" connected, address "26.162.207.202:27006"
L 07/03/2020 - 22:35:02: "COMPLΞX<2><STEAM_0:0:105635721><>" STEAM USERID validated
L 07/03/2020 - 22:35:21: "COMPLΞX<2><STEAM_0:0:105635721><>" entered the game
L 07/03/2020 - 22:35:21: Lua Error: addons/dash_3/lua/dash/libraries/nw.lua:313: attempt to index a nil value

L 07/03/2020 - 22:35:27: Lua Error: 
[ERROR] addons/dash_3/lua/dash/libraries/nw.lua:247: attempt to index a nil value
  1. func - addons/dash_3/lua/dash/libraries/nw.lua:247
   2. unknown - lua/includes/extensions/net.lua:32


L 07/03/2020 - 22:36:23: Lua Error: Couldn't include file 'darkrp\gamemode\util\questions\questions_sv.lua' (File not found) (@gamemodes/darkrp/gamemode/sh_init.lua (line 43))

L 07/03/2020 - 22:36:23: Lua Error: Couldn't include file 'darkrp\gamemode\cfg\struggle.lua' (File not found) (@gamemodes/darkrp/gamemode/sh_init.lua (line 121))

L 07/03/2020 - 22:36:23: Lua Error: Couldn't include file 'darkrp\gamemode\util\questions\questions_sv.lua' (File not found) (@gamemodes/darkrp/gamemode/sh_init.lua (line 43))

L 07/03/2020 - 22:36:24: Lua Error: Couldn't include file 'darkrp\gamemode\cfg\struggle.lua' (File not found) (@gamemodes/darkrp/gamemode/sh_init.lua (line 121))

L 07/03/2020 - 22:54:19: "COMPLΞX<2><STEAM_0:0:105635721><>" disconnected (reason "Server shutting down")
L 07/03/2020 - 22:54:19: server_message: "quit"
L 07/03/2020 - 22:54:19: Log file closed.
