L 07/05/2020 - 11:12:28: Log file started (file "logs\L0705007.log") (game "D:\sup\steamapps\common\GarrysModDS\garrysmod") (version "7836")
L 07/05/2020 - 11:12:28: server_cvar: "sv_alltalk" "3"
L 07/05/2020 - 11:12:28: "COMPLΞX<2><STEAM_0:0:105635721><>" connected, address "26.162.207.202:27006"
L 07/05/2020 - 11:12:28: "COMPLΞX<2><STEAM_0:0:105635721><>" disconnected (reason "Connection closing")
L 07/05/2020 - 11:12:28: "COMPLΞX<3><STEAM_0:0:105635721><>" connected, address "26.162.207.202:27006"
L 07/05/2020 - 11:12:29: Connection to Steam servers successful.
L 07/05/2020 - 11:12:29:    Public IP is 31.130.42.26.
L 07/05/2020 - 11:12:29: Assigned anonymous gameserver Steam ID [A-1:2869885960(15094)].
L 07/05/2020 - 11:12:29: VAC secure mode is activated.
L 07/05/2020 - 11:12:29: "COMPLΞX<3><STEAM_0:0:105635721><>" STEAM USERID validated
L 07/05/2020 - 11:12:39: "COMPLΞX<3><STEAM_0:0:105635721><>" entered the game
L 07/05/2020 - 11:14:15: "COMPLΞX<3><STEAM_0:0:105635721><>" disconnected (reason "Disconnect by user.")
L 07/05/2020 - 11:21:23: "COMPLΞX<4><STEAM_0:0:105635721><>" connected, address "26.162.207.202:27006"
L 07/05/2020 - 11:21:23: "COMPLΞX<4><STEAM_0:0:105635721><>" STEAM USERID validated
L 07/05/2020 - 11:21:42: "COMPLΞX<4><STEAM_0:0:105635721><>" entered the game
L 07/05/2020 - 11:35:12: Lua Error: 
[ERROR] addons/badmin_2/lua/ba/modules/darkrp/loghooks_sh.lua:1: attempt to index field 'logs' (a nil value)
  1. unknown - addons/badmin_2/lua/ba/modules/darkrp/loghooks_sh.lua:1


L 07/05/2020 - 13:24:07: Lua Error: 
[ERROR] gamemodes/darkrp/gamemode/core/player/government/mayor/commands_sv.lua:17: ')' expected (to close '(' at line 4) near 'net'
  1. include_dir - gamemodes/darkrp/gamemode/sh_init.lua:43
   2. include_dir - gamemodes/darkrp/gamemode/sh_init.lua:47
    3. include_dir - gamemodes/darkrp/gamemode/sh_init.lua:47
     4. Init - gamemodes/darkrp/gamemode/sh_init.lua:94
      5. unknown - gamemodes/darkrp/gamemode/sh_init.lua:128
       6. include - [C]:-1
        7. unknown - gamemodes/darkrp/gamemode/init.lua:3


L 07/05/2020 - 13:24:10: Lua Error: 
[ERROR] gamemodes/darkrp/gamemode/core/player/government/mayor/commands_sv.lua:17: ')' expected (to close '(' at line 4) near 'net'
  1. include_dir - gamemodes/darkrp/gamemode/sh_init.lua:43
   2. include_dir - gamemodes/darkrp/gamemode/sh_init.lua:47
    3. include_dir - gamemodes/darkrp/gamemode/sh_init.lua:47
     4. Init - gamemodes/darkrp/gamemode/sh_init.lua:94
      5. unknown - gamemodes/darkrp/gamemode/sh_init.lua:128
       6. include - [C]:-1
        7. unknown - gamemodes/darkrp/gamemode/init.lua:3


L 07/05/2020 - 13:24:11: Lua Error: 
[ERROR] gamemodes/darkrp/gamemode/core/player/government/mayor/commands_sv.lua:17: ')' expected (to close '(' at line 4) near 'net'
  1. include_dir - gamemodes/darkrp/gamemode/sh_init.lua:43
   2. include_dir - gamemodes/darkrp/gamemode/sh_init.lua:47
    3. include_dir - gamemodes/darkrp/gamemode/sh_init.lua:47
     4. Init - gamemodes/darkrp/gamemode/sh_init.lua:94
      5. unknown - gamemodes/darkrp/gamemode/sh_init.lua:128
       6. include - [C]:-1
        7. unknown - gamemodes/darkrp/gamemode/init.lua:3


L 07/05/2020 - 13:26:12: Lua Error: 
[ERROR] gamemodes/darkrp/gamemode/core/player/government/mayor/commands_sv.lua:121: ')' expected (to close '(' at line 81) near 'local'
  1. include_dir - gamemodes/darkrp/gamemode/sh_init.lua:43
   2. include_dir - gamemodes/darkrp/gamemode/sh_init.lua:47
    3. include_dir - gamemodes/darkrp/gamemode/sh_init.lua:47
     4. Init - gamemodes/darkrp/gamemode/sh_init.lua:94
      5. unknown - gamemodes/darkrp/gamemode/sh_init.lua:128
       6. include - [C]:-1
        7. unknown - gamemodes/darkrp/gamemode/init.lua:3


L 07/05/2020 - 13:26:13: Lua Error: 
[ERROR] gamemodes/darkrp/gamemode/core/player/government/mayor/commands_sv.lua:121: ')' expected (to close '(' at line 81) near 'local'
  1. include_dir - gamemodes/darkrp/gamemode/sh_init.lua:43
   2. include_dir - gamemodes/darkrp/gamemode/sh_init.lua:47
    3. include_dir - gamemodes/darkrp/gamemode/sh_init.lua:47
     4. Init - gamemodes/darkrp/gamemode/sh_init.lua:94
      5. unknown - gamemodes/darkrp/gamemode/sh_init.lua:128
       6. include - [C]:-1
        7. unknown - gamemodes/darkrp/gamemode/init.lua:3


L 07/05/2020 - 13:31:08: "COMPLΞX<4><STEAM_0:0:105635721><>" disconnected (reason "Disconnect by user.")
L 07/05/2020 - 13:31:08: Lua Error: 
[ERROR] addons/dash_3/lua/dash/libraries/term.lua:59: bad argument #1 to 'WriteUInt' (number expected, got nil)
  1. WriteUInt - [C]:-1
   2. WriteTerm - addons/dash_3/lua/dash/libraries/term.lua:59
    3. notify_staff - addons/badmin_2/lua/ba/core/util/notifications/notify_sv.lua:55
     4. v - addons/badmin_2/lua/ba/core/ranks/groups_sv.lua:16
      5. unknown - addons/dash_3/lua/dash/libraries/hook.lua:36


L 07/05/2020 - 13:31:08: Lua Error: 
[ERROR] Warning! A net message (ba.NotifyTerm) is already started! Discarding in favor of the new message! (nw.PlayerRemoved)

  1. v - addons/dash_3/lua/dash/libraries/nw.lua:267
   2. unknown - addons/dash_3/lua/dash/libraries/hook.lua:36


L 07/05/2020 - 13:31:09: "COMPLΞX<5><STEAM_0:0:105635721><>" connected, address "26.162.207.202:27006"
L 07/05/2020 - 13:31:09: "COMPLΞX<5><STEAM_0:0:105635721><>" STEAM USERID validated
L 07/05/2020 - 13:31:26: "COMPLΞX<5><STEAM_0:0:105635721><>" entered the game
L 07/05/2020 - 13:31:26: Lua Error: addons/dash_3/lua/dash/libraries/term.lua:59: bad argument #1 to 'WriteUInt' (number expected, got nil)

L 07/05/2020 - 13:31:26: Lua Error: 
[ERROR] Warning! A net message (ba.NotifyTerm) is already started! Discarding in favor of the new message! (nw_Credits)

  1. _Send - addons/dash_3/lua/dash/libraries/nw.lua:154
   2. SetNetVar - addons/dash_3/lua/dash/libraries/nw.lua:313
    3. cback - gamemodes/darkrp/gamemode/core/credits/init_sv.lua:96
     4. handlequery - addons/dash_3/lua/dash/libraries/server/mysql.lua:136
      5. unknown - addons/dash_3/lua/dash/libraries/server/mysql.lua:149
       6. Poll - [C]:-1
        7. v - addons/dash_3/lua/dash/libraries/server/mysql.lua:83
         8. unknown - addons/dash_3/lua/dash/libraries/hook.lua:36


L 07/05/2020 - 13:32:22: Lua Error: 
[ERROR] addons/badmin_2/lua/ba/core/util/player/player_sv.lua:56: attempt to index global 'sha2' (a nil value)
  1. HashID - addons/badmin_2/lua/ba/core/util/player/player_sv.lua:56
   2. CreateKey - addons/badmin_2/lua/ba/core/data_sv.lua:37
    3. detect - addons/badmin_2/lua/dash/extensions/server/badmin.lua:34
     4. func - addons/badmin_2/lua/dash/extensions/server/badmin.lua:68
      5. unknown - lua/includes/extensions/net.lua:32


L 07/05/2020 - 13:34:37: "COMPLΞX<5><STEAM_0:0:105635721><>" disconnected (reason "Server shutting down")
L 07/05/2020 - 13:34:37: server_message: "quit"
L 07/05/2020 - 13:34:37: Log file closed.
