L 07/04/2020 - 01:36:20: Log file started (file "logs\L0704002.log") (game "D:\sup\steamapps\common\GarrysModDS\garrysmod") (version "7836")
L 07/04/2020 - 01:36:20: server_cvar: "sv_alltalk" "3"
L 07/04/2020 - 01:36:21: Connection to Steam servers successful.
L 07/04/2020 - 01:36:21:    Public IP is 31.130.42.26.
L 07/04/2020 - 01:36:21: Assigned anonymous gameserver Steam ID [A-1:1576465408(15086)].
L 07/04/2020 - 01:36:21: VAC secure mode is activated.
L 07/04/2020 - 01:36:24: "COMPLΞX<2><STEAM_0:0:105635721><>" connected, address "26.162.207.202:27005"
L 07/04/2020 - 01:36:24: "COMPLΞX<2><STEAM_0:0:105635721><>" STEAM USERID validated
L 07/04/2020 - 01:36:36: "COMPLΞX<2><STEAM_0:0:105635721><>" entered the game
L 07/04/2020 - 01:36:36: Lua Error: addons/dash_3/lua/dash/libraries/nw.lua:313: attempt to index a nil value

L 07/04/2020 - 01:36:43: Lua Error: 
[ERROR] addons/dash_3/lua/dash/libraries/nw.lua:247: attempt to index a nil value
  1. func - addons/dash_3/lua/dash/libraries/nw.lua:247
   2. unknown - lua/includes/extensions/net.lua:32


L 07/04/2020 - 01:56:32: "COMPLΞX<2><STEAM_0:0:105635721><>" disconnected (reason "Disconnect by user.")
L 07/04/2020 - 01:56:32: Lua Error: 
[ERROR] gamemodes/darkrp/gamemode/core/core_sv.lua:436: attempt to index field 'vote' (a nil value)
  1. unknown - gamemodes/darkrp/gamemode/core/core_sv.lua:436


L 07/04/2020 - 01:56:32: "COMPLΞX<3><STEAM_0:0:105635721><>" connected, address "26.162.207.202:27005"
L 07/04/2020 - 01:56:33: "COMPLΞX<3><STEAM_0:0:105635721><>" STEAM USERID validated
L 07/04/2020 - 01:56:43: "COMPLΞX<3><STEAM_0:0:105635721><>" entered the game
L 07/04/2020 - 01:56:43: Lua Error: addons/dash_3/lua/dash/libraries/nw.lua:314: attempt to index a nil value

L 07/04/2020 - 01:56:50: Lua Error: 
[ERROR] addons/dash_3/lua/dash/libraries/nw.lua:247: attempt to index a nil value
  1. func - addons/dash_3/lua/dash/libraries/nw.lua:247
   2. unknown - lua/includes/extensions/net.lua:32


L 07/04/2020 - 01:57:37: "COMPLΞX<3><STEAM_0:0:105635721><>" disconnected (reason "Disconnect by user.")
L 07/04/2020 - 01:57:37: Lua Error: 
[ERROR] gamemodes/darkrp/gamemode/core/core_sv.lua:436: attempt to index field 'vote' (a nil value)
  1. unknown - gamemodes/darkrp/gamemode/core/core_sv.lua:436


L 07/04/2020 - 01:57:37: "COMPLΞX<4><STEAM_0:0:105635721><>" connected, address "26.162.207.202:27005"
L 07/04/2020 - 01:57:38: "COMPLΞX<4><STEAM_0:0:105635721><>" STEAM USERID validated
L 07/04/2020 - 01:57:49: "COMPLΞX<4><STEAM_0:0:105635721><>" entered the game
L 07/04/2020 - 01:57:49: Lua Error: addons/dash_3/lua/dash/libraries/nw.lua:313: attempt to index a nil value

L 07/04/2020 - 01:57:56: Lua Error: 
[ERROR] addons/dash_3/lua/dash/libraries/nw.lua:247: attempt to index a nil value
  1. func - addons/dash_3/lua/dash/libraries/nw.lua:247
   2. unknown - lua/includes/extensions/net.lua:32


L 07/04/2020 - 01:58:30: "COMPLΞX<4><STEAM_0:0:105635721><>" disconnected (reason "Disconnect by user.")
L 07/04/2020 - 01:58:30: Lua Error: 
[ERROR] gamemodes/darkrp/gamemode/core/core_sv.lua:436: attempt to index field 'vote' (a nil value)
  1. unknown - gamemodes/darkrp/gamemode/core/core_sv.lua:436


L 07/04/2020 - 01:58:30: "COMPLΞX<5><STEAM_0:0:105635721><>" connected, address "26.162.207.202:27005"
L 07/04/2020 - 01:58:30: "COMPLΞX<5><STEAM_0:0:105635721><>" STEAM USERID validated
L 07/04/2020 - 01:58:41: "COMPLΞX<5><STEAM_0:0:105635721><>" entered the game
L 07/04/2020 - 01:58:41: Lua Error: addons/dash_3/lua/dash/libraries/nw.lua:313: attempt to index a nil value

L 07/04/2020 - 01:58:47: Lua Error: 
[ERROR] addons/dash_3/lua/dash/libraries/nw.lua:247: attempt to index a nil value
  1. func - addons/dash_3/lua/dash/libraries/nw.lua:247
   2. unknown - lua/includes/extensions/net.lua:32


L 07/04/2020 - 01:59:23: "COMPLΞX<5><STEAM_0:0:105635721><>" disconnected (reason "Disconnect by user.")
L 07/04/2020 - 01:59:23: Lua Error: 
[ERROR] gamemodes/darkrp/gamemode/core/core_sv.lua:436: attempt to index field 'vote' (a nil value)
  1. unknown - gamemodes/darkrp/gamemode/core/core_sv.lua:436


L 07/04/2020 - 01:59:23: "COMPLΞX<6><STEAM_0:0:105635721><>" connected, address "26.162.207.202:27005"
L 07/04/2020 - 01:59:24: "COMPLΞX<6><STEAM_0:0:105635721><>" STEAM USERID validated
L 07/04/2020 - 01:59:34: "COMPLΞX<6><STEAM_0:0:105635721><>" entered the game
L 07/04/2020 - 02:09:40: "COMPLΞX<6><STEAM_0:0:105635721><>" disconnected (reason "Disconnect by user.")
L 07/04/2020 - 02:09:40: Lua Error: 
[ERROR] gamemodes/darkrp/gamemode/core/core_sv.lua:436: attempt to index field 'vote' (a nil value)
  1. unknown - gamemodes/darkrp/gamemode/core/core_sv.lua:436


L 07/04/2020 - 02:09:41: "COMPLΞX<7><STEAM_0:0:105635721><>" connected, address "26.162.207.202:27005"
L 07/04/2020 - 02:09:41: "COMPLΞX<7><STEAM_0:0:105635721><>" STEAM USERID validated
L 07/04/2020 - 02:09:52: "COMPLΞX<7><STEAM_0:0:105635721><>" entered the game
L 07/04/2020 - 02:09:52: Lua Error: addons/dash_3/lua/dash/libraries/nw.lua:313: attempt to index a nil value

L 07/04/2020 - 02:10:00: Lua Error: 
[ERROR] addons/dash_3/lua/dash/libraries/nw.lua:247: attempt to index a nil value
  1. func - addons/dash_3/lua/dash/libraries/nw.lua:247
   2. unknown - lua/includes/extensions/net.lua:32


L 07/04/2020 - 02:11:14: Lua Error: 
[ERROR] gamemodes/darkrp/gamemode/core/credits/init_sv.lua:196: ')' expected near '('
  1. include_dir - gamemodes/darkrp/gamemode/sh_init.lua:43
   2. Init - gamemodes/darkrp/gamemode/sh_init.lua:95
    3. unknown - gamemodes/darkrp/gamemode/sh_init.lua:128
     4. include - [C]:-1
      5. unknown - gamemodes/darkrp/gamemode/init.lua:3


L 07/04/2020 - 02:13:22: Lua Error: 
[ERROR] gamemodes/darkrp/gamemode/core/credits/init_sv.lua:196: ')' expected near '('
  1. include_dir - gamemodes/darkrp/gamemode/sh_init.lua:43
   2. Init - gamemodes/darkrp/gamemode/sh_init.lua:95
    3. unknown - gamemodes/darkrp/gamemode/sh_init.lua:128
     4. include - [C]:-1
      5. unknown - gamemodes/darkrp/gamemode/init.lua:3


L 07/04/2020 - 02:13:26: "COMPLΞX<7><STEAM_0:0:105635721><>" disconnected (reason "Disconnect by user.")
L 07/04/2020 - 02:13:26: Lua Error: 
[ERROR] gamemodes/darkrp/gamemode/core/core_sv.lua:436: attempt to index field 'vote' (a nil value)
  1. unknown - gamemodes/darkrp/gamemode/core/core_sv.lua:436


L 07/04/2020 - 02:13:26: "COMPLΞX<8><STEAM_0:0:105635721><>" connected, address "26.162.207.202:27005"
L 07/04/2020 - 02:13:27: "COMPLΞX<8><STEAM_0:0:105635721><>" STEAM USERID validated
L 07/04/2020 - 02:13:37: "COMPLΞX<8><STEAM_0:0:105635721><>" entered the game
L 07/04/2020 - 02:13:37: Lua Error: addons/dash_3/lua/dash/libraries/nw.lua:313: attempt to index a nil value

L 07/04/2020 - 02:13:44: Lua Error: 
[ERROR] addons/dash_3/lua/dash/libraries/nw.lua:247: attempt to index a nil value
  1. func - addons/dash_3/lua/dash/libraries/nw.lua:247
   2. unknown - lua/includes/extensions/net.lua:32


L 07/04/2020 - 02:16:17: "COMPLΞX<8><STEAM_0:0:105635721><>" disconnected (reason "Disconnect by user.")
L 07/04/2020 - 02:16:17: Lua Error: 
[ERROR] gamemodes/darkrp/gamemode/core/core_sv.lua:436: attempt to index field 'vote' (a nil value)
  1. unknown - gamemodes/darkrp/gamemode/core/core_sv.lua:436


L 07/04/2020 - 02:16:18: "COMPLΞX<9><STEAM_0:0:105635721><>" connected, address "26.162.207.202:27005"
L 07/04/2020 - 02:16:18: "COMPLΞX<9><STEAM_0:0:105635721><>" STEAM USERID validated
L 07/04/2020 - 02:16:28: "COMPLΞX<9><STEAM_0:0:105635721><>" entered the game
L 07/04/2020 - 02:16:28: Lua Error: addons/dash_3/lua/dash/libraries/nw.lua:313: attempt to index a nil value

L 07/04/2020 - 02:16:35: Lua Error: 
[ERROR] addons/dash_3/lua/dash/libraries/nw.lua:247: attempt to index a nil value
  1. func - addons/dash_3/lua/dash/libraries/nw.lua:247
   2. unknown - lua/includes/extensions/net.lua:32


L 07/04/2020 - 02:20:39: "COMPLΞX<9><STEAM_0:0:105635721><>" disconnected (reason "Disconnect by user.")
L 07/04/2020 - 02:20:39: Lua Error: 
[ERROR] gamemodes/darkrp/gamemode/core/core_sv.lua:436: attempt to index field 'vote' (a nil value)
  1. unknown - gamemodes/darkrp/gamemode/core/core_sv.lua:436


L 07/04/2020 - 02:20:39: "COMPLΞX<10><STEAM_0:0:105635721><>" connected, address "26.162.207.202:27005"
L 07/04/2020 - 02:20:40: "COMPLΞX<10><STEAM_0:0:105635721><>" STEAM USERID validated
L 07/04/2020 - 02:20:50: "COMPLΞX<10><STEAM_0:0:105635721><>" entered the game
L 07/04/2020 - 02:20:57: Lua Error: 
[ERROR] lua/includes/extensions/table.lua:693: bad argument #1 to 'pairs' (table expected, got nil)
  1. pairs - [C]:-1
   2. GetKeys - lua/includes/extensions/table.lua:693
    3. PrintTable - lua/includes/util.lua:63
     4. func - gamemodes/darkrp/gamemode/core/credits/init_sv.lua:171
      5. unknown - lua/includes/extensions/net.lua:32


L 07/04/2020 - 02:25:10: "COMPLΞX<10><STEAM_0:0:105635721><>" disconnected (reason "Disconnect by user.")
L 07/04/2020 - 02:25:10: Lua Error: 
[ERROR] gamemodes/darkrp/gamemode/core/core_sv.lua:436: attempt to index field 'vote' (a nil value)
  1. unknown - gamemodes/darkrp/gamemode/core/core_sv.lua:436


L 07/04/2020 - 02:25:10: "COMPLΞX<11><STEAM_0:0:105635721><>" connected, address "26.162.207.202:27005"
L 07/04/2020 - 02:25:11: "COMPLΞX<11><STEAM_0:0:105635721><>" STEAM USERID validated
L 07/04/2020 - 02:25:21: "COMPLΞX<11><STEAM_0:0:105635721><>" entered the game
L 07/04/2020 - 02:25:21: Lua Error: addons/dash_3/lua/dash/libraries/nw.lua:313: attempt to index a nil value

L 07/04/2020 - 02:25:28: Lua Error: 
[ERROR] addons/dash_3/lua/dash/libraries/nw.lua:247: attempt to index a nil value
  1. func - addons/dash_3/lua/dash/libraries/nw.lua:247
   2. unknown - lua/includes/extensions/net.lua:32


L 07/04/2020 - 02:28:56: "COMPLΞX<11><STEAM_0:0:105635721><>" disconnected (reason "Disconnect by user.")
L 07/04/2020 - 02:28:56: Lua Error: 
[ERROR] gamemodes/darkrp/gamemode/core/core_sv.lua:436: attempt to index field 'vote' (a nil value)
  1. unknown - gamemodes/darkrp/gamemode/core/core_sv.lua:436


L 07/04/2020 - 02:28:56: "COMPLΞX<12><STEAM_0:0:105635721><>" connected, address "26.162.207.202:27005"
L 07/04/2020 - 02:28:56: "COMPLΞX<12><STEAM_0:0:105635721><>" STEAM USERID validated
L 07/04/2020 - 02:29:08: "COMPLΞX<12><STEAM_0:0:105635721><>" entered the game
L 07/04/2020 - 02:36:40: "COMPLΞX<12><STEAM_0:0:105635721><>" disconnected (reason "Disconnect by user.")
L 07/04/2020 - 02:36:40: Lua Error: 
[ERROR] gamemodes/darkrp/gamemode/core/core_sv.lua:436: attempt to index field 'vote' (a nil value)
  1. unknown - gamemodes/darkrp/gamemode/core/core_sv.lua:436


L 07/04/2020 - 02:36:40: "COMPLΞX<13><STEAM_0:0:105635721><>" connected, address "26.162.207.202:27005"
L 07/04/2020 - 02:36:40: "COMPLΞX<13><STEAM_0:0:105635721><>" STEAM USERID validated
L 07/04/2020 - 02:36:51: "COMPLΞX<13><STEAM_0:0:105635721><>" entered the game
L 07/04/2020 - 02:36:51: Lua Error: addons/dash_3/lua/dash/libraries/nw.lua:313: attempt to index a nil value

L 07/04/2020 - 02:36:58: Lua Error: 
[ERROR] addons/dash_3/lua/dash/libraries/nw.lua:247: attempt to index a nil value
  1. func - addons/dash_3/lua/dash/libraries/nw.lua:247
   2. unknown - lua/includes/extensions/net.lua:32


L 07/04/2020 - 02:38:41: "COMPLΞX<13><STEAM_0:0:105635721><>" disconnected (reason "Disconnect by user.")
L 07/04/2020 - 02:38:41: Lua Error: 
[ERROR] gamemodes/darkrp/gamemode/core/core_sv.lua:436: attempt to index field 'vote' (a nil value)
  1. unknown - gamemodes/darkrp/gamemode/core/core_sv.lua:436


L 07/04/2020 - 02:38:41: "COMPLΞX<14><STEAM_0:0:105635721><>" connected, address "26.162.207.202:27005"
L 07/04/2020 - 02:38:41: "COMPLΞX<14><STEAM_0:0:105635721><>" STEAM USERID validated
L 07/04/2020 - 02:38:51: "COMPLΞX<14><STEAM_0:0:105635721><>" entered the game
L 07/04/2020 - 02:38:51: Lua Error: addons/dash_3/lua/dash/libraries/nw.lua:313: attempt to index a nil value

L 07/04/2020 - 02:38:58: Lua Error: 
[ERROR] addons/dash_3/lua/dash/libraries/nw.lua:247: attempt to index a nil value
  1. func - addons/dash_3/lua/dash/libraries/nw.lua:247
   2. unknown - lua/includes/extensions/net.lua:32


L 07/04/2020 - 02:39:43: "COMPLΞX<14><STEAM_0:0:105635721><>" disconnected (reason "Disconnect by user.")
L 07/04/2020 - 02:39:43: Lua Error: 
[ERROR] gamemodes/darkrp/gamemode/core/core_sv.lua:436: attempt to index field 'vote' (a nil value)
  1. unknown - gamemodes/darkrp/gamemode/core/core_sv.lua:436


L 07/04/2020 - 02:39:43: "COMPLΞX<15><STEAM_0:0:105635721><>" connected, address "26.162.207.202:27005"
L 07/04/2020 - 02:39:44: "COMPLΞX<15><STEAM_0:0:105635721><>" STEAM USERID validated
L 07/04/2020 - 02:39:54: "COMPLΞX<15><STEAM_0:0:105635721><>" entered the game
L 07/04/2020 - 02:40:01: Lua Error: addons/dash_3/lua/dash/libraries/nw.lua:313: attempt to index a nil value

L 07/04/2020 - 02:42:57: "COMPLΞX<15><STEAM_0:0:105635721><>" disconnected (reason "Disconnect by user.")
L 07/04/2020 - 02:42:57: Lua Error: 
[ERROR] gamemodes/darkrp/gamemode/core/core_sv.lua:436: attempt to index field 'vote' (a nil value)
  1. unknown - gamemodes/darkrp/gamemode/core/core_sv.lua:436


L 07/04/2020 - 02:42:57: "COMPLΞX<16><STEAM_0:0:105635721><>" connected, address "26.162.207.202:27005"
L 07/04/2020 - 02:42:58: "COMPLΞX<16><STEAM_0:0:105635721><>" STEAM USERID validated
L 07/04/2020 - 02:43:08: "COMPLΞX<16><STEAM_0:0:105635721><>" entered the game
L 07/04/2020 - 02:43:15: Lua Error: addons/dash_3/lua/dash/libraries/nw.lua:313: attempt to index a nil value

L 07/04/2020 - 02:44:35: "COMPLΞX<16><STEAM_0:0:105635721><>" disconnected (reason "Disconnect by user.")
L 07/04/2020 - 02:44:35: Lua Error: 
[ERROR] gamemodes/darkrp/gamemode/core/core_sv.lua:436: attempt to index field 'vote' (a nil value)
  1. unknown - gamemodes/darkrp/gamemode/core/core_sv.lua:436


L 07/04/2020 - 02:44:35: "COMPLΞX<17><STEAM_0:0:105635721><>" connected, address "26.162.207.202:27005"
L 07/04/2020 - 02:44:36: "COMPLΞX<17><STEAM_0:0:105635721><>" STEAM USERID validated
L 07/04/2020 - 02:44:46: "COMPLΞX<17><STEAM_0:0:105635721><>" entered the game
L 07/04/2020 - 02:44:53: Lua Error: addons/dash_3/lua/dash/libraries/nw.lua:313: attempt to index a nil value

L 07/04/2020 - 02:50:14: "COMPLΞX<17><STEAM_0:0:105635721><>" disconnected (reason "Disconnect by user.")
L 07/04/2020 - 02:50:14: Lua Error: 
[ERROR] gamemodes/darkrp/gamemode/core/core_sv.lua:436: attempt to index field 'vote' (a nil value)
  1. unknown - gamemodes/darkrp/gamemode/core/core_sv.lua:436


L 07/04/2020 - 02:50:14: "COMPLΞX<18><STEAM_0:0:105635721><>" connected, address "26.162.207.202:27005"
L 07/04/2020 - 02:50:15: "COMPLΞX<18><STEAM_0:0:105635721><>" STEAM USERID validated
L 07/04/2020 - 02:50:25: "COMPLΞX<18><STEAM_0:0:105635721><>" entered the game
L 07/04/2020 - 03:04:11: "COMPLΞX<18><STEAM_0:0:105635721><>" disconnected (reason "Disconnect by user.")
L 07/04/2020 - 03:04:11: Lua Error: 
[ERROR] gamemodes/darkrp/gamemode/core/core_sv.lua:436: attempt to index field 'vote' (a nil value)
  1. unknown - gamemodes/darkrp/gamemode/core/core_sv.lua:436


L 07/04/2020 - 03:04:11: "COMPLΞX<19><STEAM_0:0:105635721><>" connected, address "26.162.207.202:27005"
L 07/04/2020 - 03:04:11: "COMPLΞX<19><STEAM_0:0:105635721><>" STEAM USERID validated
L 07/04/2020 - 03:04:22: "COMPLΞX<19><STEAM_0:0:105635721><>" entered the game
L 07/04/2020 - 03:07:31: "COMPLΞX<19><STEAM_0:0:105635721><>" disconnected (reason "Disconnect by user.")
L 07/04/2020 - 03:07:31: Lua Error: 
[ERROR] gamemodes/darkrp/gamemode/core/core_sv.lua:436: attempt to index field 'vote' (a nil value)
  1. unknown - gamemodes/darkrp/gamemode/core/core_sv.lua:436


L 07/04/2020 - 03:07:31: "COMPLΞX<20><STEAM_0:0:105635721><>" connected, address "26.162.207.202:27005"
L 07/04/2020 - 03:07:31: "COMPLΞX<20><STEAM_0:0:105635721><>" STEAM USERID validated
L 07/04/2020 - 03:07:42: "COMPLΞX<20><STEAM_0:0:105635721><>" entered the game
L 07/04/2020 - 03:09:24: "COMPLΞX<20><STEAM_0:0:105635721><>" disconnected (reason "Disconnect by user.")
L 07/04/2020 - 03:09:24: Lua Error: 
[ERROR] gamemodes/darkrp/gamemode/core/core_sv.lua:436: attempt to index field 'vote' (a nil value)
  1. unknown - gamemodes/darkrp/gamemode/core/core_sv.lua:436


L 07/04/2020 - 03:09:24: "COMPLΞX<21><STEAM_0:0:105635721><>" connected, address "26.162.207.202:27005"
L 07/04/2020 - 03:09:25: "COMPLΞX<21><STEAM_0:0:105635721><>" STEAM USERID validated
L 07/04/2020 - 03:09:36: "COMPLΞX<21><STEAM_0:0:105635721><>" entered the game
L 07/04/2020 - 03:17:07: "COMPLΞX<21><STEAM_0:0:105635721><>" disconnected (reason "Disconnect by user.")
L 07/04/2020 - 03:17:07: Lua Error: 
[ERROR] gamemodes/darkrp/gamemode/core/core_sv.lua:436: attempt to index field 'vote' (a nil value)
  1. unknown - gamemodes/darkrp/gamemode/core/core_sv.lua:436


L 07/04/2020 - 03:17:07: "COMPLΞX<22><STEAM_0:0:105635721><>" connected, address "26.162.207.202:27005"
L 07/04/2020 - 03:17:08: "COMPLΞX<22><STEAM_0:0:105635721><>" STEAM USERID validated
L 07/04/2020 - 03:17:18: "COMPLΞX<22><STEAM_0:0:105635721><>" entered the game
L 07/04/2020 - 03:19:09: "COMPLΞX<22><STEAM_0:0:105635721><>" disconnected (reason "Disconnect by user.")
L 07/04/2020 - 03:19:09: Lua Error: 
[ERROR] gamemodes/darkrp/gamemode/core/core_sv.lua:436: attempt to index field 'vote' (a nil value)
  1. unknown - gamemodes/darkrp/gamemode/core/core_sv.lua:436


L 07/04/2020 - 03:19:09: "COMPLΞX<23><STEAM_0:0:105635721><>" connected, address "26.162.207.202:27005"
L 07/04/2020 - 03:19:10: "COMPLΞX<23><STEAM_0:0:105635721><>" STEAM USERID validated
L 07/04/2020 - 03:19:20: "COMPLΞX<23><STEAM_0:0:105635721><>" entered the game
L 07/04/2020 - 03:25:10: Lua Error: 
[ERROR] gamemodes/darkrp/gamemode/core/credits/init_sv.lua:200: attempt to index global 'ply' (a nil value)
  1. func - gamemodes/darkrp/gamemode/core/credits/init_sv.lua:200
   2. unknown - lua/includes/extensions/net.lua:32


L 07/04/2020 - 03:25:11: Lua Error: 
[ERROR] gamemodes/darkrp/gamemode/core/credits/init_sv.lua:200: attempt to index global 'ply' (a nil value)
  1. func - gamemodes/darkrp/gamemode/core/credits/init_sv.lua:200
   2. unknown - lua/includes/extensions/net.lua:32


L 07/04/2020 - 03:25:17: "COMPLΞX<23><STEAM_0:0:105635721><>" disconnected (reason "Disconnect by user.")
L 07/04/2020 - 03:25:17: Lua Error: 
[ERROR] gamemodes/darkrp/gamemode/core/core_sv.lua:436: attempt to index field 'vote' (a nil value)
  1. unknown - gamemodes/darkrp/gamemode/core/core_sv.lua:436


L 07/04/2020 - 03:25:17: "COMPLΞX<24><STEAM_0:0:105635721><>" connected, address "26.162.207.202:27005"
L 07/04/2020 - 03:25:18: "COMPLΞX<24><STEAM_0:0:105635721><>" STEAM USERID validated
L 07/04/2020 - 03:25:28: "COMPLΞX<24><STEAM_0:0:105635721><>" entered the game
L 07/04/2020 - 03:25:35: Lua Error: 
[ERROR] gamemodes/darkrp/gamemode/core/credits/init_sv.lua:200: attempt to index global 'ply' (a nil value)
  1. func - gamemodes/darkrp/gamemode/core/credits/init_sv.lua:200
   2. unknown - lua/includes/extensions/net.lua:32


L 07/04/2020 - 03:27:45: "COMPLΞX<24><STEAM_0:0:105635721><>" disconnected (reason "Disconnect by user.")
L 07/04/2020 - 03:27:45: Lua Error: 
[ERROR] gamemodes/darkrp/gamemode/core/core_sv.lua:436: attempt to index field 'vote' (a nil value)
  1. unknown - gamemodes/darkrp/gamemode/core/core_sv.lua:436


L 07/04/2020 - 03:27:46: "COMPLΞX<25><STEAM_0:0:105635721><>" connected, address "26.162.207.202:27005"
L 07/04/2020 - 03:27:46: "COMPLΞX<25><STEAM_0:0:105635721><>" STEAM USERID validated
L 07/04/2020 - 03:27:56: "COMPLΞX<25><STEAM_0:0:105635721><>" entered the game
L 07/04/2020 - 03:34:06: Lua Error: 
[ERROR] gamemodes/darkrp/gamemode/core/commands/money_sv.lua:43: ')' expected (to close '(' at line 4) near ':'
  1. include_dir - gamemodes/darkrp/gamemode/sh_init.lua:43
   2. Init - gamemodes/darkrp/gamemode/sh_init.lua:103
    3. unknown - gamemodes/darkrp/gamemode/sh_init.lua:128
     4. include - [C]:-1
      5. unknown - gamemodes/darkrp/gamemode/init.lua:3


L 07/04/2020 - 03:34:42: Lua Error: 
[ERROR] gamemodes/darkrp/gamemode/core/commands/money_sv.lua:11: 'then' expected near 'tonumber'
  1. include_dir - gamemodes/darkrp/gamemode/sh_init.lua:43
   2. Init - gamemodes/darkrp/gamemode/sh_init.lua:103
    3. unknown - gamemodes/darkrp/gamemode/sh_init.lua:128
     4. include - [C]:-1
      5. unknown - gamemodes/darkrp/gamemode/init.lua:3


L 07/04/2020 - 03:34:42: Lua Error: 
[ERROR] gamemodes/darkrp/gamemode/core/commands/money_sv.lua:11: 'then' expected near 'tonumber'
  1. include_dir - gamemodes/darkrp/gamemode/sh_init.lua:43
   2. Init - gamemodes/darkrp/gamemode/sh_init.lua:103
    3. unknown - gamemodes/darkrp/gamemode/sh_init.lua:128
     4. include - [C]:-1
      5. unknown - gamemodes/darkrp/gamemode/init.lua:3


L 07/04/2020 - 03:35:07: Lua Error: 
[ERROR] gamemodes/darkrp/gamemode/core/commands/money_sv.lua:15: attempt to index global 'ply' (a nil value)
  1. Run - gamemodes/darkrp/gamemode/core/commands/money_sv.lua:15
   2. Run - addons/dash_3/lua/dash/libraries/cmd.lua:319
    3. v - addons/dash_3/lua/dash/libraries/cmd.lua:510
     4. unknown - addons/dash_3/lua/dash/libraries/hook.lua:36


L 07/04/2020 - 03:35:07: "COMPLΞX<25><STEAM_0:0:105635721><Team>" say "/give 3"
L 07/04/2020 - 03:39:49: "Bot01<26><BOT><>" connected, address "none"
L 07/04/2020 - 03:39:49: "Bot01<26><BOT><>" entered the game
L 07/04/2020 - 03:40:05: Lua Error: 
[ERROR] gamemodes/darkrp/gamemode/core/commands/money_sv.lua:13: attempt to index global 'ply' (a nil value)
  1. Run - gamemodes/darkrp/gamemode/core/commands/money_sv.lua:13
   2. Run - addons/dash_3/lua/dash/libraries/cmd.lua:319
    3. v - addons/dash_3/lua/dash/libraries/cmd.lua:510
     4. unknown - addons/dash_3/lua/dash/libraries/hook.lua:36


L 07/04/2020 - 03:40:05: "COMPLΞX<25><STEAM_0:0:105635721><Team>" say "/give 0"
L 07/04/2020 - 03:43:10: Lua Error: 
[ERROR] gamemodes/darkrp/gamemode/core/commands/money_sv.lua:74: ')' expected (to close '(' at line 38) near ':'
  1. include_dir - gamemodes/darkrp/gamemode/sh_init.lua:43
   2. Init - gamemodes/darkrp/gamemode/sh_init.lua:103
    3. unknown - gamemodes/darkrp/gamemode/sh_init.lua:128
     4. include - [C]:-1
      5. unknown - gamemodes/darkrp/gamemode/init.lua:3


L 07/04/2020 - 03:43:10: Lua Error: 
[ERROR] gamemodes/darkrp/gamemode/core/commands/money_sv.lua:74: ')' expected (to close '(' at line 38) near ':'
  1. include_dir - gamemodes/darkrp/gamemode/sh_init.lua:43
   2. Init - gamemodes/darkrp/gamemode/sh_init.lua:103
    3. unknown - gamemodes/darkrp/gamemode/sh_init.lua:128
     4. include - [C]:-1
      5. unknown - gamemodes/darkrp/gamemode/init.lua:3


L 07/04/2020 - 03:43:43: Lua Error: 
[ERROR] gamemodes/darkrp/gamemode/core/commands/money_sv.lua:71: ')' expected (to close '(' at line 38) near ':'
  1. include_dir - gamemodes/darkrp/gamemode/sh_init.lua:43
   2. Init - gamemodes/darkrp/gamemode/sh_init.lua:103
    3. unknown - gamemodes/darkrp/gamemode/sh_init.lua:128
     4. include - [C]:-1
      5. unknown - gamemodes/darkrp/gamemode/init.lua:3


L 07/04/2020 - 03:43:43: Lua Error: 
[ERROR] gamemodes/darkrp/gamemode/core/commands/money_sv.lua:71: ')' expected (to close '(' at line 38) near ':'
  1. include_dir - gamemodes/darkrp/gamemode/sh_init.lua:43
   2. Init - gamemodes/darkrp/gamemode/sh_init.lua:103
    3. unknown - gamemodes/darkrp/gamemode/sh_init.lua:128
     4. include - [C]:-1
      5. unknown - gamemodes/darkrp/gamemode/init.lua:3


L 07/04/2020 - 03:43:48: Lua Error: 
[ERROR] gamemodes/darkrp/gamemode/core/commands/money_sv.lua:70: ')' expected (to close '(' at line 38) near ':'
  1. include_dir - gamemodes/darkrp/gamemode/sh_init.lua:43
   2. Init - gamemodes/darkrp/gamemode/sh_init.lua:103
    3. unknown - gamemodes/darkrp/gamemode/sh_init.lua:128
     4. include - [C]:-1
      5. unknown - gamemodes/darkrp/gamemode/init.lua:3


L 07/04/2020 - 03:43:51: Lua Error: 
[ERROR] gamemodes/darkrp/gamemode/core/commands/money_sv.lua:71: attempt to call method 'SetAlias' (a nil value)
  1. unknown - gamemodes/darkrp/gamemode/core/commands/money_sv.lua:71
   2. include - [C]:-1
    3. include_dir - gamemodes/darkrp/gamemode/sh_init.lua:43
     4. Init - gamemodes/darkrp/gamemode/sh_init.lua:103
      5. unknown - gamemodes/darkrp/gamemode/sh_init.lua:128
       6. include - [C]:-1
        7. unknown - gamemodes/darkrp/gamemode/init.lua:3


L 07/04/2020 - 03:44:02: Lua Error: 
[ERROR] gamemodes/darkrp/gamemode/core/commands/money_sv.lua:71: attempt to call method 'SetAlias' (a nil value)
  1. unknown - gamemodes/darkrp/gamemode/core/commands/money_sv.lua:71
   2. include - [C]:-1
    3. include_dir - gamemodes/darkrp/gamemode/sh_init.lua:43
     4. Init - gamemodes/darkrp/gamemode/sh_init.lua:103
      5. unknown - gamemodes/darkrp/gamemode/sh_init.lua:128
       6. include - [C]:-1
        7. unknown - gamemodes/darkrp/gamemode/init.lua:3


L 07/04/2020 - 03:44:04: Lua Error: 
[ERROR] gamemodes/darkrp/gamemode/core/commands/money_sv.lua:71: attempt to call method 'SetAlias' (a nil value)
  1. unknown - gamemodes/darkrp/gamemode/core/commands/money_sv.lua:71
   2. include - [C]:-1
    3. include_dir - gamemodes/darkrp/gamemode/sh_init.lua:43
     4. Init - gamemodes/darkrp/gamemode/sh_init.lua:103
      5. unknown - gamemodes/darkrp/gamemode/sh_init.lua:128
       6. include - [C]:-1
        7. unknown - gamemodes/darkrp/gamemode/init.lua:3


L 07/04/2020 - 03:44:15: Lua Error: 
[ERROR] gamemodes/darkrp/gamemode/core/commands/money_sv.lua:66: attempt to call method 'SetAlias' (a nil value)
  1. unknown - gamemodes/darkrp/gamemode/core/commands/money_sv.lua:66
   2. include - [C]:-1
    3. include_dir - gamemodes/darkrp/gamemode/sh_init.lua:43
     4. Init - gamemodes/darkrp/gamemode/sh_init.lua:103
      5. unknown - gamemodes/darkrp/gamemode/sh_init.lua:128
       6. include - [C]:-1
        7. unknown - gamemodes/darkrp/gamemode/init.lua:3


L 07/04/2020 - 03:44:21: Lua Error: 
[ERROR] gamemodes/darkrp/gamemode/core/commands/money_sv.lua:61: attempt to call method 'SetAlias' (a nil value)
  1. unknown - gamemodes/darkrp/gamemode/core/commands/money_sv.lua:61
   2. include - [C]:-1
    3. include_dir - gamemodes/darkrp/gamemode/sh_init.lua:43
     4. Init - gamemodes/darkrp/gamemode/sh_init.lua:103
      5. unknown - gamemodes/darkrp/gamemode/sh_init.lua:128
       6. include - [C]:-1
        7. unknown - gamemodes/darkrp/gamemode/init.lua:3


L 07/04/2020 - 03:46:25: Lua Error: 
[ERROR] gamemodes/darkrp/gamemode/core/commands/money_sv.lua:35: bad argument #1 to 'floor' (number expected, got nil)
  1. floor - [C]:-1
   2. Run - gamemodes/darkrp/gamemode/core/commands/money_sv.lua:35
    3. Run - addons/dash_3/lua/dash/libraries/cmd.lua:319
     4. func - addons/dash_3/lua/dash/libraries/cmd.lua:501
      5. unknown - lua/includes/extensions/net.lua:32


L 07/04/2020 - 03:48:59: Lua Error: 
[ERROR] gamemodes/darkrp/gamemode/core/commands/money_sv.lua:103: ')' expected (to close '(' at line 64) near ':'
  1. include_dir - gamemodes/darkrp/gamemode/sh_init.lua:43
   2. Init - gamemodes/darkrp/gamemode/sh_init.lua:103
    3. unknown - gamemodes/darkrp/gamemode/sh_init.lua:128
     4. include - [C]:-1
      5. unknown - gamemodes/darkrp/gamemode/init.lua:3


L 07/04/2020 - 03:48:59: Lua Error: 
[ERROR] gamemodes/darkrp/gamemode/core/commands/money_sv.lua:103: ')' expected (to close '(' at line 64) near ':'
  1. include_dir - gamemodes/darkrp/gamemode/sh_init.lua:43
   2. Init - gamemodes/darkrp/gamemode/sh_init.lua:103
    3. unknown - gamemodes/darkrp/gamemode/sh_init.lua:128
     4. include - [C]:-1
      5. unknown - gamemodes/darkrp/gamemode/init.lua:3


L 07/04/2020 - 03:50:09: Lua Error: 
[ERROR] gamemodes/darkrp/gamemode/core/commands/money_sv.lua:74: attempt to index global 'ply' (a nil value)
  1. Run - gamemodes/darkrp/gamemode/core/commands/money_sv.lua:74
   2. Run - addons/dash_3/lua/dash/libraries/cmd.lua:319
    3. v - addons/dash_3/lua/dash/libraries/cmd.lua:510
     4. unknown - addons/dash_3/lua/dash/libraries/hook.lua:36


L 07/04/2020 - 03:50:09: "COMPLΞX<25><STEAM_0:0:105635721><Team>" say "/cheque bot01 33"
L 07/04/2020 - 05:15:55: "COMPLΞX<25><STEAM_0:0:105635721><>" disconnected (reason "Disconnect by user.")
L 07/04/2020 - 05:15:55: Lua Error: 
[ERROR] gamemodes/darkrp/gamemode/core/core_sv.lua:436: attempt to index field 'vote' (a nil value)
  1. unknown - gamemodes/darkrp/gamemode/core/core_sv.lua:436


L 07/04/2020 - 05:15:55: "Bot01<26><BOT><>" disconnected (reason "Punting bot, server is hibernating")
L 07/04/2020 - 05:15:55: Lua Error: 
[ERROR] gamemodes/darkrp/gamemode/core/core_sv.lua:436: attempt to index field 'vote' (a nil value)
  1. unknown - gamemodes/darkrp/gamemode/core/core_sv.lua:436


L 07/04/2020 - 05:23:12: "COMPLΞX<27><STEAM_0:0:105635721><>" connected, address "26.162.207.202:27005"
L 07/04/2020 - 05:23:12: "COMPLΞX<27><STEAM_0:0:105635721><>" STEAM USERID validated
L 07/04/2020 - 05:23:52: "COMPLΞX<27><STEAM_0:0:105635721><>" entered the game
L 07/04/2020 - 06:05:11: "COMPLΞX<27><STEAM_0:0:105635721><>" disconnected (reason "Disconnect by user.")
L 07/04/2020 - 06:05:11: Lua Error: 
[ERROR] gamemodes/darkrp/gamemode/core/core_sv.lua:436: attempt to index field 'vote' (a nil value)
  1. unknown - gamemodes/darkrp/gamemode/core/core_sv.lua:436


L 07/04/2020 - 06:14:47: "COMPLΞX<28><STEAM_0:0:105635721><>" connected, address "26.162.207.202:27005"
L 07/04/2020 - 06:14:48: "COMPLΞX<28><STEAM_0:0:105635721><>" STEAM USERID validated
L 07/04/2020 - 06:15:27: "COMPLΞX<28><STEAM_0:0:105635721><>" entered the game
L 07/04/2020 - 07:59:35: "COMPLΞX<28><STEAM_0:0:105635721><Team>" say "gfhfgh"
L 07/04/2020 - 07:59:37: "COMPLΞX<28><STEAM_0:0:105635721><Team>" say "апввыав"
L 07/04/2020 - 08:11:51: "Bot02<29><BOT><>" connected, address "none"
L 07/04/2020 - 08:11:51: "Bot02<29><BOT><>" entered the game
L 07/04/2020 - 08:11:51: "Bot03<30><BOT><>" connected, address "none"
L 07/04/2020 - 08:11:51: "Bot03<30><BOT><>" entered the game
L 07/04/2020 - 08:11:52: "Bot04<31><BOT><>" connected, address "none"
L 07/04/2020 - 08:11:52: "Bot04<31><BOT><>" entered the game
L 07/04/2020 - 08:11:52: "Bot05<32><BOT><>" connected, address "none"
L 07/04/2020 - 08:11:52: "Bot05<32><BOT><>" entered the game
L 07/04/2020 - 08:11:52: "Bot06<33><BOT><>" connected, address "none"
L 07/04/2020 - 08:11:52: "Bot06<33><BOT><>" entered the game
L 07/04/2020 - 08:11:53: "Bot07<34><BOT><>" connected, address "none"
L 07/04/2020 - 08:11:53: "Bot07<34><BOT><>" entered the game
L 07/04/2020 - 08:11:53: "Bot08<35><BOT><>" connected, address "none"
L 07/04/2020 - 08:11:53: "Bot08<35><BOT><>" entered the game
L 07/04/2020 - 08:11:53: "Bot09<36><BOT><>" connected, address "none"
L 07/04/2020 - 08:11:53: "Bot09<36><BOT><>" entered the game
L 07/04/2020 - 08:11:53: "Bot10<37><BOT><>" connected, address "none"
L 07/04/2020 - 08:11:54: "Bot10<37><BOT><>" entered the game
L 07/04/2020 - 08:11:54: "Bot11<38><BOT><>" connected, address "none"
L 07/04/2020 - 08:11:54: "Bot11<38><BOT><>" entered the game
L 07/04/2020 - 08:11:54: "Bot12<39><BOT><>" connected, address "none"
L 07/04/2020 - 08:11:54: "Bot12<39><BOT><>" entered the game
L 07/04/2020 - 08:11:54: "Bot13<40><BOT><>" connected, address "none"
L 07/04/2020 - 08:11:54: "Bot13<40><BOT><>" entered the game
L 07/04/2020 - 08:11:55: "Bot14<41><BOT><>" connected, address "none"
L 07/04/2020 - 08:11:55: "Bot14<41><BOT><>" entered the game
L 07/04/2020 - 08:11:55: "Bot15<42><BOT><>" connected, address "none"
L 07/04/2020 - 08:11:55: "Bot15<42><BOT><>" entered the game
L 07/04/2020 - 08:11:56: "Bot16<43><BOT><>" connected, address "none"
L 07/04/2020 - 08:11:56: "Bot16<43><BOT><>" entered the game
L 07/04/2020 - 08:11:56: "Bot17<44><BOT><>" connected, address "none"
L 07/04/2020 - 08:11:56: "Bot17<44><BOT><>" entered the game
L 07/04/2020 - 08:11:56: "Bot18<45><BOT><>" connected, address "none"
L 07/04/2020 - 08:11:56: "Bot18<45><BOT><>" entered the game
L 07/04/2020 - 08:11:56: "Bot19<46><BOT><>" connected, address "none"
L 07/04/2020 - 08:11:57: "Bot19<46><BOT><>" entered the game
L 07/04/2020 - 08:11:57: "Bot20<47><BOT><>" connected, address "none"
L 07/04/2020 - 08:11:57: "Bot20<47><BOT><>" entered the game
L 07/04/2020 - 08:11:57: "Bot21<48><BOT><>" connected, address "none"
L 07/04/2020 - 08:11:57: "Bot21<48><BOT><>" entered the game
L 07/04/2020 - 08:11:57: "Bot22<49><BOT><>" connected, address "none"
L 07/04/2020 - 08:11:57: "Bot22<49><BOT><>" entered the game
L 07/04/2020 - 08:11:58: "Bot23<50><BOT><>" connected, address "none"
L 07/04/2020 - 08:11:58: "Bot23<50><BOT><>" entered the game
L 07/04/2020 -