L 07/03/2020 - 05:38:30: Log file started (file "logs\L0703028.log") (game "D:\sup\steamapps\common\GarrysModDS\garrysmod") (version "7836")
L 07/03/2020 - 05:38:30: server_cvar: "sv_alltalk" "3"
L 07/03/2020 - 05:38:32: Connection to Steam servers successful.
L 07/03/2020 - 05:38:32:    Public IP is 31.130.42.26.
L 07/03/2020 - 05:38:32: Assigned anonymous gameserver Steam ID [A-1:3495216136(15080)].
L 07/03/2020 - 05:38:32: VAC secure mode is activated.
L 07/03/2020 - 05:40:20: Lua Error: Couldn't include file 'darkrp\gamemode\util\questions\questions_sv.lua' (File not found) (@gamemodes/darkrp/gamemode/sh_init.lua (line 43))

L 07/03/2020 - 05:40:20: Lua Error: Corrupt shipment "Riot Shield": element model is corrupt.

L 07/03/2020 - 05:40:20: Lua Error: Corrupt shipment "Vape": element model is corrupt.

L 07/03/2020 - 05:40:20: Lua Error: Couldn't include file 'darkrp\gamemode\cfg\struggle.lua' (File not found) (@gamemodes/darkrp/gamemode/sh_init.lua (line 121))

L 07/03/2020 - 05:40:34: Lua Error: Couldn't include file 'darkrp\gamemode\util\questions\questions_sv.lua' (File not found) (@gamemodes/darkrp/gamemode/sh_init.lua (line 43))

L 07/03/2020 - 05:40:34: Lua Error: Corrupt shipment "Riot Shield": element model is corrupt.

L 07/03/2020 - 05:40:34: Lua Error: Corrupt shipment "Vape": element model is corrupt.

L 07/03/2020 - 05:40:34: Lua Error: Couldn't include file 'darkrp\gamemode\cfg\struggle.lua' (File not found) (@gamemodes/darkrp/gamemode/sh_init.lua (line 121))

L 07/03/2020 - 05:40:34: Lua Error: Couldn't include file 'darkrp\gamemode\util\questions\questions_sv.lua' (File not found) (@gamemodes/darkrp/gamemode/sh_init.lua (line 43))

L 07/03/2020 - 05:40:34: Lua Error: Corrupt shipment "Riot Shield": element model is corrupt.

L 07/03/2020 - 05:40:34: Lua Error: Corrupt shipment "Vape": element model is corrupt.

L 07/03/2020 - 05:40:34: Lua Error: Couldn't include file 'darkrp\gamemode\cfg\struggle.lua' (File not found) (@gamemodes/darkrp/gamemode/sh_init.lua (line 121))

L 07/03/2020 - 05:42:13: Lua Error: Couldn't include file 'darkrp\gamemode\util\questions\questions_sv.lua' (File not found) (@gamemodes/darkrp/gamemode/sh_init.lua (line 43))

L 07/03/2020 - 05:42:13: Lua Error: Corrupt shipment "Riot Shield": element model is corrupt.

L 07/03/2020 - 05:42:13: Lua Error: Corrupt shipment "Vape": element model is corrupt.

L 07/03/2020 - 05:42:13: Lua Error: Couldn't include file 'darkrp\gamemode\cfg\struggle.lua' (File not found) (@gamemodes/darkrp/gamemode/sh_init.lua (line 121))

L 07/03/2020 - 05:42:17: "DidVaitel<2><STEAM_0:1:74202541><>" connected, address "26.162.207.202:27006"
L 07/03/2020 - 05:42:17: "DidVaitel<2><STEAM_0:1:74202541><>" STEAM USERID validated
L 07/03/2020 - 05:42:22: Lua Error: 
[ERROR] Warning! A net message (nw_DoorData.1) is already started! Discarding in favor of the new message! (_AntiCrash)

  1. unknown - addons/badmin_2/lua/ba/plugins/anticrash.lua:5


L 07/03/2020 - 05:42:28: "DidVaitel<2><STEAM_0:1:74202541><>" entered the game
L 07/03/2020 - 05:42:28: Lua Error: addons/badmin_2/lua/ba/plugins/reserved_slots.lua:5: attempt to compare nil with number

L 07/03/2020 - 05:42:34: Lua Error: 
[ERROR] gamemodes/darkrp/gamemode/core/doors/init_sh.lua:8: attempt to index field 'Owner' (a nil value)
  1. func - gamemodes/darkrp/gamemode/core/doors/init_sh.lua:8
   2. WriteFunc - addons/dash_3/lua/dash/libraries/nw.lua:109
    3. _Write - addons/dash_3/lua/dash/libraries/nw.lua:193
     4. _Send - addons/dash_3/lua/dash/libraries/nw.lua:155
      5. func - addons/dash_3/lua/dash/libraries/nw.lua:248
       6. unknown - lua/includes/extensions/net.lua:32


L 07/03/2020 - 05:42:37: Lua Error: 
[ERROR] Warning! A net message (nw_DoorData.1) is already started! Discarding in favor of the new message! (_AntiCrash)

  1. unknown - addons/badmin_2/lua/ba/plugins/anticrash.lua:5


L 07/03/2020 - 05:42:43: "DidVaitel<2><STEAM_0:1:74202541><>" disconnected (reason "Server shutting down")
L 07/03/2020 - 05:42:43: server_message: "quit"
L 07/03/2020 - 05:42:43: Log file closed.
