L 07/03/2020 - 00:22:23: Log file started (file "logs\L0703003.log") (game "D:\sup\steamapps\common\GarrysModDS\garrysmod") (version "7836")
L 07/03/2020 - 00:22:23: server_cvar: "sv_alltalk" "3"
L 07/03/2020 - 00:22:23: "DidVaitel<2><STEAM_0:1:74202541><>" connected, address "26.162.207.202:27006"
L 07/03/2020 - 00:22:23: "DidVaitel<2><STEAM_0:1:74202541><>" disconnected (reason "Disconnect by user.")
L 07/03/2020 - 00:22:24: Connection to Steam servers successful.
L 07/03/2020 - 00:22:24:    Public IP is 31.130.42.26.
L 07/03/2020 - 00:22:24: Assigned anonymous gameserver Steam ID [A-1:4102697992(15079)].
L 07/03/2020 - 00:22:24: VAC secure mode is activated.
L 07/03/2020 - 00:22:25: "DidVaitel<3><STEAM_0:1:74202541><>" connected, address "26.162.207.202:27006"
L 07/03/2020 - 00:22:25: "DidVaitel<3><STEAM_0:1:74202541><>" STEAM USERID validated
L 07/03/2020 - 00:22:34: "DidVaitel<3><STEAM_0:1:74202541><>" entered the game
L 07/03/2020 - 00:22:45: "DidVaitel<3><STEAM_0:1:74202541><>" disconnected (reason "Disconnect by user.")
L 07/03/2020 - 00:23:27: "DidVaitel<4><STEAM_0:1:74202541><>" connected, address "26.162.207.202:27006"
L 07/03/2020 - 00:23:28: "DidVaitel<4><STEAM_0:1:74202541><>" STEAM USERID validated
L 07/03/2020 - 00:23:36: "DidVaitel<4><STEAM_0:1:74202541><>" entered the game
L 07/03/2020 - 00:24:22: Lua Error: 
[ERROR] addons/badmin/lua/ba/core/ranks/groups_sv.lua:30: attempt to call method 'query' (a nil value)
  1. unknown - addons/badmin/lua/ba/core/ranks/groups_sv.lua:30


L 07/03/2020 - 00:25:49: "DidVaitel<4><STEAM_0:1:74202541><>" disconnected (reason "Server shutting down")
L 07/03/2020 - 00:25:49: server_message: "quit"
L 07/03/2020 - 00:25:49: Log file closed.
