L 07/09/2020 - 10:54:21: Log file started (file "logs\L0709004.log") (game "D:\sup\steamapps\common\GarrysModDS\garrysmod") (version "7836")
L 07/09/2020 - 10:54:21: server_cvar: "sv_alltalk" "3"
L 07/09/2020 - 10:54:22: Connection to Steam servers successful.
L 07/09/2020 - 10:54:22:    Public IP is 31.130.42.26.
L 07/09/2020 - 10:54:22: Assigned anonymous gameserver Steam ID [A-1:2677779460(15117)].
L 07/09/2020 - 10:54:22: VAC secure mode is activated.
L 07/09/2020 - 10:58:05: Lua Error: 
[ERROR] gamemodes/darkrp/entities/entities/npc_rp_copshop/init.lua:4: attempt to index global 'self' (a nil value)
  1. unknown - gamemodes/darkrp/entities/entities/npc_rp_copshop/init.lua:4


L 07/09/2020 - 10:58:05: Lua Error: 
[ERROR] gamemodes/darkrp/entities/entities/npc_rp_copshop/init.lua:4: attempt to index global 'self' (a nil value)
  1. unknown - gamemodes/darkrp/entities/entities/npc_rp_copshop/init.lua:4


L 07/09/2020 - 10:58:25: Lua Error: 
[ERROR] gamemodes/darkrp/entities/entities/npc_rp_george/init.lua:4: attempt to index global 'self' (a nil value)
  1. unknown - gamemodes/darkrp/entities/entities/npc_rp_george/init.lua:4


L 07/09/2020 - 11:04:48: "DidVaitel<2><STEAM_0:1:74202541><>" connected, address "26.162.207.202:27006"
L 07/09/2020 - 11:04:48: "DidVaitel<2><STEAM_0:1:74202541><>" STEAM USERID validated
L 07/09/2020 - 11:05:02: "DidVaitel<2><STEAM_0:1:74202541><>" entered the game
L 07/09/2020 - 11:07:58: Lua Error: 
[ERROR] gamemodes/darkrp/entities/entities/npc_rp_base/init.lua:7: bad argument #1 to 'SetModel' (string expected, got nil)
  1. SetModel - [C]:-1
   2. unknown - gamemodes/darkrp/entities/entities/npc_rp_base/init.lua:7
    3. Spawn - [C]:-1
     4. SpawnFunction - gamemodes/base/entities/entities/base_entity/init.lua:70
      5. Spawn_SENT - gamemodes/darkrp/gamemode/core/sandbox/commands_sv.lua:578
       6. unknown - gamemodes/darkrp/gamemode/core/sandbox/commands_sv.lua:643
        7. unknown - lua/includes/modules/concommand.lua:54


L 07/09/2020 - 11:11:11: "DidVaitel<2><STEAM_0:1:74202541><>" disconnected (reason "Server shutting down")
L 07/09/2020 - 11:11:11: server_message: "quit"
L 07/09/2020 - 11:11:11: Log file closed.
