L 07/02/2020 - 23:31:10: Log file started (file "logs\L0702032.log") (game "D:\sup\steamapps\common\GarrysModDS\garrysmod") (version "7836")
L 07/02/2020 - 23:31:10: server_cvar: "sv_alltalk" "3"
L 07/02/2020 - 23:31:11: Connection to Steam servers successful.
L 07/02/2020 - 23:31:11:    Public IP is 31.130.42.26.
L 07/02/2020 - 23:31:11: Assigned anonymous gameserver Steam ID [A-1:3571400704(15079)].
L 07/02/2020 - 23:31:12: VAC secure mode is activated.
L 07/02/2020 - 23:31:14: "DidVaitel<2><STEAM_0:1:74202541><>" connected, address "26.162.207.202:27006"
L 07/02/2020 - 23:31:14: "DidVaitel<2><STEAM_0:1:74202541><>" STEAM USERID validated
L 07/02/2020 - 23:31:23: Lua Error: 
[ERROR] gamemodes/darkrp/gamemode/core/credits/init_sh.lua:111: attempt to call method 'HasUpgrade' (a nil value)
  1. v - gamemodes/darkrp/gamemode/core/credits/init_sh.lua:111
   2. Call - addons/dash/lua/dash/libraries/hook.lua:36
    3. unknown - gamemodes/darkrp/gamemode/core/core_sv.lua:344


L 07/02/2020 - 23:31:23: "DidVaitel<2><STEAM_0:1:74202541><>" entered the game
L 07/02/2020 - 23:31:23: Lua Error: 
[ERROR] addons/dash/lua/dash/libraries/hook.lua:36: gamemodes/darkrp/gamemode/core/credits/init_sh.lua:111: attempt to call method 'HasUpgrade' (a nil value)
  1. v - [C]:-1
   2. unknown - addons/dash/lua/dash/libraries/hook.lua:36


L 07/02/2020 - 23:31:34: Lua Error: 
[ERROR] addons/badmin/lua/ba/modules/darkrp/misc_sv.lua:11: attempt to call method 'HasUpgrade' (a nil value)
  1. unknown - addons/badmin/lua/ba/modules/darkrp/misc_sv.lua:11


L 07/02/2020 - 23:32:22: Lua Error: Corrupt shipment "Riot Shield": element model is corrupt.

L 07/02/2020 - 23:32:22: Lua Error: Corrupt shipment "Vape": element model is corrupt.

L 07/02/2020 - 23:32:22: Lua Error: Corrupt shipment "Riot Shield": element model is corrupt.

L 07/02/2020 - 23:32:22: Lua Error: Corrupt shipment "Vape": element model is corrupt.

L 07/02/2020 - 23:34:52: "DidVaitel<2><STEAM_0:1:74202541><>" disconnected (reason "Server shutting down")
L 07/02/2020 - 23:34:52: server_message: "quit"
L 07/02/2020 - 23:34:52: Log file closed.
