L 07/03/2020 - 02:03:46: Log file started (file "logs\L0703007.log") (game "D:\sup\steamapps\common\GarrysModDS\garrysmod") (version "7836")
L 07/03/2020 - 02:03:46: server_cvar: "sv_alltalk" "3"
L 07/03/2020 - 02:03:47: Connection to Steam servers successful.
L 07/03/2020 - 02:03:47:    Public IP is 31.130.42.26.
L 07/03/2020 - 02:03:47: Assigned anonymous gameserver Steam ID [A-1:741467140(15080)].
L 07/03/2020 - 02:03:47: VAC secure mode is activated.
L 07/03/2020 - 02:03:54: "DidVaitel<2><STEAM_0:1:74202541><>" connected, address "26.162.207.202:27006"
L 07/03/2020 - 02:03:55: "DidVaitel<2><STEAM_0:1:74202541><>" STEAM USERID validated
L 07/03/2020 - 02:04:06: "DidVaitel<2><STEAM_0:1:74202541><>" entered the game
L 07/03/2020 - 02:04:11: Lua Error: 
[ERROR] addons/dash_3/lua/dash/libraries/nw.lua:313: attempt to index a nil value
  1. SetNetVar - addons/dash_3/lua/dash/libraries/nw.lua:313
   2. unknown - gamemodes/darkrp/gamemode/core/player/data/data_sv.lua:27
    3. func - addons/dash_3/lua/dash/libraries/nw.lua:255
     4. unknown - lua/includes/extensions/net.lua:32


L 07/03/2020 - 02:05:28: Lua Error: Corrupt shipment "Riot Shield": element model is corrupt.

L 07/03/2020 - 02:05:29: Lua Error: Corrupt shipment "Vape": element model is corrupt.

L 07/03/2020 - 02:05:29: Lua Error: Corrupt shipment "Riot Shield": element model is corrupt.

L 07/03/2020 - 02:05:29: Lua Error: Corrupt shipment "Vape": element model is corrupt.

L 07/03/2020 - 02:05:35: Lua Error: Corrupt shipment "Riot Shield": element model is corrupt.

L 07/03/2020 - 02:05:35: Lua Error: Corrupt shipment "Vape": element model is corrupt.

L 07/03/2020 - 02:06:00: Lua Error: Corrupt shipment "Riot Shield": element model is corrupt.

L 07/03/2020 - 02:06:00: Lua Error: Corrupt shipment "Vape": element model is corrupt.

L 07/03/2020 - 02:06:08: Lua Error: Corrupt shipment "Riot Shield": element model is corrupt.

L 07/03/2020 - 02:06:08: Lua Error: Corrupt shipment "Vape": element model is corrupt.

L 07/03/2020 - 02:06:08: Lua Error: Corrupt shipment "Riot Shield": element model is corrupt.

L 07/03/2020 - 02:06:08: Lua Error: Corrupt shipment "Vape": element model is corrupt.

L 07/03/2020 - 02:08:10: "DidVaitel<2><STEAM_0:1:74202541><>" disconnected (reason "Server shutting down")
L 07/03/2020 - 02:08:10: server_message: "quit"
L 07/03/2020 - 02:08:10: Log file closed.
