L 07/09/2020 - 10:33:55: Log file started (file "logs\L0709001.log") (game "D:\sup\steamapps\common\GarrysModDS\garrysmod") (version "7836")
L 07/09/2020 - 10:33:55: server_cvar: "sv_alltalk" "3"
L 07/09/2020 - 10:33:56: Connection to Steam servers successful.
L 07/09/2020 - 10:33:56:    Public IP is 31.130.42.26.
L 07/09/2020 - 10:33:56: Assigned anonymous gameserver Steam ID [A-1:2438390788(15117)].
L 07/09/2020 - 10:33:57: VAC secure mode is activated.
L 07/09/2020 - 10:34:08: "DidVaitel<2><STEAM_0:1:74202541><>" connected, address "26.162.207.202:27006"
L 07/09/2020 - 10:34:09: "DidVaitel<2><STEAM_0:1:74202541><>" STEAM USERID validated
L 07/09/2020 - 10:35:20: Lua Error: 
[ERROR] gamemodes/darkrp/gamemode/cfg/info.lua:11: attempt to index field 'info' (a nil value)
  1. unknown - gamemodes/darkrp/gamemode/cfg/info.lua:11
   2. IncludeSH - [C]:-1
    3. Init - gamemodes/darkrp/gamemode/sh_init.lua:85
     4. unknown - gamemodes/darkrp/gamemode/sh_init.lua:132
      5. include - [C]:-1
       6. unknown - gamemodes/darkrp/gamemode/init.lua:3


L 07/09/2020 - 10:35:20: Lua Error: [AddCSLuaFile] Couldn't find 'darkrp/gamemode/cfg/doors/rp_downtown_tits_v1.lua' (@addons/dash_3/lua/dash/init.lua (line 11))

L 07/09/2020 - 10:35:20: Lua Error: Couldn't include file 'darkrp\gamemode\cfg\doors\rp_downtown_tits_v1.lua' (File not found) (@gamemodes/darkrp/gamemode/sh_init.lua (line 113))

L 07/09/2020 - 10:35:23: Lua Error: [AddCSLuaFile] Couldn't find 'darkrp/gamemode/cfg/doors/rp_downtown_tits_v1.lua' (@addons/dash_3/lua/dash/init.lua (line 11))

L 07/09/2020 - 10:35:23: Lua Error: Couldn't include file 'darkrp\gamemode\cfg\doors\rp_downtown_tits_v1.lua' (File not found) (@gamemodes/darkrp/gamemode/sh_init.lua (line 113))

L 07/09/2020 - 10:35:23: Lua Error: [AddCSLuaFile] Couldn't find 'darkrp/gamemode/cfg/doors/rp_downtown_tits_v1.lua' (@addons/dash_3/lua/dash/init.lua (line 11))

L 07/09/2020 - 10:35:23: Lua Error: Couldn't include file 'darkrp\gamemode\cfg\doors\rp_downtown_tits_v1.lua' (File not found) (@gamemodes/darkrp/gamemode/sh_init.lua (line 113))

L 07/09/2020 - 10:35:30: Lua Error: [AddCSLuaFile] Couldn't find 'darkrp/gamemode/cfg/doors/rp_downtown_tits_v1.lua' (@addons/dash_3/lua/dash/init.lua (line 11))

L 07/09/2020 - 10:35:30: Lua Error: Couldn't include file 'darkrp\gamemode\cfg\doors\rp_downtown_tits_v1.lua' (File not found) (@gamemodes/darkrp/gamemode/sh_init.lua (line 113))

L 07/09/2020 - 10:35:57: "DidVaitel<2><STEAM_0:1:74202541><>" disconnected (reason "Server shutting down")
L 07/09/2020 - 10:35:57: server_message: "quit"
L 07/09/2020 - 10:35:57: Log file closed.
