L 07/07/2020 - 13:53:04: Log file started (file "logs\L0707000.log") (game "D:\sup\steamapps\common\GarrysModDS\garrysmod") (version "7836")
L 07/07/2020 - 13:53:04: server_cvar: "sv_alltalk" "3"
L 07/07/2020 - 13:53:05: Connection to Steam servers successful.
L 07/07/2020 - 13:53:05:    Public IP is 31.130.42.26.
L 07/07/2020 - 13:53:05: Assigned anonymous gameserver Steam ID [A-1:3115111432(15106)].
L 07/07/2020 - 13:53:05: VAC secure mode is activated.
L 07/07/2020 - 13:53:18: "DidVaitel<2><STEAM_0:1:74202541><>" connected, address "26.162.207.202:27006"
L 07/07/2020 - 13:53:19: "DidVaitel<2><STEAM_0:1:74202541><>" STEAM USERID validated
L 07/07/2020 - 13:53:31: "DidVaitel<2><STEAM_0:1:74202541><>" entered the game
L 07/07/2020 - 22:04:59: Lua Error: 
[ERROR] gamemodes/darkrp/entities/weapons/gmod_tool/stools/pad_toll.lua:58: attempt to index field 'fadingdoor' (a nil value)
  1. Holster - gamemodes/darkrp/entities/weapons/gmod_tool/stools/pad_toll.lua:58
   2. unknown - gamemodes/darkrp/entities/weapons/gmod_tool/shared.lua:182


L 07/07/2020 - 22:04:59: Lua Error: 
[ERROR] gamemodes/darkrp/entities/weapons/gmod_tool/stools/pad_toll.lua:58: attempt to index field 'fadingdoor' (a nil value)
  1. Holster - gamemodes/darkrp/entities/weapons/gmod_tool/stools/pad_toll.lua:58
   2. unknown - gamemodes/darkrp/entities/weapons/gmod_tool/shared.lua:291


L 07/07/2020 - 22:18:00: "Bot01<3><BOT><>" connected, address "none"
L 07/07/2020 - 22:18:00: "Bot01<3><BOT><>" entered the game
L 07/07/2020 - 22:28:16: Lua Error: 
[ERROR] gamemodes/darkrp/entities/weapons/gmod_tool/stools/pad_toll.lua:58: attempt to index field 'fadingdoor' (a nil value)
  1. Holster - gamemodes/darkrp/entities/weapons/gmod_tool/stools/pad_toll.lua:58
   2. unknown - gamemodes/darkrp/entities/weapons/gmod_tool/shared.lua:291


L 07/08/2020 - 03:47:26: Lua Error: 
[ERROR] gamemodes/darkrp/gamemode/core/commands/hoes_sv.lua:115: ')' expected near 'then'
  1. include_dir - gamemodes/darkrp/gamemode/sh_init.lua:47
   2. Init - gamemodes/darkrp/gamemode/sh_init.lua:107
    3. unknown - gamemodes/darkrp/gamemode/sh_init.lua:132
     4. include - [C]:-1
      5. unknown - gamemodes/darkrp/gamemode/init.lua:3


L 07/08/2020 - 09:18:23: "DidVaitel<2><STEAM_0:1:74202541><>" disconnected (reason "Disconnect by user.")
L 07/08/2020 - 09:18:23: "Bot01<3><BOT><>" disconnected (reason "Punting bot, server is hibernating")
L 07/08/2020 - 09:24:07: "DidVaitel<4><STEAM_0:1:74202541><>" connected, address "26.162.207.202:27006"
L 07/08/2020 - 09:24:07: "DidVaitel<4><STEAM_0:1:74202541><>" STEAM USERID validated
L 07/08/2020 - 09:24:22: "DidVaitel<4><STEAM_0:1:74202541><>" entered the game
L 07/08/2020 - 09:31:23: "DidVaitel<4><STEAM_0:1:74202541><>" disconnected (reason "Server shutting down")
L 07/08/2020 - 09:31:23: server_message: "quit"
L 07/08/2020 - 09:31:23: Log file closed.
