L 07/03/2020 - 02:12:10: Log file started (file "logs\L0703010.log") (game "D:\sup\steamapps\common\GarrysModDS\garrysmod") (version "7836")
L 07/03/2020 - 02:12:10: server_cvar: "sv_alltalk" "3"
L 07/03/2020 - 02:12:11: Connection to Steam servers successful.
L 07/03/2020 - 02:12:11:    Public IP is 31.130.42.26.
L 07/03/2020 - 02:12:11: Assigned anonymous gameserver Steam ID [A-1:780435460(15080)].
L 07/03/2020 - 02:12:12: VAC secure mode is activated.
L 07/03/2020 - 02:12:25: Lua Error: Corrupt shipment "Riot Shield": element model is corrupt.

L 07/03/2020 - 02:12:25: Lua Error: Corrupt shipment "Vape": element model is corrupt.

L 07/03/2020 - 02:12:25: Lua Error: Corrupt shipment "Riot Shield": element model is corrupt.

L 07/03/2020 - 02:12:25: Lua Error: Corrupt shipment "Vape": element model is corrupt.

L 07/03/2020 - 02:12:28: "DidVaitel<2><STEAM_0:1:74202541><>" connected, address "26.162.207.202:27006"
L 07/03/2020 - 02:12:28: "DidVaitel<2><STEAM_0:1:74202541><>" STEAM USERID validated
L 07/03/2020 - 02:12:37: "DidVaitel<2><STEAM_0:1:74202541><>" entered the game
L 07/03/2020 - 02:12:44: Lua Error: 
[ERROR] addons/dash_3/lua/dash/libraries/nw.lua:313: attempt to index a nil value
  1. SetNetVar - addons/dash_3/lua/dash/libraries/nw.lua:313
   2. unknown - gamemodes/darkrp/gamemode/core/player/data/data_sv.lua:27
    3. func - addons/dash_3/lua/dash/libraries/nw.lua:255
     4. unknown - lua/includes/extensions/net.lua:32


L 07/03/2020 - 02:17:53: Lua Error: Corrupt shipment "Riot Shield": element model is corrupt.

L 07/03/2020 - 02:17:53: Lua Error: Corrupt shipment "Vape": element model is corrupt.

L 07/03/2020 - 02:18:55: Lua Error: 
[ERROR] gamemodes/darkrp/gamemode/util/cmds_sv.lua:37: unexpected symbol near '-'
  1. include_dir - gamemodes/darkrp/gamemode/sh_init.lua:43
   2. unknown - gamemodes/darkrp/gamemode/sh_init.lua:115
    3. include - [C]:-1
     4. unknown - gamemodes/darkrp/gamemode/init.lua:3


L 07/03/2020 - 02:18:55: Lua Error: Corrupt shipment "Riot Shield": element model is corrupt.

L 07/03/2020 - 02:18:55: Lua Error: Corrupt shipment "Vape": element model is corrupt.

L 07/03/2020 - 02:18:57: Lua Error: 
[ERROR] gamemodes/darkrp/gamemode/util/cmds_sv.lua:37: unexpected symbol near '-'
  1. include_dir - gamemodes/darkrp/gamemode/sh_init.lua:43
   2. unknown - gamemodes/darkrp/gamemode/sh_init.lua:115
    3. include - [C]:-1
     4. unknown - gamemodes/darkrp/gamemode/init.lua:3


L 07/03/2020 - 02:18:57: Lua Error: Corrupt shipment "Riot Shield": element model is corrupt.

L 07/03/2020 - 02:18:57: Lua Error: Corrupt shipment "Vape": element model is corrupt.

L 07/03/2020 - 02:19:01: Lua Error: 
[ERROR] gamemodes/darkrp/gamemode/util/cmds_sv.lua:37: unexpected symbol near '-'
  1. include_dir - gamemodes/darkrp/gamemode/sh_init.lua:43
   2. unknown - gamemodes/darkrp/gamemode/sh_init.lua:115
    3. include - [C]:-1
     4. unknown - gamemodes/darkrp/gamemode/init.lua:3


L 07/03/2020 - 02:19:02: Lua Error: Corrupt shipment "Riot Shield": element model is corrupt.

L 07/03/2020 - 02:19:02: Lua Error: Corrupt shipment "Vape": element model is corrupt.

L 07/03/2020 - 02:19:04: Lua Error: Corrupt shipment "Riot Shield": element model is corrupt.

L 07/03/2020 - 02:19:04: Lua Error: Corrupt shipment "Vape": element model is corrupt.

L 07/03/2020 - 02:20:28: Lua Error: Corrupt shipment "Riot Shield": element model is corrupt.

L 07/03/2020 - 02:20:28: Lua Error: Corrupt shipment "Vape": element model is corrupt.

L 07/03/2020 - 02:21:17: Lua Error: Couldn't include file 'rp_base\gamemode\db.lua' (File not found) (@gamemodes/darkrp/gamemode/sh_init.lua (line 83))

L 07/03/2020 - 02:21:17: Lua Error: [AddCSLuaFile] Couldn't find 'rp_base/gamemode/cfg/cfg.lua' (@addons/dash_3/lua/dash/init.lua (line 11))

L 07/03/2020 - 02:21:17: Lua Error: Couldn't include file 'rp_base\gamemode\cfg\cfg.lua' (File not found) (@gamemodes/darkrp/gamemode/sh_init.lua (line 85))

L 07/03/2020 - 02:21:17: Lua Error: [AddCSLuaFile] Couldn't find 'rp_base/gamemode/cfg/colors.lua' (@addons/dash_3/lua/dash/init.lua (line 11))

L 07/03/2020 - 02:21:17: Lua Error: Couldn't include file 'rp_base\gamemode\cfg\colors.lua' (File not found) (@gamemodes/darkrp/gamemode/sh_init.lua (line 86))

L 07/03/2020 - 02:21:17: Lua Error: [AddCSLuaFile] Couldn't find 'rp_base/gamemode/cfg/renderoffsets.lua' (@gamemodes/darkrp/gamemode/sh_init.lua (line 87))

L 07/03/2020 - 02:21:17: Lua Error: [AddCSLuaFile] Couldn't find 'rp_base/gamemode/cfg/doors/rp_bangclaw_pc.lua' (@addons/dash_3/lua/dash/init.lua (line 11))

L 07/03/2020 - 02:21:17: Lua Error: Couldn't include file 'rp_base\gamemode\cfg\doors\rp_bangclaw_pc.lua' (File not found) (@gamemodes/darkrp/gamemode/sh_init.lua (line 109))

L 07/03/2020 - 02:21:17: Lua Error: [AddCSLuaFile] Couldn't find 'rp_base/gamemode/cfg/entities.lua' (@addons/dash_3/lua/dash/init.lua (line 11))

L 07/03/2020 - 02:21:17: Lua Error: Couldn't include file 'rp_base\gamemode\cfg\entities.lua' (File not found) (@gamemodes/darkrp/gamemode/sh_init.lua (line 110))

L 07/03/2020 - 02:21:17: Lua Error: [AddCSLuaFile] Couldn't find 'rp_base/gamemode/cfg/drugs.lua' (@addons/dash_3/lua/dash/init.lua (line 11))

L 07/03/2020 - 02:21:17: Lua Error: Couldn't include file 'rp_base\gamemode\cfg\drugs.lua' (File not found) (@gamemodes/darkrp/gamemode/sh_init.lua (line 114))

L 07/03/2020 - 02:21:17: Lua Error: [AddCSLuaFile] Couldn't find 'rp_base/gamemode/cfg/cosmetics.lua' (@addons/dash_3/lua/dash/init.lua (line 11))

L 07/03/2020 - 02:21:17: Lua Error: Couldn't include file 'rp_base\gamemode\cfg\cosmetics.lua' (File not found) (@gamemodes/darkrp/gamemode/sh_init.lua (line 115))

L 07/03/2020 - 02:21:17: Lua Error: Couldn't include file 'rp_base\gamemode\cfg\events.lua' (File not found) (@gamemodes/darkrp/gamemode/sh_init.lua (line 116))

L 07/03/2020 - 02:21:17: Lua Error: [AddCSLuaFile] Couldn't find 'rp_base/gamemode/cfg/skills.lua' (@addons/dash_3/lua/dash/init.lua (line 11))

L 07/03/2020 - 02:21:17: Lua Error: Couldn't include file 'rp_base\gamemode\cfg\skills.lua' (File not found) (@gamemodes/darkrp/gamemode/sh_init.lua (line 117))

L 07/03/2020 - 02:21:17: Lua Error: [AddCSLuaFile] Couldn't find 'rp_base/gamemode/cfg/upgrades.lua' (@addons/dash_3/lua/dash/init.lua (line 11))

L 07/03/2020 - 02:21:17: Lua Error: Couldn't include file 'rp_base\gamemode\cfg\upgrades.lua' (File not found) (@gamemodes/darkrp/gamemode/sh_init.lua (line 118))

L 07/03/2020 - 02:21:17: Lua Error: [AddCSLuaFile] Couldn't find 'rp_base/gamemode/cfg/terms.lua' (@addons/dash_3/lua/dash/init.lua (line 11))

L 07/03/2020 - 02:21:17: Lua Error: Couldn't include file 'rp_base\gamemode\cfg\terms.lua' (File not found) (@gamemodes/darkrp/gamemode/sh_init.lua (line 119))

L 07/03/2020 - 02:21:17: Lua Error: Couldn't include file 'rp_base\gamemode\cfg\limits.lua' (File not found) (@gamemodes/darkrp/gamemode/sh_init.lua (line 120))

L 07/03/2020 - 02:21:17: Lua Error: Couldn't include file 'rp_base\gamemode\cfg\struggle.lua' (File not found) (@gamemodes/darkrp/gamemode/sh_init.lua (line 121))

L 07/03/2020 - 02:21:17: Lua Error: Couldn't include file 'rp_base\gamemode\db.lua' (File not found) (@gamemodes/darkrp/gamemode/sh_init.lua (line 83))

L 07/03/2020 - 02:21:17: Lua Error: [AddCSLuaFile] Couldn't find 'rp_base/gamemode/cfg/cfg.lua' (@addons/dash_3/lua/dash/init.lua (line 11))

L 07/03/2020 - 02:21:17: Lua Error: Couldn't include file 'rp_base\gamemode\cfg\cfg.lua' (File not found) (@gamemodes/darkrp/gamemode/sh_init.lua (line 85))

L 07/03/2020 - 02:21:17: Lua Error: [AddCSLuaFile] Couldn't find 'rp_base/gamemode/cfg/colors.lua' (@addons/dash_3/lua/dash/init.lua (line 11))

L 07/03/2020 - 02:21:17: Lua Error: Couldn't include file 'rp_base\gamemode\cfg\colors.lua' (File not found) (@gamemodes/darkrp/gamemode/sh_init.lua (line 86))

L 07/03/2020 - 02:21:17: Lua Error: [AddCSLuaFile] Couldn't find 'rp_base/gamemode/cfg/renderoffsets.lua' (@gamemodes/darkrp/gamemode/sh_init.lua (line 87))

L 07/03/2020 - 02:21:17: Lua Error: [AddCSLuaFile] Couldn't find 'rp_base/gamemode/cfg/doors/rp_bangclaw_pc.lua' (@addons/dash_3/lua/dash/init.lua (line 11))

L 07/03/2020 - 02:21:17: Lua Error: Couldn't include file 'rp_base\gamemode\cfg\doors\rp_bangclaw_pc.lua' (File not found) (@gamemodes/darkrp/gamemode/sh_init.lua (line 109))

L 07/03/2020 - 02:21:17: Lua Error: [AddCSLuaFile] Couldn't find 'rp_base/gamemode/cfg/entities.lua' (@addons/dash_3/lua/dash/init.lua (line 11))

L 07/03/2020 - 02:21:17: Lua Error: Couldn't include file 'rp_base\gamemode\cfg\entities.lua' (File not found) (@gamemodes/darkrp/gamemode/sh_init.lua (line 110))

L 07/03/2020 - 02:21:17: Lua Error: [AddCSLuaFile] Couldn't find 'rp_base/gamemode/cfg/drugs.lua' (@addons/dash_3/lua/dash/init.lua (line 11))

L 07/03/2020 - 02:21:17: Lua Error: Couldn't include file 'rp_base\gamemode\cfg\drugs.lua' (File not found) (@gamemodes/darkrp/gamemode/sh_init.lua (line 114))

L 07/03/2020 - 02:21:17: Lua Error: [AddCSLuaFile] Couldn't find 'rp_base/gamemode/cfg/cosmetics.lua' (@addons/dash_3/lua/dash/init.lua (line 11))

L 07/03/2020 - 02:21:17: Lua Error: Couldn't include file 'rp_base\gamemode\cfg\cosmetics.lua' (File not found) (@gamemodes/darkrp/gamemode/sh_init.lua (line 115))

L 07/03/2020 - 02:21:17: Lua Error: Couldn't include file 'rp_base\gamemode\cfg\events.lua' (File not found) (@gamemodes/darkrp/gamemode/sh_init.lua (line 116))

L 07/03/2020 - 02:21:17: Lua Error: [AddCSLuaFile] Couldn't find 'rp_base/gamemode/cfg/skills.lua' (@addons/dash_3/lua/dash/init.lua (line 11))

L 07/03/2020 - 02:21:17: Lua Error: Couldn't include file 'rp_base\gamemode\cfg\skills.lua' (File not found) (@gamemodes/darkrp/gamemode/sh_init.lua (line 117))

L 07/03/2020 - 02:21:17: Lua Error: [AddCSLuaFile] Couldn't find 'rp_base/gamemode/cfg/upgrades.lua' (@addons/dash_3/lua/dash/init.lua (line 11))

L 07/03/2020 - 02:21:17: Lua Error: Couldn't include file 'rp_base\gamemode\cfg\upgrades.lua' (File not found) (@gamemodes/darkrp/gamemode/sh_init.lua (line 118))

L 07/03/2020 - 02:21:17: Lua Error: [AddCSLuaFile] Couldn't find 'rp_base/gamemode/cfg/terms.lua' (@addons/dash_3/lua/dash/init.lua (line 11))

L 07/03/2020 - 02:21:17: Lua Error: Couldn't include file 'rp_base\gamemode\cfg\terms.lua' (File not found) (@gamemodes/darkrp/gamemode/sh_init.lua (line 119))

L 07/03/2020 - 02:21:17: Lua Error: Couldn't include file 'rp_base\gamemode\cfg\limits.lua' (File not found) (@gamemodes/darkrp/gamemode/sh_init.lua (line 120))

L 07/03/2020 - 02:21:17: Lua Error: Couldn't include file 'rp_base\gamemode\cfg\struggle.lua' (File not found) (@gamemodes/darkrp/gamemode/sh_init.lua (line 121))

L 07/03/2020 - 02:21:52: "DidVaitel<2><STEAM_0:1:74202541><>" disconnected (reason "Server shutting down")
L 07/03/2020 - 02:21:52: server_message: "quit"
L 07/03/2020 - 02:21:52: Log file closed.
