L 07/03/2020 - 02:09:58: Log file started (file "logs\L0703009.log") (game "D:\sup\steamapps\common\GarrysModDS\garrysmod") (version "7836")
L 07/03/2020 - 02:09:58: server_cvar: "sv_alltalk" "3"
L 07/03/2020 - 02:09:59: Connection to Steam servers successful.
L 07/03/2020 - 02:09:59:    Public IP is 31.130.42.26.
L 07/03/2020 - 02:09:59: Assigned anonymous gameserver Steam ID [A-1:778289152(15080)].
L 07/03/2020 - 02:09:59: VAC secure mode is activated.
L 07/03/2020 - 02:10:23: Lua Error: Corrupt shipment "Riot Shield": element model is corrupt.

L 07/03/2020 - 02:10:23: Lua Error: Corrupt shipment "Vape": element model is corrupt.

L 07/03/2020 - 02:10:26: "DidVaitel<2><STEAM_0:1:74202541><>" connected, address "26.162.207.202:27006"
L 07/03/2020 - 02:10:26: "DidVaitel<2><STEAM_0:1:74202541><>" STEAM USERID validated
L 07/03/2020 - 02:10:36: "DidVaitel<2><STEAM_0:1:74202541><>" entered the game
L 07/03/2020 - 02:10:42: Lua Error: Corrupt shipment "Riot Shield": element model is corrupt.

L 07/03/2020 - 02:10:42: Lua Error: Corrupt shipment "Vape": element model is corrupt.

L 07/03/2020 - 02:10:42: Lua Error: 
[ERROR] addons/dash_3/lua/dash/libraries/nw.lua:313: attempt to index a nil value
  1. SetNetVar - addons/dash_3/lua/dash/libraries/nw.lua:313
   2. unknown - gamemodes/darkrp/gamemode/core/player/data/data_sv.lua:27
    3. func - addons/dash_3/lua/dash/libraries/nw.lua:255
     4. unknown - lua/includes/extensions/net.lua:32


L 07/03/2020 - 02:11:33: Lua Error: Corrupt shipment "Riot Shield": element model is corrupt.

L 07/03/2020 - 02:11:33: Lua Error: Corrupt shipment "Vape": element model is corrupt.

L 07/03/2020 - 02:11:34: Lua Error: Corrupt shipment "Riot Shield": element model is corrupt.

L 07/03/2020 - 02:11:34: Lua Error: Corrupt shipment "Vape": element model is corrupt.

L 07/03/2020 - 02:11:40: Lua Error: Corrupt shipment "Riot Shield": element model is corrupt.

L 07/03/2020 - 02:11:40: Lua Error: Corrupt shipment "Vape": element model is corrupt.

L 07/03/2020 - 02:11:40: Lua Error: Corrupt shipment "Riot Shield": element model is corrupt.

L 07/03/2020 - 02:11:40: Lua Error: Corrupt shipment "Vape": element model is corrupt.

L 07/03/2020 - 02:11:59: "DidVaitel<2><STEAM_0:1:74202541><>" disconnected (reason "Server shutting down")
L 07/03/2020 - 02:11:59: server_message: "quit"
L 07/03/2020 - 02:11:59: Log file closed.
