L 07/02/2020 - 23:57:12: Log file started (file "logs\L0702036.log") (game "D:\sup\steamapps\common\GarrysModDS\garrysmod") (version "7836")
L 07/02/2020 - 23:57:12: server_cvar: "sv_alltalk" "3"
L 07/02/2020 - 23:57:13: Connection to Steam servers successful.
L 07/02/2020 - 23:57:13:    Public IP is 31.130.42.26.
L 07/02/2020 - 23:57:13: Assigned anonymous gameserver Steam ID [A-1:3837681664(15079)].
L 07/02/2020 - 23:57:14: VAC secure mode is activated.
L 07/02/2020 - 23:58:35: Lua Error: 
[ERROR] addons/badmin/lua/ba/core/data_sv.lua:11: attempt to index global 'ptmysql' (a nil value)
  1. unknown - addons/badmin/lua/ba/core/data_sv.lua:11
   2. IncludeSV - [C]:-1
    3. unknown - addons/badmin/lua/ba/core/core_init.lua:9
     4. IncludeSH - [C]:-1
      5. unknown - addons/badmin/lua/autorun/badmin_init.lua:59


L 07/02/2020 - 23:58:35: Lua Error: 
[ERROR] addons/badmin/lua/ba/core/util/svars/svars_sv.lua:6: attempt to call field 'GetDB' (a nil value)
  1. unknown - addons/badmin/lua/ba/core/util/svars/svars_sv.lua:6
   2. IncludeSV - [C]:-1
    3. include - addons/badmin/lua/autorun/badmin_init.lua:37
     4. include_dir - addons/badmin/lua/autorun/badmin_init.lua:48
      5. include_dir - addons/badmin/lua/autorun/badmin_init.lua:51
       6. unknown - addons/badmin/lua/ba/core/core_init.lua:15
        7. IncludeSH - [C]:-1
         8. unknown - addons/badmin/lua/autorun/badmin_init.lua:59


L 07/02/2020 - 23:58:35: Lua Error: 
[ERROR] addons/badmin/lua/ba/core/ranks/groups_sv.lua:1: attempt to call field 'GetDB' (a nil value)
  1. unknown - addons/badmin/lua/ba/core/ranks/groups_sv.lua:1
   2. IncludeSV - [C]:-1
    3. unknown - addons/badmin/lua/ba/core/core_init.lua:29
     4. IncludeSH - [C]:-1
      5. unknown - addons/badmin/lua/autorun/badmin_init.lua:59


L 07/02/2020 - 23:58:35: Lua Error: 
[ERROR] addons/badmin/lua/ba/core/bans_sv.lua:5: attempt to call field 'GetDB' (a nil value)
  1. unknown - addons/badmin/lua/ba/core/bans_sv.lua:5
   2. IncludeSV - [C]:-1
    3. unknown - addons/badmin/lua/ba/core/core_init.lua:46
     4. IncludeSH - [C]:-1
      5. unknown - addons/badmin/lua/autorun/badmin_init.lua:59


L 07/02/2020 - 23:58:35: Lua Error: 
[ERROR] addons/badmin/lua/ba/core/logging/logs_sv.lua:14: attempt to call field 'GetDB' (a nil value)
  1. unknown - addons/badmin/lua/ba/core/logging/logs_sv.lua:14
   2. IncludeSV - [C]:-1
    3. unknown - addons/badmin/lua/ba/core/core_init.lua:68
     4. IncludeSH - [C]:-1
      5. unknown - addons/badmin/lua/autorun/badmin_init.lua:59


L 07/02/2020 - 23:58:35: Lua Error: 
[ERROR] addons/badmin/lua/ba/plugins/motd.lua:94: attempt to call field 'Create' (a nil value)
  1. unknown - addons/badmin/lua/ba/plugins/motd.lua:94
   2. IncludeSH - [C]:-1
    3. include - addons/badmin/lua/autorun/badmin_init.lua:41
     4. include_dir - addons/badmin/lua/autorun/badmin_init.lua:48
      5. unknown - addons/badmin/lua/ba/core/core_init.lua:82
       6. IncludeSH - [C]:-1
        7. unknown - addons/badmin/lua/autorun/badmin_init.lua:59


L 07/02/2020 - 23:58:35: Lua Error: 
[ERROR] addons/badmin/lua/ba/plugins/movement.lua:124: attempt to call field 'Get' (a nil value)
  1. unknown - addons/badmin/lua/ba/plugins/movement.lua:124
   2. IncludeSH - [C]:-1
    3. include - addons/badmin/lua/autorun/badmin_init.lua:41
     4. include_dir - addons/badmin/lua/autorun/badmin_init.lua:48
      5. unknown - addons/badmin/lua/ba/core/core_init.lua:82
       6. IncludeSH - [C]:-1
        7. unknown - addons/badmin/lua/autorun/badmin_init.lua:59


L 07/02/2020 - 23:59:06: "DidVaitel<2><STEAM_0:1:74202541><>" connected, address "26.162.207.202:27006"
L 07/02/2020 - 23:59:07: "DidVaitel<2><STEAM_0:1:74202541><>" STEAM USERID validated
L 07/02/2020 - 23:59:08: "DidVaitel<2><STEAM_0:1:74202541><>" disconnected (reason "Disconnect by user.")
L 07/02/2020 - 23:59:10: server_message: "quit"
L 07/02/2020 - 23:59:10: Log file closed.
