L 07/04/2020 - 21:54:23: Log file started (file "logs\L0704004.log") (game "D:\sup\steamapps\common\GarrysModDS\garrysmod") (version "7836")
L 07/04/2020 - 21:54:23: server_cvar: "sv_alltalk" "3"
L 07/04/2020 - 21:54:24: Connection to Steam servers successful.
L 07/04/2020 - 21:54:24:    Public IP is 31.130.42.26.
L 07/04/2020 - 21:54:24: Assigned anonymous gameserver Steam ID [A-1:3452512264(15091)].
L 07/04/2020 - 21:54:25: VAC secure mode is activated.
L 07/04/2020 - 21:54:36: "COMPLΞX<2><STEAM_0:0:105635721><>" connected, address "26.162.207.202:27006"
L 07/04/2020 - 21:54:37: "COMPLΞX<2><STEAM_0:0:105635721><>" STEAM USERID validated
L 07/04/2020 - 21:54:45: "COMPLΞX<2><STEAM_0:0:105635721><>" entered the game
L 07/04/2020 - 21:55:47: "COMPLΞX<2><STEAM_0:0:105635721><>" disconnected (reason "Disconnect by user.")
L 07/04/2020 - 21:55:47: "COMPLΞX<3><STEAM_0:0:105635721><>" connected, address "26.162.207.202:27006"
L 07/04/2020 - 21:55:47: "COMPLΞX<3><STEAM_0:0:105635721><>" STEAM USERID validated
L 07/04/2020 - 21:55:56: "COMPLΞX<3><STEAM_0:0:105635721><>" entered the game
L 07/04/2020 - 22:04:49: Lua Error: gamemodes/darkrp/gamemode/core/orgs/init_sh.lua:52: attempt to index field 'lookup' (a nil value)

L 07/04/2020 - 22:05:09: "COMPLΞX<3><STEAM_0:0:105635721><>" disconnected (reason "Disconnect by user.")
L 07/04/2020 - 22:05:09: "COMPLΞX<4><STEAM_0:0:105635721><>" connected, address "26.162.207.202:27006"
L 07/04/2020 - 22:05:09: "COMPLΞX<4><STEAM_0:0:105635721><>" STEAM USERID validated
L 07/04/2020 - 22:05:18: "COMPLΞX<4><STEAM_0:0:105635721><>" entered the game
L 07/04/2020 - 22:05:32: Lua Error: gamemodes/darkrp/gamemode/core/orgs/init_sh.lua:52: attempt to index field 'lookup' (a nil value)

L 07/04/2020 - 22:05:36: Lua Error: gamemodes/darkrp/gamemode/core/orgs/init_sh.lua:52: attempt to index field 'lookup' (a nil value)

L 07/04/2020 - 22:08:26: "COMPLΞX<4><STEAM_0:0:105635721><>" disconnected (reason "Server shutting down")
L 07/04/2020 - 22:08:27: server_message: "quit"
L 07/04/2020 - 22:08:27: Log file closed.
