L 07/10/2020 - 12:25:49: Log file started (file "logs\L0710003.log") (game "D:\sup\steamapps\common\GarrysModDS\garrysmod") (version "7836")
L 07/10/2020 - 12:25:49: server_cvar: "sv_alltalk" "3"
L 07/10/2020 - 12:25:49: server_cvar: "sv_airaccelerate" "100"
L 07/10/2020 - 12:25:50: Connection to Steam servers successful.
L 07/10/2020 - 12:25:50:    Public IP is 31.130.42.26.
L 07/10/2020 - 12:25:50: Assigned anonymous gameserver Steam ID [A-1:953802760(15124)].
L 07/10/2020 - 12:25:50: VAC secure mode is activated.
L 07/10/2020 - 12:25:50: "DidVaitel<2><STEAM_0:1:74202541><>" connected, address "26.162.207.202:27006"
L 07/10/2020 - 12:25:51: "DidVaitel<2><STEAM_0:1:74202541><>" STEAM USERID validated
L 07/10/2020 - 12:26:00: "DidVaitel<2><STEAM_0:1:74202541><>" entered the game
L 07/10/2020 - 12:27:39: Lua Error: 
[ERROR] addons/ch_bitminers/lua/entities/ch_bitminer_power_cable/init.lua:124: attempt to index global 'DarkRP' (a nil value)
  1. unknown - addons/ch_bitminers/lua/entities/ch_bitminer_power_cable/init.lua:124


L 07/10/2020 - 12:27:41: Lua Error: 
[ERROR] addons/ch_bitminers/lua/entities/ch_bitminer_power_cable/init.lua:124: attempt to index global 'DarkRP' (a nil value)
  1. unknown - addons/ch_bitminers/lua/entities/ch_bitminer_power_cable/init.lua:124


L 07/10/2020 - 12:27:43: Lua Error: 
[ERROR] addons/ch_bitminers/lua/entities/ch_bitminer_power_cable/init.lua:124: attempt to index global 'DarkRP' (a nil value)
  1. unknown - addons/ch_bitminers/lua/entities/ch_bitminer_power_cable/init.lua:124


L 07/10/2020 - 12:33:52: Lua Error: 
[ERROR] gamemodes/darkrp/entities/weapons/gmod_tool/stools/light.lua:102: attempt to call method 'GetLimit' (a nil value)
  1. LeftClick - gamemodes/darkrp/entities/weapons/gmod_tool/stools/light.lua:102
   2. unknown - gamemodes/darkrp/entities/weapons/gmod_tool/shared.lua:250


L 07/10/2020 - 12:34:18: Lua Error: 
[ERROR] gamemodes/darkrp/entities/weapons/gmod_tool/stools/light.lua:102: attempt to call method 'GetLimit' (a nil value)
  1. LeftClick - gamemodes/darkrp/entities/weapons/gmod_tool/stools/light.lua:102
   2. unknown - gamemodes/darkrp/entities/weapons/gmod_tool/shared.lua:250


L 07/10/2020 - 12:34:22: Lua Error: 
[ERROR] gamemodes/darkrp/entities/weapons/gmod_tool/stools/light.lua:102: attempt to call method 'GetLimit' (a nil value)
  1. LeftClick - gamemodes/darkrp/entities/weapons/gmod_tool/stools/light.lua:102
   2. unknown - gamemodes/darkrp/entities/weapons/gmod_tool/shared.lua:250


L 07/10/2020 - 12:35:47: Lua Error: 
[ERROR] gamemodes/darkrp/entities/weapons/gmod_tool/stools/light.lua:102: attempt to call method 'GetLimit' (a nil value)
  1. LeftClick - gamemodes/darkrp/entities/weapons/gmod_tool/stools/light.lua:102
   2. unknown - gamemodes/darkrp/entities/weapons/gmod_tool/shared.lua:250


L 07/10/2020 - 12:40:01: "DidVaitel<2><STEAM_0:1:74202541><>" disconnected (reason "Disconnect by user.")
L 07/10/2020 - 12:41:49: "DidVaitel<3><STEAM_0:1:74202541><>" connected, address "26.162.207.202:27006"
L 07/10/2020 - 12:41:49: "DidVaitel<3><STEAM_0:1:74202541><>" STEAM USERID validated
L 07/10/2020 - 12:42:02: "DidVaitel<3><STEAM_0:1:74202541><>" entered the game
L 07/10/2020 - 12:42:29: Lua Error: 
[ERROR] gamemodes/darkrp/gamemode/util/notifications/notify/init_sv.lua:17: attempt to call field 'WriteMsg' (a nil value)
  1. Notify - gamemodes/darkrp/gamemode/util/notifications/notify/init_sv.lua:17
   2. unknown - addons/ch_bitminers/lua/entities/ch_bitminer_power_cable/init.lua:124


L 07/10/2020 - 12:42:33: Lua Error: 
[ERROR] Warning! A net message (rp.NotifyString) is already started! Discarding in favor of the new message! (_AntiCrash)

  1. unknown - addons/badmin_2/lua/ba/plugins/anticrash.lua:5


L 07/10/2020 - 12:42:40: Lua Error: 
[ERROR] gamemodes/darkrp/gamemode/util/notifications/notify/init_sv.lua:17: attempt to call field 'WriteMsg' (a nil value)
  1. Notify - gamemodes/darkrp/gamemode/util/notifications/notify/init_sv.lua:17
   2. unknown - addons/ch_bitminers/lua/entities/ch_bitminer_power_cable/init.lua:124


L 07/10/2020 - 12:42:43: Lua Error: 
[ERROR] Warning! A net message (rp.NotifyString) is already started! Discarding in favor of the new message! (nw_Money)

  1. _Send - addons/dash_3/lua/dash/libraries/nw.lua:154
   2. SetNetVar - addons/dash_3/lua/dash/libraries/nw.lua:313
    3. AddMoney - gamemodes/darkrp/gamemode/core/player/data/data_sv.lua:158
     4. Run - gamemodes/darkrp/gamemode/core/makethings/makethings_sv.lua:116
      5. Run - addons/dash_3/lua/dash/libraries/cmd.lua:319
       6. func - addons/dash_3/lua/dash/libraries/cmd.lua:501
        7. unknown - lua/includes/extensions/net.lua:32


L 07/10/2020 - 12:46:02: Lua Error: 
[ERROR] addons/ch_bitminers/lua/entities/ch_bitminer_power_cable/init.lua:124: attempt to call method 'Notify' (a nil value)
  1. unknown - addons/ch_bitminers/lua/entities/ch_bitminer_power_cable/init.lua:124


L 07/10/2020 - 12:46:26: Lua Error: 
[ERROR] gamemodes/darkrp/gamemode/util/notifications/notify/init_sv.lua:17: attempt to call field 'WriteMsg' (a nil value)
  1. Notify - gamemodes/darkrp/gamemode/util/notifications/notify/init_sv.lua:17
   2. Notify - gamemodes/darkrp/gamemode/util/notifications/notify/init_sv.lua:44
    3. unknown - addons/ch_bitminers/lua/entities/ch_bitminer_power_cable/init.lua:124


L 07/10/2020 - 12:46:28: Lua Error: 
[ERROR] Warning! A net message (rp.NotifyString) is already started! Discarding in favor of the new message! (_AntiCrash)

  1. unknown - addons/badmin_2/lua/ba/plugins/anticrash.lua:5


L 07/10/2020 - 12:46:51: Lua Error: 
[ERROR] gamemodes/darkrp/gamemode/util/notifications/notify/init_sv.lua:17: attempt to call field 'WriteMsg' (a nil value)
  1. Notify - gamemodes/darkrp/gamemode/util/notifications/notify/init_sv.lua:17
   2. Notify - gamemodes/darkrp/gamemode/util/notifications/notify/init_sv.lua:44
    3. unknown - addons/ch_bitminers/lua/entities/ch_bitminer_power_cable/init.lua:124


L 07/10/2020 - 12:46:53: Lua Error: 
[ERROR] Warning! A net message (rp.NotifyString) is already started! Discarding in favor of the new message! (_AntiCrash)

  1. unknown - addons/badmin_2/lua/ba/plugins/anticrash.lua:5


L 07/10/2020 - 12:47:00: Lua Error: 
[ERROR] gamemodes/darkrp/gamemode/util/notifications/notify/init_sv.lua:17: attempt to call field 'WriteMsg' (a nil value)
  1. Notify - gamemodes/darkrp/gamemode/util/notifications/notify/init_sv.lua:17
   2. Notify - gamemodes/darkrp/gamemode/util/notifications/notify/init_sv.lua:44
    3. unknown - addons/ch_bitminers/lua/entities/ch_bitminer_power_cable/init.lua:124


L 07/10/2020 - 12:47:03: Lua Error: 
[ERROR] Warning! A net message (rp.NotifyString) is already started! Discarding in favor of the new message! (_AntiCrash)

  1. unknown - addons/badmin_2/lua/ba/plugins/anticrash.lua:5


L 07/10/2020 - 12:47:42: Lua Error: 
[ERROR] gamemodes/darkrp/gamemode/util/notifications/notify/init_sv.lua:17: attempt to call field 'WriteMsg' (a nil value)
  1. Notify - gamemodes/darkrp/gamemode/util/notifications/notify/init_sv.lua:17
   2. Notify - gamemodes/darkrp/gamemode/util/notifications/notify/init_sv.lua:44
    3. unknown - addons/ch_bitminers/lua/entities/ch_bitminer_power_cable/init.lua:124


L 07/10/2020 - 12:47:43: Lua Error: 
[ERROR] Warning! A net message (rp.NotifyString) is already started! Discarding in favor of the new message! (rp.NotifyString)

  1. Notify - gamemodes/darkrp/gamemode/util/notifications/notify/init_sv.lua:16
   2. Notify - gamemodes/darkrp/gamemode/util/notifications/notify/init_sv.lua:44
    3. unknown - addons/ch_bitminers/lua/entities/ch_bitminer_power_cable/init.lua:124


L 07/10/2020 - 12:47:43: Lua Error: 
[ERROR] gamemodes/darkrp/gamemode/util/notifications/notify/init_sv.lua:17: attempt to call field 'WriteMsg' (a nil value)
  1. Notify - gamemodes/darkrp/gamemode/util/notifications/notify/init_sv.lua:17
   2. Notify - gamemodes/darkrp/gamemode/util/notifications/notify/init_sv.lua:44
    3. unknown - addons/ch_bitminers/lua/entities/ch_bitminer_power_cable/init.lua:124


L 07/10/2020 - 12:47:43: Lua Error: 
[ERROR] Warning! A net message (rp.NotifyString) is already started! Discarding in favor of the new message! (_AntiCrash)

  1. unknown - addons/badmin_2/lua/ba/plugins/anticrash.lua:5


L 07/10/2020 - 12:48:14: Lua Error: 
[ERROR] gamemodes/darkrp/gamemode/util/notifications/notify/init_sv.lua:17: attempt to call field 'WriteMsg' (a nil value)
  1. Notify - gamemodes/darkrp/gamemode/util/notifications/notify/init_sv.lua:17
   2. Notify - gamemodes/darkrp/gamemode/util/notifications/notify/init_sv.lua:44
    3. unknown - addons/ch_bitminers/lua/entities/ch_bitminer_power_cable/init.lua:125


L 07/10/2020 - 12:48:18: Lua Error: 
[ERROR] Warning! A net message (rp.NotifyString) is already started! Discarding in favor of the new message! (_AntiCrash)

  1. unknown - addons/badmin_2/lua/ba/plugins/anticrash.lua:5


L 07/10/2020 - 12:49:04: Lua Error: 
[ERROR] addons/dash_3/lua/dash/libraries/term.lua:59: bad argument #1 to 'WriteUInt' (number expected, got nil)
  1. WriteUInt - [C]:-1
   2. WriteTerm - addons/dash_3/lua/dash/libraries/term.lua:59
    3. Notify - gamemodes/darkrp/gamemode/util/notifications/notify/init_sv.lua:22
     4. Notify - gamemodes/darkrp/gamemode/util/notifications/notify/init_sv.lua:44
      5. unknown - addons/ch_bitminers/lua/entities/ch_bitminer_power_cable/init.lua:125


L 07/10/2020 - 12:49:04: Lua Error: 
[ERROR] Warning! A net message (rp.NotifyTerm) is already started! Discarding in favor of the new message! (rp.NotifyTerm)

  1. Notify - gamemodes/darkrp/gamemode/util/notifications/notify/init_sv.lua:21
   2. Notify - gamemodes/darkrp/gamemode/util/notifications/notify/init_sv.lua:44
    3. unknown - addons/ch_bitminers/lua/entities/ch_bitminer_power_cable/init.lua:125


L 07/10/2020 - 12:49:04: Lua Error: 
[ERROR] addons/dash_3/lua/dash/libraries/term.lua:59: bad argument #1 to 'WriteUInt' (number expected, got nil)
  1. WriteUInt - [C]:-1
   2. WriteTerm - addons/dash_3/lua/dash/libraries/term.lua:59
    3. Notify - gamemodes/darkrp/gamemode/util/notifications/notify/init_sv.lua:22
     4. Notify - gamemodes/darkrp/gamemode/util/notifications/notify/init_sv.lua:44
      5. unknown - addons/ch_bitminers/lua/entities/ch_bitminer_power_cable/init.lua:125


L 07/10/2020 - 12:49:06: Lua Error: 
[ERROR] Warning! A net message (rp.NotifyTerm) is already started! Discarding in favor of the new message! (rp.NotifyTerm)

  1. Notify - gamemodes/darkrp/gamemode/util/notifications/notify/init_sv.lua:21
   2. Notify - gamemodes/darkrp/gamemode/util/notifications/notify/init_sv.lua:44
    3. unknown - addons/ch_bitminers/lua/entities/ch_bitminer_power_cable/init.lua:125


L 07/10/2020 - 12:49:06: Lua Error: 
[ERROR] addons/dash_3/lua/dash/libraries/term.lua:59: bad argument #1 to 'WriteUInt' (number expected, got nil)
  1. WriteUInt - [C]:-1
   2. WriteTerm - addons/dash_3/lua/dash/libraries/term.lua:59
    3. Notify - gamemodes/darkrp/gamemode/util/notifications/notify/init_sv.lua:22
     4. Notify - gamemodes/darkrp/gamemode/util/notifications/notify/init_sv.lua:44
      5. unknown - addons/ch_bitminers/lua/entities/ch_bitminer_power_cable/init.lua:125


L 07/10/2020 - 12:49:08: Lua Error: 
[ERROR] Warning! A net message (rp.NotifyTerm) is already started! Discarding in favor of the new message! (_AntiCrash)

  1. unknown - addons/badmin_2/lua/ba/plugins/anticrash.lua:5


L 07/10/2020 - 13:03:28: Lua Error: 
[ERROR] gamemodes/darkrp/gamemode/util/notifications/notify/init_sv.lua:17: attempt to call field 'WriteMsg' (a nil value)
  1. Notify - gamemodes/darkrp/gamemode/util/notifications/notify/init_sv.lua:17
   2. Notify - gamemodes/darkrp/gamemode/util/notifications/notify/init_sv.lua:44
    3. unknown - addons/ch_bitminers/lua/entities/ch_bitminer_power_cable/init.lua:124


L 07/10/2020 - 13:03:28: Lua Error: 
[ERROR] Warning! A net message (rp.NotifyString) is already started! Discarding in favor of the new message! (_AntiCrash)

  1. unknown - addons/badmin_2/lua/ba/plugins/anticrash.lua:5


L 07/10/2020 - 13:22:10: Lua Error: 
[ERROR] addons/ch_bitminers/lua/entities/ch_bitminer_shelf/init.lua:305: attempt to index global 'DarkRP' (a nil value)
  1. unknown - addons/ch_bitminers/lua/entities/ch_bitminer_shelf/init.lua:305


L 07/10/2020 - 13:22:13: Lua Error: 
[ERROR] addons/ch_bitminers/lua/entities/ch_bitminer_shelf/init.lua:309: attempt to index global 'DarkRP' (a nil value)
  1. unknown - addons/ch_bitminers/lua/entities/ch_bitminer_shelf/init.lua:309


L 07/10/2020 - 13:22:15: Lua Error: 
[ERROR] addons/ch_bitminers/lua/entities/ch_bitminer_shelf/init.lua:309: attempt to index global 'DarkRP' (a nil value)
  1. unknown - addons/ch_bitminers/lua/entities/ch_bitminer_shelf/init.lua:309


L 07/10/2020 - 13:22:18: Lua Error: 
[ERROR] addons/ch_bitminers/lua/entities/ch_bitminer_shelf/init.lua:309: attempt to index global 'DarkRP' (a nil value)
  1. unknown - addons/ch_bitminers/lua/entities/ch_bitminer_shelf/init.lua:309


L 07/10/2020 - 13:27:16: "DidVaitel<3><STEAM_0:1:74202541><>" disconnected (reason "Disconnect by user.")
L 07/10/2020 - 13:27:16: Lua Error: 
[ERROR] addons/dash_3/lua/dash/libraries/term.lua:59: bad argument #1 to 'WriteUInt' (number expected, got nil)
  1. WriteUInt - [C]:-1
   2. WriteTerm - addons/dash_3/lua/dash/libraries/term.lua:59
    3. notify_staff - addons/badmin_2/lua/ba/core/util/notifications/notify_sv.lua:55
     4. v - addons/badmin_2/lua/ba/core/ranks/groups_sv.lua:16
      5. unknown - addons/dash_3/lua/dash/libraries/hook.lua:36


L 07/10/2020 - 13:27:16: Lua Error: 
[ERROR] Warning! A net message (ba.NotifyTerm) is already started! Discarding in favor of the new message! (nw.PlayerRemoved)

  1. v - addons/dash_3/lua/dash/libraries/nw.lua:267
   2. unknown - addons/dash_3/lua/dash/libraries/hook.lua:36


L 07/10/2020 - 13:42:40: "DidVaitel<4><STEAM_0:1:74202541><>" connected, address "26.162.207.202:27006"
L 07/10/2020 - 13:42:41: "DidVaitel<4><STEAM_0:1:74202541><>" STEAM USERID validated
L 07/10/2020 - 13:43:48: "DidVaitel<4><STEAM_0:1:74202541><>" entered the game
L 07/10/2020 - 13:43:48: Lua Error: addons/dash_3/lua/dash/libraries/term.lua:59: bad argument #1 to 'WriteUInt' (number expected, got nil)

L 07/10/2020 - 13:43:48: Lua Error: 
[ERROR] Warning! A net message (ba.NotifyTerm) is already started! Discarding in favor of the new message! (nw_Credits)

  1. _Send - addons/dash_3/lua/dash/libraries/nw.lua:154
   2. SetNetVar - addons/dash_3/lua/dash/libraries/nw.lua:313
    3. cback - gamemodes/darkrp/gamemode/core/credits/init_sv.lua:96
     4. handlequery - addons/dash_3/lua/dash/libraries/server/mysql.lua:136
      5. unknown - addons/dash_3/lua/dash/libraries/server/mysql.lua:149
       6. Poll - [C]:-1
        7. v - addons/dash_3/lua/dash/libraries/server/mysql.lua:83
         8. unknown - addons/dash_3/lua/dash/libraries/hook.lua:36


L 07/10/2020 - 13:44:43: Lua Error: 
[ERROR] addons/badmin_2/lua/ba/core/util/player/player_sv.lua:56: attempt to index global 'sha2' (a nil value)
  1. HashID - addons/badmin_2/lua/ba/core/util/player/player_sv.lua:56
   2. CreateKey - addons/badmin_2/lua/ba/core/data_sv.lua:37
    3. detect - addons/badmin_2/lua/dash/extensions/server/badmin.lua:34
     4. func - addons/badmin_2/lua/dash/extensions/server/badmin.lua:68
      5. unknown - lua/includes/extensions/net.lua:32


L 07/10/2020 - 13:48:25: Lua Error: 
[ERROR] gamemodes/darkrp/gamemode/core/prop_protect/init_sv.lua:35: attempt to index global 'item' (a nil value)
  1. PlayerCanManipulate - gamemodes/darkrp/gamemode/core/prop_protect/init_sv.lua:35
   2. v - gamemodes/darkrp/gamemode/core/prop_protect/hooks_sv.lua:64
    3. unknown - addons/dash_3/lua/dash/libraries/hook.lua:36


L 07/10/2020 - 13:48:25: Lua Error: 
[ERROR] gamemodes/darkrp/gamemode/core/prop_protect/init_sv.lua:35: attempt to index global 'item' (a nil value)
  1. PlayerCanManipulate - gamemodes/darkrp/gamemode/core/prop_protect/init_sv.lua:35
   2. v - gamemodes/darkrp/gamemode/core/prop_protect/hooks_sv.lua:64
    3. unknown - addons/dash_3/lua/dash/libraries/hook.lua:36


L 07/10/2020 - 13:48:25: Lua Error: 
[ERROR] gamemodes/darkrp/gamemode/core/prop_protect/init_sv.lua:35: attempt to index global 'item' (a nil value)
  1. PlayerCanManipulate - gamemodes/darkrp/gamemode/core/prop_protect/init_sv.lua:35
   2. v - gamemodes/darkrp/gamemode/core/prop_protect/hooks_sv.lua:64
    3. unknown - addons/dash_3/lua/dash/libraries/hook.lua:36


L 07/10/2020 - 13:48:25: Lua Error: 
[ERROR] gamemodes/darkrp/gamemode/core/prop_protect/init_sv.lua:35: attempt to index global 'item' (a nil value)
  1. PlayerCanManipulate - gamemodes/darkrp/gamemode/core/prop_protect/init_sv.lua:35
   2. v - gamemodes/darkrp/gamemode/core/prop_protect/hooks_sv.lua:64
    3. unknown - addons/dash_3/lua/dash/libraries/hook.lua:36


L 07/10/2020 - 13:48:25: Lua Error: 
[ERROR] gamemodes/darkrp/gamemode/core/prop_protect/init_sv.lua:35: attempt to index global 'item' (a nil value)
  1. PlayerCanManipulate - gamemodes/darkrp/gamemode/core/prop_protect/init_sv.lua:35
   2. v - gamemodes/darkrp/gamemode/core/prop_protect/hooks_sv.lua:64
    3. unknown - addons/dash_3/lua/dash/libraries/hook.lua:36


L 07/10/2020 - 13:48:25: Lua Error: 
[ERROR] gamemodes/darkrp/gamemode/core/prop_protect/init_sv.lua:35: attempt to index global 'item' (a nil value)
  1. PlayerCanManipulate - gamemodes/darkrp/gamemode/core/prop_protect/init_sv.lua:35
   2. v - gamemodes/darkrp/gamemode/core/prop_protect/hooks_sv.lua:64
    3. unknown - addons/dash_3/lua/dash/libraries/hook.lua:36


L 07/10/2020 - 14:05:06: Lua Error: 
[ERROR] gamemodes/darkrp/gamemode/core/sandbox/player_extension_sv.lua:28: attempt to index field '_Counts' (a nil value)
  1. OnRemoveCount - gamemodes/darkrp/gamemode/core/sandbox/player_extension_sv.lua:28
   2. v - gamemodes/darkrp/gamemode/core/sandbox/player_extension_sv.lua:58
    3. unknown - addons/dash_3/lua/dash/libraries/hook.lua:36


L 07/10/2020 - 14:05:06: Lua Error: 
[ERROR] gamemodes/darkrp/gamemode/core/sandbox/player_extension_sv.lua:28: attempt to index field '_Counts' (a nil value)
  1. OnRemoveCount - gamemodes/darkrp/gamemode/core/sandbox/player_extension_sv.lua:28
   2. v - gamemodes/darkrp/gamemode/core/sandbox/player_extension_sv.lua:58
    3. unknown - addons/dash_3/lua/dash/libraries/hook.lua:36


L 07/10/2020 - 14:05:06: Lua Error: 
[ERROR] gamemodes/darkrp/gamemode/core/sandbox/player_extension_sv.lua:28: attempt to index field '_Counts' (a nil value)
  1. OnRemoveCount - gamemodes/darkrp/gamemode/core/sandbox/player_extension_sv.lua:28
   2. v - gamemodes/darkrp/gamemode/core/sandbox/player_extension_sv.lua:58
    3. unknown - addons/dash_3/lua/dash/libraries/hook.lua:36


L 07/10/2020 - 14:05:06: Lua Error: 
[ERROR] gamemodes/darkrp/gamemode/core/sandbox/player_extension_sv.lua:28: attempt to index field '_Counts' (a nil value)
  1. OnRemoveCount - gamemodes/darkrp/gamemode/core/sandbox/player_extension_sv.lua:28
   2. v - gamemodes/darkrp/gamemode/core/sandbox/player_extension_sv.lua:58
    3. unknown - addons/dash_3/lua/dash/libraries/hook.lua:36


L 07/10/2020 - 14:05:06: Lua Error: 
[ERROR] gamemodes/darkrp/gamemode/core/sandbox/player_extension_sv.lua:28: attempt to index field '_Counts' (a nil value)
  1. OnRemoveCount - gamemodes/darkrp/gamemode/core/sandbox/player_extension_sv.lua:28
   2. v - gamemodes/darkrp/gamemode/core/sandbox/player_extension_sv.lua:58
    3. unknown - addons/dash_3/lua/dash/libraries/hook.lua:36


L 07/10/2020 - 14:05:06: Lua Error: 
[ERROR] gamemodes/darkrp/gamemode/core/sandbox/player_extension_sv.lua:28: attempt to index field '_Counts' (a nil value)
  1. OnRemoveCount - gamemodes/darkrp/gamemode/core/sandbox/player_extension_sv.lua:28
   2. v - gamemodes/darkrp/gamemode/core/sandbox/player_extension_sv.lua:58
    3. unknown - addons/dash_3/lua/dash/libraries/hook.lua:36


L 07/10/2020 - 14:05:06: Lua Error: 
[ERROR] gamemodes/darkrp/gamemode/core/sandbox/player_extension_sv.lua:28: attempt to index field '_Counts' (a nil value)
  1. OnRemoveCount - gamemodes/darkrp/gamemode/core/sandbox/player_extension_sv.lua:28
   2. v - gamemodes/darkrp/gamemode/core/sandbox/player_extension_sv.lua:58
    3. unknown - addons/dash_3/lua/dash/libraries/hook.lua:36


L 07/10/2020 - 14:05:06: "DidVaitel<4><STEAM_0:1:74202541><>" disconnected (reason "Server shutting down")
L 07/10/2020 - 14:05:07: server_message: "quit"
L 07/10/2020 - 14:05:07: Log file closed.
