L 07/15/2020 - 13:02:28: Log file started (file "logs\L0715000.log") (game "D:\sup\steamapps\common\GarrysModDS\garrysmod") (version "7891")
L 07/15/2020 - 13:02:28: server_cvar: "sbox_maxprops" "150"
L 07/15/2020 - 13:02:28: server_cvar: "sbox_maxragdolls" "5"
L 07/15/2020 - 13:02:28: server_cvar: "sbox_maxballoons" "10"
L 07/15/2020 - 13:02:28: server_cvar: "sbox_maxeffects" "50"
L 07/15/2020 - 13:02:28: server_cvar: "sbox_maxlamps" "20"
L 07/15/2020 - 13:02:28: server_cvar: "sbox_maxthrusters" "30"
L 07/15/2020 - 13:02:28: server_cvar: "sbox_maxwheels" "20"
L 07/15/2020 - 13:02:28: server_cvar: "sbox_maxhoverballs" "20"
L 07/15/2020 - 13:02:28: server_cvar: "sbox_maxvehicles" "6"
L 07/15/2020 - 13:02:28: server_cvar: "sbox_maxbuttons" "20"
L 07/15/2020 - 13:02:28: server_cvar: "sbox_maxsents" "20"
L 07/15/2020 - 13:02:28: server_cvar: "sbox_maxemitters" "5"
L 07/15/2020 - 13:02:28: server_cvar: "sv_airaccelerate" "100"
L 07/15/2020 - 13:02:30: Connection to Steam servers successful.
L 07/15/2020 - 13:02:30:    Public IP is 31.130.42.26.
L 07/15/2020 - 13:02:30: Assigned anonymous gameserver Steam ID [A-1:120957952(15161)].
L 07/15/2020 - 13:02:30: VAC secure mode is activated.
L 07/15/2020 - 13:02:52: "COMPLΞX<2><STEAM_0:0:105635721><>" connected, address "26.162.207.202:27006"
L 07/15/2020 - 13:02:53: "COMPLΞX<2><STEAM_0:0:105635721><>" STEAM USERID validated
L 07/15/2020 - 13:03:05: "COMPLΞX<2><STEAM_0:0:105635721><>" entered the game
L 07/15/2020 - 13:07:28: Lua Error: 
[ERROR] gamemodes/darkrp/gamemode/core/player/misc_sv.lua:9: attempt to compare nil with number
  1. Welfare - gamemodes/darkrp/gamemode/core/player/misc_sv.lua:9
   2. unknown - gamemodes/darkrp/gamemode/core/player/misc_sv.lua:64


L 07/15/2020 - 13:08:42: "COMPLΞX<2><STEAM_0:0:105635721><>" disconnected (reason "Server shutting down")
L 07/15/2020 - 13:08:42: server_message: "quit"
L 07/15/2020 - 13:08:42: Log file closed.
