L 07/10/2020 - 09:54:20: Log file started (file "logs\L0710000.log") (game "D:\sup\steamapps\common\GarrysModDS\garrysmod") (version "7836")
L 07/10/2020 - 09:54:20: server_cvar: "sv_alltalk" "3"
L 07/10/2020 - 09:54:20: Connection to Steam servers successful.
L 07/10/2020 - 09:54:20:    Public IP is 31.130.42.26.
L 07/10/2020 - 09:54:20: Assigned anonymous gameserver Steam ID [A-1:3356733448(15123)].
L 07/10/2020 - 09:54:21: VAC secure mode is activated.
L 07/10/2020 - 09:54:30: "DidVaitel<2><STEAM_0:1:74202541><>" connected, address "26.162.207.202:27006"
L 07/10/2020 - 09:54:31: "DidVaitel<2><STEAM_0:1:74202541><>" STEAM USERID validated
L 07/10/2020 - 09:56:48: "DidVaitel<2><STEAM_0:1:74202541><>" entered the game
L 07/10/2020 - 10:07:57: Lua Error: 
[ERROR] gamemodes/darkrp/gamemode/core/doors/init_sh.lua:81: attempt to index local 'ent' (a nil value)
  1. setupDoors - gamemodes/darkrp/gamemode/core/doors/init_sh.lua:81
   2. unknown - gamemodes/darkrp/gamemode/core/doors/init_sh.lua:96
    3. include - [C]:-1
     4. include_dir - gamemodes/darkrp/gamemode/sh_init.lua:47
      5. Init - gamemodes/darkrp/gamemode/sh_init.lua:116
       6. unknown - gamemodes/darkrp/gamemode/sh_init.lua:132
        7. include - [C]:-1
         8. unknown - gamemodes/darkrp/gamemode/init.lua:3


L 07/10/2020 - 10:10:02: Lua Error: 
[ERROR] gamemodes/darkrp/gamemode/core/doors/init_sh.lua:81: attempt to index local 'ent' (a nil value)
  1. setupDoors - gamemodes/darkrp/gamemode/core/doors/init_sh.lua:81
   2. unknown - gamemodes/darkrp/gamemode/core/doors/init_sh.lua:96
    3. include - [C]:-1
     4. include_dir - gamemodes/darkrp/gamemode/sh_init.lua:47
      5. Init - gamemodes/darkrp/gamemode/sh_init.lua:116
       6. unknown - gamemodes/darkrp/gamemode/sh_init.lua:132
        7. include - [C]:-1
         8. unknown - gamemodes/darkrp/gamemode/init.lua:3


L 07/10/2020 - 10:10:03: Lua Error: 
[ERROR] gamemodes/darkrp/gamemode/core/doors/init_sh.lua:81: attempt to index local 'ent' (a nil value)
  1. setupDoors - gamemodes/darkrp/gamemode/core/doors/init_sh.lua:81
   2. unknown - gamemodes/darkrp/gamemode/core/doors/init_sh.lua:96
    3. include - [C]:-1
     4. include_dir - gamemodes/darkrp/gamemode/sh_init.lua:47
      5. Init - gamemodes/darkrp/gamemode/sh_init.lua:116
       6. unknown - gamemodes/darkrp/gamemode/sh_init.lua:132
        7. include - [C]:-1
         8. unknown - gamemodes/darkrp/gamemode/init.lua:3


L 07/10/2020 - 10:10:24: Lua Error: 
[ERROR] gamemodes/darkrp/gamemode/core/doors/init_sh.lua:81: attempt to index local 'ent' (a nil value)
  1. setupDoors - gamemodes/darkrp/gamemode/core/doors/init_sh.lua:81
   2. unknown - gamemodes/darkrp/gamemode/core/doors/init_sh.lua:96
    3. include - [C]:-1
     4. include_dir - gamemodes/darkrp/gamemode/sh_init.lua:47
      5. Init - gamemodes/darkrp/gamemode/sh_init.lua:116
       6. unknown - gamemodes/darkrp/gamemode/sh_init.lua:132
        7. include - [C]:-1
         8. unknown - gamemodes/darkrp/gamemode/init.lua:3


L 07/10/2020 - 10:10:25: Lua Error: 
[ERROR] gamemodes/darkrp/gamemode/core/doors/init_sh.lua:81: attempt to index local 'ent' (a nil value)
  1. setupDoors - gamemodes/darkrp/gamemode/core/doors/init_sh.lua:81
   2. unknown - gamemodes/darkrp/gamemode/core/doors/init_sh.lua:96
    3. include - [C]:-1
     4. include_dir - gamemodes/darkrp/gamemode/sh_init.lua:47
      5. Init - gamemodes/darkrp/gamemode/sh_init.lua:116
       6. unknown - gamemodes/darkrp/gamemode/sh_init.lua:132
        7. include - [C]:-1
         8. unknown - gamemodes/darkrp/gamemode/init.lua:3


L 07/10/2020 - 10:10:32: Lua Error: 
[ERROR] gamemodes/darkrp/gamemode/core/doors/init_sh.lua:81: attempt to index local 'ent' (a nil value)
  1. setupDoors - gamemodes/darkrp/gamemode/core/doors/init_sh.lua:81
   2. unknown - gamemodes/darkrp/gamemode/core/doors/init_sh.lua:96
    3. include - [C]:-1
     4. include_dir - gamemodes/darkrp/gamemode/sh_init.lua:47
      5. Init - gamemodes/darkrp/gamemode/sh_init.lua:116
       6. unknown - gamemodes/darkrp/gamemode/sh_init.lua:132
        7. include - [C]:-1
         8. unknown - gamemodes/darkrp/gamemode/init.lua:3


L 07/10/2020 - 10:10:33: Lua Error: 
[ERROR] gamemodes/darkrp/gamemode/core/doors/init_sh.lua:81: attempt to index local 'ent' (a nil value)
  1. setupDoors - gamemodes/darkrp/gamemode/core/doors/init_sh.lua:81
   2. unknown - gamemodes/darkrp/gamemode/core/doors/init_sh.lua:96
    3. include - [C]:-1
     4. include_dir - gamemodes/darkrp/gamemode/sh_init.lua:47
      5. Init - gamemodes/darkrp/gamemode/sh_init.lua:116
       6. unknown - gamemodes/darkrp/gamemode/sh_init.lua:132
        7. include - [C]:-1
         8. unknown - gamemodes/darkrp/gamemode/init.lua:3


L 07/10/2020 - 10:10:53: Lua Error: 
[ERROR] gamemodes/darkrp/gamemode/core/doors/init_sh.lua:81: attempt to index local 'ent' (a nil value)
  1. setupDoors - gamemodes/darkrp/gamemode/core/doors/init_sh.lua:81
   2. unknown - gamemodes/darkrp/gamemode/core/doors/init_sh.lua:96
    3. include - [C]:-1
     4. include_dir - gamemodes/darkrp/gamemode/sh_init.lua:47
      5. Init - gamemodes/darkrp/gamemode/sh_init.lua:116
       6. unknown - gamemodes/darkrp/gamemode/sh_init.lua:132
        7. include - [C]:-1
         8. unknown - gamemodes/darkrp/gamemode/init.lua:3


L 07/10/2020 - 10:10:56: Lua Error: 
[ERROR] gamemodes/darkrp/entities/weapons/gmod_tool/stools/textscreen.lua:105: attempt to call method 'GetLimit' (a nil value)
  1. LeftClick - gamemodes/darkrp/entities/weapons/gmod_tool/stools/textscreen.lua:105
   2. unknown - gamemodes/darkrp/entities/weapons/gmod_tool/shared.lua:250


L 07/10/2020 - 10:11:09: Lua Error: 
[ERROR] gamemodes/darkrp/gamemode/core/doors/init_sh.lua:81: attempt to index local 'ent' (a nil value)
  1. setupDoors - gamemodes/darkrp/gamemode/core/doors/init_sh.lua:81
   2. unknown - gamemodes/darkrp/gamemode/core/doors/init_sh.lua:96
    3. include - [C]:-1
     4. include_dir - gamemodes/darkrp/gamemode/sh_init.lua:47
      5. Init - gamemodes/darkrp/gamemode/sh_init.lua:116
       6. unknown - gamemodes/darkrp/gamemode/sh_init.lua:132
        7. include - [C]:-1
         8. unknown - gamemodes/darkrp/gamemode/init.lua:3


L 07/10/2020 - 10:11:10: Lua Error: 
[ERROR] gamemodes/darkrp/gamemode/core/doors/init_sh.lua:81: attempt to index local 'ent' (a nil value)
  1. setupDoors - gamemodes/darkrp/gamemode/core/doors/init_sh.lua:81
   2. unknown - gamemodes/darkrp/gamemode/core/doors/init_sh.lua:96
    3. include - [C]:-1
     4. include_dir - gamemodes/darkrp/gamemode/sh_init.lua:47
      5. Init - gamemodes/darkrp/gamemode/sh_init.lua:116
       6. unknown - gamemodes/darkrp/gamemode/sh_init.lua:132
        7. include - [C]:-1
         8. unknown - gamemodes/darkrp/gamemode/init.lua:3


L 07/10/2020 - 10:11:33: Lua Error: 
[ERROR] gamemodes/darkrp/gamemode/core/doors/init_sh.lua:81: attempt to index local 'ent' (a nil value)
  1. setupDoors - gamemodes/darkrp/gamemode/core/doors/init_sh.lua:81
   2. unknown - gamemodes/darkrp/gamemode/core/doors/init_sh.lua:96
    3. include - [C]:-1
     4. include_dir - gamemodes/darkrp/gamemode/sh_init.lua:47
      5. Init - gamemodes/darkrp/gamemode/sh_init.lua:116
       6. unknown - gamemodes/darkrp/gamemode/sh_init.lua:132
        7. include - [C]:-1
         8. unknown - gamemodes/darkrp/gamemode/init.lua:3


L 07/10/2020 - 10:11:59: Lua Error: 
[ERROR] gamemodes/darkrp/gamemode/core/doors/init_sh.lua:81: attempt to index local 'ent' (a nil value)
  1. setupDoors - gamemodes/darkrp/gamemode/core/doors/init_sh.lua:81
   2. unknown - gamemodes/darkrp/gamemode/core/doors/init_sh.lua:96
    3. include - [C]:-1
     4. include_dir - gamemodes/darkrp/gamemode/sh_init.lua:47
      5. Init - gamemodes/darkrp/gamemode/sh_init.lua:116
       6. unknown - gamemodes/darkrp/gamemode/sh_init.lua:132
        7. include - [C]:-1
         8. unknown - gamemodes/darkrp/gamemode/init.lua:3


L 07/10/2020 - 10:12:47: Lua Error: 
[ERROR] gamemodes/darkrp/gamemode/core/doors/init_sh.lua:81: attempt to index local 'ent' (a nil value)
  1. setupDoors - gamemodes/darkrp/gamemode/core/doors/init_sh.lua:81
   2. unknown - gamemodes/darkrp/gamemode/core/doors/init_sh.lua:96
    3. include - [C]:-1
     4. include_dir - gamemodes/darkrp/gamemode/sh_init.lua:47
      5. Init - gamemodes/darkrp/gamemode/sh_init.lua:116
       6. unknown - gamemodes/darkrp/gamemode/sh_init.lua:132
        7. include - [C]:-1
         8. unknown - gamemodes/darkrp/gamemode/init.lua:3


L 07/10/2020 - 10:13:04: Lua Error: 
[ERROR] gamemodes/darkrp/gamemode/core/doors/init_sh.lua:81: attempt to index local 'ent' (a nil value)
  1. setupDoors - gamemodes/darkrp/gamemode/core/doors/init_sh.lua:81
   2. unknown - gamemodes/darkrp/gamemode/core/doors/init_sh.lua:96
    3. include - [C]:-1
     4. include_dir - gamemodes/darkrp/gamemode/sh_init.lua:47
      5. Init - gamemodes/darkrp/gamemode/sh_init.lua:116
       6. unknown - gamemodes/darkrp/gamemode/sh_init.lua:132
        7. include - [C]:-1
         8. unknown - gamemodes/darkrp/gamemode/init.lua:3


L 07/10/2020 - 10:13:04: Lua Error: 
[ERROR] gamemodes/darkrp/gamemode/core/doors/init_sh.lua:81: attempt to index local 'ent' (a nil value)
  1. setupDoors - gamemodes/darkrp/gamemode/core/doors/init_sh.lua:81
   2. unknown - gamemodes/darkrp/gamemode/core/doors/init_sh.lua:96
    3. include - [C]:-1
     4. include_dir - gamemodes/darkrp/gamemode/sh_init.lua:47
      5. Init - gamemodes/darkrp/gamemode/sh_init.lua:116
       6. unknown - gamemodes/darkrp/gamemode/sh_init.lua:132
        7. include - [C]:-1
         8. unknown - gamemodes/darkrp/gamemode/init.lua:3


L 07/10/2020 - 10:13:12: Lua Error: 
[ERROR] gamemodes/darkrp/gamemode/core/doors/init_sh.lua:81: attempt to index local 'ent' (a nil value)
  1. setupDoors - gamemodes/darkrp/gamemode/core/doors/init_sh.lua:81
   2. unknown - gamemodes/darkrp/gamemode/core/doors/init_sh.lua:96
    3. include - [C]:-1
     4. include_dir - gamemodes/darkrp/gamemode/sh_init.lua:47
      5. Init - gamemodes/darkrp/gamemode/sh_init.lua:116
       6. unknown - gamemodes/darkrp/gamemode/sh_init.lua:132
        7. include - [C]:-1
         8. unknown - gamemodes/darkrp/gamemode/init.lua:3


L 07/10/2020 - 10:13:17: Lua Error: 
[ERROR] gamemodes/darkrp/gamemode/core/doors/init_sh.lua:81: attempt to index local 'ent' (a nil value)
  1. setupDoors - gamemodes/darkrp/gamemode/core/doors/init_sh.lua:81
   2. unknown - gamemodes/darkrp/gamemode/core/doors/init_sh.lua:96
    3. include - [C]:-1
     4. include_dir - gamemodes/darkrp/gamemode/sh_init.lua:47
      5. Init - gamemodes/darkrp/gamemode/sh_init.lua:116
       6. unknown - gamemodes/darkrp/gamemode/sh_init.lua:132
        7. include - [C]:-1
         8. unknown - gamemodes/darkrp/gamemode/init.lua:3


L 07/10/2020 - 10:13:32: Lua Error: 
[ERROR] gamemodes/darkrp/gamemode/core/doors/init_sh.lua:81: attempt to index local 'ent' (a nil value)
  1. setupDoors - gamemodes/darkrp/gamemode/core/doors/init_sh.lua:81
   2. unknown - gamemodes/darkrp/gamemode/core/doors/init_sh.lua:96
    3. include - [C]:-1
     4. include_dir - gamemodes/darkrp/gamemode/sh_init.lua:47
      5. Init - gamemodes/darkrp/gamemode/sh_init.lua:116
       6. unknown - gamemodes/darkrp/gamemode/sh_init.lua:132
        7. include - [C]:-1
         8. unknown - gamemodes/darkrp/gamemode/init.lua:3


L 07/10/2020 - 10:13:33: Lua Error: 
[ERROR] gamemodes/darkrp/gamemode/core/doors/init_sh.lua:81: attempt to index local 'ent' (a nil value)
  1. setupDoors - gamemodes/darkrp/gamemode/core/doors/init_sh.lua:81
   2. unknown - gamemodes/darkrp/gamemode/core/doors/init_sh.lua:96
    3. include - [C]:-1
     4. include_dir - gamemodes/darkrp/gamemode/sh_init.lua:47
      5. Init - gamemodes/darkrp/gamemode/sh_init.lua:116
       6. unknown - gamemodes/darkrp/gamemode/sh_init.lua:132
        7. include - [C]:-1
         8. unknown - gamemodes/darkrp/gamemode/init.lua:3


L 07/10/2020 - 10:13:37: Lua Error: 
[ERROR] gamemodes/darkrp/gamemode/core/doors/init_sh.lua:81: attempt to index local 'ent' (a nil value)
  1. setupDoors - gamemodes/darkrp/gamemode/core/doors/init_sh.lua:81
   2. unknown - gamemodes/darkrp/gamemode/core/doors/init_sh.lua:96
    3. include - [C]:-1
     4. include_dir - gamemodes/darkrp/gamemode/sh_init.lua:47
      5. Init - gamemodes/darkrp/gamemode/sh_init.lua:116
       6. unknown - gamemodes/darkrp/gamemode/sh_init.lua:132
        7. include - [C]:-1
         8. unknown - gamemodes/darkrp/gamemode/init.lua:3


L 07/10/2020 - 10:13:54: Lua Error: 
[ERROR] gamemodes/darkrp/gamemode/core/doors/init_sh.lua:81: attempt to index local 'ent' (a nil value)
  1. setupDoors - gamemodes/darkrp/gamemode/core/doors/init_sh.lua:81
   2. unknown - gamemodes/darkrp/gamemode/core/doors/init_sh.lua:96
    3. include - [C]:-1
     4. include_dir - gamemodes/darkrp/gamemode/sh_init.lua:47
      5. Init - gamemodes/darkrp/gamemode/sh_init.lua:116
       6. unknown - gamemodes/darkrp/gamemode/sh_init.lua:132
        7. include - [C]:-1
         8. unknown - gamemodes/darkrp/gamemode/init.lua:3


L 07/10/2020 - 10:13:54: Lua Error: 
[ERROR] gamemodes/darkrp/gamemode/core/doors/init_sh.lua:81: attempt to index local 'ent' (a nil value)
  1. setupDoors - gamemodes/darkrp/gamemode/core/doors/init_sh.lua:81
   2. unknown - gamemodes/darkrp/gamemode/core/doors/init_sh.lua:96
    3. include - [C]:-1
     4. include_dir - gamemodes/darkrp/gamemode/sh_init.lua:47
      5. Init - gamemodes/darkrp/gamemode/sh_init.lua:116
       6. unknown - gamemodes/darkrp/gamemode/sh_init.lua:132
        7. include - [C]:-1
         8. unknown - gamemodes/darkrp/gamemode/init.lua:3


L 07/10/2020 - 10:14:02: Lua Error: 
[ERROR] gamemodes/darkrp/gamemode/core/doors/init_sh.lua:81: attempt to index local 'ent' (a nil value)
  1. setupDoors - gamemodes/darkrp/gamemode/core/doors/init_sh.lua:81
   2. unknown - gamemodes/darkrp/gamemode/core/doors/init_sh.lua:96
    3. include - [C]:-1
     4. include_dir - gamemodes/darkrp/gamemode/sh_init.lua:47
      5. Init - gamemodes/darkrp/gamemode/sh_init.lua:116
       6. unknown - gamemodes/darkrp/gamemode/sh_init.lua:132
        7. include - [C]:-1
         8. unknown - gamemodes/darkrp/gamemode/init.lua:3


L 07/10/2020 - 10:14:03: Lua Error: 
[ERROR] gamemodes/darkrp/gamemode/core/doors/init_sh.lua:81: attempt to index local 'ent' (a nil value)
  1. setupDoors - gamemodes/darkrp/gamemode/core/doors/init_sh.lua:81
   2. unknown - gamemodes/darkrp/gamemode/core/doors/init_sh.lua:96
    3. include - [C]:-1
     4. include_dir - gamemodes/darkrp/gamemode/sh_init.lua:47
      5. Init - gamemodes/darkrp/gamemode/sh_init.lua:116
       6. unknown - gamemodes/darkrp/gamemode/sh_init.lua:132
        7. include - [C]:-1
         8. unknown - gamemodes/darkrp/gamemode/init.lua:3


L 07/10/2020 - 10:14:12: Lua Error: 
[ERROR] gamemodes/darkrp/gamemode/core/doors/init_sh.lua:81: attempt to index local 'ent' (a nil value)
  1. setupDoors - gamemodes/darkrp/gamemode/core/doors/init_sh.lua:81
   2. unknown - gamemodes/darkrp/gamemode/core/doors/init_sh.lua:96
    3. include - [C]:-1
     4. include_dir - gamemodes/darkrp/gamemode/sh_init.lua:47
      5. Init - gamemodes/darkrp/gamemode/sh_init.lua:116
       6. unknown - gamemodes/darkrp/gamemode/sh_init.lua:132
        7. include - [C]:-1
         8. unknown - gamemodes/darkrp/gamemode/init.lua:3


L 07/10/2020 - 10:14:57: Lua Error: 
[ERROR] gamemodes/darkrp/gamemode/cfg/doors/rp_bangclaw.lua:146: unexpected symbol near '*'
  1. Init - gamemodes/darkrp/gamemode/sh_init.lua:113
   2. unknown - gamemodes/darkrp/gamemode/sh_init.lua:132
    3. include - [C]:-1
     4. unknown - gamemodes/darkrp/gamemode/init.lua:3


L 07/10/2020 - 10:14:57: Lua Error: 
[ERROR] gamemodes/darkrp/gamemode/core/doors/init_sh.lua:81: attempt to index local 'ent' (a nil value)
  1. setupDoors - gamemodes/darkrp/gamemode/core/doors/init_sh.lua:81
   2. unknown - gamemodes/darkrp/gamemode/core/doors/init_sh.lua:96
    3. include - [C]:-1
     4. include_dir - gamemodes/darkrp/gamemode/sh_init.lua:47
      5. Init - gamemodes/darkrp/gamemode/sh_init.lua:116
       6. unknown - gamemodes/darkrp/gamemode/sh_init.lua:132
        7. include - [C]:-1
         8. unknown - gamemodes/darkrp/gamemode/init.lua:3


L 07/10/2020 - 10:14:58: Lua Error: 
[ERROR] gamemodes/darkrp/gamemode/cfg/doors/rp_bangclaw.lua:146: unexpected symbol near '*'
  1. Init - gamemodes/darkrp/gamemode/sh_init.lua:113
   2. unknown - gamemodes/darkrp/gamemode/sh_init.lua:132
    3. include - [C]:-1
     4. unknown - gamemodes/darkrp/gamemode/init.lua:3


L 07/10/2020 - 10:14:58: Lua Error: 
[ERROR] gamemodes/darkrp/gamemode/core/doors/init_sh.lua:81: attempt to index local 'ent' (a nil value)
  1. setupDoors - gamemodes/darkrp/gamemode/core/doors/init_sh.lua:81
   2. unknown - gamemodes/darkrp/gamemode/core/doors/init_sh.lua:96
    3. include - [C]:-1
     4. include_dir - gamemodes/darkrp/gamemode/sh_init.lua:47
      5. Init - gamemodes/darkrp/gamemode/sh_init.lua:116
       6. unknown - gamemodes/darkrp/gamemode/sh_init.lua:132
        7. include - [C]:-1
         8. unknown - gamemodes/darkrp/gamemode/init.lua:3


L 07/10/2020 - 10:15:03: Lua Error: 
[ERROR] gamemodes/darkrp/gamemode/core/doors/init_sh.lua:81: attempt to index local 'ent' (a nil value)
  1. setupDoors - gamemodes/darkrp/gamemode/core/doors/init_sh.lua:81
   2. unknown - gamemodes/darkrp/gamemode/core/doors/init_sh.lua:96
    3. include - [C]:-1
     4. include_dir - gamemodes/darkrp/gamemode/sh_init.lua:47
      5. Init - gamemodes/darkrp/gamemode/sh_init.lua:116
       6. unknown - gamemodes/darkrp/gamemode/sh_init.lua:132
        7. include - [C]:-1
         8. unknown - gamemodes/darkrp/gamemode/init.lua:3


L 07/10/2020 - 10:15:43: Lua Error: 
[ERROR] gamemodes/darkrp/gamemode/core/doors/init_sh.lua:81: attempt to index local 'ent' (a nil value)
  1. setupDoors - gamemodes/darkrp/gamemode/core/doors/init_sh.lua:81
   2. unknown - gamemodes/darkrp/gamemode/core/doors/init_sh.lua:96
    3. include - [C]:-1
     4. include_dir - gamemodes/darkrp/gamemode/sh_init.lua:47
      5. Init - gamemodes/darkrp/gamemode/sh_init.lua:116
       6. unknown - gamemodes/darkrp/gamemode/sh_init.lua:132
        7. include - [C]:-1
         8. unknown - gamemodes/darkrp/gamemode/init.lua:3


L 07/10/2020 - 10:17:07: Lua Error: 
[ERROR] gamemodes/darkrp/gamemode/core/doors/init_sh.lua:81: attempt to index local 'ent' (a nil value)
  1. setupDoors - gamemodes/darkrp/gamemode/core/doors/init_sh.lua:81
   2. unknown - gamemodes/darkrp/gamemode/core/doors/init_sh.lua:96
    3. include - [C]:-1
     4. include_dir - gamemodes/darkrp/gamemode/sh_init.lua:47
      5. Init - gamemodes/darkrp/gamemode/sh_init.lua:116
       6. unknown - gamemodes/darkrp/gamemode/sh_init.lua:132
        7. include - [C]:-1
         8. unknown - gamemodes/darkrp/gamemode/init.lua:3


L 07/10/2020 - 10:17:07: Lua Error: 
[ERROR] gamemodes/darkrp/gamemode/core/doors/init_sh.lua:81: attempt to index local 'ent' (a nil value)
  1. setupDoors - gamemodes/darkrp/gamemode/core/doors/init_sh.lua:81
   2. unknown - gamemodes/darkrp/gamemode/core/doors/init_sh.lua:96
    3. include - [C]:-1
     4. include_dir - gamemodes/darkrp/gamemode/sh_init.lua:47
      5. Init - gamemodes/darkrp/gamemode/sh_init.lua:116
       6. unknown - gamemodes/darkrp/gamemode/sh_init.lua:132
        7. include - [C]:-1
         8. unknown - gamemodes/darkrp/gamemode/init.lua:3


L 07/10/2020 - 10:17:26: Lua Error: 
[ERROR] gamemodes/darkrp/gamemode/core/doors/init_sh.lua:81: attempt to index local 'ent' (a nil value)
  1. setupDoors - gamemodes/darkrp/gamemode/core/doors/init_sh.lua:81
   2. unknown - gamemodes/darkrp/gamemode/core/doors/init_sh.lua:96
    3. include - [C]:-1
     4. include_dir - gamemodes/darkrp/gamemode/sh_init.lua:47
      5. Init - gamemodes/darkrp/gamemode/sh_init.lua:116
       6. unknown - gamemodes/darkrp/gamemode/sh_init.lua:132
        7. include - [C]:-1
         8. unknown - gamemodes/darkrp/gamemode/init.lua:3


L 07/10/2020 - 10:17:52: Lua Error: 
[ERROR] gamemodes/darkrp/gamemode/core/doors/init_sh.lua:81: attempt to index local 'ent' (a nil value)
  1. setupDoors - gamemodes/darkrp/gamemode/core/doors/init_sh.lua:81
   2. unknown - gamemodes/darkrp/gamemode/core/doors/init_sh.lua:96
    3. include - [C]:-1
     4. include_dir - gamemodes/darkrp/gamemode/sh_init.lua:47
      5. Init - gamemodes/darkrp/gamemode/sh_init.lua:116
       6. unknown - gamemodes/darkrp/gamemode/sh_init.lua:132
        7. include - [C]:-1
         8. unknown - gamemodes/darkrp/gamemode/init.lua:3


L 07/10/2020 - 10:18:01: Lua Error: 
[ERROR] gamemodes/darkrp/gamemode/core/doors/init_sh.lua:81: attempt to index local 'ent' (a nil value)
  1. setupDoors - gamemodes/darkrp/gamemode/core/doors/init_sh.lua:81
   2. unknown - gamemodes/darkrp/gamemode/core/doors/init_sh.lua:96
    3. include - [C]:-1
     4. include_dir - gamemodes/darkrp/gamemode/sh_init.lua:47
      5. Init - gamemodes/darkrp/gamemode/sh_init.lua:116
       6. unknown - gamemodes/darkrp/gamemode/sh_init.lua:132
        7. include - [C]:-1
         8. unknown - gamemodes/darkrp/gamemode/init.lua:3


L 07/10/2020 - 10:18:14: Lua Error: 
[ERROR] gamemodes/darkrp/gamemode/core/doors/init_sh.lua:81: attempt to index local 'ent' (a nil value)
  1. setupDoors - gamemodes/darkrp/gamemode/core/doors/init_sh.lua:81
   2. unknown - gamemodes/darkrp/gamemode/core/doors/init_sh.lua:96
    3. include - [C]:-1
     4. include_dir - gamemodes/darkrp/gamemode/sh_init.lua:47
      5. Init - gamemodes/darkrp/gamemode/sh_init.lua:116
       6. unknown - gamemodes/darkrp/gamemode/sh_init.lua:132
        7. include - [C]:-1
         8. unknown - gamemodes/darkrp/gamemode/init.lua:3


L 07/10/2020 - 10:19:05: Lua Error: 
[ERROR] gamemodes/darkrp/gamemode/core/doors/init_sh.lua:81: attempt to index local 'ent' (a nil value)
  1. setupDoors - gamemodes/darkrp/gamemode/core/doors/init_sh.lua:81
   2. unknown - gamemodes/darkrp/gamemode/core/doors/init_sh.lua:96
    3. include - [C]:-1
     4. include_dir - gamemodes/darkrp/gamemode/sh_init.lua:47
      5. Init - gamemodes/darkrp/gamemode/sh_init.lua:116
       6. unknown - gamemodes/darkrp/gamemode/sh_init.lua:132
        7. include - [C]:-1
         8. unknown - gamemodes/darkrp/gamemode/init.lua:3


L 07/10/2020 - 10:19:05: Lua Error: 
[ERROR] gamemodes/darkrp/gamemode/core/doors/init_sh.lua:81: attempt to index local 'ent' (a nil value)
  1. setupDoors - gamemodes/darkrp/gamemode/core/doors/init_sh.lua:81
   2. unknown - gamemodes/darkrp/gamemode/core/doors/init_sh.lua:96
    3. include - [C]:-1
     4. include_dir - gamemodes/darkrp/gamemode/sh_init.lua:47
      5. Init - gamemodes/darkrp/gamemode/sh_init.lua:116
       6. unknown - gamemodes/darkrp/gamemode/sh_init.lua:132
        7. include - [C]:-1
         8. unknown - gamemodes/darkrp/gamemode/init.lua:3


L 07/10/2020 - 10:19:51: Lua Error: 
[ERROR] gamemodes/darkrp/gamemode/core/doors/init_sh.lua:81: attempt to index local 'ent' (a nil value)
  1. setupDoors - gamemodes/darkrp/gamemode/core/doors/init_sh.lua:81
   2. unknown - gamemodes/darkrp/gamemode/core/doors/init_sh.lua:96
    3. include - [C]:-1
     4. include_dir - gamemodes/darkrp/gamemode/sh_init.lua:47
      5. Init - gamemodes/darkrp/gamemode/sh_init.lua:116
       6. unknown - gamemodes/darkrp/gamemode/sh_init.lua:132
        7. include - [C]:-1
         8. unknown - gamemodes/darkrp/gamemode/init.lua:3


L 07/10/2020 - 10:20:09: Lua Error: 
[ERROR] gamemodes/darkrp/gamemode/core/doors/init_sh.lua:81: attempt to index local 'ent' (a nil value)
  1. setupDoors - gamemodes/darkrp/gamemode/core/doors/init_sh.lua:81
   2. unknown - gamemodes/darkrp/gamemode/core/doors/init_sh.lua:96
    3. include - [C]:-1
     4. include_dir - gamemodes/darkrp/gamemode/sh_init.lua:47
      5. Init - gamemodes/darkrp/gamemode/sh_init.lua:116
       6. unknown - gamemodes/darkrp/gamemode/sh_init.lua:132
        7. include - [C]:-1
         8. unknown - gamemodes/darkrp/gamemode/init.lua:3


L 07/10/2020 - 10:20:10: Lua Error: 
[ERROR] gamemodes/darkrp/gamemode/core/doors/init_sh.lua:81: attempt to index local 'ent' (a nil value)
  1. setupDoors - gamemodes/darkrp/gamemode/core/doors/init_sh.lua:81
   2. unknown - gamemodes/darkrp/gamemode/core/doors/init_sh.lua:96
    3. include - [C]:-1
     4. include_dir - gamemodes/darkrp/gamemode/sh_init.lua:47
      5. Init - gamemodes/darkrp/gamemode/sh_init.lua:116
       6. unknown - gamemodes/darkrp/gamemode/sh_init.lua:132
        7. include - [C]:-1
         8. unknown - gamemodes/darkrp/gamemode/init.lua:3


L 07/10/2020 - 10:21:21: Lua Error: 
[ERROR] gamemodes/darkrp/gamemode/core/doors/init_sh.lua:81: attempt to index local 'ent' (a nil value)
  1. setupDoors - gamemodes/darkrp/gamemode/core/doors/init_sh.lua:81
   2. unknown - gamemodes/darkrp/gamemode/core/doors/init_sh.lua:96
    3. include - [C]:-1
     4. include_dir - gamemodes/darkrp/gamemode/sh_init.lua:47
      5. Init - gamemodes/darkrp/gamemode/sh_init.lua:116
       6. unknown - gamemodes/darkrp/gamemode/sh_init.lua:132
        7. include - [C]:-1
         8. unknown - gamemodes/darkrp/gamemode/init.lua:3


L 07/10/2020 - 10:21:22: Lua Error: 
[ERROR] gamemodes/darkrp/gamemode/core/doors/init_sh.lua:81: attempt to index local 'ent' (a nil value)
  1. setupDoors - gamemodes/darkrp/gamemode/core/doors/init_sh.lua:81
   2. unknown - gamemodes/darkrp/gamemode/core/doors/init_sh.lua:96
    3. include - [C]:-1
     4. include_dir - gamemodes/darkrp/gamemode/sh_init.lua:47
      5. Init - gamemodes/darkrp/gamemode/sh_init.lua:116
       6. unknown - gamemodes/darkrp/gamemode/sh_init.lua:132
        7. include - [C]:-1
         8. unknown - gamemodes/darkrp/gamemode/init.lua:3


L 07/10/2020 - 10:22:18: Lua Error: 
[ERROR] gamemodes/darkrp/gamemode/core/doors/init_sh.lua:81: attempt to index local 'ent' (a nil value)
  1. setupDoors - gamemodes/darkrp/gamemode/core/doors/init_sh.lua:81
   2. unknown - gamemodes/darkrp/gamemode/core/doors/init_sh.lua:96
    3. include - [C]:-1
     4. include_dir - gamemodes/darkrp/gamemode/sh_init.lua:47
      5. Init - gamemodes/darkrp/gamemode/sh_init.lua:116
       6. unknown - gamemodes/darkrp/gamemode/sh_init.lua:132
        7. include - [C]:-1
         8. unknown - gamemodes/darkrp/gamemode/init.lua:3


L 07/10/2020 - 10:22:19: Lua Error: 
[ERROR] gamemodes/darkrp/gamemode/core/doors/init_sh.lua:81: attempt to index local 'ent' (a nil value)
  1. setupDoors - gamemodes/darkrp/gamemode/core/doors/init_sh.lua:81
   2. unknown - gamemodes/darkrp/gamemode/core/doors/init_sh.lua:96
    3. include - [C]:-1
     4. include_dir - gamemodes/darkrp/gamemode/sh_init.lua:47
      5. Init - gamemodes/darkrp/gamemode/sh_init.lua:116
       6. unknown - gamemodes/darkrp/gamemode/sh_init.lua:132
        7. include - [C]:-1
         8. unknown - gamemodes/darkrp/gamemode/init.lua:3


L 07/10/2020 - 10:25:11: Lua Error: 
[ERROR] gamemodes/darkrp/gamemode/core/doors/init_sh.lua:81: attempt to index local 'ent' (a nil value)
  1. setupDoors - gamemodes/darkrp/gamemode/core/doors/init_sh.lua:81
   2. unknown - gamemodes/darkrp/gamemode/core/doors/init_sh.lua:95
    3. include - [C]:-1
     4. include_dir - gamemodes/darkrp/gamemode/sh_init.lua:47
      5. Init - gamemodes/darkrp/gamemode/sh_init.lua:116
       6. unknown - gamemodes/darkrp/gamemode/sh_init.lua:132
        7. include - [C]:-1
         8. unknown - gamemodes/darkrp/gamemode/init.lua:3


L 07/10/2020 - 10:25:20: Lua Error: 
[ERROR] gamemodes/darkrp/gamemode/core/doors/init_sh.lua:81: attempt to index local 'ent' (a nil value)
  1. setupDoors - gamemodes/darkrp/gamemode/core/doors/init_sh.lua:81
   2. unknown - gamemodes/darkrp/gamemode/core/doors/init_sh.lua:95
    3. include - [C]:-1
     4. include_dir - gamemodes/darkrp/gamemode/sh_init.lua:47
      5. Init - gamemodes/darkrp/gamemode/sh_init.lua:116
       6. unknown - gamemodes/darkrp/gamemode/sh_init.lua:132
        7. include - [C]:-1
         8. unknown - gamemodes/darkrp/gamemode/init.lua:3


L 07/10/2020 - 10:25:20: Lua Error: 
[ERROR] gamemodes/darkrp/gamemode/core/doors/init_sh.lua:81: attempt to index local 'ent' (a nil value)
  1. setupDoors - gamemodes/darkrp/gamemode/core/doors/init_sh.lua:81
   2. unknown - gamemodes/darkrp/gamemode/core/doors/init_sh.lua:95
    3. include - [C]:-1
     4. include_dir - gamemodes/darkrp/gamemode/sh_init.lua:47
      5. Init - gamemodes/darkrp/gamemode/sh_init.lua:116
       6. unknown - gamemodes/darkrp/gamemode/sh_init.lua:132
        7. include - [C]:-1
         8. unknown - gamemodes/darkrp/gamemode/init.lua:3


L 07/10/2020 - 10:25:36: Lua Error: 
[ERROR] gamemodes/darkrp/gamemode/core/doors/init_sh.lua:81: attempt to index local 'ent' (a nil value)
  1. setupDoors - gamemodes/darkrp/gamemode/core/doors/init_sh.lua:81
   2. unknown - gamemodes/darkrp/gamemode/core/doors/init_sh.lua:95
    3. include - [C]:-1
     4. include_dir - gamemodes/darkrp/gamemode/sh_init.lua:47
      5. Init - gamemodes/darkrp/gamemode/sh_init.lua:116
       6. unknown - gamemodes/darkrp/gamemode/sh_init.lua:132
        7. include - [C]:-1
         8. unknown - gamemodes/darkrp/gamemode/init.lua:3


L 07/10/2020 - 10:25:37: Lua Error: 
[ERROR] gamemodes/darkrp/gamemode/core/doors/init_sh.lua:81: attempt to index local 'ent' (a nil value)
  1. setupDoors - gamemodes/darkrp/gamemode/core/doors/init_sh.lua:81
   2. unknown - gamemodes/darkrp/gamemode/core/doors/init_sh.lua:95
    3. include - [C]:-1
     4. include_dir - gamemodes/darkrp/gamemode/sh_init.lua:47
      5. Init - gamemodes/darkrp/gamemode/sh_init.lua:116
       6. unknown - gamemodes/darkrp/gamemode/sh_init.lua:132
        7. include - [C]:-1
         8. unknown - gamemodes/darkrp/gamemode/init.lua:3


L 07/10/2020 - 10:26:01: Lua Error: 
[ERROR] gamemodes/darkrp/gamemode/core/doors/init_sh.lua:81: attempt to index local 'ent' (a nil value)
  1. setupDoors - gamemodes/darkrp/gamemode/core/doors/init_sh.lua:81
   2. unknown - gamemodes/darkrp/gamemode/core/doors/init_sh.lua:95
    3. include - [C]:-1
     4. include_dir - gamemodes/darkrp/gamemode/sh_init.lua:47
      5. Init - gamemodes/darkrp/gamemode/sh_init.lua:116
       6. unknown - gamemodes/darkrp/gamemode/sh_init.lua:132
        7. include - [C]:-1
         8. unknown - gamemodes/darkrp/gamemode/init.lua:3


L 07/10/2020 - 10:29:15: Lua Error: 
[ERROR] gamemodes/darkrp/gamemode/core/doors/init_sh.lua:81: attempt to index local 'ent' (a nil value)
  1. setupDoors - gamemodes/darkrp/gamemode/core/doors/init_sh.lua:81
   2. unknown - gamemodes/darkrp/gamemode/core/doors/init_sh.lua:95
    3. include - [C]:-1
     4. include_dir - gamemodes/darkrp/gamemode/sh_init.lua:47
      5. Init - gamemodes/darkrp/gamemode/sh_init.lua:116
       6. unknown - gamemodes/darkrp/gamemode/sh_init.lua:132
        7. include - [C]:-1
         8. unknown - gamemodes/darkrp/gamemode/init.lua:3


L 07/10/2020 - 10:29:16: Lua Error: 
[ERROR] gamemodes/darkrp/gamemode/core/doors/init_sh.lua:81: attempt to index local 'ent' (a nil value)
  1. setupDoors - gamemodes/darkrp/gamemode/core/doors/init_sh.lua:81
   2. unknown - gamemodes/darkrp/gamemode/core/doors/init_sh.lua:95
    3. include - [C]:-1
     4. include_dir - gamemodes/darkrp/gamemode/sh_init.lua:47
      5. Init - gamemodes/darkrp/gamemode/sh_init.lua:116
       6. unknown - gamemodes/darkrp/gamemode/sh_init.lua:132
        7. include - [C]:-1
         8. unknown - gamemodes/darkrp/gamemode/init.lua:3


L 07/10/2020 - 10:36:21: Lua Error: 
[ERROR] gamemodes/darkrp/gamemode/core/doors/init_sh.lua:81: attempt to index local 'ent' (a nil value)
  1. setupDoors - gamemodes/darkrp/gamemode/core/doors/init_sh.lua:81
   2. unknown - gamemodes/darkrp/gamemode/core/doors/init_sh.lua:95
    3. include - [C]:-1
     4. include_dir - gamemodes/darkrp/gamemode/sh_init.lua:47
      5. Init - gamemodes/darkrp/gamemode/sh_init.lua:116
       6. unknown - gamemodes/darkrp/gamemode/sh_init.lua:132
        7. include - [C]:-1
         8. unknown - gamemodes/darkrp/gamemode/init.lua:3


L 07/10/2020 - 10:36:22: Lua Error: 
[ERROR] gamemodes/darkrp/gamemode/core/doors/init_sh.lua:81: attempt to index local 'ent' (a nil value)
  1. setupDoors - gamemodes/darkrp/gamemode/core/doors/init_sh.lua:81
   2. unknown - gamemodes/darkrp/gamemode/core/doors/init_sh.lua:95
    3. include - [C]:-1
     4. include_dir - gamemodes/darkrp/gamemode/sh_init.lua:47
      5. Init - gamemodes/darkrp/gamemode/sh_init.lua:116
       6. unknown - gamemodes/darkrp/gamemode/sh_init.lua:132
        7. include - [C]:-1
         8. unknown - gamemodes/darkrp/gamemode/init.lua:3


L 07/10/2020 - 10: