L 07/16/2020 - 11:57:58: Log file started (file "logs\L0716002.log") (game "D:\sup\steamapps\common\GarrysModDS\garrysmod") (version "7891")
L 07/16/2020 - 11:57:58: server_cvar: "sv_airaccelerate" "100"
L 07/16/2020 - 11:58:00: Connection to Steam servers successful.
L 07/16/2020 - 11:58:00:    Public IP is 31.130.42.26.
L 07/16/2020 - 11:58:00: Assigned anonymous gameserver Steam ID [A-1:2512067584(15170)].
L 07/16/2020 - 11:58:00: VAC secure mode is activated.
L 07/16/2020 - 11:58:05: "COMPLΞX<2><STEAM_0:0:105635721><>" connected, address "26.162.207.202:27006"
L 07/16/2020 - 11:58:05: "COMPLΞX<2><STEAM_0:0:105635721><>" STEAM USERID validated
L 07/16/2020 - 11:58:15: "COMPLΞX<2><STEAM_0:0:105635721><>" entered the game
L 07/16/2020 - 11:59:42: Lua Error: 
[ERROR] gamemodes/darkrp/entities/entities/lab_base/init.lua:54: attempt to call method 'SetCraftName' (a nil value)
  1. Crafting - gamemodes/darkrp/entities/entities/lab_base/init.lua:54
   2. func - gamemodes/darkrp/entities/entities/lab_base/init.lua:77
    3. unknown - lua/includes/extensions/net.lua:32


L 07/16/2020 - 12:00:44: Lua Error: 
[dash_3] addons/dash_3/lua/dash/libraries/term.lua:59: bad argument #1 to 'WriteUInt' (number expected, got nil)
  1. WriteUInt - [C]:-1
   2. WriteTerm - addons/dash_3/lua/dash/libraries/term.lua:59
    3. Notify - gamemodes/darkrp/gamemode/util/notifications/notify/init_sv.lua:22
     4. Explode - gamemodes/darkrp/entities/entities/lab_base/init.lua:46
      5. unknown - gamemodes/darkrp/entities/entities/lab_base/init.lua:30


L 07/16/2020 - 12:00:47: Lua Error: 
[dash_3] Warning! A net message (rp.NotifyTerm) is already started! Discarding in favor of the new message! (nw_Money)

  1. _Send - addons/dash_3/lua/dash/libraries/nw.lua:154
   2. SetNetVar - addons/dash_3/lua/dash/libraries/nw.lua:313
    3. AddMoney - gamemodes/darkrp/gamemode/core/player/data/data_sv.lua:159
     4. Run - gamemodes/darkrp/gamemode/core/makethings/makethings_sv.lua:116
      5. Run - addons/dash_3/lua/dash/libraries/cmd.lua:319
       6. func - addons/dash_3/lua/dash/libraries/cmd.lua:501
        7. unknown - lua/includes/extensions/net.lua:32


L 07/16/2020 - 12:00:49: Lua Error: 
[ERROR] gamemodes/darkrp/entities/entities/lab_base/init.lua:54: attempt to call method 'SetCraftName' (a nil value)
  1. Crafting - gamemodes/darkrp/entities/entities/lab_base/init.lua:54
   2. func - gamemodes/darkrp/entities/entities/lab_base/init.lua:77
    3. unknown - lua/includes/extensions/net.lua:32


L 07/16/2020 - 12:04:25: "Bot01<3><BOT><>" connected, address "none"
L 07/16/2020 - 12:04:25: "Bot01<3><BOT><>" entered the game
L 07/16/2020 - 12:25:50: Lua Error: 
[dash_3] lua/includes/extensions/table.lua:693: bad argument #1 to 'pairs' (table expected, got string)
  1. pairs - [C]:-1
   2. GetKeys - lua/includes/extensions/table.lua:693
    3. PrintTable - lua/includes/util.lua:63
     4. v - addons/badmin_2/lua/ba/core/commands/commands_sv.lua:14
      5. Call - addons/dash_3/lua/dash/libraries/hook.lua:36
       6. Parse - addons/dash_3/lua/dash/libraries/cmd.lua:88
        7. Run - addons/dash_3/lua/dash/libraries/cmd.lua:313
         8. v - addons/dash_3/lua/dash/libraries/cmd.lua:510
          9. unknown - addons/dash_3/lua/dash/libraries/hook.lua:36


L 07/16/2020 - 12:25:50: "COMPLΞX<2><STEAM_0:0:105635721><Team>" say "/911 111"
L 07/16/2020 - 12:26:23: Lua Error: 
[dash_3] addons/dash_3/lua/dash/libraries/cmd.lua:276: attempt to call method 'lower' (a nil value)
  1. Get - addons/dash_3/lua/dash/libraries/cmd.lua:276
   2. v - addons/badmin_2/lua/ba/core/commands/commands_sv.lua:14
    3. Call - addons/dash_3/lua/dash/libraries/hook.lua:36
     4. Parse - addons/dash_3/lua/dash/libraries/cmd.lua:88
      5. Run - addons/dash_3/lua/dash/libraries/cmd.lua:313
       6. v - addons/dash_3/lua/dash/libraries/cmd.lua:510
        7. unknown - addons/dash_3/lua/dash/libraries/hook.lua:36


L 07/16/2020 - 12:26:23: "COMPLΞX<2><STEAM_0:0:105635721><Team>" say "/911 111"
L 07/16/2020 - 12:26:56: Lua Error: 
[dash_3] addons/dash_3/lua/dash/libraries/cmd.lua:276: attempt to call method 'lower' (a nil value)
  1. Get - addons/dash_3/lua/dash/libraries/cmd.lua:276
   2. v - addons/badmin_2/lua/ba/core/commands/commands_sv.lua:14
    3. Call - addons/dash_3/lua/dash/libraries/hook.lua:36
     4. Parse - addons/dash_3/lua/dash/libraries/cmd.lua:88
      5. Run - addons/dash_3/lua/dash/libraries/cmd.lua:313
       6. v - addons/dash_3/lua/dash/libraries/cmd.lua:510
        7. unknown - addons/dash_3/lua/dash/libraries/hook.lua:36


L 07/16/2020 - 12:26:56: "COMPLΞX<2><STEAM_0:0:105635721><Team>" say "/ban bot01 22m fff"
L 07/16/2020 - 12:54:54: Lua Error: 
[badmin_2] addons/badmin_2/lua/ba/core/commands/commands_sv.lua:25: unexpected symbol near '/'


L 07/16/2020 - 12:55:58: Lua Error: 
[badmin_2] addons/badmin_2/lua/ba/core/commands/commands_sv.lua:14: attempt to call method 'HasFlag' (a nil value)
  1. v - addons/badmin_2/lua/ba/core/commands/commands_sv.lua:14
   2. Call - addons/dash_3/lua/dash/libraries/hook.lua:36
    3. Parse - addons/dash_3/lua/dash/libraries/cmd.lua:88
     4. Run - addons/dash_3/lua/dash/libraries/cmd.lua:313
      5. unknown - addons/dash_3/lua/dash/libraries/cmd.lua:362
       6. unknown - lua/includes/modules/concommand.lua:54


L 07/16/2020 - 12:56:52: Lua Error: 
[badmin_2] addons/badmin_2/lua/ba/core/commands/commands_sv.lua:18: attempt to call method 'HasFlag' (a nil value)
  1. v - addons/badmin_2/lua/ba/core/commands/commands_sv.lua:18
   2. Call - addons/dash_3/lua/dash/libraries/hook.lua:36
    3. Parse - addons/dash_3/lua/dash/libraries/cmd.lua:88
     4. Run - addons/dash_3/lua/dash/libraries/cmd.lua:313
      5. unknown - addons/dash_3/lua/dash/libraries/cmd.lua:362
       6. unknown - lua/includes/modules/concommand.lua:54


L 07/16/2020 - 12:57:08: Lua Error: 
[badmin_2] addons/badmin_2/lua/ba/core/commands/commands_sv.lua:18: attempt to call method 'HasFlag' (a nil value)
  1. v - addons/badmin_2/lua/ba/core/commands/commands_sv.lua:18
   2. Call - addons/dash_3/lua/dash/libraries/hook.lua:36
    3. Parse - addons/dash_3/lua/dash/libraries/cmd.lua:88
     4. Run - addons/dash_3/lua/dash/libraries/cmd.lua:313
      5. unknown - addons/dash_3/lua/dash/libraries/cmd.lua:362
       6. unknown - lua/includes/modules/concommand.lua:54


L 07/16/2020 - 13:04:40: "COMPLΞX<2><STEAM_0:0:105635721><>" disconnected (reason "Disconnect by user.")
L 07/16/2020 - 13:04:40: "Bot01<3><BOT><>" disconnected (reason "Punting bot, server is hibernating")
L 07/16/2020 - 13:04:40: "COMPLΞX<4><STEAM_0:0:105635721><>" connected, address "26.162.207.202:27006"
L 07/16/2020 - 13:04:41: "COMPLΞX<4><STEAM_0:0:105635721><>" STEAM USERID validated
L 07/16/2020 - 13:04:50: "COMPLΞX<4><STEAM_0:0:105635721><>" entered the game
L 07/16/2020 - 13:05:15: "COMPLΞX<4><STEAM_0:0:105635721><>" disconnected (reason "Disconnect by user.")
L 07/16/2020 - 13:05:24: "COMPLΞX<5><STEAM_0:0:105635721><>" connected, address "26.162.207.202:27006"
L 07/16/2020 - 13:05:25: "COMPLΞX<5><STEAM_0:0:105635721><>" STEAM USERID validated
L 07/16/2020 - 13:05:34: "COMPLΞX<5><STEAM_0:0:105635721><>" entered the game
L 07/16/2020 - 14:07:15: "COMPLΞX<5><STEAM_0:0:105635721><>" disconnected (reason "Server shutting down")
L 07/16/2020 - 14:07:15: server_message: "quit"
L 07/16/2020 - 14:07:15: Log file closed.
