L 07/14/2020 - 21:34:21: Log file started (file "logs\L0714015.log") (game "D:\sup\steamapps\common\GarrysModDS\garrysmod") (version "7891")
L 07/14/2020 - 21:34:21: server_cvar: "sbox_maxprops" "150"
L 07/14/2020 - 21:34:21: server_cvar: "sbox_maxragdolls" "5"
L 07/14/2020 - 21:34:21: server_cvar: "sbox_maxballoons" "10"
L 07/14/2020 - 21:34:21: server_cvar: "sbox_maxeffects" "50"
L 07/14/2020 - 21:34:21: server_cvar: "sbox_maxlamps" "20"
L 07/14/2020 - 21:34:21: server_cvar: "sbox_maxthrusters" "30"
L 07/14/2020 - 21:34:21: server_cvar: "sbox_maxwheels" "20"
L 07/14/2020 - 21:34:21: server_cvar: "sbox_maxhoverballs" "20"
L 07/14/2020 - 21:34:21: server_cvar: "sbox_maxvehicles" "6"
L 07/14/2020 - 21:34:21: server_cvar: "sbox_maxbuttons" "20"
L 07/14/2020 - 21:34:21: server_cvar: "sbox_maxsents" "20"
L 07/14/2020 - 21:34:21: server_cvar: "sbox_maxemitters" "5"
L 07/14/2020 - 21:34:21: server_cvar: "sv_airaccelerate" "100"
L 07/14/2020 - 21:34:22: Connection to Steam servers successful.
L 07/14/2020 - 21:34:22:    Public IP is 31.130.42.26.
L 07/14/2020 - 21:34:22: Assigned anonymous gameserver Steam ID [A-1:5232640(15157)].
L 07/14/2020 - 21:34:23: VAC secure mode is activated.
L 07/14/2020 - 21:34:27: "COMPLΞX<2><STEAM_0:0:105635721><>" connected, address "26.162.207.202:27006"
L 07/14/2020 - 21:34:27: "COMPLΞX<2><STEAM_0:0:105635721><>" STEAM USERID validated
L 07/14/2020 - 21:34:36: "COMPLΞX<2><STEAM_0:0:105635721><>" entered the game
L 07/14/2020 - 21:35:34: "COMPLΞX<2><STEAM_0:0:105635721><>" disconnected (reason "Please don't cheat!
 If you feel this was an error appeal @ superiorservers.co
 False appeals will be punished harshly")
L 07/14/2020 - 21:37:55: server_message: "quit"
L 07/14/2020 - 21:37:55: Log file closed.
