L 07/14/2020 - 21:53:05: Log file started (file "logs\L0714017.log") (game "D:\sup\steamapps\common\GarrysModDS\garrysmod") (version "7891")
L 07/14/2020 - 21:53:05: server_cvar: "sbox_maxprops" "150"
L 07/14/2020 - 21:53:05: server_cvar: "sbox_maxragdolls" "5"
L 07/14/2020 - 21:53:05: server_cvar: "sbox_maxballoons" "10"
L 07/14/2020 - 21:53:05: server_cvar: "sbox_maxeffects" "50"
L 07/14/2020 - 21:53:05: server_cvar: "sbox_maxlamps" "20"
L 07/14/2020 - 21:53:05: server_cvar: "sbox_maxthrusters" "30"
L 07/14/2020 - 21:53:05: server_cvar: "sbox_maxwheels" "20"
L 07/14/2020 - 21:53:05: server_cvar: "sbox_maxhoverballs" "20"
L 07/14/2020 - 21:53:05: server_cvar: "sbox_maxvehicles" "6"
L 07/14/2020 - 21:53:05: server_cvar: "sbox_maxbuttons" "20"
L 07/14/2020 - 21:53:05: server_cvar: "sbox_maxsents" "20"
L 07/14/2020 - 21:53:05: server_cvar: "sbox_maxemitters" "5"
L 07/14/2020 - 21:53:05: server_cvar: "sv_airaccelerate" "100"
L 07/14/2020 - 21:53:06: Connection to Steam servers successful.
L 07/14/2020 - 21:53:06:    Public IP is 31.130.42.26.
L 07/14/2020 - 21:53:06: Assigned anonymous gameserver Steam ID [A-1:241246216(15157)].
L 07/14/2020 - 21:53:06: VAC secure mode is activated.
L 07/14/2020 - 21:54:03: "COMPLΞX<2><STEAM_0:0:105635721><>" connected, address "26.162.207.202:27006"
L 07/14/2020 - 21:54:04: "COMPLΞX<2><STEAM_0:0:105635721><>" STEAM USERID validated
L 07/14/2020 - 21:54:13: "COMPLΞX<2><STEAM_0:0:105635721><>" entered the game
L 07/14/2020 - 21:55:03: Lua Error: 
[ERROR] gamemodes/darkrp/entities/weapons/gmod_tool/stools/pad_biometric.lua:80: attempt to index field 'fadingdoor' (a nil value)
  1. Holster - gamemodes/darkrp/entities/weapons/gmod_tool/stools/pad_biometric.lua:80
   2. unknown - gamemodes/darkrp/entities/weapons/gmod_tool/shared.lua:182


L 07/14/2020 - 21:55:03: Lua Error: 
[ERROR] gamemodes/darkrp/entities/weapons/gmod_tool/stools/pad_biometric.lua:80: attempt to index field 'fadingdoor' (a nil value)
  1. Holster - gamemodes/darkrp/entities/weapons/gmod_tool/stools/pad_biometric.lua:80
   2. unknown - gamemodes/darkrp/entities/weapons/gmod_tool/shared.lua:291


L 07/14/2020 - 21:55:09: "COMPLΞX<2><STEAM_0:0:105635721><>" disconnected (reason "Code: 22")
L 07/14/2020 - 22:32:52: "COMPLΞX<3><STEAM_0:0:105635721><>" connected, address "26.162.207.202:27006"
L 07/14/2020 - 22:32:53: "COMPLΞX<3><STEAM_0:0:105635721><>" STEAM USERID validated
L 07/14/2020 - 22:32:53: "COMPLΞX<3><STEAM_0:0:105635721><>" disconnected (reason "Disconnect by user.")
L 07/14/2020 - 22:33:20: "COMPLΞX<4><STEAM_0:0:105635721><>" connected, address "26.162.207.202:27006"
L 07/14/2020 - 22:33:20: "COMPLΞX<4><STEAM_0:0:105635721><>" STEAM USERID validated
L 07/14/2020 - 22:33:38: "COMPLΞX<4><STEAM_0:0:105635721><>" entered the game
L 07/14/2020 - 22:36:15: Lua Error: 
[ERROR] gamemodes/darkrp/entities/weapons/gmod_tool/stools/pad_biometric.lua:80: attempt to index field 'fadingdoor' (a nil value)
  1. Holster - gamemodes/darkrp/entities/weapons/gmod_tool/stools/pad_biometric.lua:80
   2. unknown - gamemodes/darkrp/entities/weapons/gmod_tool/shared.lua:182


L 07/14/2020 - 22:36:16: Lua Error: 
[ERROR] gamemodes/darkrp/entities/weapons/gmod_tool/stools/pad_biometric.lua:80: attempt to index field 'fadingdoor' (a nil value)
  1. Holster - gamemodes/darkrp/entities/weapons/gmod_tool/stools/pad_biometric.lua:80
   2. unknown - gamemodes/darkrp/entities/weapons/gmod_tool/shared.lua:291


L 07/14/2020 - 22:37:33: Lua Error: 
[ERROR] gamemodes/darkrp/entities/weapons/gmod_tool/stools/pad_biometric.lua:80: attempt to index field 'fadingdoor' (a nil value)
  1. Holster - gamemodes/darkrp/entities/weapons/gmod_tool/stools/pad_biometric.lua:80
   2. unknown - gamemodes/darkrp/entities/weapons/gmod_tool/shared.lua:291


L 07/14/2020 - 22:37:44: Lua Error: 
[ERROR] gamemodes/darkrp/entities/weapons/gmod_tool/stools/pad_biometric.lua:80: attempt to index field 'fadingdoor' (a nil value)
  1. Holster - gamemodes/darkrp/entities/weapons/gmod_tool/stools/pad_biometric.lua:80
   2. unknown - gamemodes/darkrp/entities/weapons/gmod_tool/shared.lua:291


L 07/14/2020 - 22:38:42: "COMPLΞX<4><STEAM_0:0:105635721><>" disconnected (reason "Disconnect by user.")
L 07/14/2020 - 22:38:42: "COMPLΞX<5><STEAM_0:0:105635721><>" connected, address "26.162.207.202:27006"
L 07/14/2020 - 22:38:42: "COMPLΞX<5><STEAM_0:0:105635721><>" STEAM USERID validated
L 07/14/2020 - 22:38:52: "COMPLΞX<5><STEAM_0:0:105635721><>" entered the game
L 07/14/2020 - 22:40:08: Lua Error: 
[ERROR] gamemodes/darkrp/entities/weapons/gmod_tool/stools/pad_biometric.lua:80: attempt to index field 'fadingdoor' (a nil value)
  1. Holster - gamemodes/darkrp/entities/weapons/gmod_tool/stools/pad_biometric.lua:80
   2. unknown - gamemodes/darkrp/entities/weapons/gmod_tool/shared.lua:182


L 07/14/2020 - 22:40:09: Lua Error: 
[ERROR] gamemodes/darkrp/entities/weapons/gmod_tool/stools/pad_biometric.lua:80: attempt to index field 'fadingdoor' (a nil value)
  1. Holster - gamemodes/darkrp/entities/weapons/gmod_tool/stools/pad_biometric.lua:80
   2. unknown - gamemodes/darkrp/entities/weapons/gmod_tool/shared.lua:291


L 07/14/2020 - 22:41:33: "COMPLΞX<5><STEAM_0:0:105635721><>" disconnected (reason "Disconnect by user.")
L 07/14/2020 - 22:41:34: "COMPLΞX<6><STEAM_0:0:105635721><>" connected, address "26.162.207.202:27006"
L 07/14/2020 - 22:41:34: "COMPLΞX<6><STEAM_0:0:105635721><>" STEAM USERID validated
L 07/14/2020 - 22:41:43: "COMPLΞX<6><STEAM_0:0:105635721><>" entered the game
L 07/14/2020 - 22:43:58: Lua Error: 
[ERROR] gamemodes/darkrp/entities/entities/ent_poop/init.lua:28: attempt to call global 'GiveSTD' (a nil value)
  1. unknown - gamemodes/darkrp/entities/entities/ent_poop/init.lua:28


L 07/14/2020 - 22:46:03: Lua Error: 
[dash_3] gamemodes/darkrp/gamemode/core/player/stds/stds_sv.lua:11: attempt to call method 'Health' (a nil value)
  1. callback - gamemodes/darkrp/gamemode/core/player/stds/stds_sv.lua:11
   2. unknown - addons/dash_3/lua/dash/extensions/player.lua:27


L 07/14/2020 - 22:53:55: Lua Error: 
[ERROR] gamemodes/darkrp/gamemode/core/core_sv.lua:241: Calling net.Start with unpooled message name! [ http://goo.gl/qcx0y ]
  1. Start - [C]:-1
   2. unknown - gamemodes/darkrp/gamemode/core/core_sv.lua:241


L 07/14/2020 - 22:54:44: Lua Error: 
[ERROR] gamemodes/darkrp/entities/weapons/gmod_tool/stools/pad_biometric.lua:80: attempt to index field 'fadingdoor' (a nil value)
  1. Holster - gamemodes/darkrp/entities/weapons/gmod_tool/stools/pad_biometric.lua:80
   2. unknown - gamemodes/darkrp/entities/weapons/gmod_tool/shared.lua:182


L 07/14/2020 - 22:54:45: Lua Error: 
[ERROR] gamemodes/darkrp/entities/weapons/gmod_tool/stools/pad_biometric.lua:80: attempt to index field 'fadingdoor' (a nil value)
  1. Holster - gamemodes/darkrp/entities/weapons/gmod_tool/stools/pad_biometric.lua:80
   2. unknown - gamemodes/darkrp/entities/weapons/gmod_tool/shared.lua:291


L 07/14/2020 - 22:58:14: Lua Error: 
[ERROR] gamemodes/darkrp/gamemode/core/core_sv.lua:243: Calling net.Start with unpooled message name! [ http://goo.gl/qcx0y ]
  1. Start - [C]:-1
   2. unknown - gamemodes/darkrp/gamemode/core/core_sv.lua:243


L 07/14/2020 - 22:58:14: Lua Error: 
[ERROR] gamemodes/darkrp/entities/weapons/gmod_tool/stools/pad_biometric.lua:80: attempt to index field 'fadingdoor' (a nil value)
  1. Holster - gamemodes/darkrp/entities/weapons/gmod_tool/stools/pad_biometric.lua:80
   2. unknown - gamemodes/darkrp/entities/weapons/gmod_tool/shared.lua:291


L 07/14/2020 - 23:08:25: Lua Error: 
[ERROR] gamemodes/darkrp/gamemode/core/core_sv.lua:219: unexpected symbol near ')'
  1. include_dir - gamemodes/darkrp/gamemode/sh_init.lua:47
   2. Init - gamemodes/darkrp/gamemode/sh_init.lua:86
    3. unknown - gamemodes/darkrp/gamemode/sh_init.lua:123
     4. include - [C]:-1
      5. unknown - gamemodes/darkrp/gamemode/init.lua:3


L 07/14/2020 - 23:08:25: Lua Error: 
[ERROR] gamemodes/darkrp/gamemode/core/core_sv.lua:219: unexpected symbol near ')'
  1. include_dir - gamemodes/darkrp/gamemode/sh_init.lua:47
   2. Init - gamemodes/darkrp/gamemode/sh_init.lua:86
    3. unknown - gamemodes/darkrp/gamemode/sh_init.lua:123
     4. include - [C]:-1
      5. unknown - gamemodes/darkrp/gamemode/init.lua:3


L 07/14/2020 - 23:09:30: Lua Error: 
[ERROR] gamemodes/darkrp/gamemode/core/core_sv.lua:230: bad argument #1 to 'Send' (Entity expected, got nil)
  1. Send - [C]:-1
   2. unknown - gamemodes/darkrp/gamemode/core/core_sv.lua:230


L 07/14/2020 - 23:10:06: Lua Error: 
[ERROR] gamemodes/darkrp/gamemode/core/core_sv.lua:230: bad argument #1 to 'Send' (Entity expected, got nil)
  1. Send - [C]:-1
   2. unknown - gamemodes/darkrp/gamemode/core/core_sv.lua:230


L 07/14/2020 - 23:10:35: Lua Error: 
[ERROR] gamemodes/darkrp/gamemode/core/core_sv.lua:230: bad argument #1 to 'Send' (Entity expected, got nil)
  1. Send - [C]:-1
   2. unknown - gamemodes/darkrp/gamemode/core/core_sv.lua:230


L 07/14/2020 - 23:10:44: Lua Error: 
[ERROR] gamemodes/darkrp/gamemode/core/core_sv.lua:230: bad argument #1 to 'Send' (Entity expected, got nil)
  1. Send - [C]:-1
   2. unknown - gamemodes/darkrp/gamemode/core/core_sv.lua:230


L 07/14/2020 - 23:10:58: Lua Error: 
[ERROR] gamemodes/darkrp/gamemode/core/core_sv.lua:230: bad argument #1 to 'Send' (Entity expected, got nil)
  1. Send - [C]:-1
   2. unknown - gamemodes/darkrp/gamemode/core/core_sv.lua:230


L 07/14/2020 - 23:11:25: Lua Error: 
[ERROR] gamemodes/darkrp/gamemode/core/core_sv.lua:230: bad argument #1 to 'Send' (Entity expected, got nil)
  1. Send - [C]:-1
   2. unknown - gamemodes/darkrp/gamemode/core/core_sv.lua:230


L 07/14/2020 - 23:11:36: Lua Error: 
[ERROR] gamemodes/darkrp/gamemode/core/core_sv.lua:230: bad argument #1 to 'Send' (Entity expected, got nil)
  1. Send - [C]:-1
   2. unknown - gamemodes/darkrp/gamemode/core/core_sv.lua:230


L 07/14/2020 - 23:11:49: Lua Error: 
[ERROR] gamemodes/darkrp/gamemode/core/core_sv.lua:230: bad argument #1 to 'Send' (Entity expected, got nil)
  1. Send - [C]:-1
   2. unknown - gamemodes/darkrp/gamemode/core/core_sv.lua:230


L 07/14/2020 - 23:11:50: Lua Error: 
[ERROR] gamemodes/darkrp/gamemode/core/core_sv.lua:230: bad argument #1 to 'Send' (Entity expected, got nil)
  1. Send - [C]:-1
   2. unknown - gamemodes/darkrp/gamemode/core/core_sv.lua:230


L 07/14/2020 - 23:12:16: Lua Error: 
[ERROR] gamemodes/darkrp/gamemode/core/core_sv.lua:230: bad argument #1 to 'Send' (Entity expected, got nil)
  1. Send - [C]:-1
   2. unknown - gamemodes/darkrp/gamemode/core/core_sv.lua:230


L 07/14/2020 - 23:12:20: "COMPLΞX<6><STEAM_0:0:105635721><>" disconnected (reason "Server shutting down")
L 07/14/2020 - 23:12:20: server_message: "quit"
L 07/14/2020 - 23:12:20: Log file closed.
