L 07/15/2020 - 17:09:58: Log file started (file "logs\L0715011.log") (game "D:\sup\steamapps\common\GarrysModDS\garrysmod") (version "7891")
L 07/15/2020 - 17:09:58: server_cvar: "sv_airaccelerate" "100"
L 07/15/2020 - 17:09:59: Connection to Steam servers successful.
L 07/15/2020 - 17:09:59:    Public IP is 31.130.42.26.
L 07/15/2020 - 17:09:59: Assigned anonymous gameserver Steam ID [A-1:2003810308(15162)].
L 07/15/2020 - 17:09:59: VAC secure mode is activated.
L 07/15/2020 - 17:10:02: "COMPLΞX<2><STEAM_0:0:105635721><>" connected, address "26.162.207.202:27006"
L 07/15/2020 - 17:10:02: "COMPLΞX<2><STEAM_0:0:105635721><>" STEAM USERID validated
L 07/15/2020 - 17:10:14: "COMPLΞX<2><STEAM_0:0:105635721><>" entered the game
L 07/15/2020 - 17:11:56: "COMPLΞX<2><STEAM_0:0:105635721><>" disconnected (reason "Disconnect by user.")
L 07/15/2020 - 17:11:57: "COMPLΞX<3><STEAM_0:0:105635721><>" connected, address "26.162.207.202:27006"
L 07/15/2020 - 17:11:57: "COMPLΞX<3><STEAM_0:0:105635721><>" STEAM USERID validated
L 07/15/2020 - 17:12:08: "COMPLΞX<3><STEAM_0:0:105635721><>" entered the game
L 07/15/2020 - 17:13:13: "COMPLΞX<3><STEAM_0:0:105635721><>" disconnected (reason "Disconnect by user.")
L 07/15/2020 - 17:13:14: "COMPLΞX<4><STEAM_0:0:105635721><>" connected, address "26.162.207.202:27006"
L 07/15/2020 - 17:13:14: "COMPLΞX<4><STEAM_0:0:105635721><>" STEAM USERID validated
L 07/15/2020 - 17:13:24: "COMPLΞX<4><STEAM_0:0:105635721><>" entered the game
L 07/15/2020 - 17:17:16: "COMPLΞX<4><STEAM_0:0:105635721><>" disconnected (reason "Disconnect by user.")
L 07/15/2020 - 17:17:16: "COMPLΞX<5><STEAM_0:0:105635721><>" connected, address "26.162.207.202:27006"
L 07/15/2020 - 17:17:17: "COMPLΞX<5><STEAM_0:0:105635721><>" STEAM USERID validated
L 07/15/2020 - 17:17:27: "COMPLΞX<5><STEAM_0:0:105635721><>" entered the game
L 07/15/2020 - 17:21:35: "COMPLΞX<5><STEAM_0:0:105635721><>" disconnected (reason "Disconnect by user.")
L 07/15/2020 - 17:21:57: "COMPLΞX<6><STEAM_0:0:105635721><>" connected, address "26.162.207.202:27006"
L 07/15/2020 - 17:21:57: "COMPLΞX<6><STEAM_0:0:105635721><>" STEAM USERID validated
L 07/15/2020 - 17:22:16: "COMPLΞX<6><STEAM_0:0:105635721><>" entered the game
L 07/15/2020 - 17:22:48: "COMPLΞX<6><STEAM_0:0:105635721><>" disconnected (reason "Disconnect by user.")
L 07/15/2020 - 17:31:23: "COMPLΞX<7><STEAM_0:0:105635721><>" connected, address "26.162.207.202:27006"
L 07/15/2020 - 17:31:23: "COMPLΞX<7><STEAM_0:0:105635721><>" STEAM USERID validated
L 07/15/2020 - 17:31:41: "COMPLΞX<7><STEAM_0:0:105635721><>" entered the game
L 07/15/2020 - 17:32:57: "COMPLΞX<7><STEAM_0:0:105635721><>" disconnected (reason "Disconnect by user.")
L 07/15/2020 - 17:36:56: "eLeCtrOssSnake<8><STEAM_0:1:164666257><>" connected, address "212.66.63.39:27006"
L 07/15/2020 - 17:36:57: "eLeCtrOssSnake<8><STEAM_0:1:164666257><>" STEAM USERID validated
L 07/15/2020 - 17:37:51: "eLeCtrOssSnake<8><STEAM_0:1:164666257><>" entered the game
L 07/15/2020 - 17:39:40: "eLeCtrOssSnake<8><STEAM_0:1:164666257><>" disconnected (reason "Disconnect by user.")
L 07/15/2020 - 17:39:42: "eLeCtrOssSnake<9><STEAM_0:1:164666257><>" connected, address "212.66.63.39:27006"
L 07/15/2020 - 17:39:43: "eLeCtrOssSnake<9><STEAM_0:1:164666257><>" STEAM USERID validated
L 07/15/2020 - 17:39:58: "eLeCtrOssSnake<9><STEAM_0:1:164666257><>" entered the game
L 07/15/2020 - 17:42:34: "eLeCtrOssSnake<9><STEAM_0:1:164666257><>" disconnected (reason "Disconnect by user.")
L 07/15/2020 - 17:55:45: "eLeCtrOssSnake<10><STEAM_0:1:164666257><>" connected, address "212.66.63.39:27006"
L 07/15/2020 - 17:55:45: "eLeCtrOssSnake<10><STEAM_0:1:164666257><>" STEAM USERID validated
L 07/15/2020 - 17:55:55: "eLeCtrOssSnake<10><STEAM_0:1:164666257><>" entered the game
L 07/15/2020 - 17:59:43: Lua Error: 
[ERROR] gamemodes/darkrp/entities/weapons/gmod_tool/stools/pad_toll.lua:58: attempt to index field 'fadingdoor' (a nil value)
  1. Holster - gamemodes/darkrp/entities/weapons/gmod_tool/stools/pad_toll.lua:58
   2. unknown - gamemodes/darkrp/entities/weapons/gmod_tool/shared.lua:182


L 07/15/2020 - 17:59:46: Lua Error: 
[ERROR] gamemodes/darkrp/entities/weapons/gmod_tool/stools/pad_toll.lua:58: attempt to index field 'fadingdoor' (a nil value)
  1. Holster - gamemodes/darkrp/entities/weapons/gmod_tool/stools/pad_toll.lua:58
   2. Holster - gamemodes/darkrp/entities/weapons/gmod_tool/shared.lua:291
    3. unknown - gamemodes/darkrp/entities/weapons/gmod_tool/init.lua:62
     4. unknown - lua/includes/modules/concommand.lua:54


L 07/15/2020 - 17:59:46: Lua Error: 
[ERROR] gamemodes/darkrp/entities/weapons/gmod_tool/stools/pad_toll.lua:58: attempt to index field 'fadingdoor' (a nil value)
  1. Holster - gamemodes/darkrp/entities/weapons/gmod_tool/stools/pad_toll.lua:58
   2. unknown - gamemodes/darkrp/entities/weapons/gmod_tool/shared.lua:182


L 07/15/2020 - 17:59:47: Lua Error: 
[ERROR] gamemodes/darkrp/entities/weapons/gmod_tool/stools/pad_button.lua:149: attempt to index field 'fadingdoor' (a nil value)
  1. RightClick - gamemodes/darkrp/entities/weapons/gmod_tool/stools/pad_button.lua:149
   2. unknown - gamemodes/darkrp/entities/weapons/gmod_tool/shared.lua:277


L 07/15/2020 - 17:59:47: Lua Error: 
[ERROR] gamemodes/darkrp/entities/weapons/gmod_tool/stools/pad_button.lua:110: attempt to index field 'fadingdoor' (a nil value)
  1. LeftClick - gamemodes/darkrp/entities/weapons/gmod_tool/stools/pad_button.lua:110
   2. unknown - gamemodes/darkrp/entities/weapons/gmod_tool/shared.lua:250


L 07/15/2020 - 17:59:48: Lua Error: 
[ERROR] gamemodes/darkrp/entities/weapons/gmod_tool/stools/pad_button.lua:110: attempt to index field 'fadingdoor' (a nil value)
  1. LeftClick - gamemodes/darkrp/entities/weapons/gmod_tool/stools/pad_button.lua:110
   2. unknown - gamemodes/darkrp/entities/weapons/gmod_tool/shared.lua:250


L 07/15/2020 - 17:59:48: Lua Error: 
[ERROR] gamemodes/darkrp/entities/weapons/gmod_tool/stools/pad_button.lua:149: attempt to index field 'fadingdoor' (a nil value)
  1. RightClick - gamemodes/darkrp/entities/weapons/gmod_tool/stools/pad_button.lua:149
   2. unknown - gamemodes/darkrp/entities/weapons/gmod_tool/shared.lua:277


L 07/15/2020 - 17:59:49: Lua Error: 
[ERROR] gamemodes/darkrp/entities/weapons/gmod_tool/stools/pad_button.lua:110: attempt to index field 'fadingdoor' (a nil value)
  1. LeftClick - gamemodes/darkrp/entities/weapons/gmod_tool/stools/pad_button.lua:110
   2. unknown - gamemodes/darkrp/entities/weapons/gmod_tool/shared.lua:250


L 07/15/2020 - 17:59:50: Lua Error: 
[ERROR] gamemodes/darkrp/entities/weapons/gmod_tool/stools/pad_button.lua:149: attempt to index field 'fadingdoor' (a nil value)
  1. RightClick - gamemodes/darkrp/entities/weapons/gmod_tool/stools/pad_button.lua:149
   2. unknown - gamemodes/darkrp/entities/weapons/gmod_tool/shared.lua:277


L 07/15/2020 - 17:59:50: Lua Error: 
[ERROR] gamemodes/darkrp/entities/weapons/gmod_tool/stools/pad_button.lua:149: attempt to index field 'fadingdoor' (a nil value)
  1. RightClick - gamemodes/darkrp/entities/weapons/gmod_tool/stools/pad_button.lua:149
   2. unknown - gamemodes/darkrp/entities/weapons/gmod_tool/shared.lua:277


L 07/15/2020 - 17:59:50: Lua Error: 
[ERROR] gamemodes/darkrp/entities/weapons/gmod_tool/stools/pad_button.lua:149: attempt to index field 'fadingdoor' (a nil value)
  1. RightClick - gamemodes/darkrp/entities/weapons/gmod_tool/stools/pad_button.lua:149
   2. unknown - gamemodes/darkrp/entities/weapons/gmod_tool/shared.lua:277


L 07/15/2020 - 17:59:53: Lua Error: 
[ERROR] gamemodes/darkrp/entities/weapons/gmod_tool/stools/pad_button.lua:149: attempt to index field 'fadingdoor' (a nil value)
  1. RightClick - gamemodes/darkrp/entities/weapons/gmod_tool/stools/pad_button.lua:149
   2. unknown - gamemodes/darkrp/entities/weapons/gmod_tool/shared.lua:277


L 07/15/2020 - 17:59:53: Lua Error: 
[ERROR] gamemodes/darkrp/entities/weapons/gmod_tool/stools/pad_button.lua:149: attempt to index field 'fadingdoor' (a nil value)
  1. RightClick - gamemodes/darkrp/entities/weapons/gmod_tool/stools/pad_button.lua:149
   2. unknown - gamemodes/darkrp/entities/weapons/gmod_tool/shared.lua:277


L 07/15/2020 - 17:59:54: Lua Error: 
[ERROR] gamemodes/darkrp/entities/weapons/gmod_tool/stools/pad_button.lua:149: attempt to index field 'fadingdoor' (a nil value)
  1. RightClick - gamemodes/darkrp/entities/weapons/gmod_tool/stools/pad_button.lua:149
   2. unknown - gamemodes/darkrp/entities/weapons/gmod_tool/shared.lua:277


L 07/15/2020 - 17:59:55: Lua Error: 
[ERROR] gamemodes/darkrp/entities/weapons/gmod_tool/stools/pad_button.lua:94: attempt to index field 'fadingdoor' (a nil value)
  1. Holster - gamemodes/darkrp/entities/weapons/gmod_tool/stools/pad_button.lua:94
   2. unknown - gamemodes/darkrp/entities/weapons/gmod_tool/shared.lua:291


L 07/15/2020 - 18:00:15: "eLeCtrOssSnake<10><STEAM_0:1:164666257><>" disconnected (reason "Disconnect by user.")
L 07/15/2020 - 18:18:40: server_message: "quit"
L 07/15/2020 - 18:18:40: Log file closed.
