L 07/12/2020 - 15:09:11: Log file started (file "logs\L0712002.log") (game "D:\sup\steamapps\common\GarrysModDS\garrysmod") (version "7891")
L 07/12/2020 - 15:09:11: server_cvar: "sv_alltalk" "3"
L 07/12/2020 - 15:09:11: server_cvar: "sv_airaccelerate" "100"
L 07/12/2020 - 15:09:12: Connection to Steam servers successful.
L 07/12/2020 - 15:09:12:    Public IP is 31.130.42.26.
L 07/12/2020 - 15:09:12: Assigned anonymous gameserver Steam ID [A-1:802811908(15138)].
L 07/12/2020 - 15:09:13: VAC secure mode is activated.
L 07/12/2020 - 15:10:55: "eLeCtrOssSnake<2><STEAM_0:1:164666257><>" connected, address "212.66.63.39:27006"
L 07/12/2020 - 15:10:55: "eLeCtrOssSnake<2><STEAM_0:1:164666257><>" STEAM USERID validated
L 07/12/2020 - 15:11:06: "eLeCtrOssSnake<2><STEAM_0:1:164666257><>" entered the game
L 07/12/2020 - 15:11:09: "DidVaitel<3><STEAM_0:1:74202541><>" connected, address "26.162.207.202:27006"
L 07/12/2020 - 15:11:09: "DidVaitel<3><STEAM_0:1:74202541><>" STEAM USERID validated
L 07/12/2020 - 15:11:18: "DidVaitel<3><STEAM_0:1:74202541><>" entered the game
L 07/12/2020 - 15:12:14: Lua Error: 
[dash_3] gamemodes/darkrp/gamemode/core/doors/init_sh.lua:8: attempt to index field 'Owner' (a nil value)
  1. func - gamemodes/darkrp/gamemode/core/doors/init_sh.lua:8
   2. WriteFunc - addons/dash_3/lua/dash/libraries/nw.lua:109
    3. _Write - addons/dash_3/lua/dash/libraries/nw.lua:193
     4. _Send - addons/dash_3/lua/dash/libraries/nw.lua:155
      5. SetGlobal - addons/dash_3/lua/dash/libraries/nw.lua:294
       6. CoOwnProperty - gamemodes/darkrp/gamemode/core/doors/init_sv.lua:33
        7. Callback - gamemodes/darkrp/gamemode/core/doors/init_sv.lua:129
         8. func - gamemodes/darkrp/gamemode/util/questions/questions_sv.lua:84
          9. unknown - lua/includes/extensions/net.lua:32


L 07/12/2020 - 15:12:14: Lua Error: 
[dash_3] Warning! A net message (nw_DoorData.5) is already started! Discarding in favor of the new message! (cmd.Run)

  1. Run - addons/dash_3/lua/dash/libraries/cmd.lua:474
   2. Run - addons/dash_3/lua/dash/libraries/cmd.lua:319
    3. unknown - addons/dash_3/lua/dash/libraries/cmd.lua:362
     4. unknown - lua/includes/modules/concommand.lua:54


L 07/12/2020 - 15:13:06: "DidVaitel<3><STEAM_0:1:74202541><>" disconnected (reason "Server shutting down")
L 07/12/2020 - 15:13:06: "eLeCtrOssSnake<2><STEAM_0:1:164666257><>" disconnected (reason "Server shutting down")
L 07/12/2020 - 15:13:06: server_message: "quit"
L 07/12/2020 - 15:13:06: Log file closed.
