L 07/19/2020 - 20:47:29: Log file started (file "logs\L0719003.log") (game "D:\sup\steamapps\common\GarrysModDS\garrysmod") (version "7891")
L 07/19/2020 - 20:47:29: server_cvar: "sv_password" "***PROTECTED***"
L 07/19/2020 - 20:47:29: server_cvar: "sv_airaccelerate" "100"
L 07/19/2020 - 20:47:31: Connection to Steam servers successful.
L 07/19/2020 - 20:47:31:    Public IP is 31.130.42.26.
L 07/19/2020 - 20:47:31: Assigned anonymous gameserver Steam ID [A-1:2748461056(15192)].
L 07/19/2020 - 20:47:31: VAC secure mode is activated.
L 07/19/2020 - 20:49:01: "DidVaitel<2><STEAM_0:1:74202541><>" connected, address "26.162.207.202:27006"
L 07/19/2020 - 20:49:01: "DidVaitel<2><STEAM_0:1:74202541><>" STEAM USERID validated
L 07/19/2020 - 20:49:09: "DidVaitel<2><STEAM_0:1:74202541><>" entered the game
L 07/19/2020 - 20:54:33: Connection to Steam servers lost. (Service unavailable)
L 07/19/2020 - 20:54:41: Connection to Steam servers successful.
L 07/19/2020 - 20:54:41:    Public IP is 31.130.42.26.
L 07/19/2020 - 20:54:41: Assigned anonymous gameserver Steam ID [A-1:2748461056(15192)].
L 07/19/2020 - 20:54:41: VAC secure mode is activated.
L 07/19/2020 - 20:59:30: Lua Error: 
[badmin_2] addons/badmin_2/lua/ba/core/data_sv.lua:117: attempt to index global 'db' (a nil value)
  1. UpdatePlayTime - addons/badmin_2/lua/ba/core/data_sv.lua:117
   2. unknown - addons/badmin_2/lua/ba/core/ranks/groups_sv.lua:22


L 07/19/2020 - 21:25:10: "DidVaitel<2><STEAM_0:1:74202541><>" disconnected (reason "Disconnect by user.")
L 07/19/2020 - 21:25:10: Lua Error: 
[badmin_2] addons/badmin_2/lua/ba/core/data_sv.lua:117: attempt to index global 'db' (a nil value)
  1. UpdatePlayTime - addons/badmin_2/lua/ba/core/data_sv.lua:117
   2. v - addons/badmin_2/lua/ba/core/ranks/groups_sv.lua:17
    3. unknown - addons/dash_3/lua/dash/libraries/hook.lua:36


L 07/19/2020 - 21:25:11: "DidVaitel<3><STEAM_0:1:74202541><>" connected, address "26.162.207.202:27006"
L 07/19/2020 - 21:25:12: "DidVaitel<3><STEAM_0:1:74202541><>" STEAM USERID validated
L 07/19/2020 - 21:25:13: Lua Error: 
[ERROR] gamemodes/darkrp/gamemode/core/smallscripts/spawns_sv.lua:39: Tried to use a NULL entity!
  1. __newindex - [C]:-1
   2. unknown - gamemodes/darkrp/gamemode/core/smallscripts/spawns_sv.lua:39


L 07/19/2020 - 21:25:20: "DidVaitel<3><STEAM_0:1:74202541><>" entered the game
L 07/19/2020 - 21:25:20: Lua Error: 
[badmin_2] addons/badmin_2/lua/ba/core/data_sv.lua:36: attempt to index global 'db' (a nil value)
  1. LoadPlayer - addons/badmin_2/lua/ba/core/data_sv.lua:36
   2. v - addons/badmin_2/lua/ba/core/ranks/groups_sv.lua:12
    3. unknown - addons/dash_3/lua/dash/libraries/hook.lua:36


L 07/19/2020 - 21:32:43: "DidVaitel<3><STEAM_0:1:74202541><>" disconnected (reason "Server shutting down")
L 07/19/2020 - 21:32:44: server_message: "quit"
L 07/19/2020 - 21:32:44: Log file closed.
