L 07/15/2020 - 18:18:50: Log file started (file "logs\L0715012.log") (game "D:\sup\steamapps\common\GarrysModDS\garrysmod") (version "7891")
L 07/15/2020 - 18:18:50: server_cvar: "sv_airaccelerate" "100"
L 07/15/2020 - 18:18:51: Connection to Steam servers successful.
L 07/15/2020 - 18:18:51:    Public IP is 31.130.42.26.
L 07/15/2020 - 18:18:51: Assigned anonymous gameserver Steam ID [A-1:3258447880(15162)].
L 07/15/2020 - 18:18:52: VAC secure mode is activated.
L 07/15/2020 - 18:21:43: "DidVaitel<2><STEAM_0:1:74202541><>" connected, address "26.162.207.202:27006"
L 07/15/2020 - 18:21:44: "DidVaitel<2><STEAM_0:1:74202541><>" STEAM USERID validated
L 07/15/2020 - 18:22:03: "DidVaitel<2><STEAM_0:1:74202541><>" entered the game
L 07/15/2020 - 18:22:25: "DidVaitel<2><STEAM_0:1:74202541><>" disconnected (reason "Disconnect by user.")
L 07/15/2020 - 18:24:10: "DidVaitel<3><STEAM_0:1:74202541><>" connected, address "26.162.207.202:27006"
L 07/15/2020 - 18:24:10: "DidVaitel<3><STEAM_0:1:74202541><>" STEAM USERID validated
L 07/15/2020 - 18:24:27: "DidVaitel<3><STEAM_0:1:74202541><>" entered the game
L 07/15/2020 - 18:25:23: Lua Error: 
[badmin_2] addons/badmin_2/lua/ba/core/data_sv.lua:39: attempt to call method 'query' (a nil value)
  1. CreateKey - addons/badmin_2/lua/ba/core/data_sv.lua:39
   2. detect - addons/badmin_2/lua/dash/extensions/server/badmin.lua:38
    3. func - addons/badmin_2/lua/dash/extensions/server/badmin.lua:72
     4. unknown - lua/includes/extensions/net.lua:32


L 07/15/2020 - 18:25:42: "DidVaitel<3><STEAM_0:1:74202541><>" disconnected (reason "Server shutting down")
L 07/15/2020 - 18:25:42: server_message: "quit"
L 07/15/2020 - 18:25:42: Log file closed.
