L 07/21/2020 - 21:26:45: Log file started (file "logs\L0721001.log") (game "D:\sup\steamapps\common\GarrysModDS\garrysmod") (version "7891")
L 07/21/2020 - 21:26:45: server_cvar: "sv_password" "***PROTECTED***"
L 07/21/2020 - 21:26:45: server_cvar: "sv_airaccelerate" "100"
L 07/21/2020 - 21:26:46: Connection to Steam servers successful.
L 07/21/2020 - 21:26:46:    Public IP is 31.130.42.26.
L 07/21/2020 - 21:26:46: Assigned anonymous gameserver Steam ID [A-1:3553369096(15203)].
L 07/21/2020 - 21:26:46: VAC secure mode is activated.
L 07/21/2020 - 21:26:51: "DidVaitel<2><STEAM_0:1:74202541><>" connected, address "26.162.207.202:27006"
L 07/21/2020 - 21:26:51: "DidVaitel<2><STEAM_0:1:74202541><>" STEAM USERID validated
L 07/21/2020 - 21:26:59: "DidVaitel<2><STEAM_0:1:74202541><>" entered the game
L 07/21/2020 - 21:29:47: "DidVaitel<2><STEAM_0:1:74202541><>" disconnected (reason "Disconnect by user.")
L 07/21/2020 - 21:29:48: "DidVaitel<3><STEAM_0:1:74202541><>" connected, address "26.162.207.202:27006"
L 07/21/2020 - 21:29:48: "DidVaitel<3><STEAM_0:1:74202541><>" STEAM USERID validated
L 07/21/2020 - 21:29:56: "DidVaitel<3><STEAM_0:1:74202541><>" entered the game
L 07/21/2020 - 21:29:56: Lua Error: gamemodes/darkrp/gamemode/core/orgs/orgsql_sv.lua:213: attempt to index global 'v' (a nil value)

L 07/21/2020 - 21:47:57: "DidVaitel<3><STEAM_0:1:74202541><>" disconnected (reason "Disconnect by user.")
L 07/21/2020 - 21:47:57: "DidVaitel<4><STEAM_0:1:74202541><>" connected, address "26.162.207.202:27006"
L 07/21/2020 - 21:47:58: "DidVaitel<4><STEAM_0:1:74202541><>" STEAM USERID validated
L 07/21/2020 - 21:48:05: "DidVaitel<4><STEAM_0:1:74202541><>" entered the game
L 07/21/2020 - 21:48:06: Lua Error: gamemodes/darkrp/gamemode/core/orgs/orgsql_sv.lua:245: attempt to index global 'v' (a nil value)

L 07/21/2020 - 21:52:23: "DidVaitel<4><STEAM_0:1:74202541><>" disconnected (reason "Disconnect by user.")
L 07/21/2020 - 21:52:23: "DidVaitel<5><STEAM_0:1:74202541><>" connected, address "26.162.207.202:27006"
L 07/21/2020 - 21:52:24: "DidVaitel<5><STEAM_0:1:74202541><>" STEAM USERID validated
L 07/21/2020 - 21:52:27: "DidVaitel<5><STEAM_0:1:74202541><>" disconnected (reason "Disconnect by user.")
L 07/21/2020 - 21:52:29: server_message: "quit"
L 07/21/2020 - 21:52:29: Log file closed.
