L 07/24/2020 - 08:36:33: Log file started (file "logs\L0724003.log") (game "D:\sup\steamapps\common\GarrysModDS\garrysmod") (version "7891")
L 07/24/2020 - 08:36:33: server_cvar: "sv_password" "***PROTECTED***"
L 07/24/2020 - 08:36:33: server_cvar: "sv_airaccelerate" "100"
L 07/24/2020 - 08:36:34: Connection to Steam servers successful.
L 07/24/2020 - 08:36:34:    Public IP is 31.130.42.26.
L 07/24/2020 - 08:36:34: Assigned anonymous gameserver Steam ID [A-1:83758084(15219)].
L 07/24/2020 - 08:36:34: VAC secure mode is activated.
L 07/24/2020 - 09:07:10: "COMPLΞX<2><STEAM_0:0:105635721><>" connected, address "26.162.207.202:27005"
L 07/24/2020 - 09:07:10: "COMPLΞX<2><STEAM_0:0:105635721><>" STEAM USERID validated
L 07/24/2020 - 09:07:23: Lua Error: 
[dash_3] gamemodes/darkrp/gamemode/core/cop_stats/data_sv.lua:25: attempt to call method 'IsPolice' (a nil value)
  1. v - gamemodes/darkrp/gamemode/core/cop_stats/data_sv.lua:25
   2. Call - addons/dash_3/lua/dash/libraries/hook.lua:36
    3. unknown - gamemodes/darkrp/gamemode/core/core_sv.lua:380


L 07/24/2020 - 09:07:23: "COMPLΞX<2><STEAM_0:0:105635721><>" entered the game
L 07/24/2020 - 09:07:28: Lua Error: 
[dash_3] gamemodes/darkrp/gamemode/core/cop_stats/data_sv.lua:25: attempt to call method 'IsPolice' (a nil value)
  1. v - gamemodes/darkrp/gamemode/core/cop_stats/data_sv.lua:25
   2. Call - addons/dash_3/lua/dash/libraries/hook.lua:36
    3. func - gamemodes/darkrp/gamemode/core/credits/init_sv.lua:221
     4. unknown - lua/includes/extensions/net.lua:32


L 07/24/2020 - 09:07:40: Lua Error: 
[dash_3] gamemodes/darkrp/gamemode/core/cop_stats/data_sh.lua:61: attempt to compare number with nil
  1. GetGenomeSpecialName - gamemodes/darkrp/gamemode/core/cop_stats/data_sh.lua:61
   2. v - gamemodes/darkrp/gamemode/core/cop_stats/data_sv.lua:26
    3. Call - addons/dash_3/lua/dash/libraries/hook.lua:36
     4. Call - gamemodes/darkrp/gamemode/core/core_sv.lua:40
      5. ChangeTeam - gamemodes/darkrp/gamemode/core/makethings/makethings_sv.lua:123
       6. Run - gamemodes/darkrp/gamemode/core/makethings/makethings_sv.lua:214
        7. Run - addons/dash_3/lua/dash/libraries/cmd.lua:319
         8. func - addons/dash_3/lua/dash/libraries/cmd.lua:501
          9. unknown - lua/includes/extensions/net.lua:32


L 07/24/2020 - 09:08:14: Lua Error: 
[ERROR] gamemodes/darkrp/gamemode/core/cop_stats/data_sh.lua:61: attempt to compare number with nil
  1. GetGenomeSpecialName - gamemodes/darkrp/gamemode/core/cop_stats/data_sh.lua:61
   2. func - gamemodes/darkrp/gamemode/core/cop_stats/data_sv.lua:10
    3. unknown - lua/includes/extensions/net.lua:32


L 07/24/2020 - 09:09:30: Lua Error: 
[dash_3] gamemodes/darkrp/gamemode/core/cop_stats/data_sv.lua:28: attempt to index field 'Genome' (a nil value)
  1. v - gamemodes/darkrp/gamemode/core/cop_stats/data_sv.lua:28
   2. Call - addons/dash_3/lua/dash/libraries/hook.lua:36
    3. Call - gamemodes/darkrp/gamemode/core/core_sv.lua:40
     4. ChangeTeam - gamemodes/darkrp/gamemode/core/makethings/makethings_sv.lua:123
      5. Run - gamemodes/darkrp/gamemode/core/makethings/makethings_sv.lua:214
       6. Run - addons/dash_3/lua/dash/libraries/cmd.lua:319
        7. func - addons/dash_3/lua/dash/libraries/cmd.lua:501
         8. unknown - lua/includes/extensions/net.lua:32


L 07/24/2020 - 09:12:41: Lua Error: 
[ERROR] gamemodes/darkrp/gamemode/core/cop_stats/data_sv.lua:8: attempt to compare boolean with number
  1. func - gamemodes/darkrp/gamemode/core/cop_stats/data_sv.lua:8
   2. unknown - lua/includes/extensions/net.lua:32


L 07/24/2020 - 09:31:54: "Bot01<3><BOT><>" connected, address "none"
L 07/24/2020 - 09:31:54: "Bot01<3><BOT><>" entered the game
L 07/24/2020 - 09:32:02: "Bot02<4><BOT><>" connected, address "none"
L 07/24/2020 - 09:32:02: "Bot02<4><BOT><>" entered the game
L 07/24/2020 - 09:32:10: Lua Error: 
[swb_m9k_css] gamemodes/darkrp/gamemode/core/cop_stats/data_sv.lua:52: attempt to perform arithmetic on field 'a' (a nil value)
  1. v - gamemodes/darkrp/gamemode/core/cop_stats/data_sv.lua:52
   2. unknown - addons/dash_3/lua/dash/libraries/hook.lua:36
    3. FireBullets - [C]:-1
     4. FireBullet - addons/swb_m9k_css/lua/weapons/swb_base/sh_bullets.lua:43
      5. unknown - addons/swb_m9k_css/lua/weapons/swb_base/shared.lua:679


L 07/24/2020 - 09:32:10: Lua Error: 
[swb_m9k_css] gamemodes/darkrp/gamemode/core/cop_stats/data_sv.lua:52: attempt to perform arithmetic on field 'a' (a nil value)
  1. v - gamemodes/darkrp/gamemode/core/cop_stats/data_sv.lua:52
   2. unknown - addons/dash_3/lua/dash/libraries/hook.lua:36
    3. FireBullets - [C]:-1
     4. FireBullet - addons/swb_m9k_css/lua/weapons/swb_base/sh_bullets.lua:43
      5. unknown - addons/swb_m9k_css/lua/weapons/swb_base/shared.lua:679


L 07/24/2020 - 09:32:10: Lua Error: 
[swb_m9k_css] gamemodes/darkrp/gamemode/core/cop_stats/data_sv.lua:52: attempt to perform arithmetic on field 'a' (a nil value)
  1. v - gamemodes/darkrp/gamemode/core/cop_stats/data_sv.lua:52
   2. unknown - addons/dash_3/lua/dash/libraries/hook.lua:36
    3. FireBullets - [C]:-1
     4. FireBullet - addons/swb_m9k_css/lua/weapons/swb_base/sh_bullets.lua:43
      5. unknown - addons/swb_m9k_css/lua/weapons/swb_base/shared.lua:679


L 07/24/2020 - 09:32:42: Lua Error: 
[swb_m9k_css] gamemodes/darkrp/gamemode/core/cop_stats/data_sv.lua:52: attempt to index field 'Genome' (a nil value)
  1. v - gamemodes/darkrp/gamemode/core/cop_stats/data_sv.lua:52
   2. unknown - addons/dash_3/lua/dash/libraries/hook.lua:36
    3. FireBullets - [C]:-1
     4. FireBullet - addons/swb_m9k_css/lua/weapons/swb_base/sh_bullets.lua:43
      5. unknown - addons/swb_m9k_css/lua/weapons/swb_base/shared.lua:679


L 07/24/2020 - 09:38:21: Lua Error: 
[dash_3] addons/dash_3/lua/dash/extensions/util.lua:118: attempt to index local 'pos' (a nil value)
  1. FindEmptyPos - addons/dash_3/lua/dash/extensions/util.lua:118
   2. unknown - gamemodes/darkrp/gamemode/core/core_sv.lua:355
    3. Spawn - [C]:-1
     4. unknown - gamemodes/darkrp/gamemode/core/core_sv.lua:264


L 07/24/2020 - 09:38:21: Lua Error: 
[dash_3] addons/dash_3/lua/dash/extensions/util.lua:118: attempt to index local 'pos' (a nil value)
  1. FindEmptyPos - addons/dash_3/lua/dash/extensions/util.lua:118
   2. PlayerSelectSpawn - gamemodes/darkrp/gamemode/core/core_sv.lua:355
    3. unknown - gamemodes/darkrp/gamemode/core/core_sv.lua:382
     4. Spawn - [C]:-1
      5. unknown - gamemodes/darkrp/gamemode/core/core_sv.lua:264


L 07/24/2020 - 09:52:01: "Bot02<4><BOT><>" disconnected (reason "Server shutting down")
L 07/24/2020 - 09:52:01: "Bot01<3><BOT><>" disconnected (reason "Server shutting down")
L 07/24/2020 - 09:52:01: "COMPLΞX<2><STEAM_0:0:105635721><>" disconnected (reason "Server shutting down")
L 07/24/2020 - 09:52:01: server_message: "quit"
L 07/24/2020 - 09:52:01: Log file closed.
