L 07/27/2020 - 03:03:42: Log file started (file "logs\L0727001.log") (game "D:\sup\steamapps\common\GarrysModDS\garrysmod") (version "7891")
L 07/27/2020 - 03:03:42: server_cvar: "sv_password" "***PROTECTED***"
L 07/27/2020 - 03:03:42: server_cvar: "sv_airaccelerate" "100"
L 07/27/2020 - 03:03:43: Connection to Steam servers successful.
L 07/27/2020 - 03:03:43:    Public IP is 31.130.42.26.
L 07/27/2020 - 03:03:43: Assigned anonymous gameserver Steam ID [A-1:1782447112(15238)].
L 07/27/2020 - 03:03:44: VAC secure mode is activated.
L 07/27/2020 - 03:03:58: "COMPLΞX<2><STEAM_0:0:105635721><>" connected, address "26.162.207.202:27005"
L 07/27/2020 - 03:03:58: "COMPLΞX<2><STEAM_0:0:105635721><>" STEAM USERID validated
L 07/27/2020 - 03:04:19: "COMPLΞX<2><STEAM_0:0:105635721><>" entered the game
L 07/27/2020 - 03:04:36: Lua Error: 
[dash_3] gamemodes/darkrp/entities/weapons/pocket/init.lua:63: attempt to call field 'Insert' (a nil value)
  1. SendInv - gamemodes/darkrp/entities/weapons/pocket/init.lua:63
   2. unknown - gamemodes/darkrp/gamemode/core/player/data/data_sv.lua:90
    3. func - addons/dash_3/lua/dash/libraries/nw.lua:255
     4. unknown - lua/includes/extensions/net.lua:32


L 07/27/2020 - 03:04:36: Lua Error: 
[dash_3] Warning! A net message (Pocket.Load) is already started! Discarding in favor of the new message! (cvar.RequestEncryptionKey)

  1. func - addons/dash_3/lua/dash/libraries/cvar.lua:21
   2. unknown - lua/includes/extensions/net.lua:32


L 07/27/2020 - 03:07:17: "Bot01<3><BOT><>" connected, address "none"
L 07/27/2020 - 03:07:17: "Bot01<3><BOT><>" entered the game
L 07/27/2020 - 03:07:24: Lua Error: 
[dash_3] gamemodes/darkrp/entities/weapons/pocket/init.lua:73: bad argument #1 to 'WriteString' (string expected, got nil)
  1. WriteString - [C]:-1
   2. SendInv - gamemodes/darkrp/entities/weapons/pocket/init.lua:73
    3. Run - addons/badmin_2/lua/ba/modules/darkrp/commands_sh.lua:456
     4. Run - addons/dash_3/lua/dash/libraries/cmd.lua:319
      5. unknown - addons/dash_3/lua/dash/libraries/cmd.lua:362
       6. unknown - lua/includes/modules/concommand.lua:54


L 07/27/2020 - 03:07:28: Lua Error: 
[badmin_2] Warning! A net message (Pocket.Load) is already started! Discarding in favor of the new message! (_AntiCrash)

  1. unknown - addons/badmin_2/lua/ba/plugins/anticrash.lua:5


L 07/27/2020 - 03:09:53: "COMPLΞX<2><STEAM_0:0:105635721><>" disconnected (reason "Disconnect by user.")
L 07/27/2020 - 03:09:53: "Bot01<3><BOT><>" disconnected (reason "Punting bot, server is hibernating")
L 07/27/2020 - 03:09:53: "COMPLΞX<4><STEAM_0:0:105635721><>" connected, address "26.162.207.202:27005"
L 07/27/2020 - 03:09:54: "COMPLΞX<4><STEAM_0:0:105635721><>" STEAM USERID validated
L 07/27/2020 - 03:10:03: "COMPLΞX<4><STEAM_0:0:105635721><>" entered the game
L 07/27/2020 - 03:15:25: "Bot02<5><BOT><>" connected, address "none"
L 07/27/2020 - 03:15:25: "Bot02<5><BOT><>" entered the game
L 07/27/2020 - 03:30:11: Lua Error: 
[ERROR] gamemodes/darkrp/entities/weapons/pocket/init.lua:229: attempt to call method 'GetInv' (a nil value)
  1. func - gamemodes/darkrp/entities/weapons/pocket/init.lua:229
   2. unknown - lua/includes/extensions/net.lua:32


L 07/27/2020 - 03:43:16: Lua Error: 
[ERROR] gamemodes/darkrp/entities/weapons/pocket/init.lua:228: attempt to call method 'GetInv' (a nil value)
  1. func - gamemodes/darkrp/entities/weapons/pocket/init.lua:228
   2. unknown - lua/includes/extensions/net.lua:32


L 07/27/2020 - 03:43:23: Lua Error: 
[ERROR] gamemodes/darkrp/entities/weapons/pocket/init.lua:228: attempt to call method 'GetInv' (a nil value)
  1. func - gamemodes/darkrp/entities/weapons/pocket/init.lua:228
   2. unknown - lua/includes/extensions/net.lua:32


L 07/27/2020 - 03:43:24: Lua Error: 
[ERROR] gamemodes/darkrp/entities/weapons/pocket/init.lua:228: attempt to call method 'GetInv' (a nil value)
  1. func - gamemodes/darkrp/entities/weapons/pocket/init.lua:228
   2. unknown - lua/includes/extensions/net.lua:32


L 07/27/2020 - 04:07:44: "Bot03<6><BOT><>" connected, address "none"
L 07/27/2020 - 04:07:44: "Bot03<6><BOT><>" entered the game
L 07/27/2020 - 04:08:21: "Bot04<7><BOT><>" connected, address "none"
L 07/27/2020 - 04:08:21: "Bot04<7><BOT><>" entered the game
L 07/27/2020 - 04:10:06: "Bot04<7><BOT><>" disconnected (reason "Server shutting down")
L 07/27/2020 - 04:10:06: "Bot03<6><BOT><>" disconnected (reason "Server shutting down")
L 07/27/2020 - 04:10:06: "Bot02<5><BOT><>" disconnected (reason "Server shutting down")
L 07/27/2020 - 04:10:06: "COMPLΞX<4><STEAM_0:0:105635721><>" disconnected (reason "Server shutting down")
L 07/27/2020 - 04:10:06: server_message: "quit"
L 07/27/2020 - 04:10:06: Log file closed.
