L 07/22/2020 - 04:44:25: Log file started (file "logs\L0722003.log") (game "D:\sup\steamapps\common\GarrysModDS\garrysmod") (version "7891")
L 07/22/2020 - 04:44:25: server_cvar: "sv_password" "***PROTECTED***"
L 07/22/2020 - 04:44:25: server_cvar: "sv_airaccelerate" "100"
L 07/22/2020 - 04:44:26: Connection to Steam servers successful.
L 07/22/2020 - 04:44:26:    Public IP is 31.130.42.26.
L 07/22/2020 - 04:44:26: Assigned anonymous gameserver Steam ID [A-1:4182432772(15205)].
L 07/22/2020 - 04:44:27: VAC secure mode is activated.
L 07/22/2020 - 04:44:28: "DidVaitel<2><STEAM_0:1:74202541><>" connected, address "26.162.207.202:27006"
L 07/22/2020 - 04:44:29: "DidVaitel<2><STEAM_0:1:74202541><>" STEAM USERID validated
L 07/22/2020 - 04:44:37: "DidVaitel<2><STEAM_0:1:74202541><>" entered the game
L 07/22/2020 - 04:45:17: "Bot01<3><BOT><>" connected, address "none"
L 07/22/2020 - 04:45:17: "Bot01<3><BOT><>" entered the game
L 07/22/2020 - 04:45:17: "Bot02<4><BOT><>" connected, address "none"
L 07/22/2020 - 04:45:17: "Bot02<4><BOT><>" entered the game
L 07/22/2020 - 04:56:26: "Bot03<5><BOT><>" connected, address "none"
L 07/22/2020 - 04:56:26: "Bot03<5><BOT><>" entered the game
L 07/22/2020 - 05:05:04: "Bot04<6><BOT><>" connected, address "none"
L 07/22/2020 - 05:05:04: "Bot04<6><BOT><>" entered the game
L 07/22/2020 - 05:09:46: "Bot05<7><BOT><>" connected, address "none"
L 07/22/2020 - 05:09:46: "Bot05<7><BOT><>" entered the game
L 07/22/2020 - 05:17:34: "Bot06<8><BOT><>" connected, address "none"
L 07/22/2020 - 05:17:34: "Bot06<8><BOT><>" entered the game
L 07/22/2020 - 05:42:18: Lua Error: 
[badmin_2] addons/badmin_2/lua/ba/core/logging/logs_sv.lua:59: attempt to call global 'concatargs' (a nil value)
  1. PlayerLog - addons/badmin_2/lua/ba/core/logging/logs_sv.lua:59
   2. callback - addons/badmin_2/lua/ba/modules/darkrp/loghooks_sh.lua:818
    3. v - addons/badmin_2/lua/ba/core/logging/logs_sh.lua:127
     4. unknown - addons/dash_3/lua/dash/libraries/hook.lua:36
      5. Give - [C]:-1
       6. Call - gamemodes/darkrp/gamemode/core/core_sv.lua:415
        7. unknown - gamemodes/darkrp/gamemode/core/core_sv.lua:370
         8. Spawn - [C]:-1
          9. unknown - gamemodes/darkrp/gamemode/core/core_sv.lua:254


L 07/22/2020 - 05:42:18: Lua Error: 
[badmin_2] addons/badmin_2/lua/ba/core/logging/logs_sv.lua:59: attempt to call global 'concatargs' (a nil value)
  1. PlayerLog - addons/badmin_2/lua/ba/core/logging/logs_sv.lua:59
   2. callback - addons/badmin_2/lua/ba/modules/darkrp/loghooks_sh.lua:818
    3. v - addons/badmin_2/lua/ba/core/logging/logs_sh.lua:127
     4. unknown - addons/dash_3/lua/dash/libraries/hook.lua:36
      5. SelectWeapon - [C]:-1
       6. Call - gamemodes/darkrp/gamemode/core/core_sv.lua:422
        7. unknown - gamemodes/darkrp/gamemode/core/core_sv.lua:370
         8. Spawn - [C]:-1
          9. unknown - gamemodes/darkrp/gamemode/core/core_sv.lua:254


L 07/22/2020 - 05:42:21: Lua Error: 
[badmin_2] addons/badmin_2/lua/ba/core/logging/logs_sv.lua:59: attempt to call global 'concatargs' (a nil value)
  1. PlayerLog - addons/badmin_2/lua/ba/core/logging/logs_sv.lua:59
   2. callback - addons/badmin_2/lua/ba/modules/darkrp/loghooks_sh.lua:818
    3. v - addons/badmin_2/lua/ba/core/logging/logs_sh.lua:127
     4. unknown - addons/dash_3/lua/dash/libraries/hook.lua:36


L 07/22/2020 - 05:42:22: Lua Error: 
[badmin_2] addons/badmin_2/lua/ba/core/logging/logs_sv.lua:59: attempt to call global 'concatargs' (a nil value)
  1. PlayerLog - addons/badmin_2/lua/ba/core/logging/logs_sv.lua:59
   2. callback - addons/badmin_2/lua/ba/modules/darkrp/loghooks_sh.lua:818
    3. v - addons/badmin_2/lua/ba/core/logging/logs_sh.lua:127
     4. unknown - addons/dash_3/lua/dash/libraries/hook.lua:36


L 07/22/2020 - 05:42:24: Lua Error: 
[badmin_2] addons/badmin_2/lua/ba/core/logging/logs_sv.lua:59: attempt to call global 'concatargs' (a nil value)
  1. PlayerLog - addons/badmin_2/lua/ba/core/logging/logs_sv.lua:59
   2. callback - addons/badmin_2/lua/ba/core/logging/logs_sh.lua:226
    3. v - addons/badmin_2/lua/ba/core/logging/logs_sh.lua:127
     4. Call - addons/dash_3/lua/dash/libraries/hook.lua:36
      5. Run - addons/dash_3/lua/dash/libraries/cmd.lua:319
       6. unknown - addons/dash_3/lua/dash/libraries/cmd.lua:362
        7. unknown - lua/includes/modules/concommand.lua:54


L 07/22/2020 - 05:42:57: Lua Error: 
[badmin_2] addons/badmin_2/lua/ba/core/logging/logs_sv.lua:59: attempt to call global 'concatargs' (a nil value)
  1. PlayerLog - addons/badmin_2/lua/ba/core/logging/logs_sv.lua:59
   2. callback - addons/badmin_2/lua/ba/core/logging/logs_sh.lua:226
    3. v - addons/badmin_2/lua/ba/core/logging/logs_sh.lua:127
     4. Call - addons/dash_3/lua/dash/libraries/hook.lua:36
      5. Run - addons/dash_3/lua/dash/libraries/cmd.lua:319
       6. unknown - addons/dash_3/lua/dash/libraries/cmd.lua:362
        7. unknown - lua/includes/modules/concommand.lua:54


L 07/22/2020 - 05:42:57: "Bot07<9><BOT><>" connected, address "none"
L 07/22/2020 - 05:42:57: Lua Error: 
[badmin_2] addons/badmin_2/lua/ba/core/logging/logs_sv.lua:59: attempt to call global 'concatargs' (a nil value)
  1. PlayerLog - addons/badmin_2/lua/ba/core/logging/logs_sv.lua:59
   2. callback - addons/badmin_2/lua/ba/core/logging/logs_sh.lua:190
    3. v - addons/badmin_2/lua/ba/core/logging/logs_sh.lua:127
     4. unknown - addons/dash_3/lua/dash/libraries/hook.lua:36


L 07/22/2020 - 05:42:57: Lua Error: 
[ERROR] gamemodes/darkrp/gamemode/core/player/teams/teams_sh.lua:12: attempt to index a nil value
  1. GetModel - gamemodes/darkrp/gamemode/core/player/teams/teams_sh.lua:12
   2. Call - gamemodes/darkrp/gamemode/core/core_sv.lua:298
    3. unknown - gamemodes/darkrp/gamemode/core/core_sv.lua:369


L 07/22/2020 - 05:42:57: "Bot07<9><BOT><>" entered the game
L 07/22/2020 - 05:42:58: Lua Error: 
[badmin_2] addons/badmin_2/lua/ba/core/logging/logs_sv.lua:59: attempt to call global 'concatargs' (a nil value)
  1. PlayerLog - addons/badmin_2/lua/ba/core/logging/logs_sv.lua:59
   2. callback - addons/badmin_2/lua/ba/modules/darkrp/loghooks_sh.lua:818
    3. v - addons/badmin_2/lua/ba/core/logging/logs_sh.lua:127
     4. unknown - addons/dash_3/lua/dash/libraries/hook.lua:36
      5. SelectWeapon - [C]:-1
       6. unknown - gamemodes/darkrp/gamemode/core/sandbox/commands_sv.lua:668
        7. unknown - lua/includes/modules/concommand.lua:54


L 07/22/2020 - 05:43:01: Lua Error: 
[badmin_2] addons/badmin_2/lua/ba/core/logging/logs_sv.lua:59: attempt to call global 'concatargs' (a nil value)
  1. PlayerLog - addons/badmin_2/lua/ba/core/logging/logs_sv.lua:59
   2. callback - addons/badmin_2/lua/ba/core/logging/logs_sh.lua:226
    3. v - addons/badmin_2/lua/ba/core/logging/logs_sh.lua:127
     4. Call - addons/dash_3/lua/dash/libraries/hook.lua:36
      5. Run - addons/dash_3/lua/dash/libraries/cmd.lua:319
       6. unknown - addons/dash_3/lua/dash/libraries/cmd.lua:362
        7. unknown - lua/includes/modules/concommand.lua:54


L 07/22/2020 - 05:43:03: Lua Error: 
[badmin_2] addons/badmin_2/lua/ba/core/logging/logs_sv.lua:59: attempt to call global 'concatargs' (a nil value)
  1. PlayerLog - addons/badmin_2/lua/ba/core/logging/logs_sv.lua:59
   2. callback - addons/badmin_2/lua/ba/core/logging/logs_sh.lua:226
    3. v - addons/badmin_2/lua/ba/core/logging/logs_sh.lua:127
     4. Call - addons/dash_3/lua/dash/libraries/hook.lua:36
      5. Run - addons/dash_3/lua/dash/libraries/cmd.lua:319
       6. unknown - addons/dash_3/lua/dash/libraries/cmd.lua:362
        7. unknown - lua/includes/modules/concommand.lua:54


L 07/22/2020 - 05:43:05: Lua Error: 
[badmin_2] addons/badmin_2/lua/ba/core/logging/logs_sv.lua:59: attempt to call global 'concatargs' (a nil value)
  1. PlayerLog - addons/badmin_2/lua/ba/core/logging/logs_sv.lua:59
   2. callback - addons/badmin_2/lua/ba/core/logging/logs_sh.lua:226
    3. v - addons/badmin_2/lua/ba/core/logging/logs_sh.lua:127
     4. Call - addons/dash_3/lua/dash/libraries/hook.lua:36
      5. Run - addons/dash_3/lua/dash/libraries/cmd.lua:319
       6. unknown - addons/dash_3/lua/dash/libraries/cmd.lua:362
        7. unknown - lua/includes/modules/concommand.lua:54


L 07/22/2020 - 05:43:05: "Bot08<10><BOT><>" connected, address "none"
L 07/22/2020 - 05:43:05: Lua Error: 
[badmin_2] addons/badmin_2/lua/ba/core/logging/logs_sv.lua:59: attempt to call global 'concatargs' (a nil value)
  1. PlayerLog - addons/badmin_2/lua/ba/core/logging/logs_sv.lua:59
   2. callback - addons/badmin_2/lua/ba/core/logging/logs_sh.lua:190
    3. v - addons/badmin_2/lua/ba/core/logging/logs_sh.lua:127
     4. unknown - addons/dash_3/lua/dash/libraries/hook.lua:36


L 07/22/2020 - 05:43:05: Lua Error: 
[ERROR] gamemodes/darkrp/gamemode/core/player/teams/teams_sh.lua:12: attempt to index a nil value
  1. GetModel - gamemodes/darkrp/gamemode/core/player/teams/teams_sh.lua:12
   2. Call - gamemodes/darkrp/gamemode/core/core_sv.lua:298
    3. unknown - gamemodes/darkrp/gamemode/core/core_sv.lua:369


L 07/22/2020 - 05:43:05: "Bot08<10><BOT><>" entered the game
L 07/22/2020 - 05:43:08: Lua Error: 
[badmin_2] addons/badmin_2/lua/ba/core/logging/logs_sv.lua:59: attempt to call global 'concatargs' (a nil value)
  1. PlayerLog - addons/badmin_2/lua/ba/core/logging/logs_sv.lua:59
   2. callback - addons/badmin_2/lua/ba/core/logging/logs_sh.lua:226
    3. v - addons/badmin_2/lua/ba/core/logging/logs_sh.lua:127
     4. Call - addons/dash_3/lua/dash/libraries/hook.lua:36
      5. Run - addons/dash_3/lua/dash/libraries/cmd.lua:319
       6. unknown - addons/dash_3/lua/dash/libraries/cmd.lua:362
        7. unknown - lua/includes/modules/concommand.lua:54


L 07/22/2020 - 05:43:08: "Bot09<11><BOT><>" connected, address "none"
L 07/22/2020 - 05:43:08: Lua Error: 
[badmin_2] addons/badmin_2/lua/ba/core/logging/logs_sv.lua:59: attempt to call global 'concatargs' (a nil value)
  1. PlayerLog - addons/badmin_2/lua/ba/core/logging/logs_sv.lua:59
   2. callback - addons/badmin_2/lua/ba/core/logging/logs_sh.lua:190
    3. v - addons/badmin_2/lua/ba/core/logging/logs_sh.lua:127
     4. unknown - addons/dash_3/lua/dash/libraries/hook.lua:36


L 07/22/2020 - 05:43:08: Lua Error: 
[ERROR] gamemodes/darkrp/gamemode/core/player/teams/teams_sh.lua:12: attempt to index a nil value
  1. GetModel - gamemodes/darkrp/gamemode/core/player/teams/teams_sh.lua:12
   2. Call - gamemodes/darkrp/gamemode/core/core_sv.lua:298
    3. unknown - gamemodes/darkrp/gamemode/core/core_sv.lua:369


L 07/22/2020 - 05:43:08: "Bot09<11><BOT><>" entered the game
L 07/22/2020 - 05:43:19: Lua Error: 
[badmin_2] addons/badmin_2/lua/ba/core/logging/logs_sv.lua:59: attempt to call global 'concatargs' (a nil value)
  1. PlayerLog - addons/badmin_2/lua/ba/core/logging/logs_sv.lua:59
   2. callback - addons/badmin_2/lua/ba/core/logging/logs_sh.lua:226
    3. v - addons/badmin_2/lua/ba/core/logging/logs_sh.lua:127
     4. Call - addons/dash_3/lua/dash/libraries/hook.lua:36
      5. Run - addons/dash_3/lua/dash/libraries/cmd.lua:319
       6. unknown - addons/dash_3/lua/dash/libraries/cmd.lua:362
        7. unknown - lua/includes/modules/concommand.lua:54


L 07/22/2020 - 05:43:21: Lua Error: 
[badmin_2] addons/badmin_2/lua/ba/core/logging/logs_sv.lua:59: attempt to call global 'concatargs' (a nil value)
  1. PlayerLog - addons/badmin_2/lua/ba/core/logging/logs_sv.lua:59
   2. callback - addons/badmin_2/lua/ba/modules/darkrp/loghooks_sh.lua:31
    3. v - addons/badmin_2/lua/ba/core/logging/logs_sh.lua:127
     4. unknown - addons/dash_3/lua/dash/libraries/hook.lua:36


L 07/22/2020 - 05:43:21: Lua Error: 
[badmin_2] addons/badmin_2/lua/ba/core/logging/logs_sv.lua:59: attempt to call global 'concatargs' (a nil value)
  1. PlayerLog - addons/badmin_2/lua/ba/core/logging/logs_sv.lua:59
   2. callback - addons/badmin_2/lua/ba/modules/darkrp/loghooks_sh.lua:818
    3. v - addons/badmin_2/lua/ba/core/logging/logs_sh.lua:127
     4. unknown - addons/dash_3/lua/dash/libraries/hook.lua:36


L 07/22/2020 - 05:43:25: Lua Error: 
[badmin_2] addons/badmin_2/lua/ba/core/logging/logs_sv.lua:59: attempt to call global 'concatargs' (a nil value)
  1. PlayerLog - addons/badmin_2/lua/ba/core/logging/logs_sv.lua:59
   2. callback - addons/badmin_2/lua/ba/core/logging/logs_sh.lua:226
    3. v - addons/badmin_2/lua/ba/core/logging/logs_sh.lua:127
     4. Call - addons/dash_3/lua/dash/libraries/hook.lua:36
      5. Run - addons/dash_3/lua/dash/libraries/cmd.lua:319
       6. unknown - addons/dash_3/lua/dash/libraries/cmd.lua:362
        7. unknown - lua/includes/modules/concommand.lua:54


L 07/22/2020 - 05:44:06: Lua Error: 
[badmin_2] addons/badmin_2/lua/ba/core/logging/logs_sv.lua:59: attempt to call global 'concatargs' (a nil value)
  1. PlayerLog - addons/badmin_2/lua/ba/core/logging/logs_sv.lua:59
   2. callback - addons/badmin_2/lua/ba/modules/darkrp/loghooks_sh.lua:818
    3. v - addons/badmin_2/lua/ba/core/logging/logs_sh.lua:127
     4. unknown - addons/dash_3/lua/dash/libraries/hook.lua:36
      5. Give - [C]:-1
       6. Call - gamemodes/darkrp/gamemode/core/core_sv.lua:415
        7. unknown - gamemodes/darkrp/gamemode/core/core_sv.lua:370
         8. Spawn - [C]:-1
          9. unknown - gamemodes/darkrp/gamemode/core/core_sv.lua:254


L 07/22/2020 - 05:44:06: Lua Error: 
[badmin_2] addons/badmin_2/lua/ba/core/logging/logs_sv.lua:59: attempt to call global 'concatargs' (a nil value)
  1. PlayerLog - addons/badmin_2/lua/ba/core/logging/logs_sv.lua:59
   2. callback - addons/badmin_2/lua/ba/modules/darkrp/loghooks_sh.lua:818
    3. v - addons/badmin_2/lua/ba/core/logging/logs_sh.lua:127
     4. unknown - addons/dash_3/lua/dash/libraries/hook.lua:36
      5. SelectWeapon - [C]:-1
       6. Call - gamemodes/darkrp/gamemode/core/core_sv.lua:422
        7. unknown - gamemodes/darkrp/gamemode/core/core_sv.lua:370
         8. Spawn - [C]:-1
          9. unknown - gamemodes/darkrp/gamemode/core/core_sv.lua:254


L 07/22/2020 - 06:07:37: "Bot09<11><BOT><>" disconnected (reason "Server shutting down")
L 07/22/2020 - 06:07:37: "Bot08<10><BOT><>" disconnected (reason "Server shutting down")
L 07/22/2020 - 06:07:37: "Bot07<9><BOT><>" disconnected (reason "Server shutting down")
L 07/22/2020 - 06:07:37: "Bot06<8><BOT><>" disconnected (reason "Server shutting down")
L 07/22/2020 - 06:07:37: "Bot05<7><BOT><>" disconnected (reason "Server shutting down")
L 07/22/2020 - 06:07:37: "Bot04<6><BOT><>" disconnected (reason "Server shutting down")
L 07/22/2020 - 06:07:37: "Bot03<5><BOT><>" disconnected (reason "Server shutting down")
L 07/22/2020 - 06:07:37: "Bot02<4><BOT><>" disconnected (reason "Server shutting down")
L 07/22/2020 - 06:07:37: "Bot01<3><BOT><>" disconnected (reason "Server shutting down")
L 07/22/2020 - 06:07:37: "DidVaitel<2><STEAM_0:1:74202541><>" disconnected (reason "Server shutting down")
L 07/22/2020 - 06:07:37: server_message: "quit"
L 07/22/2020 - 06:07:37: Log file closed.
