L 07/22/2020 - 23:18:35: Log file started (file "logs\L0722008.log") (game "D:\sup\steamapps\common\GarrysModDS\garrysmod") (version "7891")
L 07/22/2020 - 23:18:35: server_cvar: "sv_password" "***PROTECTED***"
L 07/22/2020 - 23:18:35: server_cvar: "sv_airaccelerate" "100"
L 07/22/2020 - 23:18:36: Connection to Steam servers successful.
L 07/22/2020 - 23:18:36:    Public IP is 31.130.42.26.
L 07/22/2020 - 23:18:36: Assigned anonymous gameserver Steam ID [A-1:3385047040(15210)].
L 07/22/2020 - 23:18:37: VAC secure mode is activated.
L 07/22/2020 - 23:18:44: "COMPLΞX<2><STEAM_0:0:105635721><>" connected, address "26.162.207.202:27006"
L 07/22/2020 - 23:18:44: "COMPLΞX<2><STEAM_0:0:105635721><>" STEAM USERID validated
L 07/22/2020 - 23:18:55: "COMPLΞX<2><STEAM_0:0:105635721><>" entered the game
L 07/22/2020 - 23:40:28: "COMPLΞX<2><STEAM_0:0:105635721><>" disconnected (reason "Disconnect by user.")
L 07/22/2020 - 23:40:29: "COMPLΞX<3><STEAM_0:0:105635721><>" connected, address "26.162.207.202:27006"
L 07/22/2020 - 23:40:29: "COMPLΞX<3><STEAM_0:0:105635721><>" STEAM USERID validated
L 07/22/2020 - 23:40:39: "COMPLΞX<3><STEAM_0:0:105635721><>" entered the game
L 07/22/2020 - 23:42:03: "Bot01<4><BOT><>" connected, address "none"
L 07/22/2020 - 23:42:03: "Bot01<4><BOT><>" entered the game
L 07/22/2020 - 23:43:54: "Bot02<5><BOT><>" connected, address "none"
L 07/22/2020 - 23:43:54: "Bot02<5><BOT><>" entered the game
L 07/22/2020 - 23:53:13: "Bot03<6><BOT><>" connected, address "none"
L 07/22/2020 - 23:53:13: "Bot03<6><BOT><>" entered the game
L 07/23/2020 - 00:02:37: "eLeCtrOssSnake<7><STEAM_0:1:164666257><>" connected, address "212.66.63.1:27005"
L 07/23/2020 - 00:02:38: "eLeCtrOssSnake<7><STEAM_0:1:164666257><>" STEAM USERID validated
L 07/23/2020 - 00:04:01: "eLeCtrOssSnake<7><STEAM_0:1:164666257><>" entered the game
L 07/23/2020 - 00:26:03: Lua Error: gamemodes/darkrp/gamemode/core/orgs/init_sv.lua:430: attempt to compare number with nil

L 07/23/2020 - 00:26:30: Lua Error: gamemodes/darkrp/gamemode/core/orgs/init_sv.lua:430: attempt to compare number with nil

L 07/23/2020 - 00:27:04: Lua Error: gamemodes/darkrp/gamemode/core/orgs/init_sv.lua:430: attempt to compare number with nil

L 07/23/2020 - 00:27:30: Lua Error: gamemodes/darkrp/gamemode/core/orgs/init_sv.lua:430: attempt to compare number with nil

L 07/23/2020 - 00:31:32: Lua Error: 
[ERROR] gamemodes/darkrp/gamemode/core/orgs/init_sv.lua:465: '}' expected (to close '{' at line 463) near 'Dark'
  1. include_dir - gamemodes/darkrp/gamemode/sh_init.lua:47
   2. Init - gamemodes/darkrp/gamemode/sh_init.lua:91
    3. unknown - gamemodes/darkrp/gamemode/sh_init.lua:123
     4. include - [C]:-1
      5. unknown - gamemodes/darkrp/gamemode/init.lua:3


L 07/23/2020 - 00:31:33: Lua Error: 
[ERROR] gamemodes/darkrp/gamemode/core/orgs/init_sv.lua:465: '}' expected (to close '{' at line 463) near 'Dark'
  1. include_dir - gamemodes/darkrp/gamemode/sh_init.lua:47
   2. Init - gamemodes/darkrp/gamemode/sh_init.lua:91
    3. unknown - gamemodes/darkrp/gamemode/sh_init.lua:123
     4. include - [C]:-1
      5. unknown - gamemodes/darkrp/gamemode/init.lua:3


L 07/23/2020 - 00:32:05: Lua Error: 
[ERROR] gamemodes/darkrp/gamemode/core/orgs/init_sv.lua:476: '}' expected (to close '{' at line 474) near 'Dark'
  1. include_dir - gamemodes/darkrp/gamemode/sh_init.lua:47
   2. Init - gamemodes/darkrp/gamemode/sh_init.lua:91
    3. unknown - gamemodes/darkrp/gamemode/sh_init.lua:123
     4. include - [C]:-1
      5. unknown - gamemodes/darkrp/gamemode/init.lua:3


L 07/23/2020 - 00:32:06: Lua Error: 
[ERROR] gamemodes/darkrp/gamemode/core/orgs/init_sv.lua:476: '}' expected (to close '{' at line 474) near 'Dark'
  1. include_dir - gamemodes/darkrp/gamemode/sh_init.lua:47
   2. Init - gamemodes/darkrp/gamemode/sh_init.lua:91
    3. unknown - gamemodes/darkrp/gamemode/sh_init.lua:123
     4. include - [C]:-1
      5. unknown - gamemodes/darkrp/gamemode/init.lua:3


L 07/23/2020 - 00:34:21: Lua Error: 
[ERROR] gamemodes/darkrp/gamemode/core/orgs/init_sv.lua:475: '}' expected (to close '{' at line 473) near 'Dark'
  1. include_dir - gamemodes/darkrp/gamemode/sh_init.lua:47
   2. Init - gamemodes/darkrp/gamemode/sh_init.lua:91
    3. unknown - gamemodes/darkrp/gamemode/sh_init.lua:123
     4. include - [C]:-1
      5. unknown - gamemodes/darkrp/gamemode/init.lua:3


L 07/23/2020 - 00:34:22: Lua Error: 
[ERROR] gamemodes/darkrp/gamemode/core/orgs/init_sv.lua:475: '}' expected (to close '{' at line 473) near 'Dark'
  1. include_dir - gamemodes/darkrp/gamemode/sh_init.lua:47
   2. Init - gamemodes/darkrp/gamemode/sh_init.lua:91
    3. unknown - gamemodes/darkrp/gamemode/sh_init.lua:123
     4. include - [C]:-1
      5. unknown - gamemodes/darkrp/gamemode/init.lua:3


L 07/23/2020 - 00:35:37: Lua Error: 
[ERROR] gamemodes/darkrp/gamemode/core/orgs/init_sv.lua:470: '}' expected (to close '{' at line 468) near 'Dark'
  1. include_dir - gamemodes/darkrp/gamemode/sh_init.lua:47
   2. Init - gamemodes/darkrp/gamemode/sh_init.lua:91
    3. unknown - gamemodes/darkrp/gamemode/sh_init.lua:123
     4. include - [C]:-1
      5. unknown - gamemodes/darkrp/gamemode/init.lua:3


L 07/23/2020 - 00:35:37: Lua Error: 
[ERROR] gamemodes/darkrp/gamemode/core/orgs/init_sv.lua:470: '}' expected (to close '{' at line 468) near 'Dark'
  1. include_dir - gamemodes/darkrp/gamemode/sh_init.lua:47
   2. Init - gamemodes/darkrp/gamemode/sh_init.lua:91
    3. unknown - gamemodes/darkrp/gamemode/sh_init.lua:123
     4. include - [C]:-1
      5. unknown - gamemodes/darkrp/gamemode/init.lua:3


L 07/23/2020 - 00:36:31: Lua Error: 
[ERROR] gamemodes/darkrp/gamemode/core/orgs/init_sv.lua:470: '}' expected (to close '{' at line 468) near 'Dark'
  1. include_dir - gamemodes/darkrp/gamemode/sh_init.lua:47
   2. Init - gamemodes/darkrp/gamemode/sh_init.lua:91
    3. unknown - gamemodes/darkrp/gamemode/sh_init.lua:123
     4. include - [C]:-1
      5. unknown - gamemodes/darkrp/gamemode/init.lua:3


L 07/23/2020 - 00:36:42: Lua Error: 
[ERROR] gamemodes/darkrp/gamemode/core/orgs/init_sv.lua:470: '}' expected (to close '{' at line 468) near 'Dark'
  1. include_dir - gamemodes/darkrp/gamemode/sh_init.lua:47
   2. Init - gamemodes/darkrp/gamemode/sh_init.lua:91
    3. unknown - gamemodes/darkrp/gamemode/sh_init.lua:123
     4. include - [C]:-1
      5. unknown - gamemodes/darkrp/gamemode/init.lua:3


L 07/23/2020 - 00:37:03: Lua Error: 
[ERROR] gamemodes/darkrp/gamemode/core/orgs/init_sv.lua:470: '}' expected (to close '{' at line 468) near 'Dark'
  1. include_dir - gamemodes/darkrp/gamemode/sh_init.lua:47
   2. Init - gamemodes/darkrp/gamemode/sh_init.lua:91
    3. unknown - gamemodes/darkrp/gamemode/sh_init.lua:123
     4. include - [C]:-1
      5. unknown - gamemodes/darkrp/gamemode/init.lua:3


L 07/23/2020 - 00:37:17: Lua Error: 
[ERROR] gamemodes/darkrp/gamemode/core/orgs/init_sv.lua:470: '}' expected (to close '{' at line 468) near 'Dark'
  1. include_dir - gamemodes/darkrp/gamemode/sh_init.lua:47
   2. Init - gamemodes/darkrp/gamemode/sh_init.lua:91
    3. unknown - gamemodes/darkrp/gamemode/sh_init.lua:123
     4. include - [C]:-1
      5. unknown - gamemodes/darkrp/gamemode/init.lua:3


L 07/23/2020 - 00:37:17: Lua Error: 
[ERROR] gamemodes/darkrp/gamemode/core/orgs/init_sv.lua:470: '}' expected (to close '{' at line 468) near 'Dark'
  1. include_dir - gamemodes/darkrp/gamemode/sh_init.lua:47
   2. Init - gamemodes/darkrp/gamemode/sh_init.lua:91
    3. unknown - gamemodes/darkrp/gamemode/sh_init.lua:123
     4. include - [C]:-1
      5. unknown - gamemodes/darkrp/gamemode/init.lua:3


L 07/23/2020 - 00:37:41: Lua Error: 
[ERROR] gamemodes/darkrp/gamemode/core/orgs/init_sv.lua:470: '}' expected (to close '{' at line 468) near 'Dark'
  1. include_dir - gamemodes/darkrp/gamemode/sh_init.lua:47
   2. Init - gamemodes/darkrp/gamemode/sh_init.lua:91
    3. unknown - gamemodes/darkrp/gamemode/sh_init.lua:123
     4. include - [C]:-1
      5. unknown - gamemodes/darkrp/gamemode/init.lua:3


L 07/23/2020 - 00:37:42: Lua Error: 
[ERROR] gamemodes/darkrp/gamemode/core/orgs/init_sv.lua:470: '}' expected (to close '{' at line 468) near 'Dark'
  1. include_dir - gamemodes/darkrp/gamemode/sh_init.lua:47
   2. Init - gamemodes/darkrp/gamemode/sh_init.lua:91
    3. unknown - gamemodes/darkrp/gamemode/sh_init.lua:123
     4. include - [C]:-1
      5. unknown - gamemodes/darkrp/gamemode/init.lua:3


L 07/23/2020 - 00:38:45: Lua Error: 
[ERROR] gamemodes/darkrp/gamemode/core/orgs/init_sv.lua:471: '}' expected (to close '{' at line 469) near 'Dark'
  1. include_dir - gamemodes/darkrp/gamemode/sh_init.lua:47
   2. Init - gamemodes/darkrp/gamemode/sh_init.lua:91
    3. unknown - gamemodes/darkrp/gamemode/sh_init.lua:123
     4. include - [C]:-1
      5. unknown - gamemodes/darkrp/gamemode/init.lua:3


L 07/23/2020 - 00:38:46: Lua Error: 
[ERROR] gamemodes/darkrp/gamemode/core/orgs/init_sv.lua:471: '}' expected (to close '{' at line 469) near 'Dark'
  1. include_dir - gamemodes/darkrp/gamemode/sh_init.lua:47
   2. Init - gamemodes/darkrp/gamemode/sh_init.lua:91
    3. unknown - gamemodes/darkrp/gamemode/sh_init.lua:123
     4. include - [C]:-1
      5. unknown - gamemodes/darkrp/gamemode/init.lua:3


L 07/23/2020 - 00:39:35: Lua Error: 
[ERROR] gamemodes/darkrp/gamemode/core/orgs/init_sv.lua:471: '}' expected (to close '{' at line 469) near 'Dark'
  1. include_dir - gamemodes/darkrp/gamemode/sh_init.lua:47
   2. Init - gamemodes/darkrp/gamemode/sh_init.lua:91
    3. unknown - gamemodes/darkrp/gamemode/sh_init.lua:123
     4. include - [C]:-1
      5. unknown - gamemodes/darkrp/gamemode/init.lua:3


L 07/23/2020 - 00:39:42: Lua Error: 
[ERROR] gamemodes/darkrp/gamemode/core/orgs/init_sv.lua:471: '}' expected (to close '{' at line 469) near 'Dark'
  1. include_dir - gamemodes/darkrp/gamemode/sh_init.lua:47
   2. Init - gamemodes/darkrp/gamemode/sh_init.lua:91
    3. unknown - gamemodes/darkrp/gamemode/sh_init.lua:123
     4. include - [C]:-1
      5. unknown - gamemodes/darkrp/gamemode/init.lua:3


L 07/23/2020 - 00:39:43: Lua Error: 
[ERROR] gamemodes/darkrp/gamemode/core/orgs/init_sv.lua:471: '}' expected (to close '{' at line 469) near 'Dark'
  1. include_dir - gamemodes/darkrp/gamemode/sh_init.lua:47
   2. Init - gamemodes/darkrp/gamemode/sh_init.lua:91
    3. unknown - gamemodes/darkrp/gamemode/sh_init.lua:123
     4. include - [C]:-1
      5. unknown - gamemodes/darkrp/gamemode/init.lua:3


L 07/23/2020 - 00:40:11: Lua Error: 
[ERROR] gamemodes/darkrp/gamemode/core/orgs/init_sv.lua:490: unexpected symbol near ')'
  1. include_dir - gamemodes/darkrp/gamemode/sh_init.lua:47
   2. Init - gamemodes/darkrp/gamemode/sh_init.lua:91
    3. unknown - gamemodes/darkrp/gamemode/sh_init.lua:123
     4. include - [C]:-1
      5. unknown - gamemodes/darkrp/gamemode/init.lua:3


L 07/23/2020 - 00:41:07: Lua Error: 
[ERROR] gamemodes/darkrp/gamemode/core/orgs/init_sv.lua:490: unexpected symbol near ')'
  1. include_dir - gamemodes/darkrp/gamemode/sh_init.lua:47
   2. Init - gamemodes/darkrp/gamemode/sh_init.lua:91
    3. unknown - gamemodes/darkrp/gamemode/sh_init.lua:123
     4. include - [C]:-1
      5. unknown - gamemodes/darkrp/gamemode/init.lua:3


L 07/23/2020 - 00:41:07: Lua Error: 
[ERROR] gamemodes/darkrp/gamemode/core/orgs/init_sv.lua:490: unexpected symbol near ')'
  1. include_dir - gamemodes/darkrp/gamemode/sh_init.lua:47
   2. Init - gamemodes/darkrp/gamemode/sh_init.lua:91
    3. unknown - gamemodes/darkrp/gamemode/sh_init.lua:123
     4. include - [C]:-1
      5. unknown - gamemodes/darkrp/gamemode/init.lua:3


L 07/23/2020 - 00:41:19: Lua Error: 
[ERROR] gamemodes/darkrp/gamemode/core/orgs/init_sv.lua:492: unexpected symbol near ')'
  1. include_dir - gamemodes/darkrp/gamemode/sh_init.lua:47
   2. Init - gamemodes/darkrp/gamemode/sh_init.lua:91
    3. unknown - gamemodes/darkrp/gamemode/sh_init.lua:123
     4. include - [C]:-1
      5. unknown - gamemodes/darkrp/gamemode/init.lua:3


L 07/23/2020 - 00:41:19: Lua Error: 
[ERROR] gamemodes/darkrp/gamemode/core/orgs/init_sv.lua:492: unexpected symbol near ')'
  1. include_dir - gamemodes/darkrp/gamemode/sh_init.lua:47
   2. Init - gamemodes/darkrp/gamemode/sh_init.lua:91
    3. unknown - gamemodes/darkrp/gamemode/sh_init.lua:123
     4. include - [C]:-1
      5. unknown - gamemodes/darkrp/gamemode/init.lua:3


L 07/23/2020 - 00:41:47: Lua Error: 
[ERROR] gamemodes/darkrp/gamemode/core/orgs/init_sv.lua:492: unexpected symbol near ')'
  1. include_dir - gamemodes/darkrp/gamemode/sh_init.lua:47
   2. Init - gamemodes/darkrp/gamemode/sh_init.lua:91
    3. unknown - gamemodes/darkrp/gamemode/sh_init.lua:123
     4. include - [C]:-1
      5. unknown - gamemodes/darkrp/gamemode/init.lua:3


L 07/23/2020 - 00:42:05: Lua Error: 
[ERROR] gamemodes/darkrp/gamemode/core/orgs/init_sh.lua:129: '}' expected (to close '{' at line 126) near 'Rank'
  1. include_dir - gamemodes/darkrp/gamemode/sh_init.lua:47
   2. Init - gamemodes/darkrp/gamemode/sh_init.lua:91
    3. unknown - gamemodes/darkrp/gamemode/sh_init.lua:123
     4. include - [C]:-1
      5. unknown - gamemodes/darkrp/gamemode/init.lua:3


L 07/23/2020 - 00:42:05: Lua Error: 
[ERROR] gamemodes/darkrp/gamemode/core/orgs/init_sv.lua:492: unexpected symbol near ')'
  1. include_dir - gamemodes/darkrp/gamemode/sh_init.lua:47
   2. Init - gamemodes/darkrp/gamemode/sh_init.lua:91
    3. unknown - gamemodes/darkrp/gamemode/sh_init.lua:123
     4. include - [C]:-1
      5. unknown - gamemodes/darkrp/gamemode/init.lua:3


L 07/23/2020 - 00:42:06: Lua Error: 
[ERROR] gamemodes/darkrp/gamemode/core/orgs/init_sh.lua:129: '}' expected (to close '{' at line 126) near 'Rank'
  1. include_dir - gamemodes/darkrp/gamemode/sh_init.lua:47
   2. Init - gamemodes/darkrp/gamemode/sh_init.lua:91
    3. unknown - gamemodes/darkrp/gamemode/sh_init.lua:123
     4. include - [C]:-1
      5. unknown - gamemodes/darkrp/gamemode/init.lua:3


L 07/23/2020 - 00:42:06: Lua Error: 
[ERROR] gamemodes/darkrp/gamemode/core/orgs/init_sv.lua:492: unexpected symbol near ')'
  1. include_dir - gamemodes/darkrp/gamemode/sh_init.lua:47
   2. Init - gamemodes/darkrp/gamemode/sh_init.lua:91
    3. unknown - gamemodes/darkrp/gamemode/sh_init.lua:123
     4. include - [C]:-1
      5. unknown - gamemodes/darkrp/gamemode/init.lua:3


L 07/23/2020 - 00:42:18: Lua Error: 
[ERROR] gamemodes/darkrp/gamemode/core/orgs/init_sv.lua:492: unexpected symbol near ')'
  1. include_dir - gamemodes/darkrp/gamemode/sh_init.lua:47
   2. Init - gamemodes/darkrp/gamemode/sh_init.lua:91
    3. unknown - gamemodes/darkrp/gamemode/sh_init.lua:123
     4. include - [C]:-1
      5. unknown - gamemodes/darkrp/gamemode/init.lua:3


L 07/23/2020 - 00:42:30: Lua Error: 
[ERROR] gamemodes/darkrp/gamemode/core/orgs/init_sv.lua:492: unexpected symbol near ')'
  1. include_dir - gamemodes/darkrp/gamemode/sh_init.lua:47
   2. Init - gamemodes/darkrp/gamemode/sh_init.lua:91
    3. unknown - gamemodes/darkrp/gamemode/sh_init.lua:123
     4. include - [C]:-1
      5. unknown - gamemodes/darkrp/gamemode/init.lua:3


L 07/23/2020 - 00:42:31: Lua Error: 
[ERROR] gamemodes/darkrp/gamemode/core/orgs/init_sv.lua:492: unexpected symbol near ')'
  1. include_dir - gamemodes/darkrp/gamemode/sh_init.lua:47
   2. Init - gamemodes/darkrp/gamemode/sh_init.lua:91
    3. unknown - gamemodes/darkrp/gamemode/sh_init.lua:123
     4. include - [C]:-1
      5. unknown - gamemodes/darkrp/gamemode/init.lua:3


L 07/23/2020 - 00:42:50: Lua Error: addons/dash_3/lua/dash/extensions/color.lua:28: bad argument #1 to 'string_match' (string expected, got nil)

L 07/23/2020 - 02:02:21: "eLeCtrOssSnake<7><STEAM_0:1:164666257><>" disconnected (reason "Disconnect by user.")
L 07/23/2020 - 02:24:23: Lua Error: 
[ERROR] gamemodes/darkrp/gamemode/core/orgs/init_sv.lua:51: ')' expected (to close '(' at line 43) near 'function'
  1. include_dir - gamemodes/darkrp/gamemode/sh_init.lua:47
   2. Init - gamemodes/darkrp/gamemode/sh_init.lua:91
    3. unknown - gamemodes/darkrp/gamemode/sh_init.lua:123
     4. include - [C]:-1
      5. unknown - gamemodes/darkrp/gamemode/init.lua:3


L 07/23/2020 - 02:24:23: Lua Error: 
[ERROR] gamemodes/darkrp/gamemode/core/orgs/init_sv.lua:51: ')' expected (to close '(' at line 43) near 'function'
  1. include_dir - gamemodes/darkrp/gamemode/sh_init.lua:47
   2. Init - gamemodes/darkrp/gamemode/sh_init.lua:91
    3. unknown - gamemodes/darkrp/gamemode/sh_init.lua:123
     4. include - [C]:-1
      5. unknown - gamemodes/darkrp/gamemode/init.lua:3


L 07/23/2020 - 02:25:47: Lua Error: 
[ERROR] gamemodes/darkrp/gamemode/core/orgs/init_sv.lua:45: 'end' expected (to close 'if' at line 44) near 'db'
  1. include_dir - gamemodes/darkrp/gamemode/sh_init.lua:47
   2. Init - gamemodes/darkrp/gamemode/sh_init.lua:91
    3. unknown - gamemodes/darkrp/gamemode/sh_init.lua:123
     4. include - [C]:-1
      5. unknown - gamemodes/darkrp/gamemode/init.lua:3


L 07/23/2020 - 02:25:47: Lua Error: 
[ERROR] gamemodes/darkrp/gamemode/core/orgs/init_sv.lua:45: 'end' expected (to close 'if' at line 44) near 'db'
  1. include_dir - gamemodes/darkrp/gamemode/sh_init.lua:47
   2. Init - gamemodes/darkrp/gamemode/sh_init.lua:91
    3. unknown - gamemodes/darkrp/gamemode/sh_init.lua:123
     4. include - [C]:-1
      5. unknown - gamemodes/darkrp/gamemode/init.lua:3


L 07/23/2020 - 02:27:05: Lua Error: 
[ERROR] gamemodes/darkrp/gamemode/core/orgs/init_sv.lua:45: 'end' expected (to close 'if' at line 44) near 'db'
  1. include_dir - gamemodes/darkrp/gamemode/sh_init.lua:47
   2. Init - gamemodes/darkrp/gamemode/sh_init.lua:91
    3. unknown - gamemodes/darkrp/gamemode/sh_init.lua:123
     4. include - [C]:-1
      5. unknown - gamemodes/darkrp/gamemode/init.lua:3


L 07/23/2020 - 02:27:06: Lua Error: 
[ERROR] gamemodes/darkrp/gamemode/core/orgs/init_sv.lua:45: 'end' expected (to close 'if' at line 44) near 'db'
  1. include_dir - gamemodes/darkrp/gamemode/sh_init.lua:47
   2. Init - gamemodes/darkrp/gamemode/sh_init.lua:91
    3. unknown - gamemodes/darkrp/gamemode/sh_init.lua:123
     4. include - [C]:-1
      5. unknown - gamemodes/darkrp/gamemode/init.lua:3


L 07/23/2020 - 02:27:24: Lua Error: 
[ERROR] gamemodes/darkrp/gamemode/core/orgs/init_sv.lua:45: 'end' expected (to close 'if' at line 44) near 'db'
  1. include_dir - gamemodes/darkrp/gamemode/sh_init.lua:47
   2. Init - gamemodes/darkrp/gamemode/sh_init.lua:91
    3. unknown - gamemodes/darkrp/gamemode/sh_init.lua:123
     4. include - [C]:-1
      5. unknown - gamemodes/darkrp/gamemode/init.lua:3


L 07/23/2020 - 02:27:25: Lua Error: 
[ERROR] gamemodes/darkrp/gamemode/core/orgs/init_sv.lua:45: 'end' expected (to close 'if' at line 44) near 'db'
  1. include_dir - gamemodes/darkrp/gamemode/sh_init.lua:47
   2. Init - gamemodes/darkrp/gamemode/sh_init.lua:91
    3. unknown - gamemodes/darkrp/gamemode/sh_init.lua:123
     4. include - [C]:-1
      5. unknown - gamemodes/darkrp/gamemode/init.lua:3


L 07/23/2020 - 02:29:47: Lua Error: 
[ERROR] gamemodes/darkrp/gamemode/core/orgs/init_sv.lua:45: 'end' expected (to close 'if' at line 44) near 'db'
  1. include_dir - gamemodes/darkrp/gamemode/sh_init.lua:47
   2. Init - gamemodes/darkrp/gamemode/sh_init.lua:91
    3. unknown - gamemodes/darkrp/gamemode/sh_init.lua:123
     4. include - [C]:-1
      5. unknown - gamemodes/darkrp/gamemode/init.lua:3


L 07/23/2020 - 02:29:48: Lua Error: 
[ERROR] gamemodes/darkrp/gamemode/core/orgs/init_sv.lua:45: 'end' expected (to close 'if' at line 44) near 'db'
  1. include_dir - gamemodes/darkrp/gamemode/sh_init.lua:47
   2. Init - gamemodes/darkrp/gamemode/sh_init.lua:91
    3. unknown - gamemodes/darkrp/gamemode/sh_init.lua:123
     4. include - [C]:-1
      5. unknown - gamemodes/darkrp/gamemode/init.lua:3


L 07/23/2020 - 02:30:27: Lua Error: 
[ERROR] gamemodes/darkrp/gamemode/core/orgs/init_sv.lua:45: 'end' expected (to close 'if' at line 44) near 'db'
  1. include_dir - gamemodes/darkrp/gamemode/sh_init.lua:47
   2. Init - gamemodes/darkrp/gamemode/sh_init.lua:91
    3. unknown - gamemodes/darkrp/gamemode/sh_init.lua:123
     4. include - [C]:-1
      5. unknown - gamemodes/darkrp/gamemode/init.lua:3


L 07/23/2020 - 02:30:45: Lua Error: 
[ERROR] gamemodes/darkrp/gamemode/core/orgs/init_sv.lua:45: 'end' expected (to close 'if' at line 44) near 'db'
  1. include_dir - gamemodes/darkrp/gamemode/sh_init.lua:47
   2. Init - gamemodes/darkrp/gamemode/sh_init.lua:91
    3. unknown - gamemodes/darkrp/gamemode/sh_init.lua:123
     4. include - [C]:-1
      5. unknown - gamemodes/darkrp/gamemode/init.lua:3


L 07/23/2020 - 02:30:46: Lua Error: 
[ERROR] gamemodes/darkrp/gamemode/core/orgs/init_sv.lua:45: 'end' expected (to close 'if' at line 44) near 'db'
  1. include_dir - gamemodes/darkrp/gamemode/sh_init.lua:47
   2. Init - gamemodes/darkrp/gamemode/sh_init.lua:91
    3. unknown - gamemodes/darkrp/gamemode/sh_init.lua:123
     4. include - [C]:-1
      5. unknown - gamemodes/darkrp/gamemode/init.lua:3


L 07/23/2020 - 02:30:47: Lua Error: 
[ERROR] gamemodes/darkrp/gamemode/core/orgs/init_sv.lua:45: 'end' expected (to close 'if' at line 44) near 'db'
  1. include_dir - gamemodes/darkrp/gamemode/sh_init.lua:47
   2. Init - gamemodes/darkrp/gamemode/sh_init.lua:91
    3. unknown - gamemodes/darkrp/gamemode/sh_init.lua:123
     4. include - [C]:-1
      5. unknown - gamemodes/darkrp/gamemode/init.lua:3


L 07/23/2020 - 02:30:48: Lua Error: 
[ERROR] gamemodes/darkrp/gamemode/core/orgs/init_sv.lua:45: 'end' expected (to close 'if' at line 44) near 'db'
  1. include_dir - gamemodes/darkrp/gamemode/sh_init.lua:47
   2. Init - gamemodes/darkrp/gamemode/sh_init.lua:91
    3. unknown - gamemodes/darkrp/gamemode/sh_init.lua:123
     4. include - [C]:-1
      5. unknown - gamemodes/darkrp/gamemode/init.lua:3


L 07/23/2020 - 02:31:04: Lua Error: 
[ERROR] gamemodes/darkrp/gamemode/core/orgs/init_sv.lua:45: 'end' expected (to close 'if' at line 44) near 'db'
  1. include_dir - gamemodes/darkrp/gamemode/sh_init.lua:47
   2. Init - gamemodes/darkrp/gamemode/sh_init.lua:91
    3. unknown - gamemodes/darkrp/gamemode/sh_init.lua:123
     4. include - [C]:-1
      5. unknown - gamemodes/darkrp/gamemode/init.lua:3


L 07/23/2020 - 02:31:04: Lua Error: 
[ERROR] gamemodes/darkrp/gamemode/core/orgs/init_sv.lua:45: 'end' expected (to close 'if' at line 44) near 'db'
  1. include_dir - gamemodes/darkrp/gamemode/sh_init.lua:47
   2. Init - gamemodes/darkrp/gamemode/sh_init.lua:91
    3. unknown - gamemodes/darkrp/gamemode/sh_init.lua:123
     4. include - [C]:-1
      5. unknown - gamemodes/darkrp/gamemode/init.lua:3


L 07/23/2020 - 02:32:02: Lua Error: 
[ERROR] gamemodes/darkrp/gamemode/core/orgs/init_sv.lua:45: 'end' expected (to close 'if' at line 44) near 'db'
  1. include_dir - gamemodes/darkrp/gamemode/sh_init.lua:47
   2. Init - gamemodes/darkrp/gamemode/sh_init.lua:91
    3. unknown - gamemodes/darkrp/gamemode/sh_init.lua:123
     4. include - [C]:-1
      5. unknown - gamemodes/darkrp/gamemode/init.lua:3


L 07/23/2020 - 02:32:26: Lua Error: 
[ERROR] gamemodes/darkrp/gamemode/core/orgs/init_sv.lua:49: attempt to index a nil value
  1. CanTarget - gamemodes/darkrp/gamemode/core/orgs/init_sv.lua:49
   2. func - gamemodes/darkrp/gamemode/core/orgs/init_sv.lua:520
    3. unknown - lua/includes/extensions/net.lua:32


L 07/23/2020 - 02:32:49: Lua Error: 
[ERROR] gamemodes/darkrp/gamemode/core/orgs/init_sv.lua:45: 'end' expected (to close 'if' at line 44) near 'db'
  1. include_dir - gamemodes/darkrp/gamemode/sh_init.lua:47
   2. Init - gamemodes/darkrp/gamemode/sh_init.lua:91
    3. unknown - gamemodes/darkrp/gamemode/sh_init.lua:123
     4. include - [C]:-1
      5. unknown - gamemodes/darkrp/gamemode/init.lua:3


L 07/23/2020 - 02:32:49: Lua Error: 
[ERROR] gamemodes/darkrp/gamemode/core/orgs/init_sv.lua:45: 'end' expected (to close 'if' at line 44) near 'db'
  1. include_dir - gamemodes/darkrp/gamemode/sh_init.lua:47
   2. Init - gamemodes/darkrp/gamemode/sh_init.lua:91
    3. unknown - gamemodes/darkrp/gamemode/sh_init.lua:123
     4. include - [C]:-1
      5. unknown - gamemodes/darkrp/gamemode/init.lua:3


L 07/23/2020 - 02:32:54: Lua Error: 
[ERROR] gamemodes/darkrp/gamemode/core/orgs/init_sv.lua:49: attempt to index a nil value
  1. CanTarget - gamemodes/darkrp/gamemode/core/orgs/init_sv.lua:49
   2. func - gamemodes/darkrp/gamemode/core/orgs/init_sv.lua:520
    3. unknown - lua/includes/extensions/net.lua:32


L 07/23/2020 - 02:33:13: Lua Error: 
[dash_3] gamemodes/darkrp/gamemode/core/sandbox/player_extension_sv.lua:35: attempt to index field '_Counts' (a nil value)
  1. OnRemoveCount - gamemodes/darkrp/gamemode/core/sandbox/player_extension_sv.lua:35
   2. v - gamemodes/darkrp/gamemode/core/sandbox/player_extension_sv.lua:62
    3. unknown - addons/dash_3/lua/dash/libraries/hook.lua:36


L 07/23/2020 - 02:33:13: Lua Error: 
[dash_3] gamemodes/darkrp/gamemode/core/sandbox/player_extension_sv.lua:35: attempt to index field '_Counts' (a nil value)
  1. OnRemoveCount - gamemodes/darkrp/gamemode/core/sandbox/player_extension_sv.lua:35
   2. v - gamemodes/darkrp/gamemode/core/sandbox/player_extension_sv.lua:62
    3. unknown - addons/dash_3/lua/dash/libraries/hook.lua:36


L 07/23/2020 - 02:33:13: Lua Error: 
[dash_3] gamemodes/darkrp/gamemode/core/sandbox/player_extension_sv.lua:35: attempt to index field '_Counts' (a nil value)
  1. OnRemoveCount - gamemodes/darkrp/gamemode/core/sandbox/player_extension_sv.lua:35
   2. v - gamemodes/darkrp/gamemode/core/sandbox/player_extension_sv.lua:62
    3. unknown - addons/dash_3/lua/dash/libraries/hook.lua:36


L 07/23/2020 - 02:33:13: Lua Error: 
[dash_3] gamemodes/darkrp/gamemode/core/sandbox/player_extension_sv.lua:35: attempt to index field '_Counts' (a nil value)
  1. OnRemoveCount - gamemodes/darkrp/gamemode/core/sandbox/player_extension_sv.lua:35
   2. v - gamemodes/darkrp/gamemode/core/sandbox/player_extension_sv.lua:62
    3. unknown - addons/dash_3/lua/dash/libraries/hook.lua:36


L 07/23/2020 - 02:33:13: Lua Error: 
[dash_3] gamemodes/darkrp/gamemode/core/sandbox/player_extension_sv.lua:35: attempt to index field '_Counts' (a nil value)
  1. OnRemoveCount - gamemodes/darkrp/gamemode/core/sandbox/player_extension_sv.lua:35
   2. v - gamemodes/darkrp/gamemode/core/sandbox/player_extension_sv.lua:62
    3. unknown - addons/dash_3/lua/dash/libraries/hook.lua:36


L 07/23/2020 - 02:33:13: Lua Error: 
[dash_3] gamemodes/darkrp/gamemode/core/sandbox/player_extension_sv.lua:35: attempt to index field '_Counts' (a nil value)
  1. OnRemoveCount - gamemodes/darkrp/gamemode/core/sandbox/player_extension_sv.lua:35
   2. v - gamemodes/darkrp/gamemode/core/sandbox/player_extension_sv.lua:62
    3. unknown - addons/dash_3/lua/dash/libraries/hook.lua:36


L 07/23/2020 - 02:33:13: Lua Error: 
[dash_3] gamemodes/darkrp/gamemode/core/sandbox/player_extension_sv.lua:35: attempt to index field '_Counts' (a nil value)
  1. OnRemoveCount - gamemodes/darkrp/gamemode/core/sandbox/player_extension_sv.lua:35
   2. v - gamemodes/darkrp/gamemode/core/sandbox/player_extension_sv.lua:62
    3. unknown - addons/dash_3/lua/dash/libraries/hook.lua:36


L 07/23/2020 - 02:33:13: "Bot03<6><BOT><>" disconnected (reason "Server shutting down")
L 07/23/2020 - 02:33:13: "Bot02<5><BOT><>" disconnected (reason "Server shutting down")
L 07/23/2020 - 02:33:13: "Bot01<4><BOT><>" disconnected (reason "Server shutting down")
L 07/23/2020 - 02:33:13: "COMPLΞX<3><STEAM_0:0:105635721><>" disconnected (reason "Server shutting down")
L 07/23/2020 - 02:33:14: server_message: "quit"
L 07/23/2020 - 02:33:14: Log file closed.
