L 07/22/2020 - 06:18:40: Log file started (file "logs\L0722006.log") (game "D:\sup\steamapps\common\GarrysModDS\garrysmod") (version "7891")
L 07/22/2020 - 06:18:40: server_cvar: "sv_password" "***PROTECTED***"
L 07/22/2020 - 06:18:40: server_cvar: "sv_airaccelerate" "100"
L 07/22/2020 - 06:18:41: Connection to Steam servers successful.
L 07/22/2020 - 06:18:41:    Public IP is 31.130.42.26.
L 07/22/2020 - 06:18:41: Assigned anonymous gameserver Steam ID [A-1:696266752(15206)].
L 07/22/2020 - 06:18:42: VAC secure mode is activated.
L 07/22/2020 - 06:19:36: "DidVaitel<2><STEAM_0:1:74202541><>" connected, address "26.162.207.202:27006"
L 07/22/2020 - 06:19:36: "DidVaitel<2><STEAM_0:1:74202541><>" STEAM USERID validated
L 07/22/2020 - 06:19:44: "DidVaitel<2><STEAM_0:1:74202541><>" entered the game
L 07/22/2020 - 06:24:47: Lua Error: 
[badmin_2] addons/badmin_2/lua/ba/modules/darkrp/loghooks_sh.lua:687: attempt to index local 'pl' (a nil value)
  1. callback - addons/badmin_2/lua/ba/modules/darkrp/loghooks_sh.lua:687
   2. v - addons/badmin_2/lua/ba/core/logging/logs_sh.lua:127
    3. Call - addons/dash_3/lua/dash/libraries/hook.lua:36
     4. func - gamemodes/darkrp/gamemode/core/core_sv.lua:11
      5. unknown - lua/includes/extensions/net.lua:32


L 07/22/2020 - 06:24:48: Lua Error: 
[badmin_2] addons/badmin_2/lua/ba/modules/darkrp/loghooks_sh.lua:690: attempt to index local 'pl' (a nil value)
  1. callback - addons/badmin_2/lua/ba/modules/darkrp/loghooks_sh.lua:690
   2. v - addons/badmin_2/lua/ba/core/logging/logs_sh.lua:127
    3. Call - addons/dash_3/lua/dash/libraries/hook.lua:36
     4. func - gamemodes/darkrp/gamemode/core/core_sv.lua:15
      5. unknown - lua/includes/extensions/net.lua:32


L 07/22/2020 - 06:29:05: "DidVaitel<2><STEAM_0:1:74202541><>" disconnected (reason "Server shutting down")
L 07/22/2020 - 06:29:05: server_message: "quit"
L 07/22/2020 - 06:29:05: Log file closed.
