L 07/26/2020 - 13:13:22: Log file started (file "logs\L0726005.log") (game "D:\sup\steamapps\common\GarrysModDS\garrysmod") (version "7891")
L 07/26/2020 - 13:13:22: server_cvar: "sv_password" "***PROTECTED***"
L 07/26/2020 - 13:13:22: server_cvar: "sv_airaccelerate" "100"
L 07/26/2020 - 13:13:23: Connection to Steam servers successful.
L 07/26/2020 - 13:13:23:    Public IP is 31.130.42.26.
L 07/26/2020 - 13:13:23: Assigned anonymous gameserver Steam ID [A-1:3603877888(15233)].
L 07/26/2020 - 13:13:23: VAC secure mode is activated.
L 07/26/2020 - 13:13:27: "COMPLΞX<2><STEAM_0:0:105635721><>" connected, address "26.162.207.202:27006"
L 07/26/2020 - 13:13:28: "COMPLΞX<2><STEAM_0:0:105635721><>" STEAM USERID validated
L 07/26/2020 - 13:13:37: "COMPLΞX<2><STEAM_0:0:105635721><>" entered the game
L 07/26/2020 - 13:20:16: "COMPLΞX<2><STEAM_0:0:105635721><>" disconnected (reason "Disconnect by user.")
L 07/26/2020 - 13:34:39: "COMPLΞX<3><STEAM_0:0:105635721><>" connected, address "26.162.207.202:27006"
L 07/26/2020 - 13:34:40: "COMPLΞX<3><STEAM_0:0:105635721><>" STEAM USERID validated
L 07/26/2020 - 13:34:52: "COMPLΞX<3><STEAM_0:0:105635721><>" entered the game
L 07/26/2020 - 13:34:59: Lua Error: 
[dash_3] lua/includes/extensions/table.lua:158: bad argument #1 to 'pairs' (table expected, got nil)
  1. pairs - [C]:-1
   2. Count - lua/includes/extensions/table.lua:158
    3. SendInv - gamemodes/darkrp/entities/weapons/pocket/init.lua:67
     4. unknown - gamemodes/darkrp/gamemode/core/player/data/data_sv.lua:90
      5. func - addons/dash_3/lua/dash/libraries/nw.lua:255
       6. unknown - lua/includes/extensions/net.lua:32


L 07/26/2020 - 13:34:59: Lua Error: 
[dash_3] Warning! A net message (Pocket.Load) is already started! Discarding in favor of the new message! (cvar.RequestEncryptionKey)

  1. func - addons/dash_3/lua/dash/libraries/cvar.lua:21
   2. unknown - lua/includes/extensions/net.lua:32


L 07/26/2020 - 13:39:38: "COMPLΞX<3><STEAM_0:0:105635721><>" disconnected (reason "Disconnect by user.")
L 07/26/2020 - 13:39:38: "COMPLΞX<4><STEAM_0:0:105635721><>" connected, address "26.162.207.202:27006"
L 07/26/2020 - 13:39:39: "COMPLΞX<4><STEAM_0:0:105635721><>" STEAM USERID validated
L 07/26/2020 - 13:39:51: "COMPLΞX<4><STEAM_0:0:105635721><>" entered the game
L 07/26/2020 - 13:54:32: "COMPLΞX<4><STEAM_0:0:105635721><>" disconnected (reason "Disconnect by user.")
L 07/26/2020 - 13:54:33: "COMPLΞX<5><STEAM_0:0:105635721><>" connected, address "26.162.207.202:27006"
L 07/26/2020 - 13:54:34: "COMPLΞX<5><STEAM_0:0:105635721><>" STEAM USERID validated
L 07/26/2020 - 13:54:49: "COMPLΞX<5><STEAM_0:0:105635721><>" entered the game
L 07/26/2020 - 13:55:41: "COMPLΞX<5><STEAM_0:0:105635721><>" disconnected (reason "Disconnect by user.")
L 07/26/2020 - 14:05:34: "COMPLΞX<6><STEAM_0:0:105635721><>" connected, address "26.162.207.202:27006"
L 07/26/2020 - 14:05:35: "COMPLΞX<6><STEAM_0:0:105635721><>" STEAM USERID validated
L 07/26/2020 - 14:05:35: "COMPLΞX<6><STEAM_0:0:105635721><>" disconnected (reason "Disconnect by user.")
L 07/26/2020 - 14:07:50: "COMPLΞX<7><STEAM_0:0:105635721><>" connected, address "26.162.207.202:27006"
L 07/26/2020 - 14:07:51: "COMPLΞX<7><STEAM_0:0:105635721><>" STEAM USERID validated
L 07/26/2020 - 14:08:09: "COMPLΞX<7><STEAM_0:0:105635721><>" entered the game
L 07/26/2020 - 14:22:40: "COMPLΞX<7><STEAM_0:0:105635721><>" disconnected (reason "Disconnect by user.")
L 07/26/2020 - 14:57:17: "COMPLΞX<8><STEAM_0:0:105635721><>" connected, address "26.162.207.202:27006"
L 07/26/2020 - 14:57:17: "COMPLΞX<8><STEAM_0:0:105635721><>" STEAM USERID validated
L 07/26/2020 - 14:57:38: "COMPLΞX<8><STEAM_0:0:105635721><>" entered the game
L 07/26/2020 - 15:01:51: "COMPLΞX<8><STEAM_0:0:105635721><>" disconnected (reason "Server shutting down")
L 07/26/2020 - 15:01:51: server_message: "quit"
L 07/26/2020 - 15:01:51: Log file closed.
