L 08/19/2018 - 14:37:07: Log file started (file "logs\L0819003.log") (game "F:\sup\steamapps\common\GarrysModDS\garrysmod") (version "7136")
L 08/19/2018 - 14:37:07: server_cvar: "sv_alltalk" "3"
L 08/19/2018 - 14:37:09: Connection to Steam servers successful.
L 08/19/2018 - 14:37:09:    Public IP is 31.130.42.81.
L 08/19/2018 - 14:37:09: Assigned anonymous gameserver Steam ID [A-1:3048467459(10858)].
L 08/19/2018 - 14:37:09: VAC secure mode is activated.
L 08/19/2018 - 14:37:45: "DidVaitel<2><STEAM_0:1:74202541><>" connected, address "169.254.254.208:27006"
L 08/19/2018 - 14:37:45: "DidVaitel<2><STEAM_0:1:74202541><>" STEAM USERID validated
L 08/19/2018 - 14:37:55: "DidVaitel<2><STEAM_0:1:74202541><>" entered the game
L 08/19/2018 - 14:44:28: "Zim<3><STEAM_0:0:54251634><>" connected, address "24.36.155.160:27005"
L 08/19/2018 - 14:44:29: "Zim<3><STEAM_0:0:54251634><>" STEAM USERID validated
L 08/19/2018 - 14:44:42: "Zim<3><STEAM_0:0:54251634><>" entered the game
L 08/19/2018 - 14:45:05: Lua Error: 
[ERROR] addons/synergywep/lua/weapons/weapon_scp0492.lua:237: attempt to compare nil with number
  1. unknown - addons/synergywep/lua/weapons/weapon_scp0492.lua:237


L 08/19/2018 - 14:45:05: Lua Error: 
[ERROR] addons/synergywep/lua/weapons/weapon_scp0492.lua:237: attempt to compare nil with number
  1. unknown - addons/synergywep/lua/weapons/weapon_scp0492.lua:237


L 08/19/2018 - 14:45:06: Lua Error: 
[ERROR] addons/synergywep/lua/weapons/weapon_scp0492.lua:237: attempt to compare nil with number
  1. unknown - addons/synergywep/lua/weapons/weapon_scp0492.lua:237


L 08/19/2018 - 14:45:06: Lua Error: 
[ERROR] addons/synergywep/lua/weapons/weapon_scp0492.lua:237: attempt to compare nil with number
  1. unknown - addons/synergywep/lua/weapons/weapon_scp0492.lua:237


L 08/19/2018 - 14:45:06: Lua Error: 
[ERROR] addons/synergywep/lua/weapons/weapon_scp0492.lua:237: attempt to compare nil with number
  1. unknown - addons/synergywep/lua/weapons/weapon_scp0492.lua:237


L 08/19/2018 - 14:45:06: Lua Error: 
[ERROR] addons/synergywep/lua/weapons/weapon_scp0492.lua:237: attempt to compare nil with number
  1. unknown - addons/synergywep/lua/weapons/weapon_scp0492.lua:237


L 08/19/2018 - 14:45:06: Lua Error: 
[ERROR] addons/synergywep/lua/weapons/weapon_scp0492.lua:237: attempt to compare nil with number
  1. unknown - addons/synergywep/lua/weapons/weapon_scp0492.lua:237


L 08/19/2018 - 14:45:06: Lua Error: 
[ERROR] addons/synergywep/lua/weapons/weapon_scp0492.lua:237: attempt to compare nil with number
  1. unknown - addons/synergywep/lua/weapons/weapon_scp0492.lua:237


L 08/19/2018 - 14:45:06: Lua Error: 
[ERROR] addons/synergywep/lua/weapons/weapon_scp0492.lua:237: attempt to compare nil with number
  1. unknown - addons/synergywep/lua/weapons/weapon_scp0492.lua:237


L 08/19/2018 - 14:45:06: Lua Error: 
[ERROR] addons/synergywep/lua/weapons/weapon_scp0492.lua:237: attempt to compare nil with number
  1. unknown - addons/synergywep/lua/weapons/weapon_scp0492.lua:237


L 08/19/2018 - 14:45:06: Lua Error: 
[ERROR] addons/synergywep/lua/weapons/weapon_scp0492.lua:237: attempt to compare nil with number
  1. unknown - addons/synergywep/lua/weapons/weapon_scp0492.lua:237


L 08/19/2018 - 14:45:06: Lua Error: 
[ERROR] addons/synergywep/lua/weapons/weapon_scp0492.lua:237: attempt to compare nil with number
  1. unknown - addons/synergywep/lua/weapons/weapon_scp0492.lua:237


L 08/19/2018 - 14:45:06: Lua Error: 
[ERROR] addons/synergywep/lua/weapons/weapon_scp0492.lua:237: attempt to compare nil with number
  1. unknown - addons/synergywep/lua/weapons/weapon_scp0492.lua:237


L 08/19/2018 - 14:45:06: Lua Error: 
[ERROR] addons/synergywep/lua/weapons/weapon_scp0492.lua:237: attempt to compare nil with number
  1. unknown - addons/synergywep/lua/weapons/weapon_scp0492.lua:237


L 08/19/2018 - 14:45:06: Lua Error: 
[ERROR] addons/synergywep/lua/weapons/weapon_scp0492.lua:237: attempt to compare nil with number
  1. unknown - addons/synergywep/lua/weapons/weapon_scp0492.lua:237


L 08/19/2018 - 14:45:06: Lua Error: 
[ERROR] addons/synergywep/lua/weapons/weapon_scp0492.lua:237: attempt to compare nil with number
  1. unknown - addons/synergywep/lua/weapons/weapon_scp0492.lua:237


L 08/19/2018 - 14:45:06: Lua Error: 
[ERROR] addons/synergywep/lua/weapons/weapon_scp0492.lua:237: attempt to compare nil with number
  1. unknown - addons/synergywep/lua/weapons/weapon_scp0492.lua:237


L 08/19/2018 - 14:45:06: Lua Error: 
[ERROR] addons/synergywep/lua/weapons/weapon_scp0492.lua:237: attempt to compare nil with number
  1. unknown - addons/synergywep/lua/weapons/weapon_scp0492.lua:237


L 08/19/2018 - 14:45:06: Lua Error: 
[ERROR] addons/synergywep/lua/weapons/weapon_scp0492.lua:237: attempt to compare nil with number
  1. unknown - addons/synergywep/lua/weapons/weapon_scp0492.lua:237


L 08/19/2018 - 14:45:06: Lua Error: 
[ERROR] addons/synergywep/lua/weapons/weapon_scp0492.lua:237: attempt to compare nil with number
  1. unknown - addons/synergywep/lua/weapons/weapon_scp0492.lua:237


L 08/19/2018 - 14:45:06: Lua Error: 
[ERROR] addons/synergywep/lua/weapons/weapon_scp0492.lua:237: attempt to compare nil with number
  1. unknown - addons/synergywep/lua/weapons/weapon_scp0492.lua:237


L 08/19/2018 - 14:45:06: Lua Error: 
[ERROR] addons/synergywep/lua/weapons/weapon_scp0492.lua:237: attempt to compare nil with number
  1. unknown - addons/synergywep/lua/weapons/weapon_scp0492.lua:237


L 08/19/2018 - 14:45:06: Lua Error: 
[ERROR] addons/synergywep/lua/weapons/weapon_scp0492.lua:237: attempt to compare nil with number
  1. unknown - addons/synergywep/lua/weapons/weapon_scp0492.lua:237


L 08/19/2018 - 14:45:06: Lua Error: 
[ERROR] addons/synergywep/lua/weapons/weapon_scp0492.lua:237: attempt to compare nil with number
  1. unknown - addons/synergywep/lua/weapons/weapon_scp0492.lua:237


L 08/19/2018 - 14:45:06: Lua Error: 
[ERROR] addons/synergywep/lua/weapons/weapon_scp0492.lua:237: attempt to compare nil with number
  1. unknown - addons/synergywep/lua/weapons/weapon_scp0492.lua:237


L 08/19/2018 - 14:45:06: Lua Error: 
[ERROR] addons/synergywep/lua/weapons/weapon_scp0492.lua:237: attempt to compare nil with number
  1. unknown - addons/synergywep/lua/weapons/weapon_scp0492.lua:237


L 08/19/2018 - 14:45:06: Lua Error: 
[ERROR] addons/synergywep/lua/weapons/weapon_scp0492.lua:237: attempt to compare nil with number
  1. unknown - addons/synergywep/lua/weapons/weapon_scp0492.lua:237


L 08/19/2018 - 14:45:06: Lua Error: 
[ERROR] addons/synergywep/lua/weapons/weapon_scp0492.lua:237: attempt to compare nil with number
  1. unknown - addons/synergywep/lua/weapons/weapon_scp0492.lua:237


L 08/19/2018 - 14:45:06: Lua Error: 
[ERROR] addons/synergywep/lua/weapons/weapon_scp0492.lua:237: attempt to compare nil with number
  1. unknown - addons/synergywep/lua/weapons/weapon_scp0492.lua:237


L 08/19/2018 - 14:45:06: Lua Error: 
[ERROR] addons/synergywep/lua/weapons/weapon_scp0492.lua:237: attempt to compare nil with number
  1. unknown - addons/synergywep/lua/weapons/weapon_scp0492.lua:237


L 08/19/2018 - 14:45:06: Lua Error: 
[ERROR] addons/synergywep/lua/weapons/weapon_scp0492.lua:237: attempt to compare nil with number
  1. unknown - addons/synergywep/lua/weapons/weapon_scp0492.lua:237


L 08/19/2018 - 14:45:06: Lua Error: 
[ERROR] addons/synergywep/lua/weapons/weapon_scp0492.lua:237: attempt to compare nil with number
  1. unknown - addons/synergywep/lua/weapons/weapon_scp0492.lua:237


L 08/19/2018 - 14:45:06: Lua Error: 
[ERROR] addons/synergywep/lua/weapons/weapon_scp0492.lua:237: attempt to compare nil with number
  1. unknown - addons/synergywep/lua/weapons/weapon_scp0492.lua:237


L 08/19/2018 - 14:45:06: Lua Error: 
[ERROR] addons/synergywep/lua/weapons/weapon_scp0492.lua:237: attempt to compare nil with number
  1. unknown - addons/synergywep/lua/weapons/weapon_scp0492.lua:237


L 08/19/2018 - 14:45:06: Lua Error: 
[ERROR] addons/synergywep/lua/weapons/weapon_scp0492.lua:237: attempt to compare nil with number
  1. unknown - addons/synergywep/lua/weapons/weapon_scp0492.lua:237


L 08/19/2018 - 14:45:06: Lua Error: 
[ERROR] addons/synergywep/lua/weapons/weapon_scp0492.lua:237: attempt to compare nil with number
  1. unknown - addons/synergywep/lua/weapons/weapon_scp0492.lua:237


L 08/19/2018 - 14:45:06: Lua Error: 
[ERROR] addons/synergywep/lua/weapons/weapon_scp0492.lua:237: attempt to compare nil with number
  1. unknown - addons/synergywep/lua/weapons/weapon_scp0492.lua:237


L 08/19/2018 - 14:45:06: Lua Error: 
[ERROR] addons/synergywep/lua/weapons/weapon_scp0492.lua:237: attempt to compare nil with number
  1. unknown - addons/synergywep/lua/weapons/weapon_scp0492.lua:237


L 08/19/2018 - 14:45:06: Lua Error: 
[ERROR] addons/synergywep/lua/weapons/weapon_scp0492.lua:237: attempt to compare nil with number
  1. unknown - addons/synergywep/lua/weapons/weapon_scp0492.lua:237


L 08/19/2018 - 14:45:06: Lua Error: 
[ERROR] addons/synergywep/lua/weapons/weapon_scp0492.lua:237: attempt to compare nil with number
  1. unknown - addons/synergywep/lua/weapons/weapon_scp0492.lua:237


L 08/19/2018 - 14:45:06: Lua Error: 
[ERROR] addons/synergywep/lua/weapons/weapon_scp0492.lua:237: attempt to compare nil with number
  1. unknown - addons/synergywep/lua/weapons/weapon_scp0492.lua:237


L 08/19/2018 - 14:45:06: Lua Error: 
[ERROR] addons/synergywep/lua/weapons/weapon_scp0492.lua:237: attempt to compare nil with number
  1. unknown - addons/synergywep/lua/weapons/weapon_scp0492.lua:237


L 08/19/2018 - 14:45:06: Lua Error: 
[ERROR] addons/synergywep/lua/weapons/weapon_scp0492.lua:237: attempt to compare nil with number
  1. unknown - addons/synergywep/lua/weapons/weapon_scp0492.lua:237


L 08/19/2018 - 14:45:06: Lua Error: 
[ERROR] addons/synergywep/lua/weapons/weapon_scp0492.lua:237: attempt to compare nil with number
  1. unknown - addons/synergywep/lua/weapons/weapon_scp0492.lua:237


L 08/19/2018 - 14:45:06: Lua Error: 
[ERROR] addons/synergywep/lua/weapons/weapon_scp0492.lua:237: attempt to compare nil with number
  1. unknown - addons/synergywep/lua/weapons/weapon_scp0492.lua:237


L 08/19/2018 - 14:45:06: Lua Error: 
[ERROR] addons/synergywep/lua/weapons/weapon_scp0492.lua:237: attempt to compare nil with number
  1. unknown - addons/synergywep/lua/weapons/weapon_scp0492.lua:237


L 08/19/2018 - 14:45:06: Lua Error: 
[ERROR] addons/synergywep/lua/weapons/weapon_scp0492.lua:237: attempt to compare nil with number
  1. unknown - addons/synergywep/lua/weapons/weapon_scp0492.lua:237


L 08/19/2018 - 14:45:06: Lua Error: 
[ERROR] addons/synergywep/lua/weapons/weapon_scp0492.lua:237: attempt to compare nil with number
  1. unknown - addons/synergywep/lua/weapons/weapon_scp0492.lua:237


L 08/19/2018 - 14:45:06: Lua Error: 
[ERROR] addons/synergywep/lua/weapons/weapon_scp0492.lua:237: attempt to compare nil with number
  1. unknown - addons/synergywep/lua/weapons/weapon_scp0492.lua:237


L 08/19/2018 - 14:45:06: Lua Error: 
[ERROR] addons/synergywep/lua/weapons/weapon_scp0492.lua:237: attempt to compare nil with number
  1. unknown - addons/synergywep/lua/weapons/weapon_scp0492.lua:237


L 08/19/2018 - 14:45:06: Lua Error: 
[ERROR] addons/synergywep/lua/weapons/weapon_scp0492.lua:237: attempt to compare nil with number
  1. unknown - addons/synergywep/lua/weapons/weapon_scp0492.lua:237


L 08/19/2018 - 14:45:06: Lua Error: 
[ERROR] addons/synergywep/lua/weapons/weapon_scp0492.lua:237: attempt to compare nil with number
  1. unknown - addons/synergywep/lua/weapons/weapon_scp0492.lua:237


L 08/19/2018 - 14:45:06: Lua Error: 
[ERROR] addons/synergywep/lua/weapons/weapon_scp0492.lua:237: attempt to compare nil with number
  1. unknown - addons/synergywep/lua/weapons/weapon_scp0492.lua:237


L 08/19/2018 - 14:45:06: Lua Error: 
[ERROR] addons/synergywep/lua/weapons/weapon_scp0492.lua:237: attempt to compare nil with number
  1. unknown - addons/synergywep/lua/weapons/weapon_scp0492.lua:237


L 08/19/2018 - 14:45:06: Lua Error: 
[ERROR] addons/synergywep/lua/weapons/weapon_scp0492.lua:237: attempt to compare nil with number
  1. unknown - addons/synergywep/lua/weapons/weapon_scp0492.lua:237


L 08/19/2018 - 14:45:06: Lua Error: 
[ERROR] addons/synergywep/lua/weapons/weapon_scp0492.lua:237: attempt to compare nil with number
  1. unknown - addons/synergywep/lua/weapons/weapon_scp0492.lua:237


L 08/19/2018 - 14:45:06: Lua Error: 
[ERROR] addons/synergywep/lua/weapons/weapon_scp0492.lua:237: attempt to compare nil with number
  1. unknown - addons/synergywep/lua/weapons/weapon_scp0492.lua:237


L 08/19/2018 - 14:45:06: Lua Error: 
[ERROR] addons/synergywep/lua/weapons/weapon_scp0492.lua:237: attempt to compare nil with number
  1. unknown - addons/synergywep/lua/weapons/weapon_scp0492.lua:237


L 08/19/2018 - 14:45:06: Lua Error: 
[ERROR] addons/synergywep/lua/weapons/weapon_scp0492.lua:237: attempt to compare nil with number
  1. unknown - addons/synergywep/lua/weapons/weapon_scp0492.lua:237


L 08/19/2018 - 14:45:06: Lua Error: 
[ERROR] addons/synergywep/lua/weapons/weapon_scp0492.lua:237: attempt to compare nil with number
  1. unknown - addons/synergywep/lua/weapons/weapon_scp0492.lua:237


L 08/19/2018 - 14:45:06: Lua Error: 
[ERROR] addons/synergywep/lua/weapons/weapon_scp0492.lua:237: attempt to compare nil with number
  1. unknown - addons/synergywep/lua/weapons/weapon_scp0492.lua:237


L 08/19/2018 - 14:45:06: Lua Error: 
[ERROR] addons/synergywep/lua/weapons/weapon_scp0492.lua:237: attempt to compare nil with number
  1. unknown - addons/synergywep/lua/weapons/weapon_scp0492.lua:237


L 08/19/2018 - 14:45:06: Lua Error: 
[ERROR] addons/synergywep/lua/weapons/weapon_scp0492.lua:237: attempt to compare nil with number
  1. unknown - addons/synergywep/lua/weapons/weapon_scp0492.lua:237


L 08/19/2018 - 14:45:06: Lua Error: 
[ERROR] addons/synergywep/lua/weapons/weapon_scp0492.lua:237: attempt to compare nil with number
  1. unknown - addons/synergywep/lua/weapons/weapon_scp0492.lua:237


L 08/19/2018 - 14:45:06: Lua Error: 
[ERROR] addons/synergywep/lua/weapons/weapon_scp0492.lua:237: attempt to compare nil with number
  1. unknown - addons/synergywep/lua/weapons/weapon_scp0492.lua:237


L 08/19/2018 - 14:45:06: Lua Error: 
[ERROR] addons/synergywep/lua/weapons/weapon_scp0492.lua:237: attempt to compare nil with number
  1. unknown - addons/synergywep/lua/weapons/weapon_scp0492.lua:237


L 08/19/2018 - 14:45:06: Lua Error: 
[ERROR] addons/synergywep/lua/weapons/weapon_scp0492.lua:237: attempt to compare nil with number
  1. unknown - addons/synergywep/lua/weapons/weapon_scp0492.lua:237


L 08/19/2018 - 14:45:07: Lua Error: 
[ERROR] addons/synergywep/lua/weapons/weapon_scp0492.lua:237: attempt to compare nil with number
  1. unknown - addons/synergywep/lua/weapons/weapon_scp0492.lua:237


L 08/19/2018 - 14:45:07: Lua Error: 
[ERROR] addons/synergywep/lua/weapons/weapon_scp0492.lua:237: attempt to compare nil with number
  1. unknown - addons/synergywep/lua/weapons/weapon_scp0492.lua:237


L 08/19/2018 - 14:45:07: Lua Error: 
[ERROR] addons/synergywep/lua/weapons/weapon_scp0492.lua:237: attempt to compare nil with number
  1. unknown - addons/synergywep/lua/weapons/weapon_scp0492.lua:237


L 08/19/2018 - 14:45:07: Lua Error: 
[ERROR] addons/synergywep/lua/weapons/weapon_scp0492.lua:237: attempt to compare nil with number
  1. unknown - addons/synergywep/lua/weapons/weapon_scp0492.lua:237


L 08/19/2018 - 14:45:07: Lua Error: 
[ERROR] addons/synergywep/lua/weapons/weapon_scp0492.lua:237: attempt to compare nil with number
  1. unknown - addons/synergywep/lua/weapons/weapon_scp0492.lua:237


L 08/19/2018 - 14:45:07: Lua Error: 
[ERROR] addons/synergywep/lua/weapons/weapon_scp0492.lua:237: attempt to compare nil with number
  1. unknown - addons/synergywep/lua/weapons/weapon_scp0492.lua:237


L 08/19/2018 - 14:45:07: Lua Error: 
[ERROR] addons/synergywep/lua/weapons/weapon_scp0492.lua:237: attempt to compare nil with number
  1. unknown - addons/synergywep/lua/weapons/weapon_scp0492.lua:237


L 08/19/2018 - 14:45:07: Lua Error: 
[ERROR] addons/synergywep/lua/weapons/weapon_scp0492.lua:237: attempt to compare nil with number
  1. unknown - addons/synergywep/lua/weapons/weapon_scp0492.lua:237


L 08/19/2018 - 14:45:07: Lua Error: 
[ERROR] addons/synergywep/lua/weapons/weapon_scp0492.lua:237: attempt to compare nil with number
  1. unknown - addons/synergywep/lua/weapons/weapon_scp0492.lua:237


L 08/19/2018 - 14:45:07: Lua Error: 
[ERROR] addons/synergywep/lua/weapons/weapon_scp0492.lua:237: attempt to compare nil with number
  1. unknown - addons/synergywep/lua/weapons/weapon_scp0492.lua:237


L 08/19/2018 - 14:45:07: Lua Error: 
[ERROR] addons/synergywep/lua/weapons/weapon_scp0492.lua:237: attempt to compare nil with number
  1. unknown - addons/synergywep/lua/weapons/weapon_scp0492.lua:237


L 08/19/2018 - 14:45:07: Lua Error: 
[ERROR] addons/synergywep/lua/weapons/weapon_scp0492.lua:237: attempt to compare nil with number
  1. unknown - addons/synergywep/lua/weapons/weapon_scp0492.lua:237


L 08/19/2018 - 14:45:07: Lua Error: 
[ERROR] addons/synergywep/lua/weapons/weapon_scp0492.lua:237: attempt to compare nil with number
  1. unknown - addons/synergywep/lua/weapons/weapon_scp0492.lua:237


L 08/19/2018 - 14:45:07: Lua Error: 
[ERROR] addons/synergywep/lua/weapons/weapon_scp0492.lua:237: attempt to compare nil with number
  1. unknown - addons/synergywep/lua/weapons/weapon_scp0492.lua:237


L 08/19/2018 - 14:45:07: Lua Error: 
[ERROR] addons/synergywep/lua/weapons/weapon_scp0492.lua:237: attempt to compare nil with number
  1. unknown - addons/synergywep/lua/weapons/weapon_scp0492.lua:237


L 08/19/2018 - 14:45:07: Lua Error: 
[ERROR] addons/synergywep/lua/weapons/weapon_scp0492.lua:237: attempt to compare nil with number
  1. unknown - addons/synergywep/lua/weapons/weapon_scp0492.lua:237


L 08/19/2018 - 14:45:07: Lua Error: 
[ERROR] addons/synergywep/lua/weapons/weapon_scp0492.lua:237: attempt to compare nil with number
  1. unknown - addons/synergywep/lua/weapons/weapon_scp0492.lua:237


L 08/19/2018 - 14:45:07: Lua Error: 
[ERROR] addons/synergywep/lua/weapons/weapon_scp0492.lua:237: attempt to compare nil with number
  1. unknown - addons/synergywep/lua/weapons/weapon_scp0492.lua:237


L 08/19/2018 - 14:45:07: Lua Error: 
[ERROR] addons/synergywep/lua/weapons/weapon_scp0492.lua:237: attempt to compare nil with number
  1. unknown - addons/synergywep/lua/weapons/weapon_scp0492.lua:237


L 08/19/2018 - 14:45:07: Lua Error: 
[ERROR] addons/synergywep/lua/weapons/weapon_scp0492.lua:237: attempt to compare nil with number
  1. unknown - addons/synergywep/lua/weapons/weapon_scp0492.lua:237


L 08/19/2018 - 14:45:07: Lua Error: 
[ERROR] addons/synergywep/lua/weapons/weapon_scp0492.lua:237: attempt to compare nil with number
  1. unknown - addons/synergywep/lua/weapons/weapon_scp0492.lua:237


L 08/19/2018 - 14:45:07: Lua Error: 
[ERROR] addons/synergywep/lua/weapons/weapon_scp0492.lua:237: attempt to compare nil with number
  1. unknown - addons/synergywep/lua/weapons/weapon_scp0492.lua:237


L 08/19/2018 - 14:45:07: Lua Error: 
[ERROR] addons/synergywep/lua/weapons/weapon_scp0492.lua:237: attempt to compare nil with number
  1. unknown - addons/synergywep/lua/weapons/weapon_scp0492.lua:237


L 08/19/2018 - 14:45:07: Lua Error: 
[ERROR] addons/synergywep/lua/weapons/weapon_scp0492.lua:237: attempt to compare nil with number
  1. unknown - addons/synergywep/lua/weapons/weapon_scp0492.lua:237


L 08/19/2018 - 14:45:07: Lua Error: 
[ERROR] addons/synergywep/lua/weapons/weapon_scp0492.lua:237: attempt to compare nil with number
  1. unknown - addons/synergywep/lua/weapons/weapon_scp0492.lua:237


L 08/19/2018 - 14:45:07: Lua Error: 
[ERROR] addons/synergywep/lua/weapons/weapon_scp0492.lua:237: attempt to compare nil with number
  1. unknown - addons/synergywep/lua/weapons/weapon_scp0492.lua:237


L 08/19/2018 - 14:45:07: Lua Error: 
[ERROR] addons/synergywep/lua/weapons/weapon_scp0492.lua:237: attempt to compare nil with number
  1. unknown - addons/synergywep/lua/weapons/weapon_scp0492.lua:237


L 08/19/2018 - 14:45:07: Lua Error: 
[ERROR] addons/synergywep/lua/weapons/weapon_scp0492.lua:237: attempt to compare nil with number
  1. unknown - addons/synergywep/lua/weapons/weapon_scp0492.lua:237


L 08/19/2018 - 14:45:07: Lua Error: 
[ERROR] addons/synergywep/lua/weapons/weapon_scp0492.lua:237: attempt to compare nil with number
  1. unknown - addons/synergywep/lua/weapons/weapon_scp0492.lua:237


L 08/19/2018 - 14:45:07: Lua Error: 
[ERROR] addons/synergywep/lua/weapons/weapon_scp0492.lua:237: attempt to compare nil with number
  1. unknown - addons/synergywep/lua/weapons/weapon_scp0492.lua:237


L 08/19/2018 - 14:45:07: Lua Error: 
[ERROR] addons/synergywep/lua/weapons/weapon_scp0492.lua:237: attempt to compare nil with number
  1. unknown - addons/synergywep/lua/weapons/weapon_scp0492.lua:237


L 08/19/2018 - 14:45:07: Lua Error: 
[ERROR] addons/synergywep/lua/weapons/weapon_scp0492.lua:237: attempt to compare nil with number
  1. unknown - addons/synergywep/lua/weapons/weapon_scp0492.lua:237


L 08/19/2018 - 14:45:07: Lua Error: 
[ERROR] addons/synergywep/lua/weapons/weapon_scp0492.lua:237: attempt to compare nil with number
  1. unknown - addons/synergywep/lua/weapons/weapon_scp0492.lua:237


L 08/19/2018 - 14:45:07: Lua Error: 
[ERROR] addons/synergywep/lua/weapons/weapon_scp0492.lua:237: attempt to compare nil with number
  1. unknown - addons/synergywep/lua/weapons/weapon_scp0492.lua:237


L 08/19/2018 - 14:45:07: Lua Error: 
[ERROR] addons/synergywep/lua/weapons/weapon_scp0492.lua:237: attempt to compare nil with number
  1. unknown - addons/synergywep/lua/weapons/weapon_scp0492.lua:237


L 08/19/2018 - 14:45:07: Lua Error: 
[ERROR] addons/synergywep/lua/weapons/weapon_scp0492.lua:237: attempt to compare nil with number
  1. unknown - addons/synergywep/lua/weapons/weapon_scp0492.lua:237


L 08/19/2018 - 14:45:07: Lua Error: 
[ERROR] addons/synergywep/lua/weapons/weapon_scp0492.lua:237: attempt to compare nil with number
  1. unknown - addons/synergywep/lua/weapons/weapon_scp0492.lua:237


L 08/19/2018 - 14:45:07: Lua Error: 
[ERROR] addons/synergywep/lua/weapons/weapon_scp0492.lua:237: attempt to compare nil with number
  1. unknown - addons/synergywep/lua/weapons/weapon_scp0492.lua:237


L 08/19/2018 - 14:45:07: Lua Error: 
[ERROR] addons/synergywep/lua/weapons/weapon_scp0492.lua:237: attempt to compare nil with number
  1. unknown - addons/synergywep/lua/weapons/weapon_scp0492.lua:237


L 08/19/2018 - 14:45:07: Lua Error: 
[ERROR] addons/synergywep/lua/weapons/weapon_scp0492.lua:237: attempt to compare nil with number
  1. unknown - addons/synergywep/lua/weapons/weapon_scp0492.lua:237


L 08/19/2018 - 14:45:07: Lua Error: 
[ERROR] addons/synergywep/lua/weapons/weapon_scp0492.lua:237: attempt to compare nil with number
  1. unknown - addons/synergywep/lua/weapons/weapon_scp0492.lua:237


L 08/19/2018 - 14:45:07: Lua Error: 
[ERROR] addons/synergywep/lua/weapons/weapon_scp0492.lua:237: attempt to compare nil with number
  1. unknown - addons/synergywep/lua/weapons/weapon_scp0492.lua:237


L 08/19/2018 - 14:45:07: Lua Error: 
[ERROR] addons/synergywep/lua/weapons/weapon_scp0492.lua:237: attempt to compare nil with number
  1. unknown - addons/synergywep/lua/weapons/weapon_scp0492.lua:237


L 08/19/2018 - 14:45:07: Lua Error: 
[ERROR] addons/synergywep/lua/weapons/weapon_scp0492.lua:237: attempt to compare nil with number
  1. unknown - addons/synergywep/lua/weapons/weapon_scp0492.lua:237


L 08/19/2018 - 14:45:07: Lua Error: 
[ERROR] addons/synergywep/lua/weapons/weapon_scp0492.lua:237: attempt to compare nil with number
  1. unknown - addons/synergywep/lua/weapons/weapon_scp0492.lua:237


L 08/19/2018 - 14:45:07: Lua Error: 
[ERROR] addons/synergywep/lua/weapons/weapon_scp0492.lua:237: attempt to compare nil with number
  1. unknown - addons/synergywep/lua/weapons/weapon_scp0492.lua:237


L 08/19/2018 - 14:45:07: Lua Error: 
[ERROR] addons/synergywep/lua/weapons/weapon_scp0492.lua:237: attempt to compare nil with number
  1. unknown - addons/synergywep/lua/weapons/weapon_scp0492.lua:237


L 08/19/2018 - 14:45:07: Lua Error: 
[ERROR] addons/synergywep/lua/weapons/weapon_scp0492.lua:237: attempt to compare nil with number
  1. unknown - addons/synergywep/lua/weapons/weapon_scp0492.lua:237


L 08/19/2018 - 14:45:07: Lua Error: 
[ERROR] addons/synergywep/lua/weapons/weapon_scp0492.lua:237: attempt to compare nil with number
  1. unknown - addons/synergywep/lua/weapons/weapon_scp0492.lua:237


L 08/19/2018 - 14:45:07: Lua Error: 
[ERROR] addons/synergywep/lua/weapons/weapon_scp0492.lua:237: attempt to compare nil with number
  1. unknown - addons/synergywep/lua/weapons/weapon_scp0492.lua:237


L 08/19/2018 - 14:45:07: Lua Error: 
[ERROR] addons/synergywep/lua/weapons/weapon_scp0492.lua:237: attempt to compare nil with number
  1. unknown - addons/synergywep/lua/weapons/weapon_scp0492.lua:237


L 08/19/2018 - 14:45:07: Lua Error: 
[ERROR] addons/synergywep/lua/weapons/weapon_scp0492.lua:237: attempt to compare nil with number
  1. unknown - addons/synergywep/lua/weapons/weapon_scp0492.lua:237


L 08/19/2018 - 14:45:07: Lua Error: 
[ERROR] addons/synergywep/lua/weapons/weapon_scp0492.lua:237: attempt to compare nil with number
  1. unknown - addons/synergywep/lua/weapons/weapon_scp0492.lua:237


L 08/19/2018 - 14:45:07: Lua Error: 
[ERROR] addons/synergywep/lua/weapons/weapon_scp0492.lua:237: attempt to compare nil with number
  1. unknown - addons/synergywep/lua/weapons/weapon_scp0492.lua:237


L 08/19/2018 - 14:45:07: Lua Error: 
[ERROR] addons/synergywep/lua/weapons/weapon_scp0492.lua:237: attempt to compare nil with number
  1. unknown - addons/synergywep/lua/weapons/weapon_scp0492.lua:237


L 08/19/2018 - 14:45:07: Lua Error: 
[ERROR] addons/synergywep/lua/weapons/weapon_scp0492.lua:237: attempt to compare nil with number
  1. unknown - addons/synergywep/lua/weapons/weapon_scp0492.lua:237


L 08/19/2018 - 14:45:07: Lua Error: 
[ERROR] addons/synergywep/lua/weapons/weapon_scp0492.lua:237: attempt to compare nil with number
  1. unknown - addons/synergywep/lua/weapons/weapon_scp0492.lua:237


L 08/19/2018 - 14:45:07: Lua Error: 
[ERROR] addons/synergywep/lua/weapons/weapon_scp0492.lua:237: attempt to compare nil with number
  1. unknown - addons/synergywep/lua/weapons/weapon_scp0492.lua:237


L 08/19/2018 - 14:45:07: Lua Error: 
[ERROR] addons/synergywep/lua/weapons/weapon_scp0492.lua:237: attempt to compare nil with number
  1. unknown - addons/synergywep/lua/weapons/weapon_scp0492.lua:237


L 08/19/2018 - 14:45:07: Lua Error: 
[ERROR] addons/synergywep/lua/weapons/weapon_scp0492.lua:237: attempt to compare nil with number
  1. unknown - addons/synergywep/lua/weapons/weapon_scp0492.lua:237


L 08/19/2018 - 14:45:07: Lua Error: 
[ERROR] addons/synergywep/lua/weapons/weapon_scp0492.lua:237: attempt to compare nil with number
  1. unknown - addons/synergywep/lua/weapons/weapon_scp0492.lua:237


L 08/19/2018 - 14:45:07: Lua Error: 
[ERROR] addons/synergywep/lua/weapons/weapon_scp0492.lua:237: attempt to compare nil with number
  1. unknown - addons/synergywep/lua/weapons/weapon_scp0492.lua:237


L 08/19/2018 - 14:45:07: Lua Error: 
[ERROR] addons/synergywep/lua/weapons/weapon_scp0492.lua:237: attempt to compare nil with number
  1. unknown - addons/synergywep/lua/weapons/weapon_scp0492.lua:237


L 08/19/2018 - 14:45:07: Lua Error: 
[ERROR] addons/synergywep/lua/weapons/weapon_scp0492.lua:237: attempt to compare nil with number
  1. unknown - addons/synergywep/lua/weapons/weapon_scp0492.lua:237


L 08/19/2018 - 14:45:07: Lua Error: 
[ERROR] addons/synergywep/lua/weapons/weapon_scp0492.lua:237: attempt to compare nil with number
  1. unknown - addons/synergywep/lua/weapons/weapon_scp0492.lua:237


L 08/19/2018 - 14:45:07: Lua Error: 
[ERROR] addons/synergywep/lua/weapons/weapon_scp0492.lua:237: attempt to compare nil with number
  1. unknown - addons/synergywep/lua/weapons/weapon_scp0492.lua:237


L 08/19/2018 - 14:45:08: Lua Error: 
[ERROR] addons/synergywep/lua/weapons/weapon_scp0492.lua:237: attempt to compare nil with number
  1. unknown - addons/synergywep/lua/weapons/weapon_scp0492.lua:237


L 08/19/2018 - 14:45:08: Lua Error: 
[ERROR] addons/synergywep/lua/weapons/weapon_scp0492.lua:237: attempt to compare nil with number
  1. unknown - addons/synergywep/lua/weapons/weapon_scp0492.lua:237


L 08/19/2018 - 14:45:08: Lua Error: 
[ERROR] addons/synergywep/lua/weapons/weapon_scp0492.lua:237: attempt to compare nil with number
  1. unknown - addons/synergywep/lua/weapons/weapon_scp0492.lua:237


L 08/19/2018 - 14:45:08: Lua Error: 
[ERROR] addons/synergywep/lua/weapons/weapon_scp0492.lua:237: attempt to compare nil with number
  1. unknown - addons/synergywep/lua/weapons/weapon_scp0492.lua:237


L 08/19/2018 - 14:45:08: Lua Error: 
[ERROR] addons/synergywep/lua/weapons/weapon_scp0492.lua:237: attempt to compare nil with number
  1. unknown - addons/synergywep/lua/weapons/weapon_scp0492.lua:237


L 08/19/2018 - 14:45:08: Lua Error: 
[ERROR] addons/synergywep/lua/weapons/weapon_scp0492.lua:237: attempt to compare nil with number
  1. unknown - addons/synergywep/lua/weapons/weapon_scp0492.lua:237


L 08/19/2018 - 14:45:08: Lua Error: 
[ERROR] addons/synergywep/lua/weapons/weapon_scp0492.lua:237: attempt to compare nil with number
  1. unknown - addons/synergywep/lua/weapons/weapon_scp0492.lua:237


L 08/19/2018 - 14:45:08: Lua Error: 
[ERROR] addons/synergywep/lua/weapons/weapon_scp0492.lua:237: attempt to compare nil with number
  1. unknown - addons/synergywep/lua/weapons/weapon_scp0492.lua:237


L 08/19/2018 - 14:45:08: Lua Error: 
[ERROR] addons/synergywep/lua/weapons/weapon_scp0492.lua:237: attempt to compare nil with number
  1. unknown - addons/synergywep/lua/weapons/weapon_scp0492.lua:237


L 08/19/2018 - 14:45:08: Lua Error: 
[ERROR] addons/synergywep/lua/weapons/weapon_scp0492.lua:237: attempt to compare nil with number
  1. unknown - addons/synergywep/lua/weapons/weapon_scp0492.lua:237


L 08/19/2018 - 14:45:08: Lua Error: 
[ERROR] addons/synergywep/lua/weapons/weapon_scp0492.lua:237: attempt to compare nil with number
  1. unknown - addons/synergywep/lua/weapons/weapon_scp0492.lua:237


L 08/19/2018 - 14:45:08: Lua Error: 
[ERROR] addons/synergywep/lua/weapons/weapon_scp0492.lua:237: attempt to compare nil with number
  1. unknown - addons/synergywep/lua/weapons/weapon_scp0492.lua:237


L 08/19/2018 - 14:45:08: Lua Error: 
[ERROR] addons/synergywep/lua/weapons/weapon_scp0492.lua:237: attempt to compare nil with number
  1. unknown - addons/synergywep/lua/weapons/weapon_scp0492.lua:237


L 08/19/2018 - 14:45:08: Lua Error: 
[ERROR] addons/synergywep/lua/weapons/weapon_scp0492.lua:237: attempt to compare nil with number
  1. unknown - addons/synergywep/lua/weapons/weapon_scp0492.lua:237


L 08/19/2018 - 14:45:08: Lua Error: 
[ERROR] addons/synergywep/lua/weapons/weapon_scp0492.lua:237: attempt to compare nil with number
  1. unknown - addons/synergywep/lua/weapons/weapon_scp0492.lua:237


L 08/19/2018 - 14:45:08: Lua Error: 
[ERROR] addons/synergywep/lua/weapons/weapon_scp0492.lua:237: attempt to compare nil with number
  1. unknown - addons/synergywep/lua/weapons/weapon_scp0492.lua:237


L 08/19/2018 - 14:45:08: Lua Error: 
[ERROR] addons/synergywep/lua/weapons/weapon_scp0492.lua:237: attempt to compare nil with number
  1. unknown - addons/synergywep/lua/weapons/weapon_scp0492.lua:237


L 08/19/2018 - 14:45:08: Lua Error: 
[ERROR] addons/synergywep/lua/weapons/weapon_scp0492.lua:237: attempt to compare nil with number
  1. unknown - addons/synergywep/lua/weapons/weapon_scp0492.lua:237


L 08/19/2018 - 14:45:08: Lua Error: 
[ERROR] addons/synergywep/lua/weapons/weapon_scp0492.lua:237: attempt to compare nil with number
  1. unknown - addons/synergywep/lua/weapons/weapon_scp0492.lua:237


L 08/19/2018 - 14:45:08: Lua Error: 
[ERROR] addons/synergywep/lua/weapons/weapon_scp0492.lua:237: attempt to compare nil with number
  1. unknown - addons/synergywep/lua/weapons/weapon_scp0492.lua:237


L 08/19/2018 - 14:45:08: Lua Error: 
[ERROR] addons/synergywep/lua/weapons/weapon_scp0492.lua:237: attempt to compare nil with number
  1. unknown - addons/synergywep/lua/weapons/weapon_scp0492.lua:237


L 08/19/2018 - 14:45:08: Lua Error: 
[ERROR] addons/synergywep/lua/weapons/weapon_scp0492.lua:237: attempt to compare nil with number
  1. unknown - addons/synergywep/lua/weapons/weapon_scp0492.lua:237


L 08/19/2018 - 14:45:08: Lua Error: 
[ERROR] addons/synergywep/lua/weapons/weapon_scp0492.lua:237: attempt to compare nil with number
  1. unknown - addons/synergywep/lua