L 08/24/2018 - 01:00:20: Log file started (file "logs\L0824001.log") (game "F:\sup\steamapps\common\GarrysModDS\garrysmod") (version "7220")
L 08/24/2018 - 01:00:20: server_cvar: "sv_alltalk" "3"
L 08/24/2018 - 01:00:21: Connection to Steam servers successful.
L 08/24/2018 - 01:00:21:    Public IP is 31.130.42.81.
L 08/24/2018 - 01:00:21: Assigned anonymous gameserver Steam ID [A-1:978526211(10886)].
L 08/24/2018 - 01:00:21: VAC secure mode is activated.
L 08/24/2018 - 01:01:38: "DidVaitel<2><STEAM_0:1:74202541><>" connected, address "192.168.1.101:27006"
L 08/24/2018 - 01:01:39: "DidVaitel<2><STEAM_0:1:74202541><>" STEAM USERID validated
L 08/24/2018 - 01:01:50: "DidVaitel<2><STEAM_0:1:74202541><>" entered the game
L 08/24/2018 - 01:03:24: "Zim<3><STEAM_0:0:54251634><>" connected, address "24.36.155.160:27005"
L 08/24/2018 - 01:03:24: "Zim<3><STEAM_0:0:54251634><>" STEAM USERID validated
L 08/24/2018 - 01:03:36: "Zim<3><STEAM_0:0:54251634><>" entered the game
L 08/24/2018 - 01:04:14: "DidVaitel<2><STEAM_0:1:74202541><Team>" say "you hearded it?"
L 08/24/2018 - 01:04:37: "Zim<3><STEAM_0:0:54251634><Team>" say "Text needs to be updated for that, but works properly with time and stuff."
L 08/24/2018 - 01:04:53: "DidVaitel<2><STEAM_0:1:74202541><Team>" say "YOU HEARD SOUND OR NOT?))"
L 08/24/2018 - 01:04:57: "Zim<3><STEAM_0:0:54251634><Team>" say_team "Yes"
L 08/24/2018 - 01:04:58: "Zim<3><STEAM_0:0:54251634><Team>" say "Yes"
L 08/24/2018 - 01:05:17: "Zim<3><STEAM_0:0:54251634><Team>" say "Let me try distance."
L 08/24/2018 - 01:05:23: "Zim<3><STEAM_0:0:54251634><Team>" say "Do it again."
L 08/24/2018 - 01:05:25: "DidVaitel<2><STEAM_0:1:74202541><Team>" say "Guys with that you test it doesnt have content"
L 08/24/2018 - 01:05:40: "Zim<3><STEAM_0:0:54251634><Team>" say "they do, odd."
L 08/24/2018 - 01:05:46: "DidVaitel<2><STEAM_0:1:74202541><Team>" say "Ahahah lul"
L 08/24/2018 - 01:05:51: "DidVaitel<2><STEAM_0:1:74202541><Team>" say "i dont changed anything"
L 08/24/2018 - 01:05:52: "Zim<3><STEAM_0:0:54251634><Team>" say "That's sound travels a little to far."
L 08/24/2018 - 01:06:01: "DidVaitel<2><STEAM_0:1:74202541><Team>" say "need more distance?"
L 08/24/2018 - 01:06:05: "Zim<3><STEAM_0:0:54251634><Team>" say "Less"
L 08/24/2018 - 01:06:09: "DidVaitel<2><STEAM_0:1:74202541><Team>" say "okay"
L 08/24/2018 - 01:06:26: "Zim<3><STEAM_0:0:54251634><Team>" say "About this far"
L 08/24/2018 - 01:06:41: "DidVaitel<2><STEAM_0:1:74202541><Team>" say "okay. now katana"
L 08/24/2018 - 01:06:48: Lua Error: 
[ERROR] addons/synergywep/lua/weapons/weapon_katana/shared.lua:244: Tried to use a NULL entity!
  1. SetAngles - [C]:-1
   2. unknown - addons/synergywep/lua/weapons/weapon_katana/shared.lua:244


L 08/24/2018 - 01:06:49: Lua Error: 
[ERROR] addons/synergywep/lua/weapons/weapon_katana/shared.lua:244: Tried to use a NULL entity!
  1. SetAngles - [C]:-1
   2. unknown - addons/synergywep/lua/weapons/weapon_katana/shared.lua:244


L 08/24/2018 - 01:07:03: "Zim<3><STEAM_0:0:54251634><Team>" say "Hear how loud?"
L 08/24/2018 - 01:07:04: Lua Error: 
[ERROR] addons/synergywep/lua/weapons/weapon_katana/shared.lua:244: Tried to use a NULL entity!
  1. SetAngles - [C]:-1
   2. unknown - addons/synergywep/lua/weapons/weapon_katana/shared.lua:244


L 08/24/2018 - 01:07:06: Lua Error: 
[ERROR] addons/synergywep/lua/weapons/weapon_katana/shared.lua:244: Tried to use a NULL entity!
  1. SetAngles - [C]:-1
   2. unknown - addons/synergywep/lua/weapons/weapon_katana/shared.lua:244


L 08/24/2018 - 01:07:13: Lua Error: 
[ERROR] addons/synergywep/lua/weapons/weapon_katana/shared.lua:244: Tried to use a NULL entity!
  1. SetAngles - [C]:-1
   2. unknown - addons/synergywep/lua/weapons/weapon_katana/shared.lua:244


L 08/24/2018 - 01:07:14: Lua Error: 
[ERROR] addons/synergywep/lua/weapons/weapon_katana/shared.lua:244: Tried to use a NULL entity!
  1. SetAngles - [C]:-1
   2. unknown - addons/synergywep/lua/weapons/weapon_katana/shared.lua:244


L 08/24/2018 - 01:07:14: Lua Error: 
[ERROR] addons/synergywep/lua/weapons/weapon_katana/shared.lua:244: Tried to use a NULL entity!
  1. SetAngles - [C]:-1
   2. unknown - addons/synergywep/lua/weapons/weapon_katana/shared.lua:244


L 08/24/2018 - 01:07:15: Lua Error: 
[ERROR] addons/synergywep/lua/weapons/weapon_katana/shared.lua:244: Tried to use a NULL entity!
  1. SetAngles - [C]:-1
   2. unknown - addons/synergywep/lua/weapons/weapon_katana/shared.lua:244


L 08/24/2018 - 01:07:15: Lua Error: 
[ERROR] addons/synergywep/lua/weapons/weapon_katana/shared.lua:244: Tried to use a NULL entity!
  1. SetAngles - [C]:-1
   2. unknown - addons/synergywep/lua/weapons/weapon_katana/shared.lua:244


L 08/24/2018 - 01:07:16: Lua Error: 
[ERROR] addons/synergywep/lua/weapons/weapon_katana/shared.lua:244: Tried to use a NULL entity!
  1. SetAngles - [C]:-1
   2. unknown - addons/synergywep/lua/weapons/weapon_katana/shared.lua:244


L 08/24/2018 - 01:07:16: Lua Error: 
[ERROR] addons/synergywep/lua/weapons/weapon_katana/shared.lua:244: Tried to use a NULL entity!
  1. SetAngles - [C]:-1
   2. unknown - addons/synergywep/lua/weapons/weapon_katana/shared.lua:244


L 08/24/2018 - 01:07:20: "Zim<3><STEAM_0:0:54251634><Team>" say "No throwing?"
L 08/24/2018 - 01:07:21: Lua Error: 
[ERROR] addons/synergywep/lua/weapons/weapon_katana/shared.lua:244: Tried to use a NULL entity!
  1. SetAngles - [C]:-1
   2. unknown - addons/synergywep/lua/weapons/weapon_katana/shared.lua:244


L 08/24/2018 - 01:07:22: Lua Error: 
[ERROR] addons/synergywep/lua/weapons/weapon_katana/shared.lua:244: Tried to use a NULL entity!
  1. SetAngles - [C]:-1
   2. unknown - addons/synergywep/lua/weapons/weapon_katana/shared.lua:244


L 08/24/2018 - 01:07:22: "DidVaitel<2><STEAM_0:1:74202541><Team>" say "wait"
L 08/24/2018 - 01:07:23: Lua Error: 
[ERROR] addons/synergywep/lua/weapons/weapon_katana/shared.lua:244: Tried to use a NULL entity!
  1. SetAngles - [C]:-1
   2. unknown - addons/synergywep/lua/weapons/weapon_katana/shared.lua:244


L 08/24/2018 - 01:07:25: Lua Error: 
[ERROR] addons/synergywep/lua/weapons/weapon_katana/shared.lua:244: Tried to use a NULL entity!
  1. SetAngles - [C]:-1
   2. unknown - addons/synergywep/lua/weapons/weapon_katana/shared.lua:244


L 08/24/2018 - 01:07:29: Lua Error: 
[ERROR] addons/synergywep/lua/weapons/weapon_katana/shared.lua:244: Tried to use a NULL entity!
  1. SetAngles - [C]:-1
   2. unknown - addons/synergywep/lua/weapons/weapon_katana/shared.lua:244


L 08/24/2018 - 01:08:07: Lua Error: 
[ERROR] addons/synergywep/lua/weapons/weapon_katana/shared.lua:186: ')' expected near 'math'
  1. unknown - addons/synergywep/lua/weapons/weapon_katana/shared.lua:0


L 08/24/2018 - 01:08:17: Lua Error: 
[ERROR] addons/synergywep/lua/weapons/weapon_katana/shared.lua:244: Tried to use a NULL entity!
  1. SetAngles - [C]:-1
   2. unknown - addons/synergywep/lua/weapons/weapon_katana/shared.lua:244


L 08/24/2018 - 01:08:19: Lua Error: 
[ERROR] addons/synergywep/lua/weapons/weapon_katana/shared.lua:244: Tried to use a NULL entity!
  1. SetAngles - [C]:-1
   2. unknown - addons/synergywep/lua/weapons/weapon_katana/shared.lua:244


L 08/24/2018 - 01:08:23: Lua Error: 
[ERROR] addons/synergywep/lua/weapons/weapon_katana/shared.lua:244: Tried to use a NULL entity!
  1. SetAngles - [C]:-1
   2. unknown - addons/synergywep/lua/weapons/weapon_katana/shared.lua:244


L 08/24/2018 - 01:08:25: Lua Error: 
[ERROR] addons/synergywep/lua/weapons/weapon_katana/shared.lua:244: Tried to use a NULL entity!
  1. SetAngles - [C]:-1
   2. unknown - addons/synergywep/lua/weapons/weapon_katana/shared.lua:244


L 08/24/2018 - 01:09:09: Lua Error: 
[ERROR] addons/synergywep/lua/weapons/weapon_katana/shared.lua:244: Tried to use a NULL entity!
  1. SetAngles - [C]:-1
   2. unknown - addons/synergywep/lua/weapons/weapon_katana/shared.lua:244


L 08/24/2018 - 01:09:09: "Zim<3><STEAM_0:0:54251634><Team>" say "Isn't it really loud for you?"
L 08/24/2018 - 01:09:10: Lua Error: 
[ERROR] addons/synergywep/lua/weapons/weapon_katana/shared.lua:244: Tried to use a NULL entity!
  1. SetAngles - [C]:-1
   2. unknown - addons/synergywep/lua/weapons/weapon_katana/shared.lua:244


L 08/24/2018 - 01:09:17: "Zim<3><STEAM_0:0:54251634><Team>" say "Less now."
L 08/24/2018 - 01:09:26: "Zim<3><STEAM_0:0:54251634><Team>" say "Can you half it's current?"
L 08/24/2018 - 01:09:40: "DidVaitel<2><STEAM_0:1:74202541><Team>" say "i dont know how it's working"
L 08/24/2018 - 01:09:40: "Zim<3><STEAM_0:0:54251634><Team>" say "Also, I will need to leave to go out soon, just so you know. :)"
L 08/24/2018 - 01:09:45: "DidVaitel<2><STEAM_0:1:74202541><Team>" say "magic of gmod"
L 08/24/2018 - 01:09:51: "Zim<3><STEAM_0:0:54251634><Team>" say "Lmao"
L 08/24/2018 - 01:09:52: "DidVaitel<2><STEAM_0:1:74202541><Team>" say "sound of hit now is 1"
L 08/24/2018 - 01:09:56: Lua Error: 
[ERROR] addons/synergywep/lua/weapons/weapon_katana/shared.lua:244: Tried to use a NULL entity!
  1. SetAngles - [C]:-1
   2. unknown - addons/synergywep/lua/weapons/weapon_katana/shared.lua:244


L 08/24/2018 - 01:10:02: "Zim<3><STEAM_0:0:54251634><Team>" say "Can it be .5?"
L 08/24/2018 - 01:10:12: "Zim<3><STEAM_0:0:54251634><Team>" say "Actually"
L 08/24/2018 - 01:10:14: "Zim<3><STEAM_0:0:54251634><Team>" say "This is good"
L 08/24/2018 - 01:10:44: "DidVaitel<2><STEAM_0:1:74202541><Team>" say "GARRY"
L 08/24/2018 - 01:10:45: "DidVaitel<2><STEAM_0:1:74202541><Team>" say "garry"
L 08/24/2018 - 01:10:48: "DidVaitel<2><STEAM_0:1:74202541><Team>" say "GARRY"
L 08/24/2018 - 01:10:53: "Zim<3><STEAM_0:0:54251634><Team>" say "Uh"
L 08/24/2018 - 01:10:53: "DidVaitel<2><STEAM_0:1:74202541><Team>" say "FIX YOUR SHITTY GAME"
L 08/24/2018 - 01:10:56: "DidVaitel<2><STEAM_0:1:74202541><Team>" say "Okay"
L 08/24/2018 - 01:11:01: "DidVaitel<2><STEAM_0:1:74202541><Team>" say "Now it's will working"
L 08/24/2018 - 01:11:10: "Zim<3><STEAM_0:0:54251634><Team>" say "Anything else to test before I go?"
L 08/24/2018 - 01:11:17: "DidVaitel<2><STEAM_0:1:74202541><Team>" say "never"
L 08/24/2018 - 01:11:19: "DidVaitel<2><STEAM_0:1:74202541><Team>" say "No"
L 08/24/2018 - 01:11:22: "Zim<3><STEAM_0:0:54251634><Team>" say "Okay."
L 08/24/2018 - 01:11:22: "DidVaitel<2><STEAM_0:1:74202541><Team>" say "You can go"
L 08/24/2018 - 01:11:28: "Zim<3><STEAM_0:0:54251634><Team>" say "I'll leave you back to your work."
L 08/24/2018 - 01:11:31: "Zim<3><STEAM_0:0:54251634><Team>" say "Thanks homie."
L 08/24/2018 - 01:13:05: "Zim<3><STEAM_0:0:54251634><>" disconnected (reason "Disconnect by user.")
L 08/24/2018 - 01:14:51: "DidVaitel<2><STEAM_0:1:74202541><>" disconnected (reason "Server shutting down")
L 08/24/2018 - 01:14:51: server_message: "quit"
L 08/24/2018 - 01:14:51: Log file closed.
