L 08/22/2018 - 16:52:17: Log file started (file "logs\L0822011.log") (game "F:\sup\steamapps\common\GarrysModDS\garrysmod") (version "7220")
L 08/22/2018 - 16:52:17: server_cvar: "sv_alltalk" "3"
L 08/22/2018 - 16:52:18: Connection to Steam servers successful.
L 08/22/2018 - 16:52:18:    Public IP is 31.130.42.81.
L 08/22/2018 - 16:52:18: Assigned anonymous gameserver Steam ID [A-1:384662531(10878)].
L 08/22/2018 - 16:52:18: VAC secure mode is activated.
L 08/22/2018 - 16:52:21: "DidVaitel<2><STEAM_0:1:74202541><>" connected, address "192.168.1.101:27005"
L 08/22/2018 - 16:52:21: "DidVaitel<2><STEAM_0:1:74202541><>" STEAM USERID validated
L 08/22/2018 - 16:52:25: "DidVaitel<2><STEAM_0:1:74202541><>" entered the game
L 08/22/2018 - 16:52:59: "DidVaitel<2><STEAM_0:1:74202541><>" disconnected (reason "Kicked by anticheat:
        Incident ID: STEAM_0:1:74202541/6 (note this if you want to appeal)
        Reason: clientside lua execution")
L 08/22/2018 - 16:53:25: "DidVaitel<3><STEAM_0:1:74202541><>" connected, address "192.168.1.101:27005"
L 08/22/2018 - 16:53:26: "DidVaitel<3><STEAM_0:1:74202541><>" STEAM USERID validated
L 08/22/2018 - 16:53:30: "DidVaitel<3><STEAM_0:1:74202541><>" entered the game
L 08/22/2018 - 16:56:52: "Bot01<4><BOT><>" connected, address "none"
L 08/22/2018 - 16:56:52: "Bot01<4><BOT><>" entered the game
L 08/22/2018 - 16:58:02: "DidVaitel<3><STEAM_0:1:74202541><>" disconnected (reason "Disconnect by user.")
L 08/22/2018 - 16:58:02: "Bot01<4><BOT><>" disconnected (reason "Punting bot, server is hibernating")
L 08/22/2018 - 16:58:03: "DidVaitel<5><STEAM_0:1:74202541><>" connected, address "192.168.1.101:27005"
L 08/22/2018 - 16:58:03: "DidVaitel<5><STEAM_0:1:74202541><>" STEAM USERID validated
L 08/22/2018 - 16:58:07: "DidVaitel<5><STEAM_0:1:74202541><>" entered the game
L 08/22/2018 - 16:58:13: "صَبَاحْ الخَيْرْ<6><STEAM_0:0:443343444><>" connected, address "178.70.188.102:27005"
L 08/22/2018 - 16:58:13: "صَبَاحْ الخَيْرْ<6><STEAM_0:0:443343444><>" STEAM USERID validated
L 08/22/2018 - 16:59:01: "صَبَاحْ الخَيْرْ<6><STEAM_0:0:443343444><>" entered the game
L 08/22/2018 - 16:59:44: "صَبَاحْ الخَيْرْ<6><STEAM_0:0:443343444><Team>" say "HELLO"
L 08/22/2018 - 17:10:04: "صَبَاحْ الخَيْرْ<6><STEAM_0:0:443343444><>" disconnected (reason "Disconnect by user.")
L 08/22/2018 - 17:19:48: "Bot02<7><BOT><>" connected, address "none"
L 08/22/2018 - 17:19:48: "Bot02<7><BOT><>" entered the game
L 08/22/2018 - 17:20:04: "Bot03<8><BOT><>" connected, address "none"
L 08/22/2018 - 17:20:04: "Bot03<8><BOT><>" entered the game
L 08/22/2018 - 17:21:11: "Bot03<8><BOT><>" disconnected (reason "Server shutting down")
L 08/22/2018 - 17:21:11: "Bot02<7><BOT><>" disconnected (reason "Server shutting down")
L 08/22/2018 - 17:21:11: "DidVaitel<5><STEAM_0:1:74202541><>" disconnected (reason "Server shutting down")
L 08/22/2018 - 17:21:11: server_message: "quit"
L 08/22/2018 - 17:21:11: Log file closed.
