L 08/20/2019 - 14:09:20: Log file started (file "logs\L0820005.log") (game "F:\sup\steamapps\common\GarrysModDS\garrysmod") (version "7517")
L 08/20/2019 - 14:09:20: server_cvar: "sv_alltalk" "3"
L 08/20/2019 - 14:09:20: server_cvar: "sv_allowcslua" "1"
L 08/20/2019 - 14:09:20: server_cvar: "sv_airaccelerate" "1000"
L 08/20/2019 - 14:09:20: server_cvar: "sv_alltalk" "0"
L 08/20/2019 - 14:09:21: Connection to Steam servers successful.
L 08/20/2019 - 14:09:21:    Public IP is 31.130.42.81.
L 08/20/2019 - 14:09:21: Assigned anonymous gameserver Steam ID [A-1:935472131(13137)].
L 08/20/2019 - 14:09:22: VAC secure mode is activated.
L 08/20/2019 - 14:09:28: "DidVaitel".. lox .."<2><STEAM_0:1:74202541><>" connected, address "26.64.99.216:27005"
L 08/20/2019 - 14:09:29: "DidVaitel".. lox .."<2><STEAM_0:1:74202541><>" STEAM USERID validated
L 08/20/2019 - 14:09:37: [FAdmin] DidVaitel".. lox .." (STEAM_0:1:74202541) Spawned for the first time
L 08/20/2019 - 14:09:37: [FAdmin] DidVaitel".. lox .." (STEAM_0:1:74202541) is Authed
L 08/20/2019 - 14:09:37: [FAdmin] DidVaitel".. lox .." (STEAM_0:1:74202541) Spawned
L 08/20/2019 - 14:09:37: "DidVaitel".. lox .."<2><STEAM_0:1:74202541><>" entered the game
L 08/20/2019 - 14:09:37: [FAdmin] DidVaitel".. lox .." (STEAM_0:1:74202541) Attempted to pick up a keys
L 08/20/2019 - 14:09:37: [FAdmin] DidVaitel".. lox .." (STEAM_0:1:74202541) Attempted to pick up a weapon_physcannon
L 08/20/2019 - 14:09:37: [FAdmin] DidVaitel".. lox .." (STEAM_0:1:74202541) Attempted to pick up a gmod_camera
L 08/20/2019 - 14:09:37: [FAdmin] DidVaitel".. lox .." (STEAM_0:1:74202541) Attempted to pick up a gmod_tool
L 08/20/2019 - 14:09:37: [FAdmin] DidVaitel".. lox .." (STEAM_0:1:74202541) Attempted to pick up a pocket
L 08/20/2019 - 14:09:37: [FAdmin] DidVaitel".. lox .." (STEAM_0:1:74202541) Attempted to pick up a weapon_physgun
L 08/20/2019 - 14:10:09: [FAdmin] DidVaitel".. lox .." (STEAM_0:1:74202541) Spawned a models/props_c17/FurnitureDrawer001a_Chunk06.mdl
L 08/20/2019 - 14:10:10: [FAdmin] prop_physics(models/props_c17/furnituredrawer001a_chunk06.mdl) Got removed
L 08/20/2019 - 14:10:52: [FAdmin] DidVaitel".. lox .." (STEAM_0:1:74202541) changed from Citizen to Civil Protection
L 08/20/2019 - 14:10:52: [FAdmin] DidVaitel".. lox .." (STEAM_0:1:74202541) Attempted to pick up a arrest_stick
L 08/20/2019 - 14:10:52: [FAdmin] DidVaitel".. lox .." (STEAM_0:1:74202541) Attempted to pick up a unarrest_stick
L 08/20/2019 - 14:10:52: [FAdmin] DidVaitel".. lox .." (STEAM_0:1:74202541) Attempted to pick up a weapon_glock2
L 08/20/2019 - 14:10:52: [FAdmin] DidVaitel".. lox .." (STEAM_0:1:74202541) Attempted to pick up a stunstick
L 08/20/2019 - 14:10:52: [FAdmin] DidVaitel".. lox .." (STEAM_0:1:74202541) Attempted to pick up a door_ram
L 08/20/2019 - 14:10:52: [FAdmin] DidVaitel".. lox .." (STEAM_0:1:74202541) Attempted to pick up a weaponchecker
L 08/20/2019 - 14:10:52: [FAdmin] DidVaitel".. lox .." (STEAM_0:1:74202541) Attempted to pick up a keys
L 08/20/2019 - 14:10:52: [FAdmin] DidVaitel".. lox .." (STEAM_0:1:74202541) Attempted to pick up a weapon_physcannon
L 08/20/2019 - 14:10:52: [FAdmin] DidVaitel".. lox .." (STEAM_0:1:74202541) Attempted to pick up a gmod_camera
L 08/20/2019 - 14:10:52: [FAdmin] DidVaitel".. lox .." (STEAM_0:1:74202541) Attempted to pick up a gmod_tool
L 08/20/2019 - 14:10:52: [FAdmin] DidVaitel".. lox .." (STEAM_0:1:74202541) Attempted to pick up a pocket
L 08/20/2019 - 14:10:52: [FAdmin] DidVaitel".. lox .." (STEAM_0:1:74202541) Attempted to pick up a weapon_physgun
L 08/20/2019 - 14:13:44: [FAdmin] Server succesfully shut down.
L 08/20/2019 - 14:13:44: [FAdmin] prop_physics(models/maxofs2d/companion_doll.mdl) Got removed
L 08/20/2019 - 14:13:44: [FAdmin] prop_physics(models/props_c17/furnituretable003a.mdl) Got removed
L 08/20/2019 - 14:13:44: [FAdmin] prop_physics(models/props_c17/furniturecouch002a.mdl) Got removed
L 08/20/2019 - 14:13:44: [FAdmin] prop_physics(models/props_c17/furniturecouch001a.mdl) Got removed
L 08/20/2019 - 14:13:44: "DidVaitel".. lox .."<2><STEAM_0:1:74202541><>" disconnected (reason "Server shutting down")
L 08/20/2019 - 14:13:44: server_message: "quit"
L 08/20/2019 - 14:13:44: Log file closed.
