L 09/25/2018 - 17:10:19: Log file started (file "logs\L0925002.log") (game "F:\sup\steamapps\common\GarrysModDS\garrysmod") (version "7220")
L 09/25/2018 - 17:10:19: server_cvar: "sv_alltalk" "3"
L 09/25/2018 - 17:10:19: server_cvar: "sv_airaccelerate" "1000"
L 09/25/2018 - 17:10:19: server_cvar: "sv_alltalk" "0"
L 09/25/2018 - 17:10:21: Connection to Steam servers successful.
L 09/25/2018 - 17:10:21:    Public IP is 31.130.42.81.
L 09/25/2018 - 17:10:21: Assigned anonymous gameserver Steam ID [A-1:2307067907(11107)].
L 09/25/2018 - 17:10:21: VAC secure mode is activated.
L 09/25/2018 - 17:10:24: "DidVaitel<2><STEAM_0:1:74202541><>" connected, address "192.168.1.101:27005"
L 09/25/2018 - 17:10:25: "DidVaitel<2><STEAM_0:1:74202541><>" STEAM USERID validated
L 09/25/2018 - 17:10:25: AWarn: Message Table Exists
L 09/25/2018 - 17:10:25: AWarn: Player Data Table Exists
L 09/25/2018 - 17:10:25: AWarn: Offline Player Data Table Exists
L 09/25/2018 - 17:10:30: AWarn: Your server info has been updated to the online statistics tracking
L 09/25/2018 - 17:11:09: [FAdmin] DidVaitel (STEAM_0:1:74202541) is Authed
L 09/25/2018 - 17:11:09: [FAdmin] DidVaitel (STEAM_0:1:74202541) Spawned for the first time
L 09/25/2018 - 17:11:09: [FAdmin] DidVaitel (STEAM_0:1:74202541) Spawned
L 09/25/2018 - 17:11:09: "DidVaitel<2><STEAM_0:1:74202541><>" entered the game
L 09/25/2018 - 17:11:09: [FAdmin] DidVaitel (STEAM_0:1:74202541) Attempted to pick up a keys
L 09/25/2018 - 17:11:09: [FAdmin] DidVaitel (STEAM_0:1:74202541) Attempted to pick up a gmod_tool
L 09/25/2018 - 17:11:09: [FAdmin] DidVaitel (STEAM_0:1:74202541) Attempted to pick up a weapon_physgun
L 09/25/2018 - 17:11:34: [FAdmin] DidVaitel (STEAM_0:1:74202541) Attempted to use tool camera
L 09/25/2018 - 17:11:34: [ULX] DidVaitel<STEAM_0:1:74202541> used the tool camera on maps/gm_construct.bsp
L 09/25/2018 - 17:11:47: [FAdmin] DidVaitel (STEAM_0:1:74202541) changed from Civilian to OTA Soldier
L 09/25/2018 - 17:11:47: [FAdmin] DidVaitel (STEAM_0:1:74202541) Got killed silently
L 09/25/2018 - 17:11:49: [FAdmin] DidVaitel (STEAM_0:1:74202541) Spawned
L 09/25/2018 - 17:11:49: [FAdmin] DidVaitel (STEAM_0:1:74202541) Attempted to pick up a weapon_stunstick
L 09/25/2018 - 17:11:49: [FAdmin] DidVaitel (STEAM_0:1:74202541) Attempted to pick up a ma85_wf_pt27
L 09/25/2018 - 17:11:49: [FAdmin] DidVaitel (STEAM_0:1:74202541) Attempted to pick up a ma85_wf_ar07
L 09/25/2018 - 17:11:49: [FAdmin] DidVaitel (STEAM_0:1:74202541) Attempted to pick up a keys
L 09/25/2018 - 17:11:49: [FAdmin] DidVaitel (STEAM_0:1:74202541) Attempted to pick up a gmod_tool
L 09/25/2018 - 17:11:49: [FAdmin] DidVaitel (STEAM_0:1:74202541) Attempted to pick up a weapon_physgun
L 09/25/2018 - 17:12:19: [FAdmin] DidVaitel (STEAM_0:1:74202541) Gave himself a weapon_jetpack
L 09/25/2018 - 17:12:19: [ULX] DidVaitel<STEAM_0:1:74202541> spawned/gave himself swep weapon_jetpack
L 09/25/2018 - 17:12:20: [FAdmin] DidVaitel (STEAM_0:1:74202541) Attempted to pick up a weapon_jetpack
L 09/25/2018 - 17:12:32: "DidVaitel<2><STEAM_0:1:74202541><>" disconnected (reason "Restarting lua state for SecureGMod. Check server console. (1)")
L 09/25/2018 - 17:12:32: [FAdmin] DidVaitel (STEAM_0:1:74202541) Disconnected
L 09/25/2018 - 17:12:32: [FAdmin] Server succesfully shut down.
L 09/25/2018 - 17:12:32: [FAdmin] prop_physics(models/maxofs2d/companion_doll.mdl) Got removed
L 09/25/2018 - 17:12:32: [FAdmin] prop_physics(models/props_c17/furnituretable003a.mdl) Got removed
L 09/25/2018 - 17:12:32: [FAdmin] prop_physics(models/props_c17/furniturecouch002a.mdl) Got removed
L 09/25/2018 - 17:12:32: [FAdmin] prop_physics(models/props_c17/furniturecouch001a.mdl) Got removed
L 09/25/2018 - 17:12:32: Log file closed.
