L 09/25/2018 - 17:14:40: Log file started (file "logs\L0925005.log") (game "F:\sup\steamapps\common\GarrysModDS\garrysmod") (version "7220")
L 09/25/2018 - 17:14:40: Loading map "gm_construct"
L 09/25/2018 - 17:14:40: server cvars start
L 09/25/2018 - 17:14:40: "ttt_namechange_bantime" = "10"
L 09/25/2018 - 17:14:40: "ttt_namechange_kick" = "1"
L 09/25/2018 - 17:14:40: "ttt_ragdoll_pinning_innocents" = "0"
L 09/25/2018 - 17:14:40: "ttt_ragdoll_pinning" = "1"
L 09/25/2018 - 17:14:40: "ttt_teleport_telefrags" = "0"
L 09/25/2018 - 17:14:40: "ttt_no_nade_throw_during_prep" = "0"
L 09/25/2018 - 17:14:40: "ttt_allow_discomb_jump" = "0"
L 09/25/2018 - 17:14:40: "ttt_detective_hats" = "0"
L 09/25/2018 - 17:14:40: "ttt_detective_karma_min" = "600"
L 09/25/2018 - 17:14:40: "ttt_detective_min_players" = "8"
L 09/25/2018 - 17:14:40: "ttt_det_credits_starting" = "1"
L 09/25/2018 - 17:14:40: "ttt_detective_pct" = "0.125000"
L 09/25/2018 - 17:14:40: "ttt_detective_max" = "32"
L 09/25/2018 - 17:14:40: "ttt_credits_starting" = "2"
L 09/25/2018 - 17:14:40: "ttt_traitor_pct" = "0.250000"
L 09/25/2018 - 17:14:40: "ttt_traitor_max" = "32"
L 09/25/2018 - 17:14:40: "ttt_postround_dm" = "0"
L 09/25/2018 - 17:14:40: "ttt_haste_minutes_per_death" = "0.500000"
L 09/25/2018 - 17:14:40: "ttt_haste_starting_minutes" = "5"
L 09/25/2018 - 17:14:40: "ttt_roundtime_minutes" = "10"
L 09/25/2018 - 17:14:40: "ttt_round_limit" = "6"
L 09/25/2018 - 17:14:40: "ttt_posttime_seconds" = "30"
L 09/25/2018 - 17:14:40: "ttt_preptime_seconds" = "30"
L 09/25/2018 - 17:14:40: "ttt_firstpreptime" = "60"
L 09/25/2018 - 17:14:40: "ttt_time_limit_minutes" = "75"
L 09/25/2018 - 17:14:40: "ttt_haste" = "1"
L 09/25/2018 - 17:14:40: "ttt_debug_preventwin" = "0"
L 09/25/2018 - 17:14:40: "sbox_persist" = ""
L 09/25/2018 - 17:14:40: "sbox_bonemanip_misc" = "0"
L 09/25/2018 - 17:14:40: "sbox_bonemanip_player" = "0"
L 09/25/2018 - 17:14:40: "sbox_bonemanip_npc" = "1"
L 09/25/2018 - 17:14:40: "sbox_weapons" = "0"
L 09/25/2018 - 17:14:40: "sbox_maxemitters" = "0"
L 09/25/2018 - 17:14:40: "sbox_maxbuttons" = "10"
L 09/25/2018 - 17:14:40: "sbox_maxhoverballs" = "0"
L 09/25/2018 - 17:14:40: "sbox_maxthrusters" = "0"
L 09/25/2018 - 17:14:40: "sbox_maxwheels" = "0"
L 09/25/2018 - 17:14:40: "sbox_maxlights" = "5"
L 09/25/2018 - 17:14:40: "sbox_maxlamps" = "0"
L 09/25/2018 - 17:14:40: "sbox_maxdynamite" = "0"
L 09/25/2018 - 17:14:40: "sbox_maxsents" = "100"
L 09/25/2018 - 17:14:40: "sbox_maxnpcs" = "0"
L 09/25/2018 - 17:14:40: "sbox_maxcameras" = "10"
L 09/25/2018 - 17:14:40: "sbox_maxballoons" = "0"
L 09/25/2018 - 17:14:40: "sbox_maxeffects" = "5"
L 09/25/2018 - 17:14:40: "sbox_maxvehicles" = "100"
L 09/25/2018 - 17:14:40: "sbox_maxragdolls" = "0"
L 09/25/2018 - 17:14:40: "sbox_maxprops" = "100"
L 09/25/2018 - 17:14:40: "sbox_playershurtplayers" = "1"
L 09/25/2018 - 17:14:40: "sbox_godmode" = "0"
L 09/25/2018 - 17:14:40: "sbox_noclip" = "0"
L 09/25/2018 - 17:14:40: "physgun_limited" = "0"
L 09/25/2018 - 17:14:40: "sv_allowcslua" = "0"
L 09/25/2018 - 17:14:40: "physgun_maxrange" = "4096"
L 09/25/2018 - 17:14:40: "ai_disabled" = "0"
L 09/25/2018 - 17:14:40: "ai_ignoreplayers" = "0"
L 09/25/2018 - 17:14:40: "mp_teamplay" = "0"
L 09/25/2018 - 17:14:40: "mp_falldamage" = "1"
L 09/25/2018 - 17:14:40: "mp_weaponstay" = "0"
L 09/25/2018 - 17:14:40: "mp_forcerespawn" = "1"
L 09/25/2018 - 17:14:40: "mp_footsteps" = "1"
L 09/25/2018 - 17:14:40: "mp_flashlight" = "1"
L 09/25/2018 - 17:14:40: "mp_autocrosshair" = "1"
L 09/25/2018 - 17:14:40: "decalfrequency" = "60"
L 09/25/2018 - 17:14:40: "mp_teamlist" = "hgrunt;scientist"
L 09/25/2018 - 17:14:40: "mp_allowNPCs" = "1"
L 09/25/2018 - 17:14:40: "mp_friendlyfire" = "0"
L 09/25/2018 - 17:14:40: "mp_fadetoblack" = "0"
L 09/25/2018 - 17:14:40: "sv_gravity" = "600"
L 09/25/2018 - 17:14:40: "sv_stopspeed" = "10"
L 09/25/2018 - 17:14:40: "sv_noclipaccelerate" = "5"
L 09/25/2018 - 17:14:40: "sv_noclipspeed" = "5"
L 09/25/2018 - 17:14:40: "sv_specaccelerate" = "5"
L 09/25/2018 - 17:14:40: "sv_specspeed" = "3"
L 09/25/2018 - 17:14:40: "sv_specnoclip" = "1"
L 09/25/2018 - 17:14:40: "sv_maxspeed" = "10000"
L 09/25/2018 - 17:14:40: "sv_accelerate" = "10"
L 09/25/2018 - 17:14:40: "sv_airaccelerate" = "1000"
L 09/25/2018 - 17:14:40: "sv_wateraccelerate" = "10"
L 09/25/2018 - 17:14:40: "sv_waterfriction" = "1"
L 09/25/2018 - 17:14:40: "sv_footsteps" = "1"
L 09/25/2018 - 17:14:40: "sv_rollspeed" = "200"
L 09/25/2018 - 17:14:40: "sv_rollangle" = "0"
L 09/25/2018 - 17:14:40: "sv_friction" = "8"
L 09/25/2018 - 17:14:40: "sv_bounce" = "0"
L 09/25/2018 - 17:14:40: "sv_stepsize" = "18"
L 09/25/2018 - 17:14:40: "r_VehicleViewDampen" = "0"
L 09/25/2018 - 17:14:40: "r_JeepViewDampenFreq" = "7.0"
L 09/25/2018 - 17:14:40: "r_JeepViewDampenDamp" = "1.0"
L 09/25/2018 - 17:14:40: "r_JeepViewZHeight" = "10.0"
L 09/25/2018 - 17:14:40: "r_AirboatViewDampenFreq" = "7.0"
L 09/25/2018 - 17:14:40: "r_AirboatViewDampenDamp" = "1.0"
L 09/25/2018 - 17:14:40: "r_AirboatViewZHeight" = "0.0"
L 09/25/2018 - 17:14:40: "mp_timelimit" = "0"
L 09/25/2018 - 17:14:40: "mp_fraglimit" = "0"
L 09/25/2018 - 17:14:40: "nextlevel" = ""
L 09/25/2018 - 17:14:40: "sv_maxusrcmdprocessticks" = "24"
L 09/25/2018 - 17:14:40: "sv_alltalk" = "0"
L 09/25/2018 - 17:14:40: "sv_hl2mp_weapon_respawn_time" = "20"
L 09/25/2018 - 17:14:40: "sv_hl2mp_item_respawn_time" = "30"
L 09/25/2018 - 17:14:40: "sv_report_client_settings" = "0"
L 09/25/2018 - 17:14:40: "sv_cheats" = "0"
L 09/25/2018 - 17:14:40: "sv_pausable" = "0"
L 09/25/2018 - 17:14:40: "sv_contact" = ""
L 09/25/2018 - 17:14:40: "sv_voiceenable" = "1"
L 09/25/2018 - 17:14:40: "tv_enable" = "0"
L 09/25/2018 - 17:14:40: "sv_steamgroup" = ""
L 09/25/2018 - 17:14:40: "sv_password" = ""
L 09/25/2018 - 17:14:40: "tv_relaypassword" = ""
L 09/25/2018 - 17:14:40: "tv_password" = ""
L 09/25/2018 - 17:14:40: "deathmatch" = "1"
L 09/25/2018 - 17:14:40: "coop" = "0"
L 09/25/2018 - 17:14:40: server cvars end
L 09/25/2018 - 17:14:41: Started map "gm_construct" (CRC "3b5c56cf3c38f66e3ea2ce2fa7c2b112")
L 09/25/2018 - 17:14:41: Lua Error: [AddCSLuaFile] Invalid Filename '7_hour_player' (@lua/autorun/7_hour_player.lua (line 5))

L 09/25/2018 - 17:14:42: Lua Error: Couldn't include file 'shield_server.lua' (File not found) (@addons/real_shield/lua/autorun/nice.lua (line 12))

L 09/25/2018 - 17:14:43: Lua Error: 
[ERROR] addons/adminpopups/lua/autorun/sh_adminpopups.lua:4: '=' expected near 'cfg'
  1. unknown - addons/adminpopups/lua/autorun/sh_adminpopups.lua:0


L 09/25/2018 - 17:14:43: AWarn: Loading module (awarn_settings.lua)
L 09/25/2018 - 17:14:43: AWarn: Loading module (awarn_sql.lua)
L 09/25/2018 - 17:14:45: Lua Error: Couldn't include file 'sh_roll.lua' (File not found) (@addons/darkrpmodification/lua/darkrp_modules/roll_cmd/sv_roll.lua (line 1))

L 09/25/2018 - 17:14:48: Executing dedicated server config file server.cfg
L 09/25/2018 - 17:14:48: Lua Error: Chat command "disguise_settings" is defined but not declared!

L 09/25/2018 - 17:14:48: Addip: "<><><>" was banned by IP "permanently" by "Console" (IP "78.85.4.91")
L 09/25/2018 - 17:14:48: Log file closed.
