L 10/09/2019 - 21:22:39: Log file started (file "logs\L1009003.log") (game "F:\sup\steamapps\common\GarrysModDS\garrysmod") (version "7517")
L 10/09/2019 - 21:22:39: server_cvar: "sv_alltalk" "3"
L 10/09/2019 - 21:22:39: server_cvar: "sv_allowcslua" "1"
L 10/09/2019 - 21:22:39: server_cvar: "sv_airaccelerate" "1000"
L 10/09/2019 - 21:22:39: server_cvar: "sv_alltalk" "0"
L 10/09/2019 - 21:22:40: Connection to Steam servers successful.
L 10/09/2019 - 21:22:40:    Public IP is 31.130.42.47.
L 10/09/2019 - 21:22:40: Assigned anonymous gameserver Steam ID [A-1:3895960585(13431)].
L 10/09/2019 - 21:22:40: VAC secure mode is activated.
L 10/09/2019 - 21:23:03: "DidVaitel<2><STEAM_0:1:74202541><>" connected, address "26.64.99.216:27006"
L 10/09/2019 - 21:23:04: "DidVaitel<2><STEAM_0:1:74202541><>" STEAM USERID validated
L 10/09/2019 - 21:23:12: [FAdmin] DidVaitel (STEAM_0:1:74202541) Spawned for the first time
L 10/09/2019 - 21:23:12: [FAdmin] DidVaitel".. lox .." (STEAM_0:1:74202541) Spawned
L 10/09/2019 - 21:23:12: "DidVaitel<2><STEAM_0:1:74202541><>" entered the game
L 10/09/2019 - 21:23:12: [FAdmin] DidVaitel".. lox .." (STEAM_0:1:74202541) Attempted to pick up a keys
L 10/09/2019 - 21:23:12: [FAdmin] DidVaitel".. lox .." (STEAM_0:1:74202541) Attempted to pick up a weapon_physcannon
L 10/09/2019 - 21:23:12: [FAdmin] DidVaitel".. lox .." (STEAM_0:1:74202541) Attempted to pick up a gmod_camera
L 10/09/2019 - 21:23:12: [FAdmin] DidVaitel".. lox .." (STEAM_0:1:74202541) Attempted to pick up a gmod_tool
L 10/09/2019 - 21:23:12: [FAdmin] DidVaitel".. lox .." (STEAM_0:1:74202541) Attempted to pick up a pocket
L 10/09/2019 - 21:23:12: [FAdmin] DidVaitel".. lox .." (STEAM_0:1:74202541) Attempted to pick up a weapon_physgun
L 10/09/2019 - 21:23:12: [FAdmin] DidVaitel".. lox .." (STEAM_0:1:74202541) Attempted to pick up a weapon_keypadchecker
L 10/09/2019 - 21:23:12: [FAdmin] DidVaitel".. lox .." (STEAM_0:1:74202541) Attempted to pick up a door_ram
L 10/09/2019 - 21:23:12: [FAdmin] DidVaitel".. lox .." (STEAM_0:1:74202541) Attempted to pick up a arrest_stick
L 10/09/2019 - 21:23:12: [FAdmin] DidVaitel".. lox .." (STEAM_0:1:74202541) Attempted to pick up a unarrest_stick
L 10/09/2019 - 21:23:12: [FAdmin] DidVaitel".. lox .." (STEAM_0:1:74202541) Attempted to pick up a stunstick
L 10/09/2019 - 21:23:12: [FAdmin] DidVaitel".. lox .." (STEAM_0:1:74202541) Attempted to pick up a weaponchecker
L 10/09/2019 - 21:23:12: [FAdmin] DidVaitel".. lox .." (STEAM_0:1:74202541) is Authed
L 10/09/2019 - 21:23:20: [FAdmin] DidVaitel".. lox .." (STEAM_0:1:74202541) Attempted to use tool camera
L 10/09/2019 - 21:23:25: [FAdmin] DidVaitel".. lox .." (STEAM_0:1:74202541) Gave himself a weapon_informer_laptop
L 10/09/2019 - 21:23:25: [FAdmin] DidVaitel".. lox .." (STEAM_0:1:74202541) Attempted to pick up a weapon_informer_laptop
L 10/09/2019 - 21:23:38: Lua Error: 
[ERROR] addons/informer-system/lua/weapons/weapon_informer_laptop/init.lua:25: Tried to use a NULL entity!
  1. SetPos - [C]:-1
   2. unknown - addons/informer-system/lua/weapons/weapon_informer_laptop/init.lua:25


L 10/09/2019 - 21:25:41: "Nawer<3><STEAM_0:0:185516412><>" connected, address "89.157.139.191:27005"
L 10/09/2019 - 21:25:41: "Nawer<3><STEAM_0:0:185516412><>" STEAM USERID validated
L 10/09/2019 - 21:25:50: [FAdmin] Nawer (STEAM_0:0:185516412) Spawned for the first time
L 10/09/2019 - 21:25:51: [FAdmin] Nawer (STEAM_0:0:185516412) Spawned
L 10/09/2019 - 21:25:51: "Nawer<3><STEAM_0:0:185516412><>" entered the game
L 10/09/2019 - 21:25:51: [FAdmin] Nawer (STEAM_0:0:185516412) Attempted to pick up a keys
L 10/09/2019 - 21:25:51: [FAdmin] Nawer (STEAM_0:0:185516412) Attempted to pick up a weapon_physcannon
L 10/09/2019 - 21:25:51: [FAdmin] Nawer (STEAM_0:0:185516412) Attempted to pick up a gmod_camera
L 10/09/2019 - 21:25:51: [FAdmin] Nawer (STEAM_0:0:185516412) Attempted to pick up a gmod_tool
L 10/09/2019 - 21:25:51: [FAdmin] Nawer (STEAM_0:0:185516412) Attempted to pick up a pocket
L 10/09/2019 - 21:25:51: [FAdmin] Nawer (STEAM_0:0:185516412) Attempted to pick up a weapon_physgun
L 10/09/2019 - 21:25:51: [FAdmin] Nawer (STEAM_0:0:185516412) is Authed
L 10/09/2019 - 21:26:15: [FAdmin] Nawer (STEAM_0:0:185516412) Spawned a models/props_wasteland/kitchen_counter001d.mdl
L 10/09/2019 - 21:26:15: [FAdmin] DidVaitel".. lox .." (STEAM_0:1:74202541) Got killed by prop_physics with a prop_physics
L 10/09/2019 - 21:26:16: [FAdmin] prop_physics(models/props_wasteland/kitchen_counter001d.mdl) Got removed
L 10/09/2019 - 21:26:23: "Nawer<3><STEAM_0:0:185516412><>" disconnected (reason "Disconnect by user.")
L 10/09/2019 - 21:26:23: [FAdmin] Nawer (STEAM_0:0:185516412) Disconnected
L 10/09/2019 - 21:26:24: "Nawer<4><STEAM_0:0:185516412><>" connected, address "89.157.139.191:27005"
L 10/09/2019 - 21:26:24: "Nawer<4><STEAM_0:0:185516412><>" STEAM USERID validated
L 10/09/2019 - 21:26:25: "Nawer<4><STEAM_0:0:185516412><>" disconnected (reason "Disconnect by user.")
L 10/09/2019 - 21:27:35: [FAdmin] DidVaitel".. lox .." (STEAM_0:1:74202541) Spawned
L 10/09/2019 - 21:27:35: [FAdmin] DidVaitel".. lox .." (STEAM_0:1:74202541) Attempted to pick up a keys
L 10/09/2019 - 21:27:35: [FAdmin] DidVaitel".. lox .." (STEAM_0:1:74202541) Attempted to pick up a weapon_physcannon
L 10/09/2019 - 21:27:35: [FAdmin] DidVaitel".. lox .." (STEAM_0:1:74202541) Attempted to pick up a gmod_camera
L 10/09/2019 - 21:27:35: [FAdmin] DidVaitel".. lox .." (STEAM_0:1:74202541) Attempted to pick up a gmod_tool
L 10/09/2019 - 21:27:35: [FAdmin] DidVaitel".. lox .." (STEAM_0:1:74202541) Attempted to pick up a pocket
L 10/09/2019 - 21:27:35: [FAdmin] DidVaitel".. lox .." (STEAM_0:1:74202541) Attempted to pick up a weapon_physgun
L 10/09/2019 - 21:27:35: [FAdmin] DidVaitel".. lox .." (STEAM_0:1:74202541) Attempted to pick up a weapon_keypadchecker
L 10/09/2019 - 21:27:35: [FAdmin] DidVaitel".. lox .." (STEAM_0:1:74202541) Attempted to pick up a door_ram
L 10/09/2019 - 21:27:35: [FAdmin] DidVaitel".. lox .." (STEAM_0:1:74202541) Attempted to pick up a arrest_stick
L 10/09/2019 - 21:27:35: [FAdmin] DidVaitel".. lox .." (STEAM_0:1:74202541) Attempted to pick up a unarrest_stick
L 10/09/2019 - 21:27:35: [FAdmin] DidVaitel".. lox .." (STEAM_0:1:74202541) Attempted to pick up a stunstick
L 10/09/2019 - 21:27:35: [FAdmin] DidVaitel".. lox .." (STEAM_0:1:74202541) Attempted to pick up a weaponchecker
L 10/09/2019 - 21:27:39: [FAdmin] DidVaitel".. lox .." (STEAM_0:1:74202541) Gave himself a weapon_informer_laptop
L 10/09/2019 - 21:27:39: [FAdmin] DidVaitel".. lox .." (STEAM_0:1:74202541) Attempted to pick up a weapon_informer_laptop
L 10/09/2019 - 21:28:25: Lua Error: 
[ERROR] addons/informer-system/lua/weapons/weapon_informer_laptop/init.lua:25: Tried to use a NULL entity!
  1. SetPos - [C]:-1
   2. unknown - addons/informer-system/lua/weapons/weapon_informer_laptop/init.lua:25


L 10/09/2019 - 21:28:25: Lua Error: 
[ERROR] addons/informer-system/lua/weapons/weapon_informer_laptop/init.lua:25: Tried to use a NULL entity!
  1. SetPos - [C]:-1
   2. unknown - addons/informer-system/lua/weapons/weapon_informer_laptop/init.lua:25


L 10/09/2019 - 21:28:25: Lua Error: 
[ERROR] addons/informer-system/lua/weapons/weapon_informer_laptop/init.lua:25: Tried to use a NULL entity!
  1. SetPos - [C]:-1
   2. unknown - addons/informer-system/lua/weapons/weapon_informer_laptop/init.lua:25


L 10/09/2019 - 21:28:44: Lua Error: 
[ERROR] addons/informer-system/lua/weapons/weapon_informer_laptop/init.lua:25: Tried to use a NULL entity!
  1. SetPos - [C]:-1
   2. unknown - addons/informer-system/lua/weapons/weapon_informer_laptop/init.lua:25


L 10/09/2019 - 21:28:44: Lua Error: 
[ERROR] addons/informer-system/lua/weapons/weapon_informer_laptop/init.lua:25: Tried to use a NULL entity!
  1. SetPos - [C]:-1
   2. unknown - addons/informer-system/lua/weapons/weapon_informer_laptop/init.lua:25


L 10/09/2019 - 21:29:01: Lua Error: 
[ERROR] addons/informer-system/lua/weapons/weapon_informer_laptop/init.lua:26: Tried to use a NULL entity!
  1. Spawn - [C]:-1
   2. unknown - addons/informer-system/lua/weapons/weapon_informer_laptop/init.lua:26


L 10/09/2019 - 21:29:01: Lua Error: 
[ERROR] addons/informer-system/lua/weapons/weapon_informer_laptop/init.lua:26: Tried to use a NULL entity!
  1. Spawn - [C]:-1
   2. unknown - addons/informer-system/lua/weapons/weapon_informer_laptop/init.lua:26


L 10/09/2019 - 21:29:01: Lua Error: 
[ERROR] addons/informer-system/lua/weapons/weapon_informer_laptop/init.lua:26: Tried to use a NULL entity!
  1. Spawn - [C]:-1
   2. unknown - addons/informer-system/lua/weapons/weapon_informer_laptop/init.lua:26


L 10/09/2019 - 21:29:02: Lua Error: 
[ERROR] addons/informer-system/lua/weapons/weapon_informer_laptop/init.lua:26: Tried to use a NULL entity!
  1. Spawn - [C]:-1
   2. unknown - addons/informer-system/lua/weapons/weapon_informer_laptop/init.lua:26


L 10/09/2019 - 21:29:44: Lua Error: 
[ERROR] addons/informer-system/lua/weapons/weapon_informer_laptop/init.lua:25: Tried to use a NULL entity!
  1. Spawn - [C]:-1
   2. unknown - addons/informer-system/lua/weapons/weapon_informer_laptop/init.lua:25


L 10/09/2019 - 21:29:50: Lua Error: 
[ERROR] addons/informer-system/lua/weapons/weapon_informer_laptop/init.lua:25: Tried to use a NULL entity!
  1. Spawn - [C]:-1
   2. unknown - addons/informer-system/lua/weapons/weapon_informer_laptop/init.lua:25


L 10/09/2019 - 21:30:45: Lua Error: 
[ERROR] addons/informer-system/lua/entities/sent_informer_laptop/init.lua:20: Tried to use a NULL physics object!
  1. Wake - [C]:-1
   2. unknown - addons/informer-system/lua/entities/sent_informer_laptop/init.lua:20
    3. Spawn - [C]:-1
     4. unknown - addons/informer-system/lua/weapons/weapon_informer_laptop/init.lua:26


L 10/09/2019 - 21:30:55: "DidVaitel<2><STEAM_0:1:74202541><>" disconnected (reason "Disconnect by user.")
L 10/09/2019 - 21:30:55: [FAdmin] DidVaitel".. lox .." (STEAM_0:1:74202541) Disconnected
L 10/09/2019 - 21:30:55: "DidVaitel<5><STEAM_0:1:74202541><>" connected, address "26.64.99.216:27006"
L 10/09/2019 - 21:30:56: "DidVaitel<5><STEAM_0:1:74202541><>" STEAM USERID validated
L 10/09/2019 - 21:31:06: [FAdmin] DidVaitel (STEAM_0:1:74202541) Spawned for the first time
L 10/09/2019 - 21:31:06: [FAdmin] DidVaitel".. lox .." (STEAM_0:1:74202541) Spawned
L 10/09/2019 - 21:31:06: "DidVaitel<5><STEAM_0:1:74202541><>" entered the game
L 10/09/2019 - 21:31:06: [FAdmin] DidVaitel".. lox .." (STEAM_0:1:74202541) Attempted to pick up a keys
L 10/09/2019 - 21:31:06: [FAdmin] DidVaitel".. lox .." (STEAM_0:1:74202541) Attempted to pick up a weapon_physcannon
L 10/09/2019 - 21:31:06: [FAdmin] DidVaitel".. lox .." (STEAM_0:1:74202541) Attempted to pick up a gmod_camera
L 10/09/2019 - 21:31:06: [FAdmin] DidVaitel".. lox .." (STEAM_0:1:74202541) Attempted to pick up a gmod_tool
L 10/09/2019 - 21:31:06: [FAdmin] DidVaitel".. lox .." (STEAM_0:1:74202541) Attempted to pick up a pocket
L 10/09/2019 - 21:31:06: [FAdmin] DidVaitel".. lox .." (STEAM_0:1:74202541) Attempted to pick up a weapon_physgun
L 10/09/2019 - 21:31:06: [FAdmin] DidVaitel".. lox .." (STEAM_0:1:74202541) Attempted to pick up a weapon_keypadchecker
L 10/09/2019 - 21:31:06: [FAdmin] DidVaitel".. lox .." (STEAM_0:1:74202541) Attempted to pick up a door_ram
L 10/09/2019 - 21:31:06: [FAdmin] DidVaitel".. lox .." (STEAM_0:1:74202541) Attempted to pick up a arrest_stick
L 10/09/2019 - 21:31:06: [FAdmin] DidVaitel".. lox .." (STEAM_0:1:74202541) Attempted to pick up a unarrest_stick
L 10/09/2019 - 21:31:06: [FAdmin] DidVaitel".. lox .." (STEAM_0:1:74202541) Attempted to pick up a stunstick
L 10/09/2019 - 21:31:06: [FAdmin] DidVaitel".. lox .." (STEAM_0:1:74202541) Attempted to pick up a weaponchecker
L 10/09/2019 - 21:31:06: [FAdmin] DidVaitel".. lox .." (STEAM_0:1:74202541) is Authed
L 10/09/2019 - 21:35:00: Lua Error: 
[ERROR] addons/informer-system/lua/weapons/weapon_informer_laptop/init.lua:19: 'then' expected near 'laptop'


L 10/09/2019 - 21:35:41: [FAdmin] DidVaitel".. lox .." (STEAM_0:1:74202541) Spawned a models/props_c17/suitcase001a.mdl
L 10/09/2019 - 21:35:43: [FAdmin] prop_physics(models/props_c17/suitcase001a.mdl) Got removed
L 10/09/2019 - 21:35:43: [FAdmin] DidVaitel".. lox .." (STEAM_0:1:74202541) Spawned a models/props_c17/suitcase_passenger_physics.mdl
L 10/09/2019 - 21:35:45: [FAdmin] prop_physics(models/props_c17/suitcase_passenger_physics.mdl) Got removed
L 10/09/2019 - 21:35:45: [FAdmin] DidVaitel".. lox .." (STEAM_0:1:74202541) Spawned a models/weapons/w_suitcase_passenger.mdl
L 10/09/2019 - 21:35:46: [FAdmin] prop_physics(models/weapons/w_suitcase_passenger.mdl) Got removed
L 10/09/2019 - 21:35:57: [FAdmin] Server succesfully shut down.
L 10/09/2019 - 21:35:57: [FAdmin] prop_physics(models/maxofs2d/companion_doll.mdl) Got removed
L 10/09/2019 - 21:35:57: [FAdmin] prop_physics(models/props_c17/furnituretable003a.mdl) Got removed
L 10/09/2019 - 21:35:57: [FAdmin] prop_physics(models/props_c17/furniturecouch002a.mdl) Got removed
L 10/09/2019 - 21:35:57: [FAdmin] prop_physics(models/props_c17/furniturecouch001a.mdl) Got removed
L 10/09/2019 - 21:35:57: "DidVaitel<5><STEAM_0:1:74202541><>" disconnected (reason "Server shutting down")
L 10/09/2019 - 21:35:58: server_message: "quit"
L 10/09/2019 - 21:35:58: Log file closed.
