L 10/09/2019 - 21:36:02: Log file started (file "logs\L1009004.log") (game "F:\sup\steamapps\common\GarrysModDS\garrysmod") (version "7517")
L 10/09/2019 - 21:36:02: server_cvar: "sv_alltalk" "3"
L 10/09/2019 - 21:36:02: server_cvar: "sv_allowcslua" "1"
L 10/09/2019 - 21:36:02: server_cvar: "sv_airaccelerate" "1000"
L 10/09/2019 - 21:36:02: server_cvar: "sv_alltalk" "0"
L 10/09/2019 - 21:36:02: "DidVaitel<2><STEAM_0:1:74202541><>" connected, address "26.64.99.216:27006"
L 10/09/2019 - 21:36:04: Connection to Steam servers successful.
L 10/09/2019 - 21:36:04:    Public IP is 31.130.42.47.
L 10/09/2019 - 21:36:04: Assigned anonymous gameserver Steam ID [A-1:4049682433(13431)].
L 10/09/2019 - 21:36:04: VAC secure mode is activated.
L 10/09/2019 - 21:36:04: "DidVaitel<2><STEAM_0:1:74202541><>" STEAM USERID validated
L 10/09/2019 - 21:36:11: [FAdmin] DidVaitel (STEAM_0:1:74202541) Spawned for the first time
L 10/09/2019 - 21:36:11: [FAdmin] DidVaitel".. lox .." (STEAM_0:1:74202541) Spawned
L 10/09/2019 - 21:36:11: "DidVaitel<2><STEAM_0:1:74202541><>" entered the game
L 10/09/2019 - 21:36:11: [FAdmin] DidVaitel".. lox .." (STEAM_0:1:74202541) Attempted to pick up a keys
L 10/09/2019 - 21:36:11: [FAdmin] DidVaitel".. lox .." (STEAM_0:1:74202541) Attempted to pick up a weapon_physcannon
L 10/09/2019 - 21:36:11: [FAdmin] DidVaitel".. lox .." (STEAM_0:1:74202541) Attempted to pick up a gmod_camera
L 10/09/2019 - 21:36:11: [FAdmin] DidVaitel".. lox .." (STEAM_0:1:74202541) Attempted to pick up a gmod_tool
L 10/09/2019 - 21:36:11: [FAdmin] DidVaitel".. lox .." (STEAM_0:1:74202541) Attempted to pick up a pocket
L 10/09/2019 - 21:36:11: [FAdmin] DidVaitel".. lox .." (STEAM_0:1:74202541) Attempted to pick up a weapon_physgun
L 10/09/2019 - 21:36:11: [FAdmin] DidVaitel".. lox .." (STEAM_0:1:74202541) Attempted to pick up a weapon_keypadchecker
L 10/09/2019 - 21:36:11: [FAdmin] DidVaitel".. lox .." (STEAM_0:1:74202541) Attempted to pick up a door_ram
L 10/09/2019 - 21:36:11: [FAdmin] DidVaitel".. lox .." (STEAM_0:1:74202541) Attempted to pick up a arrest_stick
L 10/09/2019 - 21:36:11: [FAdmin] DidVaitel".. lox .." (STEAM_0:1:74202541) Attempted to pick up a unarrest_stick
L 10/09/2019 - 21:36:11: [FAdmin] DidVaitel".. lox .." (STEAM_0:1:74202541) Attempted to pick up a stunstick
L 10/09/2019 - 21:36:11: [FAdmin] DidVaitel".. lox .." (STEAM_0:1:74202541) Attempted to pick up a weaponchecker
L 10/09/2019 - 21:36:11: [FAdmin] DidVaitel".. lox .." (STEAM_0:1:74202541) is Authed
L 10/09/2019 - 21:36:21: [FAdmin] DidVaitel".. lox .." (STEAM_0:1:74202541) Gave himself a weapon_informer_laptop
L 10/09/2019 - 21:36:21: [FAdmin] DidVaitel".. lox .." (STEAM_0:1:74202541) Attempted to pick up a weapon_informer_laptop
L 10/09/2019 - 21:37:05: Lua Error: 
[ERROR] addons/informer-system/lua/entities/sent_informer_laptop/init.lua:32: attempt to compare nil with number
  1. unknown - addons/informer-system/lua/entities/sent_informer_laptop/init.lua:32


L 10/09/2019 - 21:37:05: Lua Error: 
[ERROR] addons/informer-system/lua/entities/sent_informer_laptop/init.lua:32: attempt to compare nil with number
  1. unknown - addons/informer-system/lua/entities/sent_informer_laptop/init.lua:32


L 10/09/2019 - 21:37:05: Lua Error: 
[ERROR] addons/informer-system/lua/entities/sent_informer_laptop/init.lua:32: attempt to compare nil with number
  1. unknown - addons/informer-system/lua/entities/sent_informer_laptop/init.lua:32


L 10/09/2019 - 21:37:05: Lua Error: 
[ERROR] addons/informer-system/lua/entities/sent_informer_laptop/init.lua:32: attempt to compare nil with number
  1. unknown - addons/informer-system/lua/entities/sent_informer_laptop/init.lua:32


L 10/09/2019 - 21:37:05: Lua Error: 
[ERROR] addons/informer-system/lua/entities/sent_informer_laptop/init.lua:32: attempt to compare nil with number
  1. unknown - addons/informer-system/lua/entities/sent_informer_laptop/init.lua:32


L 10/09/2019 - 21:37:05: Lua Error: 
[ERROR] addons/informer-system/lua/entities/sent_informer_laptop/init.lua:32: attempt to compare nil with number
  1. unknown - addons/informer-system/lua/entities/sent_informer_laptop/init.lua:32


L 10/09/2019 - 21:37:05: Lua Error: 
[ERROR] addons/informer-system/lua/entities/sent_informer_laptop/init.lua:32: attempt to compare nil with number
  1. unknown - addons/informer-system/lua/entities/sent_informer_laptop/init.lua:32


L 10/09/2019 - 21:37:05: Lua Error: 
[ERROR] addons/informer-system/lua/entities/sent_informer_laptop/init.lua:32: attempt to compare nil with number
  1. unknown - addons/informer-system/lua/entities/sent_informer_laptop/init.lua:32


L 10/09/2019 - 21:37:05: Lua Error: 
[ERROR] addons/informer-system/lua/entities/sent_informer_laptop/init.lua:32: attempt to compare nil with number
  1. unknown - addons/informer-system/lua/entities/sent_informer_laptop/init.lua:32


L 10/09/2019 - 21:37:05: Lua Error: 
[ERROR] addons/informer-system/lua/entities/sent_informer_laptop/init.lua:32: attempt to compare nil with number
  1. unknown - addons/informer-system/lua/entities/sent_informer_laptop/init.lua:32


L 10/09/2019 - 21:37:05: Lua Error: 
[ERROR] addons/informer-system/lua/entities/sent_informer_laptop/init.lua:32: attempt to compare nil with number
  1. unknown - addons/informer-system/lua/entities/sent_informer_laptop/init.lua:32


L 10/09/2019 - 21:37:05: Lua Error: 
[ERROR] addons/informer-system/lua/entities/sent_informer_laptop/init.lua:32: attempt to compare nil with number
  1. unknown - addons/informer-system/lua/entities/sent_informer_laptop/init.lua:32


L 10/09/2019 - 21:37:05: Lua Error: 
[ERROR] addons/informer-system/lua/entities/sent_informer_laptop/init.lua:32: attempt to compare nil with number
  1. unknown - addons/informer-system/lua/entities/sent_informer_laptop/init.lua:32


L 10/09/2019 - 21:37:05: Lua Error: 
[ERROR] addons/informer-system/lua/entities/sent_informer_laptop/init.lua:32: attempt to compare nil with number
  1. unknown - addons/informer-system/lua/entities/sent_informer_laptop/init.lua:32


L 10/09/2019 - 21:37:05: Lua Error: 
[ERROR] addons/informer-system/lua/entities/sent_informer_laptop/init.lua:32: attempt to compare nil with number
  1. unknown - addons/informer-system/lua/entities/sent_informer_laptop/init.lua:32


L 10/09/2019 - 21:37:29: Lua Error: 
[ERROR] addons/informer-system/lua/entities/sent_informer_laptop/init.lua:32: attempt to compare nil with number
  1. unknown - addons/informer-system/lua/entities/sent_informer_laptop/init.lua:32


L 10/09/2019 - 21:37:29: Lua Error: 
[ERROR] addons/informer-system/lua/entities/sent_informer_laptop/init.lua:32: attempt to compare nil with number
  1. unknown - addons/informer-system/lua/entities/sent_informer_laptop/init.lua:32


L 10/09/2019 - 21:37:29: Lua Error: 
[ERROR] addons/informer-system/lua/entities/sent_informer_laptop/init.lua:32: attempt to compare nil with number
  1. unknown - addons/informer-system/lua/entities/sent_informer_laptop/init.lua:32


L 10/09/2019 - 21:37:29: Lua Error: 
[ERROR] addons/informer-system/lua/entities/sent_informer_laptop/init.lua:32: attempt to compare nil with number
  1. unknown - addons/informer-system/lua/entities/sent_informer_laptop/init.lua:32


L 10/09/2019 - 21:37:29: Lua Error: 
[ERROR] addons/informer-system/lua/entities/sent_informer_laptop/init.lua:32: attempt to compare nil with number
  1. unknown - addons/informer-system/lua/entities/sent_informer_laptop/init.lua:32


L 10/09/2019 - 21:37:30: Lua Error: 
[ERROR] addons/informer-system/lua/entities/sent_informer_laptop/init.lua:32: attempt to compare nil with number
  1. unknown - addons/informer-system/lua/entities/sent_informer_laptop/init.lua:32


L 10/09/2019 - 21:37:30: Lua Error: 
[ERROR] addons/informer-system/lua/entities/sent_informer_laptop/init.lua:32: attempt to compare nil with number
  1. unknown - addons/informer-system/lua/entities/sent_informer_laptop/init.lua:32


L 10/09/2019 - 21:37:30: Lua Error: 
[ERROR] addons/informer-system/lua/entities/sent_informer_laptop/init.lua:32: attempt to compare nil with number
  1. unknown - addons/informer-system/lua/entities/sent_informer_laptop/init.lua:32


L 10/09/2019 - 21:37:30: Lua Error: 
[ERROR] addons/informer-system/lua/entities/sent_informer_laptop/init.lua:32: attempt to compare nil with number
  1. unknown - addons/informer-system/lua/entities/sent_informer_laptop/init.lua:32


L 10/09/2019 - 21:45:48: "DidVaitel<2><STEAM_0:1:74202541><>" disconnected (reason "Disconnect by user.")
L 10/09/2019 - 21:45:48: [FAdmin] DidVaitel".. lox .." (STEAM_0:1:74202541) Disconnected
L 10/09/2019 - 21:45:48: Lua Error: 
[ERROR] addons/informer-system/lua/weapons/weapon_informer_laptop/shared.lua:54: attempt to call field 'Holster' (a nil value)
  1. OnRemove - addons/informer-system/lua/weapons/weapon_informer_laptop/shared.lua:54
   2. unknown - addons/informer-system/lua/weapons/weapon_informer_laptop/shared.lua:58


L 10/09/2019 - 21:45:48: Lua Error: 
[ERROR] addons/informer-system/lua/weapons/weapon_informer_laptop/shared.lua:54: attempt to call field 'Holster' (a nil value)
  1. unknown - addons/informer-system/lua/weapons/weapon_informer_laptop/shared.lua:54


L 10/09/2019 - 21:45:48: "DidVaitel<3><STEAM_0:1:74202541><>" connected, address "26.64.99.216:27006"
L 10/09/2019 - 21:45:49: "DidVaitel<3><STEAM_0:1:74202541><>" STEAM USERID validated
L 10/09/2019 - 21:45:59: [FAdmin] DidVaitel (STEAM_0:1:74202541) Spawned for the first time
L 10/09/2019 - 21:45:59: [FAdmin] DidVaitel".. lox .." (STEAM_0:1:74202541) Spawned
L 10/09/2019 - 21:45:59: "DidVaitel<3><STEAM_0:1:74202541><>" entered the game
L 10/09/2019 - 21:45:59: [FAdmin] DidVaitel".. lox .." (STEAM_0:1:74202541) Attempted to pick up a keys
L 10/09/2019 - 21:45:59: [FAdmin] DidVaitel".. lox .." (STEAM_0:1:74202541) Attempted to pick up a weapon_physcannon
L 10/09/2019 - 21:45:59: [FAdmin] DidVaitel".. lox .." (STEAM_0:1:74202541) Attempted to pick up a gmod_camera
L 10/09/2019 - 21:45:59: [FAdmin] DidVaitel".. lox .." (STEAM_0:1:74202541) Attempted to pick up a gmod_tool
L 10/09/2019 - 21:45:59: [FAdmin] DidVaitel".. lox .." (STEAM_0:1:74202541) Attempted to pick up a pocket
L 10/09/2019 - 21:45:59: [FAdmin] DidVaitel".. lox .." (STEAM_0:1:74202541) Attempted to pick up a weapon_physgun
L 10/09/2019 - 21:45:59: [FAdmin] DidVaitel".. lox .." (STEAM_0:1:74202541) Attempted to pick up a weapon_keypadchecker
L 10/09/2019 - 21:45:59: [FAdmin] DidVaitel".. lox .." (STEAM_0:1:74202541) Attempted to pick up a door_ram
L 10/09/2019 - 21:45:59: [FAdmin] DidVaitel".. lox .." (STEAM_0:1:74202541) Attempted to pick up a arrest_stick
L 10/09/2019 - 21:45:59: [FAdmin] DidVaitel".. lox .." (STEAM_0:1:74202541) Attempted to pick up a unarrest_stick
L 10/09/2019 - 21:45:59: [FAdmin] DidVaitel".. lox .." (STEAM_0:1:74202541) Attempted to pick up a stunstick
L 10/09/2019 - 21:45:59: [FAdmin] DidVaitel".. lox .." (STEAM_0:1:74202541) Attempted to pick up a weaponchecker
L 10/09/2019 - 21:45:59: [FAdmin] DidVaitel".. lox .." (STEAM_0:1:74202541) is Authed
L 10/09/2019 - 21:46:37: "DidVaitel<3><STEAM_0:1:74202541><>" disconnected (reason "Disconnect by user.")
L 10/09/2019 - 21:46:37: [FAdmin] DidVaitel".. lox .." (STEAM_0:1:74202541) Disconnected
L 10/09/2019 - 21:46:38: "DidVaitel<4><STEAM_0:1:74202541><>" connected, address "26.64.99.216:27006"
L 10/09/2019 - 21:46:38: "DidVaitel<4><STEAM_0:1:74202541><>" STEAM USERID validated
L 10/09/2019 - 21:46:46: [FAdmin] DidVaitel (STEAM_0:1:74202541) Spawned for the first time
L 10/09/2019 - 21:46:46: [FAdmin] DidVaitel".. lox .." (STEAM_0:1:74202541) Spawned
L 10/09/2019 - 21:46:46: "DidVaitel<4><STEAM_0:1:74202541><>" entered the game
L 10/09/2019 - 21:46:46: [FAdmin] DidVaitel".. lox .." (STEAM_0:1:74202541) Attempted to pick up a keys
L 10/09/2019 - 21:46:46: [FAdmin] DidVaitel".. lox .." (STEAM_0:1:74202541) Attempted to pick up a weapon_physcannon
L 10/09/2019 - 21:46:46: [FAdmin] DidVaitel".. lox .." (STEAM_0:1:74202541) Attempted to pick up a gmod_camera
L 10/09/2019 - 21:46:46: [FAdmin] DidVaitel".. lox .." (STEAM_0:1:74202541) Attempted to pick up a gmod_tool
L 10/09/2019 - 21:46:46: [FAdmin] DidVaitel".. lox .." (STEAM_0:1:74202541) Attempted to pick up a pocket
L 10/09/2019 - 21:46:46: [FAdmin] DidVaitel".. lox .." (STEAM_0:1:74202541) Attempted to pick up a weapon_physgun
L 10/09/2019 - 21:46:46: [FAdmin] DidVaitel".. lox .." (STEAM_0:1:74202541) Attempted to pick up a weapon_keypadchecker
L 10/09/2019 - 21:46:46: [FAdmin] DidVaitel".. lox .." (STEAM_0:1:74202541) Attempted to pick up a door_ram
L 10/09/2019 - 21:46:46: [FAdmin] DidVaitel".. lox .." (STEAM_0:1:74202541) Attempted to pick up a arrest_stick
L 10/09/2019 - 21:46:46: [FAdmin] DidVaitel".. lox .." (STEAM_0:1:74202541) Attempted to pick up a unarrest_stick
L 10/09/2019 - 21:46:46: [FAdmin] DidVaitel".. lox .." (STEAM_0:1:74202541) Attempted to pick up a stunstick
L 10/09/2019 - 21:46:46: [FAdmin] DidVaitel".. lox .." (STEAM_0:1:74202541) Attempted to pick up a weaponchecker
L 10/09/2019 - 21:46:46: [FAdmin] DidVaitel".. lox .." (STEAM_0:1:74202541) is Authed
L 10/09/2019 - 21:46:52: [FAdmin] DidVaitel".. lox .." (STEAM_0:1:74202541) Attempted to switch noclip
L 10/09/2019 - 21:46:52: [FAdmin] DidVaitel".. lox .." (STEAM_0:1:74202541) Attempted to switch noclip
L 10/09/2019 - 21:54:12: [FAdmin] Server succesfully shut down.
L 10/09/2019 - 21:54:12: [FAdmin] prop_physics(models/maxofs2d/companion_doll.mdl) Got removed
L 10/09/2019 - 21:54:12: [FAdmin] prop_physics(models/props_c17/furnituretable003a.mdl) Got removed
L 10/09/2019 - 21:54:12: [FAdmin] prop_physics(models/props_c17/furniturecouch002a.mdl) Got removed
L 10/09/2019 - 21:54:12: [FAdmin] prop_physics(models/props_c17/furniturecouch001a.mdl) Got removed
L 10/09/2019 - 21:54:12: "DidVaitel<4><STEAM_0:1:74202541><>" disconnected (reason "Server shutting down")
L 10/09/2019 - 21:54:12: server_message: "quit"
L 10/09/2019 - 21:54:12: Log file closed.
