L 10/14/2018 - 20:55:34: Log file started (file "logs\L1014003.log") (game "F:\sup\steamapps\common\GarrysModDS\garrysmod") (version "7220")
L 10/14/2018 - 20:55:34: server_cvar: "sv_alltalk" "3"
L 10/14/2018 - 20:55:34: server_cvar: "sv_allowcslua" "1"
L 10/14/2018 - 20:55:34: server_cvar: "sv_airaccelerate" "1000"
L 10/14/2018 - 20:55:34: server_cvar: "sv_alltalk" "0"
L 10/14/2018 - 20:55:35: Connection to Steam servers successful.
L 10/14/2018 - 20:55:35:    Public IP is 31.130.42.81.
L 10/14/2018 - 20:55:35: Assigned anonymous gameserver Steam ID [A-1:687886343(11222)].
L 10/14/2018 - 20:55:35: VAC secure mode is activated.
L 10/14/2018 - 20:55:37: "DidVaitel<2><STEAM_0:1:74202541><>" connected, address "192.168.1.101:27006"
L 10/14/2018 - 20:55:38: "DidVaitel<2><STEAM_0:1:74202541><>" STEAM USERID validated
L 10/14/2018 - 20:55:43: [FAdmin] DidVaitel (STEAM_0:1:74202541) Spawned for the first time
L 10/14/2018 - 20:55:43: [FAdmin] DidVaitel (STEAM_0:1:74202541) Spawned
L 10/14/2018 - 20:55:43: "DidVaitel<2><STEAM_0:1:74202541><>" entered the game
L 10/14/2018 - 20:55:43: [FAdmin] DidVaitel (STEAM_0:1:74202541) Attempted to pick up a keys
L 10/14/2018 - 20:55:43: [FAdmin] DidVaitel (STEAM_0:1:74202541) Attempted to pick up a weapon_physcannon
L 10/14/2018 - 20:55:43: [FAdmin] DidVaitel (STEAM_0:1:74202541) Attempted to pick up a gmod_camera
L 10/14/2018 - 20:55:43: [FAdmin] DidVaitel (STEAM_0:1:74202541) Attempted to pick up a gmod_tool
L 10/14/2018 - 20:55:43: [FAdmin] DidVaitel (STEAM_0:1:74202541) Attempted to pick up a pocket
L 10/14/2018 - 20:55:43: [FAdmin] DidVaitel (STEAM_0:1:74202541) Attempted to pick up a weapon_physgun
L 10/14/2018 - 20:55:43: [FAdmin] DidVaitel (STEAM_0:1:74202541) is Authed
L 10/14/2018 - 20:57:02: [FAdmin] Server succesfully shut down.
L 10/14/2018 - 20:57:02: [FAdmin] prop_physics(models/props/de_nuke/handtruck.mdl) Got removed
L 10/14/2018 - 20:57:02: [FAdmin] prop_physics(models/props_c17/door01_left.mdl) Got removed
L 10/14/2018 - 20:57:02: [FAdmin] prop_physics(models/props_c17/door01_left.mdl) Got removed
L 10/14/2018 - 20:57:02: [FAdmin] prop_physics(models/props_c17/door01_left.mdl) Got removed
L 10/14/2018 - 20:57:02: [FAdmin] prop_physics(models/props_c17/door01_left.mdl) Got removed
L 10/14/2018 - 20:57:02: [FAdmin] prop_physics(models/props_c17/door01_left.mdl) Got removed
L 10/14/2018 - 20:57:02: [FAdmin] prop_physics(models/props_c17/door01_left.mdl) Got removed
L 10/14/2018 - 20:57:02: [FAdmin] prop_physics(models/props_junk/pushcart01a.mdl) Got removed
L 10/14/2018 - 20:57:02: [FAdmin] prop_physics(models/props/de_nuke/handtruck.mdl) Got removed
L 10/14/2018 - 20:57:02: [FAdmin] prop_physics(models/props_c17/door01_left.mdl) Got removed
L 10/14/2018 - 20:57:02: [FAdmin] prop_physics(models/props_c17/door01_left.mdl) Got removed
L 10/14/2018 - 20:57:02: [FAdmin] prop_physics(models/props_junk/wood_crate001a_damaged.mdl) Got removed
L 10/14/2018 - 20:57:02: [FAdmin] prop_physics(models/props_junk/wood_crate001a_damaged.mdl) Got removed
L 10/14/2018 - 20:57:02: [FAdmin] prop_physics(models/props_junk/wood_crate001a_damaged.mdl) Got removed
L 10/14/2018 - 20:57:02: [FAdmin] prop_physics(models/props_junk/wood_crate001a_damaged.mdl) Got removed
L 10/14/2018 - 20:57:02: [FAdmin] prop_physics(models/props_junk/wood_crate001a_damaged.mdl) Got removed
L 10/14/2018 - 20:57:02: "DidVaitel<2><STEAM_0:1:74202541><>" disconnected (reason "Server shutting down")
L 10/14/2018 - 20:57:02: server_message: "quit"
L 10/14/2018 - 20:57:02: Log file closed.
