L 10/18/2018 - 21:26:17: Log file started (file "logs\L1018003.log") (game "F:\sup\steamapps\common\GarrysModDS\garrysmod") (version "7270")
L 10/18/2018 - 21:26:17: server_cvar: "sv_alltalk" "3"
L 10/18/2018 - 21:26:17: server_cvar: "sv_allowcslua" "1"
L 10/18/2018 - 21:26:17: server_cvar: "sv_airaccelerate" "1000"
L 10/18/2018 - 21:26:17: server_cvar: "sv_alltalk" "0"
L 10/18/2018 - 21:26:17: "DidVaitel<2><STEAM_0:1:74202541><>" connected, address "192.168.1.102:27006"
L 10/18/2018 - 21:26:18: Connection to Steam servers successful.
L 10/18/2018 - 21:26:18:    Public IP is 31.130.42.81.
L 10/18/2018 - 21:26:18: Assigned anonymous gameserver Steam ID [A-1:1254857735(11244)].
L 10/18/2018 - 21:26:18: VAC secure mode is activated.
L 10/18/2018 - 21:26:18: "DidVaitel<2><STEAM_0:1:74202541><>" STEAM USERID validated
L 10/18/2018 - 21:26:23: [FAdmin] DidVaitel (STEAM_0:1:74202541) Spawned for the first time
L 10/18/2018 - 21:26:23: [FAdmin] DidVaitel (STEAM_0:1:74202541) Spawned
L 10/18/2018 - 21:26:23: "DidVaitel<2><STEAM_0:1:74202541><>" entered the game
L 10/18/2018 - 21:26:23: [FAdmin] DidVaitel (STEAM_0:1:74202541) Attempted to pick up a keys
L 10/18/2018 - 21:26:23: [FAdmin] DidVaitel (STEAM_0:1:74202541) Attempted to pick up a weapon_physcannon
L 10/18/2018 - 21:26:23: [FAdmin] DidVaitel (STEAM_0:1:74202541) Attempted to pick up a gmod_camera
L 10/18/2018 - 21:26:23: [FAdmin] DidVaitel (STEAM_0:1:74202541) Attempted to pick up a gmod_tool
L 10/18/2018 - 21:26:23: [FAdmin] DidVaitel (STEAM_0:1:74202541) Attempted to pick up a pocket
L 10/18/2018 - 21:26:23: [FAdmin] DidVaitel (STEAM_0:1:74202541) Attempted to pick up a weapon_physgun
L 10/18/2018 - 21:26:23: [FAdmin] DidVaitel (STEAM_0:1:74202541) is Authed
L 10/18/2018 - 21:27:58: Lua Error: 
[ERROR] addons/gvuti/lua/autorun/server/sv_nets.lua:9: '(' expected near ':'
  1. unknown - addons/gvuti/lua/autorun/server/sv_nets.lua:0


L 10/18/2018 - 21:29:26: Lua Error: 
[ERROR] addons/gvuti/lua/autorun/server/sv_nets.lua:11: attempt to index global 'ply' (a nil value)
  1. SuperSecretAddmoneyFunctionForGvuti - addons/gvuti/lua/autorun/server/sv_nets.lua:11
   2. func - addons/gvuti/lua/autorun/server/sv_nets.lua:289
    3. unknown - lua/includes/extensions/net.lua:32


L 10/18/2018 - 21:42:42: [FAdmin] Server succesfully shut down.
L 10/18/2018 - 21:42:42: [FAdmin] prop_physics(models/props/de_nuke/handtruck.mdl) Got removed
L 10/18/2018 - 21:42:42: [FAdmin] prop_physics(models/props_c17/door01_left.mdl) Got removed
L 10/18/2018 - 21:42:42: [FAdmin] prop_physics(models/props_c17/door01_left.mdl) Got removed
L 10/18/2018 - 21:42:42: [FAdmin] prop_physics(models/props_c17/door01_left.mdl) Got removed
L 10/18/2018 - 21:42:42: [FAdmin] prop_physics(models/props_c17/door01_left.mdl) Got removed
L 10/18/2018 - 21:42:42: [FAdmin] prop_physics(models/props_c17/door01_left.mdl) Got removed
L 10/18/2018 - 21:42:42: [FAdmin] prop_physics(models/props_c17/door01_left.mdl) Got removed
L 10/18/2018 - 21:42:42: [FAdmin] prop_physics(models/props_junk/pushcart01a.mdl) Got removed
L 10/18/2018 - 21:42:42: [FAdmin] prop_physics(models/props/de_nuke/handtruck.mdl) Got removed
L 10/18/2018 - 21:42:42: [FAdmin] prop_physics(models/props_c17/door01_left.mdl) Got removed
L 10/18/2018 - 21:42:42: [FAdmin] prop_physics(models/props_c17/door01_left.mdl) Got removed
L 10/18/2018 - 21:42:42: [FAdmin] prop_physics(models/props_junk/wood_crate001a_damaged.mdl) Got removed
L 10/18/2018 - 21:42:42: [FAdmin] prop_physics(models/props_junk/wood_crate001a_damaged.mdl) Got removed
L 10/18/2018 - 21:42:42: [FAdmin] prop_physics(models/props_junk/wood_crate001a_damaged.mdl) Got removed
L 10/18/2018 - 21:42:42: [FAdmin] prop_physics(models/props_junk/wood_crate001a_damaged.mdl) Got removed
L 10/18/2018 - 21:42:42: [FAdmin] prop_physics(models/props_junk/wood_crate001a_damaged.mdl) Got removed
L 10/18/2018 - 21:42:42: "DidVaitel<2><STEAM_0:1:74202541><>" disconnected (reason "Server shutting down")
L 10/18/2018 - 21:42:42: server_message: "quit"
L 10/18/2018 - 21:42:42: Log file closed.
