L 10/18/2018 - 19:47:04: Log file started (file "logs\L1018002.log") (game "F:\sup\steamapps\common\GarrysModDS\garrysmod") (version "7270")
L 10/18/2018 - 19:47:04: server_cvar: "sv_alltalk" "3"
L 10/18/2018 - 19:47:04: server_cvar: "sv_allowcslua" "1"
L 10/18/2018 - 19:47:04: server_cvar: "sv_airaccelerate" "1000"
L 10/18/2018 - 19:47:04: server_cvar: "sv_alltalk" "0"
L 10/18/2018 - 19:47:05: Connection to Steam servers successful.
L 10/18/2018 - 19:47:05:    Public IP is 31.130.42.81.
L 10/18/2018 - 19:47:05: Assigned anonymous gameserver Steam ID [A-1:4021497863(11243)].
L 10/18/2018 - 19:47:05: VAC secure mode is activated.
L 10/18/2018 - 20:55:53: "DidVaitel<2><STEAM_0:1:74202541><>" connected, address "192.168.1.102:27006"
L 10/18/2018 - 20:55:54: "DidVaitel<2><STEAM_0:1:74202541><>" STEAM USERID validated
L 10/18/2018 - 20:56:24: [FAdmin] DidVaitel (STEAM_0:1:74202541) Spawned for the first time
L 10/18/2018 - 20:56:25: [FAdmin] DidVaitel (STEAM_0:1:74202541) Spawned
L 10/18/2018 - 20:56:25: "DidVaitel<2><STEAM_0:1:74202541><>" entered the game
L 10/18/2018 - 20:56:25: [FAdmin] DidVaitel (STEAM_0:1:74202541) Attempted to pick up a keys
L 10/18/2018 - 20:56:25: [FAdmin] DidVaitel (STEAM_0:1:74202541) Attempted to pick up a weapon_physcannon
L 10/18/2018 - 20:56:25: [FAdmin] DidVaitel (STEAM_0:1:74202541) Attempted to pick up a gmod_camera
L 10/18/2018 - 20:56:25: [FAdmin] DidVaitel (STEAM_0:1:74202541) Attempted to pick up a gmod_tool
L 10/18/2018 - 20:56:25: [FAdmin] DidVaitel (STEAM_0:1:74202541) Attempted to pick up a pocket
L 10/18/2018 - 20:56:25: [FAdmin] DidVaitel (STEAM_0:1:74202541) Attempted to pick up a weapon_physgun
L 10/18/2018 - 20:56:25: [FAdmin] DidVaitel (STEAM_0:1:74202541) is Authed
L 10/18/2018 - 21:13:03: Lua Error: 
[ERROR] addons/gvuti/lua/autorun/server/sv_nets.lua:258: ')' expected (to close '(' at line 257) near 'print'
  1. unknown - addons/gvuti/lua/autorun/server/sv_nets.lua:0


L 10/18/2018 - 21:13:12: Lua Error: 
[ERROR] addons/gvuti/lua/autorun/server/sv_nets.lua:257: ')' expected (to close '(' at line 256) near 'ply'
  1. unknown - addons/gvuti/lua/autorun/server/sv_nets.lua:0


L 10/18/2018 - 21:24:06: Lua Error: 
[ERROR] addons/gvuti/lua/autorun/server/sv_nets.lua:9: '(' expected near ':'
  1. unknown - addons/gvuti/lua/autorun/server/sv_nets.lua:0


L 10/18/2018 - 21:26:11: Lua Error: 
[ERROR] addons/gvuti/lua/autorun/server/sv_nets.lua:9: '(' expected near ':'
  1. unknown - addons/gvuti/lua/autorun/server/sv_nets.lua:0


L 10/18/2018 - 21:26:12: [FAdmin] Server succesfully shut down.
L 10/18/2018 - 21:26:12: [FAdmin] prop_physics(models/props/de_nuke/handtruck.mdl) Got removed
L 10/18/2018 - 21:26:12: [FAdmin] prop_physics(models/props_c17/door01_left.mdl) Got removed
L 10/18/2018 - 21:26:12: [FAdmin] prop_physics(models/props_c17/door01_left.mdl) Got removed
L 10/18/2018 - 21:26:12: [FAdmin] prop_physics(models/props_c17/door01_left.mdl) Got removed
L 10/18/2018 - 21:26:12: [FAdmin] prop_physics(models/props_c17/door01_left.mdl) Got removed
L 10/18/2018 - 21:26:12: [FAdmin] prop_physics(models/props_c17/door01_left.mdl) Got removed
L 10/18/2018 - 21:26:12: [FAdmin] prop_physics(models/props_c17/door01_left.mdl) Got removed
L 10/18/2018 - 21:26:12: [FAdmin] prop_physics(models/props_junk/pushcart01a.mdl) Got removed
L 10/18/2018 - 21:26:12: [FAdmin] prop_physics(models/props/de_nuke/handtruck.mdl) Got removed
L 10/18/2018 - 21:26:12: [FAdmin] prop_physics(models/props_c17/door01_left.mdl) Got removed
L 10/18/2018 - 21:26:12: [FAdmin] prop_physics(models/props_c17/door01_left.mdl) Got removed
L 10/18/2018 - 21:26:12: [FAdmin] prop_physics(models/props_junk/wood_crate001a_damaged.mdl) Got removed
L 10/18/2018 - 21:26:12: [FAdmin] prop_physics(models/props_junk/wood_crate001a_damaged.mdl) Got removed
L 10/18/2018 - 21:26:12: [FAdmin] prop_physics(models/props_junk/wood_crate001a_damaged.mdl) Got removed
L 10/18/2018 - 21:26:12: [FAdmin] prop_physics(models/props_junk/wood_crate001a_damaged.mdl) Got removed
L 10/18/2018 - 21:26:12: [FAdmin] prop_physics(models/props_junk/wood_crate001a_damaged.mdl) Got removed
L 10/18/2018 - 21:26:12: "DidVaitel<2><STEAM_0:1:74202541><>" disconnected (reason "Server shutting down")
L 10/18/2018 - 21:26:12: server_message: "quit"
L 10/18/2018 - 21:26:12: Log file closed.
