L 10/12/2018 - 20:30:14: Log file started (file "logs\L1012013.log") (game "F:\sup\steamapps\common\GarrysModDS\garrysmod") (version "7220")
L 10/12/2018 - 20:30:14: server_cvar: "sv_alltalk" "3"
L 10/12/2018 - 20:30:14: server_cvar: "sv_airaccelerate" "1000"
L 10/12/2018 - 20:30:14: server_cvar: "sv_alltalk" "0"
L 10/12/2018 - 20:30:14: "LiL PumP<2><STEAM_0:0:420788007><>" connected, address "192.168.1.102:27005"
L 10/12/2018 - 20:30:15: Connection to Steam servers successful.
L 10/12/2018 - 20:30:15:    Public IP is 31.130.42.81.
L 10/12/2018 - 20:30:15: Assigned anonymous gameserver Steam ID [A-1:2673112067(11206)].
L 10/12/2018 - 20:30:16: VAC secure mode is activated.
L 10/12/2018 - 20:30:16: "LiL PumP<2><STEAM_0:0:420788007><>" STEAM USERID validated
L 10/12/2018 - 20:30:21: "LiL PumP<2><STEAM_0:0:420788007><>" entered the game
L 10/12/2018 - 20:30:23: Lua Error: 
[ERROR] addons/glevel/lua/glevel/core/sv_abilities.lua:14: attempt to call method 'isArrested' (a nil value)
  1. unknown - addons/glevel/lua/glevel/core/sv_abilities.lua:14


L 10/12/2018 - 20:30:23: Lua Error: 
[ERROR] addons/glevel/lua/glevel/core/sv_abilities.lua:14: attempt to call method 'isArrested' (a nil value)
  1. unknown - addons/glevel/lua/glevel/core/sv_abilities.lua:14


L 10/12/2018 - 20:30:23: Lua Error: 
[ERROR] addons/glevel/lua/glevel/core/sv_abilities.lua:14: attempt to call method 'isArrested' (a nil value)
  1. unknown - addons/glevel/lua/glevel/core/sv_abilities.lua:14


L 10/12/2018 - 20:31:25: [ULX] LiL PumP<STEAM_0:0:420788007> spawned sent weapon_shelf
L 10/12/2018 - 20:32:31: Lua Error: 
[ERROR] gamemodes/darkrp/gamemode/modules/chat/sv_chat.lua:55: attempt to call field 'log' (a nil value)
  1. RP_PlayerChat - gamemodes/darkrp/gamemode/modules/chat/sv_chat.lua:55
   2. unknown - gamemodes/darkrp/gamemode/modules/chat/sv_chat.lua:143


L 10/12/2018 - 20:32:31: "LiL PumP<2><STEAM_0:0:420788007><Team>" say "/dropweapon"
L 10/12/2018 - 20:32:51: Lua Error: 
[ERROR] gamemodes/darkrp/gamemode/modules/chat/sv_chat.lua:55: attempt to call field 'log' (a nil value)
  1. RP_PlayerChat - gamemodes/darkrp/gamemode/modules/chat/sv_chat.lua:55
   2. unknown - gamemodes/darkrp/gamemode/modules/chat/sv_chat.lua:143


L 10/12/2018 - 20:32:51: "LiL PumP<2><STEAM_0:0:420788007><Team>" say "/dropweapo"
L 10/12/2018 - 20:33:16: Lua Error: 
[ERROR] gamemodes/darkrp/gamemode/modules/chat/sv_chat.lua:55: attempt to call field 'log' (a nil value)
  1. RP_PlayerChat - gamemodes/darkrp/gamemode/modules/chat/sv_chat.lua:55
   2. unknown - gamemodes/darkrp/gamemode/modules/chat/sv_chat.lua:143


L 10/12/2018 - 20:33:16: "LiL PumP<2><STEAM_0:0:420788007><Team>" say "/drop"
L 10/12/2018 - 20:33:42: "LiL PumP<2><STEAM_0:0:420788007><Citizen>" say "/drop"

L 10/12/2018 - 20:36:09: "LiL PumP<2><STEAM_0:0:420788007><Citizen>" say "/drop"

L 10/12/2018 - 20:36:11: Lua Error: 
[ERROR] addons/shelfs/lua/entities/weapon_shelf/init.lua:52: attempt to index local 'wep' (a nil value)
  1. AddShelfItem - addons/shelfs/lua/entities/weapon_shelf/init.lua:52
   2. unknown - addons/shelfs/lua/entities/weapon_shelf/init.lua:83


L 10/12/2018 - 20:36:11: Lua Error: 
[ERROR] addons/shelfs/lua/entities/weapon_shelf/init.lua:52: attempt to index local 'wep' (a nil value)
  1. AddShelfItem - addons/shelfs/lua/entities/weapon_shelf/init.lua:52
   2. unknown - addons/shelfs/lua/entities/weapon_shelf/init.lua:83


L 10/12/2018 - 20:36:11: Lua Error: 
[ERROR] addons/shelfs/lua/entities/weapon_shelf/init.lua:52: attempt to index local 'wep' (a nil value)
  1. AddShelfItem - addons/shelfs/lua/entities/weapon_shelf/init.lua:52
   2. unknown - addons/shelfs/lua/entities/weapon_shelf/init.lua:83


L 10/12/2018 - 20:36:12: Lua Error: 
[ERROR] addons/shelfs/lua/entities/weapon_shelf/init.lua:52: attempt to index local 'wep' (a nil value)
  1. AddShelfItem - addons/shelfs/lua/entities/weapon_shelf/init.lua:52
   2. unknown - addons/shelfs/lua/entities/weapon_shelf/init.lua:83


L 10/12/2018 - 20:36:12: Lua Error: 
[ERROR] addons/shelfs/lua/entities/weapon_shelf/init.lua:52: attempt to index local 'wep' (a nil value)
  1. AddShelfItem - addons/shelfs/lua/entities/weapon_shelf/init.lua:52
   2. unknown - addons/shelfs/lua/entities/weapon_shelf/init.lua:83


L 10/12/2018 - 20:36:12: Lua Error: 
[ERROR] addons/shelfs/lua/entities/weapon_shelf/init.lua:52: attempt to index local 'wep' (a nil value)
  1. AddShelfItem - addons/shelfs/lua/entities/weapon_shelf/init.lua:52
   2. unknown - addons/shelfs/lua/entities/weapon_shelf/init.lua:83


L 10/12/2018 - 20:36:12: Lua Error: 
[ERROR] addons/shelfs/lua/entities/weapon_shelf/init.lua:52: attempt to index local 'wep' (a nil value)
  1. AddShelfItem - addons/shelfs/lua/entities/weapon_shelf/init.lua:52
   2. unknown - addons/shelfs/lua/entities/weapon_shelf/init.lua:83


L 10/12/2018 - 20:36:14: Lua Error: 
[ERROR] addons/shelfs/lua/entities/weapon_shelf/init.lua:52: attempt to index local 'wep' (a nil value)
  1. AddShelfItem - addons/shelfs/lua/entities/weapon_shelf/init.lua:52
   2. unknown - addons/shelfs/lua/entities/weapon_shelf/init.lua:83


L 10/12/2018 - 20:36:14: Lua Error: 
[ERROR] addons/shelfs/lua/entities/weapon_shelf/init.lua:52: attempt to index local 'wep' (a nil value)
  1. AddShelfItem - addons/shelfs/lua/entities/weapon_shelf/init.lua:52
   2. unknown - addons/shelfs/lua/entities/weapon_shelf/init.lua:83


L 10/12/2018 - 20:36:14: Lua Error: 
[ERROR] addons/shelfs/lua/entities/weapon_shelf/init.lua:52: attempt to index local 'wep' (a nil value)
  1. AddShelfItem - addons/shelfs/lua/entities/weapon_shelf/init.lua:52
   2. unknown - addons/shelfs/lua/entities/weapon_shelf/init.lua:83


L 10/12/2018 - 20:36:14: Lua Error: 
[ERROR] addons/shelfs/lua/entities/weapon_shelf/init.lua:52: attempt to index local 'wep' (a nil value)
  1. AddShelfItem - addons/shelfs/lua/entities/weapon_shelf/init.lua:52
   2. unknown - addons/shelfs/lua/entities/weapon_shelf/init.lua:83


L 10/12/2018 - 20:36:14: Lua Error: 
[ERROR] addons/shelfs/lua/entities/weapon_shelf/init.lua:52: attempt to index local 'wep' (a nil value)
  1. AddShelfItem - addons/shelfs/lua/entities/weapon_shelf/init.lua:52
   2. unknown - addons/shelfs/lua/entities/weapon_shelf/init.lua:83


L 10/12/2018 - 20:36:14: Lua Error: 
[ERROR] addons/shelfs/lua/entities/weapon_shelf/init.lua:52: attempt to index local 'wep' (a nil value)
  1. AddShelfItem - addons/shelfs/lua/entities/weapon_shelf/init.lua:52
   2. unknown - addons/shelfs/lua/entities/weapon_shelf/init.lua:83


L 10/12/2018 - 20:36:14: Lua Error: 
[ERROR] addons/shelfs/lua/entities/weapon_shelf/init.lua:52: attempt to index local 'wep' (a nil value)
  1. AddShelfItem - addons/shelfs/lua/entities/weapon_shelf/init.lua:52
   2. unknown - addons/shelfs/lua/entities/weapon_shelf/init.lua:83


L 10/12/2018 - 20:36:14: Lua Error: 
[ERROR] addons/shelfs/lua/entities/weapon_shelf/init.lua:52: attempt to index local 'wep' (a nil value)
  1. AddShelfItem - addons/shelfs/lua/entities/weapon_shelf/init.lua:52
   2. unknown - addons/shelfs/lua/entities/weapon_shelf/init.lua:83


L 10/12/2018 - 20:36:14: Lua Error: 
[ERROR] addons/shelfs/lua/entities/weapon_shelf/init.lua:52: attempt to index local 'wep' (a nil value)
  1. AddShelfItem - addons/shelfs/lua/entities/weapon_shelf/init.lua:52
   2. unknown - addons/shelfs/lua/entities/weapon_shelf/init.lua:83


L 10/12/2018 - 20:36:15: Lua Error: 
[ERROR] addons/shelfs/lua/entities/weapon_shelf/init.lua:52: attempt to index local 'wep' (a nil value)
  1. AddShelfItem - addons/shelfs/lua/entities/weapon_shelf/init.lua:52
   2. unknown - addons/shelfs/lua/entities/weapon_shelf/init.lua:83


L 10/12/2018 - 20:36:15: Lua Error: 
[ERROR] addons/shelfs/lua/entities/weapon_shelf/init.lua:52: attempt to index local 'wep' (a nil value)
  1. AddShelfItem - addons/shelfs/lua/entities/weapon_shelf/init.lua:52
   2. unknown - addons/shelfs/lua/entities/weapon_shelf/init.lua:83


L 10/12/2018 - 20:36:15: Lua Error: 
[ERROR] addons/shelfs/lua/entities/weapon_shelf/init.lua:52: attempt to index local 'wep' (a nil value)
  1. AddShelfItem - addons/shelfs/lua/entities/weapon_shelf/init.lua:52
   2. unknown - addons/shelfs/lua/entities/weapon_shelf/init.lua:83


L 10/12/2018 - 20:36:15: Lua Error: 
[ERROR] addons/shelfs/lua/entities/weapon_shelf/init.lua:52: attempt to index local 'wep' (a nil value)
  1. AddShelfItem - addons/shelfs/lua/entities/weapon_shelf/init.lua:52
   2. unknown - addons/shelfs/lua/entities/weapon_shelf/init.lua:83


L 10/12/2018 - 20:36:15: Lua Error: 
[ERROR] addons/shelfs/lua/entities/weapon_shelf/init.lua:52: attempt to index local 'wep' (a nil value)
  1. AddShelfItem - addons/shelfs/lua/entities/weapon_shelf/init.lua:52
   2. unknown - addons/shelfs/lua/entities/weapon_shelf/init.lua:83


L 10/12/2018 - 20:36:15: Lua Error: 
[ERROR] addons/shelfs/lua/entities/weapon_shelf/init.lua:52: attempt to index local 'wep' (a nil value)
  1. AddShelfItem - addons/shelfs/lua/entities/weapon_shelf/init.lua:52
   2. unknown - addons/shelfs/lua/entities/weapon_shelf/init.lua:83


L 10/12/2018 - 20:36:15: Lua Error: 
[ERROR] addons/shelfs/lua/entities/weapon_shelf/init.lua:52: attempt to index local 'wep' (a nil value)
  1. AddShelfItem - addons/shelfs/lua/entities/weapon_shelf/init.lua:52
   2. unknown - addons/shelfs/lua/entities/weapon_shelf/init.lua:83


L 10/12/2018 - 20:36:15: Lua Error: 
[ERROR] addons/shelfs/lua/entities/weapon_shelf/init.lua:52: attempt to index local 'wep' (a nil value)
  1. AddShelfItem - addons/shelfs/lua/entities/weapon_shelf/init.lua:52
   2. unknown - addons/shelfs/lua/entities/weapon_shelf/init.lua:83


L 10/12/2018 - 20:36:15: Lua Error: 
[ERROR] addons/shelfs/lua/entities/weapon_shelf/init.lua:52: attempt to index local 'wep' (a nil value)
  1. AddShelfItem - addons/shelfs/lua/entities/weapon_shelf/init.lua:52
   2. unknown - addons/shelfs/lua/entities/weapon_shelf/init.lua:83


L 10/12/2018 - 20:36:15: Lua Error: 
[ERROR] addons/shelfs/lua/entities/weapon_shelf/init.lua:52: attempt to index local 'wep' (a nil value)
  1. AddShelfItem - addons/shelfs/lua/entities/weapon_shelf/init.lua:52
   2. unknown - addons/shelfs/lua/entities/weapon_shelf/init.lua:83


L 10/12/2018 - 20:36:15: Lua Error: 
[ERROR] addons/shelfs/lua/entities/weapon_shelf/init.lua:52: attempt to index local 'wep' (a nil value)
  1. AddShelfItem - addons/shelfs/lua/entities/weapon_shelf/init.lua:52
   2. unknown - addons/shelfs/lua/entities/weapon_shelf/init.lua:83


L 10/12/2018 - 20:36:16: Lua Error: 
[ERROR] addons/shelfs/lua/entities/weapon_shelf/init.lua:52: attempt to index local 'wep' (a nil value)
  1. AddShelfItem - addons/shelfs/lua/entities/weapon_shelf/init.lua:52
   2. unknown - addons/shelfs/lua/entities/weapon_shelf/init.lua:83


L 10/12/2018 - 20:36:16: Lua Error: 
[ERROR] addons/shelfs/lua/entities/weapon_shelf/init.lua:52: attempt to index local 'wep' (a nil value)
  1. AddShelfItem - addons/shelfs/lua/entities/weapon_shelf/init.lua:52
   2. unknown - addons/shelfs/lua/entities/weapon_shelf/init.lua:83


L 10/12/2018 - 20:36:16: Lua Error: 
[ERROR] addons/shelfs/lua/entities/weapon_shelf/init.lua:52: attempt to index local 'wep' (a nil value)
  1. AddShelfItem - addons/shelfs/lua/entities/weapon_shelf/init.lua:52
   2. unknown - addons/shelfs/lua/entities/weapon_shelf/init.lua:83


L 10/12/2018 - 20:36:16: Lua Error: 
[ERROR] addons/shelfs/lua/entities/weapon_shelf/init.lua:52: attempt to index local 'wep' (a nil value)
  1. AddShelfItem - addons/shelfs/lua/entities/weapon_shelf/init.lua:52
   2. unknown - addons/shelfs/lua/entities/weapon_shelf/init.lua:83


L 10/12/2018 - 20:36:16: Lua Error: 
[ERROR] addons/shelfs/lua/entities/weapon_shelf/init.lua:52: attempt to index local 'wep' (a nil value)
  1. AddShelfItem - addons/shelfs/lua/entities/weapon_shelf/init.lua:52
   2. unknown - addons/shelfs/lua/entities/weapon_shelf/init.lua:83


L 10/12/2018 - 20:36:16: Lua Error: 
[ERROR] addons/shelfs/lua/entities/weapon_shelf/init.lua:52: attempt to index local 'wep' (a nil value)
  1. AddShelfItem - addons/shelfs/lua/entities/weapon_shelf/init.lua:52
   2. unknown - addons/shelfs/lua/entities/weapon_shelf/init.lua:83


L 10/12/2018 - 20:36:16: Lua Error: 
[ERROR] addons/shelfs/lua/entities/weapon_shelf/init.lua:52: attempt to index local 'wep' (a nil value)
  1. AddShelfItem - addons/shelfs/lua/entities/weapon_shelf/init.lua:52
   2. unknown - addons/shelfs/lua/entities/weapon_shelf/init.lua:83


L 10/12/2018 - 20:36:16: Lua Error: 
[ERROR] addons/shelfs/lua/entities/weapon_shelf/init.lua:52: attempt to index local 'wep' (a nil value)
  1. AddShelfItem - addons/shelfs/lua/entities/weapon_shelf/init.lua:52
   2. unknown - addons/shelfs/lua/entities/weapon_shelf/init.lua:83


L 10/12/2018 - 20:36:16: Lua Error: 
[ERROR] addons/shelfs/lua/entities/weapon_shelf/init.lua:52: attempt to index local 'wep' (a nil value)
  1. AddShelfItem - addons/shelfs/lua/entities/weapon_shelf/init.lua:52
   2. unknown - addons/shelfs/lua/entities/weapon_shelf/init.lua:83


L 10/12/2018 - 20:36:16: Lua Error: 
[ERROR] addons/shelfs/lua/entities/weapon_shelf/init.lua:52: attempt to index local 'wep' (a nil value)
  1. AddShelfItem - addons/shelfs/lua/entities/weapon_shelf/init.lua:52
   2. unknown - addons/shelfs/lua/entities/weapon_shelf/init.lua:83


L 10/12/2018 - 20:36:16: Lua Error: 
[ERROR] addons/shelfs/lua/entities/weapon_shelf/init.lua:52: attempt to index local 'wep' (a nil value)
  1. AddShelfItem - addons/shelfs/lua/entities/weapon_shelf/init.lua:52
   2. unknown - addons/shelfs/lua/entities/weapon_shelf/init.lua:83


L 10/12/2018 - 20:36:16: Lua Error: 
[ERROR] addons/shelfs/lua/entities/weapon_shelf/init.lua:52: attempt to index local 'wep' (a nil value)
  1. AddShelfItem - addons/shelfs/lua/entities/weapon_shelf/init.lua:52
   2. unknown - addons/shelfs/lua/entities/weapon_shelf/init.lua:83


L 10/12/2018 - 20:36:16: Lua Error: 
[ERROR] addons/shelfs/lua/entities/weapon_shelf/init.lua:52: attempt to index local 'wep' (a nil value)
  1. AddShelfItem - addons/shelfs/lua/entities/weapon_shelf/init.lua:52
   2. unknown - addons/shelfs/lua/entities/weapon_shelf/init.lua:83


L 10/12/2018 - 20:36:16: Lua Error: 
[ERROR] addons/shelfs/lua/entities/weapon_shelf/init.lua:52: attempt to index local 'wep' (a nil value)
  1. AddShelfItem - addons/shelfs/lua/entities/weapon_shelf/init.lua:52
   2. unknown - addons/shelfs/lua/entities/weapon_shelf/init.lua:83


L 10/12/2018 - 20:36:16: Lua Error: 
[ERROR] addons/shelfs/lua/entities/weapon_shelf/init.lua:52: attempt to index local 'wep' (a nil value)
  1. AddShelfItem - addons/shelfs/lua/entities/weapon_shelf/init.lua:52
   2. unknown - addons/shelfs/lua/entities/weapon_shelf/init.lua:83


L 10/12/2018 - 20:36:16: Lua Error: 
[ERROR] addons/shelfs/lua/entities/weapon_shelf/init.lua:52: attempt to index local 'wep' (a nil value)
  1. AddShelfItem - addons/shelfs/lua/entities/weapon_shelf/init.lua:52
   2. unknown - addons/shelfs/lua/entities/weapon_shelf/init.lua:83


L 10/12/2018 - 20:36:16: Lua Error: 
[ERROR] addons/shelfs/lua/entities/weapon_shelf/init.lua:52: attempt to index local 'wep' (a nil value)
  1. AddShelfItem - addons/shelfs/lua/entities/weapon_shelf/init.lua:52
   2. unknown - addons/shelfs/lua/entities/weapon_shelf/init.lua:83


L 10/12/2018 - 20:36:16: Lua Error: 
[ERROR] addons/shelfs/lua/entities/weapon_shelf/init.lua:52: attempt to index local 'wep' (a nil value)
  1. AddShelfItem - addons/shelfs/lua/entities/weapon_shelf/init.lua:52
   2. unknown - addons/shelfs/lua/entities/weapon_shelf/init.lua:83


L 10/12/2018 - 20:36:16: Lua Error: 
[ERROR] addons/shelfs/lua/entities/weapon_shelf/init.lua:52: attempt to index local 'wep' (a nil value)
  1. AddShelfItem - addons/shelfs/lua/entities/weapon_shelf/init.lua:52
   2. unknown - addons/shelfs/lua/entities/weapon_shelf/init.lua:83


L 10/12/2018 - 20:36:16: Lua Error: 
[ERROR] addons/shelfs/lua/entities/weapon_shelf/init.lua:52: attempt to index local 'wep' (a nil value)
  1. AddShelfItem - addons/shelfs/lua/entities/weapon_shelf/init.lua:52
   2. unknown - addons/shelfs/lua/entities/weapon_shelf/init.lua:83


L 10/12/2018 - 20:36:16: Lua Error: 
[ERROR] addons/shelfs/lua/entities/weapon_shelf/init.lua:52: attempt to index local 'wep' (a nil value)
  1. AddShelfItem - addons/shelfs/lua/entities/weapon_shelf/init.lua:52
   2. unknown - addons/shelfs/lua/entities/weapon_shelf/init.lua:83


L 10/12/2018 - 20:36:16: Lua Error: 
[ERROR] addons/shelfs/lua/entities/weapon_shelf/init.lua:52: attempt to index local 'wep' (a nil value)
  1. AddShelfItem - addons/shelfs/lua/entities/weapon_shelf/init.lua:52
   2. unknown - addons/shelfs/lua/entities/weapon_shelf/init.lua:83


L 10/12/2018 - 20:36:16: Lua Error: 
[ERROR] addons/shelfs/lua/entities/weapon_shelf/init.lua:52: attempt to index local 'wep' (a nil value)
  1. AddShelfItem - addons/shelfs/lua/entities/weapon_shelf/init.lua:52
   2. unknown - addons/shelfs/lua/entities/weapon_shelf/init.lua:83


L 10/12/2018 - 20:36:16: Lua Error: 
[ERROR] addons/shelfs/lua/entities/weapon_shelf/init.lua:52: attempt to index local 'wep' (a nil value)
  1. AddShelfItem - addons/shelfs/lua/entities/weapon_shelf/init.lua:52
   2. unknown - addons/shelfs/lua/entities/weapon_shelf/init.lua:83


L 10/12/2018 - 20:36:16: Lua Error: 
[ERROR] addons/shelfs/lua/entities/weapon_shelf/init.lua:52: attempt to index local 'wep' (a nil value)
  1. AddShelfItem - addons/shelfs/lua/entities/weapon_shelf/init.lua:52
   2. unknown - addons/shelfs/lua/entities/weapon_shelf/init.lua:83


L 10/12/2018 - 20:36:16: Lua Error: 
[ERROR] addons/shelfs/lua/entities/weapon_shelf/init.lua:52: attempt to index local 'wep' (a nil value)
  1. AddShelfItem - addons/shelfs/lua/entities/weapon_shelf/init.lua:52
   2. unknown - addons/shelfs/lua/entities/weapon_shelf/init.lua:83


L 10/12/2018 - 20:36:16: Lua Error: 
[ERROR] addons/shelfs/lua/entities/weapon_shelf/init.lua:52: attempt to index local 'wep' (a nil value)
  1. AddShelfItem - addons/shelfs/lua/entities/weapon_shelf/init.lua:52
   2. unknown - addons/shelfs/lua/entities/weapon_shelf/init.lua:83


L 10/12/2018 - 20:36:16: Lua Error: 
[ERROR] addons/shelfs/lua/entities/weapon_shelf/init.lua:52: attempt to index local 'wep' (a nil value)
  1. AddShelfItem - addons/shelfs/lua/entities/weapon_shelf/init.lua:52
   2. unknown - addons/shelfs/lua/entities/weapon_shelf/init.lua:83


L 10/12/2018 - 20:36:16: Lua Error: 
[ERROR] addons/shelfs/lua/entities/weapon_shelf/init.lua:52: attempt to index local 'wep' (a nil value)
  1. AddShelfItem - addons/shelfs/lua/entities/weapon_shelf/init.lua:52
   2. unknown - addons/shelfs/lua/entities/weapon_shelf/init.lua:83


L 10/12/2018 - 20:36:16: Lua Error: 
[ERROR] addons/shelfs/lua/entities/weapon_shelf/init.lua:52: attempt to index local 'wep' (a nil value)
  1. AddShelfItem - addons/shelfs/lua/entities/weapon_shelf/init.lua:52
   2. unknown - addons/shelfs/lua/entities/weapon_shelf/init.lua:83


L 10/12/2018 - 20:36:16: Lua Error: 
[ERROR] addons/shelfs/lua/entities/weapon_shelf/init.lua:52: attempt to index local 'wep' (a nil value)
  1. AddShelfItem - addons/shelfs/lua/entities/weapon_shelf/init.lua:52
   2. unknown - addons/shelfs/lua/entities/weapon_shelf/init.lua:83


L 10/12/2018 - 20:36:16: Lua Error: 
[ERROR] addons/shelfs/lua/entities/weapon_shelf/init.lua:52: attempt to index local 'wep' (a nil value)
  1. AddShelfItem - addons/shelfs/lua/entities/weapon_shelf/init.lua:52
   2. unknown - addons/shelfs/lua/entities/weapon_shelf/init.lua:83


L 10/12/2018 - 20:36:16: Lua Error: 
[ERROR] addons/shelfs/lua/entities/weapon_shelf/init.lua:52: attempt to index local 'wep' (a nil value)
  1. AddShelfItem - addons/shelfs/lua/entities/weapon_shelf/init.lua:52
   2. unknown - addons/shelfs/lua/entities/weapon_shelf/init.lua:83


L 10/12/2018 - 20:36:16: Lua Error: 
[ERROR] addons/shelfs/lua/entities/weapon_shelf/init.lua:52: attempt to index local 'wep' (a nil value)
  1. AddShelfItem - addons/shelfs/lua/entities/weapon_shelf/init.lua:52
   2. unknown - addons/shelfs/lua/entities/weapon_shelf/init.lua:83


L 10/12/2018 - 20:36:16: Lua Error: 
[ERROR] addons/shelfs/lua/entities/weapon_shelf/init.lua:52: attempt to index local 'wep' (a nil value)
  1. AddShelfItem - addons/shelfs/lua/entities/weapon_shelf/init.lua:52
   2. unknown - addons/shelfs/lua/entities/weapon_shelf/init.lua:83


L 10/12/2018 - 20:36:16: Lua Error: 
[ERROR] addons/shelfs/lua/entities/weapon_shelf/init.lua:52: attempt to index local 'wep' (a nil value)
  1. AddShelfItem - addons/shelfs/lua/entities/weapon_shelf/init.lua:52
   2. unknown - addons/shelfs/lua/entities/weapon_shelf/init.lua:83


L 10/12/2018 - 20:36:16: Lua Error: 
[ERROR] addons/shelfs/lua/entities/weapon_shelf/init.lua:52: attempt to index local 'wep' (a nil value)
  1. AddShelfItem - addons/shelfs/lua/entities/weapon_shelf/init.lua:52
   2. unknown - addons/shelfs/lua/entities/weapon_shelf/init.lua:83


L 10/12/2018 - 20:36:16: Lua Error: 
[ERROR] addons/shelfs/lua/entities/weapon_shelf/init.lua:52: attempt to index local 'wep' (a nil value)
  1. AddShelfItem - addons/shelfs/lua/entities/weapon_shelf/init.lua:52
   2. unknown - addons/shelfs/lua/entities/weapon_shelf/init.lua:83


L 10/12/2018 - 20:36:16: Lua Error: 
[ERROR] addons/shelfs/lua/entities/weapon_shelf/init.lua:52: attempt to index local 'wep' (a nil value)
  1. AddShelfItem - addons/shelfs/lua/entities/weapon_shelf/init.lua:52
   2. unknown - addons/shelfs/lua/entities/weapon_shelf/init.lua:83


L 10/12/2018 - 20:36:16: Lua Error: 
[ERROR] addons/shelfs/lua/entities/weapon_shelf/init.lua:52: attempt to index local 'wep' (a nil value)
  1. AddShelfItem - addons/shelfs/lua/entities/weapon_shelf/init.lua:52
   2. unknown - addons/shelfs/lua/entities/weapon_shelf/init.lua:83


L 10/12/2018 - 20:36:16: Lua Error: 
[ERROR] addons/shelfs/lua/entities/weapon_shelf/init.lua:52: attempt to index local 'wep' (a nil value)
  1. AddShelfItem - addons/shelfs/lua/entities/weapon_shelf/init.lua:52
   2. unknown - addons/shelfs/lua/entities/weapon_shelf/init.lua:83


L 10/12/2018 - 20:36:16: Lua Error: 
[ERROR] addons/shelfs/lua/entities/weapon_shelf/init.lua:52: attempt to index local 'wep' (a nil value)
  1. AddShelfItem - addons/shelfs/lua/entities/weapon_shelf/init.lua:52
   2. unknown - addons/shelfs/lua/entities/weapon_shelf/init.lua:83


L 10/12/2018 - 20:36:16: Lua Error: 
[ERROR] addons/shelfs/lua/entities/weapon_shelf/init.lua:52: attempt to index local 'wep' (a nil value)
  1. AddShelfItem - addons/shelfs/lua/entities/weapon_shelf/init.lua:52
   2. unknown - addons/shelfs/lua/entities/weapon_shelf/init.lua:83


L 10/12/2018 - 20:36:16: Lua Error: 
[ERROR] addons/shelfs/lua/entities/weapon_shelf/init.lua:52: attempt to index local 'wep' (a nil value)
  1. AddShelfItem - addons/shelfs/lua/entities/weapon_shelf/init.lua:52
   2. unknown - addons/shelfs/lua/entities/weapon_shelf/init.lua:83


L 10/12/2018 - 20:36:16: Lua Error: 
[ERROR] addons/shelfs/lua/entities/weapon_shelf/init.lua:52: attempt to index local 'wep' (a nil value)
  1. AddShelfItem - addons/shelfs/lua/entities/weapon_shelf/init.lua:52
   2. unknown - addons/shelfs/lua/entities/weapon_shelf/init.lua:83


L 10/12/2018 - 20:36:16: Lua Error: 
[ERROR] addons/shelfs/lua/entities/weapon_shelf/init.lua:52: attempt to index local 'wep' (a nil value)
  1. AddShelfItem - addons/shelfs/lua/entities/weapon_shelf/init.lua:52
   2. unknown - addons/shelfs/lua/entities/weapon_shelf/init.lua:83


L 10/12/2018 - 20:36:16: Lua Error: 
[ERROR] addons/shelfs/lua/entities/weapon_shelf/init.lua:52: attempt to index local 'wep' (a nil value)
  1. AddShelfItem - addons/shelfs/lua/entities/weapon_shelf/init.lua:52
   2. unknown - addons/shelfs/lua/entities/weapon_shelf/init.lua:83


L 10/12/2018 - 20:36:16: Lua Error: 
[ERROR] addons/shelfs/lua/entities/weapon_shelf/init.lua:52: attempt to index local 'wep' (a nil value)
  1. AddShelfItem - addons/shelfs/lua/entities/weapon_shelf/init.lua:52
   2. unknown - addons/shelfs/lua/entities/weapon_shelf/init.lua:83


L 10/12/2018 - 20:36:16: Lua Error: 
[ERROR] addons/shelfs/lua/entities/weapon_shelf/init.lua:52: attempt to index local 'wep' (a nil value)
  1. AddShelfItem - addons/shelfs/lua/entities/weapon_shelf/init.lua:52
   2. unknown - addons/shelfs/lua/entities/weapon_shelf/init.lua:83


L 10/12/2018 - 20:36:16: Lua Error: 
[ERROR] addons/shelfs/lua/entities/weapon_shelf/init.lua:52: attempt to index local 'wep' (a nil value)
  1. AddShelfItem - addons/shelfs/lua/entities/weapon_shelf/init.lua:52
   2. unknown - addons/shelfs/lua/entities/weapon_shelf/init.lua:83


L 10/12/2018 - 20:36:16: Lua Error: 
[ERROR] addons/shelfs/lua/entities/weapon_shelf/init.lua:52: attempt to index local 'wep' (a nil value)
  1. AddShelfItem - addons/shelfs/lua/entities/weapon_shelf/init.lua:52
   2. unknown - addons/shelfs/lua/entities/weapon_shelf/init.lua:83


L 10/12/2018 - 20:36:16: Lua Error: 
[ERROR] addons/shelfs/lua/entities/weapon_shelf/init.lua:52: attempt to index local 'wep' (a nil value)
  1. AddShelfItem - addons/shelfs/lua/entities/weapon_shelf/init.lua:52
   2. unknown - addons/shelfs/lua/entities/weapon_shelf/init.lua:83


L 10/12/2018 - 20:36:16: Lua Error: 
[ERROR] addons/shelfs/lua/entities/weapon_shelf/init.lua:52: attempt to index local 'wep' (a nil value)
  1. AddShelfItem - addons/shelfs/lua/entities/weapon_shelf/init.lua:52
   2. unknown - addons/shelfs/lua/entities/weapon_shelf/init.lua:83


L 10/12/2018 - 20:36:16: Lua Error: 
[ERROR] addons/shelfs/lua/entities/weapon_shelf/init.lua:52: attempt to index local 'wep' (a nil value)
  1. AddShelfItem - addons/shelfs/lua/entities/weapon_shelf/init.lua:52
   2. unknown - addons/shelfs/lua/entities/weapon_shelf/init.lua:83


L 10/12/2018 - 20:36:16: Lua Error: 
[ERROR] addons/shelfs/lua/entities/weapon_shelf/init.lua:52: attempt to index local 'wep' (a nil value)
  1. AddShelfItem - addons/shelfs/lua/entities/weapon_shelf/init.lua:52
   2. unknown - addons/shelfs/lua/entities/weapon_shelf/init.lua:83


L 10/12/2018 - 20:36:16: Lua Error: 
[ERROR] addons/shelfs/lua/entities/weapon_shelf/init.lua:52: attempt to index local 'wep' (a nil value)
  1. AddShelfItem - addons/shelfs/lua/entities/weapon_shelf/init.lua:52
   2. unknown - addons/shelfs/lua/entities/weapon_shelf/init.lua:83


L 10/12/2018 - 20:36:16: Lua Error: 
[ERROR] addons/shelfs/lua/entities/weapon_shelf/init.lua:52: attempt to index local 'wep' (a nil value)
  1. AddShelfItem - addons/shelfs/lua/entities/weapon_shelf/init.lua:52
   2. unknown - addons/shelfs/lua/entities/weapon_shelf/init.lua:83


L 10/12/2018 - 20:36:16: Lua Error: 
[ERROR] addons/shelfs/lua/entities/weapon_shelf/init.lua:52: attempt to index local 'wep' (a nil value)
  1. AddShelfItem - addons/shelfs/lua/entities/weapon_shelf/init.lua:52
   2. unknown - addons/shelfs/lua/entities/weapon_shelf/init.lua:83


L 10/12/2018 - 20:36:16: Lua Error: 
[ERROR] addons/shelfs/lua/entities/weapon_shelf/init.lua:52: attempt to index local 'wep' (a nil value)
  1. AddShelfItem - addons/shelfs/lua/entities/weapon_shelf/init.lua:52
   2. unknown - addons/shelfs/lua/entities/weapon_shelf/init.lua:83


L 10/12/2018 - 20:36:17: Lua Error: 
[ERROR] addons/shelfs/lua/entities/weapon_shelf/init.lua:52: attempt to index local 'wep' (a nil value)
  1. AddShelfItem - addons/shelfs/lua/entities/weapon_shelf/init.lua:52
   2. unknown - addons/shelfs/lua/entities/weapon_shelf/init.lua:83


L 10/12/2018 - 20:36:17: Lua Error: 
[ERROR] addons/shelfs/lua/entities/weapon_shelf/init.lua:52: attempt to index local 'wep' (a nil value)
  1. AddShelfItem - addons/shelfs/lua/entities/weapon_shelf/init.lua:52
   2. unknown - addons/shelfs/lua/entities/weapon_shelf/init.lua:83


L 10/12/2018 - 20:36:17: Lua Error: 
[ERROR] addons/shelfs/lua/entities/weapon_shelf/init.lua:52: attempt to index local 'wep' (a nil value)
  1. AddShelfItem - addons/shelfs/lua/entities/weapon_shelf/init.lua:52
   2. unknown - addons/shelfs/lua/entities/weapon_shelf/init.lua:83


L 10/12/2018 - 20:36:17: Lua Error: 
[ERROR] addons/shelfs/lua/entities/weapon_shelf/init.lua:52: attempt to index local 'wep' (a nil value)
  1. AddShelfItem - addons/shelfs/lua/entities/weapon_shelf/init.lua:52
   2. unknown - addons/shelfs/lua/entities/weapon_shelf/init.lua:83


L 10/12/2018 - 20:36:17: Lua Error: 
[ERROR] addons/shelfs/lua/entities/weapon_shelf/init.lua:52: attempt to index local 'wep' (a nil value)
  1. AddShelfItem - addons/shelfs/lua/entities/weapon_shelf/init.lua:52
   2. unknown - addons/shelfs/lua/entities/weapon_shelf/init.lua:83


L 10/12/2018 - 20:36:17: Lua Error: 
[ERROR] addons/shelfs/lua/entities/weapon_shelf/init.lua:52: attempt to index local 'wep' (a nil value)
  1. AddShelfItem - addons/shelfs/lua/entities/weapon_shelf/init.lua:52
   2. unknown - addons/shelfs/lua/entities/weapon_shelf/init.lua:83


L 10/12/2018 - 20:36:17: Lua Error: 
[ERROR] addons/shelfs/lua/entities/weapon_shelf/init.lua:52: attempt to index local 'wep' (a nil value)
  1. AddShelfItem - addons/shelfs/lua/entities/weapon_shelf/init.lua:52
   2. unknown - addons/shelfs/lua/entities/weapon_shelf/init.lua:83


L 10/12/2018 - 20:36:17: Lua Error: 
[ERROR] addons/shelfs/lua/entities/weapon_shelf/init.lua:52: attempt to index local 'wep' (a nil value)
  1. AddShelfItem - addons/shelfs/lua/entities/weapon_shelf/init.lua:52
   2. unknown - addons/shelfs/lua/entities/weapon_shelf/init.lua:83


L 10/12/2018 - 20:36:17: Lua Error: 
[ERROR] addons/shelfs/lua/entities/weapon_shelf/init.lua:52: attempt to index local 'wep' (a nil value)
  1. AddShelfItem - addons/shelfs/lua/entities/weapon_shelf/init.lua:52
   2. unknown - addons/shelfs/lua/entities/weapon_shelf/init.lua:83


L 10/12/2018 - 20:36:17: Lua Error: 
[ERROR] addons/shelfs/lua/entities/weapon_shelf/init.lua:52: attempt to index local 'wep' (a nil value)
  1. AddShelfItem - addons/shelfs/lua/entities/weapon_shelf/init.lua:52
   2. unknown - addons/shelfs/lua/entities/weapon_shelf/init.lua:83


L 10/12/2018 - 20:36:17: Lua Error: 
[ERROR] addons/shelfs/lua/entities/weapon_shelf/init.lua:52: attempt to index local 'wep' (a nil value)
  1. AddShelfItem - addons/shelfs/lua/entities/weapon_shelf/init.lua:52
   2. unknown - addons/shelfs/lua/entities/weapon_shelf/init.lua:83


L 10/12/2018 - 20:36:17: Lua Error: 
[ERROR] addons/shelfs/lua/entities/weapon_shelf/init.lua:52: attempt to index local 'wep' (a nil value)
  1. AddShelfItem - addons/shelfs/lua/entities/weapon_shelf/init.lua:52
   2. unknown - addons/shelfs/lua/entities/weapon_shelf/init.lua:83


L 10/12/2018 - 20:36:17: Lua Error: 
[ERROR] addons/shelfs/lua/entities/weapon_shelf/init.lua:52: attempt to index local 'wep' (a nil value)
  1. AddShelfItem - addons/shelfs/lua/entities/weapon_shelf/init.lua:52
   2. unknown - addons/shelfs/lua/entities/weapon_shelf/init.lua:83


L 10/12/2018 - 20:36:17: Lua Error: 
[ERROR] addons/shelfs/lua/entities/weapon_shelf/init.lua:52: attempt to index local 'wep' (a nil value)
  1. AddShelfItem - addons/shelfs/lua/entities/weapon_shelf/init.lua:52
   2. unknown - addons/shelfs/lua/entities/weapon_shelf/init.lua:83


L 10/12/2018 - 20:36:17: Lua Error: 
[ERROR] addons/shelfs/lua/entities/weapon_shelf/init.lua:52: attempt to index local 'wep' (a nil value)
  1. AddShelfItem - addons/shelfs/lua/entities/weapon_shelf/init.lua:52
   2. unknown - addons/shelfs/lua/entities/weapon_shelf/init.lua:83


L 10/12/2018 - 20:36:17: Lua Error: 
[ERROR] addons/shelfs/lua/entities/weapon_shelf/init.lua:52: attempt to index local 'wep' (a nil value)
  1. AddShelfItem - addons/shelfs/lua/entities/weapon_shelf/init.lua:52
   2. unknown - addons/shelfs/lua/entities/weapon_shelf/init.lua:83


L 10/12/2018 - 20:36:17: Lua Error: 
[ERROR] addons/shelfs/lua/entities/weapon_shelf/init.lua:52: attempt to index local 'wep' (a nil value)
  1. AddShelfItem - addons/shelfs/lua/entities/weapon_shelf/init.lua:52
   2. unknown - addons/shelfs/lua/entities/weapon_shelf/init.lua:83


L 10/12/2018 - 20:36:17: Lua Error: 
[ERROR] addons/shelfs/lua/entities/weapon_shelf/init.lua:52: attempt to index local 'wep' (a nil value)
  1. AddShelfItem - addons/shelfs/lua/entities/weapon_shelf/init.lua:52
   2. unknown - addons/shelfs/lua/entities/weapon_shelf/init.lua:83


L 10/12/2018 - 20:36:17: Lua Error: 
[ERROR] addons/shelfs/lua/entities/weapon_shelf/init.lua:52: attempt to index local 'wep' (a nil value)
  1. AddShelfItem - addons/shelfs/lua/entities/weapon_shelf/init.lua:52
   2. unknown - addons/shelfs/lua/entities/weapon_shelf/init.lua:83


L 10/12/2018 - 20:36:17: Lua Error: 
[ERROR] addons/shelfs/lua/entities/weapon_shelf/init.lua:52: attempt to index local 'wep' (a nil value)
  1. AddShelfItem - addons/shelfs/lua/entities/weapon_shelf/i