L 10/12/2019 - 17:37:09: Log file started (file "logs\L1012018.log") (game "F:\sup\steamapps\common\GarrysModDS\garrysmod") (version "7517")
L 10/12/2019 - 17:37:09: server_cvar: "sv_alltalk" "3"
L 10/12/2019 - 17:37:09: server_cvar: "sv_allowcslua" "1"
L 10/12/2019 - 17:37:09: server_cvar: "sv_airaccelerate" "1000"
L 10/12/2019 - 17:37:09: server_cvar: "sv_alltalk" "0"
L 10/12/2019 - 17:37:10: Connection to Steam servers successful.
L 10/12/2019 - 17:37:10:    Public IP is 31.130.42.47.
L 10/12/2019 - 17:37:10: Assigned anonymous gameserver Steam ID [A-1:2142363649(13447)].
L 10/12/2019 - 17:37:10: VAC secure mode is activated.
L 10/12/2019 - 17:38:08: "DidVaitel<2><STEAM_0:1:74202541><>" connected, address "26.64.99.216:27006"
L 10/12/2019 - 17:38:09: "DidVaitel<2><STEAM_0:1:74202541><>" STEAM USERID validated
L 10/12/2019 - 17:38:40: [FAdmin] DidVaitel (STEAM_0:1:74202541) Spawned for the first time
L 10/12/2019 - 17:38:40: [FAdmin] Loshar (STEAM_0:1:74202541) Spawned
L 10/12/2019 - 17:38:40: "DidVaitel<2><STEAM_0:1:74202541><>" entered the game
L 10/12/2019 - 17:38:40: [FAdmin] Loshar (STEAM_0:1:74202541) Attempted to pick up a keys
L 10/12/2019 - 17:38:40: [FAdmin] Loshar (STEAM_0:1:74202541) Attempted to pick up a weapon_physcannon
L 10/12/2019 - 17:38:40: [FAdmin] Loshar (STEAM_0:1:74202541) Attempted to pick up a gmod_camera
L 10/12/2019 - 17:38:40: [FAdmin] Loshar (STEAM_0:1:74202541) Attempted to pick up a gmod_tool
L 10/12/2019 - 17:38:40: [FAdmin] Loshar (STEAM_0:1:74202541) Attempted to pick up a pocket
L 10/12/2019 - 17:38:40: [FAdmin] Loshar (STEAM_0:1:74202541) Attempted to pick up a weapon_physgun
L 10/12/2019 - 17:38:40: [FAdmin] Loshar (STEAM_0:1:74202541) Attempted to pick up a weapon_keypadchecker
L 10/12/2019 - 17:38:40: [FAdmin] Loshar (STEAM_0:1:74202541) Attempted to pick up a door_ram
L 10/12/2019 - 17:38:40: [FAdmin] Loshar (STEAM_0:1:74202541) Attempted to pick up a arrest_stick
L 10/12/2019 - 17:38:40: [FAdmin] Loshar (STEAM_0:1:74202541) Attempted to pick up a unarrest_stick
L 10/12/2019 - 17:38:40: [FAdmin] Loshar (STEAM_0:1:74202541) Attempted to pick up a stunstick
L 10/12/2019 - 17:38:40: [FAdmin] Loshar (STEAM_0:1:74202541) Attempted to pick up a weaponchecker
L 10/12/2019 - 17:38:40: [FAdmin] Loshar (STEAM_0:1:74202541) is Authed
L 10/12/2019 - 17:39:52: [FAdmin] Loshar (STEAM_0:1:74202541) Gave himself a weapon_informer_laptop
L 10/12/2019 - 17:39:52: [FAdmin] Loshar (STEAM_0:1:74202541) Attempted to pick up a weapon_informer_laptop
L 10/12/2019 - 18:22:23: "DidVaitel<2><STEAM_0:1:74202541><>" disconnected (reason "Disconnect by user.")
L 10/12/2019 - 18:22:23: [FAdmin] Loshar (STEAM_0:1:74202541) Disconnected
L 10/12/2019 - 18:22:24: "DidVaitel<3><STEAM_0:1:74202541><>" connected, address "26.64.99.216:27006"
L 10/12/2019 - 18:22:25: "DidVaitel<3><STEAM_0:1:74202541><>" STEAM USERID validated
L 10/12/2019 - 18:22:35: [FAdmin] DidVaitel (STEAM_0:1:74202541) Spawned for the first time
L 10/12/2019 - 18:22:35: [FAdmin] Loshar (STEAM_0:1:74202541) Spawned
L 10/12/2019 - 18:22:35: "DidVaitel<3><STEAM_0:1:74202541><>" entered the game
L 10/12/2019 - 18:22:35: [FAdmin] Loshar (STEAM_0:1:74202541) Attempted to pick up a keys
L 10/12/2019 - 18:22:35: [FAdmin] Loshar (STEAM_0:1:74202541) Attempted to pick up a weapon_physcannon
L 10/12/2019 - 18:22:35: [FAdmin] Loshar (STEAM_0:1:74202541) Attempted to pick up a gmod_camera
L 10/12/2019 - 18:22:35: [FAdmin] Loshar (STEAM_0:1:74202541) Attempted to pick up a gmod_tool
L 10/12/2019 - 18:22:35: [FAdmin] Loshar (STEAM_0:1:74202541) Attempted to pick up a pocket
L 10/12/2019 - 18:22:35: [FAdmin] Loshar (STEAM_0:1:74202541) Attempted to pick up a weapon_physgun
L 10/12/2019 - 18:22:35: [FAdmin] Loshar (STEAM_0:1:74202541) Attempted to pick up a weapon_keypadchecker
L 10/12/2019 - 18:22:35: [FAdmin] Loshar (STEAM_0:1:74202541) Attempted to pick up a door_ram
L 10/12/2019 - 18:22:35: [FAdmin] Loshar (STEAM_0:1:74202541) Attempted to pick up a arrest_stick
L 10/12/2019 - 18:22:35: [FAdmin] Loshar (STEAM_0:1:74202541) Attempted to pick up a unarrest_stick
L 10/12/2019 - 18:22:35: [FAdmin] Loshar (STEAM_0:1:74202541) Attempted to pick up a stunstick
L 10/12/2019 - 18:22:35: [FAdmin] Loshar (STEAM_0:1:74202541) Attempted to pick up a weaponchecker
L 10/12/2019 - 18:22:35: [FAdmin] Loshar (STEAM_0:1:74202541) is Authed
L 10/12/2019 - 18:22:40: [FAdmin] Loshar (STEAM_0:1:74202541) Attempted to switch noclip
L 10/12/2019 - 18:22:40: [FAdmin] Loshar (STEAM_0:1:74202541) Attempted to switch noclip
L 10/12/2019 - 18:22:49: "DidVaitel<3><STEAM_0:1:74202541><>" disconnected (reason "Disconnect by user.")
L 10/12/2019 - 18:22:49: [FAdmin] Loshar (STEAM_0:1:74202541) Disconnected
L 10/12/2019 - 18:22:50: "DidVaitel<4><STEAM_0:1:74202541><>" connected, address "26.64.99.216:27006"
L 10/12/2019 - 18:22:50: "DidVaitel<4><STEAM_0:1:74202541><>" STEAM USERID validated
L 10/12/2019 - 18:23:01: [FAdmin] DidVaitel (STEAM_0:1:74202541) Spawned for the first time
L 10/12/2019 - 18:23:01: [FAdmin] Loshar (STEAM_0:1:74202541) Spawned
L 10/12/2019 - 18:23:01: "DidVaitel<4><STEAM_0:1:74202541><>" entered the game
L 10/12/2019 - 18:23:01: [FAdmin] Loshar (STEAM_0:1:74202541) Attempted to pick up a keys
L 10/12/2019 - 18:23:01: [FAdmin] Loshar (STEAM_0:1:74202541) Attempted to pick up a weapon_physcannon
L 10/12/2019 - 18:23:01: [FAdmin] Loshar (STEAM_0:1:74202541) Attempted to pick up a gmod_camera
L 10/12/2019 - 18:23:01: [FAdmin] Loshar (STEAM_0:1:74202541) Attempted to pick up a gmod_tool
L 10/12/2019 - 18:23:01: [FAdmin] Loshar (STEAM_0:1:74202541) Attempted to pick up a pocket
L 10/12/2019 - 18:23:01: [FAdmin] Loshar (STEAM_0:1:74202541) Attempted to pick up a weapon_physgun
L 10/12/2019 - 18:23:01: [FAdmin] Loshar (STEAM_0:1:74202541) Attempted to pick up a weapon_keypadchecker
L 10/12/2019 - 18:23:01: [FAdmin] Loshar (STEAM_0:1:74202541) Attempted to pick up a door_ram
L 10/12/2019 - 18:23:01: [FAdmin] Loshar (STEAM_0:1:74202541) Attempted to pick up a arrest_stick
L 10/12/2019 - 18:23:01: [FAdmin] Loshar (STEAM_0:1:74202541) Attempted to pick up a unarrest_stick
L 10/12/2019 - 18:23:01: [FAdmin] Loshar (STEAM_0:1:74202541) Attempted to pick up a stunstick
L 10/12/2019 - 18:23:01: [FAdmin] Loshar (STEAM_0:1:74202541) Attempted to pick up a weaponchecker
L 10/12/2019 - 18:23:01: [FAdmin] Loshar (STEAM_0:1:74202541) is Authed
L 10/12/2019 - 18:23:11: [FAdmin] Loshar (STEAM_0:1:74202541) Attempted to switch noclip
L 10/12/2019 - 18:23:11: [FAdmin] Loshar (STEAM_0:1:74202541) Attempted to switch noclip
L 10/12/2019 - 18:23:18: "DidVaitel<4><STEAM_0:1:74202541><>" disconnected (reason "Disconnect by user.")
L 10/12/2019 - 18:23:18: [FAdmin] Loshar (STEAM_0:1:74202541) Disconnected
L 10/12/2019 - 18:23:19: "DidVaitel<5><STEAM_0:1:74202541><>" connected, address "26.64.99.216:27006"
L 10/12/2019 - 18:23:19: "DidVaitel<5><STEAM_0:1:74202541><>" STEAM USERID validated
L 10/12/2019 - 18:23:30: [FAdmin] DidVaitel (STEAM_0:1:74202541) Spawned for the first time
L 10/12/2019 - 18:23:30: [FAdmin] Loshar (STEAM_0:1:74202541) Spawned
L 10/12/2019 - 18:23:30: "DidVaitel<5><STEAM_0:1:74202541><>" entered the game
L 10/12/2019 - 18:23:30: [FAdmin] Loshar (STEAM_0:1:74202541) Attempted to pick up a keys
L 10/12/2019 - 18:23:30: [FAdmin] Loshar (STEAM_0:1:74202541) Attempted to pick up a weapon_physcannon
L 10/12/2019 - 18:23:30: [FAdmin] Loshar (STEAM_0:1:74202541) Attempted to pick up a gmod_camera
L 10/12/2019 - 18:23:30: [FAdmin] Loshar (STEAM_0:1:74202541) Attempted to pick up a gmod_tool
L 10/12/2019 - 18:23:30: [FAdmin] Loshar (STEAM_0:1:74202541) Attempted to pick up a pocket
L 10/12/2019 - 18:23:30: [FAdmin] Loshar (STEAM_0:1:74202541) Attempted to pick up a weapon_physgun
L 10/12/2019 - 18:23:30: [FAdmin] Loshar (STEAM_0:1:74202541) Attempted to pick up a weapon_keypadchecker
L 10/12/2019 - 18:23:30: [FAdmin] Loshar (STEAM_0:1:74202541) Attempted to pick up a door_ram
L 10/12/2019 - 18:23:30: [FAdmin] Loshar (STEAM_0:1:74202541) Attempted to pick up a arrest_stick
L 10/12/2019 - 18:23:30: [FAdmin] Loshar (STEAM_0:1:74202541) Attempted to pick up a unarrest_stick
L 10/12/2019 - 18:23:30: [FAdmin] Loshar (STEAM_0:1:74202541) Attempted to pick up a stunstick
L 10/12/2019 - 18:23:30: [FAdmin] Loshar (STEAM_0:1:74202541) Attempted to pick up a weaponchecker
L 10/12/2019 - 18:23:30: [FAdmin] Loshar (STEAM_0:1:74202541) is Authed
L 10/12/2019 - 18:23:53: [FAdmin] Loshar (STEAM_0:1:74202541) Attempted to switch noclip
L 10/12/2019 - 18:23:54: [FAdmin] Loshar (STEAM_0:1:74202541) Attempted to switch noclip
L 10/12/2019 - 18:23:59: "DidVaitel<5><STEAM_0:1:74202541><>" disconnected (reason "Disconnect by user.")
L 10/12/2019 - 18:23:59: [FAdmin] Loshar (STEAM_0:1:74202541) Disconnected
L 10/12/2019 - 18:24:00: "DidVaitel<6><STEAM_0:1:74202541><>" connected, address "26.64.99.216:27006"
L 10/12/2019 - 18:24:00: "DidVaitel<6><STEAM_0:1:74202541><>" STEAM USERID validated
L 10/12/2019 - 18:24:13: [FAdmin] DidVaitel (STEAM_0:1:74202541) Spawned for the first time
L 10/12/2019 - 18:24:13: [FAdmin] Loshar (STEAM_0:1:74202541) Spawned
L 10/12/2019 - 18:24:13: "DidVaitel<6><STEAM_0:1:74202541><>" entered the game
L 10/12/2019 - 18:24:13: [FAdmin] Loshar (STEAM_0:1:74202541) Attempted to pick up a keys
L 10/12/2019 - 18:24:13: [FAdmin] Loshar (STEAM_0:1:74202541) Attempted to pick up a weapon_physcannon
L 10/12/2019 - 18:24:13: [FAdmin] Loshar (STEAM_0:1:74202541) Attempted to pick up a gmod_camera
L 10/12/2019 - 18:24:13: [FAdmin] Loshar (STEAM_0:1:74202541) Attempted to pick up a gmod_tool
L 10/12/2019 - 18:24:13: [FAdmin] Loshar (STEAM_0:1:74202541) Attempted to pick up a pocket
L 10/12/2019 - 18:24:13: [FAdmin] Loshar (STEAM_0:1:74202541) Attempted to pick up a weapon_physgun
L 10/12/2019 - 18:24:13: [FAdmin] Loshar (STEAM_0:1:74202541) Attempted to pick up a weapon_keypadchecker
L 10/12/2019 - 18:24:13: [FAdmin] Loshar (STEAM_0:1:74202541) Attempted to pick up a door_ram
L 10/12/2019 - 18:24:13: [FAdmin] Loshar (STEAM_0:1:74202541) Attempted to pick up a arrest_stick
L 10/12/2019 - 18:24:13: [FAdmin] Loshar (STEAM_0:1:74202541) Attempted to pick up a unarrest_stick
L 10/12/2019 - 18:24:13: [FAdmin] Loshar (STEAM_0:1:74202541) Attempted to pick up a stunstick
L 10/12/2019 - 18:24:13: [FAdmin] Loshar (STEAM_0:1:74202541) Attempted to pick up a weaponchecker
L 10/12/2019 - 18:24:13: [FAdmin] Loshar (STEAM_0:1:74202541) is Authed
L 10/12/2019 - 18:24:25: [FAdmin] Loshar (STEAM_0:1:74202541) Attempted to switch noclip
L 10/12/2019 - 18:24:26: [FAdmin] Loshar (STEAM_0:1:74202541) Attempted to switch noclip
L 10/12/2019 - 18:24:36: "DidVaitel<6><STEAM_0:1:74202541><>" disconnected (reason "Disconnect by user.")
L 10/12/2019 - 18:24:36: [FAdmin] Loshar (STEAM_0:1:74202541) Disconnected
L 10/12/2019 - 18:24:36: "DidVaitel<7><STEAM_0:1:74202541><>" connected, address "26.64.99.216:27006"
L 10/12/2019 - 18:24:37: "DidVaitel<7><STEAM_0:1:74202541><>" STEAM USERID validated
L 10/12/2019 - 18:24:50: [FAdmin] DidVaitel (STEAM_0:1:74202541) Spawned for the first time
L 10/12/2019 - 18:24:50: [FAdmin] Loshar (STEAM_0:1:74202541) Spawned
L 10/12/2019 - 18:24:50: "DidVaitel<7><STEAM_0:1:74202541><>" entered the game
L 10/12/2019 - 18:24:50: [FAdmin] Loshar (STEAM_0:1:74202541) Attempted to pick up a keys
L 10/12/2019 - 18:24:50: [FAdmin] Loshar (STEAM_0:1:74202541) Attempted to pick up a weapon_physcannon
L 10/12/2019 - 18:24:50: [FAdmin] Loshar (STEAM_0:1:74202541) Attempted to pick up a gmod_camera
L 10/12/2019 - 18:24:50: [FAdmin] Loshar (STEAM_0:1:74202541) Attempted to pick up a gmod_tool
L 10/12/2019 - 18:24:50: [FAdmin] Loshar (STEAM_0:1:74202541) Attempted to pick up a pocket
L 10/12/2019 - 18:24:50: [FAdmin] Loshar (STEAM_0:1:74202541) Attempted to pick up a weapon_physgun
L 10/12/2019 - 18:24:50: [FAdmin] Loshar (STEAM_0:1:74202541) Attempted to pick up a weapon_keypadchecker
L 10/12/2019 - 18:24:50: [FAdmin] Loshar (STEAM_0:1:74202541) Attempted to pick up a door_ram
L 10/12/2019 - 18:24:50: [FAdmin] Loshar (STEAM_0:1:74202541) Attempted to pick up a arrest_stick
L 10/12/2019 - 18:24:50: [FAdmin] Loshar (STEAM_0:1:74202541) Attempted to pick up a unarrest_stick
L 10/12/2019 - 18:24:50: [FAdmin] Loshar (STEAM_0:1:74202541) Attempted to pick up a stunstick
L 10/12/2019 - 18:24:50: [FAdmin] Loshar (STEAM_0:1:74202541) Attempted to pick up a weaponchecker
L 10/12/2019 - 18:24:50: [FAdmin] Loshar (STEAM_0:1:74202541) is Authed
L 10/12/2019 - 18:25:13: [FAdmin] Loshar (STEAM_0:1:74202541) Attempted to switch noclip
L 10/12/2019 - 18:25:14: [FAdmin] Loshar (STEAM_0:1:74202541) Attempted to switch noclip
L 10/12/2019 - 18:25:57: "DidVaitel<7><STEAM_0:1:74202541><>" disconnected (reason "Disconnect by user.")
L 10/12/2019 - 18:25:57: [FAdmin] Loshar (STEAM_0:1:74202541) Disconnected
L 10/12/2019 - 18:25:58: "DidVaitel<8><STEAM_0:1:74202541><>" connected, address "26.64.99.216:27006"
L 10/12/2019 - 18:25:58: "DidVaitel<8><STEAM_0:1:74202541><>" STEAM USERID validated
L 10/12/2019 - 18:26:10: [FAdmin] DidVaitel (STEAM_0:1:74202541) Spawned for the first time
L 10/12/2019 - 18:26:10: [FAdmin] Loshar (STEAM_0:1:74202541) Spawned
L 10/12/2019 - 18:26:10: "DidVaitel<8><STEAM_0:1:74202541><>" entered the game
L 10/12/2019 - 18:26:10: [FAdmin] Loshar (STEAM_0:1:74202541) Attempted to pick up a keys
L 10/12/2019 - 18:26:10: [FAdmin] Loshar (STEAM_0:1:74202541) Attempted to pick up a weapon_physcannon
L 10/12/2019 - 18:26:10: [FAdmin] Loshar (STEAM_0:1:74202541) Attempted to pick up a gmod_camera
L 10/12/2019 - 18:26:10: [FAdmin] Loshar (STEAM_0:1:74202541) Attempted to pick up a gmod_tool
L 10/12/2019 - 18:26:10: [FAdmin] Loshar (STEAM_0:1:74202541) Attempted to pick up a pocket
L 10/12/2019 - 18:26:10: [FAdmin] Loshar (STEAM_0:1:74202541) Attempted to pick up a weapon_physgun
L 10/12/2019 - 18:26:10: [FAdmin] Loshar (STEAM_0:1:74202541) Attempted to pick up a weapon_keypadchecker
L 10/12/2019 - 18:26:10: [FAdmin] Loshar (STEAM_0:1:74202541) Attempted to pick up a door_ram
L 10/12/2019 - 18:26:10: [FAdmin] Loshar (STEAM_0:1:74202541) Attempted to pick up a arrest_stick
L 10/12/2019 - 18:26:10: [FAdmin] Loshar (STEAM_0:1:74202541) Attempted to pick up a unarrest_stick
L 10/12/2019 - 18:26:10: [FAdmin] Loshar (STEAM_0:1:74202541) Attempted to pick up a stunstick
L 10/12/2019 - 18:26:10: [FAdmin] Loshar (STEAM_0:1:74202541) Attempted to pick up a weaponchecker
L 10/12/2019 - 18:26:10: [FAdmin] Loshar (STEAM_0:1:74202541) is Authed
L 10/12/2019 - 18:26:29: [FAdmin] Loshar (STEAM_0:1:74202541) Attempted to switch noclip
L 10/12/2019 - 18:26:30: [FAdmin] Loshar (STEAM_0:1:74202541) Attempted to switch noclip
L 10/12/2019 - 18:26:36: "DidVaitel<8><STEAM_0:1:74202541><>" disconnected (reason "Disconnect by user.")
L 10/12/2019 - 18:26:36: [FAdmin] Loshar (STEAM_0:1:74202541) Disconnected
L 10/12/2019 - 18:26:37: "DidVaitel<9><STEAM_0:1:74202541><>" connected, address "26.64.99.216:27006"
L 10/12/2019 - 18:26:37: "DidVaitel<9><STEAM_0:1:74202541><>" STEAM USERID validated
L 10/12/2019 - 18:26:48: [FAdmin] DidVaitel (STEAM_0:1:74202541) Spawned for the first time
L 10/12/2019 - 18:26:48: [FAdmin] Loshar (STEAM_0:1:74202541) Spawned
L 10/12/2019 - 18:26:48: "DidVaitel<9><STEAM_0:1:74202541><>" entered the game
L 10/12/2019 - 18:26:48: [FAdmin] Loshar (STEAM_0:1:74202541) Attempted to pick up a keys
L 10/12/2019 - 18:26:48: [FAdmin] Loshar (STEAM_0:1:74202541) Attempted to pick up a weapon_physcannon
L 10/12/2019 - 18:26:48: [FAdmin] Loshar (STEAM_0:1:74202541) Attempted to pick up a gmod_camera
L 10/12/2019 - 18:26:48: [FAdmin] Loshar (STEAM_0:1:74202541) Attempted to pick up a gmod_tool
L 10/12/2019 - 18:26:48: [FAdmin] Loshar (STEAM_0:1:74202541) Attempted to pick up a pocket
L 10/12/2019 - 18:26:48: [FAdmin] Loshar (STEAM_0:1:74202541) Attempted to pick up a weapon_physgun
L 10/12/2019 - 18:26:48: [FAdmin] Loshar (STEAM_0:1:74202541) Attempted to pick up a weapon_keypadchecker
L 10/12/2019 - 18:26:48: [FAdmin] Loshar (STEAM_0:1:74202541) Attempted to pick up a door_ram
L 10/12/2019 - 18:26:48: [FAdmin] Loshar (STEAM_0:1:74202541) Attempted to pick up a arrest_stick
L 10/12/2019 - 18:26:48: [FAdmin] Loshar (STEAM_0:1:74202541) Attempted to pick up a unarrest_stick
L 10/12/2019 - 18:26:48: [FAdmin] Loshar (STEAM_0:1:74202541) Attempted to pick up a stunstick
L 10/12/2019 - 18:26:48: [FAdmin] Loshar (STEAM_0:1:74202541) Attempted to pick up a weaponchecker
L 10/12/2019 - 18:26:48: [FAdmin] Loshar (STEAM_0:1:74202541) is Authed
L 10/12/2019 - 18:26:53: [FAdmin] Loshar (STEAM_0:1:74202541) Attempted to switch noclip
L 10/12/2019 - 18:26:54: [FAdmin] Loshar (STEAM_0:1:74202541) Attempted to switch noclip
L 10/12/2019 - 18:26:59: "DidVaitel<9><STEAM_0:1:74202541><>" disconnected (reason "Disconnect by user.")
L 10/12/2019 - 18:26:59: [FAdmin] Loshar (STEAM_0:1:74202541) Disconnected
L 10/12/2019 - 18:26:59: "DidVaitel<10><STEAM_0:1:74202541><>" connected, address "26.64.99.216:27006"
L 10/12/2019 - 18:27:00: "DidVaitel<10><STEAM_0:1:74202541><>" STEAM USERID validated
L 10/12/2019 - 18:27:11: [FAdmin] DidVaitel (STEAM_0:1:74202541) Spawned for the first time
L 10/12/2019 - 18:27:11: [FAdmin] Loshar (STEAM_0:1:74202541) Spawned
L 10/12/2019 - 18:27:11: "DidVaitel<10><STEAM_0:1:74202541><>" entered the game
L 10/12/2019 - 18:27:11: [FAdmin] Loshar (STEAM_0:1:74202541) Attempted to pick up a keys
L 10/12/2019 - 18:27:11: [FAdmin] Loshar (STEAM_0:1:74202541) Attempted to pick up a weapon_physcannon
L 10/12/2019 - 18:27:11: [FAdmin] Loshar (STEAM_0:1:74202541) Attempted to pick up a gmod_camera
L 10/12/2019 - 18:27:11: [FAdmin] Loshar (STEAM_0:1:74202541) Attempted to pick up a gmod_tool
L 10/12/2019 - 18:27:11: [FAdmin] Loshar (STEAM_0:1:74202541) Attempted to pick up a pocket
L 10/12/2019 - 18:27:11: [FAdmin] Loshar (STEAM_0:1:74202541) Attempted to pick up a weapon_physgun
L 10/12/2019 - 18:27:11: [FAdmin] Loshar (STEAM_0:1:74202541) Attempted to pick up a weapon_keypadchecker
L 10/12/2019 - 18:27:11: [FAdmin] Loshar (STEAM_0:1:74202541) Attempted to pick up a door_ram
L 10/12/2019 - 18:27:11: [FAdmin] Loshar (STEAM_0:1:74202541) Attempted to pick up a arrest_stick
L 10/12/2019 - 18:27:11: [FAdmin] Loshar (STEAM_0:1:74202541) Attempted to pick up a unarrest_stick
L 10/12/2019 - 18:27:11: [FAdmin] Loshar (STEAM_0:1:74202541) Attempted to pick up a stunstick
L 10/12/2019 - 18:27:11: [FAdmin] Loshar (STEAM_0:1:74202541) Attempted to pick up a weaponchecker
L 10/12/2019 - 18:27:11: [FAdmin] Loshar (STEAM_0:1:74202541) is Authed
L 10/12/2019 - 18:27:23: "DidVaitel<10><STEAM_0:1:74202541><>" disconnected (reason "Disconnect by user.")
L 10/12/2019 - 18:27:23: [FAdmin] Loshar (STEAM_0:1:74202541) Disconnected
L 10/12/2019 - 18:27:24: "DidVaitel<11><STEAM_0:1:74202541><>" connected, address "26.64.99.216:27006"
L 10/12/2019 - 18:27:24: "DidVaitel<11><STEAM_0:1:74202541><>" STEAM USERID validated
L 10/12/2019 - 18:27:34: [FAdmin] DidVaitel (STEAM_0:1:74202541) Spawned for the first time
L 10/12/2019 - 18:27:34: [FAdmin] Loshar (STEAM_0:1:74202541) Spawned
L 10/12/2019 - 18:27:34: "DidVaitel<11><STEAM_0:1:74202541><>" entered the game
L 10/12/2019 - 18:27:34: [FAdmin] Loshar (STEAM_0:1:74202541) Attempted to pick up a keys
L 10/12/2019 - 18:27:34: [FAdmin] Loshar (STEAM_0:1:74202541) Attempted to pick up a weapon_physcannon
L 10/12/2019 - 18:27:34: [FAdmin] Loshar (STEAM_0:1:74202541) Attempted to pick up a gmod_camera
L 10/12/2019 - 18:27:34: [FAdmin] Loshar (STEAM_0:1:74202541) Attempted to pick up a gmod_tool
L 10/12/2019 - 18:27:34: [FAdmin] Loshar (STEAM_0:1:74202541) Attempted to pick up a pocket
L 10/12/2019 - 18:27:34: [FAdmin] Loshar (STEAM_0:1:74202541) Attempted to pick up a weapon_physgun
L 10/12/2019 - 18:27:34: [FAdmin] Loshar (STEAM_0:1:74202541) Attempted to pick up a weapon_keypadchecker
L 10/12/2019 - 18:27:34: [FAdmin] Loshar (STEAM_0:1:74202541) Attempted to pick up a door_ram
L 10/12/2019 - 18:27:34: [FAdmin] Loshar (STEAM_0:1:74202541) Attempted to pick up a arrest_stick
L 10/12/2019 - 18:27:34: [FAdmin] Loshar (STEAM_0:1:74202541) Attempted to pick up a unarrest_stick
L 10/12/2019 - 18:27:34: [FAdmin] Loshar (STEAM_0:1:74202541) Attempted to pick up a stunstick
L 10/12/2019 - 18:27:34: [FAdmin] Loshar (STEAM_0:1:74202541) Attempted to pick up a weaponchecker
L 10/12/2019 - 18:27:34: [FAdmin] Loshar (STEAM_0:1:74202541) is Authed
L 10/12/2019 - 18:28:40: [FAdmin] Loshar (STEAM_0:1:74202541) Attempted to switch noclip
L 10/12/2019 - 18:28:41: [FAdmin] Loshar (STEAM_0:1:74202541) Attempted to switch noclip
L 10/12/2019 - 18:28:45: "DidVaitel<11><STEAM_0:1:74202541><>" disconnected (reason "Disconnect by user.")
L 10/12/2019 - 18:28:45: [FAdmin] Loshar (STEAM_0:1:74202541) Disconnected
L 10/12/2019 - 18:28:46: "DidVaitel<12><STEAM_0:1:74202541><>" connected, address "26.64.99.216:27006"
L 10/12/2019 - 18:28:47: "DidVaitel<12><STEAM_0:1:74202541><>" STEAM USERID validated
L 10/12/2019 - 18:28:57: [FAdmin] DidVaitel (STEAM_0:1:74202541) Spawned for the first time
L 10/12/2019 - 18:28:57: [FAdmin] Loshar (STEAM_0:1:74202541) Spawned
L 10/12/2019 - 18:28:57: "DidVaitel<12><STEAM_0:1:74202541><>" entered the game
L 10/12/2019 - 18:28:57: [FAdmin] Loshar (STEAM_0:1:74202541) Attempted to pick up a keys
L 10/12/2019 - 18:28:57: [FAdmin] Loshar (STEAM_0:1:74202541) Attempted to pick up a weapon_physcannon
L 10/12/2019 - 18:28:57: [FAdmin] Loshar (STEAM_0:1:74202541) Attempted to pick up a gmod_camera
L 10/12/2019 - 18:28:57: [FAdmin] Loshar (STEAM_0:1:74202541) Attempted to pick up a gmod_tool
L 10/12/2019 - 18:28:57: [FAdmin] Loshar (STEAM_0:1:74202541) Attempted to pick up a pocket
L 10/12/2019 - 18:28:57: [FAdmin] Loshar (STEAM_0:1:74202541) Attempted to pick up a weapon_physgun
L 10/12/2019 - 18:28:57: [FAdmin] Loshar (STEAM_0:1:74202541) Attempted to pick up a weapon_keypadchecker
L 10/12/2019 - 18:28:57: [FAdmin] Loshar (STEAM_0:1:74202541) Attempted to pick up a door_ram
L 10/12/2019 - 18:28:57: [FAdmin] Loshar (STEAM_0:1:74202541) Attempted to pick up a arrest_stick
L 10/12/2019 - 18:28:57: [FAdmin] Loshar (STEAM_0:1:74202541) Attempted to pick up a unarrest_stick
L 10/12/2019 - 18:28:57: [FAdmin] Loshar (STEAM_0:1:74202541) Attempted to pick up a stunstick
L 10/12/2019 - 18:28:57: [FAdmin] Loshar (STEAM_0:1:74202541) Attempted to pick up a weaponchecker
L 10/12/2019 - 18:28:57: [FAdmin] Loshar (STEAM_0:1:74202541) is Authed
L 10/12/2019 - 18:29:02: [FAdmin] Loshar (STEAM_0:1:74202541) Attempted to switch noclip
L 10/12/2019 - 18:29:03: [FAdmin] Loshar (STEAM_0:1:74202541) Attempted to switch noclip
L 10/12/2019 - 18:29:08: "DidVaitel<12><STEAM_0:1:74202541><>" disconnected (reason "Disconnect by user.")
L 10/12/2019 - 18:29:08: [FAdmin] Loshar (STEAM_0:1:74202541) Disconnected
L 10/12/2019 - 18:29:09: "DidVaitel<13><STEAM_0:1:74202541><>" connected, address "26.64.99.216:27006"
L 10/12/2019 - 18:29:09: "DidVaitel<13><STEAM_0:1:74202541><>" STEAM USERID validated
L 10/12/2019 - 18:29:24: [FAdmin] DidVaitel (STEAM_0:1:74202541) Spawned for the first time
L 10/12/2019 - 18:29:24: [FAdmin] Loshar (STEAM_0:1:74202541) Spawned
L 10/12/2019 - 18:29:24: "DidVaitel<13><STEAM_0:1:74202541><>" entered the game
L 10/12/2019 - 18:29:24: [FAdmin] Loshar (STEAM_0:1:74202541) Attempted to pick up a keys
L 10/12/2019 - 18:29:24: [FAdmin] Loshar (STEAM_0:1:74202541) Attempted to pick up a weapon_physcannon
L 10/12/2019 - 18:29:24: [FAdmin] Loshar (STEAM_0:1:74202541) Attempted to pick up a gmod_camera
L 10/12/2019 - 18:29:24: [FAdmin] Loshar (STEAM_0:1:74202541) Attempted to pick up a gmod_tool
L 10/12/2019 - 18:29:24: [FAdmin] Loshar (STEAM_0:1:74202541) Attempted to pick up a pocket
L 10/12/2019 - 18:29:24: [FAdmin] Loshar (STEAM_0:1:74202541) Attempted to pick up a weapon_physgun
L 10/12/2019 - 18:29:24: [FAdmin] Loshar (STEAM_0:1:74202541) Attempted to pick up a weapon_keypadchecker
L 10/12/2019 - 18:29:24: [FAdmin] Loshar (STEAM_0:1:74202541) Attempted to pick up a door_ram
L 10/12/2019 - 18:29:24: [FAdmin] Loshar (STEAM_0:1:74202541) Attempted to pick up a arrest_stick
L 10/12/2019 - 18:29:24: [FAdmin] Loshar (STEAM_0:1:74202541) Attempted to pick up a unarrest_stick
L 10/12/2019 - 18:29:24: [FAdmin] Loshar (STEAM_0:1:74202541) Attempted to pick up a stunstick
L 10/12/2019 - 18:29:24: [FAdmin] Loshar (STEAM_0:1:74202541) Attempted to pick up a weaponchecker
L 10/12/2019 - 18:29:24: [FAdmin] Loshar (STEAM_0:1:74202541) is Authed
L 10/12/2019 - 18:29:49: [FAdmin] Loshar (STEAM_0:1:74202541) Attempted to switch noclip
L 10/12/2019 - 18:29:49: [FAdmin] Loshar (STEAM_0:1:74202541) Attempted to switch noclip
L 10/12/2019 - 18:38:21: "DidVaitel<13><STEAM_0:1:74202541><>" disconnected (reason "Disconnect by user.")
L 10/12/2019 - 18:38:21: [FAdmin] Loshar (STEAM_0:1:74202541) Disconnected
L 10/12/2019 - 18:38:21: "DidVaitel<14><STEAM_0:1:74202541><>" connected, address "26.64.99.216:27006"
L 10/12/2019 - 18:38:22: "DidVaitel<14><STEAM_0:1:74202541><>" STEAM USERID validated
L 10/12/2019 - 18:38:30: [FAdmin] DidVaitel (STEAM_0:1:74202541) Spawned for the first time
L 10/12/2019 - 18:38:30: [FAdmin] Loshar (STEAM_0:1:74202541) Spawned
L 10/12/2019 - 18:38:30: "DidVaitel<14><STEAM_0:1:74202541><>" entered the game
L 10/12/2019 - 18:38:30: [FAdmin] Loshar (STEAM_0:1:74202541) Attempted to pick up a keys
L 10/12/2019 - 18:38:30: [FAdmin] Loshar (STEAM_0:1:74202541) Attempted to pick up a weapon_physcannon
L 10/12/2019 - 18:38:30: [FAdmin] Loshar (STEAM_0:1:74202541) Attempted to pick up a gmod_camera
L 10/12/2019 - 18:38:30: [FAdmin] Loshar (STEAM_0:1:74202541) Attempted to pick up a gmod_tool
L 10/12/2019 - 18:38:30: [FAdmin] Loshar (STEAM_0:1:74202541) Attempted to pick up a pocket
L 10/12/2019 - 18:38:30: [FAdmin] Loshar (STEAM_0:1:74202541) Attempted to pick up a weapon_physgun
L 10/12/2019 - 18:38:30: [FAdmin] Loshar (STEAM_0:1:74202541) Attempted to pick up a weapon_keypadchecker
L 10/12/2019 - 18:38:30: [FAdmin] Loshar (STEAM_0:1:74202541) Attempted to pick up a door_ram
L 10/12/2019 - 18:38:30: [FAdmin] Loshar (STEAM_0:1:74202541) Attempted to pick up a arrest_stick
L 10/12/2019 - 18:38:30: [FAdmin] Loshar (STEAM_0:1:74202541) Attempted to pick up a unarrest_stick
L 10/12/2019 - 18:38:30: [FAdmin] Loshar (STEAM_0:1:74202541) Attempted to pick up a stunstick
L 10/12/2019 - 18:38:30: [FAdmin] Loshar (STEAM_0:1:74202541) Attempted to pick up a weaponchecker
L 10/12/2019 - 18:38:30: [FAdmin] Loshar (STEAM_0:1:74202541) is Authed
L 10/12/2019 - 18:39:10: [FAdmin] Loshar (STEAM_0:1:74202541) Attempted to switch noclip
L 10/12/2019 - 19:38:19: "Xyesos<14><STEAM_0:1:74202541><Citizen>" say "/rpname Xyesos"

L 10/12/2019 - 19:39:35: "тук тук смерть<15><STEAM_0:1:434419077><>" connected, address "94.28.201.9:27005"
L 10/12/2019 - 19:39:36: "тук тук смерть<15><STEAM_0:1:434419077><>" STEAM USERID validated
L 10/12/2019 - 19:42:18: [FAdmin] Xyesos (STEAM_0:1:74202541) Attempted to switch noclip
L 10/12/2019 - 19:43:39: [FAdmin] тук тук смерть (STEAM_0:1:434419077) Spawned for the first time
L 10/12/2019 - 19:43:39: [FAdmin] тук тук смерть (STEAM_0:1:434419077) is Authed
L 10/12/2019 - 19:43:39: [FAdmin] тук тук смерть (STEAM_0:1:434419077) Spawned
L 10/12/2019 - 19:43:39: "тук тук смерть<15><STEAM_0:1:434419077><>" entered the game
L 10/12/2019 - 19:43:39: [FAdmin] тук тук смерть (STEAM_0:1:434419077) Attempted to pick up a keys
L 10/12/2019 - 19:43:39: [FAdmin] тук тук смерть (STEAM_0:1:434419077) Attempted to pick up a weapon_physcannon
L 10/12/2019 - 19:43:39: [FAdmin] тук тук смерть (STEAM_0:1:434419077) Attempted to pick up a gmod_camera
L 10/12/2019 - 19:43:39: [FAdmin] тук тук смерть (STEAM_0:1:434419077) Attempted to pick up a gmod_tool
L 10/12/2019 - 19:43:39: [FAdmin] тук тук смерть (STEAM_0:1:434419077) Attempted to pick up a pocket
L 10/12/2019 - 19:43:39: [FAdmin] тук тук смерть (STEAM_0:1:434419077) Attempted to pick up a weapon_physgun
L 10/12/2019 - 19:44:52: [FAdmin] Xyesos (STEAM_0:1:74202541) Attempted to switch noclip
L 10/12/2019 - 19:44:53: [FAdmin] Xyesos (STEAM_0:1:74202541) Attempted to switch noclip
L 10/12/2019 - 19:45:07: [FAdmin] Xyesos (STEAM_0:1:74202541) Gave himself a weapon_357
L 10/12/2019 - 19:45:07: [FAdmin] Xyesos (STEAM_0:1:74202541) Attempted to pick up a weapon_357
L 10/12/2019 - 19:45:14: [FAdmin] Xyesos (STEAM_0:1:74202541) Gave himself a weapon_bugbait
L 10/12/2019 - 19:45:14: [FAdmin] Xyesos (STEAM_0:1:74202541) Attempted to pick up a weapon_bugbait
L 10/12/2019 - 19:45:14: [FAdmin] Xyesos (STEAM_0:1:74202541) Gave himself a weapon_crossbow
L 10/12/2019 - 19:45:14: [FAdmin] Xyesos (STEAM_0:1:74202541) Attempted to pick up a weapon_crossbow
L 10/12/2019 - 19:45:15: [FAdmin] тук тук смерть (STEAM_0:1:434419077) Got killed by Xyesos with a crossbow_bolt
L 10/12/2019 - 19:45:26: [FAdmin] Xyesos (STEAM_0:1:74202541) Gave himself a weapon_smg1
L 10/12/2019 - 19:45:26: [FAdmin] Xyesos (STEAM_0:1:74202541) Attempted to pick up a weapon_smg1
L 10/12/2019 - 19:45:40: [FAdmin] Xyesos (STEAM_0:1:74202541) Gave himself a weapon_crowbar
L 10/12/2019 - 19:45:40: [FAdmin] Xyesos (STEAM_0:1:74202541) Attempted to pick up a weapon_crowbar
L 10/12/2019 - 19:45:43: [FAdmin] Xyesos (STEAM_0:1:74202541) Gave himself a weapon_crossbow
L 10/12/2019 - 19:45:46: [FAdmin] Xyesos (STEAM_0:1:74202541) Gave himself a weapon_bugbait
L 10/12/2019 - 19:45:50: "DidVaitel<14><STEAM_0:1:74202541><>" disconnected (reason "Disconnect by user.")
L 10/12/2019 - 19:45:50: [FAdmin] Xyesos (STEAM_0:1:74202541) Disconnected
L 10/12/2019 - 19:46:08: "DidVaitel<16><STEAM_0:1:74202541><>" connected, address "26.64.99.216:27006"
L 10/12/2019 - 19:46:09: "DidVaitel<16><STEAM_0:1:74202541><>" STEAM USERID validated
L 10/12/2019 - 19:46:29: [FAdmin] DidVaitel (STEAM_0:1:74202541) Spawned for the first time
L 10/12/2019 - 19:46:29: [FAdmin] Xyesos (STEAM_0:1:74202541) Spawned
L 10/12/2019 - 19:46:29: "DidVaitel<16><STEAM_0:1:74202541><>" entered the game
L 10/12/2019 - 19:46:29: [FAdmin] Xyesos (STEAM_0:1:74202541) Attempted to pick up a keys
L 10/12/2019 - 19:46:29: [FAdmin] Xyesos (STEAM_0:1:74202541) Attempted to pick up a weapon_physcannon
L 10/12/2019 - 19:46:29: [FAdmin] Xyesos (STEAM_0:1:74202541) Attempted to pick up a gmod_camera
L 10/12/2019 - 19:46:29: [FAdmin] Xyesos (STEAM_0:1:74202541) Attempted to pick up a gmod_tool
L 10/12/2019 - 19:46:29: [FAdmin] Xyesos (STEAM_0:1:74202541) Attempted to pick up a pocket
L 10/12/2019 - 19:46:29: [FAdmin] Xyesos (STEAM_0:1:74202541) Attempted to pick up a weapon_physgun
L 10/12/2019 - 19:46:29: [FAdmin] Xyesos (STEAM_0:1:74202541) Attempted to pick up a weapon_keypadchecker
L 10/12/2019 - 19:46:29: [FAdmin] Xyesos (STEAM_0:1:74202541) Attempted to pick up a door_ram
L 10/12/2019 - 19:46:29: [FAdmin] Xyesos (STEAM_0:1:74202541) Attempted to pick up a arrest_stick
L 10/12/2019 - 19:46:29: [FAdmin] Xyesos (STEAM_0:1:74202541) Attempted to pick up a unarrest_stick
L 10/12/2019 - 19:46:29: [FAdmin] Xyesos (STEAM_0:1:74202541) Attempted to pick up a stunstick
L 10/12/2019 - 19:46:29: [FAdmin] Xyesos (STEAM_0:1:74202541) Attempted to pick up a weaponchecker
L 10/12/2019 - 19:46:29: [FAdmin] Xyesos (STEAM_0:1:74202541) is Authed
L 10/12/2019 - 19:46:41: [FAdmin] Xyesos (STEAM_0:1:74202541) Attempted to switch noclip
L 10/12/2019 - 19:46:42: [FAdmin] Xyesos (STEAM_0:1:74202541) Attempted to switch noclip
L 10/12/2019 - 19:47:04: [FAdmin] Xyesos (STEAM_0:1:74202541) Attempted to switch noclip
L 10/12/2019 - 19:47:08: [FAdmin] Xyesos (STEAM_0:1:74202541) Attempted to switch noclip
L 10/12/2019 - 19:52:15: [FAdmin] тук тук смерть (STEAM_0:1:434419077) Spawned
L 10/12/2019 - 19:52:15: [FAdmin] тук тук смерть (STEAM_0:1:434419077) Attempted to pick up a keys
L 10/12/2019 - 19:52:15: [FAdmin] тук тук смерть (STEAM_0:1:434419077) Attempted to pick up a weapon_physcannon
L 10/12/2019 - 19:52:15: [FAdmin] тук тук смерть (STEAM_0:1:434419077) Attempted to pick up a gmod_camera
L 10/12/2019 - 19:52:15: [FAdmin] тук тук смерть (STEAM_0:1:434419077) Attempted to pick up a gmod_tool
L 10/12/2019 - 19:52:15: [FAdmin] тук тук смерть (STEAM_0:1:434419077) Attempted to pick up a pocket
L 10/12/2019 - 19:52:15: [FAdmin] тук тук смерть (STEAM_0:1:434419077) Attempted to pick up a weapon_physgun
L 10/12/2019 - 19:52:30: "DidVaitel<16><STEAM_0:1:74202541><>" disconnected (reason "Disconnect by user.")
L 10/12/2019 - 19:52:30: [FAdmin] Xyesos (STEAM_0:1:74202541) Disconnected
L 10/12/2019 - 19:52:38: [FAdmin] тук тук смерть (STEAM_0:1:434419077) Attempted to switch noclip
L 10/12/2019 - 19:52:43: "DidVaitel<17><STEAM_0:1:74202541><>" connected, address "26.64.99.216:27006"
L 10/12/2019 - 19:52:43: "DidVaitel<17><STEAM_0:1:74202541><>" STEAM USERID validated
L 10/12/2019 - 19:52:56: [FAdmin] DidVaitel (STEAM_0:1:74202541) Spawned for the first time
L 10/12/2019 - 19:52:56: [FAdmin] Xyesos (STEAM_0:1:74202541) Spawned
L 10/12/2019 - 19:52:56: "DidVaitel<17><STEAM_0:1:74202541><>" entered the game
L 10/12/2019 - 19:52:56: [FAdmin] Xyesos (STEAM_0:1:74202541) Attempted to pick up a keys
L 10/12/2019 - 19:52:56: [FAdmin] Xyesos (STEAM_0:1:74202541) Attempted to pick up a weapon_physcannon
L 10/12/2019 - 19:52:56: [FAdmin] Xyesos (STEAM_0:1:74202541) Attempted to pick up a gmod_camera
L 10/12/2019 - 19:52:56: [FAdmin] Xyesos (STEAM_0:1:74202541) Attempted to pick up a gmod_tool
L 10/12/2019 - 19:52:56: [FAdmin] Xyesos (STEAM_0:1:74202541) Attempted to pick up a pocket
L 10/12/2019 - 19:52:56: [FAdmin] Xyesos (STEAM_0:1:74202541) Attempted to pick up a weapon_physgun
L 10/12/2019 - 19:52:56: [FAdmin] Xyesos (STEAM_0:1:74202541) Attempted to pick up a weapon_keypadchecker
L 10/12/2019 - 19:52:56: [FAdmin] Xyesos (STEAM_0:1:74202541) Attempted to pick up a door_ram
L 10/12/2019 - 19:52:56: [FAdmin] Xyesos (STEAM_0:1:74202541) Attempted to pick up a arrest_stick
L 10/12/2019 - 19:52:56: [FAdmin] Xyesos (STEAM_0:1:74202541) Attempted to pick up a unarrest_stick
L 10/12/2019 - 19:52:56: [FAdmin] Xyesos (STEAM_0:1:74202541) Attempted to pick up a stunstick
L 10/12/2019 - 19:52:56: [FAdmin] Xyesos (STEAM_0:1:74202541) Attempted to pick up a weaponchecker
L 10/12/2019 - 19:52:56: [FAdmin] Xyesos (STEAM_0:1:74202541) is Authed
L 10/12/2019 - 19:53:26: [FAdmin] Xyesos (STEAM_0:1:74202541) Attempted to switch noclip
L 10/12/2019 - 19:53:28: [FAdmin] Xyesos (STEAM_0:1:74202541) Attempted to switch noclip
L 10/12/2019 - 19:53:54: [FAdmin] тук тук смерть (STEAM_0:1:434419077) Attempted to use tool shareprops
L 10/12/2019 - 19:53:56: [FAdmin] тук тук смерть (STEAM_0:1:434419077) Attempted to use tool shareprops
L 10/12/2019 - 19:53:59: [FAdmin] тук тук смерть (STEAM_0:1:434419077) Attempted to use tool shareprops
L 10/12/2019 - 19:54:00: [FAdmin] тук тук смерть (STEAM_0:1:434419077) Attempted to use tool shareprops
L 10/12/2019 - 19:54:01: [FAdmin] тук тук смерть (STEAM_0:1:434419077) Attempted to use tool shareprops
L 10/12/2019 - 19:54:02: [FAdmin] тук тук смерть (STEAM_0:1:434419077) Attempted to use tool shareprops
L 10/12/2019 - 19:54:03: [FAdmin] тук тук смерть (STEAM_0:1:434419077) Attempted to use tool shareprops
L 10/12/2019 - 19:54:30: [FAdmin] тук тук смерть (STEAM_0:1:434419077) Gave himself a arrest_stick
L 10/12/2019 - 19:54:30: [FAdmin] тук тук смерть (STEAM_0:1:434419077) Gave himself a stunstick
L 10/12/2019 - 19:54:31: [FAdmin] тук тук смерть (STEAM_0:1:434419077) Gave himself a unarrest_stick
L 10/12/2019 - 19:54:33: [FAdmin] тук тук смерть (STEAM_0:1:434419077) Gave himself a unarrest_stick
L 10/12/2019 - 19:54:33: [FAdmin] тук тук смерть (STEAM_0:1:434419077) Gave himself a stunstick
L 10/12/2019 - 19:54:36: [FAdmin] тук тук смерть (STEAM_0:1:434419077) Gave himself a weapon_357
L 10/12/2019 - 19:54:36: [FAdmin] тук тук смерть (STEAM_0:1:434419077) Gave himself a weapon_pistol
L 10/12/2019 - 19:54:37: [FAdmin] тук тук смерть (STEAM_0:1:434419077) Gave himself a weapon_pistol
L 10/12/2019 - 19:54:37: [FAdmin] тук тук смерть (STEAM_0:1:434419077) Gave himself a weapon_slam
L 10/12/2019 - 19:54:37: [FAdmin] тук тук смерть (STEAM_0:1:434419077) Gave himself a weapon_crowbar
L 10/12/2019 - 19:54:41: "eLeCtrOssSnake<18><STEAM_0:1:164666257><>" connected, address "212.66.63.27:27005"
L 10/12/2019 - 19:54:42: "eLeCtrOssSnake<18><STEAM_0:1:164666257><>" STEAM USERID validated
L 10/12/2019 - 19:54:44: [FAdmin] Xyesos (STEAM_0:1:74202541) Gave himself a weapon_informer_laptop
L 10/12/2019 - 19:54:44: [FAdmin] Xyesos (STEAM_0:1:74202541) Attempted to pick up a weapon_informer_laptop
L 10/12/2019 - 19:55:06: [FAdmin] Xyesos (STEAM_0:1:74202541) Attempted to switch noclip
L 10/12/2019 - 19:55:09: [FAdmin] Xyesos (STEAM_0:1:74202541) Attempted to switch noclip
L 10/12/2019 - 19:55:11: [FAdmin] Xyesos (STEAM_0:1:74202541) Spawned a models/props_c17/Lockers001a.mdl
L 10/12/2019 - 19:55:34: [FAdmin] Xyesos (STEAM_0:1:74202541) Attempted to switch noclip
L 10/12/2019 - 19:55:38: [FAdmin] Xyesos (STEAM_0:1:74202541) Attempted to switch noclip
L 10/12/2019 - 19:55:44: [FAdmin] тук тук смерть (STEAM_0:1:434419077) Spawned a models/props_c17/FurnitureDrawer002a.mdl
L 10/12/2019 - 19:55:44: [FAdmin] тук тук смерть (STEAM_0:1:434419077) Spawned a models/props_c17/FurnitureDrawer002a.mdl
L 10/12/2019 - 19:55:44: [FAdmin] тук тук смерть (STEAM_0:1:434419077) Spawned a models/props_c17/FurnitureDrawer002a.mdl
L 10/12/2019 - 19:56:00: [FAdmin] тук тук смерть (STEAM_0:1:434419077) Spawned a models/props_junk/PlasticCrate01a.mdl
L 10/12/2019 - 19:56:08: [FAdmin] тук тук смерть (STEAM_0:1:434419077) Spawned a models/Gibs/HGIBS.mdl
L 10/12/2019 - 19:56:08: [FAdmin] тук тук смерть (STEAM_0:1:434419077) Spawned a models/Gibs/HGIBS.mdl
L 10/12/2019 - 19:56:08: [FAdmin] тук тук смерть (STEAM_0:1:434419077) Spawned a models/Gibs/HGIBS.mdl
L 10/12/2019 - 19:56:09: [FAdmin] тук тук смерть (STEAM_0:1:434419077) Spawned a models/Gibs/HGIBS.mdl
L 10/12/2019 - 19:56:09: [FAdmin] тук тук смерть (STEAM_0:1:434419077) Spawned a models/Gibs/HGIBS.mdl
L 10/12/2019 - 19:56:10: [FAdmin] тук тук смерть (STEAM_0:1:434419077) Spawned a models/Gibs/helicopter_brokenpiece_06_body.mdl
L 10/12/2019 - 19:56:21: [FAdmin] тук тук смерть (STEAM_0:1:434419077) Spawned a models/props_combine/combine_intmonitor001.mdl
L 10/12/2019 - 19:56:23: "CentralCity tomatetoto<19><STEAM_0:1:500260947><>" connected, address "70.36.7.69:27005"
L 10/12/2019 - 19:56:23: "CentralCity tomatetoto<19><STEAM_0:1:500260947><>" STEAM USERID validated
L 10/12/2019 - 19:56:38: [FAdmin] Xyesos (STEAM_0:1:74202541) Got killed by N/A with a N/A
L 10/12/2019 - 19:56:39: [FAdmin] Xyesos (STEAM_0:1:74202541) Spawned
L 10/12/2019 - 19:56:39: [FAdmin] Xyesos (STEAM_0:1:74202541) Attempted to pick up a keys
L 10/12/2019 - 19:56:39: [FAdmin] Xyesos (STEAM_0:1:74202541) Attempted to pick up a weapon_physcannon
L 10/12/2019 - 19:56:39: [FAdmin] Xyesos (STEAM_0:1:74202541) Attempted to pick up a gmod_camera
L 10/12/2019 - 19:56:39: [FAdmin] Xyesos (STEAM_0:1:74202541) Attempted to pick up a gmod_tool
L 10/12/2019 - 19:56:39: [FAdmin] Xyesos (STEAM_0:1:74202541) Attempted to pick up a pocket
L 10/12/2019 - 19:56:39: [FAdmin] Xyesos (STEAM_0:1:74202541) Attempted to pick up a weapon_physgun
L 10/12/2019 - 19:56:39: [FAdmin] Xyesos (STEAM_0:1:74202541) Attempted to pick up a weapon_keypadchecker
L 10/12/2019 - 19:56:39: [FAdmin] Xyesos (STEAM_0:1:74202541) Attempted to pick up a door_ram
L 10/12/2019 - 19:56:39: [FAdmin] Xyesos (STEAM_0:1:74202541) Attempted to pick up a arrest_stick
L 10/12/2019 - 19:56:39: [FAdmin] Xyesos (STEAM_0:1:74202541) Attempted to pick up a unarrest_stick
L 10/12/2019 - 19:56:39: [FAdmin] Xyesos (STEAM_0:1:74202541) Attempted to pick up a stunstick
L 10/12/2019 - 19:56:39: [FAdmin] Xyesos (STEAM_0:1:74202541) Attempted to pick up a weaponchecker
L 10/12/2019 - 19:56:44: [FAdmin] CentralCity tomatetoto (STEAM_0:1:500260947) Spawned for the first time
L 10/12/2019 - 19:56:44: [FAdmin] CentralCity tomatetoto (STEAM_0:1:500260947) is Authed
L 10/12/2019 - 19:56:44: [FAdmin] CentralCity tomatetoto (STEAM_0:1:500260947) Spawned
L 10/12/2019 - 19:56:44: "CentralCity tomatetoto<19><STEAM_0:1:500260947><>" entered the game
L 10/12/2019 - 19:56:44: [FAdmin] CentralCity tomatetoto (STEAM_0:1:500260947) Attempted to pick up a keys
L 10/12/2019 - 19:56:44: [FAdmin] CentralCity tomatetoto (STEAM_0:1:500260947) Attempted to pick up a weapon_physcannon
L 10/12/2019 - 19:56:44: [FAdmin] CentralCity tomatetoto (STEAM_0:1:500260947) Attempted to pick up a gmod_camera
L 10/12/2019 - 19:56:44: [FAdmin] CentralCity tomatetoto (STEAM_0:1:500260947) Attempted to pick up a gmod_tool
L 10/12/2019 - 19:56:44: [FAdmin] CentralCity tomatetoto (STEAM_0:1:500260947) Attempted to pick up a pocket
L 10/12/2019 - 19:56:44: [FAdmin] CentralCity tomatetoto (STEAM_0:1:500260947) Attempted to pick up a weapon_physgun
L 10/12/2019 - 19:57:21: [FAdmin] Xyesos (STEAM_0:1:74202541) Got killed by N/A with a N/A
L 10/12/2019 - 19:57:32: [FAdmin] Xyesos (STEAM_0:1:74202541) Spawned
L 10/12/2019 - 19:57:32: [FAdmin] Xyesos (STEAM_0:1:74202541) Attempted to pick up a keys
L 10/12/2019 - 19:57:32: [FAdmin] Xyesos (STEAM_0:1:74202541) Attempted to pick up a weapon_physcannon
L 10/12/2019 - 19:57:32: [FAdmin] Xyesos (STEAM_0:1:74202541) Attempted to pick up a gmod_camera
L 10/12/2019 - 19:57:32: [FAdmin] Xyesos (STEAM_0:1:74202541) Attempted to pick up a gmod_tool
L 10/12/2019 - 19:57:32: [FAdmin] Xyesos (STEAM_0:1:74202541) Attempted to pick up a pocket
L 10/12/2019 - 19:57:32: [FAdmin] Xyesos (STEAM_0:1:74202541) Attempted to pick up a weapon_physgun
L 10/12/2019 - 19:57:32: [FAdmin] Xyesos (STEAM_0:1:74202541) Attempted to pick up a weapon_keypadchecker
L 10/12/2019 - 19:57:32: [FAdmin] Xyesos (STEAM_0:1:74202541) Attempted to pick up a door_ram
L 10/12/2019 - 19:57:32: [FAdmin] Xyesos (STEAM_0:1:74202541) Attempted to pick up a arrest_stick
L 10/12/2019 - 19:57:32: [FAdmin] Xyesos (STEAM_0:1:74202541) Attempted to pick up a unarrest_stick
L 10/12/2019 - 19:57:32: [FAdmin] Xyesos (STEAM_0:1:74202541) Attempted to pick up a stunstick
L 10/12/2019 - 19:57:32: [FAdmin] Xyesos (STEAM_0:1:74202541) Attempted to pick up a weaponchecker
L 10/12/2019 - 19:57:32: [FAdmin] Xyesos (STEAM_0:1:74202541) Attempted to switch noclip
L 10/12/2019 - 19:57:32: [FAdmin] CentralCity tomatetoto (STEAM_0:1:500260947) Got killed by N/A with a N/A
L 10/12/2019 - 19:57:34: [FAdmin] Xyesos (STEAM_0:1:74202541) Attempted to switch noclip
L 10/12/2019 - 19:57:55: [FAdmin] Xyesos (STEAM_0:1:74202541) Attempted to switch noclip
L 10/12/2019 - 19:57:56: [FAdmin] Xyesos (STEAM_0:1:74202541) Attempted to switch noclip
L 10/12/2019 - 19:58:03: [FAdmin] Xyesos (STEAM_0:1:74202541) Got killed by prop_physics with a prop_physics
L 10/12/2019 - 19:58:05: [FAdmin] Xyesos (STEAM_0:1:74202541) Spawned
L 10/12/2019 - 19:58:05: [FAdmin] Xyesos (STEAM_0:1:74202541) Attempted to pick up a keys
L 10/12/2019 - 19:58:05: [FAdmin] Xyesos (STEAM_0:1:74202541) Attempted to pick up a weapon_physcannon
L 10/12/2019 - 19:58:05: [FAdmin] Xyesos (STEAM_0:1:74202541) Attempted to pick up a gmod_camera
L 10/12/2019 - 19:58:05: [FAdmin] Xyesos (STEAM_0:1:74202541) Attempted to pick up a gmod_tool
L 10/12/2019 - 19:58:05: [FAdmin] Xyesos (STEAM_0:1:74202541) Attempted to pick up a pocket
L 10/12/2019 - 19:58:05: [FAdmin] Xyesos (STEAM_0:1:74202541) Attempted to pick up a weapon_physgun
L 10/12/2019 - 19:58:05: [FAdmin] Xyesos (STEAM_0:1:74202541) Attempted to pick up a weapon_keypadchecker
L 10/12/2019 - 19:58:05: [FAdmin] Xyesos (STEAM_0:1:74202541) Attempted to pick up a door_ram
L 10/12/2019 - 19:58:05: [FAdmin] Xyesos (STEAM_0:1:74202541) Attempted to pick up a arrest_stick
L 10/12/2019 - 19:58:05: [FAdmin] Xyesos (STEAM_0:1:74202541) Attempted to pick up a unarrest_stick
L 10/12/2019 - 19:58:05: [FAdmin] Xyesos (STEAM_0:1:74202541) Attempted to pick up a stunstick
L 10/12/2019 - 19:58:05: [FAdmin] Xyesos (STEAM_0:1:74202541) Attempted to pick up a weaponchecker
L 10/12/2019 - 19:58:23: [FAdmin] Xyesos (STEAM_0:1:74202541) Got killed by N/A with a N/A
L 10/12/2019 - 19:58:27: [FAdmin] Xyesos (STEAM_0:1:74202541) Spawned
L 10/12/2019 - 19:58:27: [FAdmin] Xyesos (STEAM_0:1:74202541) Attempted to pick up a keys
L 10/12/2019 - 19:58:27: [FAdmin] Xyesos (STEAM_0:1:74202541) Attempted to pick up a weapon_physcannon
L 10/12/2019 - 19:58:27: [FAdmin] Xyesos (STEAM_0:1:74202541) Attempted to pick up a gmod_camera
L 10/12/2019 - 19:58:27: [FAdmin] Xyesos (STEAM_0:1:74202541) Attempted to pick up a gmod_tool
L 10/12/2019 - 19:58:27: [FAdmin] Xyesos (STEAM_0:1:74202541) Attempted to pick up a pocket
L 10/12/2019 - 19:58:27: [FAdmin] Xyesos (STEAM_0:1:74202541) Attempted to pick up a weapon_physgun
L 10/12/2019 - 19:58:27: [FAdmin] Xyesos (STEAM_0:1:74202541) Attempted to pick up a weapon_keypadchecker
L 10/12/2019 - 19:58:27: [FAdmin] Xyesos (STEAM_0:1:74202541) Attempted to pick up a door_ram
L 10/12/2019 - 19:58:27: [FAdmin] Xyesos (STEAM_0:1:74202541) Attempted to pick up a arrest_stick
L 10/12/2019 - 19:58:27: [FAdmin] Xyesos (STEAM_0:1:74202541) Attempted to pick up a unarrest_stick
L 10/12/2019 - 19:58:27: [FAdmin] Xyesos (STEAM_0:1:74202541) Attempted to pick up a stunstick
L 10/12/2019 - 19:58:27: [FAdmin] Xyesos (STEAM_0:1:74202541) Attempted to pick up a weaponchecker
L 10/12/2019 - 19:58:27: [FAdmin] Xyesos (STEAM_0:1:74202541) Attempted to switch noclip
L 10/12/2019 - 19:58:28: [FAdmin] Xyesos (STEAM_0:1:74202541) Attempted to switch noclip
L 10/12/2019 - 19:58:53: [FAdmin] тук тук смерть (STEAM_0:1:434419077) Got killed by prop_physics with a prop_physics
L 10/12/2019 - 19:58:54: [FAdmin] тук тук смерть (STEAM_0:1:434419077) Spawned
L 10/12/2019 - 19:58:54: [FAdmin] тук тук смерть (STEAM_0:1:434419077) Attempted to pick up a keys
L 10/12/2019 - 19:58:54: [FAdmin] тук тук смерть (STEAM_0:1:434419077) Attempted to pick up a weapon_physcannon
L 10/12/2019 - 19:58:54: [FAdmin] тук тук смерть (STEAM_0:1:434419077) Attempted to pick up a gmod_camera
L 10/12/2019 - 19:58:54: [FAdmin] тук тук смерть (STEAM_0:1:434419077) Attempted to pick up a gmod_tool
L 10/12/2019 - 19:58:54: [FAdmin] тук тук смерть (STEAM_0:1:434419077) Attempted to pick up a pocket
L 10/12/2019 - 19:58:54: [FAdmin] тук тук смерть (STEAM_0:1:434419077) Attempted to pick up a weapon_physgun
L 10/12/2019 - 19:58:56: [FAdmin] Xyesos (STEAM_0:1:74202541) Spawned a models/props_c17/gravestone_statue001a.mdl
L 10/12/2019 - 19:59:14: [FAdmin] CentralCity tomatetoto (STEAM_0:1:500260947) Spawned
L 10/12/2019 - 19:59:14: [FAdmin] CentralCity tomatetoto (STEAM_0:1:500260947) Attempted to pick up a keys
L 10/12/2019 - 19:59:14: [FAdmin] CentralCity tomatetoto (STEAM_0:1:500260947) Attempted to pick up a weapon_physcannon
L 10/12/2019 - 19:59:14: [FAdmin] CentralCity tomatetoto (STEAM_0:1:500260947) Attempted to pick up a gmod_camera
L 10/12/2019 - 19:59:14: [FAdmin] CentralCity tomatetoto (STEAM_0:1:500260947) Attempted to pick up a gmod_tool
L 10/12/2019 - 19:59:14: [FAdmin] CentralCity tomatetoto (STEAM_0:1:500260947) Attempted to pick up a pocket
L 10/12/2019 - 19:59:14: [FAdmin] CentralCity tomatetoto (STEAM_0:1:500260947) Attempted to pick up a weapon_physgun
L 10/12/2019 - 19:59:16: [FAdmin] Xyesos (STEAM_0:1:74202541) Got killed by N/A with a N/A
L 10/12/2019 - 19:59:18: [FAdmin] Xyesos (STEAM_0:1:74202541) Spawned
L 10/12/2019 - 19:59:18: [FAdmin] Xyesos (STEAM_0:1:74202541) Attempted to pick up a keys
L 10/12/2019 - 19:59:18: [FAdmin] Xyesos (STEAM_0:1:74202541) Attempted to pick up a weapon_physcannon
L 10/12/2019 - 19:59:18: [FAdmin] Xyesos (STEAM_0:1:74202541) Attempted to pick up a gmod_camera
L 10/12/2019 - 19:59:18: [FAdmin] Xyesos (STEAM_0:1:74202541) Attempted to pick up a gmod_tool
L 10/12/2019 - 19:59:18: [FAdmin] Xyesos (STEAM_0:1:74202541) Attempted to pick up a pocket
L 10/12/2019 - 19:59:18: [FAdmin] Xyesos (STEAM_0:1:74202541) Attempted to pick up a weapon_physgun
L 10/12/2019 - 19:59:18: [FAdmin] Xyesos (STEAM_0:1:74202541) Attempted to pick up a weapon_keypadchecker
L 10/12/2019 - 19:59:18: [FAdmin] Xyesos (STEAM_0:1:74202541) Attempted to pick up a door_ram
L 10/12/2019 - 19:59:18: [FAdmin] Xyesos (STEAM_0:1:74202541) Attempted to pick up a arrest_stick
L 10/12/2019 - 19:59:18: [FAdmin] Xyesos (STEAM_0:1:74202541) Attempted to pick up a unarrest_stick
L 10/12/2019 - 19:59:18: [FAdmin] Xyesos (STEAM_0:1:74202541) Attempted to pick up a stunstick
L 10/12/2019 - 19:59:18: [FAdmin] Xyesos (STEAM_0:1:74202541) Attempted to pick up a weaponchecker
L 10/12/2019 - 19:59:21: [FAdmin] тук тук смерть (STEAM_0:1:434419077) Spawned a models/props_c17/statue_horse.mdl
L 10/12/2019 - 19:59:22: [FAdmin] Xyesos (STEAM_0:1:74202541) Attempted to switch noclip
L 10/12/2019 - 19:59:24: [FAdmin] Xyesos (STEAM_0:1:74202541) Attempted to switch noclip
L 10/12/2019 - 19:59:24: [FAdmin] Xyesos (STEAM_0:1:74202541) Attempted to switch noclip
L 10/12/2019 - 19:59:25: [FAdmin] Xyesos (STEAM_0:1:74202541) Attempted to switch noclip
L 10/12/2019 - 19:59:27: [FAdmin] Xyesos (STEAM_0:1:74202541) Attempted to switch noclip
L 10/12/2019 - 19:59:28: [FAdmin] Xyesos (STEAM_0:1:74202541) Attempted to switch noclip
L 10/12/2019 - 19:59:51: [FAdmin] Xyesos (STEAM_0:1:74202541) Attempted to switch noclip
L 10/12/2019 - 19:59:54: [FAdmin] Xyesos (STEAM_0:1:74202541) Attempted to switch noclip
L 10/12/2019 - 20:00:02: [FAdmin] CentralCity tomatetoto (STEAM_0:1:500260947) Spawned a models/props_c17/FurnitureDrawer001a.mdl
L 10/12/2019 - 20:00:04: [FAdmin] Xyesos (STEAM_0:1:74202541) Attempted to switch noclip
L 10/12/2019 - 20:00:05: [FAdmin] Xyesos (STEAM_0:1:74202541) Attempted to switch noclip
L 10/12/2019 - 20:00:05: [FAdmin] Xyesos (STEAM_0:1:74202541) Attempted to switch noclip
L 10/12/2019 - 20:00:06: [FAdmin] Xyesos (STEAM_0:1:74202541) Attempted to switch noclip
L 10/12/2019 - 20:00:06: [FAdmin] Xyesos (STEAM_0:1:74202541) Attempted to switch noclip
L 10/12/2019 - 20:00:07: [FAdmin] Xyesos (STEAM_0:1:74202541) Attempted to switch noclip
L 10/12/2019 - 20:00:07: [FAdmin] Xyesos (STEAM_0:1:74202541) Attempted to switch noclip
L 10/12/2019 - 20:00:11: [FAdmin] Xyesos (STEAM_0:1:74202541) Attempted to switch noclip
L 10/12/2019 - 20:00:11: [FAdmin] CentralCity tomatetoto (STEAM_0:1:500260947) Attempted to switch noclip
L 10/12/2019 - 20:00:19: [FAdmin] CentralCity tomatetoto (STEAM_0:1:500260947) Attempted to switch noclip
L 10/12/2019 - 20:00:22: [FAdmin] Xyesos (STEAM_0:1:74202541) Attempted to use tool winch
L 10/12/2019 - 20:00:22: [FAdmin] Xyesos (STEAM_0:1:74202541) Attempted to use tool winch
L 10/12/2019 - 20:00:22: [FAdmin] prop_physics(models/props_c17/statue_horse.mdl) Got removed
L 10/12/2019 - 20:00:22: [FAdmin] prop_physics(models/props_combine/combine_intmonitor001.mdl) Got removed
L 10/12/2019 - 20:00:22: [FAdmin] Xyesos (STEAM_0:1:74202541) Attempted to use tool winch
L 10/12/2019 - 20:00:23: [FAdmin] prop_physics(models/gibs/helicopter_brokenpiece_06_body.mdl) Got removed
L 10/12/2019 - 20:00:23: [FAdmin] Xyesos (STEAM_0:1:74202541) Attempted to use tool winch
L 10/12/2019 - 20:00:23: [FAdmin] prop_physics(models/gibs/hgibs.mdl) Got removed
L 10/12/2019 - 20:00:23: [FAdmin] Xyesos (STEAM_0:1:74202541) Attempted to use tool winch
L 10/12/2019 - 20:00:23: [FAdmin] prop_physics(models/gibs/hgibs.mdl) Got removed
L 10/12/2019 - 20:00:23: [FAdmin] prop_physics(models/props_c17/gravestone_statue001a.mdl) Got removed
L 10/12/2019 - 20:00:23: [FAdmin] prop_physics(models/gibs/hgibs.mdl) Got removed
L 10/12/2019 - 20:00:23: [FAdmin] prop_physics(models/gibs/hgibs.mdl) Got removed
L 10/12/2019 - 20:00:23: [FAdmin] prop_physics(models/props_c17/lockers001a.mdl) Got removed
L 10/12/2019 - 20:00:24: [FAdmin] prop_physics(models/gibs/hgibs.mdl) Got removed
L 10/12/2019 - 20:00:24: [FAdmin] prop_physics(models/props_junk/plasticcrate01a.mdl) Got removed
L 10/12/2019 - 20:00:24: [FAdmin] prop_physics(models/props_c17/furnituredrawer002a.mdl) Got removed
L 10/12/2019 - 20:00:24: [FAdmin] prop_physics(models/props_c17/furnituredrawer002a.mdl) Got removed
L 10/12/2019 - 20:00:25: [FAdmin] prop_physics(models/props_c17/furnituredrawer002a.mdl) Got removed
L 10/12/2019 - 20:00:33: [FAdmin] тук тук смерть (STEAM_0:1:434419077) Spawned a models/props_combine/combinetower001.mdl
L 10/12/2019 - 20:00:43: [FAdmin] Xyesos set the usergroup of CentralCity tomatetoto to Дибил
L 10/12/2019 - 20:00:51: [FAdmin] Xyesos (STEAM_0:1:74202541) Attempted to use tool winch
L 10/12/2019 - 20:00:52: [FAdmin] Xyesos (STEAM_0:1:74202541) Attempted to use tool winch
L 10/12/2019 - 20:00:53: [FAdmin] Xyesos (STEAM_0:1:74202541) Attempted to use tool winch
L 10/12/2019 - 20:00:53: [FAdmin] Xyesos (STEAM_0:1:74202541) Attempted to use tool winch
L 10/12/2019 - 20:00:53: [FAdmin] Xyesos (STEAM_0:1:74202541) Attempted to use tool winch
L 10/12/2019 - 20:00:53: [FAdmin] Xyesos (STEAM_0:1:74202541) Attempted to use tool winch
L 10/12/2019 - 20:00:53: [FAdmin] Xyesos (STEAM_0:1:74202541) Attempted to use tool winch
L 10/12/2019 - 20:00:54: [FAdmin] Xyesos (STEAM_0:1:74202541) Attempted to use tool winch
L 10/12/2019 - 20:00:54: [FAdmin] Xyesos (STEAM_0:1:74202541) Attempted to use tool winch
L 10/12/2019 - 20:00:54: [FAdmin] Xyesos (STEAM_0:1:74202541) Attempted to use tool winch
L 10/12/2019 - 20:00:54: [FAdmin] Xyesos (STEAM_0:1:74202541) Attempted to use tool winch
L 10/12/2019 - 20:00:55: [FAdmin] Xyesos (STEAM_0:1:74202541) Attempted to use tool winch
L 10/12/2019 - 20:01:00: [FAdmin] Xyesos (STEAM_0:1:74202541) Attempted to use tool rope
L 10/12/2019 - 20:01:00: [FAdmin] Xyesos (STEAM_0:1:74202541) Attempted to use tool rope
L 10/12/2019 - 20:01:02: [FAdmin] Xyesos (STEAM_0:1:74202541) Attempted to use tool rope
L 10/12/2019 - 20:01:02: [FAdmin] Xyesos (STEAM_0:1:74202541) Attempted to use tool rope
L 10/12/2019 - 20:01:03: [FAdmin] Xyesos (STEAM_0:1:74202541) Attempted to use tool rope
L 10/12/2019 - 20:01:04: [FAdmin] Xyesos (STEAM_0:1:74202541) Attempted to use tool rope
L 10/12/2019 - 20:01:04: [FAdmin] Xyesos (STEAM_0:1:74202541) Attempted to use tool rope
L 10/12/2019 - 20:01:04: [FAdmin] Xyesos (STEAM_0:1:74202541) Attempted to use tool rope
L 10/12/2019 - 20:01:05: [FAdmin] Xyesos (STEAM_0:1:74202541) Attempted to use tool rope
L 10/12/2019 - 20:01:06: [FAdmin] Xyesos (STEAM_0:1:74202541) Attempted to use tool rope
L 10/12/2019 - 20:01:07: [FAdmin] Xyesos (STEAM_0:1:74202541) Attempted to use tool rope
L 10/12/2019 - 20:01:07: [FAdmin] Xyesos (STEAM_0:1:74202541) Attempted to use tool rope
L 10/12/2019 - 20:01:08: [FAdmin] Xyesos (STEAM_0:1:74202541) Attempted to use tool rope
L 10/12/2019 - 20:01:09: [FAdmin] Xyesos (STEAM_0:1:74202541) Attempted to use tool rope
L 10/12/2019 - 20:01:09: [FAdmin] Xyesos (STEAM_0:1:74202541) Attempted to use tool rope
L 10/12/2019 - 20:01:10: [FAdmin] Xyesos (STEAM_0:1:74202541) Attempted to use tool rope
L 10/12/2019 - 20:01:10: [FAdmin] Xyesos (STEAM_0:1:74202541) Attempted to use tool rope
L 10/12/2019 - 20:01:10: [FAdmin] Xyesos (STEAM_0:1:74202541) Attempted to use tool rope
L 10/12/2019 - 20:01:13: [FAdmin] Xyesos (STEAM_0:1:74202541) Attempted to use tool rope
L 10/12/2019 - 20:01:13: [FAdmin] Xyesos (STEAM_0:1:74202541) Attempted to use tool rope
L 10/12/2019 - 20:01:14: [FAdmin] Xyesos (STEAM_0:1:74202541) Attempted to use tool rope
L 10/12/2019 - 20:01:14: [FAdmin] Xyesos (STEAM_0:1:74202541) Attempted to use tool rope
L 10/12/2019 - 20:01:15: [FAdmin] eLeCtrOssSnake (STEAM_0:1:164666257) Spawned for the first time
L 10/12/2019 - 20:01:15: [FAdmin] eLeCtrOssSnake (STEAM_0:1:164666257) is Authed
L 10/12/2019 - 20:01:15: [FAdmin] eLeCtrOssSnake (STEAM_0:1:164666257) Spawned
L 10/12/2019 - 20:01:15: "eLeCtrOssSnake<18><STEAM_0:1:164666257><>" entered the game
L 10/12/2019 - 20:01:15: [FAdmin] eLeCtrOssSnake (STEAM_0:1:164666257) Attempted to pick up a keys
L 10/12/2019 - 20:01:15: [FAdmin] eLeCtrOssSnake (STEAM_0:1:164666257) Attempted to pick up a weapon_physcannon
L 10/12/2019 - 20:01:15: [FAdmin] eLeCtrOssSnake (STEAM_0:1:164666257) Attempted to pick up a gmod_camera
L 10/12/2019 - 20:01:15: [FAdmin] eLeCtrOssSnake (STEAM_0:1:164666257) Attempted to pick up a gmod_tool
L 10/12/2019 - 20:01:15: [FAdmin] eLeCtrOssSnake (STEAM_0:1:164666257) Attempted to pick up a pocket
L 10/12/2019 - 20:01:15: [FAdmin] eLeCtrOssSnake (STEAM_0:1:164666257) Attempted to pick up a weapon_physgun
L 10/12/2019 - 20:01:30: [FAdmin] eLeCtrOssSnake (STEAM_0:1:164666257) Gave himself a arrest_stick
L 10/12/2019 - 20:01:32: [FAdmin] Xyesos set the usergroup of eLeCtrOssSnake to Дибил
L 10/12/2019 - 20:01:36: [FAdmin] eLeCtrOssSnake (STEAM_0:1:164666257) Gave himself a arrest_stick
L 10/12/2019 - 20:01:36: [FAdmin] eLeCtrOssSnake (STEAM_0:1:164666257) Attempted to pick up a arrest_stick
L 10/12/2019 - 20:01:38: [FAdmin] eLeCtrOssSnake (STEAM_0:1:164666257) Attempted to switch noclip
L 10/12/2019 - 20:01:43: [FAdmin] Xyesos set the usergroup of тук тук смерть to Дибил
L 10/12/2019 - 20:01:45: [FAdmin] Xyesos (STEAM_0:1:74202541) Attempted to switch noclip
L 10/12/2019 - 20:01:47: [FAdmin] eLeCtrOssSnake (STEAM_0:1:164666257) Attempted to switch noclip
L 10/12/2019 - 20:01:47: "тук тук смерть<15><STEAM_0:1:434419077><>" disconnected (reason "Disconnect by user.")
L 10/12/2019 - 20:01:47: [FAdmin] тук тук смерть (STEAM_0:1:434419077) Disconnected
L 10/12/2019 - 20:01:48: [FAdmin] eLeCtrOssSnake (STEAM_0:1:164666257) Attempted to switch noclip
L 10/12/2019 - 20:01:48: [FAdmin] eLeCtrOssSnake (STEAM_0:1:164666257) Attempted to switch noclip
L 10/12/2019 - 20:01:49: [FAdmin] eLeCtrOssSnake (STEAM_0:1:164666257) Attempted to switch noclip
L 10/12/2019 - 20:01:49: [FAdmin] eLeCtrOssSnake (STEAM_0:1:164666257) Attempted to switch noclip
L 10/12/2019 - 20:01:51: [FAdmin] CentralCity tomatetoto (STEAM_0:1:500260947) Attempted to switch noclip
L 10/12/2019 - 20:01:52: [FAdmin] eLeCtrOssSnake (STEAM_0:1:164666257) Attempted to switch noclip
L 10/12/2019 - 20:01:52: [FAdmin] eLeCtrOssSnake (STEAM_0:1:164666257) Attempted to switch noclip
L 10/12/2019 - 20:01:53: [FAdmin] eLeCtrOssSnake (STEAM_0:1:164666257) Attempted to switch noclip
L 10/12/2019 - 20:01:53: [FAdmin] eLeCtrOssSnake (STEAM_0:1:164666257) Attempted to switch noclip
L 10/12/2019 - 20:01:54: [FAdmin] eLeCtrOssSnake (STEAM_0:1:164666257) Attempted to switch noclip
L 10/12/2019 - 20:01:54: [FAdmin] eLeCtrOssSnake (STEAM_0:1:164666257) Attempted to switch noclip
L 10/12/2019 - 20:01:55: [FAdmin] Xyesos (STEAM_0:1:74202541) Attempted to switch noclip
L 10/12/2019 - 20:02:00: [FAdmin] FAdmin: CentralCity tomatetoto (STEAM_0:1:500260947) teleported CentralCity tomatetoto
L 10/12/2019 - 20:02:03: [FAdmin] Xyesos (STEAM_0:1:74202541) Attempted to switch noclip
L 10/12/2019 - 20:02:05: [FAdmin] eLeCtrOssSnake (STEAM_0:1:164666257) Got killed by prop_physics with a prop_physics
L 10/12/2019 - 20:02:07: [FAdmin] eLeCtrOssSnake (STEAM_0:1:164666257) Spawned
L 10/12/2019 - 20:02:07: [FAdmin] eLeCtrOssSnake (STEAM_0:1:164666257) Attempted to pick up a keys
L 10/12/2019 - 20:02:07: [FAdmin] eLeCtrOssSnake (STEAM_0:1:164666257) Attempted to pick up a weapon_physcannon
L 10/12/2019 - 20:02:07: [FAdmin] eLeCtrOssSnake (STEAM_0:1:164666257) Attempted to pick up a gmod_camera
L 10/12/2019 - 20:02:07: [FAdmin] eLeCtrOssSnake (STEAM_0:1:164666257) Attempted to pick up a gmod_tool
L 10/12/2019 - 20:02:07: [FAdmin] eLeCtrOssSnake (STEAM_0:1:164666257) Attempted to pick up a pocket
L 10/12/2019 - 20:02:07: [FAdmin] eLeCtrOssSnake (STEAM_0:1:164666257) Attempted to pick up a weapon_physgun
L 10/12/2019 - 20:02:07: [FAdmin] eLeCtrOssSnake (STEAM_0:1:164666257) Attempted to pick up a weapon_keypadchecker
L 10/12/2019 - 20:02:07: [FAdmin] eLeCtrOssSnake (STEAM_0:1:164666257) Attempted to pick up a door_ram
L 10/12/2019 - 20:02:07: [FAdmin] eLeCtrOssSnake (STEAM_0:1:164666257) Attempted to pick up a arrest_stick
L 10/12/2019 - 20:02:07: [FAdmin] eLeCtrOssSnake (STEAM_0:1:164666257) Attempted to pick up a unarrest_stick
L 10/12/2019 - 20:02:07: [FAdmin] eLeCtrOssSnake (STEAM_0:1:164666257) Attempted to pick up a stunstick
L 10/12/2019 - 20:02:07: [FAdmin] eLeCtrOssSnake (STEAM_0:1:164666257) Attempted to pick up a weaponchecker
L 10/12/2019 - 20:02:07: [FAdmin] FAdmin: Xyesos (STEAM_0:1:74202541) teleported CentralCity tomatetoto
L 10/12/2019 - 20:02:08: [FAdmin] eLeCtrOssSnake (STEAM_0:1:164666257) Attempted to switch noclip
L 10/12/2019 - 20:02:08: [FAdmin] eLeCtrOssSnake (STEAM_0:1:164666257) Attempted to switch noclip
L 10/12/2019 - 20:02:09: [FAdmin] eLeCtrOssSnake (STEAM_0:1:164666257) Attempted to switch noclip
L 10/12/2019 - 20:02:09: [FAdmin] Xyesos teleported to CentralCity tomatetoto
L 10/12/2019 - 20:02:22: [FAdmin] FAdmin Action: CentralCity tomatetoto (STEAM_0:1:500260947) Cloaked themselves
L 10/12/2019 - 20:02:36: [FAdmin] Xyesos (STEAM_0:1:74202541) Attempted to switch noclip
L 10/12/2019 - 20:03:04: [FAdmin] eLeCtrOssSnake (STEAM_0:1:164666257) Attempted to use tool elastic
L 10/12/2019 - 20:03:10: [FAdmin] eLeCtrOssSnake (STEAM_0:1:164666257) Attempted to use tool elastic
L 10/12/2019 - 20:03:10: [FAdmin] eLeCtrOssSnake (STEAM_0:1:164666257) Attempted to use tool elastic
L 10/12/2019 - 20:03:10: [FAdmin] CentralCity tomatetoto teleported to Xyesos
L 10/12/2019 - 20:03:10: [FAdmin] eLeCtrOssSnake (STEAM_0:1:164666257) Attempted to use tool elastic
L 10/12/2019 - 20:03:11: [FAdmin] eLeCtrOssSnake (STEAM_0:1:164666257) Attempted to use tool elastic
L 10/12/2019 - 20:03:11: [FAdmin] eLeCtrOssSnake (STEAM_0:1:164666257) Attempted to use tool elastic
L 10/12/2019 - 20:03:11: [FAdmin] eLeCtrOssSnake (STEAM_0:1:164666257) Attempted to use tool elastic
L 10/12/2019 - 20:03:11: [FAdmin] eLeCtrOssSnake (STEAM_0:1:164666257) Attempted to use tool elastic
L 10/12/2019 - 20:03:11: [FAdmin] eLeCtrOssSnake (STEAM_0:1:164666257) Attempted to use tool elastic
L 10/12/2019 - 20:03:12: [FAdmin] eLeCtrOssSnake (STEAM_0:1:164666257) Attempted to use tool elastic
L 10/12/2019 - 20:03:12: [FAdmin] eLeCtrOssSnake (STEAM_0:1:164666257) Attempted to use tool elastic
L 10/12/2019 - 20:03:12: [FAdmin] eLeCtrOssSnake (STEAM_0:1:164666257) Attempted to use tool elastic
L 10/12/2019 - 20:03:12: [FAdmin] eLeCtrOssSnake (STEAM_0:1:164666257) Attempted to use tool elastic
L 10/12/2019 - 20:03:12: [FAdmin] eLeCtrOssSnake (STEAM_0:1:164666257) Attempted to use tool elastic
L 10/12/2019 - 20:03:12: [FAdmin] eLeCtrOssSnake (STEAM_0:1:164666257) Attempted to use tool elastic
L 10/12/2019 - 20:03:13: [FAdmin] eLeCtrOssSnake (STEAM_0:1:164666257) Attempted to use tool elastic
L 10/12/2019 - 20:03:13: [FAdmin] eLeCtrOssSnake (STEAM_0:1:164666257) Attempted to use tool elastic
L 10/12/2019 - 20:03:13: [FAdmin] eLeCtrOssSnake (STEAM_0:1:164666257) Attempted to use tool elastic
L 10/12/2019 - 20:03:13: [FAdmin] eLeCtrOssSnake (STEAM_0:1:164666257) Attempted to use tool elastic
L 10/12/2019 - 20:03:14: [FAdmin] eLeCtrOssSnake (STEAM_0:1:164666257) Attempted to use tool elastic
L 10/12/2019 - 20:03:14: [FAdmin] eLeCtrOssSnake (STEAM_0:1:164666257) Attempted to use tool elastic
L 10/12/2019 - 20:03:14: [FAdmin] eLeCtrOssSnake (STEAM_0:1:164666257) Attempted to use tool elastic
L 10/12/2019 - 20:03:14: [FAdmin] eLeCtrOssSnake (STEAM_0:1:164666257) Attempted to use tool elastic
L 10/12/2019 - 20:03:14: [FAdmin] eLeCtrOssSnake (STEAM_0:1:164666257) Attempted to use tool elastic
L 10/12/2019 - 20:03:14: [FAdmin] eLeCtrOssSnake (STEAM_0:1:164666257) Attempted to use tool elastic
L 10/12/2019 - 20:03:15: [FAdmin] eLeCtrOssSnake (STEAM_0:1:164666257) Attempted to use tool elastic
L 10/12/2019 - 20:03:15: [FAdmin] eLeCtrOssSnake (STEAM_0:1:164666257) Attempted to use tool elastic
L 10/12/2019 - 20:03:15: [FAdmin] eLeCtrOssSnake (STEAM_0:1:164666257) Attempted to use tool elastic
L 10/12/2019 - 20:03:15: [FAdmin] eLeCtrOssSnake (STEAM_0:1:164666257) Attempted to use tool elastic
L 10/12/2019 - 20:03:15: [FAdmin] eLeCtrOssSnake (STEAM_0:1:164666257) Attempted to use tool elastic
L 10/12/2019 - 20:03:15: [FAdmin] eLeCtrOssSnake (STEAM_0:1:164666257) Attempted to use tool elastic
L 10/12/2019 - 20:03:15: [FAdmin] eLeCtrOssSnake (STEAM_0:1:164666257) Attempted to use tool elastic
L 10/12/2019 - 20:03:16: [FAdmin] eLeCtrOssSnake (STEAM_0:1:164666257) Attempted to use tool elastic
L 10/12/2019 - 20:03:16: [FAdmin] CentralCity tomatetoto (STEAM_0:1:500260947) Attempted to switch noclip
L 10/12/2019 - 20:03:16: [FAdmin] eLeCtrOssSnake (STEAM_0:1:164666257) Attempted to use tool elastic
L 10/12/2019 - 20:03:16: [FAdmin] eLeCtrOssSnake (STEAM_0:1:164666257) Attempted to use tool elastic
L 10/12/2019 - 20:03:16: [FAdmin] eLeCtrOssSnake (STEAM_0:1:164666257) Attempted to use tool elastic
L 10/12/2019 - 20:03:16: 