L 10/19/2018 - 16:19:36: Log file started (file "logs\L1019000.log") (game "F:\sup\steamapps\common\GarrysModDS\garrysmod") (version "7270")
L 10/19/2018 - 16:19:36: server_cvar: "sv_alltalk" "3"
L 10/19/2018 - 16:19:36: server_cvar: "sv_allowcslua" "1"
L 10/19/2018 - 16:19:36: server_cvar: "sv_airaccelerate" "1000"
L 10/19/2018 - 16:19:36: server_cvar: "sv_alltalk" "0"
L 10/19/2018 - 16:19:37: Connection to Steam servers successful.
L 10/19/2018 - 16:19:37:    Public IP is 31.130.42.81.
L 10/19/2018 - 16:19:37: Assigned anonymous gameserver Steam ID [A-1:3549898763(11247)].
L 10/19/2018 - 16:19:38: VAC secure mode is activated.
L 10/19/2018 - 16:19:49: "DidVaitel<2><STEAM_0:1:74202541><>" connected, address "192.168.1.102:27006"
L 10/19/2018 - 16:19:50: "DidVaitel<2><STEAM_0:1:74202541><>" STEAM USERID validated
L 10/19/2018 - 16:20:06: [FAdmin] DidVaitel (STEAM_0:1:74202541) Spawned for the first time
L 10/19/2018 - 16:20:06: [FAdmin] DidVaitel (STEAM_0:1:74202541) Spawned
L 10/19/2018 - 16:20:06: "DidVaitel<2><STEAM_0:1:74202541><>" entered the game
L 10/19/2018 - 16:20:06: [FAdmin] DidVaitel (STEAM_0:1:74202541) Attempted to pick up a keys
L 10/19/2018 - 16:20:06: [FAdmin] DidVaitel (STEAM_0:1:74202541) Attempted to pick up a weapon_physcannon
L 10/19/2018 - 16:20:06: [FAdmin] DidVaitel (STEAM_0:1:74202541) Attempted to pick up a gmod_camera
L 10/19/2018 - 16:20:06: [FAdmin] DidVaitel (STEAM_0:1:74202541) Attempted to pick up a gmod_tool
L 10/19/2018 - 16:20:06: [FAdmin] DidVaitel (STEAM_0:1:74202541) Attempted to pick up a pocket
L 10/19/2018 - 16:20:06: [FAdmin] DidVaitel (STEAM_0:1:74202541) Attempted to pick up a weapon_physgun
L 10/19/2018 - 16:20:06: [FAdmin] DidVaitel (STEAM_0:1:74202541) is Authed
L 10/19/2018 - 16:33:40: "DidVaitel<2><STEAM_0:1:74202541><>" disconnected (reason "Disconnect by user.")
L 10/19/2018 - 16:33:40: [FAdmin] DidVaitel (STEAM_0:1:74202541) Disconnected
L 10/19/2018 - 16:33:54: "DidVaitel<3><STEAM_0:1:74202541><>" connected, address "192.168.1.102:27006"
L 10/19/2018 - 16:33:55: "DidVaitel<3><STEAM_0:1:74202541><>" STEAM USERID validated
L 10/19/2018 - 16:34:08: [FAdmin] DidVaitel (STEAM_0:1:74202541) Spawned for the first time
L 10/19/2018 - 16:34:08: [FAdmin] DidVaitel (STEAM_0:1:74202541) Spawned
L 10/19/2018 - 16:34:08: "DidVaitel<3><STEAM_0:1:74202541><>" entered the game
L 10/19/2018 - 16:34:08: [FAdmin] DidVaitel (STEAM_0:1:74202541) Attempted to pick up a keys
L 10/19/2018 - 16:34:08: [FAdmin] DidVaitel (STEAM_0:1:74202541) Attempted to pick up a weapon_physcannon
L 10/19/2018 - 16:34:08: [FAdmin] DidVaitel (STEAM_0:1:74202541) Attempted to pick up a gmod_camera
L 10/19/2018 - 16:34:08: [FAdmin] DidVaitel (STEAM_0:1:74202541) Attempted to pick up a gmod_tool
L 10/19/2018 - 16:34:08: [FAdmin] DidVaitel (STEAM_0:1:74202541) Attempted to pick up a pocket
L 10/19/2018 - 16:34:08: [FAdmin] DidVaitel (STEAM_0:1:74202541) Attempted to pick up a weapon_physgun
L 10/19/2018 - 16:34:08: [FAdmin] DidVaitel (STEAM_0:1:74202541) is Authed
L 10/20/2018 - 01:11:28: "DidVaitel<3><STEAM_0:1:74202541><>" disconnected (reason "Disconnect by user.")
L 10/20/2018 - 01:11:28: [FAdmin] DidVaitel (STEAM_0:1:74202541) Disconnected
L 10/20/2018 - 01:13:11: [FAdmin] Server succesfully shut down.
L 10/20/2018 - 01:13:11: [FAdmin] prop_physics(models/props/de_nuke/handtruck.mdl) Got removed
L 10/20/2018 - 01:13:11: [FAdmin] prop_physics(models/props_c17/door01_left.mdl) Got removed
L 10/20/2018 - 01:13:11: [FAdmin] prop_physics(models/props_c17/door01_left.mdl) Got removed
L 10/20/2018 - 01:13:11: [FAdmin] prop_physics(models/props_c17/door01_left.mdl) Got removed
L 10/20/2018 - 01:13:11: [FAdmin] prop_physics(models/props_c17/door01_left.mdl) Got removed
L 10/20/2018 - 01:13:11: [FAdmin] prop_physics(models/props_c17/door01_left.mdl) Got removed
L 10/20/2018 - 01:13:11: [FAdmin] prop_physics(models/props_c17/door01_left.mdl) Got removed
L 10/20/2018 - 01:13:11: [FAdmin] prop_physics(models/props_junk/pushcart01a.mdl) Got removed
L 10/20/2018 - 01:13:11: [FAdmin] prop_physics(models/props/de_nuke/handtruck.mdl) Got removed
L 10/20/2018 - 01:13:11: [FAdmin] prop_physics(models/props_c17/door01_left.mdl) Got removed
L 10/20/2018 - 01:13:11: [FAdmin] prop_physics(models/props_c17/door01_left.mdl) Got removed
L 10/20/2018 - 01:13:11: [FAdmin] prop_physics(models/props_junk/wood_crate001a_damaged.mdl) Got removed
L 10/20/2018 - 01:13:11: [FAdmin] prop_physics(models/props_junk/wood_crate001a_damaged.mdl) Got removed
L 10/20/2018 - 01:13:11: [FAdmin] prop_physics(models/props_junk/wood_crate001a_damaged.mdl) Got removed
L 10/20/2018 - 01:13:11: [FAdmin] prop_physics(models/props_junk/wood_crate001a_damaged.mdl) Got removed
L 10/20/2018 - 01:13:11: [FAdmin] prop_physics(models/props_junk/wood_crate001a_damaged.mdl) Got removed
L 10/20/2018 - 01:13:11: server_message: "quit"
L 10/20/2018 - 01:13:11: Log file closed.
