L 10/15/2018 - 22:50:57: Log file started (file "logs\L1015001.log") (game "F:\sup\steamapps\common\GarrysModDS\garrysmod") (version "7220")
L 10/15/2018 - 22:50:57: server_cvar: "sv_alltalk" "3"
L 10/15/2018 - 22:50:57: server_cvar: "sv_allowcslua" "1"
L 10/15/2018 - 22:50:57: server_cvar: "sv_airaccelerate" "1000"
L 10/15/2018 - 22:50:57: server_cvar: "sv_alltalk" "0"
L 10/15/2018 - 22:50:58: Connection to Steam servers successful.
L 10/15/2018 - 22:50:58:    Public IP is 31.130.42.81.
L 10/15/2018 - 22:50:58: Assigned anonymous gameserver Steam ID [A-1:3805158407(11226)].
L 10/15/2018 - 22:50:58: VAC secure mode is activated.
L 10/15/2018 - 22:51:04: "DidVaitel<2><STEAM_0:1:74202541><>" connected, address "192.168.1.101:27006"
L 10/15/2018 - 22:51:05: "DidVaitel<2><STEAM_0:1:74202541><>" STEAM USERID validated
L 10/15/2018 - 22:51:11: [FAdmin] DidVaitel (STEAM_0:1:74202541) Spawned for the first time
L 10/15/2018 - 22:51:11: [FAdmin] DidVaitel (STEAM_0:1:74202541) Spawned
L 10/15/2018 - 22:51:11: "DidVaitel<2><STEAM_0:1:74202541><>" entered the game
L 10/15/2018 - 22:51:11: [FAdmin] DidVaitel (STEAM_0:1:74202541) Attempted to pick up a keys
L 10/15/2018 - 22:51:11: [FAdmin] DidVaitel (STEAM_0:1:74202541) Attempted to pick up a weapon_physcannon
L 10/15/2018 - 22:51:11: [FAdmin] DidVaitel (STEAM_0:1:74202541) Attempted to pick up a gmod_camera
L 10/15/2018 - 22:51:11: [FAdmin] DidVaitel (STEAM_0:1:74202541) Attempted to pick up a gmod_tool
L 10/15/2018 - 22:51:11: [FAdmin] DidVaitel (STEAM_0:1:74202541) Attempted to pick up a pocket
L 10/15/2018 - 22:51:11: [FAdmin] DidVaitel (STEAM_0:1:74202541) Attempted to pick up a weapon_physgun
L 10/15/2018 - 22:51:11: [FAdmin] DidVaitel (STEAM_0:1:74202541) is Authed
L 10/15/2018 - 22:52:54: Lua Error: 
[ERROR] addons/gvuti/lua/autorun/server/sv_nets.lua:90: attempt to perform arithmetic on global 'wins' (a nil value)
  1. func - addons/gvuti/lua/autorun/server/sv_nets.lua:90
   2. unknown - lua/includes/extensions/net.lua:32


L 10/15/2018 - 23:04:55: Lua Error: 
[ERROR] addons/gvuti/lua/autorun/server/sv_nets.lua:104: attempt to compare boolean with number
  1. func - addons/gvuti/lua/autorun/server/sv_nets.lua:104
   2. unknown - lua/includes/extensions/net.lua:32


L 10/15/2018 - 23:35:06: [FAdmin] Server succesfully shut down.
L 10/15/2018 - 23:35:06: [FAdmin] prop_physics(models/props/de_nuke/handtruck.mdl) Got removed
L 10/15/2018 - 23:35:06: [FAdmin] prop_physics(models/props_c17/door01_left.mdl) Got removed
L 10/15/2018 - 23:35:06: [FAdmin] prop_physics(models/props_c17/door01_left.mdl) Got removed
L 10/15/2018 - 23:35:06: [FAdmin] prop_physics(models/props_c17/door01_left.mdl) Got removed
L 10/15/2018 - 23:35:06: [FAdmin] prop_physics(models/props_c17/door01_left.mdl) Got removed
L 10/15/2018 - 23:35:06: [FAdmin] prop_physics(models/props_c17/door01_left.mdl) Got removed
L 10/15/2018 - 23:35:06: [FAdmin] prop_physics(models/props_c17/door01_left.mdl) Got removed
L 10/15/2018 - 23:35:06: [FAdmin] prop_physics(models/props_junk/pushcart01a.mdl) Got removed
L 10/15/2018 - 23:35:06: [FAdmin] prop_physics(models/props/de_nuke/handtruck.mdl) Got removed
L 10/15/2018 - 23:35:06: [FAdmin] prop_physics(models/props_c17/door01_left.mdl) Got removed
L 10/15/2018 - 23:35:06: [FAdmin] prop_physics(models/props_c17/door01_left.mdl) Got removed
L 10/15/2018 - 23:35:06: [FAdmin] prop_physics(models/props_junk/wood_crate001a_damaged.mdl) Got removed
L 10/15/2018 - 23:35:06: [FAdmin] prop_physics(models/props_junk/wood_crate001a_damaged.mdl) Got removed
L 10/15/2018 - 23:35:06: [FAdmin] prop_physics(models/props_junk/wood_crate001a_damaged.mdl) Got removed
L 10/15/2018 - 23:35:06: [FAdmin] prop_physics(models/props_junk/wood_crate001a_damaged.mdl) Got removed
L 10/15/2018 - 23:35:06: [FAdmin] prop_physics(models/props_junk/wood_crate001a_damaged.mdl) Got removed
L 10/15/2018 - 23:35:06: "DidVaitel<2><STEAM_0:1:74202541><>" disconnected (reason "Server shutting down")
L 10/15/2018 - 23:35:06: server_message: "quit"
L 10/15/2018 - 23:35:06: Log file closed.
