L 10/27/2018 - 17:17:14: Log file started (file "logs\L1027006.log") (game "F:\sup\steamapps\common\GarrysModDS\garrysmod") (version "7270")
L 10/27/2018 - 17:17:14: server_cvar: "sv_alltalk" "3"
L 10/27/2018 - 17:17:15: Connection to Steam servers successful.
L 10/27/2018 - 17:17:15:    Public IP is 31.130.42.81.
L 10/27/2018 - 17:17:15: Assigned anonymous gameserver Steam ID [A-1:249489419(11292)].
L 10/27/2018 - 17:17:15: VAC secure mode is activated.
L 10/27/2018 - 17:55:00: "DidVaitel<2><STEAM_0:1:74202541><>" connected, address "192.168.1.102:27006"
L 10/27/2018 - 17:55:07: "DidVaitel<2><STEAM_0:1:74202541><>" STEAM USERID validated
L 10/27/2018 - 17:55:07: STEAMAUTH: Client DidVaitel received failure code 6
L 10/27/2018 - 17:55:07: "DidVaitel<2><STEAM_0:1:74202541><>" disconnected (reason "Client left game (Steam auth ticket has been canceled)
")
L 10/27/2018 - 17:55:09: "DidVaitel<3><STEAM_0:1:74202541><>" connected, address "192.168.1.102:27006"
L 10/27/2018 - 17:55:10: "DidVaitel<3><STEAM_0:1:74202541><>" STEAM USERID validated
L 10/27/2018 - 17:55:22: "DidVaitel<3><STEAM_0:1:74202541><>" entered the game
L 10/27/2018 - 17:55:27: Lua Error: 
[ERROR] addons/gvuti/lua/autorun/server/sv_nets.lua:383: attempt to index global 'MySQLite' (a nil value)
  1. fn - addons/gvuti/lua/autorun/server/sv_nets.lua:383
   2. Run - addons/ulxulib/lua/ulib/shared/hook.lua:109
    3. func - addons/gvuti/lua/autorun/server/sv_nets.lua:402
     4. unknown - lua/includes/extensions/net.lua:32


L 10/27/2018 - 17:59:38: Lua Error: 
[ERROR] addons/superherosweps/lua/weapons/superman/shared.lua:249: '<eof>' expected near 'end'
  1. unknown - addons/superherosweps/lua/weapons/superman/shared.lua:0


L 10/27/2018 - 17:59:43: Lua Error: 
[ERROR] addons/superherosweps/lua/weapons/superman/shared.lua:249: '<eof>' expected near 'end'
  1. unknown - addons/superherosweps/lua/weapons/superman/shared.lua:0


L 10/27/2018 - 19:00:16: "DidVaitel<3><STEAM_0:1:74202541><>" disconnected (reason "Disconnect by user.")
L 10/27/2018 - 19:00:24: Lua Error: 
[ERROR] addons/gvuti/lua/autorun/server/sv_nets.lua:374: attempt to index global 'MySQLite' (a nil value)
  1. gVutiSync - addons/gvuti/lua/autorun/server/sv_nets.lua:374
   2. fn - addons/gvuti/lua/autorun/server/sv_nets.lua:398
    3. unknown - addons/ulxulib/lua/ulib/shared/hook.lua:109


L 10/27/2018 - 19:12:54: "DidVaitel<4><STEAM_0:1:74202541><>" connected, address "192.168.1.102:27006"
L 10/27/2018 - 19:12:54: "DidVaitel<4><STEAM_0:1:74202541><>" STEAM USERID validated
L 10/27/2018 - 19:13:04: "DidVaitel<4><STEAM_0:1:74202541><>" entered the game
L 10/27/2018 - 19:13:09: Lua Error: 
[ERROR] addons/gvuti/lua/autorun/server/sv_nets.lua:383: attempt to index global 'MySQLite' (a nil value)
  1. fn - addons/gvuti/lua/autorun/server/sv_nets.lua:383
   2. Run - addons/ulxulib/lua/ulib/shared/hook.lua:109
    3. func - addons/gvuti/lua/autorun/server/sv_nets.lua:402
     4. unknown - lua/includes/extensions/net.lua:32


L 10/27/2018 - 19:13:12: Lua Error: 
[ERROR] addons/superherosweps/lua/weapons/superman/shared.lua:249: '<eof>' expected near 'end'
  1. unknown - addons/superherosweps/lua/weapons/superman/shared.lua:0


L 10/27/2018 - 19:15:25: Lua Error: 
[ERROR] addons/superherosweps/lua/weapons/superman/shared.lua:255: '<eof>' expected near 'end'
  1. unknown - addons/superherosweps/lua/weapons/superman/shared.lua:0


L 10/27/2018 - 19:15:31: Lua Error: 
[ERROR] addons/superherosweps/lua/weapons/superman/shared.lua:256: '<eof>' expected near 'end'
  1. unknown - addons/superherosweps/lua/weapons/superman/shared.lua:0


L 10/27/2018 - 19:15:46: Lua Error: 
[ERROR] addons/superherosweps/lua/weapons/superman/shared.lua:256: '<eof>' expected near 'end'
  1. unknown - addons/superherosweps/lua/weapons/superman/shared.lua:0


L 10/27/2018 - 19:17:49: Lua Error: 
[ERROR] addons/superherosweps/lua/weapons/superman/shared.lua:256: '<eof>' expected near 'end'
  1. unknown - addons/superherosweps/lua/weapons/superman/shared.lua:0


L 10/27/2018 - 19:17:55: Lua Error: 
[ERROR] addons/superherosweps/lua/weapons/superman/shared.lua:256: '<eof>' expected near 'end'
  1. unknown - addons/superherosweps/lua/weapons/superman/shared.lua:0


L 10/27/2018 - 19:18:16: Lua Error: 
[ERROR] addons/superherosweps/lua/weapons/superman/shared.lua:256: '<eof>' expected near 'end'
  1. unknown - addons/superherosweps/lua/weapons/superman/shared.lua:0


L 10/27/2018 - 19:18:36: Lua Error: 
[ERROR] addons/superherosweps/lua/weapons/superman/shared.lua:256: '<eof>' expected near 'end'
  1. unknown - addons/superherosweps/lua/weapons/superman/shared.lua:0


L 10/27/2018 - 19:19:19: Lua Error: 
[ERROR] addons/superherosweps/lua/weapons/superman/shared.lua:256: '<eof>' expected near 'end'
  1. unknown - addons/superherosweps/lua/weapons/superman/shared.lua:0


L 10/27/2018 - 19:19:19: Lua Error: 
[ERROR] addons/superherosweps/lua/weapons/superman/shared.lua:256: '<eof>' expected near 'end'
  1. unknown - addons/superherosweps/lua/weapons/superman/shared.lua:0


L 10/27/2018 - 19:19:44: Lua Error: 
[ERROR] addons/superherosweps/lua/weapons/superman/shared.lua:256: '<eof>' expected near 'end'
  1. unknown - addons/superherosweps/lua/weapons/superman/shared.lua:0


L 10/27/2018 - 19:20:07: Lua Error: 
[ERROR] addons/superherosweps/lua/weapons/superman/shared.lua:256: '<eof>' expected near 'end'
  1. unknown - addons/superherosweps/lua/weapons/superman/shared.lua:0


L 10/27/2018 - 19:20:13: Lua Error: 
[ERROR] addons/superherosweps/lua/weapons/superman/shared.lua:256: '<eof>' expected near 'end'
  1. unknown - addons/superherosweps/lua/weapons/superman/shared.lua:0


L 10/27/2018 - 19:20:32: Lua Error: 
[ERROR] addons/superherosweps/lua/weapons/superman/shared.lua:227: attempt to index global 'Owner' (a nil value)
  1. unknown - addons/superherosweps/lua/weapons/superman/shared.lua:227
   2. include - [C]:-1
    3. unknown - addons/superherosweps/lua/weapons/superman/init.lua:3


L 10/27/2018 - 19:22:12: Lua Error: 
[ERROR] addons/superherosweps/lua/weapons/superman/shared.lua:93: attempt to compare nil with number
  1. unknown - addons/superherosweps/lua/weapons/superman/shared.lua:93


L 10/27/2018 - 19:22:12: Lua Error: 
[ERROR] addons/superherosweps/lua/weapons/superman/shared.lua:93: attempt to compare nil with number
  1. unknown - addons/superherosweps/lua/weapons/superman/shared.lua:93


L 10/27/2018 - 19:22:12: Lua Error: 
[ERROR] addons/superherosweps/lua/weapons/superman/shared.lua:93: attempt to compare nil with number
  1. unknown - addons/superherosweps/lua/weapons/superman/shared.lua:93


L 10/27/2018 - 19:22:12: Lua Error: 
[ERROR] addons/superherosweps/lua/weapons/superman/shared.lua:93: attempt to compare nil with number
  1. unknown - addons/superherosweps/lua/weapons/superman/shared.lua:93


L 10/27/2018 - 19:22:12: Lua Error: 
[ERROR] addons/superherosweps/lua/weapons/superman/shared.lua:93: attempt to compare nil with number
  1. unknown - addons/superherosweps/lua/weapons/superman/shared.lua:93


L 10/27/2018 - 19:22:12: Lua Error: 
[ERROR] addons/superherosweps/lua/weapons/superman/shared.lua:93: attempt to compare nil with number
  1. unknown - addons/superherosweps/lua/weapons/superman/shared.lua:93


L 10/27/2018 - 19:22:12: Lua Error: 
[ERROR] addons/superherosweps/lua/weapons/superman/shared.lua:93: attempt to compare nil with number
  1. unknown - addons/superherosweps/lua/weapons/superman/shared.lua:93


L 10/27/2018 - 19:22:12: Lua Error: 
[ERROR] addons/superherosweps/lua/weapons/superman/shared.lua:93: attempt to compare nil with number
  1. unknown - addons/superherosweps/lua/weapons/superman/shared.lua:93


L 10/27/2018 - 19:22:12: Lua Error: 
[ERROR] addons/superherosweps/lua/weapons/superman/shared.lua:93: attempt to compare nil with number
  1. unknown - addons/superherosweps/lua/weapons/superman/shared.lua:93


L 10/27/2018 - 19:22:12: Lua Error: 
[ERROR] addons/superherosweps/lua/weapons/superman/shared.lua:93: attempt to compare nil with number
  1. unknown - addons/superherosweps/lua/weapons/superman/shared.lua:93


L 10/27/2018 - 19:22:12: Lua Error: 
[ERROR] addons/superherosweps/lua/weapons/superman/shared.lua:93: attempt to compare nil with number
  1. unknown - addons/superherosweps/lua/weapons/superman/shared.lua:93


L 10/27/2018 - 19:22:12: Lua Error: 
[ERROR] addons/superherosweps/lua/weapons/superman/shared.lua:93: attempt to compare nil with number
  1. unknown - addons/superherosweps/lua/weapons/superman/shared.lua:93


L 10/27/2018 - 19:22:12: Lua Error: 
[ERROR] addons/superherosweps/lua/weapons/superman/shared.lua:93: attempt to compare nil with number
  1. unknown - addons/superherosweps/lua/weapons/superman/shared.lua:93


L 10/27/2018 - 19:22:12: Lua Error: 
[ERROR] addons/superherosweps/lua/weapons/superman/shared.lua:93: attempt to compare nil with number
  1. unknown - addons/superherosweps/lua/weapons/superman/shared.lua:93


L 10/27/2018 - 19:22:12: Lua Error: 
[ERROR] addons/superherosweps/lua/weapons/superman/shared.lua:93: attempt to compare nil with number
  1. unknown - addons/superherosweps/lua/weapons/superman/shared.lua:93


L 10/27/2018 - 19:22:12: Lua Error: 
[ERROR] addons/superherosweps/lua/weapons/superman/shared.lua:93: attempt to compare nil with number
  1. unknown - addons/superherosweps/lua/weapons/superman/shared.lua:93


L 10/27/2018 - 19:22:12: Lua Error: 
[ERROR] addons/superherosweps/lua/weapons/superman/shared.lua:93: attempt to compare nil with number
  1. unknown - addons/superherosweps/lua/weapons/superman/shared.lua:93


L 10/27/2018 - 19:22:12: Lua Error: 
[ERROR] addons/superherosweps/lua/weapons/superman/shared.lua:93: attempt to compare nil with number
  1. unknown - addons/superherosweps/lua/weapons/superman/shared.lua:93


L 10/27/2018 - 19:22:12: Lua Error: 
[ERROR] addons/superherosweps/lua/weapons/superman/shared.lua:93: attempt to compare nil with number
  1. unknown - addons/superherosweps/lua/weapons/superman/shared.lua:93


L 10/27/2018 - 19:22:12: Lua Error: 
[ERROR] addons/superherosweps/lua/weapons/superman/shared.lua:93: attempt to compare nil with number
  1. unknown - addons/superherosweps/lua/weapons/superman/shared.lua:93


L 10/27/2018 - 19:22:12: Lua Error: 
[ERROR] addons/superherosweps/lua/weapons/superman/shared.lua:93: attempt to compare nil with number
  1. unknown - addons/superherosweps/lua/weapons/superman/shared.lua:93


L 10/27/2018 - 19:22:12: Lua Error: 
[ERROR] addons/superherosweps/lua/weapons/superman/shared.lua:108: attempt to call method 'EndAttack' (a nil value)
  1. unknown - addons/superherosweps/lua/weapons/superman/shared.lua:108


L 10/27/2018 - 19:22:17: Lua Error: 
[ERROR] addons/superherosweps/lua/weapons/superman/shared.lua:104: attempt to call method 'StartAttack' (a nil value)
  1. unknown - addons/superherosweps/lua/weapons/superman/shared.lua:104


L 10/27/2018 - 19:22:17: Lua Error: 
[ERROR] addons/superherosweps/lua/weapons/superman/shared.lua:106: attempt to call method 'UpdateAttack' (a nil value)
  1. unknown - addons/superherosweps/lua/weapons/superman/shared.lua:106


L 10/27/2018 - 19:22:17: Lua Error: 
[ERROR] addons/superherosweps/lua/weapons/superman/shared.lua:106: attempt to call method 'UpdateAttack' (a nil value)
  1. unknown - addons/superherosweps/lua/weapons/superman/shared.lua:106


L 10/27/2018 - 19:22:17: Lua Error: 
[ERROR] addons/superherosweps/lua/weapons/superman/shared.lua:106: attempt to call method 'UpdateAttack' (a nil value)
  1. unknown - addons/superherosweps/lua/weapons/superman/shared.lua:106


L 10/27/2018 - 19:22:17: Lua Error: 
[ERROR] addons/superherosweps/lua/weapons/superman/shared.lua:106: attempt to call method 'UpdateAttack' (a nil value)
  1. unknown - addons/superherosweps/lua/weapons/superman/shared.lua:106


L 10/27/2018 - 19:22:17: Lua Error: 
[ERROR] addons/superherosweps/lua/weapons/superman/shared.lua:106: attempt to call method 'UpdateAttack' (a nil value)
  1. unknown - addons/superherosweps/lua/weapons/superman/shared.lua:106


L 10/27/2018 - 19:22:17: Lua Error: 
[ERROR] addons/superherosweps/lua/weapons/superman/shared.lua:108: attempt to call method 'EndAttack' (a nil value)
  1. unknown - addons/superherosweps/lua/weapons/superman/shared.lua:108


L 10/27/2018 - 19:22:17: Lua Error: 
[ERROR] addons/superherosweps/lua/weapons/superman/shared.lua:104: attempt to call method 'StartAttack' (a nil value)
  1. unknown - addons/superherosweps/lua/weapons/superman/shared.lua:104


L 10/27/2018 - 19:22:17: Lua Error: 
[ERROR] addons/superherosweps/lua/weapons/superman/shared.lua:106: attempt to call method 'UpdateAttack' (a nil value)
  1. unknown - addons/superherosweps/lua/weapons/superman/shared.lua:106


L 10/27/2018 - 19:22:17: Lua Error: 
[ERROR] addons/superherosweps/lua/weapons/superman/shared.lua:106: attempt to call method 'UpdateAttack' (a nil value)
  1. unknown - addons/superherosweps/lua/weapons/superman/shared.lua:106


L 10/27/2018 - 19:22:17: Lua Error: 
[ERROR] addons/superherosweps/lua/weapons/superman/shared.lua:106: attempt to call method 'UpdateAttack' (a nil value)
  1. unknown - addons/superherosweps/lua/weapons/superman/shared.lua:106


L 10/27/2018 - 19:22:17: Lua Error: 
[ERROR] addons/superherosweps/lua/weapons/superman/shared.lua:106: attempt to call method 'UpdateAttack' (a nil value)
  1. unknown - addons/superherosweps/lua/weapons/superman/shared.lua:106


L 10/27/2018 - 19:22:17: Lua Error: 
[ERROR] addons/superherosweps/lua/weapons/superman/shared.lua:106: attempt to call method 'UpdateAttack' (a nil value)
  1. unknown - addons/superherosweps/lua/weapons/superman/shared.lua:106


L 10/27/2018 - 19:22:17: Lua Error: 
[ERROR] addons/superherosweps/lua/weapons/superman/shared.lua:106: attempt to call method 'UpdateAttack' (a nil value)
  1. unknown - addons/superherosweps/lua/weapons/superman/shared.lua:106


L 10/27/2018 - 19:22:17: Lua Error: 
[ERROR] addons/superherosweps/lua/weapons/superman/shared.lua:106: attempt to call method 'UpdateAttack' (a nil value)
  1. unknown - addons/superherosweps/lua/weapons/superman/shared.lua:106


L 10/27/2018 - 19:22:17: Lua Error: 
[ERROR] addons/superherosweps/lua/weapons/superman/shared.lua:106: attempt to call method 'UpdateAttack' (a nil value)
  1. unknown - addons/superherosweps/lua/weapons/superman/shared.lua:106


L 10/27/2018 - 19:22:17: Lua Error: 
[ERROR] addons/superherosweps/lua/weapons/superman/shared.lua:106: attempt to call method 'UpdateAttack' (a nil value)
  1. unknown - addons/superherosweps/lua/weapons/superman/shared.lua:106


L 10/27/2018 - 19:22:17: Lua Error: 
[ERROR] addons/superherosweps/lua/weapons/superman/shared.lua:106: attempt to call method 'UpdateAttack' (a nil value)
  1. unknown - addons/superherosweps/lua/weapons/superman/shared.lua:106


L 10/27/2018 - 19:22:17: Lua Error: 
[ERROR] addons/superherosweps/lua/weapons/superman/shared.lua:106: attempt to call method 'UpdateAttack' (a nil value)
  1. unknown - addons/superherosweps/lua/weapons/superman/shared.lua:106


L 10/27/2018 - 19:22:17: Lua Error: 
[ERROR] addons/superherosweps/lua/weapons/superman/shared.lua:106: attempt to call method 'UpdateAttack' (a nil value)
  1. unknown - addons/superherosweps/lua/weapons/superman/shared.lua:106


L 10/27/2018 - 19:22:17: Lua Error: 
[ERROR] addons/superherosweps/lua/weapons/superman/shared.lua:106: attempt to call method 'UpdateAttack' (a nil value)
  1. unknown - addons/superherosweps/lua/weapons/superman/shared.lua:106


L 10/27/2018 - 19:22:17: Lua Error: 
[ERROR] addons/superherosweps/lua/weapons/superman/shared.lua:106: attempt to call method 'UpdateAttack' (a nil value)
  1. unknown - addons/superherosweps/lua/weapons/superman/shared.lua:106


L 10/27/2018 - 19:22:17: Lua Error: 
[ERROR] addons/superherosweps/lua/weapons/superman/shared.lua:106: attempt to call method 'UpdateAttack' (a nil value)
  1. unknown - addons/superherosweps/lua/weapons/superman/shared.lua:106


L 10/27/2018 - 19:22:17: Lua Error: 
[ERROR] addons/superherosweps/lua/weapons/superman/shared.lua:106: attempt to call method 'UpdateAttack' (a nil value)
  1. unknown - addons/superherosweps/lua/weapons/superman/shared.lua:106


L 10/27/2018 - 19:22:17: Lua Error: 
[ERROR] addons/superherosweps/lua/weapons/superman/shared.lua:106: attempt to call method 'UpdateAttack' (a nil value)
  1. unknown - addons/superherosweps/lua/weapons/superman/shared.lua:106


L 10/27/2018 - 19:22:18: Lua Error: 
[ERROR] addons/superherosweps/lua/weapons/superman/shared.lua:106: attempt to call method 'UpdateAttack' (a nil value)
  1. unknown - addons/superherosweps/lua/weapons/superman/shared.lua:106


L 10/27/2018 - 19:22:18: Lua Error: 
[ERROR] addons/superherosweps/lua/weapons/superman/shared.lua:106: attempt to call method 'UpdateAttack' (a nil value)
  1. unknown - addons/superherosweps/lua/weapons/superman/shared.lua:106


L 10/27/2018 - 19:22:18: Lua Error: 
[ERROR] addons/superherosweps/lua/weapons/superman/shared.lua:106: attempt to call method 'UpdateAttack' (a nil value)
  1. unknown - addons/superherosweps/lua/weapons/superman/shared.lua:106


L 10/27/2018 - 19:22:18: Lua Error: 
[ERROR] addons/superherosweps/lua/weapons/superman/shared.lua:106: attempt to call method 'UpdateAttack' (a nil value)
  1. unknown - addons/superherosweps/lua/weapons/superman/shared.lua:106


L 10/27/2018 - 19:22:18: Lua Error: 
[ERROR] addons/superherosweps/lua/weapons/superman/shared.lua:106: attempt to call method 'UpdateAttack' (a nil value)
  1. unknown - addons/superherosweps/lua/weapons/superman/shared.lua:106


L 10/27/2018 - 19:22:18: Lua Error: 
[ERROR] addons/superherosweps/lua/weapons/superman/shared.lua:108: attempt to call method 'EndAttack' (a nil value)
  1. unknown - addons/superherosweps/lua/weapons/superman/shared.lua:108


L 10/27/2018 - 19:22:18: Lua Error: 
[ERROR] addons/superherosweps/lua/weapons/superman/shared.lua:104: attempt to call method 'StartAttack' (a nil value)
  1. unknown - addons/superherosweps/lua/weapons/superman/shared.lua:104


L 10/27/2018 - 19:22:18: Lua Error: 
[ERROR] addons/superherosweps/lua/weapons/superman/shared.lua:106: attempt to call method 'UpdateAttack' (a nil value)
  1. unknown - addons/superherosweps/lua/weapons/superman/shared.lua:106


L 10/27/2018 - 19:22:18: Lua Error: 
[ERROR] addons/superherosweps/lua/weapons/superman/shared.lua:106: attempt to call method 'UpdateAttack' (a nil value)
  1. unknown - addons/superherosweps/lua/weapons/superman/shared.lua:106


L 10/27/2018 - 19:22:18: Lua Error: 
[ERROR] addons/superherosweps/lua/weapons/superman/shared.lua:106: attempt to call method 'UpdateAttack' (a nil value)
  1. unknown - addons/superherosweps/lua/weapons/superman/shared.lua:106


L 10/27/2018 - 19:22:18: Lua Error: 
[ERROR] addons/superherosweps/lua/weapons/superman/shared.lua:106: attempt to call method 'UpdateAttack' (a nil value)
  1. unknown - addons/superherosweps/lua/weapons/superman/shared.lua:106


L 10/27/2018 - 19:22:18: Lua Error: 
[ERROR] addons/superherosweps/lua/weapons/superman/shared.lua:106: attempt to call method 'UpdateAttack' (a nil value)
  1. unknown - addons/superherosweps/lua/weapons/superman/shared.lua:106


L 10/27/2018 - 19:22:18: Lua Error: 
[ERROR] addons/superherosweps/lua/weapons/superman/shared.lua:106: attempt to call method 'UpdateAttack' (a nil value)
  1. unknown - addons/superherosweps/lua/weapons/superman/shared.lua:106


L 10/27/2018 - 19:22:18: Lua Error: 
[ERROR] addons/superherosweps/lua/weapons/superman/shared.lua:106: attempt to call method 'UpdateAttack' (a nil value)
  1. unknown - addons/superherosweps/lua/weapons/superman/shared.lua:106


L 10/27/2018 - 19:22:18: Lua Error: 
[ERROR] addons/superherosweps/lua/weapons/superman/shared.lua:106: attempt to call method 'UpdateAttack' (a nil value)
  1. unknown - addons/superherosweps/lua/weapons/superman/shared.lua:106


L 10/27/2018 - 19:22:18: Lua Error: 
[ERROR] addons/superherosweps/lua/weapons/superman/shared.lua:108: attempt to call method 'EndAttack' (a nil value)
  1. unknown - addons/superherosweps/lua/weapons/superman/shared.lua:108


L 10/27/2018 - 19:22:36: Lua Error: 
[ERROR] addons/superherosweps/lua/weapons/superman/shared.lua:226: '<eof>' expected near 'end'
  1. unknown - addons/superherosweps/lua/weapons/superman/shared.lua:0


L 10/27/2018 - 19:22:55: Lua Error: 
[ERROR] addons/superherosweps/lua/weapons/superman/shared.lua:227: attempt to index global 'Owner' (a nil value)
  1. unknown - addons/superherosweps/lua/weapons/superman/shared.lua:227
   2. include - [C]:-1
    3. unknown - addons/superherosweps/lua/weapons/superman/init.lua:3


L 10/27/2018 - 19:23:04: Lua Error: 
[ERROR] addons/superherosweps/lua/weapons/superman/shared.lua:227: attempt to index global 'Owner' (a nil value)
  1. unknown - addons/superherosweps/lua/weapons/superman/shared.lua:227
   2. include - [C]:-1
    3. unknown - addons/superherosweps/lua/weapons/superman/init.lua:3


L 10/27/2018 - 19:23:19: Lua Error: 
[ERROR] addons/superherosweps/lua/weapons/superman/shared.lua:227: attempt to index global 'self' (a nil value)
  1. unknown - addons/superherosweps/lua/weapons/superman/shared.lua:227
   2. include - [C]:-1
    3. unknown - addons/superherosweps/lua/weapons/superman/init.lua:3


L 10/27/2018 - 19:24:04: Lua Error: 
[ERROR] addons/superherosweps/lua/weapons/superman/shared.lua:227: attempt to index global 'self' (a nil value)
  1. unknown - addons/superherosweps/lua/weapons/superman/shared.lua:227
   2. include - [C]:-1
    3. unknown - addons/superherosweps/lua/weapons/superman/init.lua:3


L 10/27/2018 - 19:24:29: Lua Error: 
[ERROR] addons/superherosweps/lua/weapons/superman/shared.lua:256: '<eof>' expected near 'end'
  1. unknown - addons/superherosweps/lua/weapons/superman/shared.lua:0


L 10/27/2018 - 19:24:32: Lua Error: 
[ERROR] addons/superherosweps/lua/weapons/superman/shared.lua:227: attempt to index global 'self' (a nil value)
  1. unknown - addons/superherosweps/lua/weapons/superman/shared.lua:227
   2. include - [C]:-1
    3. unknown - addons/superherosweps/lua/weapons/superman/init.lua:3


L 10/27/2018 - 19:25:45: Lua Error: 
[ERROR] addons/superherosweps/lua/weapons/superman/shared.lua:388: 'end' expected (to close 'function' at line 38) near '<eof>'
  1. unknown - addons/superherosweps/lua/weapons/superman/shared.lua:0


L 10/27/2018 - 19:26:06: Lua Error: 
[ERROR] addons/superherosweps/lua/weapons/superman/shared.lua:388: 'end' expected (to close 'function' at line 38) near '<eof>'
  1. unknown - addons/superherosweps/lua/weapons/superman/shared.lua:0


L 10/27/2018 - 19:26:16: Lua Error: 
[ERROR] addons/superherosweps/lua/weapons/superman/shared.lua:388: 'end' expected (to close 'function' at line 38) near '<eof>'
  1. unknown - addons/superherosweps/lua/weapons/superman/shared.lua:0


L 10/27/2018 - 19:28:21: Lua Error: 
[ERROR] addons/superherosweps/lua/weapons/superman/shared.lua:227: attempt to index global 'self' (a nil value)
  1. unknown - addons/superherosweps/lua/weapons/superman/shared.lua:227
   2. include - [C]:-1
    3. unknown - addons/superherosweps/lua/weapons/superman/init.lua:3


L 10/27/2018 - 19:28:28: Lua Error: 
[ERROR] addons/superherosweps/lua/weapons/superman/shared.lua:227: attempt to index global 'self' (a nil value)
  1. unknown - addons/superherosweps/lua/weapons/superman/shared.lua:227
   2. include - [C]:-1
    3. unknown - addons/superherosweps/lua/weapons/superman/init.lua:3


L 10/27/2018 - 19:28:28: Lua Error: 
[ERROR] addons/superherosweps/lua/weapons/superman/shared.lua:227: attempt to index global 'self' (a nil value)
  1. unknown - addons/superherosweps/lua/weapons/superman/shared.lua:227
   2. include - [C]:-1
    3. unknown - addons/superherosweps/lua/weapons/superman/init.lua:3


L 10/27/2018 - 19:28:54: Lua Error: 
[ERROR] addons/superherosweps/lua/weapons/superman/shared.lua:226: attempt to compare nil with number
  1. unknown - addons/superherosweps/lua/weapons/superman/shared.lua:226


L 10/27/2018 - 19:28:54: Lua Error: 
[ERROR] addons/superherosweps/lua/weapons/superman/shared.lua:226: attempt to compare nil with number
  1. unknown - addons/superherosweps/lua/weapons/superman/shared.lua:226


L 10/27/2018 - 19:28:54: Lua Error: 
[ERROR] addons/superherosweps/lua/weapons/superman/shared.lua:226: attempt to compare nil with number
  1. unknown - addons/superherosweps/lua/weapons/superman/shared.lua:226


L 10/27/2018 - 19:28:54: Lua Error: 
[ERROR] addons/superherosweps/lua/weapons/superman/shared.lua:226: attempt to compare nil with number
  1. unknown - addons/superherosweps/lua/weapons/superman/shared.lua:226


L 10/27/2018 - 19:28:54: Lua Error: 
[ERROR] addons/superherosweps/lua/weapons/superman/shared.lua:226: attempt to compare nil with number
  1. unknown - addons/superherosweps/lua/weapons/superman/shared.lua:226


L 10/27/2018 - 19:28:54: Lua Error: 
[ERROR] addons/superherosweps/lua/weapons/superman/shared.lua:226: attempt to compare nil with number
  1. unknown - addons/superherosweps/lua/weapons/superman/shared.lua:226


L 10/27/2018 - 19:28:54: Lua Error: 
[ERROR] addons/superherosweps/lua/weapons/superman/shared.lua:226: attempt to compare nil with number
  1. unknown - addons/superherosweps/lua/weapons/superman/shared.lua:226


L 10/27/2018 - 19:28:54: Lua Error: 
[ERROR] addons/superherosweps/lua/weapons/superman/shared.lua:226: attempt to compare nil with number
  1. unknown - addons/superherosweps/lua/weapons/superman/shared.lua:226


L 10/27/2018 - 19:28:54: Lua Error: 
[ERROR] addons/superherosweps/lua/weapons/superman/shared.lua:226: attempt to compare nil with number
  1. unknown - addons/superherosweps/lua/weapons/superman/shared.lua:226


L 10/27/2018 - 19:28:54: Lua Error: 
[ERROR] addons/superherosweps/lua/weapons/superman/shared.lua:226: attempt to compare nil with number
  1. unknown - addons/superherosweps/lua/weapons/superman/shared.lua:226


L 10/27/2018 - 19:28:54: Lua Error: 
[ERROR] addons/superherosweps/lua/weapons/superman/shared.lua:226: attempt to compare nil with number
  1. unknown - addons/superherosweps/lua/weapons/superman/shared.lua:226


L 10/27/2018 - 19:28:54: Lua Error: 
[ERROR] addons/superherosweps/lua/weapons/superman/shared.lua:226: attempt to compare nil with number
  1. unknown - addons/superherosweps/lua/weapons/superman/shared.lua:226


L 10/27/2018 - 19:28:54: Lua Error: 
[ERROR] addons/superherosweps/lua/weapons/superman/shared.lua:226: attempt to compare nil with number
  1. unknown - addons/superherosweps/lua/weapons/superman/shared.lua:226


L 10/27/2018 - 19:28:54: Lua Error: 
[ERROR] addons/superherosweps/lua/weapons/superman/shared.lua:226: attempt to compare nil with number
  1. unknown - addons/superherosweps/lua/weapons/superman/shared.lua:226


L 10/27/2018 - 19:28:54: Lua Error: 
[ERROR] addons/superherosweps/lua/weapons/superman/shared.lua:226: attempt to compare nil with number
  1. unknown - addons/superherosweps/lua/weapons/superman/shared.lua:226


L 10/27/2018 - 19:28:56: Lua Error: 
[ERROR] addons/superherosweps/lua/weapons/superman/shared.lua:226: attempt to compare nil with number
  1. unknown - addons/superherosweps/lua/weapons/superman/shared.lua:226


L 10/27/2018 - 19:28:56: Lua Error: 
[ERROR] addons/superherosweps/lua/weapons/superman/shared.lua:226: attempt to compare nil with number
  1. unknown - addons/superherosweps/lua/weapons/superman/shared.lua:226


L 10/27/2018 - 19:28:56: Lua Error: 
[ERROR] addons/superherosweps/lua/weapons/superman/shared.lua:226: attempt to compare nil with number
  1. unknown - addons/superherosweps/lua/weapons/superman/shared.lua:226


L 10/27/2018 - 19:28:56: Lua Error: 
[ERROR] addons/superherosweps/lua/weapons/superman/shared.lua:226: attempt to compare nil with number
  1. unknown - addons/superherosweps/lua/weapons/superman/shared.lua:226


L 10/27/2018 - 19:28:56: Lua Error: 
[ERROR] addons/superherosweps/lua/weapons/superman/shared.lua:226: attempt to compare nil with number
  1. unknown - addons/superherosweps/lua/weapons/superman/shared.lua:226


L 10/27/2018 - 19:28:56: Lua Error: 
[ERROR] addons/superherosweps/lua/weapons/superman/shared.lua:226: attempt to compare nil with number
  1. unknown - addons/superherosweps/lua/weapons/superman/shared.lua:226


L 10/27/2018 - 19:28:56: Lua Error: 
[ERROR] addons/superherosweps/lua/weapons/superman/shared.lua:226: attempt to compare nil with number
  1. unknown - addons/superherosweps/lua/weapons/superman/shared.lua:226


L 10/27/2018 - 19:28:56: Lua Error: 
[ERROR] addons/superherosweps/lua/weapons/superman/shared.lua:226: attempt to compare nil with number
  1. unknown - addons/superherosweps/lua/weapons/superman/shared.lua:226


L 10/27/2018 - 19:28:56: Lua Error: 
[ERROR] addons/superherosweps/lua/weapons/superman/shared.lua:226: attempt to compare nil with number
  1. unknown - addons/superherosweps/lua/weapons/superman/shared.lua:226


L 10/27/2018 - 19:28:56: Lua Error: 
[ERROR] addons/superherosweps/lua/weapons/superman/shared.lua:226: attempt to compare nil with number
  1. unknown - addons/superherosweps/lua/weapons/superman/shared.lua:226


L 10/27/2018 - 19:28:56: Lua Error: 
[ERROR] addons/superherosweps/lua/weapons/superman/shared.lua:226: attempt to compare nil with number
  1. unknown - addons/superherosweps/lua/weapons/superman/shared.lua:226


L 10/27/2018 - 19:28:56: Lua Error: 
[ERROR] addons/superherosweps/lua/weapons/superman/shared.lua:226: attempt to compare nil with number
  1. unknown - addons/superherosweps/lua/weapons/superman/shared.lua:226


L 10/27/2018 - 19:28:56: Lua Error: 
[ERROR] addons/superherosweps/lua/weapons/superman/shared.lua:226: attempt to compare nil with number
  1. unknown - addons/superherosweps/lua/weapons/superman/shared.lua:226


L 10/27/2018 - 19:28:56: Lua Error: 
[ERROR] addons/superherosweps/lua/weapons/superman/shared.lua:226: attempt to compare nil with number
  1. unknown - addons/superherosweps/lua/weapons/superman/shared.lua:226


L 10/27/2018 - 19:28:56: Lua Error: 
[ERROR] addons/superherosweps/lua/weapons/superman/shared.lua:226: attempt to compare nil with number
  1. unknown - addons/superherosweps/lua/weapons/superman/shared.lua:226


L 10/27/2018 - 19:28:56: Lua Error: 
[ERROR] addons/superherosweps/lua/weapons/superman/shared.lua:226: attempt to compare nil with number
  1. unknown - addons/superherosweps/lua/weapons/superman/shared.lua:226


L 10/27/2018 - 19:28:56: Lua Error: 
[ERROR] addons/superherosweps/lua/weapons/superman/shared.lua:226: attempt to compare nil with number
  1. unknown - addons/superherosweps/lua/weapons/superman/shared.lua:226


L 10/27/2018 - 19:28:56: Lua Error: 
[ERROR] addons/superherosweps/lua/weapons/superman/shared.lua:226: attempt to compare nil with number
  1. unknown - addons/superherosweps/lua/weapons/superman/shared.lua:226


L 10/27/2018 - 19:28:56: Lua Error: 
[ERROR] addons/superherosweps/lua/weapons/superman/shared.lua:226: attempt to compare nil with number
  1. unknown - addons/superherosweps/lua/weapons/superman/shared.lua:226


L 10/27/2018 - 19:28:56: Lua Error: 
[ERROR] addons/superherosweps/lua/weapons/superman/shared.lua:226: attempt to compare nil with number
  1. unknown - addons/superherosweps/lua/weapons/superman/shared.lua:226


L 10/27/2018 - 19:28:56: Lua Error: 
[ERROR] addons/superherosweps/lua/weapons/superman/shared.lua:226: attempt to compare nil with number
  1. unknown - addons/superherosweps/lua/weapons/superman/shared.lua:226


L 10/27/2018 - 19:28:56: Lua Error: 
[ERROR] addons/superherosweps/lua/weapons/superman/shared.lua:226: attempt to compare nil with number
  1. unknown - addons/superherosweps/lua/weapons/superman/shared.lua:226


L 10/27/2018 - 19:28:56: Lua Error: 
[ERROR] addons/superherosweps/lua/weapons/superman/shared.lua:226: attempt to compare nil with number
  1. unknown - addons/superherosweps/lua/weapons/superman/shared.lua:226


L 10/27/2018 - 19:28:56: Lua Error: 
[ERROR] addons/superherosweps/lua/weapons/superman/shared.lua:226: attempt to compare nil with number
  1. unknown - addons/superherosweps/lua/weapons/superman/shared.lua:226


L 10/27/2018 - 19:28:56: Lua Error: 
[ERROR] addons/superherosweps/lua/weapons/superman/shared.lua:226: attempt to compare nil with number
  1. unknown - addons/superherosweps/lua/weapons/superman/shared.lua:226


L 10/27/2018 - 19:28:56: Lua Error: 
[ERROR] addons/superherosweps/lua/weapons/superman/shared.lua:226: attempt to compare nil with number
  1. unknown - addons/superherosweps/lua/weapons/superman/shared.lua:226


L 10/27/2018 - 19:28:56: Lua Error: 
[ERROR] addons/superherosweps/lua/weapons/superman/shared.lua:226: attempt to compare nil with number
  1. unknown - addons/superherosweps/lua/weapons/superman/shared.lua:226


L 10/27/2018 - 19:28:56: Lua Error: 
[ERROR] addons/superherosweps/lua/weapons/superman/shared.lua:226: attempt to compare nil with number
  1. unknown - addons/superherosweps/lua/weapons/superman/shared.lua:226


L 10/27/2018 - 19:28:56: Lua Error: 
[ERROR] addons/superherosweps/lua/weapons/superman/shared.lua:226: attempt to compare nil with number
  1. unknown - addons/superherosweps/lua/weapons/superman/shared.lua:226


L 10/27/2018 - 19:28:56: Lua Error: 
[ERROR] addons/superherosweps/lua/weapons/superman/shared.lua:226: attempt to compare nil with number
  1. unknown - addons/superherosweps/lua/weapons/superman/shared.lua:226


L 10/27/2018 - 19:28:56: Lua Error: 
[ERROR] addons/superherosweps/lua/weapons/superman/shared.lua:226: attempt to compare nil with number
  1. unknown - addons/superherosweps/lua/weapons/superman/shared.lua:226


L 10/27/2018 - 19:28:57: Lua Error: 
[ERROR] addons/superherosweps/lua/weapons/superman/shared.lua:226: attempt to compare nil with number
  1. unknown - addons/superherosweps/lua/weapons/superman/shared.lua:226


L 10/27/2018 - 19:28:57: Lua Error: 
[ERROR] addons/superherosweps/lua/weapons/superman/shared.lua:226: attempt to compare nil with number
  1. unknown - addons/superherosweps/lua/weapons/superman/shared.lua:226


L 10/27/2018 - 19:28:57: Lua Error: 
[ERROR] addons/superherosweps/lua/weapons/superman/shared.lua:226: attempt to compare nil with number
  1. unknown - addons/superherosweps/lua/weapons/superman/shared.lua:226


L 10/27/2018 - 19:28:57: Lua Error: 
[ERROR] addons/superherosweps/lua/weapons/superman/shared.lua:226: attempt to compare nil with number
  1. unknown - addons/superherosweps/lua/weapons/superman/shared.lua:226


L 10/27/2018 - 19:28:57: Lua Error: 
[ERROR] addons/superherosweps/lua/weapons/superman/shared.lua:226: attempt to compare nil with number
  1. unknown - addons/superherosweps/lua/weapons/superman/shared.lua:226


L 10/27/2018 - 19:28:57: Lua Error: 
[ERROR] addons/superherosweps/lua/weapons/superman/shared.lua:226: attempt to compare nil with number
  1. unknown - addons/superherosweps/lua/weapons/superman/shared.lua:226


L 10/27/2018 - 19:28:57: Lua Error: 
[ERROR] addons/superherosweps/lua/weapons/superman/shared.lua:226: attempt to compare nil with number
  1. unknown - addons/superherosweps/lua/weapons/superman/shared.lua:226


L 10/27/2018 - 19:28:57: Lua Error: 
[ERROR] addons/superherosweps/lua/weapons/superman/shared.lua:226: attempt to compare nil with number
  1. unknown - addons/superherosweps/lua/weapons/superman/shared.lua:226


L 10/27/2018 - 19:28:57: Lua Error: 
[ERROR] addons/superherosweps/lua/weapons/superman/shared.lua:226: attempt to compare nil with number
  1. unknown - addons/superherosweps/lua/weapons/superman/shared.lua:226


L 10/27/2018 - 19:28:57: Lua Error: 
[ERROR] addons/superherosweps/lua/weapons/superman/shared.lua:226: attempt to compare nil with number
  1. unknown - addons/superherosweps/lua/weapons/superman/shared.lua:226


L 10/27/2018 - 19:28:57: Lua Error: 
[ERROR] addons/superherosweps/lua/weapons/superman/shared.lua:226: attempt to compare nil with number
  1. unknown - addons/superherosweps/lua/weapons/superman/shared.lua:226


L 10/27/2018 - 19:28:57: Lua Error: 
[ERROR] addons/superherosweps/lua/weapons/superman/shared.lua:226: attempt to compare nil with number
  1. unknown - addons/superherosweps/lua/weapons/superman/shared.lua:226


L 10/27/2018 - 19:28:57: Lua Error: 
[ERROR] addons/superherosweps/lua/weapons/superman/shared.lua:226: attempt to compare nil with number
  1. unknown - addons/superherosweps/lua/weapons/superman/shared.lua:226


L 10/27/2018 - 19:28:57: Lua Error: 
[ERROR] addons/superherosweps/lua/weapons/superman/shared.lua:226: attempt to compare nil with number
  1. unknown - addons/superherosweps/lua/weapons/superman/shared.lua:226


L 10/27/2018 - 19:28:57: Lua Error: 
[ERROR] addons/superherosweps/lua/weapons/superman/shared.lua:226: attempt to compare nil with number
  1. unknown - addons/superherosweps/lua/weapons/superman/shared.lua:226


L 10/27/2018 - 19:28:57: Lua Error: 
[ERROR] addons/superherosweps/lua/weapons/superman/shared.lua:226: attempt to compare nil with number
  1. unknown - addons/superherosweps/lua/weapons/superman/shared.lua:226


L 10/27/2018 - 19:28:57: Lua Error: 
[ERROR] addons/superherosweps/lua/weapons/superman/shared.lua:226: attempt to compare nil with number
  1. unknown - addons/superherosweps/lua/weapons/superman/shared.lua:226


L 10/27/2018 - 19:29:34: Lua Error: 
[ERROR] addons/superherosweps/lua/weapons/superman/shared.lua:226: attempt to compare nil with number
  1. unknown - addons/superherosweps/lua/weapons/superman/shared.lua:226


L 10/27/2018 - 19:29:34: Lua Error: 
[ERROR] addons/superherosweps/lua/weapons/superman/shared.lua:226: attempt to compare nil with number
  1. unknown - addons/superherosweps/lua/weapons/superman/shared.lua:226


L 10/27/2018 - 19:29:34: Lua Error: 
[ERROR] addons/superherosweps/lua/weapons/superman/shared.lua:226: attempt to compare nil with number
  1. unknown - addons/superherosweps/lua/weapons/superman/shared.lua:226


L 10/27/2018 - 19:29:34: Lua Error: 
[ERROR] addons/superherosweps/lua/weapons/superman/shared.lua:226: attempt to compare nil with number
  1. unknown - addons/superherosweps/lua/weapons/superman/shared.lua:226


L 10/27/2018 - 19:29:34: Lua Error: 
[ERROR] addons/superherosweps/lua/weapons/superman/shared.lua:226: attempt to compare nil with number
  1. unknown - addons/superherosweps/lua/weapons/superman/shared.lua:226


L 10/27/2018 - 19:29:34: Lua Error: 
[ERROR] addons/superherosweps/lua/weapons/superman/shared.lua:226: attempt to compare nil with number
  1. unknown - addons/superherosweps/lua/weapons/superman/shared.lua:226


L 10/27/2018 - 19:29:34: Lua Error: 
[ERROR] addons/superherosweps/lua/weapons/superman/shared.lua:226: attempt to compare nil with number
  1. unknown - addons/superherosweps/lua/weapons/superman/shared.lua:226


L 10/27/2018 - 19:29:34: Lua Error: 
[ERROR] addons/superherosweps/lua/weapons/superman/shared.lua:226: attempt to compare nil with number
  1. unknown - addons/superherosweps/lua/weapons/superman/shared.lua:226


L 10/27/2018 - 19:30:26: "DidVaitel<4><STEAM_0:1:74202541><>" disconnected (reason "Server shutting down")
L 10/27/2018 - 19:30:26: server_message: "quit"
L 10/27/2018 - 19:30:26: Log file closed.
