L 10/20/2019 - 19:00:46: Log file started (file "logs\L1020030.log") (game "F:\sup\steamapps\common\GarrysModDS\garrysmod") (version "7517")
L 10/20/2019 - 19:00:46: server_cvar: "sv_alltalk" "3"
L 10/20/2019 - 19:01:04: "DidVaitel<2><STEAM_0:1:74202541><>" entered the game
L 10/20/2019 - 19:01:11: "eLeCtrOssSnake<3><STEAM_0:1:164666257><>" entered the game
L 10/20/2019 - 19:01:43: Round proper has begun...
L 10/20/2019 - 19:02:19: 00:35.72 - DMG: 	 DidVaitel [innocent] damaged eLeCtrOssSnake [traitor] for 7 dmg
L 10/20/2019 - 19:02:19: 00:35.79 - DMG: 	 DidVaitel [innocent] damaged eLeCtrOssSnake [traitor] for 4 dmg
L 10/20/2019 - 19:02:19: 00:35.90 - DMG: 	 DidVaitel [innocent] damaged eLeCtrOssSnake [traitor] for 7 dmg
L 10/20/2019 - 19:02:19: 00:35.97 - DMG: 	 DidVaitel [innocent] damaged eLeCtrOssSnake [traitor] for 7 dmg
L 10/20/2019 - 19:02:19: 00:36.03 - DMG: 	 DidVaitel [innocent] damaged eLeCtrOssSnake [traitor] for 7 dmg
L 10/20/2019 - 19:02:20: 00:36.09 - DMG: 	 DidVaitel [innocent] damaged eLeCtrOssSnake [traitor] for 7 dmg
L 10/20/2019 - 19:02:20: 00:36.19 - DMG: 	 DidVaitel [innocent] damaged eLeCtrOssSnake [traitor] for 4 dmg
L 10/20/2019 - 19:02:20: 00:36.47 - DMG: 	 DidVaitel [innocent] damaged eLeCtrOssSnake [traitor] for 4 dmg
L 10/20/2019 - 19:02:21: 00:37.83 - DMG: 	 eLeCtrOssSnake [traitor] damaged DidVaitel [innocent] for 23 dmg
L 10/20/2019 - 19:02:22: 00:38.16 - DMG: 	 eLeCtrOssSnake [traitor] damaged DidVaitel [innocent] for 13 dmg
L 10/20/2019 - 19:02:22: 00:38.41 - DMG: 	 DidVaitel [innocent] damaged eLeCtrOssSnake [traitor] for 7 dmg
L 10/20/2019 - 19:02:22: 00:38.72 - DMG: 	 DidVaitel [innocent] damaged eLeCtrOssSnake [traitor] for 7 dmg
L 10/20/2019 - 19:02:22: 00:38.92 - DMG: 	 eLeCtrOssSnake [traitor] damaged DidVaitel [innocent] for 23 dmg
L 10/20/2019 - 19:02:22: 00:38.92 - DMG: 	 eLeCtrOssSnake [traitor] damaged DidVaitel [innocent] for 23 dmg
L 10/20/2019 - 19:02:24: 00:40.44 - DMG: 	 eLeCtrOssSnake [traitor] damaged DidVaitel [innocent] for 7 dmg
L 10/20/2019 - 19:02:26: 00:43.11 - KILL:	 <something/world> killed DidVaitel [innocent]
L 10/20/2019 - 19:02:27: Round ended.
L 10/20/2019 - 19:02:27: Result: traitors win.
L 10/20/2019 - 19:02:50: Round proper has begun...
L 10/20/2019 - 19:03:41: 00:51.17 - DMG: 	 DidVaitel [traitor] damaged eLeCtrOssSnake [innocent] for 13 dmg
L 10/20/2019 - 19:03:42: 00:51.97 - DMG: 	 DidVaitel [traitor] damaged eLeCtrOssSnake [innocent] for 13 dmg
L 10/20/2019 - 19:03:43: 00:53.19 - DMG: 	 DidVaitel [traitor] damaged eLeCtrOssSnake [innocent] for 13 dmg
L 10/20/2019 - 19:03:44: 00:53.59 - DMG: 	 DidVaitel [traitor] damaged eLeCtrOssSnake [innocent] for 89 dmg
L 10/20/2019 - 19:03:44: 00:53.59 - KILL:	 DidVaitel [traitor] killed eLeCtrOssSnake [innocent]
L 10/20/2019 - 19:03:44: Round ended.
L 10/20/2019 - 19:03:44: Result: traitors win.
L 10/20/2019 - 19:04:07: Round proper has begun...
L 10/20/2019 - 19:04:31: 00:24.34 - DMG: 	 eLeCtrOssSnake [innocent] damaged DidVaitel [traitor] for 5 dmg
L 10/20/2019 - 19:04:55: 00:49.08 - KILL:	 <something/world> killed DidVaitel [traitor]
L 10/20/2019 - 19:04:56: Round ended.
L 10/20/2019 - 19:04:56: Result: innocent win.
L 10/20/2019 - 19:05:18: Round proper has begun...
L 10/20/2019 - 19:05:51: 00:32.82 - DMG: 	 eLeCtrOssSnake [traitor] damaged DidVaitel [innocent] for 125 dmg
L 10/20/2019 - 19:05:51: 00:32.82 - KILL:	 eLeCtrOssSnake [traitor] killed DidVaitel [innocent]
L 10/20/2019 - 19:05:51: Round ended.
L 10/20/2019 - 19:05:51: Result: traitors win.
L 10/20/2019 - 19:06:14: Round proper has begun...
L 10/20/2019 - 19:06:32: Lua Error: 
[ERROR] addons/unnamed_guns/lua/weapons/weapon_ttt_boombody.lua:208: attempt to index global 'corpses' (a nil value)
  1. SpawnExplosiveBody - addons/unnamed_guns/lua/weapons/weapon_ttt_boombody.lua:208
   2. oldprimary - addons/unnamed_guns/lua/weapons/weapon_ttt_boombody.lua:86
    3. unknown - addons/tttdamagelogs/lua/damagelogs/server/damageinfos.lua:55


L 10/20/2019 - 19:06:47: 00:33.71 - DMG: 	 eLeCtrOssSnake [traitor] damaged DidVaitel [innocent] for 9 dmg
L 10/20/2019 - 19:06:47: 00:33.81 - DMG: 	 eLeCtrOssSnake [traitor] damaged DidVaitel [innocent] for 95 dmg
L 10/20/2019 - 19:06:47: 00:33.81 - KILL:	 eLeCtrOssSnake [traitor] killed DidVaitel [innocent]
L 10/20/2019 - 19:06:48: Round ended.
L 10/20/2019 - 19:06:48: Result: traitors win.
L 10/20/2019 - 19:07:10: Round proper has begun...
L 10/20/2019 - 19:07:14: 00:03.49 - DMG: 	 eLeCtrOssSnake [innocent] damaged DidVaitel [traitor] for 22 dmg
L 10/20/2019 - 19:07:14: 00:03.73 - DMG: 	 eLeCtrOssSnake [innocent] damaged DidVaitel [traitor] for 22 dmg
L 10/20/2019 - 19:07:14: 00:03.93 - DMG: 	 eLeCtrOssSnake [innocent] damaged DidVaitel [traitor] for 11 dmg
L 10/20/2019 - 19:07:14: 00:04.12 - DMG: 	 eLeCtrOssSnake [innocent] damaged DidVaitel [traitor] for 11 dmg
L 10/20/2019 - 19:07:14: 00:04.23 - DMG: 	 eLeCtrOssSnake [innocent] damaged DidVaitel [traitor] for 6 dmg
L 10/20/2019 - 19:07:15: 00:04.64 - DMG: 	 eLeCtrOssSnake [innocent] damaged DidVaitel [traitor] for 11 dmg
L 10/20/2019 - 19:07:15: 00:04.96 - DMG: 	 eLeCtrOssSnake [innocent] damaged DidVaitel [traitor] for 6 dmg
L 10/20/2019 - 19:07:50: 00:39.54 - DMG: 	 eLeCtrOssSnake [innocent] damaged DidVaitel [traitor] for 203 dmg
L 10/20/2019 - 19:07:50: 00:39.54 - KILL:	 eLeCtrOssSnake [innocent] killed DidVaitel [traitor]
L 10/20/2019 - 19:07:50: Round ended.
L 10/20/2019 - 19:07:50: Result: innocent win.
L 10/20/2019 - 19:08:25: Log file closed.
