L 10/29/2018 - 17:32:34: Log file started (file "logs\L1029002.log") (game "F:\sup\steamapps\common\GarrysModDS\garrysmod") (version "7270")
L 10/29/2018 - 17:32:34: server_cvar: "sv_alltalk" "3"
L 10/29/2018 - 17:32:34: server_cvar: "sv_allowcslua" "1"
L 10/29/2018 - 17:32:34: server_cvar: "sv_airaccelerate" "1000"
L 10/29/2018 - 17:32:34: server_cvar: "sv_alltalk" "0"
L 10/29/2018 - 17:32:36: Connection to Steam servers successful.
L 10/29/2018 - 17:32:36:    Public IP is 31.130.42.81.
L 10/29/2018 - 17:32:36: Assigned anonymous gameserver Steam ID [A-1:2277560327(11302)].
L 10/29/2018 - 17:32:36: VAC secure mode is activated.
L 10/29/2018 - 17:32:43: "DidVaitel<2><STEAM_0:1:74202541><>" connected, address "192.168.1.100:27006"
L 10/29/2018 - 17:32:44: "DidVaitel<2><STEAM_0:1:74202541><>" STEAM USERID validated
L 10/29/2018 - 17:33:07: [FAdmin] DidVaitel (STEAM_0:1:74202541) is Authed
L 10/29/2018 - 17:33:07: [FAdmin] DidVaitel (STEAM_0:1:74202541) Spawned for the first time
L 10/29/2018 - 17:33:07: [FAdmin] DidVaitel (STEAM_0:1:74202541) Spawned
L 10/29/2018 - 17:33:07: "DidVaitel<2><STEAM_0:1:74202541><>" entered the game
L 10/29/2018 - 17:33:07: [FAdmin] DidVaitel (STEAM_0:1:74202541) Attempted to pick up a keys
L 10/29/2018 - 17:33:07: [FAdmin] DidVaitel (STEAM_0:1:74202541) Attempted to pick up a weapon_physcannon
L 10/29/2018 - 17:33:07: [FAdmin] DidVaitel (STEAM_0:1:74202541) Attempted to pick up a gmod_camera
L 10/29/2018 - 17:33:07: [FAdmin] DidVaitel (STEAM_0:1:74202541) Attempted to pick up a gmod_tool
L 10/29/2018 - 17:33:07: [FAdmin] DidVaitel (STEAM_0:1:74202541) Attempted to pick up a pocket
L 10/29/2018 - 17:33:07: [FAdmin] DidVaitel (STEAM_0:1:74202541) Attempted to pick up a weapon_physgun
L 10/29/2018 - 17:33:07: [FAdmin] DidVaitel (STEAM_0:1:74202541) Attempted to pick up a weapon_keypadchecker
L 10/29/2018 - 17:33:07: [FAdmin] DidVaitel (STEAM_0:1:74202541) Attempted to pick up a door_ram
L 10/29/2018 - 17:33:07: [FAdmin] DidVaitel (STEAM_0:1:74202541) Attempted to pick up a arrest_stick
L 10/29/2018 - 17:33:07: [FAdmin] DidVaitel (STEAM_0:1:74202541) Attempted to pick up a unarrest_stick
L 10/29/2018 - 17:33:07: [FAdmin] DidVaitel (STEAM_0:1:74202541) Attempted to pick up a stunstick
L 10/29/2018 - 17:33:07: [FAdmin] DidVaitel (STEAM_0:1:74202541) Attempted to pick up a weaponchecker
L 10/29/2018 - 17:35:16: [FAdmin] DidVaitel (STEAM_0:1:74202541) Gave himself a weapon_iron_man
L 10/29/2018 - 17:35:16: Lua Error: 
[ERROR] addons/ggg2/lua/weapons/weapon_iron_man/shared.lua:222: attempt to index global 'origModels' (a nil value)
  1. unknown - addons/ggg2/lua/weapons/weapon_iron_man/shared.lua:222
   2. SelectWeapon - [C]:-1
    3. unknown - gamemodes/sandbox/gamemode/commands.lua:752
     4. unknown - lua/includes/modules/concommand.lua:54


L 10/29/2018 - 17:35:16: [FAdmin] DidVaitel (STEAM_0:1:74202541) Attempted to pick up a weapon_iron_man
L 10/29/2018 - 17:35:45: [FAdmin] DidVaitel (STEAM_0:1:74202541) Attempted to use tool camera
L 10/29/2018 - 17:35:49: Lua Error: 
[ERROR] addons/ggg2/lua/weapons/weapon_iron_man/shared.lua:222: attempt to index global 'origModels' (a nil value)
  1. unknown - addons/ggg2/lua/weapons/weapon_iron_man/shared.lua:222


L 10/29/2018 - 17:36:20: [FAdmin] DidVaitel (STEAM_0:1:74202541) Attempted to switch noclip
L 10/29/2018 - 17:36:59: [FAdmin] DidVaitel (STEAM_0:1:74202541) Attempted to switch noclip
L 10/29/2018 - 17:37:47: [FAdmin] DidVaitel (STEAM_0:1:74202541) Spawned a wt_rocketboots_15sec
L 10/29/2018 - 17:37:47: [ULX] DidVaitel<STEAM_0:1:74202541> spawned sent wt_rocketboots_15sec
L 10/29/2018 - 17:38:06: [FAdmin] DidVaitel (STEAM_0:1:74202541) Spawned a wt_rocketboots
L 10/29/2018 - 17:38:06: [ULX] DidVaitel<STEAM_0:1:74202541> spawned sent wt_rocketboots
L 10/29/2018 - 17:38:17: [FAdmin] DidVaitel (STEAM_0:1:74202541) Attempted to switch noclip
L 10/29/2018 - 17:38:19: [FAdmin] DidVaitel (STEAM_0:1:74202541) Attempted to switch noclip
L 10/29/2018 - 17:47:06: [FAdmin] Server succesfully shut down.
L 10/29/2018 - 17:47:06: [FAdmin] prop_physics(models/props/de_nuke/handtruck.mdl) Got removed
L 10/29/2018 - 17:47:06: [FAdmin] prop_physics(models/props_c17/door01_left.mdl) Got removed
L 10/29/2018 - 17:47:06: [FAdmin] prop_physics(models/props_c17/door01_left.mdl) Got removed
L 10/29/2018 - 17:47:06: [FAdmin] prop_physics(models/props_c17/door01_left.mdl) Got removed
L 10/29/2018 - 17:47:06: [FAdmin] prop_physics(models/props_c17/door01_left.mdl) Got removed
L 10/29/2018 - 17:47:06: [FAdmin] prop_physics(models/props_c17/door01_left.mdl) Got removed
L 10/29/2018 - 17:47:06: [FAdmin] prop_physics(models/props_c17/door01_left.mdl) Got removed
L 10/29/2018 - 17:47:06: [FAdmin] prop_physics(models/props_junk/pushcart01a.mdl) Got removed
L 10/29/2018 - 17:47:06: [FAdmin] prop_physics(models/props/de_nuke/handtruck.mdl) Got removed
L 10/29/2018 - 17:47:06: [FAdmin] prop_physics(models/props_c17/door01_left.mdl) Got removed
L 10/29/2018 - 17:47:06: [FAdmin] prop_physics(models/props_c17/door01_left.mdl) Got removed
L 10/29/2018 - 17:47:06: [FAdmin] prop_physics(models/props_junk/wood_crate001a_damaged.mdl) Got removed
L 10/29/2018 - 17:47:06: [FAdmin] prop_physics(models/props_junk/wood_crate001a_damaged.mdl) Got removed
L 10/29/2018 - 17:47:06: [FAdmin] prop_physics(models/props_junk/wood_crate001a_damaged.mdl) Got removed
L 10/29/2018 - 17:47:06: [FAdmin] prop_physics(models/props_junk/wood_crate001a_damaged.mdl) Got removed
L 10/29/2018 - 17:47:06: [FAdmin] prop_physics(models/props_junk/wood_crate001a_damaged.mdl) Got removed
L 10/29/2018 - 17:47:06: Lua Error: 
[ERROR] addons/ggg2/lua/weapons/weapon_iron_man/shared.lua:388: attempt to index global 'origModels' (a nil value)
  1. unknown - addons/ggg2/lua/weapons/weapon_iron_man/shared.lua:388


L 10/29/2018 - 17:47:06: "DidVaitel<2><STEAM_0:1:74202541><>" disconnected (reason "Server shutting down")
L 10/29/2018 - 17:47:06: server_message: "quit"
L 10/29/2018 - 17:47:06: Log file closed.
