L 10/21/2018 - 08:55:18: Log file started (file "logs\L1021008.log") (game "F:\sup\steamapps\common\GarrysModDS\garrysmod") (version "7270")
L 10/21/2018 - 08:55:18: server_cvar: "sv_alltalk" "3"
L 10/21/2018 - 08:55:18: server_cvar: "sv_allowcslua" "1"
L 10/21/2018 - 08:55:18: server_cvar: "sv_airaccelerate" "1000"
L 10/21/2018 - 08:55:18: server_cvar: "sv_alltalk" "0"
L 10/21/2018 - 08:55:19: Connection to Steam servers successful.
L 10/21/2018 - 08:55:19:    Public IP is 31.130.42.81.
L 10/21/2018 - 08:55:19: Assigned anonymous gameserver Steam ID [A-1:3425650691(11258)].
L 10/21/2018 - 08:55:20: VAC secure mode is activated.
L 10/21/2018 - 08:55:23: "DidVaitel<2><STEAM_0:1:74202541><>" connected, address "192.168.1.102:27006"
L 10/21/2018 - 08:55:23: "DidVaitel<2><STEAM_0:1:74202541><>" STEAM USERID validated
L 10/21/2018 - 08:55:30: [FAdmin] DidVaitel (STEAM_0:1:74202541) is Authed
L 10/21/2018 - 08:55:30: [FAdmin] DidVaitel (STEAM_0:1:74202541) Spawned for the first time
L 10/21/2018 - 08:55:30: [FAdmin] DidVaitel (STEAM_0:1:74202541) Spawned
L 10/21/2018 - 08:55:30: "DidVaitel<2><STEAM_0:1:74202541><>" entered the game
L 10/21/2018 - 08:55:30: [FAdmin] DidVaitel (STEAM_0:1:74202541) Attempted to pick up a keys
L 10/21/2018 - 08:55:30: [FAdmin] DidVaitel (STEAM_0:1:74202541) Attempted to pick up a weapon_physcannon
L 10/21/2018 - 08:55:30: [FAdmin] DidVaitel (STEAM_0:1:74202541) Attempted to pick up a gmod_camera
L 10/21/2018 - 08:55:30: [FAdmin] DidVaitel (STEAM_0:1:74202541) Attempted to pick up a gmod_tool
L 10/21/2018 - 08:55:30: [FAdmin] DidVaitel (STEAM_0:1:74202541) Attempted to pick up a pocket
L 10/21/2018 - 08:55:30: [FAdmin] DidVaitel (STEAM_0:1:74202541) Attempted to pick up a weapon_physgun
L 10/21/2018 - 08:55:30: [FAdmin] DidVaitel (STEAM_0:1:74202541) Attempted to pick up a weapon_keypadchecker
L 10/21/2018 - 08:55:30: [FAdmin] DidVaitel (STEAM_0:1:74202541) Attempted to pick up a door_ram
L 10/21/2018 - 08:55:30: [FAdmin] DidVaitel (STEAM_0:1:74202541) Attempted to pick up a arrest_stick
L 10/21/2018 - 08:55:30: [FAdmin] DidVaitel (STEAM_0:1:74202541) Attempted to pick up a unarrest_stick
L 10/21/2018 - 08:55:30: [FAdmin] DidVaitel (STEAM_0:1:74202541) Attempted to pick up a stunstick
L 10/21/2018 - 08:55:30: [FAdmin] DidVaitel (STEAM_0:1:74202541) Attempted to pick up a weaponchecker
L 10/21/2018 - 08:56:18: "DidVaitel<2><STEAM_0:1:74202541><Citizen>" say "!menu"

L 10/21/2018 - 08:57:03: Lua Error: 
[ERROR] addons/gvuti/lua/ulx/modules/sh/gvuti_commands.lua:40: attempt to index global 'target_ply' (a nil value)
  1. call - addons/gvuti/lua/ulx/modules/sh/gvuti_commands.lua:40
   2. __fn - addons/ulxulib/lua/ulib/shared/commands.lua:943
    3. execute - addons/ulxulib/lua/ulib/shared/commands.lua:1323
     4. unknown - addons/ulxulib/lua/ulib/shared/commands.lua:1351
      5. Run - lua/includes/modules/concommand.lua:54
       6. unknown - addons/ulxulib/lua/ulib/shared/commands.lua:1365
        7. unknown - lua/includes/modules/concommand.lua:54


L 10/21/2018 - 08:57:31: "DidVaitel<2><STEAM_0:1:74202541><Citizen>" say "!menu"

L 10/21/2018 - 08:57:32: Lua Error: 
[ERROR] addons/gvuti/lua/ulx/modules/sh/gvuti_commands.lua:40: attempt to index global 'target_ply' (a nil value)
  1. call - addons/gvuti/lua/ulx/modules/sh/gvuti_commands.lua:40
   2. __fn - addons/ulxulib/lua/ulib/shared/commands.lua:943
    3. execute - addons/ulxulib/lua/ulib/shared/commands.lua:1323
     4. unknown - addons/ulxulib/lua/ulib/shared/commands.lua:1351
      5. Run - lua/includes/modules/concommand.lua:54
       6. unknown - addons/ulxulib/lua/ulib/shared/commands.lua:1365
        7. unknown - lua/includes/modules/concommand.lua:54


L 10/21/2018 - 08:57:33: Lua Error: 
[ERROR] addons/gvuti/lua/ulx/modules/sh/gvuti_commands.lua:40: attempt to index global 'target_ply' (a nil value)
  1. call - addons/gvuti/lua/ulx/modules/sh/gvuti_commands.lua:40
   2. __fn - addons/ulxulib/lua/ulib/shared/commands.lua:943
    3. execute - addons/ulxulib/lua/ulib/shared/commands.lua:1323
     4. unknown - addons/ulxulib/lua/ulib/shared/commands.lua:1351
      5. Run - lua/includes/modules/concommand.lua:54
       6. unknown - addons/ulxulib/lua/ulib/shared/commands.lua:1365
        7. unknown - lua/includes/modules/concommand.lua:54


L 10/21/2018 - 08:57:33: Lua Error: 
[ERROR] addons/gvuti/lua/ulx/modules/sh/gvuti_commands.lua:40: attempt to index global 'target_ply' (a nil value)
  1. call - addons/gvuti/lua/ulx/modules/sh/gvuti_commands.lua:40
   2. __fn - addons/ulxulib/lua/ulib/shared/commands.lua:943
    3. execute - addons/ulxulib/lua/ulib/shared/commands.lua:1323
     4. unknown - addons/ulxulib/lua/ulib/shared/commands.lua:1351
      5. Run - lua/includes/modules/concommand.lua:54
       6. unknown - addons/ulxulib/lua/ulib/shared/commands.lua:1365
        7. unknown - lua/includes/modules/concommand.lua:54


L 10/21/2018 - 08:57:33: Lua Error: 
[ERROR] addons/gvuti/lua/ulx/modules/sh/gvuti_commands.lua:40: attempt to index global 'target_ply' (a nil value)
  1. call - addons/gvuti/lua/ulx/modules/sh/gvuti_commands.lua:40
   2. __fn - addons/ulxulib/lua/ulib/shared/commands.lua:943
    3. execute - addons/ulxulib/lua/ulib/shared/commands.lua:1323
     4. unknown - addons/ulxulib/lua/ulib/shared/commands.lua:1351
      5. Run - lua/includes/modules/concommand.lua:54
       6. unknown - addons/ulxulib/lua/ulib/shared/commands.lua:1365
        7. unknown - lua/includes/modules/concommand.lua:54


L 10/21/2018 - 08:58:16: "DidVaitel<2><STEAM_0:1:74202541><Citizen>" say "!menu"

L 10/21/2018 - 08:59:39: "DidVaitel<2><STEAM_0:1:74202541><Citizen>" say "!menu"

L 10/21/2018 - 08:59:49: "Bot01<3><BOT><>" connected, address "none"
L 10/21/2018 - 08:59:49: [FAdmin] Bot01 (BOT) Spawned for the first time
L 10/21/2018 - 08:59:49: [FAdmin] Bot01 (BOT) Spawned
L 10/21/2018 - 08:59:49: "Bot01<3><BOT><>" entered the game
L 10/21/2018 - 08:59:49: [FAdmin] Bot01 (BOT) Attempted to pick up a keys
L 10/21/2018 - 08:59:49: [FAdmin] Bot01 (BOT) Attempted to pick up a weapon_physcannon
L 10/21/2018 - 08:59:49: [FAdmin] Bot01 (BOT) Attempted to pick up a gmod_camera
L 10/21/2018 - 08:59:49: [FAdmin] Bot01 (BOT) Attempted to pick up a gmod_tool
L 10/21/2018 - 08:59:49: [FAdmin] Bot01 (BOT) Attempted to pick up a pocket
L 10/21/2018 - 08:59:49: [FAdmin] Bot01 (BOT) Attempted to pick up a weapon_physgun
L 10/21/2018 - 08:59:50: "Bot02<4><BOT><>" connected, address "none"
L 10/21/2018 - 08:59:50: [FAdmin] Bot02 (BOT) Spawned for the first time
L 10/21/2018 - 08:59:50: [FAdmin] Bot02 (BOT) Spawned
L 10/21/2018 - 08:59:50: "Bot02<4><BOT><>" entered the game
L 10/21/2018 - 08:59:50: [FAdmin] Bot02 (BOT) Attempted to pick up a keys
L 10/21/2018 - 08:59:50: [FAdmin] Bot02 (BOT) Attempted to pick up a weapon_physcannon
L 10/21/2018 - 08:59:50: [FAdmin] Bot02 (BOT) Attempted to pick up a gmod_camera
L 10/21/2018 - 08:59:50: [FAdmin] Bot02 (BOT) Attempted to pick up a gmod_tool
L 10/21/2018 - 08:59:50: [FAdmin] Bot02 (BOT) Attempted to pick up a pocket
L 10/21/2018 - 08:59:50: [FAdmin] Bot02 (BOT) Attempted to pick up a weapon_physgun
L 10/21/2018 - 09:01:25: "DidVaitel<2><STEAM_0:1:74202541><Citizen>" say "!menu"

L 10/21/2018 - 09:01:28: [ULX] DidVaitel blocked gVuti account of Themself 
L 10/21/2018 - 09:01:31: [ULX] DidVaitel blocked gVuti account of Bot02 
L 10/21/2018 - 09:01:36: Lua Error: 
[ERROR] addons/ulxulib/lua/ulx/log.lua:340: attempt to index local 'target_ply' (a number value)
  1. plyColor - addons/ulxulib/lua/ulx/log.lua:340
   2. makePlayerList - addons/ulxulib/lua/ulx/log.lua:380
    3. unknown - addons/ulxulib/lua/ulx/log.lua:475
     4. gsub - [C]:-1
      5. fancyLogAdmin - addons/ulxulib/lua/ulx/log.lua:450
       6. call - addons/gvuti/lua/ulx/modules/sh/gvuti_commands.lua:19
        7. __fn - addons/ulxulib/lua/ulib/shared/commands.lua:943
         8. execute - addons/ulxulib/lua/ulib/shared/commands.lua:1323
          9. unknown - addons/ulxulib/lua/ulib/shared/commands.lua:1351
           10. Run - lua/includes/modules/concommand.lua:54
            11. unknown - addons/ulxulib/lua/ulib/shared/commands.lua:1365
             12. unknown - lua/includes/modules/concommand.lua:54


L 10/21/2018 - 09:01:37: Lua Error: 
[ERROR] addons/ulxulib/lua/ulx/log.lua:340: attempt to index local 'target_ply' (a number value)
  1. plyColor - addons/ulxulib/lua/ulx/log.lua:340
   2. makePlayerList - addons/ulxulib/lua/ulx/log.lua:380
    3. unknown - addons/ulxulib/lua/ulx/log.lua:475
     4. gsub - [C]:-1
      5. fancyLogAdmin - addons/ulxulib/lua/ulx/log.lua:450
       6. call - addons/gvuti/lua/ulx/modules/sh/gvuti_commands.lua:19
        7. __fn - addons/ulxulib/lua/ulib/shared/commands.lua:943
         8. execute - addons/ulxulib/lua/ulib/shared/commands.lua:1323
          9. unknown - addons/ulxulib/lua/ulib/shared/commands.lua:1351
           10. Run - lua/includes/modules/concommand.lua:54
            11. unknown - addons/ulxulib/lua/ulib/shared/commands.lua:1365
             12. unknown - lua/includes/modules/concommand.lua:54


L 10/21/2018 - 09:02:10: "DidVaitel<2><STEAM_0:1:74202541><Citizen>" say "!menu"

L 10/21/2018 - 09:02:11: [ULX] DidVaitel added 100 to gVuti balance of Themself 
L 10/21/2018 - 09:02:14: [ULX] DidVaitel added 100 to gVuti balance of Themself 
L 10/21/2018 - 09:02:18: [ULX] DidVaitel set gVuti balance of Themself to 0
L 10/21/2018 - 09:02:19: [ULX] DidVaitel set gVuti balance of Themself to 98
L 10/21/2018 - 09:02:37: "DidVaitel<2><STEAM_0:1:74202541><Citizen>" say "!menu]"

L 10/21/2018 - 09:02:39: "DidVaitel<2><STEAM_0:1:74202541><Citizen>" say "!menu"

L 10/21/2018 - 09:02:42: [ULX] DidVaitel set gVuti balance of Themself to 0
L 10/21/2018 - 09:03:11: "DidVaitel<2><STEAM_0:1:74202541><Citizen>" say "!menu"

L 10/21/2018 - 09:03:12: [ULX] DidVaitel set gVuti balance of Themself to 0
L 10/21/2018 - 09:03:20: "DidVaitel<2><STEAM_0:1:74202541><Citizen>" say "!menu"

L 10/21/2018 - 09:03:25: [ULX] DidVaitel added 100 to gVuti balance of Themself 
L 10/21/2018 - 09:03:32: [FAdmin] Server succesfully shut down.
L 10/21/2018 - 09:03:32: [FAdmin] prop_physics(models/props/de_nuke/handtruck.mdl) Got removed
L 10/21/2018 - 09:03:32: [FAdmin] prop_physics(models/props_c17/door01_left.mdl) Got removed
L 10/21/2018 - 09:03:32: [FAdmin] prop_physics(models/props_c17/door01_left.mdl) Got removed
L 10/21/2018 - 09:03:32: [FAdmin] prop_physics(models/props_c17/door01_left.mdl) Got removed
L 10/21/2018 - 09:03:32: [FAdmin] prop_physics(models/props_c17/door01_left.mdl) Got removed
L 10/21/2018 - 09:03:32: [FAdmin] prop_physics(models/props_c17/door01_left.mdl) Got removed
L 10/21/2018 - 09:03:32: [FAdmin] prop_physics(models/props_c17/door01_left.mdl) Got removed
L 10/21/2018 - 09:03:32: [FAdmin] prop_physics(models/props_junk/pushcart01a.mdl) Got removed
L 10/21/2018 - 09:03:32: [FAdmin] prop_physics(models/props/de_nuke/handtruck.mdl) Got removed
L 10/21/2018 - 09:03:32: [FAdmin] prop_physics(models/props_c17/door01_left.mdl) Got removed
L 10/21/2018 - 09:03:32: [FAdmin] prop_physics(models/props_c17/door01_left.mdl) Got removed
L 10/21/2018 - 09:03:32: [FAdmin] prop_physics(models/props_junk/wood_crate001a_damaged.mdl) Got removed
L 10/21/2018 - 09:03:32: [FAdmin] prop_physics(models/props_junk/wood_crate001a_damaged.mdl) Got removed
L 10/21/2018 - 09:03:32: [FAdmin] prop_physics(models/props_junk/wood_crate001a_damaged.mdl) Got removed
L 10/21/2018 - 09:03:32: [FAdmin] prop_physics(models/props_junk/wood_crate001a_damaged.mdl) Got removed
L 10/21/2018 - 09:03:32: [FAdmin] prop_physics(models/props_junk/wood_crate001a_damaged.mdl) Got removed
L 10/21/2018 - 09:03:32: "Bot02<4><BOT><>" disconnected (reason "Server shutting down")
L 10/21/2018 - 09:03:32: "Bot01<3><BOT><>" disconnected (reason "Server shutting down")
L 10/21/2018 - 09:03:32: "DidVaitel<2><STEAM_0:1:74202541><>" disconnected (reason "Server shutting down")
L 10/21/2018 - 09:03:32: server_message: "quit"
L 10/21/2018 - 09:03:32: Log file closed.
