L 10/20/2019 - 18:16:52: Log file started (file "logs\L1020023.log") (game "F:\sup\steamapps\common\GarrysModDS\garrysmod") (version "7517")
L 10/20/2019 - 18:16:52: server_cvar: "sv_alltalk" "3"
L 10/20/2019 - 18:16:52: "Sosy_za_Sotky<4><STEAM_0:1:51469980><>" disconnected (reason "Disconnect by user.")
L 10/20/2019 - 18:17:19: "DidVaitel<2><STEAM_0:1:74202541><>" entered the game
L 10/20/2019 - 18:21:35: "Bot02<6><BOT><>" connected, address "none"
L 10/20/2019 - 18:21:35: "Bot02<6><BOT><>" entered the game
L 10/20/2019 - 18:21:38: Round proper has begun...
L 10/20/2019 - 18:23:39: 02:00.72 - DMG: 	 DidVaitel [traitor] damaged Bot02 [innocent] for 46 dmg
L 10/20/2019 - 18:23:41: 02:02.94 - DMG: 	 DidVaitel [traitor] damaged Bot02 [innocent] for 46 dmg
L 10/20/2019 - 18:23:41: 02:03.33 - DMG: 	 DidVaitel [traitor] damaged Bot02 [innocent] for 46 dmg
L 10/20/2019 - 18:23:41: 02:03.33 - KILL:	 DidVaitel [traitor] killed Bot02 [innocent]
L 10/20/2019 - 18:23:42: Round ended.
L 10/20/2019 - 18:23:42: Result: traitors win.
L 10/20/2019 - 18:23:49: Round proper has begun...
L 10/20/2019 - 18:28:50: Round ended.
L 10/20/2019 - 18:28:50: Result: timelimit reached, traitors lose.
L 10/20/2019 - 18:28:56: Round proper has begun...
L 10/20/2019 - 18:29:40: 00:44.23 - DMG: 	 DidVaitel [traitor] damaged Bot02 [innocent] for 46 dmg
L 10/20/2019 - 18:29:40: 00:44.71 - DMG: 	 DidVaitel [traitor] damaged Bot02 [innocent] for 46 dmg
L 10/20/2019 - 18:29:41: 00:45.42 - DMG: 	 DidVaitel [traitor] damaged Bot02 [innocent] for 46 dmg
L 10/20/2019 - 18:29:41: 00:45.42 - KILL:	 DidVaitel [traitor] killed Bot02 [innocent]
L 10/20/2019 - 18:29:41: Round ended.
L 10/20/2019 - 18:29:41: Result: traitors win.
L 10/20/2019 - 18:29:49: Round proper has begun...
L 10/20/2019 - 18:30:20: 00:30.95 - DMG: 	 DidVaitel [traitor] damaged Bot02 [innocent] for 14 dmg
L 10/20/2019 - 18:32:24: 02:34.68 - DMG: 	 DidVaitel [traitor] damaged Bot02 [innocent] for 46 dmg
L 10/20/2019 - 18:32:25: 02:35.79 - DMG: 	 DidVaitel [traitor] damaged Bot02 [innocent] for 26 dmg
L 10/20/2019 - 18:32:26: 02:36.66 - DMG: 	 DidVaitel [traitor] damaged Bot02 [innocent] for 46 dmg
L 10/20/2019 - 18:32:26: 02:36.66 - KILL:	 DidVaitel [traitor] killed Bot02 [innocent]
L 10/20/2019 - 18:32:26: Round ended.
L 10/20/2019 - 18:32:26: Result: traitors win.
L 10/20/2019 - 18:32:31: "Bot02<6><BOT><>" disconnected (reason "Server shutting down")
L 10/20/2019 - 18:32:31: "DidVaitel<2><STEAM_0:1:74202541><>" disconnected (reason "Server shutting down")
L 10/20/2019 - 18:32:31: server_message: "quit"
L 10/20/2019 - 18:32:31: Log file closed.
