L 10/20/2019 - 19:41:03: Log file started (file "logs\L1020040.log") (game "F:\sup\steamapps\common\GarrysModDS\garrysmod") (version "7517")
L 10/20/2019 - 19:41:03: server_cvar: "sv_alltalk" "3"
L 10/20/2019 - 19:41:21: "DidVaitel<2><STEAM_0:1:74202541><>" entered the game
L 10/20/2019 - 19:41:25: "byLLirik<6><STEAM_0:1:461008164><>" entered the game
L 10/20/2019 - 19:41:28: "eLeCtrOssSnake<3><STEAM_0:1:164666257><>" entered the game
L 10/20/2019 - 19:41:57: Round proper has begun...
L 10/20/2019 - 19:42:16: 00:19.41 - DMG: 	 DidVaitel [innocent] damaged byLLirik [traitor] for 46 dmg
L 10/20/2019 - 19:42:18: 00:20.65 - DMG: 	 byLLirik [traitor] damaged DidVaitel [innocent] for 24 dmg
L 10/20/2019 - 19:42:19: 00:22.50 - DMG: 	 DidVaitel [innocent] damaged byLLirik [traitor] for 14 dmg
L 10/20/2019 - 19:42:22: 00:25.47 - DMG: 	 eLeCtrOssSnake [innocent] damaged DidVaitel [innocent] for 13 dmg
L 10/20/2019 - 19:42:23: 00:26.17 - DMG: 	 eLeCtrOssSnake [innocent] damaged DidVaitel [innocent] for 7 dmg
L 10/20/2019 - 19:42:24: 00:27.14 - DMG: 	 eLeCtrOssSnake [innocent] damaged DidVaitel [innocent] for 13 dmg
L 10/20/2019 - 19:42:24: 00:27.21 - DMG: 	 byLLirik [traitor] damaged DidVaitel [innocent] for 13 dmg
L 10/20/2019 - 19:42:25: 00:28.46 - DMG: 	 byLLirik [traitor] damaged DidVaitel [innocent] for 13 dmg
L 10/20/2019 - 19:42:26: 00:28.62 - DMG: 	 byLLirik [traitor] damaged DidVaitel [innocent] for 13 dmg
L 10/20/2019 - 19:42:26: 00:28.88 - DMG: 	 byLLirik [traitor] damaged DidVaitel [innocent] for 24 dmg
L 10/20/2019 - 19:42:26: 00:28.88 - KILL:	 byLLirik [traitor] killed DidVaitel [innocent]
L 10/20/2019 - 19:42:31: 00:33.79 - DMG: 	 byLLirik [traitor] damaged eLeCtrOssSnake [innocent] for 24 dmg
L 10/20/2019 - 19:42:31: 00:34.39 - DMG: 	 byLLirik [traitor] damaged eLeCtrOssSnake [innocent] for 13 dmg
L 10/20/2019 - 19:42:32: 00:35.16 - DMG: 	 byLLirik [traitor] damaged eLeCtrOssSnake [innocent] for 24 dmg
L 10/20/2019 - 19:42:32: 00:35.29 - DMG: 	 byLLirik [traitor] damaged eLeCtrOssSnake [innocent] for 24 dmg
L 10/20/2019 - 19:42:32: 00:35.44 - DMG: 	 byLLirik [traitor] damaged eLeCtrOssSnake [innocent] for 24 dmg
L 10/20/2019 - 19:42:32: 00:35.44 - KILL:	 byLLirik [traitor] killed eLeCtrOssSnake [innocent]
L 10/20/2019 - 19:42:33: Round ended.
L 10/20/2019 - 19:42:33: Result: traitors win.
L 10/20/2019 - 19:42:40: byLLirik: Я байЛирик
L 10/20/2019 - 19:42:49: byLLirik: хотя
L 10/20/2019 - 19:42:52: byLLirik: лучше бублик
L 10/20/2019 - 19:42:53: byLLirik: да
L 10/20/2019 - 19:42:55: Round proper has begun...
L 10/20/2019 - 19:43:29: 00:33.33 - DMG: 	 eLeCtrOssSnake [innocent] damaged DidVaitel [traitor] for 25 dmg
L 10/20/2019 - 19:43:30: 00:34.15 - DMG: 	 eLeCtrOssSnake [innocent] damaged DidVaitel [traitor] for 45 dmg
L 10/20/2019 - 19:43:30: 00:34.72 - DMG: 	 eLeCtrOssSnake [innocent] damaged DidVaitel [traitor] for 14 dmg
L 10/20/2019 - 19:43:31: 00:35.22 - DMG: 	 eLeCtrOssSnake [innocent] damaged DidVaitel [traitor] for 45 dmg
L 10/20/2019 - 19:43:31: 00:35.22 - KILL:	 eLeCtrOssSnake [innocent] killed DidVaitel [traitor]
L 10/20/2019 - 19:43:31: Round ended.
L 10/20/2019 - 19:43:31: Result: innocent win.
L 10/20/2019 - 19:43:54: Round proper has begun...
L 10/20/2019 - 19:44:05: 00:10.93 - DMG: 	 eLeCtrOssSnake [innocent] damaged DidVaitel [innocent] for 91 dmg
L 10/20/2019 - 19:44:05: 00:11.14 - DMG: 	 DidVaitel [innocent] damaged eLeCtrOssSnake [innocent] for 5 dmg
L 10/20/2019 - 19:44:05: 00:11.43 - DMG: 	 DidVaitel [innocent] damaged eLeCtrOssSnake [innocent] for 9 dmg
L 10/20/2019 - 19:44:06: 00:11.71 - DMG: 	 eLeCtrOssSnake [innocent] damaged DidVaitel [innocent] for 10 dmg
L 10/20/2019 - 19:44:06: 00:11.71 - KILL:	 eLeCtrOssSnake [innocent] killed DidVaitel [innocent]
L 10/20/2019 - 19:44:57: 01:02.85 - DMG: 	 eLeCtrOssSnake [innocent] damaged byLLirik [traitor] for 20 dmg
L 10/20/2019 - 19:44:57: 01:02.85 - KILL:	 eLeCtrOssSnake [innocent] killed byLLirik [traitor]
L 10/20/2019 - 19:44:57: Round ended.
L 10/20/2019 - 19:44:57: Result: innocent win.
L 10/20/2019 - 19:45:08: byLLirik: я застрял((
L 10/20/2019 - 19:45:11: "eLeCtrOssSnake<3><STEAM_0:1:164666257><Team>" say "/me Достал жгут"
L 10/20/2019 - 19:45:18: byLLirik: в прошлой катке
L 10/20/2019 - 19:45:20: Round proper has begun...
L 10/20/2019 - 19:45:22: eLeCtrOssSnake: Я ОТОШЕЛ
L 10/20/2019 - 19:45:23: byLLirik: в поездах(
L 10/20/2019 - 19:45:27: 00:07.44 - DMG: 	 eLeCtrOssSnake [traitor] damaged DidVaitel [innocent] for 183 dmg
L 10/20/2019 - 19:45:27: 00:07.44 - KILL:	 eLeCtrOssSnake [traitor] killed DidVaitel [innocent]
L 10/20/2019 - 19:45:27: 00:07.44 - KILL:	 eLeCtrOssSnake [traitor] killed eLeCtrOssSnake [traitor]
L 10/20/2019 - 19:45:28: Round ended.
L 10/20/2019 - 19:45:28: Result: innocent win.
L 10/20/2019 - 19:45:50: Round proper has begun...
L 10/20/2019 - 19:46:24: 00:33.85 - DMG: 	 byLLirik [innocent] damaged DidVaitel [traitor] for 37 dmg
L 10/20/2019 - 19:46:24: 00:33.85 - KILL:	 byLLirik [innocent] killed DidVaitel [traitor]
L 10/20/2019 - 19:46:24: Round ended.
L 10/20/2019 - 19:46:24: Result: innocent win.
L 10/20/2019 - 19:46:28: byLLirik: ахаххах
L 10/20/2019 - 19:46:47: Round proper has begun...
L 10/20/2019 - 19:47:13: 00:26.19 - DMG: 	 byLLirik [traitor] damaged DidVaitel [innocent] for 20 dmg
L 10/20/2019 - 19:47:38: 00:51.51 - DMG: 	 DidVaitel [innocent] damaged eLeCtrOssSnake [innocent] for 102 dmg
L 10/20/2019 - 19:47:38: 00:51.51 - KILL:	 DidVaitel [innocent] killed eLeCtrOssSnake [innocent]
L 10/20/2019 - 19:48:00: 01:13.46 - DMG: 	 byLLirik [traitor] damaged DidVaitel [innocent] for 48 dmg
L 10/20/2019 - 19:48:00: 01:13.76 - DMG: 	 byLLirik [traitor] damaged DidVaitel [innocent] for 48 dmg
L 10/20/2019 - 19:48:00: 01:13.76 - KILL:	 byLLirik [traitor] killed DidVaitel [innocent]
L 10/20/2019 - 19:48:01: Round ended.
L 10/20/2019 - 19:48:01: Result: traitors win.
L 10/20/2019 - 19:48:35: Log file closed.
