L 10/27/2018 - 20:57:18: Log file started (file "logs\L1027016.log") (game "F:\sup\steamapps\common\GarrysModDS\garrysmod") (version "7270")
L 10/27/2018 - 20:57:18: server_cvar: "sv_alltalk" "3"
L 10/27/2018 - 20:57:19: Connection to Steam servers successful.
L 10/27/2018 - 20:57:19:    Public IP is 31.130.42.81.
L 10/27/2018 - 20:57:19: Assigned anonymous gameserver Steam ID [A-1:629686283(11293)].
L 10/27/2018 - 20:57:20: VAC secure mode is activated.
L 10/27/2018 - 20:57:22: "DidVaitel<2><STEAM_0:1:74202541><>" connected, address "192.168.1.102:27006"
L 10/27/2018 - 20:57:22: "DidVaitel<2><STEAM_0:1:74202541><>" STEAM USERID validated
L 10/27/2018 - 20:57:30: "DidVaitel<2><STEAM_0:1:74202541><>" entered the game
L 10/27/2018 - 20:57:43: Lua Error: 
[ERROR] addons/gvuti/lua/autorun/server/sv_nets.lua:383: attempt to index global 'MySQLite' (a nil value)
  1. fn - addons/gvuti/lua/autorun/server/sv_nets.lua:383
   2. Run - addons/ulxulib/lua/ulib/shared/hook.lua:109
    3. func - addons/gvuti/lua/autorun/server/sv_nets.lua:402
     4. unknown - lua/includes/extensions/net.lua:32


L 10/27/2018 - 20:58:20: [ULX] DidVaitel<STEAM_0:1:74202541> spawned sent duel_npc
L 10/27/2018 - 20:59:57: "DidVaitel<2><STEAM_0:1:74202541><>" disconnected (reason "Disconnect by user.")
L 10/27/2018 - 20:59:57: Lua Error: 
[ERROR] addons/gvuti/lua/autorun/server/sv_nets.lua:374: attempt to index global 'MySQLite' (a nil value)
  1. gVutiSync - addons/gvuti/lua/autorun/server/sv_nets.lua:374
   2. fn - addons/gvuti/lua/autorun/server/sv_nets.lua:398
    3. unknown - addons/ulxulib/lua/ulib/shared/hook.lua:109


L 10/27/2018 - 21:18:26: "DidVaitel<3><STEAM_0:1:74202541><>" connected, address "192.168.1.102:27006"
L 10/27/2018 - 21:18:26: "DidVaitel<3><STEAM_0:1:74202541><>" STEAM USERID validated
L 10/27/2018 - 21:18:35: "DidVaitel<3><STEAM_0:1:74202541><>" entered the game
L 10/27/2018 - 21:18:46: Lua Error: 
[ERROR] addons/gvuti/lua/autorun/server/sv_nets.lua:383: attempt to index global 'MySQLite' (a nil value)
  1. fn - addons/gvuti/lua/autorun/server/sv_nets.lua:383
   2. Run - addons/ulxulib/lua/ulib/shared/hook.lua:109
    3. func - addons/gvuti/lua/autorun/server/sv_nets.lua:402
     4. unknown - lua/includes/extensions/net.lua:32


L 10/27/2018 - 21:20:24: "DidVaitel<3><STEAM_0:1:74202541><>" disconnected (reason "Server shutting down")
L 10/27/2018 - 21:20:24: server_message: "quit"
L 10/27/2018 - 21:20:24: Log file closed.
