L 10/29/2018 - 20:25:49: Log file started (file "logs\L1029012.log") (game "F:\sup\steamapps\common\GarrysModDS\garrysmod") (version "7270")
L 10/29/2018 - 20:25:49: server_cvar: "sv_alltalk" "3"
L 10/29/2018 - 20:25:49: server_cvar: "sv_allowcslua" "1"
L 10/29/2018 - 20:25:49: server_cvar: "sv_airaccelerate" "1000"
L 10/29/2018 - 20:25:49: server_cvar: "sv_alltalk" "0"
L 10/29/2018 - 20:25:50: Connection to Steam servers successful.
L 10/29/2018 - 20:25:50:    Public IP is 31.130.42.81.
L 10/29/2018 - 20:25:50: Assigned anonymous gameserver Steam ID [A-1:1459636235(11303)].
L 10/29/2018 - 20:25:50: VAC secure mode is activated.
L 10/29/2018 - 20:28:32: "DidVaitel<2><STEAM_0:1:74202541><>" connected, address "192.168.1.100:27006"
L 10/29/2018 - 20:28:33: "DidVaitel<2><STEAM_0:1:74202541><>" STEAM USERID validated
L 10/29/2018 - 20:28:41: [FAdmin] DidVaitel (STEAM_0:1:74202541) is Authed
L 10/29/2018 - 20:28:41: [FAdmin] DidVaitel (STEAM_0:1:74202541) Spawned for the first time
L 10/29/2018 - 20:28:41: [FAdmin] DidVaitel (STEAM_0:1:74202541) Spawned
L 10/29/2018 - 20:28:41: "DidVaitel<2><STEAM_0:1:74202541><>" entered the game
L 10/29/2018 - 20:28:41: [FAdmin] DidVaitel (STEAM_0:1:74202541) Attempted to pick up a keys
L 10/29/2018 - 20:28:41: [FAdmin] DidVaitel (STEAM_0:1:74202541) Attempted to pick up a weapon_physcannon
L 10/29/2018 - 20:28:41: [FAdmin] DidVaitel (STEAM_0:1:74202541) Attempted to pick up a gmod_camera
L 10/29/2018 - 20:28:41: [FAdmin] DidVaitel (STEAM_0:1:74202541) Attempted to pick up a gmod_tool
L 10/29/2018 - 20:28:41: [FAdmin] DidVaitel (STEAM_0:1:74202541) Attempted to pick up a pocket
L 10/29/2018 - 20:28:41: [FAdmin] DidVaitel (STEAM_0:1:74202541) Attempted to pick up a weapon_physgun
L 10/29/2018 - 20:28:41: [FAdmin] DidVaitel (STEAM_0:1:74202541) Attempted to pick up a weapon_keypadchecker
L 10/29/2018 - 20:28:41: [FAdmin] DidVaitel (STEAM_0:1:74202541) Attempted to pick up a door_ram
L 10/29/2018 - 20:28:41: [FAdmin] DidVaitel (STEAM_0:1:74202541) Attempted to pick up a arrest_stick
L 10/29/2018 - 20:28:41: [FAdmin] DidVaitel (STEAM_0:1:74202541) Attempted to pick up a unarrest_stick
L 10/29/2018 - 20:28:41: [FAdmin] DidVaitel (STEAM_0:1:74202541) Attempted to pick up a stunstick
L 10/29/2018 - 20:28:41: [FAdmin] DidVaitel (STEAM_0:1:74202541) Attempted to pick up a weaponchecker
L 10/29/2018 - 20:28:52: [FAdmin] DidVaitel (STEAM_0:1:74202541) Gave himself a weapon_iron_man
L 10/29/2018 - 20:28:52: [FAdmin] DidVaitel (STEAM_0:1:74202541) Attempted to pick up a weapon_iron_man
L 10/29/2018 - 20:29:09: [FAdmin] DidVaitel (STEAM_0:1:74202541) Got killed by DidVaitel with a env_explosion
L 10/29/2018 - 20:29:09: Lua Error: 
[ERROR] addons/superherosweps/lua/weapons/weapon_iron_man/init.lua:193: Tried to use a NULL entity!
  1. __index - [C]:-1
   2. unknown - addons/superherosweps/lua/weapons/weapon_iron_man/init.lua:193


L 10/29/2018 - 20:29:09: Lua Error: 
[ERROR] addons/superherosweps/lua/weapons/weapon_iron_man/init.lua:193: Tried to use a NULL entity!
  1. __index - [C]:-1
   2. unknown - addons/superherosweps/lua/weapons/weapon_iron_man/init.lua:193


L 10/29/2018 - 20:29:09: Lua Error: 
[ERROR] addons/superherosweps/lua/weapons/weapon_iron_man/init.lua:193: Tried to use a NULL entity!
  1. __index - [C]:-1
   2. unknown - addons/superherosweps/lua/weapons/weapon_iron_man/init.lua:193


L 10/29/2018 - 20:29:10: Lua Error: 
[ERROR] addons/superherosweps/lua/weapons/weapon_iron_man/init.lua:193: Tried to use a NULL entity!
  1. __index - [C]:-1
   2. unknown - addons/superherosweps/lua/weapons/weapon_iron_man/init.lua:193


L 10/29/2018 - 20:29:10: Lua Error: 
[ERROR] addons/superherosweps/lua/weapons/weapon_iron_man/init.lua:193: Tried to use a NULL entity!
  1. __index - [C]:-1
   2. unknown - addons/superherosweps/lua/weapons/weapon_iron_man/init.lua:193


L 10/29/2018 - 20:29:10: Lua Error: 
[ERROR] addons/superherosweps/lua/weapons/weapon_iron_man/init.lua:193: Tried to use a NULL entity!
  1. __index - [C]:-1
   2. unknown - addons/superherosweps/lua/weapons/weapon_iron_man/init.lua:193


L 10/29/2018 - 20:29:10: Lua Error: 
[ERROR] addons/superherosweps/lua/weapons/weapon_iron_man/init.lua:193: Tried to use a NULL entity!
  1. __index - [C]:-1
   2. unknown - addons/superherosweps/lua/weapons/weapon_iron_man/init.lua:193


L 10/29/2018 - 20:29:10: [FAdmin] DidVaitel (STEAM_0:1:74202541) Spawned
L 10/29/2018 - 20:29:10: [FAdmin] DidVaitel (STEAM_0:1:74202541) Attempted to pick up a keys
L 10/29/2018 - 20:29:10: [FAdmin] DidVaitel (STEAM_0:1:74202541) Attempted to pick up a weapon_physcannon
L 10/29/2018 - 20:29:10: [FAdmin] DidVaitel (STEAM_0:1:74202541) Attempted to pick up a gmod_camera
L 10/29/2018 - 20:29:10: [FAdmin] DidVaitel (STEAM_0:1:74202541) Attempted to pick up a gmod_tool
L 10/29/2018 - 20:29:10: [FAdmin] DidVaitel (STEAM_0:1:74202541) Attempted to pick up a pocket
L 10/29/2018 - 20:29:10: [FAdmin] DidVaitel (STEAM_0:1:74202541) Attempted to pick up a weapon_physgun
L 10/29/2018 - 20:29:10: [FAdmin] DidVaitel (STEAM_0:1:74202541) Attempted to pick up a weapon_keypadchecker
L 10/29/2018 - 20:29:10: [FAdmin] DidVaitel (STEAM_0:1:74202541) Attempted to pick up a door_ram
L 10/29/2018 - 20:29:10: [FAdmin] DidVaitel (STEAM_0:1:74202541) Attempted to pick up a arrest_stick
L 10/29/2018 - 20:29:10: [FAdmin] DidVaitel (STEAM_0:1:74202541) Attempted to pick up a unarrest_stick
L 10/29/2018 - 20:29:10: [FAdmin] DidVaitel (STEAM_0:1:74202541) Attempted to pick up a stunstick
L 10/29/2018 - 20:29:10: [FAdmin] DidVaitel (STEAM_0:1:74202541) Attempted to pick up a weaponchecker
L 10/29/2018 - 20:29:11: [FAdmin] DidVaitel (STEAM_0:1:74202541) Gave himself a weapon_iron_man
L 10/29/2018 - 20:29:11: [FAdmin] DidVaitel (STEAM_0:1:74202541) Attempted to pick up a weapon_iron_man
L 10/29/2018 - 20:31:55: Lua Error: [AddCSLuaFile] Couldn't find 'weapons/weapon_iron_man/cl_init.lua' (<nowhere>)

L 10/29/2018 - 20:31:55: Lua Error: 
[ERROR] addons/superherosweps/lua/weapons/weapon_iron_man/init.lua:23: ')' expected (to close '(' at line 18) near 'timer'
  1. unknown - addons/superherosweps/lua/weapons/weapon_iron_man/init.lua:0


L 10/29/2018 - 20:31:58: Lua Error: [AddCSLuaFile] Couldn't find 'weapons/weapon_iron_man/cl_init.lua' (<nowhere>)

L 10/29/2018 - 20:31:58: Lua Error: 
[ERROR] addons/superherosweps/lua/weapons/weapon_iron_man/init.lua:23: ')' expected (to close '(' at line 18) near 'timer'
  1. unknown - addons/superherosweps/lua/weapons/weapon_iron_man/init.lua:0


L 10/29/2018 - 20:32:10: Lua Error: [AddCSLuaFile] Couldn't find 'weapons/weapon_iron_man/cl_init.lua' (<nowhere>)

L 10/29/2018 - 20:32:10: Lua Error: [AddCSLuaFile] Couldn't find 'cl_init.lua' (@addons/superherosweps/lua/weapons/weapon_iron_man/init.lua (line 1))

L 10/29/2018 - 20:32:20: Lua Error: [AddCSLuaFile] Couldn't find 'weapons/weapon_iron_man/cl_init.lua' (<nowhere>)

L 10/29/2018 - 20:32:20: Lua Error: [AddCSLuaFile] Couldn't find 'cl_init.lua' (@addons/superherosweps/lua/weapons/weapon_iron_man/init.lua (line 1))

L 10/29/2018 - 20:32:23: Lua Error: [AddCSLuaFile] Couldn't find 'weapons/weapon_iron_man/cl_init.lua' (<nowhere>)

L 10/29/2018 - 20:32:23: Lua Error: [AddCSLuaFile] Couldn't find 'cl_init.lua' (@addons/superherosweps/lua/weapons/weapon_iron_man/init.lua (line 1))

L 10/29/2018 - 20:32:25: Lua Error: [AddCSLuaFile] Couldn't find 'weapons/weapon_iron_man/cl_init.lua' (<nowhere>)

L 10/29/2018 - 20:32:25: Lua Error: [AddCSLuaFile] Couldn't find 'cl_init.lua' (@addons/superherosweps/lua/weapons/weapon_iron_man/init.lua (line 1))

L 10/29/2018 - 20:32:27: Lua Error: [AddCSLuaFile] Couldn't find 'weapons/weapon_iron_man/cl_init.lua' (<nowhere>)

L 10/29/2018 - 20:32:27: Lua Error: [AddCSLuaFile] Couldn't find 'cl_init.lua' (@addons/superherosweps/lua/weapons/weapon_iron_man/init.lua (line 1))

L 10/29/2018 - 20:32:32: Lua Error: [AddCSLuaFile] Couldn't find 'weapons/weapon_iron_man/cl_init.lua' (<nowhere>)

L 10/29/2018 - 20:32:32: Lua Error: [AddCSLuaFile] Couldn't find 'cl_init.lua' (@addons/superherosweps/lua/weapons/weapon_iron_man/init.lua (line 1))

L 10/29/2018 - 20:32:39: Lua Error: [AddCSLuaFile] Couldn't find 'weapons/weapon_iron_man/cl_init.lua' (<nowhere>)

L 10/29/2018 - 20:32:39: Lua Error: [AddCSLuaFile] Couldn't find 'cl_init.lua' (@addons/superherosweps/lua/weapons/weapon_iron_man/init.lua (line 1))

L 10/29/2018 - 20:32:42: Lua Error: [AddCSLuaFile] Couldn't find 'weapons/weapon_iron_man/cl_init.lua' (<nowhere>)

L 10/29/2018 - 20:32:42: Lua Error: [AddCSLuaFile] Couldn't find 'cl_init.lua' (@addons/superherosweps/lua/weapons/weapon_iron_man/init.lua (line 1))

L 10/29/2018 - 20:32:45: Lua Error: [AddCSLuaFile] Couldn't find 'weapons/weapon_iron_man/cl_init.lua' (<nowhere>)

L 10/29/2018 - 20:32:45: Lua Error: [AddCSLuaFile] Couldn't find 'cl_init.lua' (@addons/superherosweps/lua/weapons/weapon_iron_man/init.lua (line 1))

L 10/29/2018 - 20:32:49: Lua Error: [AddCSLuaFile] Couldn't find 'weapons/weapon_iron_man/cl_init.lua' (<nowhere>)

L 10/29/2018 - 20:32:49: Lua Error: [AddCSLuaFile] Couldn't find 'cl_init.lua' (@addons/superherosweps/lua/weapons/weapon_iron_man/init.lua (line 1))

L 10/29/2018 - 20:32:51: Lua Error: [AddCSLuaFile] Couldn't find 'weapons/weapon_iron_man/cl_init.lua' (<nowhere>)

L 10/29/2018 - 20:32:51: Lua Error: [AddCSLuaFile] Couldn't find 'cl_init.lua' (@addons/superherosweps/lua/weapons/weapon_iron_man/init.lua (line 1))

L 10/29/2018 - 20:33:18: [FAdmin] DidVaitel (STEAM_0:1:74202541) Got killed by DidVaitel with a player
L 10/29/2018 - 20:33:19: [FAdmin] DidVaitel (STEAM_0:1:74202541) Spawned
L 10/29/2018 - 20:33:19: [FAdmin] DidVaitel (STEAM_0:1:74202541) Attempted to pick up a keys
L 10/29/2018 - 20:33:19: [FAdmin] DidVaitel (STEAM_0:1:74202541) Attempted to pick up a weapon_physcannon
L 10/29/2018 - 20:33:19: [FAdmin] DidVaitel (STEAM_0:1:74202541) Attempted to pick up a gmod_camera
L 10/29/2018 - 20:33:19: [FAdmin] DidVaitel (STEAM_0:1:74202541) Attempted to pick up a gmod_tool
L 10/29/2018 - 20:33:19: [FAdmin] DidVaitel (STEAM_0:1:74202541) Attempted to pick up a pocket
L 10/29/2018 - 20:33:19: [FAdmin] DidVaitel (STEAM_0:1:74202541) Attempted to pick up a weapon_physgun
L 10/29/2018 - 20:33:19: [FAdmin] DidVaitel (STEAM_0:1:74202541) Attempted to pick up a weapon_keypadchecker
L 10/29/2018 - 20:33:19: [FAdmin] DidVaitel (STEAM_0:1:74202541) Attempted to pick up a door_ram
L 10/29/2018 - 20:33:19: [FAdmin] DidVaitel (STEAM_0:1:74202541) Attempted to pick up a arrest_stick
L 10/29/2018 - 20:33:19: [FAdmin] DidVaitel (STEAM_0:1:74202541) Attempted to pick up a unarrest_stick
L 10/29/2018 - 20:33:19: [FAdmin] DidVaitel (STEAM_0:1:74202541) Attempted to pick up a stunstick
L 10/29/2018 - 20:33:19: [FAdmin] DidVaitel (STEAM_0:1:74202541) Attempted to pick up a weaponchecker
L 10/29/2018 - 20:33:38: [FAdmin] DidVaitel (STEAM_0:1:74202541) Gave himself a weapon_iron_man
L 10/29/2018 - 20:33:38: [FAdmin] DidVaitel (STEAM_0:1:74202541) Attempted to pick up a weapon_iron_man
L 10/29/2018 - 20:34:01: Lua Error: [AddCSLuaFile] Couldn't find 'weapons/weapon_iron_man/cl_init.lua' (<nowhere>)

L 10/29/2018 - 20:34:01: Lua Error: [AddCSLuaFile] Couldn't find 'cl_init.lua' (@addons/superherosweps/lua/weapons/weapon_iron_man/init.lua (line 1))

L 10/29/2018 - 20:34:12: Lua Error: [AddCSLuaFile] Couldn't find 'weapons/weapon_iron_man/cl_init.lua' (<nowhere>)

L 10/29/2018 - 20:34:12: Lua Error: [AddCSLuaFile] Couldn't find 'cl_init.lua' (@addons/superherosweps/lua/weapons/weapon_iron_man/init.lua (line 1))

L 10/29/2018 - 20:34:19: Lua Error: [AddCSLuaFile] Couldn't find 'weapons/weapon_iron_man/cl_init.lua' (<nowhere>)

L 10/29/2018 - 20:34:19: Lua Error: [AddCSLuaFile] Couldn't find 'cl_init.lua' (@addons/superherosweps/lua/weapons/weapon_iron_man/init.lua (line 1))

L 10/29/2018 - 20:34:23: Lua Error: [AddCSLuaFile] Couldn't find 'weapons/weapon_iron_man/cl_init.lua' (<nowhere>)

L 10/29/2018 - 20:34:23: Lua Error: [AddCSLuaFile] Couldn't find 'cl_init.lua' (@addons/superherosweps/lua/weapons/weapon_iron_man/init.lua (line 1))

L 10/29/2018 - 20:34:32: Lua Error: [AddCSLuaFile] Couldn't find 'weapons/weapon_iron_man/cl_init.lua' (<nowhere>)

L 10/29/2018 - 20:34:32: Lua Error: [AddCSLuaFile] Couldn't find 'cl_init.lua' (@addons/superherosweps/lua/weapons/weapon_iron_man/init.lua (line 1))

L 10/29/2018 - 20:35:09: Lua Error: [AddCSLuaFile] Couldn't find 'weapons/weapon_iron_man/cl_init.lua' (<nowhere>)

L 10/29/2018 - 20:35:09: Lua Error: [AddCSLuaFile] Couldn't find 'cl_init.lua' (@addons/superherosweps/lua/weapons/weapon_iron_man/init.lua (line 1))

L 10/29/2018 - 20:36:10: Lua Error: 
[ERROR] addons/superherosweps/lua/entities/sent_stormmissile/init.lua:69: attempt to compare nil with number
  1. unknown - addons/superherosweps/lua/entities/sent_stormmissile/init.lua:69


L 10/29/2018 - 20:36:10: Lua Error: 
[ERROR] addons/superherosweps/lua/entities/sent_stormmissile/init.lua:69: attempt to compare nil with number
  1. unknown - addons/superherosweps/lua/entities/sent_stormmissile/init.lua:69


L 10/29/2018 - 20:36:10: Lua Error: 
[ERROR] addons/superherosweps/lua/entities/sent_stormmissile/init.lua:69: attempt to compare nil with number
  1. unknown - addons/superherosweps/lua/entities/sent_stormmissile/init.lua:69


L 10/29/2018 - 20:36:10: Lua Error: 
[ERROR] addons/superherosweps/lua/entities/sent_stormmissile/init.lua:69: attempt to compare nil with number
  1. unknown - addons/superherosweps/lua/entities/sent_stormmissile/init.lua:69


L 10/29/2018 - 20:36:10: Lua Error: 
[ERROR] addons/superherosweps/lua/entities/sent_stormmissile/init.lua:69: attempt to compare nil with number
  1. unknown - addons/superherosweps/lua/entities/sent_stormmissile/init.lua:69


L 10/29/2018 - 20:36:10: Lua Error: 
[ERROR] addons/superherosweps/lua/entities/sent_stormmissile/init.lua:69: attempt to compare nil with number
  1. unknown - addons/superherosweps/lua/entities/sent_stormmissile/init.lua:69


L 10/29/2018 - 20:36:10: Lua Error: 
[ERROR] addons/superherosweps/lua/entities/sent_stormmissile/init.lua:69: attempt to compare nil with number
  1. unknown - addons/superherosweps/lua/entities/sent_stormmissile/init.lua:69


L 10/29/2018 - 20:36:10: Lua Error: 
[ERROR] addons/superherosweps/lua/entities/sent_stormmissile/init.lua:69: attempt to compare nil with number
  1. unknown - addons/superherosweps/lua/entities/sent_stormmissile/init.lua:69


L 10/29/2018 - 20:36:10: Lua Error: 
[ERROR] addons/superherosweps/lua/entities/sent_stormmissile/init.lua:69: attempt to compare nil with number
  1. unknown - addons/superherosweps/lua/entities/sent_stormmissile/init.lua:69


L 10/29/2018 - 20:36:10: Lua Error: 
[ERROR] addons/superherosweps/lua/entities/sent_stormmissile/init.lua:69: attempt to compare nil with number
  1. unknown - addons/superherosweps/lua/entities/sent_stormmissile/init.lua:69


L 10/29/2018 - 20:36:10: Lua Error: 
[ERROR] addons/superherosweps/lua/entities/sent_stormmissile/init.lua:69: attempt to compare nil with number
  1. unknown - addons/superherosweps/lua/entities/sent_stormmissile/init.lua:69


L 10/29/2018 - 20:36:10: Lua Error: 
[ERROR] addons/superherosweps/lua/entities/sent_stormmissile/init.lua:69: attempt to compare nil with number
  1. unknown - addons/superherosweps/lua/entities/sent_stormmissile/init.lua:69


L 10/29/2018 - 20:36:10: Lua Error: 
[ERROR] addons/superherosweps/lua/entities/sent_stormmissile/init.lua:69: attempt to compare nil with number
  1. unknown - addons/superherosweps/lua/entities/sent_stormmissile/init.lua:69


L 10/29/2018 - 20:36:10: Lua Error: 
[ERROR] addons/superherosweps/lua/entities/sent_stormmissile/init.lua:69: attempt to compare nil with number
  1. unknown - addons/superherosweps/lua/entities/sent_stormmissile/init.lua:69


L 10/29/2018 - 20:36:10: Lua Error: 
[ERROR] addons/superherosweps/lua/entities/sent_stormmissile/init.lua:69: attempt to compare nil with number
  1. unknown - addons/superherosweps/lua/entities/sent_stormmissile/init.lua:69


L 10/29/2018 - 20:36:10: Lua Error: 
[ERROR] addons/superherosweps/lua/entities/sent_stormmissile/init.lua:69: attempt to compare nil with number
  1. unknown - addons/superherosweps/lua/entities/sent_stormmissile/init.lua:69


L 10/29/2018 - 20:36:10: Lua Error: 
[ERROR] addons/superherosweps/lua/entities/sent_stormmissile/init.lua:69: attempt to compare nil with number
  1. unknown - addons/superherosweps/lua/entities/sent_stormmissile/init.lua:69


L 10/29/2018 - 20:36:10: Lua Error: 
[ERROR] addons/superherosweps/lua/entities/sent_stormmissile/init.lua:69: attempt to compare nil with number
  1. unknown - addons/superherosweps/lua/entities/sent_stormmissile/init.lua:69


L 10/29/2018 - 20:36:10: Lua Error: 
[ERROR] addons/superherosweps/lua/entities/sent_stormmissile/init.lua:69: attempt to compare nil with number
  1. unknown - addons/superherosweps/lua/entities/sent_stormmissile/init.lua:69


L 10/29/2018 - 20:36:10: Lua Error: 
[ERROR] addons/superherosweps/lua/entities/sent_stormmissile/init.lua:69: attempt to compare nil with number
  1. unknown - addons/superherosweps/lua/entities/sent_stormmissile/init.lua:69


L 10/29/2018 - 20:36:10: Lua Error: 
[ERROR] addons/superherosweps/lua/entities/sent_stormmissile/init.lua:69: attempt to compare nil with number
  1. unknown - addons/superherosweps/lua/entities/sent_stormmissile/init.lua:69


L 10/29/2018 - 20:36:10: Lua Error: 
[ERROR] addons/superherosweps/lua/entities/sent_stormmissile/init.lua:69: attempt to compare nil with number
  1. unknown - addons/superherosweps/lua/entities/sent_stormmissile/init.lua:69


L 10/29/2018 - 20:36:10: Lua Error: 
[ERROR] addons/superherosweps/lua/entities/sent_stormmissile/init.lua:69: attempt to compare nil with number
  1. unknown - addons/superherosweps/lua/entities/sent_stormmissile/init.lua:69


L 10/29/2018 - 20:36:10: Lua Error: 
[ERROR] addons/superherosweps/lua/entities/sent_stormmissile/init.lua:69: attempt to compare nil with number
  1. unknown - addons/superherosweps/lua/entities/sent_stormmissile/init.lua:69


L 10/29/2018 - 20:36:10: Lua Error: 
[ERROR] addons/superherosweps/lua/entities/sent_stormmissile/init.lua:69: attempt to compare nil with number
  1. unknown - addons/superherosweps/lua/entities/sent_stormmissile/init.lua:69


L 10/29/2018 - 20:36:10: Lua Error: 
[ERROR] addons/superherosweps/lua/entities/sent_stormmissile/init.lua:69: attempt to compare nil with number
  1. unknown - addons/superherosweps/lua/entities/sent_stormmissile/init.lua:69


L 10/29/2018 - 20:36:10: Lua Error: 
[ERROR] addons/superherosweps/lua/entities/sent_stormmissile/init.lua:69: attempt to compare nil with number
  1. unknown - addons/superherosweps/lua/entities/sent_stormmissile/init.lua:69


L 10/29/2018 - 20:36:10: Lua Error: 
[ERROR] addons/superherosweps/lua/entities/sent_stormmissile/init.lua:69: attempt to compare nil with number
  1. unknown - addons/superherosweps/lua/entities/sent_stormmissile/init.lua:69


L 10/29/2018 - 20:36:10: Lua Error: 
[ERROR] addons/superherosweps/lua/entities/sent_stormmissile/init.lua:69: attempt to compare nil with number
  1. unknown - addons/superherosweps/lua/entities/sent_stormmissile/init.lua:69


L 10/29/2018 - 20:36:10: Lua Error: 
[ERROR] addons/superherosweps/lua/entities/sent_stormmissile/init.lua:69: attempt to compare nil with number
  1. unknown - addons/superherosweps/lua/entities/sent_stormmissile/init.lua:69


L 10/29/2018 - 20:36:10: Lua Error: 
[ERROR] addons/superherosweps/lua/entities/sent_stormmissile/init.lua:69: attempt to compare nil with number
  1. unknown - addons/superherosweps/lua/entities/sent_stormmissile/init.lua:69


L 10/29/2018 - 20:36:10: Lua Error: 
[ERROR] addons/superherosweps/lua/entities/sent_stormmissile/init.lua:69: attempt to compare nil with number
  1. unknown - addons/superherosweps/lua/entities/sent_stormmissile/init.lua:69


L 10/29/2018 - 20:36:10: Lua Error: 
[ERROR] addons/superherosweps/lua/entities/sent_stormmissile/init.lua:69: attempt to compare nil with number
  1. unknown - addons/superherosweps/lua/entities/sent_stormmissile/init.lua:69


L 10/29/2018 - 20:36:10: Lua Error: 
[ERROR] addons/superherosweps/lua/entities/sent_stormmissile/init.lua:69: attempt to compare nil with number
  1. unknown - addons/superherosweps/lua/entities/sent_stormmissile/init.lua:69


L 10/29/2018 - 20:36:10: Lua Error: 
[ERROR] addons/superherosweps/lua/entities/sent_stormmissile/init.lua:69: attempt to compare nil with number
  1. unknown - addons/superherosweps/lua/entities/sent_stormmissile/init.lua:69


L 10/29/2018 - 20:36:10: Lua Error: 
[ERROR] addons/superherosweps/lua/entities/sent_stormmissile/init.lua:69: attempt to compare nil with number
  1. unknown - addons/superherosweps/lua/entities/sent_stormmissile/init.lua:69


L 10/29/2018 - 20:36:10: Lua Error: 
[ERROR] addons/superherosweps/lua/entities/sent_stormmissile/init.lua:69: attempt to compare nil with number
  1. unknown - addons/superherosweps/lua/entities/sent_stormmissile/init.lua:69


L 10/29/2018 - 20:36:10: Lua Error: 
[ERROR] addons/superherosweps/lua/entities/sent_stormmissile/init.lua:69: attempt to compare nil with number
  1. unknown - addons/superherosweps/lua/entities/sent_stormmissile/init.lua:69


L 10/29/2018 - 20:36:10: Lua Error: 
[ERROR] addons/superherosweps/lua/entities/sent_stormmissile/init.lua:69: attempt to compare nil with number
  1. unknown - addons/superherosweps/lua/entities/sent_stormmissile/init.lua:69


L 10/29/2018 - 20:36:10: Lua Error: 
[ERROR] addons/superherosweps/lua/entities/sent_stormmissile/init.lua:69: attempt to compare nil with number
  1. unknown - addons/superherosweps/lua/entities/sent_stormmissile/init.lua:69


L 10/29/2018 - 20:36:10: Lua Error: 
[ERROR] addons/superherosweps/lua/entities/sent_stormmissile/init.lua:69: attempt to compare nil with number
  1. unknown - addons/superherosweps/lua/entities/sent_stormmissile/init.lua:69


L 10/29/2018 - 20:38:18: Lua Error: 
[ERROR] addons/superherosweps/lua/entities/sent_stormmissile/init.lua:123: attempt to call method 'Stop' (a nil value)
  1. unknown - addons/superherosweps/lua/entities/sent_stormmissile/init.lua:123


L 10/29/2018 - 20:38:18: Lua Error: 
[ERROR] addons/superherosweps/lua/entities/sent_stormmissile/init.lua:123: attempt to call method 'Stop' (a nil value)
  1. unknown - addons/superherosweps/lua/entities/sent_stormmissile/init.lua:123


L 10/29/2018 - 20:38:18: Lua Error: 
[ERROR] addons/superherosweps/lua/entities/sent_stormmissile/init.lua:123: attempt to call method 'Stop' (a nil value)
  1. unknown - addons/superherosweps/lua/entities/sent_stormmissile/init.lua:123


L 10/29/2018 - 20:38:18: Lua Error: 
[ERROR] addons/superherosweps/lua/entities/sent_stormmissile/init.lua:123: attempt to call method 'Stop' (a nil value)
  1. unknown - addons/superherosweps/lua/entities/sent_stormmissile/init.lua:123


L 10/29/2018 - 20:38:18: Lua Error: 
[ERROR] addons/superherosweps/lua/entities/sent_stormmissile/init.lua:123: attempt to call method 'Stop' (a nil value)
  1. unknown - addons/superherosweps/lua/entities/sent_stormmissile/init.lua:123


L 10/29/2018 - 20:38:18: Lua Error: 
[ERROR] addons/superherosweps/lua/entities/sent_stormmissile/init.lua:123: attempt to call method 'Stop' (a nil value)
  1. unknown - addons/superherosweps/lua/entities/sent_stormmissile/init.lua:123


L 10/29/2018 - 20:38:18: Lua Error: 
[ERROR] addons/superherosweps/lua/entities/sent_stormmissile/init.lua:123: attempt to call method 'Stop' (a nil value)
  1. unknown - addons/superherosweps/lua/entities/sent_stormmissile/init.lua:123


L 10/29/2018 - 20:38:18: Lua Error: 
[ERROR] addons/superherosweps/lua/entities/sent_stormmissile/init.lua:123: attempt to call method 'Stop' (a nil value)
  1. unknown - addons/superherosweps/lua/entities/sent_stormmissile/init.lua:123


L 10/29/2018 - 20:38:18: Lua Error: 
[ERROR] addons/superherosweps/lua/entities/sent_stormmissile/init.lua:123: attempt to call method 'Stop' (a nil value)
  1. unknown - addons/superherosweps/lua/entities/sent_stormmissile/init.lua:123


L 10/29/2018 - 20:38:18: Lua Error: 
[ERROR] addons/superherosweps/lua/entities/sent_stormmissile/init.lua:123: attempt to call method 'Stop' (a nil value)
  1. unknown - addons/superherosweps/lua/entities/sent_stormmissile/init.lua:123


L 10/29/2018 - 20:47:06: Lua Error: 
[ERROR] addons/superherosweps/lua/entities/sent_stormmissile/init.lua:123: attempt to call method 'Stop' (a nil value)
  1. unknown - addons/superherosweps/lua/entities/sent_stormmissile/init.lua:123


L 10/29/2018 - 20:47:06: Lua Error: 
[ERROR] addons/superherosweps/lua/entities/sent_stormmissile/init.lua:123: attempt to call method 'Stop' (a nil value)
  1. unknown - addons/superherosweps/lua/entities/sent_stormmissile/init.lua:123


L 10/29/2018 - 20:47:06: Lua Error: 
[ERROR] addons/superherosweps/lua/entities/sent_stormmissile/init.lua:123: attempt to call method 'Stop' (a nil value)
  1. unknown - addons/superherosweps/lua/entities/sent_stormmissile/init.lua:123


L 10/29/2018 - 20:47:06: Lua Error: 
[ERROR] addons/superherosweps/lua/entities/sent_stormmissile/init.lua:123: attempt to call method 'Stop' (a nil value)
  1. unknown - addons/superherosweps/lua/entities/sent_stormmissile/init.lua:123


L 10/29/2018 - 20:47:06: Lua Error: 
[ERROR] addons/superherosweps/lua/entities/sent_stormmissile/init.lua:123: attempt to call method 'Stop' (a nil value)
  1. unknown - addons/superherosweps/lua/entities/sent_stormmissile/init.lua:123


L 10/29/2018 - 20:47:06: Lua Error: 
[ERROR] addons/superherosweps/lua/entities/sent_stormmissile/init.lua:123: attempt to call method 'Stop' (a nil value)
  1. unknown - addons/superherosweps/lua/entities/sent_stormmissile/init.lua:123


L 10/29/2018 - 20:47:06: Lua Error: 
[ERROR] addons/superherosweps/lua/entities/sent_stormmissile/init.lua:123: attempt to call method 'Stop' (a nil value)
  1. unknown - addons/superherosweps/lua/entities/sent_stormmissile/init.lua:123


L 10/29/2018 - 20:47:06: Lua Error: 
[ERROR] addons/superherosweps/lua/entities/sent_stormmissile/init.lua:123: attempt to call method 'Stop' (a nil value)
  1. unknown - addons/superherosweps/lua/entities/sent_stormmissile/init.lua:123


L 10/29/2018 - 20:47:06: Lua Error: 
[ERROR] addons/superherosweps/lua/entities/sent_stormmissile/init.lua:123: attempt to call method 'Stop' (a nil value)
  1. unknown - addons/superherosweps/lua/entities/sent_stormmissile/init.lua:123


L 10/29/2018 - 20:47:06: Lua Error: 
[ERROR] addons/superherosweps/lua/entities/sent_stormmissile/init.lua:123: attempt to call method 'Stop' (a nil value)
  1. unknown - addons/superherosweps/lua/entities/sent_stormmissile/init.lua:123


L 10/29/2018 - 20:49:50: Lua Error: [AddCSLuaFile] Couldn't find 'weapons/weapon_iron_man/cl_init.lua' (<nowhere>)

L 10/29/2018 - 20:49:50: Lua Error: [AddCSLuaFile] Couldn't find 'cl_init.lua' (@addons/superherosweps/lua/weapons/weapon_iron_man/init.lua (line 1))

L 10/29/2018 - 20:49:54: [FAdmin] DidVaitel (STEAM_0:1:74202541) Got killed by DidVaitel with a player
L 10/29/2018 - 20:49:55: [FAdmin] DidVaitel (STEAM_0:1:74202541) Spawned
L 10/29/2018 - 20:49:55: [FAdmin] DidVaitel (STEAM_0:1:74202541) Attempted to pick up a keys
L 10/29/2018 - 20:49:55: [FAdmin] DidVaitel (STEAM_0:1:74202541) Attempted to pick up a weapon_physcannon
L 10/29/2018 - 20:49:55: [FAdmin] DidVaitel (STEAM_0:1:74202541) Attempted to pick up a gmod_camera
L 10/29/2018 - 20:49:55: [FAdmin] DidVaitel (STEAM_0:1:74202541) Attempted to pick up a gmod_tool
L 10/29/2018 - 20:49:55: [FAdmin] DidVaitel (STEAM_0:1:74202541) Attempted to pick up a pocket
L 10/29/2018 - 20:49:55: [FAdmin] DidVaitel (STEAM_0:1:74202541) Attempted to pick up a weapon_physgun
L 10/29/2018 - 20:49:55: [FAdmin] DidVaitel (STEAM_0:1:74202541) Attempted to pick up a weapon_keypadchecker
L 10/29/2018 - 20:49:55: [FAdmin] DidVaitel (STEAM_0:1:74202541) Attempted to pick up a door_ram
L 10/29/2018 - 20:49:55: [FAdmin] DidVaitel (STEAM_0:1:74202541) Attempted to pick up a arrest_stick
L 10/29/2018 - 20:49:55: [FAdmin] DidVaitel (STEAM_0:1:74202541) Attempted to pick up a unarrest_stick
L 10/29/2018 - 20:49:55: [FAdmin] DidVaitel (STEAM_0:1:74202541) Attempted to pick up a stunstick
L 10/29/2018 - 20:49:55: [FAdmin] DidVaitel (STEAM_0:1:74202541) Attempted to pick up a weaponchecker
L 10/29/2018 - 20:49:56: [FAdmin] DidVaitel (STEAM_0:1:74202541) Gave himself a weapon_iron_man
L 10/29/2018 - 20:49:56: Lua Error: 
[ERROR] addons/superherosweps/lua/weapons/weapon_iron_man/init.lua:155: attempt to index global 'ply' (a nil value)
  1. unknown - addons/superherosweps/lua/weapons/weapon_iron_man/init.lua:155
   2. SelectWeapon - [C]:-1
    3. unknown - gamemodes/sandbox/gamemode/commands.lua:752
     4. unknown - lua/includes/modules/concommand.lua:54


L 10/29/2018 - 20:49:56: [FAdmin] DidVaitel (STEAM_0:1:74202541) Attempted to pick up a weapon_iron_man
L 10/29/2018 - 20:50:05: Lua Error: [AddCSLuaFile] Couldn't find 'weapons/weapon_iron_man/cl_init.lua' (<nowhere>)

L 10/29/2018 - 20:50:05: Lua Error: [AddCSLuaFile] Couldn't find 'cl_init.lua' (@addons/superherosweps/lua/weapons/weapon_iron_man/init.lua (line 1))

L 10/29/2018 - 20:50:18: [FAdmin] DidVaitel (STEAM_0:1:74202541) Attempted to use tool camera
L 10/29/2018 - 20:50:20: Lua Error: 
[ERROR] addons/superherosweps/lua/weapons/weapon_iron_man/init.lua:155: attempt to index global 'ply' (a nil value)
  1. unknown - addons/superherosweps/lua/weapons/weapon_iron_man/init.lua:155


L 10/29/2018 - 20:51:05: Lua Error: [AddCSLuaFile] Couldn't find 'weapons/weapon_iron_man/cl_init.lua' (<nowhere>)

L 10/29/2018 - 20:51:05: Lua Error: [AddCSLuaFile] Couldn't find 'cl_init.lua' (@addons/superherosweps/lua/weapons/weapon_iron_man/init.lua (line 1))

L 10/29/2018 - 20:51:16: Lua Error: [AddCSLuaFile] Couldn't find 'weapons/weapon_iron_man/cl_init.lua' (<nowhere>)

L 10/29/2018 - 20:51:16: Lua Error: [AddCSLuaFile] Couldn't find 'cl_init.lua' (@addons/superherosweps/lua/weapons/weapon_iron_man/init.lua (line 1))

L 10/29/2018 - 20:51:33: Lua Error: [AddCSLuaFile] Couldn't find 'weapons/weapon_iron_man/cl_init.lua' (<nowhere>)

L 10/29/2018 - 20:51:33: Lua Error: [AddCSLuaFile] Couldn't find 'cl_init.lua' (@addons/superherosweps/lua/weapons/weapon_iron_man/init.lua (line 1))

L 10/29/2018 - 20:51:47: Lua Error: [AddCSLuaFile] Couldn't find 'weapons/weapon_iron_man/cl_init.lua' (<nowhere>)

L 10/29/2018 - 20:51:47: Lua Error: [AddCSLuaFile] Couldn't find 'cl_init.lua' (@addons/superherosweps/lua/weapons/weapon_iron_man/init.lua (line 1))

L 10/29/2018 - 20:51:57: Lua Error: [AddCSLuaFile] Couldn't find 'weapons/weapon_iron_man/cl_init.lua' (<nowhere>)

L 10/29/2018 - 20:51:57: Lua Error: [AddCSLuaFile] Couldn't find 'cl_init.lua' (@addons/superherosweps/lua/weapons/weapon_iron_man/init.lua (line 1))

L 10/29/2018 - 20:52:14: Lua Error: [AddCSLuaFile] Couldn't find 'weapons/weapon_iron_man/cl_init.lua' (<nowhere>)

L 10/29/2018 - 20:52:14: Lua Error: [AddCSLuaFile] Couldn't find 'cl_init.lua' (@addons/superherosweps/lua/weapons/weapon_iron_man/init.lua (line 1))

L 10/29/2018 - 20:52:23: Lua Error: [AddCSLuaFile] Couldn't find 'weapons/weapon_iron_man/cl_init.lua' (<nowhere>)

L 10/29/2018 - 20:52:23: Lua Error: [AddCSLuaFile] Couldn't find 'cl_init.lua' (@addons/superherosweps/lua/weapons/weapon_iron_man/init.lua (line 1))

L 10/29/2018 - 20:52:24: Lua Error: [AddCSLuaFile] Couldn't find 'weapons/weapon_iron_man/cl_init.lua' (<nowhere>)

L 10/29/2018 - 20:52:24: Lua Error: [AddCSLuaFile] Couldn't find 'cl_init.lua' (@addons/superherosweps/lua/weapons/weapon_iron_man/init.lua (line 1))

L 10/29/2018 - 20:52:30: Lua Error: [AddCSLuaFile] Couldn't find 'weapons/weapon_iron_man/cl_init.lua' (<nowhere>)

L 10/29/2018 - 20:52:30: Lua Error: [AddCSLuaFile] Couldn't find 'cl_init.lua' (@addons/superherosweps/lua/weapons/weapon_iron_man/init.lua (line 1))

L 10/29/2018 - 20:52:57: Lua Error: [AddCSLuaFile] Couldn't find 'weapons/weapon_iron_man/cl_init.lua' (<nowhere>)

L 10/29/2018 - 20:52:57: Lua Error: [AddCSLuaFile] Couldn't find 'cl_init.lua' (@addons/superherosweps/lua/weapons/weapon_iron_man/init.lua (line 1))

L 10/29/2018 - 20:54:32: Lua Error: [AddCSLuaFile] Couldn't find 'weapons/weapon_iron_man/cl_init.lua' (<nowhere>)

L 10/29/2018 - 20:54:32: Lua Error: [AddCSLuaFile] Couldn't find 'cl_init.lua' (@addons/superherosweps/lua/weapons/weapon_iron_man/init.lua (line 1))

L 10/29/2018 - 20:55:34: [FAdmin] DidVaitel (STEAM_0:1:74202541) Spawned a strangebeam
L 10/29/2018 - 20:55:34: [ULX] DidVaitel<STEAM_0:1:74202541> spawned sent strangebeam
L 10/29/2018 - 20:55:36: [FAdmin] DidVaitel (STEAM_0:1:74202541) Spawned a strangebeam
L 10/29/2018 - 20:55:36: [ULX] DidVaitel<STEAM_0:1:74202541> spawned sent strangebeam
L 10/29/2018 - 20:55:36: [FAdmin] DidVaitel (STEAM_0:1:74202541) Spawned a strangebeam
L 10/29/2018 - 20:55:36: [ULX] DidVaitel<STEAM_0:1:74202541> spawned sent strangebeam
L 10/29/2018 - 20:55:37: [FAdmin] DidVaitel (STEAM_0:1:74202541) Spawned a strangebeam
L 10/29/2018 - 20:55:37: [ULX] DidVaitel<STEAM_0:1:74202541> spawned sent strangebeam
L 10/29/2018 - 20:55:37: [FAdmin] DidVaitel (STEAM_0:1:74202541) Spawned a strangebeam
L 10/29/2018 - 20:55:37: [ULX] DidVaitel<STEAM_0:1:74202541> spawned sent strangebeam
L 10/29/2018 - 20:56:01: [FAdmin] DidVaitel (STEAM_0:1:74202541) Spawned a strangebeam
L 10/29/2018 - 20:56:01: [ULX] DidVaitel<STEAM_0:1:74202541> spawned sent strangebeam
L 10/29/2018 - 20:56:04: [FAdmin] DidVaitel (STEAM_0:1:74202541) Spawned a strangebeam
L 10/29/2018 - 20:56:04: [ULX] DidVaitel<STEAM_0:1:74202541> spawned sent strangebeam
L 10/29/2018 - 20:56:05: [FAdmin] DidVaitel (STEAM_0:1:74202541) Spawned a strangebeam
L 10/29/2018 - 20:56:05: [ULX] DidVaitel<STEAM_0:1:74202541> spawned sent strangebeam
L 10/29/2018 - 20:56:05: [FAdmin] DidVaitel (STEAM_0:1:74202541) Spawned a strangebeam
L 10/29/2018 - 20:56:05: [ULX] DidVaitel<STEAM_0:1:74202541> spawned sent strangebeam
L 10/29/2018 - 20:56:05: [FAdmin] DidVaitel (STEAM_0:1:74202541) Spawned a strangebeam
L 10/29/2018 - 20:56:05: [ULX] DidVaitel<STEAM_0:1:74202541> spawned sent strangebeam
L 10/29/2018 - 20:56:06: [FAdmin] DidVaitel (STEAM_0:1:74202541) Spawned a strangebeam
L 10/29/2018 - 20:56:06: [ULX] DidVaitel<STEAM_0:1:74202541> spawned sent strangebeam
L 10/29/2018 - 20:59:05: Lua Error: 
[ERROR] addons/superherosweps/lua/weapons/weapon_iron_man/init.lua:155: attempt to index global 'ply' (a nil value)
  1. unknown - addons/superherosweps/lua/weapons/weapon_iron_man/init.lua:155


L 10/29/2018 - 21:01:36: Lua Error: [AddCSLuaFile] Couldn't find 'weapons/weapon_iron_man/cl_init.lua' (<nowhere>)

L 10/29/2018 - 21:01:36: Lua Error: [AddCSLuaFile] Couldn't find 'cl_init.lua' (@addons/superherosweps/lua/weapons/weapon_iron_man/init.lua (line 1))

L 10/29/2018 - 21:01:41: Lua Error: [AddCSLuaFile] Couldn't find 'weapons/weapon_iron_man/cl_init.lua' (<nowhere>)

L 10/29/2018 - 21:01:41: Lua Error: [AddCSLuaFile] Couldn't find 'cl_init.lua' (@addons/superherosweps/lua/weapons/weapon_iron_man/init.lua (line 1))

L 10/29/2018 - 21:02:55: Lua Error: [AddCSLuaFile] Couldn't find 'weapons/weapon_iron_man/cl_init.lua' (<nowhere>)

L 10/29/2018 - 21:02:55: Lua Error: 
[ERROR] addons/superherosweps/lua/weapons/weapon_iron_man/init.lua:204: ')' expected near 'boneIndex'
  1. unknown - addons/superherosweps/lua/weapons/weapon_iron_man/init.lua:0


L 10/29/2018 - 21:03:04: Lua Error: [AddCSLuaFile] Couldn't find 'weapons/weapon_iron_man/cl_init.lua' (<nowhere>)

L 10/29/2018 - 21:03:04: Lua Error: [AddCSLuaFile] Couldn't find 'cl_init.lua' (@addons/superherosweps/lua/weapons/weapon_iron_man/init.lua (line 1))

L 10/29/2018 - 21:03:42: Lua Error: [AddCSLuaFile] Couldn't find 'weapons/weapon_iron_man/cl_init.lua' (<nowhere>)

L 10/29/2018 - 21:03:42: Lua Error: [AddCSLuaFile] Couldn't find 'cl_init.lua' (@addons/superherosweps/lua/weapons/weapon_iron_man/init.lua (line 1))

L 10/29/2018 - 21:03:46: Lua Error: [AddCSLuaFile] Couldn't find 'weapons/weapon_iron_man/cl_init.lua' (<nowhere>)

L 10/29/2018 - 21:03:46: Lua Error: [AddCSLuaFile] Couldn't find 'cl_init.lua' (@addons/superherosweps/lua/weapons/weapon_iron_man/init.lua (line 1))

L 10/29/2018 - 21:03:59: Lua Error: [AddCSLuaFile] Couldn't find 'weapons/weapon_iron_man/cl_init.lua' (<nowhere>)

L 10/29/2018 - 21:03:59: Lua Error: [AddCSLuaFile] Couldn't find 'cl_init.lua' (@addons/superherosweps/lua/weapons/weapon_iron_man/init.lua (line 1))

L 10/29/2018 - 21:04:06: [FAdmin] DidVaitel (STEAM_0:1:74202541) Attempted to switch noclip
L 10/29/2018 - 21:04:16: [FAdmin] DidVaitel (STEAM_0:1:74202541) Attempted to use tool camera
L 10/29/2018 - 21:04:22: Lua Error: 
[ERROR] addons/superherosweps/lua/weapons/weapon_iron_man/init.lua:155: attempt to index global 'ply' (a nil value)
  1. unknown - addons/superherosweps/lua/weapons/weapon_iron_man/init.lua:155


L 10/29/2018 - 21:04:39: Lua Error: [AddCSLuaFile] Couldn't find 'weapons/weapon_iron_man/cl_init.lua' (<nowhere>)

L 10/29/2018 - 21:04:39: Lua Error: [AddCSLuaFile] Couldn't find 'cl_init.lua' (@addons/superherosweps/lua/weapons/weapon_iron_man/init.lua (line 1))

L 10/29/2018 - 21:04:43: Lua Error: [AddCSLuaFile] Couldn't find 'weapons/weapon_iron_man/cl_init.lua' (<nowhere>)

L 10/29/2018 - 21:04:43: Lua Error: [AddCSLuaFile] Couldn't find 'cl_init.lua' (@addons/superherosweps/lua/weapons/weapon_iron_man/init.lua (line 1))

L 10/29/2018 - 21:04:47: Lua Error: [AddCSLuaFile] Couldn't find 'weapons/weapon_iron_man/cl_init.lua' (<nowhere>)

L 10/29/2018 - 21:04:47: Lua Error: [AddCSLuaFile] Couldn't find 'cl_init.lua' (@addons/superherosweps/lua/weapons/weapon_iron_man/init.lua (line 1))

L 10/29/2018 - 21:05:02: [FAdmin] DidVaitel (STEAM_0:1:74202541) Attempted to switch noclip
L 10/29/2018 - 21:05:07: [FAdmin] DidVaitel (STEAM_0:1:74202541) Attempted to use tool camera
L 10/29/2018 - 21:05:09: Lua Error: 
[ERROR] addons/superherosweps/lua/weapons/weapon_iron_man/init.lua:155: attempt to index global 'ply' (a nil value)
  1. unknown - addons/superherosweps/lua/weapons/weapon_iron_man/init.lua:155


L 10/29/2018 - 21:05:23: Lua Error: [AddCSLuaFile] Couldn't find 'weapons/weapon_iron_man/cl_init.lua' (<nowhere>)

L 10/29/2018 - 21:05:23: Lua Error: [AddCSLuaFile] Couldn't find 'cl_init.lua' (@addons/superherosweps/lua/weapons/weapon_iron_man/init.lua (line 1))

L 10/29/2018 - 21:05:50: Lua Error: [AddCSLuaFile] Couldn't find 'weapons/weapon_iron_man/cl_init.lua' (<nowhere>)

L 10/29/2018 - 21:05:50: Lua Error: [AddCSLuaFile] Couldn't find 'cl_init.lua' (@addons/superherosweps/lua/weapons/weapon_iron_man/init.lua (line 1))

L 10/29/2018 - 21:06:04: Lua Error: [AddCSLuaFile] Couldn't find 'weapons/weapon_iron_man/cl_init.lua' (<nowhere>)

L 10/29/2018 - 21:06:04: Lua Error: [AddCSLuaFile] Couldn't find 'cl_init.lua' (@addons/superherosweps/lua/weapons/weapon_iron_man/init.lua (line 1))

L 10/29/2018 - 21:06:10: Lua Error: [AddCSLuaFile] Couldn't find 'weapons/weapon_iron_man/cl_init.lua' (<nowhere>)

L 10/29/2018 - 21:06:10: Lua Error: [AddCSLuaFile] Couldn't find 'cl_init.lua' (@addons/superherosweps/lua/weapons/weapon_iron_man/init.lua (line 1))

L 10/29/2018 - 21:06:19: Lua Error: [AddCSLuaFile] Couldn't find 'weapons/weapon_iron_man/cl_init.lua' (<nowhere>)

L 10/29/2018 - 21:06:19: Lua Error: [AddCSLuaFile] Couldn't find 'cl_init.lua' (@addons/superherosweps/lua/weapons/weapon_iron_man/init.lua (line 1))

L 10/29/2018 - 21:06:29: [FAdmin] DidVaitel (STEAM_0:1:74202541) Attempted to switch noclip
L 10/29/2018 - 21:06:31: [FAdmin] DidVaitel (STEAM_0:1:74202541) Attempted to switch noclip
L 10/29/2018 - 21:06:56: Lua Error: [AddCSLuaFile] Couldn't find 'weapons/weapon_iron_man/cl_init.lua' (<nowhere>)

L 10/29/2018 - 21:06:56: Lua Error: [AddCSLuaFile] Couldn't find 'cl_init.lua' (@addons/superherosweps/lua/weapons/weapon_iron_man/init.lua (line 1))

L 10/29/2018 - 21:07:07: Lua Error: [AddCSLuaFile] Couldn't find 'weapons/weapon_iron_man/cl_init.lua' (<nowhere>)

L 10/29/2018 - 21:07:07: Lua Error: [AddCSLuaFile] Couldn't find 'cl_init.lua' (@addons/superherosweps/lua/weapons/weapon_iron_man/init.lua (line 1))

L 10/29/2018 - 21:08:19: Lua Error: [AddCSLuaFile] Couldn't find 'weapons/weapon_iron_man/cl_init.lua' (<nowhere>)

L 10/29/2018 - 21:08:19: Lua Error: [AddCSLuaFile] Couldn't find 'cl_init.lua' (@addons/superherosweps/lua/weapons/weapon_iron_man/init.lua (line 1))

L 10/29/2018 - 21:08:22: Lua Error: [AddCSLuaFile] Couldn't find 'weapons/weapon_iron_man/cl_init.lua' (<nowhere>)

L 10/29/2018 - 21:08:22: Lua Error: [AddCSLuaFile] Couldn't find 'cl_init.lua' (@addons/superherosweps/lua/weapons/weapon_iron_man/init.lua (line 1))

L 10/29/2018 - 21:08:35: Lua Error: [AddCSLuaFile] Couldn't find 'weapons/weapon_iron_man/cl_init.lua' (<nowhere>)

L 10/29/2018 - 21:08:35: Lua Error: [AddCSLuaFile] Couldn't find 'cl_init.lua' (@addons/superherosweps/lua/weapons/weapon_iron_man/init.lua (line 1))

L 10/29/2018 - 21:08:54: Lua Error: [AddCSLuaFile] Couldn't find 'weapons/weapon_iron_man/cl_init.lua' (<nowhere>)

L 10/29/2018 - 21:08:54: Lua Error: [AddCSLuaFile] Couldn't find 'cl_init.lua' (@addons/superherosweps/lua/weapons/weapon_iron_man/init.lua (line 1))

L 10/29/2018 - 21:09:01: [FAdmin] DidVaitel (STEAM_0:1:74202541) Got killed by DidVaitel with a player
L 10/29/2018 - 21:09:02: [FAdmin] DidVaitel (STEAM_0:1:74202541) Spawned
L 10/29/2018 - 21:09:02: [FAdmin] DidVaitel (STEAM_0:1:74202541) Attempted to pick up a keys
L 10/29/2018 - 21:09:02: [FAdmin] DidVaitel (STEAM_0:1:74202541) Attempted to pick up a weapon_physcannon
L 10/29/2018 - 21:09:02: [FAdmin] DidVaitel (STEAM_0:1:74202541) Attempted to pick up a gmod_camera
L 10/29/2018 - 21:09:02: [FAdmin] DidVaitel (STEAM_0:1:74202541) Attempted to pick up a gmod_tool
L 10/29/2018 - 21:09:02: [FAdmin] DidVaitel (STEAM_0:1:74202541) Attempted to pick up a pocket
L 10/29/2018 - 21:09:02: [FAdmin] DidVaitel (STEAM_0:1:74202541) Attempted to pick up a weapon_physgun
L 10/29/2018 - 21:09:02: [FAdmin] DidVaitel (STEAM_0:1:74202541) Attempted to pick up a weapon_keypadchecker
L 10/29/2018 - 21:09:02: [FAdmin] DidVaitel (STEAM_0:1:74202541) Attempted to pick up a door_ram
L 10/29/2018 - 21:09:02: [FAdmin] DidVaitel (STEAM_0:1:74202541) Attempted to pick up a arrest_stick
L 10/29/2018 - 21:09:02: [FAdmin] DidVaitel (STEAM_0:1:74202541) Attempted to pick up a unarrest_stick
L 10/29/2018 - 21:09:02: [FAdmin] DidVaitel (STEAM_0:1:74202541) Attempted to pick up a stunstick
L 10/29/2018 - 21:09:02: [FAdmin] DidVaitel (STEAM_0:1:74202541) Attempted to pick up a weaponchecker
L 10/29/2018 - 21:09:02: [FAdmin] DidVaitel (STEAM_0:1:74202541) Spawned a strangebeam
L 10/29/2018 - 21:09:02: [ULX] DidVaitel<STEAM_0:1:74202541> spawned sent strangebeam
L 10/29/2018 - 21:09:05: [FAdmin] DidVaitel (STEAM_0:1:74202541) Gave himself a weapon_iron_man
L 10/29/2018 - 21:09:05: [FAdmin] DidVaitel (STEAM_0:1:74202541) Attempted to pick up a weapon_iron_man
L 10/29/2018 - 21:09:05: [FAdmin] DidVaitel (STEAM_0:1:74202541) Gave himself a weapon_iron_man
L 10/29/2018 - 21:09:20: Lua Error: [AddCSLuaFile] Couldn't find 'weapons/weapon_iron_man/cl_init.lua' (<nowhere>)

L 10/29/2018 - 21:09:20: Lua Error: [AddCSLuaFile] Couldn't find 'cl_init.lua' (@addons/superherosweps/lua/weapons/weapon_iron_man/init.lua (line 1))

L 10/29/2018 - 21:09:22: [FAdmin] DidVaitel (STEAM_0:1:74202541) Got killed by DidVaitel with a player
L 10/29/2018 - 21:09:23: [FAdmin] DidVaitel (STEAM_0:1:74202541) Spawned
L 10/29/2018 - 21:09:23: [FAdmin] DidVaitel (STEAM_0:1:74202541) Attempted to pick up a keys
L 10/29/2018 - 21:09:23: [FAdmin] DidVaitel (STEAM_0:1:74202541) Attempted to pick up a weapon_physcannon
L 10/29/2018 - 21:09:23: [FAdmin] DidVaitel (STEAM_0:1:74202541) Attempted to pick up a gmod_camera
L 10/29/2018 - 21:09:23: [FAdmin] DidVaitel (STEAM_0:1:74202541) Attempted to pick up a gmod_tool
L 10/29/2018 - 21:09:23: [FAdmin] DidVaitel (STEAM_0:1:74202541) Attempted to pick up a pocket
L 10/29/2018 - 21:09:23: [FAdmin] DidVaitel (STEAM_0:1:74202541) Attempted to pick up a weapon_physgun
L 10/29/2018 - 21:09:23: [FAdmin] DidVaitel (STEAM_0:1:74202541) Attempted to pick up a weapon_keypadchecker
L 10/29/2018 - 21:09:23: [FAdmin] DidVaitel (STEAM_0:1:74202541) Attempted to pick up a door_ram
L 10/29/2018 - 21:09:23: [FAdmin] DidVaitel (STEAM_0:1:74202541) Attempted to pick up a arrest_stick
L 10/29/2018 - 21:09:23: [FAdmin] DidVaitel (STEAM_0:1:74202541) Attempted to pick up a unarrest_stick
L 10/29/2018 - 21:09:23: [FAdmin] DidVaitel (STEAM_0:1:74202541) Attempted to pick up a stunstick
L 10/29/2018 - 21:09:23: [FAdmin] DidVaitel (STEAM_0:1:74202541) Attempted to pick up a weaponchecker
L 10/29/2018 - 21:09:23: [FAdmin] DidVaitel (STEAM_0:1:74202541) Gave himself a weapon_iron_man
L 10/29/2018 - 21:09:23: [FAdmin] DidVaitel (STEAM_0:1:74202541) Attempted to pick up a weapon_iron_man
L 10/29/2018 - 21:09:58: Lua Error: [AddCSLuaFile] Couldn't find 'weapons/weapon_iron_man/cl_init.lua' (<nowhere>)

L 10/29/2018 - 21:09:58: Lua Error: [AddCSLuaFile] Couldn't find 'cl_init.lua' (@addons/superherosweps/lua/weapons/weapon_iron_man/init.lua (line 1))

L 10/29/2018 - 21:10:10: [FAdmin] DidVaitel (STEAM_0:1:74202541) Attempted to switch noclip
L 10/29/2018 - 21:10:11: [FAdmin] DidVaitel (STEAM_0:1:74202541) Attempted to switch noclip
L 10/29/2018 - 21:10:47: Lua Error: [AddCSLuaFile] Couldn't find 'weapons/weapon_iron_man/cl_init.lua' (<nowhere>)

L 10/29/2018 - 21:10:47: Lua Error: [AddCSLuaFile] Couldn't find 'cl_init.lua' (@addons/superherosweps/lua/weapons/weapon_iron_man/init.lua (line 1))

L 10/29/2018 - 21:10:48: Lua Error: [AddCSLuaFile] Couldn't find 'weapons/weapon_iron_man/cl_init.lua' (<nowhere>)

L 10/29/2018 - 21:10:48: Lua Error: [AddCSLuaFile] Couldn't find 'cl_init.lua' (@addons/superherosweps/lua/weapons/weapon_iron_man/init.lua (line 1))

L 10/29/2018 - 21:11:00: Lua Error: [AddCSLuaFile] Couldn't find 'weapons/weapon_iron_man/cl_init.lua' (<nowhere>)

L 10/29/2018 - 21:11:00: Lua Error: [AddCSLuaFile] Couldn't find 'cl_init.lua' (@addons/superherosweps/lua/weapons/weapon_iron_man/init.lua (line 1))

L 10/29/2018 - 21:11:02: Lua Error: [AddCSLuaFile] Couldn't find 'weapons/weapon_iron_man/cl_init.lua' (<nowhere>)

L 10/29/2018 - 21:11:02: Lua Error: [AddCSLuaFile] Couldn't find 'cl_init.lua' (@addons/superherosweps/lua/weapons/weapon_iron_man/init.lua (line 1))

L 10/29/2018 - 21:11:02: Lua Error: [AddCSLuaFile] Couldn't find 'weapons/weapon_iron_man/cl_init.lua' (<nowhere>)

L 10/29/2018 - 21:11:02: Lua Error: [AddCSLuaFile] Couldn't find 'cl_init.lua' (@addons/superherosweps/lua/weapons/weapon_iron_man/init.lua (line 1))

L 10/29/2018 - 21:11:16: [FAdmin] DidVaitel (STEAM_0:1:74202541) Attempted to switch noclip
L 10/29/2018 - 21:11:34: [FAdmin] DidVaitel (STEAM_0:1:74202541) Attempted to switch noclip
L 10/29/2018 - 21:12:43: Lua Error: [AddCSLuaFile] Couldn't find 'weapons/weapon_iron_man/cl_init.lua' (<nowhere>)

L 10/29/2018 - 21:12:43: Lua Error: [AddCSLuaFile] Couldn't find 'cl_init.lua' (@addons/superherosweps/lua/weapons/weapon_iron_man/init.lua (line 1))

L 10/29/2018 - 21:12:45: Lua Error: 
[ERROR] addons/superherosweps/lua/weapons/weapon_iron_man/shared.lua:55: attempt to index global 'trace' (a nil value)
  1. unknown - addons/superherosweps/lua/weapons/weapon_iron_man/shared.lua:55


L 10/29/2018 - 21:12:46: Lua Error: 
[ERROR] addons/superherosweps/lua/weapons/weapon_iron_man/shared.lua:55: attempt to index global 'trace' (a nil value)
  1. unknown - addons/superherosweps/lua/weapons/weapon_iron_man/shared.lua:55


L 10/29/2018 - 21:12:47: Lua Error: 
[ERROR] addons/superherosweps/lua/weapons/weapon_iron_man/shared.lua:55: attempt to index global 'trace' (a nil value)
  1. unknown - addons/superherosweps/lua/weapons/weapon_iron_man/shared.lua:55


L 10/29/2018 - 21:12:48: Lua Error: 
[ERROR] addons/superherosweps/lua/weapons/weapon_iron_man/shared.lua:55: attempt to index global 'trace' (a nil value)
  1. unknown - addons/superherosweps/lua/weapons/weapon_iron_man/shared.lua:55


L 10/29/2018 - 21:12:49: Lua Error: 
[ERROR] addons/superherosweps/lua/weapons/weapon_iron_man/shared.lua:55: attempt to index global 'trace' (a nil value)
  1. unknown - addons/superherosweps/lua/weapons/weapon_iron_man/shared.lua:55


L 10/29/2018 - 21:12:49: Lua Error: 
[ERROR] addons/superherosweps/lua/weapons/weapon_iron_man/shared.lua:55: attempt to index global 'trace' (a nil value)
  1. unknown - addons/superherosweps/lua/weapons/weapon_iron_man/shared.lua:55


L 10/29/2018 - 21:12:50: Lua Error: 
[ERROR] addons/superherosweps/lua/weapons/weapon_iron_man/shared.lua:55: attempt to index global 'trace' (a nil value)
  1. unknown - addons/superherosweps/lua/weapons/weapon_iron_man/shared.lua:55


L 10/29/2018 - 21:12:50: Lua Error: 
[ERROR] addons/superherosweps/lua/weapons/weapon_iron_man/shared.lua:55: attempt to index global 'trace' (a nil value)
  1. unknown - addons/superherosweps/lua/weapons/weapon_iron_man/shared.lua:55


L 10/29/2018 - 21:12:50: Lua Error: 
[ERROR] addons/superherosweps/lua/weapons/weapon_iron_man/shared.lua:55: attempt to index global 'trace' (a nil value)
  1. unknown - addons/superherosweps/lua/weapons/weapon_iron_man/shared.lua:55


L 10/29/2018 - 21:12:50: Lua Error: 
[ERROR] addons/superherosweps/lua/weapons/weapon_iron_man/shared.lua:55: attempt to index global 'trace' (a nil value)
  1. unknown - addons/superherosweps/lua/weapons/weapon_iron_man/shared.lua:55


L 10/29/2018 - 21:12:51: Lua Error: 
[ERROR] addons/superherosweps/lua/weapons/weapon_iron_man/shared.lua:55: attempt to index global 'trace' (a nil value)
  1. unknown - addons/superherosweps/lua/weapons/weapon_iron_man/shared.lua:55


L 10/29/2018 - 21:12:51: Lua Error: 
[ERROR] addons/superherosweps/lua/weapons/weapon_iron_man/shared.lua:55: attempt to index global 'trace' (a nil value)
  1. unknown - addons/superherosweps/lua/weapons/weapon_iron_man/shared.lua:55


L 10/29/2018 - 21:12:51: Lua Error: 
[ERROR] addons/superherosweps/lua/weapons/weapon_iron_man/shared.lua:55: attempt to index global 'trace' (a nil value)
  1. unknown - addons/superherosweps/lua/weapons/weapon_iron_man/shared.lua:55


L 10/29/2018 - 21:12:55: Lua Error: [AddCSLuaFile] Couldn't find 'weapons/weapon_iron_man/cl_init.lua' (<nowhere>)

L 10/29/2018 - 21:12:55: Lua Error: [AddCSLuaFile] Couldn't find 'cl_init.lua' (@addons/superherosweps/lua/weapons/weapon_iron_man/init.lua (line 1))

L 10/29/2018 - 21:12:57: Lua Error: [AddCSLuaFile] Couldn't find 'weapons/weapon_iron_man/cl_init.lua' (<nowhere>)

L 10/29/2018 - 21:12:57: Lua Error: [AddCSLuaFile] Couldn't find 'cl_init.lua' (@addons/superherosweps/lua/weapons/weapon_iron_man/init.lua (line 1))

L 10/29/2018 - 21:13:01: Lua Error: [AddCSLuaFile] Couldn't find 'weapons/weapon_iron_man/cl_init.lua' (<nowhere>)

L 10/29/2018 - 21:13:01: Lua Error: [AddCSLuaFile] Couldn't find 'cl_init.lua' (@addons/superherosweps/lua/weapons/weapon_iron_man/init.lua (line 1))

L 10/29/2018 - 21:13:16: [FAdmin] Server succesfully shut down.
L 10/29/2018 - 21:13:16: [FAdmin] prop_physics(models/props/de_nuke/handtruck.mdl) Got removed
L 10/29/2018 - 21:13:16: [FAdmin] prop_physics(models/props_c17/door01_left.mdl) Got removed
L 10/29/2018 - 21:13:16: [FAdmin] prop_physics(models/props_c17/door01_left.mdl) Got removed
L 10/29/2018 - 21:13:16: [FAdmin] prop_physics(models/props_c17/door01_left.mdl) Got removed
L 10/29/2018 - 21:13:16: [FAdmin] prop_physics(models/props_c17/door01_left.mdl) Got removed
L 10/29/2018 - 21:13:16: [FAdmin] prop_physics(models/props_c17/door01_left.mdl) Got removed
L 10/29/2018 - 21:13:16: [FAdmin] prop_physics(models/props_c17/door01_left.mdl) Got removed
L 10/29/2018 - 21:13:16: [FAdmin] prop_physics(models/props_junk/pushcart01a.mdl) Got removed
L 10/29/2018 - 21:13:16: [FAdmin] prop_physics(models/props/de_nuke/handtruck.mdl) Got removed
L 10/29/2018 - 21:13:16: [FAdmin] prop_physics(models/props_c17/door01_left.mdl) Got removed
L 10/29/2018 - 21:13:16: [FAdmin] prop_physics(models/props_c17/door01_left.mdl) Got removed
L 10/29/2018 - 21:13:16: [FAdmin] prop_physics(models/props_junk/wood_crate001a_damaged.mdl) Got removed
L 10/29/2018 - 21:13:16: [FAdmin] prop_physics(models/props_junk/wood_crate001a_damaged.mdl) Got removed
L 10/29/2018 - 21:13:16: [FAdmin] prop_physics(models/props_junk/wood_crate001a_damaged.mdl) Got removed
L 10/29/2018 - 21:13:16: [FAdmin] prop_physics(models/props_junk/wood_crate001a_damaged.mdl) Got removed
L 10/29/2018 - 21:13:16: [FAdmin] prop_physics(models/props_junk/wood_crate001a_damaged.mdl) Got removed
L 10/29/2018 - 21:13:16: "DidVaitel<2><STEAM_0:1:74202541><>" disconnected (reason "Server shutting down")
L 10/29/2018 - 21:13:16: server_message: "quit"
L 10/29/2018 - 21:13:16: Log file closed.
