L 10/29/2019 - 23:42:45: Log file started (file "logs\L1029018.log") (game "F:\sup\steamapps\common\GarrysModDS\garrysmod") (version "7517")
L 10/29/2019 - 23:42:45: server_cvar: "sv_alltalk" "3"
L 10/29/2019 - 23:42:45: server_cvar: "sv_allowcslua" "1"
L 10/29/2019 - 23:42:45: server_cvar: "sv_airaccelerate" "1000"
L 10/29/2019 - 23:42:45: server_cvar: "sv_alltalk" "0"
L 10/29/2019 - 23:42:46: Connection to Steam servers successful.
L 10/29/2019 - 23:42:46:    Public IP is 31.130.42.47.
L 10/29/2019 - 23:42:46: Assigned anonymous gameserver Steam ID [A-1:2147358721(13531)].
L 10/29/2019 - 23:42:46: VAC secure mode is activated.
L 10/29/2019 - 23:43:47: "DidVaitel<2><STEAM_0:1:74202541><>" connected, address "26.64.99.216:27006"
L 10/29/2019 - 23:43:48: "DidVaitel<2><STEAM_0:1:74202541><>" STEAM USERID validated
L 10/29/2019 - 23:44:05: [FAdmin] DidVaitel (STEAM_0:1:74202541) is Authed
L 10/29/2019 - 23:44:05: [FAdmin] DidVaitel (STEAM_0:1:74202541) Spawned for the first time
L 10/29/2019 - 23:44:05: [FAdmin] DidVaitel (STEAM_0:1:74202541) Spawned
L 10/29/2019 - 23:44:05: "DidVaitel<2><STEAM_0:1:74202541><>" entered the game
L 10/29/2019 - 23:44:05: [FAdmin] DidVaitel (STEAM_0:1:74202541) Attempted to pick up a keys
L 10/29/2019 - 23:44:05: [FAdmin] DidVaitel (STEAM_0:1:74202541) Attempted to pick up a weapon_physcannon
L 10/29/2019 - 23:44:05: [FAdmin] DidVaitel (STEAM_0:1:74202541) Attempted to pick up a gmod_camera
L 10/29/2019 - 23:44:05: [FAdmin] DidVaitel (STEAM_0:1:74202541) Attempted to pick up a gmod_tool
L 10/29/2019 - 23:44:05: [FAdmin] DidVaitel (STEAM_0:1:74202541) Attempted to pick up a pocket
L 10/29/2019 - 23:44:05: [FAdmin] DidVaitel (STEAM_0:1:74202541) Attempted to pick up a weapon_physgun
L 10/29/2019 - 23:45:33: [FAdmin] DidVaitel (STEAM_0:1:74202541) Gave himself a weapon_informer_laptop
L 10/29/2019 - 23:45:33: [FAdmin] DidVaitel (STEAM_0:1:74202541) Attempted to pick up a weapon_informer_laptop
L 10/29/2019 - 23:45:34: Lua Error: 
[ERROR] addons/informer-system/lua/entities/sent_informer_laptop/init.lua:20: Tried to use a NULL physics object!
  1. Wake - [C]:-1
   2. unknown - addons/informer-system/lua/entities/sent_informer_laptop/init.lua:20
    3. Spawn - [C]:-1
     4. unknown - addons/informer-system/lua/weapons/weapon_informer_laptop/init.lua:25


L 10/29/2019 - 23:46:27: [FAdmin] DidVaitel (STEAM_0:1:74202541) Attempted to use tool camera
L 10/29/2019 - 23:46:30: [FAdmin] DidVaitel (STEAM_0:1:74202541) Gave himself a weapon_informer_laptop
L 10/29/2019 - 23:46:40: [FAdmin] DidVaitel (STEAM_0:1:74202541) Gave himself a weapon_informer_laptop
L 10/29/2019 - 23:46:46: [FAdmin] DidVaitel (STEAM_0:1:74202541) Got killed by DidVaitel with a player
L 10/29/2019 - 23:46:47: [FAdmin] DidVaitel (STEAM_0:1:74202541) Spawned
L 10/29/2019 - 23:46:47: [FAdmin] DidVaitel (STEAM_0:1:74202541) Attempted to pick up a keys
L 10/29/2019 - 23:46:47: [FAdmin] DidVaitel (STEAM_0:1:74202541) Attempted to pick up a weapon_physcannon
L 10/29/2019 - 23:46:47: [FAdmin] DidVaitel (STEAM_0:1:74202541) Attempted to pick up a gmod_camera
L 10/29/2019 - 23:46:47: [FAdmin] DidVaitel (STEAM_0:1:74202541) Attempted to pick up a gmod_tool
L 10/29/2019 - 23:46:47: [FAdmin] DidVaitel (STEAM_0:1:74202541) Attempted to pick up a pocket
L 10/29/2019 - 23:46:47: [FAdmin] DidVaitel (STEAM_0:1:74202541) Attempted to pick up a weapon_physgun
L 10/29/2019 - 23:46:47: [FAdmin] DidVaitel (STEAM_0:1:74202541) Attempted to pick up a weapon_keypadchecker
L 10/29/2019 - 23:46:47: [FAdmin] DidVaitel (STEAM_0:1:74202541) Attempted to pick up a door_ram
L 10/29/2019 - 23:46:47: [FAdmin] DidVaitel (STEAM_0:1:74202541) Attempted to pick up a arrest_stick
L 10/29/2019 - 23:46:47: [FAdmin] DidVaitel (STEAM_0:1:74202541) Attempted to pick up a unarrest_stick
L 10/29/2019 - 23:46:47: [FAdmin] DidVaitel (STEAM_0:1:74202541) Attempted to pick up a stunstick
L 10/29/2019 - 23:46:47: [FAdmin] DidVaitel (STEAM_0:1:74202541) Attempted to pick up a weaponchecker
L 10/29/2019 - 23:46:48: [FAdmin] DidVaitel (STEAM_0:1:74202541) Gave himself a weapon_informer_laptop
L 10/29/2019 - 23:46:48: [FAdmin] DidVaitel (STEAM_0:1:74202541) Attempted to pick up a weapon_informer_laptop
L 10/29/2019 - 23:49:18: server_cvar: "sv_cheats" "1"
L 10/29/2019 - 23:56:29: "DidVaitel<2><STEAM_0:1:74202541><>" disconnected (reason "Disconnect by user.")
L 10/29/2019 - 23:56:29: [FAdmin] DidVaitel (STEAM_0:1:74202541) Disconnected
L 10/29/2019 - 23:56:30: "DidVaitel<3><STEAM_0:1:74202541><>" connected, address "26.64.99.216:27006"
L 10/29/2019 - 23:56:30: "DidVaitel<3><STEAM_0:1:74202541><>" STEAM USERID validated
L 10/29/2019 - 23:56:38: [FAdmin] DidVaitel (STEAM_0:1:74202541) is Authed
L 10/29/2019 - 23:56:38: [FAdmin] DidVaitel (STEAM_0:1:74202541) Spawned for the first time
L 10/29/2019 - 23:56:38: [FAdmin] DidVaitel (STEAM_0:1:74202541) Spawned
L 10/29/2019 - 23:56:38: "DidVaitel<3><STEAM_0:1:74202541><>" entered the game
L 10/29/2019 - 23:56:38: [FAdmin] DidVaitel (STEAM_0:1:74202541) Attempted to pick up a keys
L 10/29/2019 - 23:56:38: [FAdmin] DidVaitel (STEAM_0:1:74202541) Attempted to pick up a weapon_physcannon
L 10/29/2019 - 23:56:38: [FAdmin] DidVaitel (STEAM_0:1:74202541) Attempted to pick up a gmod_camera
L 10/29/2019 - 23:56:38: [FAdmin] DidVaitel (STEAM_0:1:74202541) Attempted to pick up a gmod_tool
L 10/29/2019 - 23:56:38: [FAdmin] DidVaitel (STEAM_0:1:74202541) Attempted to pick up a pocket
L 10/29/2019 - 23:56:38: [FAdmin] DidVaitel (STEAM_0:1:74202541) Attempted to pick up a weapon_physgun
L 10/29/2019 - 23:57:46: "DidVaitel<3><STEAM_0:1:74202541><>" disconnected (reason "Disconnect by user.")
L 10/29/2019 - 23:57:46: [FAdmin] DidVaitel (STEAM_0:1:74202541) Disconnected
L 10/29/2019 - 23:58:02: "DidVaitel<4><STEAM_0:1:74202541><>" connected, address "26.64.99.216:27006"
L 10/29/2019 - 23:58:02: "DidVaitel<4><STEAM_0:1:74202541><>" STEAM USERID validated
L 10/29/2019 - 23:58:14: [FAdmin] DidVaitel (STEAM_0:1:74202541) is Authed
L 10/29/2019 - 23:58:14: [FAdmin] DidVaitel (STEAM_0:1:74202541) Spawned for the first time
L 10/29/2019 - 23:58:14: [FAdmin] DidVaitel (STEAM_0:1:74202541) Spawned
L 10/29/2019 - 23:58:14: "DidVaitel<4><STEAM_0:1:74202541><>" entered the game
L 10/29/2019 - 23:58:14: [FAdmin] DidVaitel (STEAM_0:1:74202541) Attempted to pick up a keys
L 10/29/2019 - 23:58:14: [FAdmin] DidVaitel (STEAM_0:1:74202541) Attempted to pick up a weapon_physcannon
L 10/29/2019 - 23:58:14: [FAdmin] DidVaitel (STEAM_0:1:74202541) Attempted to pick up a gmod_camera
L 10/29/2019 - 23:58:14: [FAdmin] DidVaitel (STEAM_0:1:74202541) Attempted to pick up a gmod_tool
L 10/29/2019 - 23:58:14: [FAdmin] DidVaitel (STEAM_0:1:74202541) Attempted to pick up a pocket
L 10/29/2019 - 23:58:14: [FAdmin] DidVaitel (STEAM_0:1:74202541) Attempted to pick up a weapon_physgun
L 10/30/2019 - 00:02:39: "Bot01<5><BOT><>" connected, address "none"
L 10/30/2019 - 00:02:39: [FAdmin] Bot01 (BOT) Spawned for the first time
L 10/30/2019 - 00:02:39: [FAdmin] Bot01 (BOT) Spawned
L 10/30/2019 - 00:02:39: "Bot01<5><BOT><>" entered the game
L 10/30/2019 - 00:02:39: [FAdmin] Bot01 (BOT) Attempted to pick up a keys
L 10/30/2019 - 00:02:39: [FAdmin] Bot01 (BOT) Attempted to pick up a weapon_physcannon
L 10/30/2019 - 00:02:39: [FAdmin] Bot01 (BOT) Attempted to pick up a gmod_camera
L 10/30/2019 - 00:02:39: [FAdmin] Bot01 (BOT) Attempted to pick up a gmod_tool
L 10/30/2019 - 00:02:39: [FAdmin] Bot01 (BOT) Attempted to pick up a pocket
L 10/30/2019 - 00:02:39: [FAdmin] Bot01 (BOT) Attempted to pick up a weapon_physgun
L 10/30/2019 - 00:09:49: [FAdmin] DidVaitel (STEAM_0:1:74202541) Gave himself a weapon_informer_laptop
L 10/30/2019 - 00:09:49: [FAdmin] DidVaitel (STEAM_0:1:74202541) Attempted to pick up a weapon_informer_laptop
L 10/30/2019 - 00:13:26: Lua Error: 
[ERROR] addons/informer-system/lua/entities/sent_informer_laptop/init.lua:40: attempt to index global 'laptop' (a nil value)
  1. unknown - addons/informer-system/lua/entities/sent_informer_laptop/init.lua:40


L 10/30/2019 - 00:13:26: Lua Error: 
[ERROR] addons/informer-system/lua/entities/sent_informer_laptop/init.lua:40: attempt to index global 'laptop' (a nil value)
  1. unknown - addons/informer-system/lua/entities/sent_informer_laptop/init.lua:40


L 10/30/2019 - 00:13:26: Lua Error: 
[ERROR] addons/informer-system/lua/entities/sent_informer_laptop/init.lua:40: attempt to index global 'laptop' (a nil value)
  1. unknown - addons/informer-system/lua/entities/sent_informer_laptop/init.lua:40


L 10/30/2019 - 00:13:33: Lua Error: 
[ERROR] addons/informer-system/lua/entities/sent_informer_laptop/init.lua:40: attempt to index global 'laptop' (a nil value)
  1. unknown - addons/informer-system/lua/entities/sent_informer_laptop/init.lua:40


L 10/30/2019 - 00:13:33: Lua Error: 
[ERROR] addons/informer-system/lua/entities/sent_informer_laptop/init.lua:40: attempt to index global 'laptop' (a nil value)
  1. unknown - addons/informer-system/lua/entities/sent_informer_laptop/init.lua:40


L 10/30/2019 - 00:13:33: Lua Error: 
[ERROR] addons/informer-system/lua/entities/sent_informer_laptop/init.lua:40: attempt to index global 'laptop' (a nil value)
  1. unknown - addons/informer-system/lua/entities/sent_informer_laptop/init.lua:40


L 10/30/2019 - 00:13:33: Lua Error: 
[ERROR] addons/informer-system/lua/entities/sent_informer_laptop/init.lua:40: attempt to index global 'laptop' (a nil value)
  1. unknown - addons/informer-system/lua/entities/sent_informer_laptop/init.lua:40


L 10/30/2019 - 00:13:33: Lua Error: 
[ERROR] addons/informer-system/lua/entities/sent_informer_laptop/init.lua:40: attempt to index global 'laptop' (a nil value)
  1. unknown - addons/informer-system/lua/entities/sent_informer_laptop/init.lua:40


L 10/30/2019 - 00:13:33: Lua Error: 
[ERROR] addons/informer-system/lua/entities/sent_informer_laptop/init.lua:40: attempt to index global 'laptop' (a nil value)
  1. unknown - addons/informer-system/lua/entities/sent_informer_laptop/init.lua:40


L 10/30/2019 - 00:15:34: [FAdmin] DidVaitel (STEAM_0:1:74202541) Gave himself a weapon_357
L 10/30/2019 - 00:15:34: [FAdmin] DidVaitel (STEAM_0:1:74202541) Attempted to pick up a weapon_357
L 10/30/2019 - 00:15:44: [FAdmin] DidVaitel (STEAM_0:1:74202541) Gave himself a weapon_pistol
L 10/30/2019 - 00:15:44: [FAdmin] DidVaitel (STEAM_0:1:74202541) Attempted to pick up a weapon_pistol
L 10/30/2019 - 00:16:44: [FAdmin] DidVaitel (STEAM_0:1:74202541) Gave himself a weapon_smg1
L 10/30/2019 - 00:16:44: [FAdmin] DidVaitel (STEAM_0:1:74202541) Attempted to pick up a weapon_smg1
L 10/30/2019 - 00:17:36: [FAdmin] DidVaitel (STEAM_0:1:74202541) Spawned a models/citizen-networks/informer-system/laptop/laptop.mdl
L 10/30/2019 - 00:17:37: [FAdmin] prop_physics(models/citizen-networks/informer-system/laptop/laptop.mdl) Got removed
L 10/30/2019 - 00:19:58: [FAdmin] DidVaitel (STEAM_0:1:74202541) Gave himself a weapon_informer_laptop
L 10/30/2019 - 00:20:03: [FAdmin] DidVaitel (STEAM_0:1:74202541) Gave himself a weapon_smg1
L 10/30/2019 - 00:22:03: [FAdmin] DidVaitel (STEAM_0:1:74202541) Gave himself a weapon_informer_laptop
L 10/30/2019 - 00:22:07: [FAdmin] DidVaitel (STEAM_0:1:74202541) Gave himself a weapon_shotgun
L 10/30/2019 - 00:22:07: [FAdmin] DidVaitel (STEAM_0:1:74202541) Attempted to pick up a weapon_shotgun
L 10/30/2019 - 00:22:09: [FAdmin] DidVaitel (STEAM_0:1:74202541) Gave himself a weapon_crowbar
L 10/30/2019 - 00:22:09: [FAdmin] DidVaitel (STEAM_0:1:74202541) Attempted to pick up a weapon_crowbar
L 10/30/2019 - 00:30:04: [FAdmin] DidVaitel (STEAM_0:1:74202541) Gave himself a weapon_informer_laptop
L 10/30/2019 - 00:30:09: [FAdmin] DidVaitel (STEAM_0:1:74202541) Gave himself a weapon_crossbow
L 10/30/2019 - 00:30:09: [FAdmin] DidVaitel (STEAM_0:1:74202541) Attempted to pick up a weapon_crossbow
L 10/30/2019 - 00:30:10: [FAdmin] DidVaitel (STEAM_0:1:74202541) Gave himself a weapon_crowbar
L 10/30/2019 - 00:31:01: [FAdmin] DidVaitel (STEAM_0:1:74202541) Gave himself a weapon_informer_laptop
L 10/30/2019 - 00:32:08: [FAdmin] Server succesfully shut down.
L 10/30/2019 - 00:32:08: [FAdmin] prop_physics(models/maxofs2d/companion_doll.mdl) Got removed
L 10/30/2019 - 00:32:08: [FAdmin] prop_physics(models/props_c17/furnituretable003a.mdl) Got removed
L 10/30/2019 - 00:32:08: [FAdmin] prop_physics(models/props_c17/furniturecouch002a.mdl) Got removed
L 10/30/2019 - 00:32:08: [FAdmin] prop_physics(models/props_c17/furniturecouch001a.mdl) Got removed
L 10/30/2019 - 00:32:08: "Bot01<5><BOT><>" disconnected (reason "Server shutting down")
L 10/30/2019 - 00:32:08: "DidVaitel<4><STEAM_0:1:74202541><>" disconnected (reason "Server shutting down")
L 10/30/2019 - 00:32:08: server_message: "quit"
L 10/30/2019 - 00:32:08: Log file closed.
