L 10/20/2019 - 18:53:44: Log file started (file "logs\L1020028.log") (game "F:\sup\steamapps\common\GarrysModDS\garrysmod") (version "7517")
L 10/20/2019 - 18:53:44: server_cvar: "sv_alltalk" "3"
L 10/20/2019 - 18:54:08: "DidVaitel<2><STEAM_0:1:74202541><>" entered the game
L 10/20/2019 - 18:54:14: "eLeCtrOssSnake<3><STEAM_0:1:164666257><>" entered the game
L 10/20/2019 - 18:54:46: Round proper has begun...
L 10/20/2019 - 18:55:36: 00:50.52 - DMG: 	 DidVaitel [innocent] damaged eLeCtrOssSnake [traitor] for 9 dmg
L 10/20/2019 - 18:55:36: 00:50.66 - DMG: 	 DidVaitel [innocent] damaged eLeCtrOssSnake [traitor] for 17 dmg
L 10/20/2019 - 18:55:37: 00:50.92 - DMG: 	 DidVaitel [innocent] damaged eLeCtrOssSnake [traitor] for 9 dmg
L 10/20/2019 - 18:55:38: 00:52.01 - DMG: 	 DidVaitel [innocent] damaged eLeCtrOssSnake [traitor] for 17 dmg
L 10/20/2019 - 18:55:38: 00:52.27 - DMG: 	 DidVaitel [innocent] damaged eLeCtrOssSnake [traitor] for 9 dmg
L 10/20/2019 - 18:55:38: 00:52.56 - DMG: 	 DidVaitel [innocent] damaged eLeCtrOssSnake [traitor] for 9 dmg
L 10/20/2019 - 18:55:39: 00:52.97 - DMG: 	 eLeCtrOssSnake [traitor] damaged DidVaitel [innocent] for 300 dmg
L 10/20/2019 - 18:55:39: 00:52.97 - KILL:	 eLeCtrOssSnake [traitor] killed DidVaitel [innocent]
L 10/20/2019 - 18:55:39: Round ended.
L 10/20/2019 - 18:55:39: Result: traitors win.
L 10/20/2019 - 18:56:01: Round proper has begun...
L 10/20/2019 - 18:56:01: 00:00.07 - DMG: 	 DidVaitel [traitor] damaged eLeCtrOssSnake [innocent] for 13 dmg
L 10/20/2019 - 18:56:02: 00:00.55 - DMG: 	 eLeCtrOssSnake [innocent] damaged DidVaitel [traitor] for 50 dmg
L 10/20/2019 - 18:56:03: 00:01.65 - DMG: 	 eLeCtrOssSnake [innocent] damaged DidVaitel [traitor] for 36 dmg
L 10/20/2019 - 18:56:03: 00:01.77 - DMG: 	 DidVaitel [traitor] damaged eLeCtrOssSnake [innocent] for 24 dmg
L 10/20/2019 - 18:56:04: 00:02.64 - DMG: 	 eLeCtrOssSnake [innocent] damaged DidVaitel [traitor] for 50 dmg
L 10/20/2019 - 18:56:04: 00:02.64 - KILL:	 eLeCtrOssSnake [innocent] killed DidVaitel [traitor]
L 10/20/2019 - 18:56:04: Round ended.
L 10/20/2019 - 18:56:04: Result: innocent win.
L 10/20/2019 - 18:56:27: Round proper has begun...
L 10/20/2019 - 18:56:55: 00:28.34 - DMG: 	 eLeCtrOssSnake [traitor] damaged DidVaitel [innocent] for 300 dmg
L 10/20/2019 - 18:56:55: 00:28.34 - KILL:	 eLeCtrOssSnake [traitor] killed DidVaitel [innocent]
L 10/20/2019 - 18:56:56: Round ended.
L 10/20/2019 - 18:56:56: Result: traitors win.
L 10/20/2019 - 18:57:18: Round proper has begun...
L 10/20/2019 - 18:57:19: 00:00.52 - DMG: 	 DidVaitel [traitor] damaged eLeCtrOssSnake [innocent] for 6 dmg
L 10/20/2019 - 18:57:19: 00:00.66 - DMG: 	 DidVaitel [traitor] damaged eLeCtrOssSnake [innocent] for 10 dmg
L 10/20/2019 - 18:57:19: 00:00.82 - DMG: 	 DidVaitel [traitor] damaged eLeCtrOssSnake [innocent] for 10 dmg
L 10/20/2019 - 18:57:19: 00:00.90 - DMG: 	 DidVaitel [traitor] damaged eLeCtrOssSnake [innocent] for 6 dmg
L 10/20/2019 - 18:57:19: 00:00.96 - DMG: 	 DidVaitel [traitor] damaged eLeCtrOssSnake [innocent] for 6 dmg
L 10/20/2019 - 18:57:19: 00:01.04 - DMG: 	 DidVaitel [traitor] damaged eLeCtrOssSnake [innocent] for 10 dmg
L 10/20/2019 - 18:57:19: 00:01.12 - DMG: 	 DidVaitel [traitor] damaged eLeCtrOssSnake [innocent] for 6 dmg
L 10/20/2019 - 18:57:20: 00:01.20 - DMG: 	 DidVaitel [traitor] damaged eLeCtrOssSnake [innocent] for 6 dmg
L 10/20/2019 - 18:57:20: 00:01.27 - DMG: 	 DidVaitel [traitor] damaged eLeCtrOssSnake [innocent] for 10 dmg
L 10/20/2019 - 18:57:20: 00:01.33 - DMG: 	 DidVaitel [traitor] damaged eLeCtrOssSnake [innocent] for 10 dmg
L 10/20/2019 - 18:57:20: 00:01.41 - DMG: 	 DidVaitel [traitor] damaged eLeCtrOssSnake [innocent] for 10 dmg
L 10/20/2019 - 18:57:20: 00:01.50 - DMG: 	 DidVaitel [traitor] damaged eLeCtrOssSnake [innocent] for 10 dmg
L 10/20/2019 - 18:57:20: 00:02.04 - DMG: 	 DidVaitel [traitor] damaged eLeCtrOssSnake [innocent] for 6 dmg
L 10/20/2019 - 18:57:20: 00:02.04 - KILL:	 DidVaitel [traitor] killed eLeCtrOssSnake [innocent]
L 10/20/2019 - 18:57:21: Round ended.
L 10/20/2019 - 18:57:21: Result: traitors win.
L 10/20/2019 - 18:57:44: Round proper has begun...
L 10/20/2019 - 18:58:11: 00:27.12 - DMG: 	 DidVaitel [innocent] damaged eLeCtrOssSnake [traitor] for 140 dmg
L 10/20/2019 - 18:58:11: 00:27.12 - KILL:	 DidVaitel [innocent] killed eLeCtrOssSnake [traitor]
L 10/20/2019 - 18:58:12: Round ended.
L 10/20/2019 - 18:58:12: Result: innocent win.
L 10/20/2019 - 18:58:34: Round proper has begun...
L 10/20/2019 - 19:00:02: 01:27.93 - DMG: 	 DidVaitel [traitor] damaged eLeCtrOssSnake [innocent] for 300 dmg
L 10/20/2019 - 19:00:02: 01:27.93 - KILL:	 DidVaitel [traitor] killed eLeCtrOssSnake [innocent]
L 10/20/2019 - 19:00:02: Round ended.
L 10/20/2019 - 19:00:02: Result: traitors win.
L 10/20/2019 - 19:00:37: Log file closed.
