L 10/27/2018 - 20:42:39: Log file started (file "logs\L1027012.log") (game "F:\sup\steamapps\common\GarrysModDS\garrysmod") (version "7270")
L 10/27/2018 - 20:42:39: server_cvar: "sv_alltalk" "3"
L 10/27/2018 - 20:42:39: "DidVaitel<2><STEAM_0:1:74202541><>" connected, address "192.168.1.102:27006"
L 10/27/2018 - 20:42:41: Connection to Steam servers successful.
L 10/27/2018 - 20:42:41:    Public IP is 31.130.42.81.
L 10/27/2018 - 20:42:41: Assigned anonymous gameserver Steam ID [A-1:423213059(11293)].
L 10/27/2018 - 20:42:41: VAC secure mode is activated.
L 10/27/2018 - 20:42:41: "DidVaitel<2><STEAM_0:1:74202541><>" STEAM USERID validated
L 10/27/2018 - 20:42:48: "DidVaitel<2><STEAM_0:1:74202541><>" entered the game
L 10/27/2018 - 20:43:01: Lua Error: 
[ERROR] addons/gvuti/lua/autorun/server/sv_nets.lua:383: attempt to index global 'MySQLite' (a nil value)
  1. fn - addons/gvuti/lua/autorun/server/sv_nets.lua:383
   2. Run - addons/ulxulib/lua/ulib/shared/hook.lua:109
    3. func - addons/gvuti/lua/autorun/server/sv_nets.lua:402
     4. unknown - lua/includes/extensions/net.lua:32


L 10/27/2018 - 20:43:23: [ULX] DidVaitel<STEAM_0:1:74202541> spawned sent duel_npc
L 10/27/2018 - 20:43:24: Lua Error: 
[ERROR] addons/super-mega-ultra-duel-system2/lua/entities/duel_npc/init.lua:21: Calling net.Start with unpooled message name! [ http://goo.gl/qcx0y ]
  1. Start - [C]:-1
   2. unknown - addons/super-mega-ultra-duel-system2/lua/entities/duel_npc/init.lua:21


L 10/27/2018 - 20:43:25: Lua Error: 
[ERROR] addons/super-mega-ultra-duel-system2/lua/entities/duel_npc/init.lua:21: Calling net.Start with unpooled message name! [ http://goo.gl/qcx0y ]
  1. Start - [C]:-1
   2. unknown - addons/super-mega-ultra-duel-system2/lua/entities/duel_npc/init.lua:21


L 10/27/2018 - 20:43:25: Lua Error: 
[ERROR] addons/super-mega-ultra-duel-system2/lua/entities/duel_npc/init.lua:21: Calling net.Start with unpooled message name! [ http://goo.gl/qcx0y ]
  1. Start - [C]:-1
   2. unknown - addons/super-mega-ultra-duel-system2/lua/entities/duel_npc/init.lua:21


L 10/27/2018 - 20:43:25: Lua Error: 
[ERROR] addons/super-mega-ultra-duel-system2/lua/entities/duel_npc/init.lua:21: Calling net.Start with unpooled message name! [ http://goo.gl/qcx0y ]
  1. Start - [C]:-1
   2. unknown - addons/super-mega-ultra-duel-system2/lua/entities/duel_npc/init.lua:21


L 10/27/2018 - 20:45:54: "DidVaitel<2><STEAM_0:1:74202541><>" disconnected (reason "Server shutting down")
L 10/27/2018 - 20:45:54: server_message: "quit"
L 10/27/2018 - 20:45:54: Log file closed.
