L 10/28/2018 - 21:20:15: Log file started (file "logs\L1028009.log") (game "F:\sup\steamapps\common\GarrysModDS\garrysmod") (version "7270")
L 10/28/2018 - 21:20:15: server_cvar: "sv_alltalk" "3"
L 10/28/2018 - 21:20:16: Connection to Steam servers successful.
L 10/28/2018 - 21:20:16:    Public IP is 31.130.42.81.
L 10/28/2018 - 21:20:16: Assigned anonymous gameserver Steam ID [A-1:3524869127(11298)].
L 10/28/2018 - 21:20:16: VAC secure mode is activated.
L 10/28/2018 - 21:22:24: "DidVaitel<2><STEAM_0:1:74202541><>" connected, address "192.168.1.102:27006"
L 10/28/2018 - 21:22:25: "DidVaitel<2><STEAM_0:1:74202541><>" STEAM USERID validated
L 10/28/2018 - 21:22:32: "DidVaitel<2><STEAM_0:1:74202541><>" entered the game
L 10/28/2018 - 21:22:41: Lua Error: 
[ERROR] addons/gvuti/lua/autorun/server/sv_nets.lua:383: attempt to index global 'MySQLite' (a nil value)
  1. fn - addons/gvuti/lua/autorun/server/sv_nets.lua:383
   2. Run - addons/ulxulib/lua/ulib/shared/hook.lua:109
    3. func - addons/gvuti/lua/autorun/server/sv_nets.lua:402
     4. unknown - lua/includes/extensions/net.lua:32


L 10/28/2018 - 21:24:57: Lua Error: 
[ERROR] addons/superherosweps/lua/weapons/emptycaptainhands.lua:54: Tried to use a NULL entity!
  1. SetHoldType - [C]:-1
   2. unknown - addons/superherosweps/lua/weapons/emptycaptainhands.lua:54


L 10/28/2018 - 21:25:05: Lua Error: 
[ERROR] addons/superherosweps/lua/weapons/emptycaptainhands.lua:54: Tried to use a NULL entity!
  1. SetHoldType - [C]:-1
   2. unknown - addons/superherosweps/lua/weapons/emptycaptainhands.lua:54


L 10/28/2018 - 21:25:08: Lua Error: 
[ERROR] addons/superherosweps/lua/weapons/emptycaptainhands.lua:54: Tried to use a NULL entity!
  1. SetHoldType - [C]:-1
   2. unknown - addons/superherosweps/lua/weapons/emptycaptainhands.lua:54


L 10/28/2018 - 21:27:21: Lua Error: 
[ERROR] addons/superherosweps/lua/weapons/emptycaptainhands.lua:48: Tried to use a NULL entity!
  1. SetHoldType - [C]:-1
   2. unknown - addons/superherosweps/lua/weapons/emptycaptainhands.lua:48


L 10/28/2018 - 21:28:59: "DidVaitel<2><STEAM_0:1:74202541><>" disconnected (reason "Server shutting down")
L 10/28/2018 - 21:29:00: server_message: "quit"
L 10/28/2018 - 21:29:00: Log file closed.
