L 10/27/2018 - 15:02:16: Log file started (file "logs\L1027002.log") (game "F:\sup\steamapps\common\GarrysModDS\garrysmod") (version "7270")
L 10/27/2018 - 15:02:16: server_cvar: "sv_alltalk" "3"
L 10/27/2018 - 15:02:16: server_cvar: "sv_allowcslua" "1"
L 10/27/2018 - 15:02:16: server_cvar: "sv_airaccelerate" "1000"
L 10/27/2018 - 15:02:16: server_cvar: "sv_alltalk" "0"
L 10/27/2018 - 15:02:17: Connection to Steam servers successful.
L 10/27/2018 - 15:02:17:    Public IP is 31.130.42.81.
L 10/27/2018 - 15:02:17: Assigned anonymous gameserver Steam ID [A-1:557050883(11291)].
L 10/27/2018 - 15:02:17: VAC secure mode is activated.
L 10/27/2018 - 15:02:42: "DidVaitel<2><STEAM_0:1:74202541><>" connected, address "192.168.1.102:27006"
L 10/27/2018 - 15:02:42: "DidVaitel<2><STEAM_0:1:74202541><>" STEAM USERID validated
L 10/27/2018 - 15:02:48: [FAdmin] DidVaitel (STEAM_0:1:74202541) is Authed
L 10/27/2018 - 15:02:48: [FAdmin] DidVaitel (STEAM_0:1:74202541) Spawned for the first time
L 10/27/2018 - 15:02:48: [FAdmin] DidVaitel (STEAM_0:1:74202541) Spawned
L 10/27/2018 - 15:02:48: "DidVaitel<2><STEAM_0:1:74202541><>" entered the game
L 10/27/2018 - 15:02:48: [FAdmin] DidVaitel (STEAM_0:1:74202541) Attempted to pick up a keys
L 10/27/2018 - 15:02:48: [FAdmin] DidVaitel (STEAM_0:1:74202541) Attempted to pick up a weapon_physcannon
L 10/27/2018 - 15:02:48: [FAdmin] DidVaitel (STEAM_0:1:74202541) Attempted to pick up a gmod_camera
L 10/27/2018 - 15:02:48: [FAdmin] DidVaitel (STEAM_0:1:74202541) Attempted to pick up a gmod_tool
L 10/27/2018 - 15:02:48: [FAdmin] DidVaitel (STEAM_0:1:74202541) Attempted to pick up a pocket
L 10/27/2018 - 15:02:48: [FAdmin] DidVaitel (STEAM_0:1:74202541) Attempted to pick up a weapon_physgun
L 10/27/2018 - 15:02:48: [FAdmin] DidVaitel (STEAM_0:1:74202541) Attempted to pick up a weapon_keypadchecker
L 10/27/2018 - 15:02:48: [FAdmin] DidVaitel (STEAM_0:1:74202541) Attempted to pick up a door_ram
L 10/27/2018 - 15:02:48: [FAdmin] DidVaitel (STEAM_0:1:74202541) Attempted to pick up a arrest_stick
L 10/27/2018 - 15:02:48: [FAdmin] DidVaitel (STEAM_0:1:74202541) Attempted to pick up a unarrest_stick
L 10/27/2018 - 15:02:48: [FAdmin] DidVaitel (STEAM_0:1:74202541) Attempted to pick up a stunstick
L 10/27/2018 - 15:02:48: [FAdmin] DidVaitel (STEAM_0:1:74202541) Attempted to pick up a weaponchecker
L 10/27/2018 - 15:04:21: [FAdmin] DidVaitel (STEAM_0:1:74202541) Gave himself a superman
L 10/27/2018 - 15:04:21: [FAdmin] DidVaitel (STEAM_0:1:74202541) Attempted to pick up a superman
L 10/27/2018 - 15:05:05: [FAdmin] Server succesfully shut down.
L 10/27/2018 - 15:05:05: [FAdmin] prop_physics(models/props/de_nuke/handtruck.mdl) Got removed
L 10/27/2018 - 15:05:05: [FAdmin] prop_physics(models/props_c17/door01_left.mdl) Got removed
L 10/27/2018 - 15:05:05: [FAdmin] prop_physics(models/props_c17/door01_left.mdl) Got removed
L 10/27/2018 - 15:05:05: [FAdmin] prop_physics(models/props_c17/door01_left.mdl) Got removed
L 10/27/2018 - 15:05:05: [FAdmin] prop_physics(models/props_c17/door01_left.mdl) Got removed
L 10/27/2018 - 15:05:05: [FAdmin] prop_physics(models/props_c17/door01_left.mdl) Got removed
L 10/27/2018 - 15:05:05: [FAdmin] prop_physics(models/props_c17/door01_left.mdl) Got removed
L 10/27/2018 - 15:05:05: [FAdmin] prop_physics(models/props_junk/pushcart01a.mdl) Got removed
L 10/27/2018 - 15:05:05: [FAdmin] prop_physics(models/props/de_nuke/handtruck.mdl) Got removed
L 10/27/2018 - 15:05:05: [FAdmin] prop_physics(models/props_c17/door01_left.mdl) Got removed
L 10/27/2018 - 15:05:05: [FAdmin] prop_physics(models/props_c17/door01_left.mdl) Got removed
L 10/27/2018 - 15:05:05: [FAdmin] prop_physics(models/props_junk/wood_crate001a_damaged.mdl) Got removed
L 10/27/2018 - 15:05:05: [FAdmin] prop_physics(models/props_junk/wood_crate001a_damaged.mdl) Got removed
L 10/27/2018 - 15:05:05: [FAdmin] prop_physics(models/props_junk/wood_crate001a_damaged.mdl) Got removed
L 10/27/2018 - 15:05:05: [FAdmin] prop_physics(models/props_junk/wood_crate001a_damaged.mdl) Got removed
L 10/27/2018 - 15:05:05: [FAdmin] prop_physics(models/props_junk/wood_crate001a_damaged.mdl) Got removed
L 10/27/2018 - 15:05:05: "DidVaitel<2><STEAM_0:1:74202541><>" disconnected (reason "Server shutting down")
L 10/27/2018 - 15:05:05: server_message: "quit"
L 10/27/2018 - 15:05:05: Log file closed.
