L 10/28/2018 - 21:29:04: Log file started (file "logs\L1028010.log") (game "F:\sup\steamapps\common\GarrysModDS\garrysmod") (version "7270")
L 10/28/2018 - 21:29:04: server_cvar: "sv_alltalk" "3"
L 10/28/2018 - 21:29:05: Connection to Steam servers successful.
L 10/28/2018 - 21:29:05:    Public IP is 31.130.42.81.
L 10/28/2018 - 21:29:05: Assigned anonymous gameserver Steam ID [A-1:3604517891(11298)].
L 10/28/2018 - 21:29:05: VAC secure mode is activated.
L 10/28/2018 - 21:29:41: "DidVaitel<2><STEAM_0:1:74202541><>" connected, address "192.168.1.102:27006"
L 10/28/2018 - 21:29:42: "DidVaitel<2><STEAM_0:1:74202541><>" STEAM USERID validated
L 10/28/2018 - 21:29:49: "DidVaitel<2><STEAM_0:1:74202541><>" entered the game
L 10/28/2018 - 21:29:58: Lua Error: 
[ERROR] addons/gvuti/lua/autorun/server/sv_nets.lua:383: attempt to index global 'MySQLite' (a nil value)
  1. fn - addons/gvuti/lua/autorun/server/sv_nets.lua:383
   2. Run - addons/ulxulib/lua/ulib/shared/hook.lua:109
    3. func - addons/gvuti/lua/autorun/server/sv_nets.lua:402
     4. unknown - lua/includes/extensions/net.lua:32


L 10/28/2018 - 21:37:53: Lua Error: 
[ERROR] addons/superherosweps/lua/weapons/emptycaptainhands.lua:48: Tried to use a NULL entity!
  1. SetHoldType - [C]:-1
   2. unknown - addons/superherosweps/lua/weapons/emptycaptainhands.lua:48


L 10/28/2018 - 21:40:54: Lua Error: 
[ERROR] addons/superherosweps/lua/weapons/emptycaptainhands.lua:48: Tried to use a NULL entity!
  1. SetHoldType - [C]:-1
   2. unknown - addons/superherosweps/lua/weapons/emptycaptainhands.lua:48


L 10/28/2018 - 21:42:12: Lua Error: 
[ERROR] lua/includes/util.lua:204: attempt to index a string value with bad key ('IsValid' is not part of the string library)
  1. error - [C]:-1
   2. __index - lua/includes/extensions/string.lua:297
    3. IsValid - lua/includes/util.lua:204
     4. unknown - addons/superherosweps/lua/entities/shieldthrow.lua:47


L 10/28/2018 - 21:42:12: Lua Error: 
[ERROR] lua/includes/util.lua:204: attempt to index a string value with bad key ('IsValid' is not part of the string library)
  1. error - [C]:-1
   2. __index - lua/includes/extensions/string.lua:297
    3. IsValid - lua/includes/util.lua:204
     4. unknown - addons/superherosweps/lua/entities/shieldthrow.lua:47


L 10/28/2018 - 21:42:38: Lua Error: 
[ERROR] lua/includes/util.lua:204: attempt to index a string value with bad key ('IsValid' is not part of the string library)
  1. error - [C]:-1
   2. __index - lua/includes/extensions/string.lua:297
    3. IsValid - lua/includes/util.lua:204
     4. unknown - addons/superherosweps/lua/entities/shieldthrow.lua:47


L 10/28/2018 - 21:42:38: Lua Error: 
[ERROR] lua/includes/util.lua:204: attempt to index a string value with bad key ('IsValid' is not part of the string library)
  1. error - [C]:-1
   2. __index - lua/includes/extensions/string.lua:297
    3. IsValid - lua/includes/util.lua:204
     4. unknown - addons/superherosweps/lua/entities/shieldthrow.lua:47


L 10/28/2018 - 21:42:43: Lua Error: 
[ERROR] lua/includes/util.lua:204: attempt to index a string value with bad key ('IsValid' is not part of the string library)
  1. error - [C]:-1
   2. __index - lua/includes/extensions/string.lua:297
    3. IsValid - lua/includes/util.lua:204
     4. unknown - addons/superherosweps/lua/entities/shieldthrow.lua:47


L 10/28/2018 - 21:42:43: Lua Error: 
[ERROR] lua/includes/util.lua:204: attempt to index a string value with bad key ('IsValid' is not part of the string library)
  1. error - [C]:-1
   2. __index - lua/includes/extensions/string.lua:297
    3. IsValid - lua/includes/util.lua:204
     4. unknown - addons/superherosweps/lua/entities/shieldthrow.lua:47


L 10/28/2018 - 21:46:34: Lua Error: 
[ERROR] addons/superherosweps/lua/entities/shieldthrow.lua:13: attempt to call method 'SetHero' (a nil value)
  1. unknown - addons/superherosweps/lua/entities/shieldthrow.lua:13
   2. Create - [C]:-1
    3. hero_LaunchEntity - addons/superherosweps/lua/autorun/hero_core.lua:57
     4. unknown - addons/superherosweps/lua/weapons/emptycaptainhands.lua:46
      5. SelectWeapon - [C]:-1
       6. unknown - addons/superherosweps/lua/weapons/cptamerica/init.lua:146


L 10/28/2018 - 21:46:34: Lua Error: 
[ERROR] addons/superherosweps/lua/entities/shieldthrow.lua:20: attempt to call method 'GetHero' (a nil value)
  1. unknown - addons/superherosweps/lua/entities/shieldthrow.lua:20
   2. Spawn - [C]:-1
    3. hero_LaunchEntity - addons/superherosweps/lua/autorun/hero_core.lua:61
     4. unknown - addons/superherosweps/lua/weapons/emptycaptainhands.lua:46
      5. SelectWeapon - [C]:-1
       6. unknown - addons/superherosweps/lua/weapons/cptamerica/init.lua:146


L 10/28/2018 - 21:46:34: Lua Error: 
[ERROR] addons/superherosweps/lua/autorun/hero_core.lua:63: Tried to use a NULL physics object!
  1. EnableGravity - [C]:-1
   2. hero_LaunchEntity - addons/superherosweps/lua/autorun/hero_core.lua:63
    3. unknown - addons/superherosweps/lua/weapons/emptycaptainhands.lua:46
     4. SelectWeapon - [C]:-1
      5. unknown - addons/superherosweps/lua/weapons/cptamerica/init.lua:146


L 10/28/2018 - 21:54:24: Lua Error: 
[ERROR] addons/super-mega-ultra-duel-system2/lua/weapons/gmod_tool/stools/duelpoints.lua:21: unexpected symbol near 'return'
  1. unknown - addons/super-mega-ultra-duel-system2/lua/weapons/gmod_tool/stools/duelpoints.lua:0


L 10/28/2018 - 21:54:52: Lua Error: 
[ERROR] addons/super-mega-ultra-duel-system2/lua/weapons/gmod_tool/stools/duelpoints.lua:8: attempt to index a nil value
  1. LeftClick - addons/super-mega-ultra-duel-system2/lua/weapons/gmod_tool/stools/duelpoints.lua:8
   2. unknown - gamemodes/sandbox/entities/weapons/gmod_tool/shared.lua:227


L 10/28/2018 - 21:54:52: Lua Error: 
[ERROR] addons/super-mega-ultra-duel-system2/lua/weapons/gmod_tool/stools/duelpoints.lua:8: attempt to index a nil value
  1. LeftClick - addons/super-mega-ultra-duel-system2/lua/weapons/gmod_tool/stools/duelpoints.lua:8
   2. unknown - gamemodes/sandbox/entities/weapons/gmod_tool/shared.lua:227


L 10/28/2018 - 21:54:59: Lua Error: 
[ERROR] addons/super-mega-ultra-duel-system2/lua/weapons/gmod_tool/stools/duelpoints.lua:8: attempt to index a nil value
  1. LeftClick - addons/super-mega-ultra-duel-system2/lua/weapons/gmod_tool/stools/duelpoints.lua:8
   2. unknown - gamemodes/sandbox/entities/weapons/gmod_tool/shared.lua:227


L 10/28/2018 - 21:55:01: Lua Error: 
[ERROR] addons/super-mega-ultra-duel-system2/lua/weapons/gmod_tool/stools/duelpoints.lua:8: attempt to index a nil value
  1. LeftClick - addons/super-mega-ultra-duel-system2/lua/weapons/gmod_tool/stools/duelpoints.lua:8
   2. unknown - gamemodes/sandbox/entities/weapons/gmod_tool/shared.lua:227


L 10/28/2018 - 21:55:06: Lua Error: 
[ERROR] addons/super-mega-ultra-duel-system2/lua/weapons/gmod_tool/stools/duelpoints.lua:8: attempt to index a nil value
  1. LeftClick - addons/super-mega-ultra-duel-system2/lua/weapons/gmod_tool/stools/duelpoints.lua:8
   2. unknown - gamemodes/sandbox/entities/weapons/gmod_tool/shared.lua:227


L 10/28/2018 - 21:55:32: Lua Error: 
[ERROR] addons/super-mega-ultra-duel-system2/lua/weapons/gmod_tool/stools/duelpoints.lua:8: attempt to index a nil value
  1. LeftClick - addons/super-mega-ultra-duel-system2/lua/weapons/gmod_tool/stools/duelpoints.lua:8
   2. unknown - gamemodes/sandbox/entities/weapons/gmod_tool/shared.lua:227


L 10/28/2018 - 21:55:43: Lua Error: 
[ERROR] addons/super-mega-ultra-duel-system2/lua/weapons/gmod_tool/stools/duelpoints.lua:8: attempt to index a nil value
  1. LeftClick - addons/super-mega-ultra-duel-system2/lua/weapons/gmod_tool/stools/duelpoints.lua:8
   2. unknown - gamemodes/sandbox/entities/weapons/gmod_tool/shared.lua:227


L 10/28/2018 - 21:55:51: Lua Error: 
[ERROR] addons/super-mega-ultra-duel-system2/lua/weapons/gmod_tool/stools/duelpoints.lua:9: attempt to index a nil value
  1. LeftClick - addons/super-mega-ultra-duel-system2/lua/weapons/gmod_tool/stools/duelpoints.lua:9
   2. unknown - gamemodes/sandbox/entities/weapons/gmod_tool/shared.lua:227


L 10/28/2018 - 22:09:09: Lua Error: 
[ERROR] addons/superherosweps/lua/weapons/emptycaptainhands.lua:48: Tried to use a NULL entity!
  1. SetHoldType - [C]:-1
   2. unknown - addons/superherosweps/lua/weapons/emptycaptainhands.lua:48


L 10/28/2018 - 22:09:09: Lua Error: 
[ERROR] addons/superherosweps/lua/weapons/emptycaptainhands.lua:48: Tried to use a NULL entity!
  1. SetHoldType - [C]:-1
   2. unknown - addons/superherosweps/lua/weapons/emptycaptainhands.lua:48


L 10/28/2018 - 22:09:11: Lua Error: 
[ERROR] addons/superherosweps/lua/weapons/emptycaptainhands.lua:43: Tried to use a NULL entity!
  1. __index - [C]:-1
   2. unknown - addons/superherosweps/lua/weapons/emptycaptainhands.lua:43


L 10/28/2018 - 22:09:11: Lua Error: 
[ERROR] addons/superherosweps/lua/weapons/emptycaptainhands.lua:48: Tried to use a NULL entity!
  1. SetHoldType - [C]:-1
   2. unknown - addons/superherosweps/lua/weapons/emptycaptainhands.lua:48


L 10/28/2018 - 22:09:11: Lua Error: 
[ERROR] addons/superherosweps/lua/weapons/emptycaptainhands.lua:43: Tried to use a NULL entity!
  1. __index - [C]:-1
   2. unknown - addons/superherosweps/lua/weapons/emptycaptainhands.lua:43


L 10/28/2018 - 22:09:11: Lua Error: 
[ERROR] addons/superherosweps/lua/weapons/emptycaptainhands.lua:43: Tried to use a NULL entity!
  1. __index - [C]:-1
   2. unknown - addons/superherosweps/lua/weapons/emptycaptainhands.lua:43


L 10/28/2018 - 22:09:11: Lua Error: 
[ERROR] addons/superherosweps/lua/weapons/emptycaptainhands.lua:48: Tried to use a NULL entity!
  1. SetHoldType - [C]:-1
   2. unknown - addons/superherosweps/lua/weapons/emptycaptainhands.lua:48


L 10/28/2018 - 22:09:11: Lua Error: 
[ERROR] addons/superherosweps/lua/weapons/emptycaptainhands.lua:48: Tried to use a NULL entity!
  1. SetHoldType - [C]:-1
   2. unknown - addons/superherosweps/lua/weapons/emptycaptainhands.lua:48


L 10/28/2018 - 22:09:11: Lua Error: 
[ERROR] addons/superherosweps/lua/weapons/emptycaptainhands.lua:48: Tried to use a NULL entity!
  1. SetHoldType - [C]:-1
   2. unknown - addons/superherosweps/lua/weapons/emptycaptainhands.lua:48


L 10/28/2018 - 22:09:11: Lua Error: 
[ERROR] addons/superherosweps/lua/weapons/emptycaptainhands.lua:43: Tried to use a NULL entity!
  1. __index - [C]:-1
   2. unknown - addons/superherosweps/lua/weapons/emptycaptainhands.lua:43


L 10/28/2018 - 22:09:11: Lua Error: 
[ERROR] addons/superherosweps/lua/weapons/emptycaptainhands.lua:43: Tried to use a NULL entity!
  1. __index - [C]:-1
   2. unknown - addons/superherosweps/lua/weapons/emptycaptainhands.lua:43


L 10/28/2018 - 22:09:11: Lua Error: 
[ERROR] addons/superherosweps/lua/weapons/emptycaptainhands.lua:43: Tried to use a NULL entity!
  1. __index - [C]:-1
   2. unknown - addons/superherosweps/lua/weapons/emptycaptainhands.lua:43


L 10/28/2018 - 22:09:11: Lua Error: 
[ERROR] addons/superherosweps/lua/weapons/emptycaptainhands.lua:48: Tried to use a NULL entity!
  1. SetHoldType - [C]:-1
   2. unknown - addons/superherosweps/lua/weapons/emptycaptainhands.lua:48


L 10/28/2018 - 22:09:11: Lua Error: 
[ERROR] addons/superherosweps/lua/weapons/emptycaptainhands.lua:43: Tried to use a NULL entity!
  1. __index - [C]:-1
   2. unknown - addons/superherosweps/lua/weapons/emptycaptainhands.lua:43


L 10/28/2018 - 22:09:11: Lua Error: 
[ERROR] addons/superherosweps/lua/weapons/emptycaptainhands.lua:48: Tried to use a NULL entity!
  1. SetHoldType - [C]:-1
   2. unknown - addons/superherosweps/lua/weapons/emptycaptainhands.lua:48


L 10/28/2018 - 22:09:11: Lua Error: 
[ERROR] addons/superherosweps/lua/weapons/emptycaptainhands.lua:48: Tried to use a NULL entity!
  1. SetHoldType - [C]:-1
   2. unknown - addons/superherosweps/lua/weapons/emptycaptainhands.lua:48


L 10/28/2018 - 22:09:11: Lua Error: 
[ERROR] addons/superherosweps/lua/weapons/emptycaptainhands.lua:48: Tried to use a NULL entity!
  1. SetHoldType - [C]:-1
   2. unknown - addons/superherosweps/lua/weapons/emptycaptainhands.lua:48


L 10/28/2018 - 22:09:11: Lua Error: 
[ERROR] addons/superherosweps/lua/weapons/emptycaptainhands.lua:48: Tried to use a NULL entity!
  1. SetHoldType - [C]:-1
   2. unknown - addons/superherosweps/lua/weapons/emptycaptainhands.lua:48


L 10/28/2018 - 22:09:11: Lua Error: 
[ERROR] addons/superherosweps/lua/weapons/emptycaptainhands.lua:48: Tried to use a NULL entity!
  1. SetHoldType - [C]:-1
   2. unknown - addons/superherosweps/lua/weapons/emptycaptainhands.lua:48


L 10/28/2018 - 22:09:11: Lua Error: 
[ERROR] addons/superherosweps/lua/weapons/emptycaptainhands.lua:43: Tried to use a NULL entity!
  1. __index - [C]:-1
   2. unknown - addons/superherosweps/lua/weapons/emptycaptainhands.lua:43


L 10/28/2018 - 22:09:11: Lua Error: 
[ERROR] addons/superherosweps/lua/weapons/emptycaptainhands.lua:43: Tried to use a NULL entity!
  1. __index - [C]:-1
   2. unknown - addons/superherosweps/lua/weapons/emptycaptainhands.lua:43


L 10/28/2018 - 22:09:11: Lua Error: 
[ERROR] addons/superherosweps/lua/weapons/emptycaptainhands.lua:43: Tried to use a NULL entity!
  1. __index - [C]:-1
   2. unknown - addons/superherosweps/lua/weapons/emptycaptainhands.lua:43


L 10/28/2018 - 22:09:11: Lua Error: 
[ERROR] addons/superherosweps/lua/weapons/emptycaptainhands.lua:48: Tried to use a NULL entity!
  1. SetHoldType - [C]:-1
   2. unknown - addons/superherosweps/lua/weapons/emptycaptainhands.lua:48


L 10/28/2018 - 22:09:12: Lua Error: 
[ERROR] addons/superherosweps/lua/weapons/emptycaptainhands.lua:48: Tried to use a NULL entity!
  1. SetHoldType - [C]:-1
   2. unknown - addons/superherosweps/lua/weapons/emptycaptainhands.lua:48


L 10/28/2018 - 22:09:12: Lua Error: 
[ERROR] addons/superherosweps/lua/weapons/emptycaptainhands.lua:48: Tried to use a NULL entity!
  1. SetHoldType - [C]:-1
   2. unknown - addons/superherosweps/lua/weapons/emptycaptainhands.lua:48


L 10/28/2018 - 22:09:12: Lua Error: 
[ERROR] addons/superherosweps/lua/weapons/emptycaptainhands.lua:48: Tried to use a NULL entity!
  1. SetHoldType - [C]:-1
   2. unknown - addons/superherosweps/lua/weapons/emptycaptainhands.lua:48


L 10/28/2018 - 22:09:12: Lua Error: 
[ERROR] addons/superherosweps/lua/weapons/emptycaptainhands.lua:48: Tried to use a NULL entity!
  1. SetHoldType - [C]:-1
   2. unknown - addons/superherosweps/lua/weapons/emptycaptainhands.lua:48


L 10/28/2018 - 22:09:16: Lua Error: 
[ERROR] addons/superherosweps/lua/weapons/emptycaptainhands.lua:48: Tried to use a NULL entity!
  1. SetHoldType - [C]:-1
   2. unknown - addons/superherosweps/lua/weapons/emptycaptainhands.lua:48


L 10/28/2018 - 22:09:21: Lua Error: 
[ERROR] addons/superherosweps/lua/weapons/emptycaptainhands.lua:48: Tried to use a NULL entity!
  1. SetHoldType - [C]:-1
   2. unknown - addons/superherosweps/lua/weapons/emptycaptainhands.lua:48


L 10/28/2018 - 22:11:12: "DidVaitel<2><STEAM_0:1:74202541><>" disconnected (reason "Disconnect by user.")
L 10/28/2018 - 22:11:12: Lua Error: 
[ERROR] addons/gvuti/lua/autorun/server/sv_nets.lua:374: attempt to index global 'MySQLite' (a nil value)
  1. gVutiSync - addons/gvuti/lua/autorun/server/sv_nets.lua:374
   2. fn - addons/gvuti/lua/autorun/server/sv_nets.lua:398
    3. unknown - addons/ulxulib/lua/ulib/shared/hook.lua:109


L 10/28/2018 - 22:38:56: "DidVaitel<3><STEAM_0:1:74202541><>" connected, address "192.168.1.102:27006"
L 10/28/2018 - 22:38:56: "DidVaitel<3><STEAM_0:1:74202541><>" STEAM USERID validated
L 10/28/2018 - 22:39:21: "DidVaitel<3><STEAM_0:1:74202541><>" entered the game
L 10/28/2018 - 22:39:31: Lua Error: 
[ERROR] addons/gvuti/lua/autorun/server/sv_nets.lua:383: attempt to index global 'MySQLite' (a nil value)
  1. fn - addons/gvuti/lua/autorun/server/sv_nets.lua:383
   2. Run - addons/ulxulib/lua/ulib/shared/hook.lua:109
    3. func - addons/gvuti/lua/autorun/server/sv_nets.lua:402
     4. unknown - lua/includes/extensions/net.lua:32


L 10/28/2018 - 22:39:59: Lua Error: 
[ERROR] addons/super-mega-ultra-duel-system2/lua/weapons/gmod_tool/stools/duelpoints.lua:9: attempt to index a nil value
  1. LeftClick - addons/super-mega-ultra-duel-system2/lua/weapons/gmod_tool/stools/duelpoints.lua:9
   2. unknown - gamemodes/sandbox/entities/weapons/gmod_tool/shared.lua:227


L 10/28/2018 - 22:40:00: Lua Error: 
[ERROR] addons/super-mega-ultra-duel-system2/lua/weapons/gmod_tool/stools/duelpoints.lua:9: attempt to index a nil value
  1. LeftClick - addons/super-mega-ultra-duel-system2/lua/weapons/gmod_tool/stools/duelpoints.lua:9
   2. unknown - gamemodes/sandbox/entities/weapons/gmod_tool/shared.lua:227


L 10/28/2018 - 22:41:06: "DidVaitel<3><STEAM_0:1:74202541><>" disconnected (reason "Server shutting down")
L 10/28/2018 - 22:41:06: server_message: "quit"
L 10/28/2018 - 22:41:06: Log file closed.
