L 10/27/2018 - 19:38:09: Log file started (file "logs\L1027008.log") (game "F:\sup\steamapps\common\GarrysModDS\garrysmod") (version "7270")
L 10/27/2018 - 19:38:09: server_cvar: "sv_alltalk" "3"
L 10/27/2018 - 19:38:11: Connection to Steam servers successful.
L 10/27/2018 - 19:38:11:    Public IP is 31.130.42.81.
L 10/27/2018 - 19:38:11: Assigned anonymous gameserver Steam ID [A-1:3557556227(11292)].
L 10/27/2018 - 19:38:11: VAC secure mode is activated.
L 10/27/2018 - 19:39:09: "DidVaitel<2><STEAM_0:1:74202541><>" connected, address "192.168.1.102:27006"
L 10/27/2018 - 19:39:09: "DidVaitel<2><STEAM_0:1:74202541><>" STEAM USERID validated
L 10/27/2018 - 19:39:15: "DidVaitel<2><STEAM_0:1:74202541><>" entered the game
L 10/27/2018 - 19:39:20: Lua Error: 
[ERROR] addons/gvuti/lua/autorun/server/sv_nets.lua:383: attempt to index global 'MySQLite' (a nil value)
  1. fn - addons/gvuti/lua/autorun/server/sv_nets.lua:383
   2. Run - addons/ulxulib/lua/ulib/shared/hook.lua:109
    3. func - addons/gvuti/lua/autorun/server/sv_nets.lua:402
     4. unknown - lua/includes/extensions/net.lua:32


L 10/27/2018 - 19:41:35: server_cvar: "sbox_maxnpcs" "109"
L 10/27/2018 - 19:41:38: [ULX] DidVaitel<STEAM_0:1:74202541> spawned NPC npc_zombie
L 10/27/2018 - 19:41:38: [ULX] DidVaitel<STEAM_0:1:74202541> spawned NPC npc_zombie
L 10/27/2018 - 19:41:39: [ULX] DidVaitel<STEAM_0:1:74202541> spawned NPC npc_zombie
L 10/27/2018 - 19:41:39: [ULX] DidVaitel<STEAM_0:1:74202541> spawned NPC npc_zombie
L 10/27/2018 - 19:41:39: [ULX] DidVaitel<STEAM_0:1:74202541> spawned NPC npc_zombie
L 10/27/2018 - 19:41:39: [ULX] DidVaitel<STEAM_0:1:74202541> spawned NPC npc_zombie
L 10/27/2018 - 19:41:40: [ULX] DidVaitel<STEAM_0:1:74202541> spawned NPC npc_zombie
L 10/27/2018 - 19:41:40: [ULX] DidVaitel<STEAM_0:1:74202541> spawned NPC npc_zombie
L 10/27/2018 - 19:41:40: [ULX] DidVaitel<STEAM_0:1:74202541> spawned NPC npc_zombie
L 10/27/2018 - 19:41:41: [ULX] DidVaitel<STEAM_0:1:74202541> spawned NPC npc_zombie
L 10/27/2018 - 19:41:41: [ULX] DidVaitel<STEAM_0:1:74202541> spawned NPC npc_zombie
L 10/27/2018 - 19:41:41: [ULX] DidVaitel<STEAM_0:1:74202541> spawned NPC npc_zombie
L 10/27/2018 - 19:41:41: [ULX] DidVaitel<STEAM_0:1:74202541> spawned NPC npc_zombie
L 10/27/2018 - 19:41:41: [ULX] DidVaitel<STEAM_0:1:74202541> spawned NPC npc_zombie
L 10/27/2018 - 19:41:42: [ULX] DidVaitel<STEAM_0:1:74202541> spawned NPC npc_zombie
L 10/27/2018 - 19:41:42: [ULX] DidVaitel<STEAM_0:1:74202541> spawned NPC npc_zombie
L 10/27/2018 - 19:41:42: [ULX] DidVaitel<STEAM_0:1:74202541> spawned NPC npc_zombie
L 10/27/2018 - 19:41:42: [ULX] DidVaitel<STEAM_0:1:74202541> spawned NPC npc_zombie
L 10/27/2018 - 19:41:42: [ULX] DidVaitel<STEAM_0:1:74202541> spawned NPC npc_zombie
L 10/27/2018 - 19:41:42: [ULX] DidVaitel<STEAM_0:1:74202541> spawned NPC npc_zombie
L 10/27/2018 - 19:41:43: [ULX] DidVaitel<STEAM_0:1:74202541> spawned NPC npc_zombie
L 10/27/2018 - 19:41:44: [ULX] DidVaitel<STEAM_0:1:74202541> spawned NPC npc_zombie
L 10/27/2018 - 19:41:44: [ULX] DidVaitel<STEAM_0:1:74202541> spawned NPC npc_zombie
L 10/27/2018 - 19:41:44: [ULX] DidVaitel<STEAM_0:1:74202541> spawned NPC npc_zombie
L 10/27/2018 - 19:41:44: [ULX] DidVaitel<STEAM_0:1:74202541> spawned NPC npc_zombie
L 10/27/2018 - 19:55:16: "DidVaitel<2><STEAM_0:1:74202541><>" disconnected (reason "Server shutting down")
L 10/27/2018 - 19:55:16: server_message: "quit"
L 10/27/2018 - 19:55:16: Log file closed.
