L 10/20/2019 - 19:48:39: Log file started (file "logs\L1020042.log") (game "F:\sup\steamapps\common\GarrysModDS\garrysmod") (version "7517")
L 10/20/2019 - 19:48:39: server_cvar: "sv_alltalk" "3"
L 10/20/2019 - 19:48:50: "DidVaitel<2><STEAM_0:1:74202541><>" entered the game
L 10/20/2019 - 19:48:52: "eLeCtrOssSnake<3><STEAM_0:1:164666257><>" entered the game
L 10/20/2019 - 19:49:25: Round proper has begun...
L 10/20/2019 - 19:49:38: "byLLirik<6><STEAM_0:1:461008164><>" entered the game
L 10/20/2019 - 19:49:59: byLLirik: я в спектах
L 10/20/2019 - 19:50:25: 00:59.98 - DMG: 	 eLeCtrOssSnake [traitor] damaged DidVaitel [innocent] for 125 dmg
L 10/20/2019 - 19:50:25: 00:59.98 - KILL:	 eLeCtrOssSnake [traitor] killed DidVaitel [innocent]
L 10/20/2019 - 19:50:25: Round ended.
L 10/20/2019 - 19:50:25: Result: traitors win.
L 10/20/2019 - 19:50:27: "eLeCtrOssSnake<3><STEAM_0:1:164666257><Team>" say "/me Достал жгут"
L 10/20/2019 - 19:50:47: Round proper has begun...
L 10/20/2019 - 19:51:15: 00:28.07 - DMG: 	 eLeCtrOssSnake [innocent] damaged DidVaitel [innocent] for 20 dmg
L 10/20/2019 - 19:51:18: 00:30.99 - DMG: 	 byLLirik [traitor] damaged DidVaitel [innocent] for 164 dmg
L 10/20/2019 - 19:51:18: 00:30.99 - KILL:	 byLLirik [traitor] killed DidVaitel [innocent]
L 10/20/2019 - 19:51:22: 00:35.15 - DMG: 	 eLeCtrOssSnake [innocent] damaged byLLirik [traitor] for 10 dmg
L 10/20/2019 - 19:51:23: 00:35.90 - DMG: 	 eLeCtrOssSnake [innocent] damaged byLLirik [traitor] for 60 dmg
L 10/20/2019 - 19:51:24: 00:36.42 - DMG: 	 byLLirik [traitor] damaged eLeCtrOssSnake [innocent] for 9 dmg
L 10/20/2019 - 19:51:24: 00:36.66 - DMG: 	 eLeCtrOssSnake [innocent] damaged byLLirik [traitor] for 70 dmg
L 10/20/2019 - 19:51:24: 00:36.66 - KILL:	 eLeCtrOssSnake [innocent] killed byLLirik [traitor]
L 10/20/2019 - 19:51:24: Round ended.
L 10/20/2019 - 19:51:24: Result: innocent win.
L 10/20/2019 - 19:51:43: byLLirik: )
L 10/20/2019 - 19:51:47: Round proper has begun...
L 10/20/2019 - 19:52:26: 00:39.76 - DMG: 	 byLLirik [innocent] damaged DidVaitel [traitor] for 11 dmg
L 10/20/2019 - 19:52:26: 00:39.76 - DMG: 	 byLLirik [innocent] damaged DidVaitel [traitor] for 11 dmg
L 10/20/2019 - 19:52:27: 00:39.88 - DMG: 	 DidVaitel [traitor] damaged byLLirik [innocent] for 13 dmg
L 10/20/2019 - 19:52:27: 00:39.93 - DMG: 	 byLLirik [innocent] damaged DidVaitel [traitor] for 10 dmg
L 10/20/2019 - 19:52:27: 00:39.93 - DMG: 	 byLLirik [innocent] damaged DidVaitel [traitor] for 7 dmg
L 10/20/2019 - 19:52:27: 00:39.93 - DMG: 	 byLLirik [innocent] damaged DidVaitel [traitor] for 10 dmg
L 10/20/2019 - 19:52:27: 00:40.05 - DMG: 	 byLLirik [innocent] damaged DidVaitel [traitor] for 10 dmg
L 10/20/2019 - 19:52:27: 00:39.99 - DMG: 	 DidVaitel [traitor] damaged byLLirik [innocent] for 13 dmg
L 10/20/2019 - 19:52:27: 00:40.10 - DMG: 	 byLLirik [innocent] damaged DidVaitel [traitor] for 9 dmg
L 10/20/2019 - 19:52:27: 00:40.20 - DMG: 	 byLLirik [innocent] damaged DidVaitel [traitor] for 7 dmg
L 10/20/2019 - 19:52:27: 00:40.15 - DMG: 	 DidVaitel [traitor] damaged byLLirik [innocent] for 24 dmg
L 10/20/2019 - 19:52:27: 00:40.23 - DMG: 	 byLLirik [innocent] damaged DidVaitel [traitor] for 7 dmg
L 10/20/2019 - 19:52:27: 00:40.35 - DMG: 	 byLLirik [innocent] damaged DidVaitel [traitor] for 4 dmg
L 10/20/2019 - 19:52:27: 00:40.43 - DMG: 	 byLLirik [innocent] damaged DidVaitel [traitor] for 4 dmg
L 10/20/2019 - 19:52:27: 00:40.46 - DMG: 	 DidVaitel [traitor] damaged byLLirik [innocent] for 13 dmg
L 10/20/2019 - 19:52:27: 00:40.77 - DMG: 	 byLLirik [innocent] damaged DidVaitel [traitor] for 8 dmg
L 10/20/2019 - 19:52:28: 00:40.95 - DMG: 	 DidVaitel [traitor] damaged byLLirik [innocent] for 13 dmg
L 10/20/2019 - 19:52:28: 00:41.07 - DMG: 	 byLLirik [innocent] damaged DidVaitel [traitor] for 4 dmg
L 10/20/2019 - 19:52:28: 00:41.07 - KILL:	 byLLirik [innocent] killed DidVaitel [traitor]
L 10/20/2019 - 19:52:29: Round ended.
L 10/20/2019 - 19:52:29: Result: innocent win.
L 10/20/2019 - 19:52:51: Round proper has begun...
L 10/20/2019 - 19:52:59: 00:07.43 - DMG: 	 DidVaitel [innocent] damaged eLeCtrOssSnake [innocent] for 9 dmg
L 10/20/2019 - 19:52:59: 00:07.89 - DMG: 	 DidVaitel [innocent] damaged eLeCtrOssSnake [innocent] for 9 dmg
L 10/20/2019 - 19:52:59: 00:08.13 - DMG: 	 DidVaitel [innocent] damaged eLeCtrOssSnake [innocent] for 5 dmg
L 10/20/2019 - 19:53:00: 00:08.51 - DMG: 	 DidVaitel [innocent] damaged eLeCtrOssSnake [innocent] for 5 dmg
L 10/20/2019 - 19:53:00: 00:08.61 - DMG: 	 DidVaitel [innocent] damaged byLLirik [traitor] for 9 dmg
L 10/20/2019 - 19:53:00: 00:08.74 - DMG: 	 DidVaitel [innocent] damaged eLeCtrOssSnake [innocent] for 5 dmg
L 10/20/2019 - 19:53:00: 00:08.88 - DMG: 	 DidVaitel [innocent] damaged byLLirik [traitor] for 9 dmg
L 10/20/2019 - 19:53:02: 00:10.41 - DMG: 	 DidVaitel [innocent] damaged eLeCtrOssSnake [innocent] for 5 dmg
L 10/20/2019 - 19:53:02: 00:10.76 - DMG: 	 DidVaitel [innocent] damaged eLeCtrOssSnake [innocent] for 5 dmg
L 10/20/2019 - 19:53:02: 00:10.95 - DMG: 	 DidVaitel [innocent] damaged eLeCtrOssSnake [innocent] for 5 dmg
L 10/20/2019 - 19:53:02: 00:11.04 - DMG: 	 byLLirik [traitor] damaged DidVaitel [innocent] for 7 dmg
L 10/20/2019 - 19:53:02: 00:11.04 - DMG: 	 byLLirik [traitor] damaged DidVaitel [innocent] for 13 dmg
L 10/20/2019 - 19:53:03: 00:11.55 - DMG: 	 byLLirik [traitor] damaged DidVaitel [innocent] for 7 dmg
L 10/20/2019 - 19:53:03: 00:11.84 - DMG: 	 byLLirik [traitor] damaged DidVaitel [innocent] for 7 dmg
L 10/20/2019 - 19:53:03: 00:12.18 - DMG: 	 byLLirik [traitor] damaged DidVaitel [innocent] for 7 dmg
L 10/20/2019 - 19:53:03: 00:12.27 - DMG: 	 DidVaitel [innocent] damaged byLLirik [traitor] for 5 dmg
L 10/20/2019 - 19:53:04: 00:12.45 - DMG: 	 byLLirik [traitor] damaged DidVaitel [innocent] for 13 dmg
L 10/20/2019 - 19:53:04: 00:12.75 - DMG: 	 byLLirik [traitor] damaged DidVaitel [innocent] for 13 dmg
L 10/20/2019 - 19:53:04: 00:12.93 - DMG: 	 byLLirik [traitor] damaged DidVaitel [innocent] for 13 dmg
L 10/20/2019 - 19:53:04: 00:12.99 - DMG: 	 DidVaitel [innocent] damaged byLLirik [traitor] for 5 dmg
L 10/20/2019 - 19:53:05: 00:13.34 - DMG: 	 byLLirik [traitor] damaged DidVaitel [innocent] for 7 dmg
L 10/20/2019 - 19:53:05: 00:13.34 - DMG: 	 byLLirik [traitor] damaged DidVaitel [innocent] for 13 dmg
L 10/20/2019 - 19:53:05: 00:13.34 - KILL:	 byLLirik [traitor] killed DidVaitel [innocent]
L 10/20/2019 - 19:54:02: 01:11.34 - DMG: 	 eLeCtrOssSnake [innocent] damaged byLLirik [traitor] for 20 dmg
L 10/20/2019 - 19:54:03: 01:11.44 - DMG: 	 eLeCtrOssSnake [innocent] damaged byLLirik [traitor] for 40 dmg
L 10/20/2019 - 19:54:03: 01:11.52 - DMG: 	 eLeCtrOssSnake [innocent] damaged byLLirik [traitor] for 40 dmg
L 10/20/2019 - 19:54:03: 01:11.52 - KILL:	 eLeCtrOssSnake [innocent] killed byLLirik [traitor]
L 10/20/2019 - 19:54:03: Round ended.
L 10/20/2019 - 19:54:03: Result: innocent win.
L 10/20/2019 - 19:54:26: Round proper has begun...
L 10/20/2019 - 19:54:31: 00:05.30 - DMG: 	 eLeCtrOssSnake [traitor] damaged DidVaitel [innocent] for 5 dmg
L 10/20/2019 - 19:55:42: 01:16.14 - DMG: 	 eLeCtrOssSnake [traitor] damaged DidVaitel [innocent] for 24 dmg
L 10/20/2019 - 19:55:42: 01:16.23 - DMG: 	 DidVaitel [innocent] damaged eLeCtrOssSnake [traitor] for 25 dmg
L 10/20/2019 - 19:55:42: 01:16.33 - DMG: 	 eLeCtrOssSnake [traitor] damaged DidVaitel [innocent] for 24 dmg
L 10/20/2019 - 19:55:42: 01:16.38 - DMG: 	 DidVaitel [innocent] damaged eLeCtrOssSnake [traitor] for 14 dmg
L 10/20/2019 - 19:55:42: 01:16.52 - DMG: 	 eLeCtrOssSnake [traitor] damaged DidVaitel [innocent] for 24 dmg
L 10/20/2019 - 19:55:42: 01:16.50 - DMG: 	 DidVaitel [innocent] damaged eLeCtrOssSnake [traitor] for 8 dmg
L 10/20/2019 - 19:55:42: 01:16.61 - DMG: 	 eLeCtrOssSnake [traitor] damaged DidVaitel [innocent] for 24 dmg
L 10/20/2019 - 19:55:42: 01:16.61 - KILL:	 eLeCtrOssSnake [traitor] killed DidVaitel [innocent]
L 10/20/2019 - 19:55:59: 01:33.38 - DMG: 	 eLeCtrOssSnake [traitor] damaged byLLirik [innocent] for 18 dmg
L 10/20/2019 - 19:55:59: 01:33.42 - DMG: 	 eLeCtrOssSnake [traitor] damaged byLLirik [innocent] for 18 dmg
L 10/20/2019 - 19:55:59: 01:33.54 - DMG: 	 eLeCtrOssSnake [traitor] damaged byLLirik [innocent] for 19 dmg
L 10/20/2019 - 19:55:59: 01:33.63 - DMG: 	 eLeCtrOssSnake [traitor] damaged byLLirik [innocent] for 19 dmg
L 10/20/2019 - 19:55:59: 01:33.71 - DMG: 	 eLeCtrOssSnake [traitor] damaged byLLirik [innocent] for 6 dmg
L 10/20/2019 - 19:56:00: 01:33.93 - DMG: 	 eLeCtrOssSnake [traitor] damaged byLLirik [innocent] for 6 dmg
L 10/20/2019 - 19:56:00: 01:34.02 - DMG: 	 byLLirik [innocent] damaged eLeCtrOssSnake [traitor] for 11 dmg
L 10/20/2019 - 19:56:00: 01:34.04 - DMG: 	 eLeCtrOssSnake [traitor] damaged byLLirik [innocent] for 6 dmg
L 10/20/2019 - 19:56:00: 01:34.23 - DMG: 	 eLeCtrOssSnake [traitor] damaged byLLirik [innocent] for 10 dmg
L 10/20/2019 - 19:56:00: 01:34.23 - KILL:	 eLeCtrOssSnake [traitor] killed byLLirik [innocent]
L 10/20/2019 - 19:56:01: Round ended.
L 10/20/2019 - 19:56:01: Result: traitors win.
L 10/20/2019 - 19:56:23: Round proper has begun...
L 10/20/2019 - 19:56:26: 00:03.03 - DMG: 	 byLLirik [traitor] damaged eLeCtrOssSnake [innocent] for 11 dmg
L 10/20/2019 - 19:56:26: 00:03.15 - DMG: 	 byLLirik [traitor] damaged eLeCtrOssSnake [innocent] for 6 dmg
L 10/20/2019 - 19:56:27: 00:03.29 - DMG: 	 byLLirik [traitor] damaged eLeCtrOssSnake [innocent] for 11 dmg
L 10/20/2019 - 19:56:27: 00:03.39 - DMG: 	 byLLirik [traitor] damaged eLeCtrOssSnake [innocent] for 11 dmg
L 10/20/2019 - 19:56:27: 00:03.56 - DMG: 	 byLLirik [traitor] damaged eLeCtrOssSnake [innocent] for 6 dmg
L 10/20/2019 - 19:56:27: 00:03.56 - DMG: 	 byLLirik [traitor] damaged eLeCtrOssSnake [innocent] for 6 dmg
L 10/20/2019 - 19:56:27: 00:03.69 - DMG: 	 byLLirik [traitor] damaged eLeCtrOssSnake [innocent] for 11 dmg
L 10/20/2019 - 19:56:27: 00:03.75 - DMG: 	 byLLirik [traitor] damaged eLeCtrOssSnake [innocent] for 11 dmg
L 10/20/2019 - 19:56:27: 00:03.83 - DMG: 	 byLLirik [traitor] damaged eLeCtrOssSnake [innocent] for 11 dmg
L 10/20/2019 - 19:56:27: 00:03.93 - DMG: 	 byLLirik [traitor] damaged eLeCtrOssSnake [innocent] for 11 dmg
L 10/20/2019 - 19:56:27: 00:03.99 - DMG: 	 byLLirik [traitor] damaged eLeCtrOssSnake [innocent] for 11 dmg
L 10/20/2019 - 19:56:27: 00:03.99 - KILL:	 byLLirik [traitor] killed eLeCtrOssSnake [innocent]
L 10/20/2019 - 19:56:42: 00:19.07 - DMG: 	 DidVaitel [innocent] damaged byLLirik [traitor] for 21 dmg
L 10/20/2019 - 19:56:43: 00:19.31 - DMG: 	 DidVaitel [innocent] damaged byLLirik [traitor] for 21 dmg
L 10/20/2019 - 19:56:43: 00:19.46 - DMG: 	 DidVaitel [innocent] damaged byLLirik [traitor] for 12 dmg
L 10/20/2019 - 19:56:43: 00:19.56 - DMG: 	 byLLirik [traitor] damaged DidVaitel [innocent] for 11 dmg
L 10/20/2019 - 19:56:43: 00:19.56 - DMG: 	 byLLirik [traitor] damaged DidVaitel [innocent] for 11 dmg
L 10/20/2019 - 19:56:43: 00:19.83 - DMG: 	 DidVaitel [innocent] damaged byLLirik [traitor] for 12 dmg
L 10/20/2019 - 19:56:44: 00:20.37 - DMG: 	 DidVaitel [innocent] damaged byLLirik [traitor] for 12 dmg
L 10/20/2019 - 19:56:44: 00:20.94 - DMG: 	 DidVaitel [innocent] damaged byLLirik [traitor] for 21 dmg
L 10/20/2019 - 19:56:44: 00:21.08 - DMG: 	 DidVaitel [innocent] damaged byLLirik [traitor] for 21 dmg
L 10/20/2019 - 19:56:44: 00:21.08 - KILL:	 DidVaitel [innocent] killed byLLirik [traitor]
L 10/20/2019 - 19:56:45: Round ended.
L 10/20/2019 - 19:56:45: Result: innocent win.
L 10/20/2019 - 19:57:20: Log file closed.
