L 10/28/2018 - 18:29:56: Log file started (file "logs\L1028003.log") (game "F:\sup\steamapps\common\GarrysModDS\garrysmod") (version "7270")
L 10/28/2018 - 18:29:56: server_cvar: "sv_alltalk" "3"
L 10/28/2018 - 18:29:57: Connection to Steam servers successful.
L 10/28/2018 - 18:29:57:    Public IP is 31.130.42.81.
L 10/28/2018 - 18:29:57: Assigned anonymous gameserver Steam ID [A-1:875676683(11298)].
L 10/28/2018 - 18:29:57: VAC secure mode is activated.
L 10/28/2018 - 18:30:11: "DidVaitel<2><STEAM_0:1:74202541><>" connected, address "10.61.76.2:27006"
L 10/28/2018 - 18:30:12: "DidVaitel<2><STEAM_0:1:74202541><>" STEAM USERID validated
L 10/28/2018 - 18:30:19: "DidVaitel<2><STEAM_0:1:74202541><>" entered the game
L 10/28/2018 - 18:30:28: Lua Error: 
[ERROR] addons/gvuti/lua/autorun/server/sv_nets.lua:383: attempt to index global 'MySQLite' (a nil value)
  1. fn - addons/gvuti/lua/autorun/server/sv_nets.lua:383
   2. Run - addons/ulxulib/lua/ulib/shared/hook.lua:109
    3. func - addons/gvuti/lua/autorun/server/sv_nets.lua:402
     4. unknown - lua/includes/extensions/net.lua:32


L 10/28/2018 - 18:30:53: Lua Error: 
[ERROR] addons/superherosweps/lua/weapons/emptycaptainhands.lua:54: Tried to use a NULL entity!
  1. SetHoldType - [C]:-1
   2. unknown - addons/superherosweps/lua/weapons/emptycaptainhands.lua:54


L 10/28/2018 - 18:35:07: "Я карта<3><STEAM_0:1:235401532><>" connected, address "5.18.243.229:20722"
L 10/28/2018 - 18:35:07: "Я карта<3><STEAM_0:1:235401532><>" STEAM USERID validated
L 10/28/2018 - 18:35:32: "Я карта<3><STEAM_0:1:235401532><>" entered the game
L 10/28/2018 - 18:35:53: Lua Error: 
[ERROR] addons/gvuti/lua/autorun/server/sv_nets.lua:383: attempt to index global 'MySQLite' (a nil value)
  1. fn - addons/gvuti/lua/autorun/server/sv_nets.lua:383
   2. Run - addons/ulxulib/lua/ulib/shared/hook.lua:109
    3. func - addons/gvuti/lua/autorun/server/sv_nets.lua:402
     4. unknown - lua/includes/extensions/net.lua:32


L 10/28/2018 - 18:38:04: "Я карта<3><STEAM_0:1:235401532><>" disconnected (reason "Disconnect by user.")
L 10/28/2018 - 18:38:04: Lua Error: 
[ERROR] addons/gvuti/lua/autorun/server/sv_nets.lua:374: attempt to index global 'MySQLite' (a nil value)
  1. gVutiSync - addons/gvuti/lua/autorun/server/sv_nets.lua:374
   2. fn - addons/gvuti/lua/autorun/server/sv_nets.lua:398
    3. unknown - addons/ulxulib/lua/ulib/shared/hook.lua:109


L 10/28/2018 - 18:46:26: Lua Error: 
[ERROR] addons/superherosweps/lua/weapons/emptycaptainhands.lua:54: Tried to use a NULL entity!
  1. SetHoldType - [C]:-1
   2. unknown - addons/superherosweps/lua/weapons/emptycaptainhands.lua:54


L 10/28/2018 - 18:46:38: "DidVaitel<2><STEAM_0:1:74202541><>" disconnected (reason "Server shutting down")
L 10/28/2018 - 18:46:38: server_message: "quit"
L 10/28/2018 - 18:46:38: Log file closed.
