L 10/21/2018 - 00:08:16: Log file started (file "logs\L1021000.log") (game "F:\sup\steamapps\common\GarrysModDS\garrysmod") (version "7270")
L 10/21/2018 - 00:08:16: server_cvar: "sv_alltalk" "3"
L 10/21/2018 - 00:08:16: server_cvar: "sv_allowcslua" "1"
L 10/21/2018 - 00:08:16: server_cvar: "sv_airaccelerate" "1000"
L 10/21/2018 - 00:08:16: server_cvar: "sv_alltalk" "0"
L 10/21/2018 - 00:08:17: Connection to Steam servers successful.
L 10/21/2018 - 00:08:17:    Public IP is 31.130.42.81.
L 10/21/2018 - 00:08:17: Assigned anonymous gameserver Steam ID [A-1:3850536971(11256)].
L 10/21/2018 - 00:08:17: VAC secure mode is activated.
L 10/21/2018 - 00:08:19: "DidVaitel<2><STEAM_0:1:74202541><>" connected, address "192.168.1.102:27006"
L 10/21/2018 - 00:08:20: "DidVaitel<2><STEAM_0:1:74202541><>" STEAM USERID validated
L 10/21/2018 - 00:08:26: [FAdmin] DidVaitel (STEAM_0:1:74202541) is Authed
L 10/21/2018 - 00:08:26: [FAdmin] DidVaitel (STEAM_0:1:74202541) Spawned for the first time
L 10/21/2018 - 00:08:26: [FAdmin] DidVaitel (STEAM_0:1:74202541) Spawned
L 10/21/2018 - 00:08:26: "DidVaitel<2><STEAM_0:1:74202541><>" entered the game
L 10/21/2018 - 00:08:26: [FAdmin] DidVaitel (STEAM_0:1:74202541) Attempted to pick up a keys
L 10/21/2018 - 00:08:26: [FAdmin] DidVaitel (STEAM_0:1:74202541) Attempted to pick up a weapon_physcannon
L 10/21/2018 - 00:08:26: [FAdmin] DidVaitel (STEAM_0:1:74202541) Attempted to pick up a gmod_camera
L 10/21/2018 - 00:08:26: [FAdmin] DidVaitel (STEAM_0:1:74202541) Attempted to pick up a gmod_tool
L 10/21/2018 - 00:08:26: [FAdmin] DidVaitel (STEAM_0:1:74202541) Attempted to pick up a pocket
L 10/21/2018 - 00:08:26: [FAdmin] DidVaitel (STEAM_0:1:74202541) Attempted to pick up a weapon_physgun
L 10/21/2018 - 00:08:26: [FAdmin] DidVaitel (STEAM_0:1:74202541) Attempted to pick up a weapon_keypadchecker
L 10/21/2018 - 00:08:26: [FAdmin] DidVaitel (STEAM_0:1:74202541) Attempted to pick up a door_ram
L 10/21/2018 - 00:08:26: [FAdmin] DidVaitel (STEAM_0:1:74202541) Attempted to pick up a arrest_stick
L 10/21/2018 - 00:08:26: [FAdmin] DidVaitel (STEAM_0:1:74202541) Attempted to pick up a unarrest_stick
L 10/21/2018 - 00:08:26: [FAdmin] DidVaitel (STEAM_0:1:74202541) Attempted to pick up a stunstick
L 10/21/2018 - 00:08:26: [FAdmin] DidVaitel (STEAM_0:1:74202541) Attempted to pick up a weaponchecker
L 10/21/2018 - 00:09:00: "DidVaitel<2><STEAM_0:1:74202541><Citizen>" say "!menu"

L 10/21/2018 - 00:09:18: Lua Error: 
[ERROR] addons/ulxulib/lua/ulx/modules/sh/ulx_customdefn.lua:10: attempt to call method 'SetUTime' (a nil value)
  1. call - addons/ulxulib/lua/ulx/modules/sh/ulx_customdefn.lua:10
   2. __fn - addons/ulxulib/lua/ulib/shared/commands.lua:943
    3. execute - addons/ulxulib/lua/ulib/shared/commands.lua:1323
     4. unknown - addons/ulxulib/lua/ulib/shared/commands.lua:1351
      5. Run - lua/includes/modules/concommand.lua:54
       6. unknown - addons/ulxulib/lua/ulib/shared/commands.lua:1365
        7. unknown - lua/includes/modules/concommand.lua:54


L 10/21/2018 - 00:09:28: Lua Error: 
[ERROR] addons/money_clicker/lua/entities/money_clicker/init.lua:53: attempt to index field 'DarkRPItem' (a nil value)
  1. unknown - addons/money_clicker/lua/entities/money_clicker/init.lua:53
   2. Spawn - [C]:-1
    3. SpawnFunction - gamemodes/base/entities/entities/base_entity/init.lua:70
     4. Spawn_SENT - gamemodes/sandbox/gamemode/commands.lua:662
      5. unknown - gamemodes/sandbox/gamemode/commands.lua:727
       6. unknown - lua/includes/modules/concommand.lua:54


L 10/21/2018 - 00:09:28: [FAdmin] DidVaitel (STEAM_0:1:74202541) Spawned a money_clicker
L 10/21/2018 - 00:09:28: [ULX] DidVaitel<STEAM_0:1:74202541> spawned sent money_clicker
L 10/21/2018 - 00:09:30: Lua Error: 
[ERROR] addons/money_clicker/lua/entities/money_clicker/init.lua:53: attempt to index field 'DarkRPItem' (a nil value)
  1. unknown - addons/money_clicker/lua/entities/money_clicker/init.lua:53
   2. Spawn - [C]:-1
    3. SpawnFunction - gamemodes/base/entities/entities/base_entity/init.lua:70
     4. Spawn_SENT - gamemodes/sandbox/gamemode/commands.lua:662
      5. unknown - gamemodes/sandbox/gamemode/commands.lua:727
       6. unknown - lua/includes/modules/concommand.lua:54


L 10/21/2018 - 00:09:30: [FAdmin] DidVaitel (STEAM_0:1:74202541) Spawned a money_clicker
L 10/21/2018 - 00:09:30: [ULX] DidVaitel<STEAM_0:1:74202541> spawned sent money_clicker
L 10/21/2018 - 00:09:30: Lua Error: 
[ERROR] addons/money_clicker/lua/entities/money_clicker/init.lua:53: attempt to index field 'DarkRPItem' (a nil value)
  1. unknown - addons/money_clicker/lua/entities/money_clicker/init.lua:53
   2. Spawn - [C]:-1
    3. SpawnFunction - gamemodes/base/entities/entities/base_entity/init.lua:70
     4. Spawn_SENT - gamemodes/sandbox/gamemode/commands.lua:662
      5. unknown - gamemodes/sandbox/gamemode/commands.lua:727
       6. unknown - lua/includes/modules/concommand.lua:54


L 10/21/2018 - 00:09:30: [FAdmin] DidVaitel (STEAM_0:1:74202541) Spawned a money_clicker
L 10/21/2018 - 00:09:30: [ULX] DidVaitel<STEAM_0:1:74202541> spawned sent money_clicker
L 10/21/2018 - 00:09:30: Lua Error: 
[ERROR] addons/money_clicker/lua/entities/money_clicker/init.lua:53: attempt to index field 'DarkRPItem' (a nil value)
  1. unknown - addons/money_clicker/lua/entities/money_clicker/init.lua:53
   2. Spawn - [C]:-1
    3. SpawnFunction - gamemodes/base/entities/entities/base_entity/init.lua:70
     4. Spawn_SENT - gamemodes/sandbox/gamemode/commands.lua:662
      5. unknown - gamemodes/sandbox/gamemode/commands.lua:727
       6. unknown - lua/includes/modules/concommand.lua:54


L 10/21/2018 - 00:09:30: [FAdmin] DidVaitel (STEAM_0:1:74202541) Spawned a money_clicker
L 10/21/2018 - 00:09:30: [ULX] DidVaitel<STEAM_0:1:74202541> spawned sent money_clicker
L 10/21/2018 - 00:11:14: Lua Error: 
[ERROR] addons/money_clicker/lua/entities/money_clicker/init.lua:53: attempt to index field 'DarkRPItem' (a nil value)
  1. unknown - addons/money_clicker/lua/entities/money_clicker/init.lua:53
   2. Spawn - [C]:-1
    3. SpawnFunction - gamemodes/base/entities/entities/base_entity/init.lua:70
     4. Spawn_SENT - gamemodes/sandbox/gamemode/commands.lua:662
      5. unknown - gamemodes/sandbox/gamemode/commands.lua:727
       6. unknown - lua/includes/modules/concommand.lua:54


L 10/21/2018 - 00:11:14: [FAdmin] DidVaitel (STEAM_0:1:74202541) Spawned a money_clicker
L 10/21/2018 - 00:11:14: [ULX] DidVaitel<STEAM_0:1:74202541> spawned sent money_clicker
L 10/21/2018 - 00:11:23: [FAdmin] Server succesfully shut down.
L 10/21/2018 - 00:11:23: [FAdmin] prop_physics(models/props/de_nuke/handtruck.mdl) Got removed
L 10/21/2018 - 00:11:23: [FAdmin] prop_physics(models/props_c17/door01_left.mdl) Got removed
L 10/21/2018 - 00:11:23: [FAdmin] prop_physics(models/props_c17/door01_left.mdl) Got removed
L 10/21/2018 - 00:11:23: [FAdmin] prop_physics(models/props_c17/door01_left.mdl) Got removed
L 10/21/2018 - 00:11:23: [FAdmin] prop_physics(models/props_c17/door01_left.mdl) Got removed
L 10/21/2018 - 00:11:23: [FAdmin] prop_physics(models/props_c17/door01_left.mdl) Got removed
L 10/21/2018 - 00:11:23: [FAdmin] prop_physics(models/props_c17/door01_left.mdl) Got removed
L 10/21/2018 - 00:11:23: [FAdmin] prop_physics(models/props_junk/pushcart01a.mdl) Got removed
L 10/21/2018 - 00:11:23: [FAdmin] prop_physics(models/props/de_nuke/handtruck.mdl) Got removed
L 10/21/2018 - 00:11:23: [FAdmin] prop_physics(models/props_c17/door01_left.mdl) Got removed
L 10/21/2018 - 00:11:23: [FAdmin] prop_physics(models/props_c17/door01_left.mdl) Got removed
L 10/21/2018 - 00:11:23: [FAdmin] prop_physics(models/props_junk/wood_crate001a_damaged.mdl) Got removed
L 10/21/2018 - 00:11:23: [FAdmin] prop_physics(models/props_junk/wood_crate001a_damaged.mdl) Got removed
L 10/21/2018 - 00:11:23: [FAdmin] prop_physics(models/props_junk/wood_crate001a_damaged.mdl) Got removed
L 10/21/2018 - 00:11:23: [FAdmin] prop_physics(models/props_junk/wood_crate001a_damaged.mdl) Got removed
L 10/21/2018 - 00:11:23: [FAdmin] prop_physics(models/props_junk/wood_crate001a_damaged.mdl) Got removed
L 10/21/2018 - 00:11:23: "DidVaitel<2><STEAM_0:1:74202541><>" disconnected (reason "Server shutting down")
L 10/21/2018 - 00:11:23: server_message: "quit"
L 10/21/2018 - 00:11:23: Log file closed.
