L 10/27/2018 - 19:30:29: Log file started (file "logs\L1027007.log") (game "F:\sup\steamapps\common\GarrysModDS\garrysmod") (version "7270")
L 10/27/2018 - 19:30:29: server_cvar: "sv_alltalk" "3"
L 10/27/2018 - 19:30:31: Connection to Steam servers successful.
L 10/27/2018 - 19:30:31:    Public IP is 31.130.42.81.
L 10/27/2018 - 19:30:31: Assigned anonymous gameserver Steam ID [A-1:3393847307(11292)].
L 10/27/2018 - 19:30:31: VAC secure mode is activated.
L 10/27/2018 - 19:30:32: "DidVaitel<2><STEAM_0:1:74202541><>" connected, address "192.168.1.102:27006"
L 10/27/2018 - 19:30:32: "DidVaitel<2><STEAM_0:1:74202541><>" STEAM USERID validated
L 10/27/2018 - 19:30:38: "DidVaitel<2><STEAM_0:1:74202541><>" entered the game
L 10/27/2018 - 19:30:43: Lua Error: 
[ERROR] addons/gvuti/lua/autorun/server/sv_nets.lua:383: attempt to index global 'MySQLite' (a nil value)
  1. fn - addons/gvuti/lua/autorun/server/sv_nets.lua:383
   2. Run - addons/ulxulib/lua/ulib/shared/hook.lua:109
    3. func - addons/gvuti/lua/autorun/server/sv_nets.lua:402
     4. unknown - lua/includes/extensions/net.lua:32


L 10/27/2018 - 19:36:32: Lua Error: 
[ERROR] addons/superherosweps/lua/weapons/superman/init.lua:229: 'then' expected near 'r'
  1. unknown - addons/superherosweps/lua/weapons/superman/init.lua:0


L 10/27/2018 - 19:36:45: Lua Error: 
[ERROR] addons/superherosweps/lua/weapons/superman/init.lua:229: 'then' expected near 'r'
  1. unknown - addons/superherosweps/lua/weapons/superman/init.lua:0


L 10/27/2018 - 19:36:48: Lua Error: 
[ERROR] addons/superherosweps/lua/weapons/superman/init.lua:242: 'then' expected near 'r'
  1. unknown - addons/superherosweps/lua/weapons/superman/init.lua:0


L 10/27/2018 - 19:36:54: Lua Error: 
[ERROR] addons/superherosweps/lua/weapons/superman/init.lua:244: 'then' expected near 'r'
  1. unknown - addons/superherosweps/lua/weapons/superman/init.lua:0


L 10/27/2018 - 19:37:12: Lua Error: 
[ERROR] addons/superherosweps/lua/weapons/superman/init.lua:244: 'then' expected near 'r'
  1. unknown - addons/superherosweps/lua/weapons/superman/init.lua:0


L 10/27/2018 - 19:37:17: Lua Error: 
[ERROR] addons/superherosweps/lua/weapons/superman/init.lua:244: 'then' expected near 'r'
  1. unknown - addons/superherosweps/lua/weapons/superman/init.lua:0


L 10/27/2018 - 19:38:06: "DidVaitel<2><STEAM_0:1:74202541><>" disconnected (reason "Server shutting down")
L 10/27/2018 - 19:38:06: server_message: "quit"
L 10/27/2018 - 19:38:06: Log file closed.
