L 10/28/2018 - 00:12:35: Log file started (file "logs\L1028000.log") (game "F:\sup\steamapps\common\GarrysModDS\garrysmod") (version "7270")
L 10/28/2018 - 00:12:35: server_cvar: "sv_alltalk" "3"
L 10/28/2018 - 00:12:35: server_cvar: "sv_allowcslua" "1"
L 10/28/2018 - 00:12:35: server_cvar: "sv_airaccelerate" "1000"
L 10/28/2018 - 00:12:35: server_cvar: "sv_alltalk" "0"
L 10/28/2018 - 00:12:36: Connection to Steam servers successful.
L 10/28/2018 - 00:12:36:    Public IP is 31.130.42.81.
L 10/28/2018 - 00:12:36: Assigned anonymous gameserver Steam ID [A-1:3304754183(11293)].
L 10/28/2018 - 00:12:37: VAC secure mode is activated.
L 10/28/2018 - 00:12:56: "DidVaitel<2><STEAM_0:1:74202541><>" connected, address "192.168.1.102:27006"
L 10/28/2018 - 00:12:57: "DidVaitel<2><STEAM_0:1:74202541><>" STEAM USERID validated
L 10/28/2018 - 00:13:06: [FAdmin] DidVaitel (STEAM_0:1:74202541) is Authed
L 10/28/2018 - 00:13:06: [FAdmin] DidVaitel (STEAM_0:1:74202541) Spawned for the first time
L 10/28/2018 - 00:13:06: [FAdmin] DidVaitel (STEAM_0:1:74202541) Spawned
L 10/28/2018 - 00:13:06: "DidVaitel<2><STEAM_0:1:74202541><>" entered the game
L 10/28/2018 - 00:13:06: [FAdmin] DidVaitel (STEAM_0:1:74202541) Attempted to pick up a keys
L 10/28/2018 - 00:13:06: [FAdmin] DidVaitel (STEAM_0:1:74202541) Attempted to pick up a weapon_physcannon
L 10/28/2018 - 00:13:06: [FAdmin] DidVaitel (STEAM_0:1:74202541) Attempted to pick up a gmod_camera
L 10/28/2018 - 00:13:06: [FAdmin] DidVaitel (STEAM_0:1:74202541) Attempted to pick up a gmod_tool
L 10/28/2018 - 00:13:06: [FAdmin] DidVaitel (STEAM_0:1:74202541) Attempted to pick up a pocket
L 10/28/2018 - 00:13:06: [FAdmin] DidVaitel (STEAM_0:1:74202541) Attempted to pick up a weapon_physgun
L 10/28/2018 - 00:13:06: [FAdmin] DidVaitel (STEAM_0:1:74202541) Attempted to pick up a weapon_keypadchecker
L 10/28/2018 - 00:13:06: [FAdmin] DidVaitel (STEAM_0:1:74202541) Attempted to pick up a door_ram
L 10/28/2018 - 00:13:06: [FAdmin] DidVaitel (STEAM_0:1:74202541) Attempted to pick up a arrest_stick
L 10/28/2018 - 00:13:06: [FAdmin] DidVaitel (STEAM_0:1:74202541) Attempted to pick up a unarrest_stick
L 10/28/2018 - 00:13:06: [FAdmin] DidVaitel (STEAM_0:1:74202541) Attempted to pick up a stunstick
L 10/28/2018 - 00:13:06: [FAdmin] DidVaitel (STEAM_0:1:74202541) Attempted to pick up a weaponchecker
L 10/28/2018 - 00:14:15: [FAdmin] DidVaitel (STEAM_0:1:74202541) Spawned a duel_npc
L 10/28/2018 - 00:14:15: [ULX] DidVaitel<STEAM_0:1:74202541> spawned sent duel_npc
L 10/28/2018 - 00:22:54: "DidVaitel<2><STEAM_0:1:74202541><>" disconnected (reason "Disconnect by user.")
L 10/28/2018 - 00:22:54: [FAdmin] DidVaitel (STEAM_0:1:74202541) Disconnected
L 10/28/2018 - 00:22:55: "DidVaitel<3><STEAM_0:1:74202541><>" connected, address "192.168.1.102:27006"
L 10/28/2018 - 00:22:55: "DidVaitel<3><STEAM_0:1:74202541><>" STEAM USERID validated
L 10/28/2018 - 00:23:04: [FAdmin] DidVaitel (STEAM_0:1:74202541) is Authed
L 10/28/2018 - 00:23:04: [FAdmin] DidVaitel (STEAM_0:1:74202541) Spawned for the first time
L 10/28/2018 - 00:23:04: [FAdmin] DidVaitel (STEAM_0:1:74202541) Spawned
L 10/28/2018 - 00:23:04: "DidVaitel<3><STEAM_0:1:74202541><>" entered the game
L 10/28/2018 - 00:23:04: [FAdmin] DidVaitel (STEAM_0:1:74202541) Attempted to pick up a keys
L 10/28/2018 - 00:23:04: [FAdmin] DidVaitel (STEAM_0:1:74202541) Attempted to pick up a weapon_physcannon
L 10/28/2018 - 00:23:04: [FAdmin] DidVaitel (STEAM_0:1:74202541) Attempted to pick up a gmod_camera
L 10/28/2018 - 00:23:04: [FAdmin] DidVaitel (STEAM_0:1:74202541) Attempted to pick up a gmod_tool
L 10/28/2018 - 00:23:04: [FAdmin] DidVaitel (STEAM_0:1:74202541) Attempted to pick up a pocket
L 10/28/2018 - 00:23:04: [FAdmin] DidVaitel (STEAM_0:1:74202541) Attempted to pick up a weapon_physgun
L 10/28/2018 - 00:23:04: [FAdmin] DidVaitel (STEAM_0:1:74202541) Attempted to pick up a weapon_keypadchecker
L 10/28/2018 - 00:23:04: [FAdmin] DidVaitel (STEAM_0:1:74202541) Attempted to pick up a door_ram
L 10/28/2018 - 00:23:04: [FAdmin] DidVaitel (STEAM_0:1:74202541) Attempted to pick up a arrest_stick
L 10/28/2018 - 00:23:04: [FAdmin] DidVaitel (STEAM_0:1:74202541) Attempted to pick up a unarrest_stick
L 10/28/2018 - 00:23:04: [FAdmin] DidVaitel (STEAM_0:1:74202541) Attempted to pick up a stunstick
L 10/28/2018 - 00:23:04: [FAdmin] DidVaitel (STEAM_0:1:74202541) Attempted to pick up a weaponchecker
L 10/28/2018 - 00:27:41: "DidVaitel<3><STEAM_0:1:74202541><>" disconnected (reason "Disconnect by user.")
L 10/28/2018 - 00:27:41: [FAdmin] DidVaitel (STEAM_0:1:74202541) Disconnected
L 10/28/2018 - 00:27:41: "DidVaitel<4><STEAM_0:1:74202541><>" connected, address "192.168.1.102:27006"
L 10/28/2018 - 00:27:41: "DidVaitel<4><STEAM_0:1:74202541><>" STEAM USERID validated
L 10/28/2018 - 00:27:51: [FAdmin] DidVaitel (STEAM_0:1:74202541) is Authed
L 10/28/2018 - 00:27:51: [FAdmin] DidVaitel (STEAM_0:1:74202541) Spawned for the first time
L 10/28/2018 - 00:27:51: [FAdmin] DidVaitel (STEAM_0:1:74202541) Spawned
L 10/28/2018 - 00:27:51: "DidVaitel<4><STEAM_0:1:74202541><>" entered the game
L 10/28/2018 - 00:27:51: [FAdmin] DidVaitel (STEAM_0:1:74202541) Attempted to pick up a keys
L 10/28/2018 - 00:27:51: [FAdmin] DidVaitel (STEAM_0:1:74202541) Attempted to pick up a weapon_physcannon
L 10/28/2018 - 00:27:51: [FAdmin] DidVaitel (STEAM_0:1:74202541) Attempted to pick up a gmod_camera
L 10/28/2018 - 00:27:51: [FAdmin] DidVaitel (STEAM_0:1:74202541) Attempted to pick up a gmod_tool
L 10/28/2018 - 00:27:51: [FAdmin] DidVaitel (STEAM_0:1:74202541) Attempted to pick up a pocket
L 10/28/2018 - 00:27:51: [FAdmin] DidVaitel (STEAM_0:1:74202541) Attempted to pick up a weapon_physgun
L 10/28/2018 - 00:27:51: [FAdmin] DidVaitel (STEAM_0:1:74202541) Attempted to pick up a weapon_keypadchecker
L 10/28/2018 - 00:27:51: [FAdmin] DidVaitel (STEAM_0:1:74202541) Attempted to pick up a door_ram
L 10/28/2018 - 00:27:51: [FAdmin] DidVaitel (STEAM_0:1:74202541) Attempted to pick up a arrest_stick
L 10/28/2018 - 00:27:51: [FAdmin] DidVaitel (STEAM_0:1:74202541) Attempted to pick up a unarrest_stick
L 10/28/2018 - 00:27:51: [FAdmin] DidVaitel (STEAM_0:1:74202541) Attempted to pick up a stunstick
L 10/28/2018 - 00:27:51: [FAdmin] DidVaitel (STEAM_0:1:74202541) Attempted to pick up a weaponchecker
L 10/28/2018 - 00:32:05: [FAdmin] DidVaitel (STEAM_0:1:74202541) Attempted to switch noclip
L 10/28/2018 - 00:32:06: [FAdmin] DidVaitel (STEAM_0:1:74202541) Attempted to switch noclip
L 10/28/2018 - 00:32:23: "DidVaitel<4><STEAM_0:1:74202541><>" disconnected (reason "Disconnect by user.")
L 10/28/2018 - 00:32:23: [FAdmin] DidVaitel (STEAM_0:1:74202541) Disconnected
L 10/28/2018 - 00:32:24: "DidVaitel<5><STEAM_0:1:74202541><>" connected, address "192.168.1.102:27006"
L 10/28/2018 - 00:32:25: "DidVaitel<5><STEAM_0:1:74202541><>" STEAM USERID validated
L 10/28/2018 - 00:32:34: [FAdmin] DidVaitel (STEAM_0:1:74202541) is Authed
L 10/28/2018 - 00:32:34: [FAdmin] DidVaitel (STEAM_0:1:74202541) Spawned for the first time
L 10/28/2018 - 00:32:34: [FAdmin] DidVaitel (STEAM_0:1:74202541) Spawned
L 10/28/2018 - 00:32:34: "DidVaitel<5><STEAM_0:1:74202541><>" entered the game
L 10/28/2018 - 00:32:34: [FAdmin] DidVaitel (STEAM_0:1:74202541) Attempted to pick up a keys
L 10/28/2018 - 00:32:34: [FAdmin] DidVaitel (STEAM_0:1:74202541) Attempted to pick up a weapon_physcannon
L 10/28/2018 - 00:32:34: [FAdmin] DidVaitel (STEAM_0:1:74202541) Attempted to pick up a gmod_camera
L 10/28/2018 - 00:32:34: [FAdmin] DidVaitel (STEAM_0:1:74202541) Attempted to pick up a gmod_tool
L 10/28/2018 - 00:32:34: [FAdmin] DidVaitel (STEAM_0:1:74202541) Attempted to pick up a pocket
L 10/28/2018 - 00:32:34: [FAdmin] DidVaitel (STEAM_0:1:74202541) Attempted to pick up a weapon_physgun
L 10/28/2018 - 00:32:34: [FAdmin] DidVaitel (STEAM_0:1:74202541) Attempted to pick up a weapon_keypadchecker
L 10/28/2018 - 00:32:34: [FAdmin] DidVaitel (STEAM_0:1:74202541) Attempted to pick up a door_ram
L 10/28/2018 - 00:32:34: [FAdmin] DidVaitel (STEAM_0:1:74202541) Attempted to pick up a arrest_stick
L 10/28/2018 - 00:32:34: [FAdmin] DidVaitel (STEAM_0:1:74202541) Attempted to pick up a unarrest_stick
L 10/28/2018 - 00:32:34: [FAdmin] DidVaitel (STEAM_0:1:74202541) Attempted to pick up a stunstick
L 10/28/2018 - 00:32:34: [FAdmin] DidVaitel (STEAM_0:1:74202541) Attempted to pick up a weaponchecker
L 10/28/2018 - 00:32:49: [FAdmin] DidVaitel (STEAM_0:1:74202541) Attempted to switch noclip
L 10/28/2018 - 00:35:14: "DidVaitel<5><STEAM_0:1:74202541><>" disconnected (reason "Disconnect by user.")
L 10/28/2018 - 00:35:14: [FAdmin] DidVaitel (STEAM_0:1:74202541) Disconnected
L 10/28/2018 - 00:35:14: "DidVaitel<6><STEAM_0:1:74202541><>" connected, address "192.168.1.102:27006"
L 10/28/2018 - 00:35:15: "DidVaitel<6><STEAM_0:1:74202541><>" STEAM USERID validated
L 10/28/2018 - 00:35:24: [FAdmin] DidVaitel (STEAM_0:1:74202541) is Authed
L 10/28/2018 - 00:35:24: [FAdmin] DidVaitel (STEAM_0:1:74202541) Spawned for the first time
L 10/28/2018 - 00:35:24: [FAdmin] DidVaitel (STEAM_0:1:74202541) Spawned
L 10/28/2018 - 00:35:24: "DidVaitel<6><STEAM_0:1:74202541><>" entered the game
L 10/28/2018 - 00:35:24: [FAdmin] DidVaitel (STEAM_0:1:74202541) Attempted to pick up a keys
L 10/28/2018 - 00:35:24: [FAdmin] DidVaitel (STEAM_0:1:74202541) Attempted to pick up a weapon_physcannon
L 10/28/2018 - 00:35:24: [FAdmin] DidVaitel (STEAM_0:1:74202541) Attempted to pick up a gmod_camera
L 10/28/2018 - 00:35:24: [FAdmin] DidVaitel (STEAM_0:1:74202541) Attempted to pick up a gmod_tool
L 10/28/2018 - 00:35:24: [FAdmin] DidVaitel (STEAM_0:1:74202541) Attempted to pick up a pocket
L 10/28/2018 - 00:35:24: [FAdmin] DidVaitel (STEAM_0:1:74202541) Attempted to pick up a weapon_physgun
L 10/28/2018 - 00:35:24: [FAdmin] DidVaitel (STEAM_0:1:74202541) Attempted to pick up a weapon_keypadchecker
L 10/28/2018 - 00:35:24: [FAdmin] DidVaitel (STEAM_0:1:74202541) Attempted to pick up a door_ram
L 10/28/2018 - 00:35:24: [FAdmin] DidVaitel (STEAM_0:1:74202541) Attempted to pick up a arrest_stick
L 10/28/2018 - 00:35:24: [FAdmin] DidVaitel (STEAM_0:1:74202541) Attempted to pick up a unarrest_stick
L 10/28/2018 - 00:35:24: [FAdmin] DidVaitel (STEAM_0:1:74202541) Attempted to pick up a stunstick
L 10/28/2018 - 00:35:24: [FAdmin] DidVaitel (STEAM_0:1:74202541) Attempted to pick up a weaponchecker
L 10/28/2018 - 00:35:44: [FAdmin] DidVaitel (STEAM_0:1:74202541) Attempted to switch noclip
L 10/28/2018 - 00:35:56: "Bot01<7><BOT><>" connected, address "none"
L 10/28/2018 - 00:35:56: [FAdmin] Bot01 (BOT) Spawned for the first time
L 10/28/2018 - 00:35:56: [FAdmin] Bot01 (BOT) Spawned
L 10/28/2018 - 00:35:56: "Bot01<7><BOT><>" entered the game
L 10/28/2018 - 00:35:56: [FAdmin] Bot01 (BOT) Attempted to pick up a keys
L 10/28/2018 - 00:35:56: [FAdmin] Bot01 (BOT) Attempted to pick up a weapon_physcannon
L 10/28/2018 - 00:35:56: [FAdmin] Bot01 (BOT) Attempted to pick up a gmod_camera
L 10/28/2018 - 00:35:56: [FAdmin] Bot01 (BOT) Attempted to pick up a gmod_tool
L 10/28/2018 - 00:35:56: [FAdmin] Bot01 (BOT) Attempted to pick up a pocket
L 10/28/2018 - 00:35:56: [FAdmin] Bot01 (BOT) Attempted to pick up a weapon_physgun
L 10/28/2018 - 00:41:23: [FAdmin] DidVaitel (STEAM_0:1:74202541) Attempted to switch noclip
L 10/28/2018 - 00:52:07: "eLeCtrOssSnake<8><STEAM_0:1:164666257><>" connected, address "212.66.63.19:27005"
L 10/28/2018 - 00:52:07: "eLeCtrOssSnake<8><STEAM_0:1:164666257><>" STEAM USERID validated
L 10/28/2018 - 00:52:11: [FAdmin] DidVaitel (STEAM_0:1:74202541) Attempted to switch noclip
L 10/28/2018 - 00:52:27: [FAdmin] DidVaitel (STEAM_0:1:74202541) Attempted to switch noclip
L 10/28/2018 - 00:52:28: [FAdmin] DidVaitel (STEAM_0:1:74202541) Attempted to switch noclip
L 10/28/2018 - 00:52:28: [FAdmin] DidVaitel (STEAM_0:1:74202541) Attempted to switch noclip
L 10/28/2018 - 00:52:29: [FAdmin] DidVaitel (STEAM_0:1:74202541) Attempted to switch noclip
L 10/28/2018 - 00:52:29: [FAdmin] DidVaitel (STEAM_0:1:74202541) Attempted to switch noclip
L 10/28/2018 - 00:52:30: [FAdmin] DidVaitel (STEAM_0:1:74202541) Attempted to switch noclip
L 10/28/2018 - 00:52:30: [FAdmin] DidVaitel (STEAM_0:1:74202541) Attempted to switch noclip
L 10/28/2018 - 00:52:31: [FAdmin] DidVaitel (STEAM_0:1:74202541) Attempted to switch noclip
L 10/28/2018 - 00:52:31: [FAdmin] DidVaitel (STEAM_0:1:74202541) Attempted to switch noclip
L 10/28/2018 - 00:52:31: [FAdmin] DidVaitel (STEAM_0:1:74202541) Attempted to switch noclip
L 10/28/2018 - 00:52:31: [FAdmin] DidVaitel (STEAM_0:1:74202541) Attempted to switch noclip
L 10/28/2018 - 00:52:32: [FAdmin] DidVaitel (STEAM_0:1:74202541) Attempted to switch noclip
L 10/28/2018 - 00:52:32: [FAdmin] DidVaitel (STEAM_0:1:74202541) Attempted to switch noclip
L 10/28/2018 - 00:52:33: [FAdmin] DidVaitel (STEAM_0:1:74202541) Attempted to switch noclip
L 10/28/2018 - 00:52:39: [FAdmin] DidVaitel (STEAM_0:1:74202541) Attempted to switch noclip
L 10/28/2018 - 00:52:39: [FAdmin] DidVaitel (STEAM_0:1:74202541) Attempted to switch noclip
L 10/28/2018 - 00:52:39: [FAdmin] DidVaitel (STEAM_0:1:74202541) Attempted to switch noclip
L 10/28/2018 - 00:52:40: [FAdmin] DidVaitel (STEAM_0:1:74202541) Attempted to switch noclip
L 10/28/2018 - 00:52:40: [FAdmin] DidVaitel (STEAM_0:1:74202541) Attempted to switch noclip
L 10/28/2018 - 00:52:40: [FAdmin] DidVaitel (STEAM_0:1:74202541) Attempted to switch noclip
L 10/28/2018 - 00:52:41: [FAdmin] DidVaitel (STEAM_0:1:74202541) Attempted to switch noclip
L 10/28/2018 - 00:52:41: [FAdmin] DidVaitel (STEAM_0:1:74202541) Attempted to switch noclip
L 10/28/2018 - 00:52:41: [FAdmin] DidVaitel (STEAM_0:1:74202541) Attempted to switch noclip
L 10/28/2018 - 00:52:41: [FAdmin] DidVaitel (STEAM_0:1:74202541) Attempted to switch noclip
L 10/28/2018 - 00:52:42: [FAdmin] DidVaitel (STEAM_0:1:74202541) Attempted to switch noclip
L 10/28/2018 - 00:52:42: [FAdmin] DidVaitel (STEAM_0:1:74202541) Attempted to switch noclip
L 10/28/2018 - 00:52:42: [FAdmin] DidVaitel (STEAM_0:1:74202541) Attempted to switch noclip
L 10/28/2018 - 00:52:42: [FAdmin] DidVaitel (STEAM_0:1:74202541) Attempted to switch noclip
L 10/28/2018 - 00:52:42: [FAdmin] DidVaitel (STEAM_0:1:74202541) Attempted to switch noclip
L 10/28/2018 - 00:52:42: [FAdmin] DidVaitel (STEAM_0:1:74202541) Attempted to switch noclip
L 10/28/2018 - 00:52:43: [FAdmin] DidVaitel (STEAM_0:1:74202541) Attempted to switch noclip
L 10/28/2018 - 00:52:43: [FAdmin] DidVaitel (STEAM_0:1:74202541) Attempted to switch noclip
L 10/28/2018 - 00:52:43: [FAdmin] DidVaitel (STEAM_0:1:74202541) Attempted to switch noclip
L 10/28/2018 - 00:52:43: [FAdmin] DidVaitel (STEAM_0:1:74202541) Attempted to switch noclip
L 10/28/2018 - 00:52:43: [FAdmin] DidVaitel (STEAM_0:1:74202541) Attempted to switch noclip
L 10/28/2018 - 00:52:44: [FAdmin] DidVaitel (STEAM_0:1:74202541) Attempted to switch noclip
L 10/28/2018 - 00:52:44: [FAdmin] DidVaitel (STEAM_0:1:74202541) Attempted to switch noclip
L 10/28/2018 - 00:52:44: [FAdmin] DidVaitel (STEAM_0:1:74202541) Attempted to switch noclip
L 10/28/2018 - 00:52:44: [FAdmin] DidVaitel (STEAM_0:1:74202541) Attempted to switch noclip
L 10/28/2018 - 00:52:45: [FAdmin] DidVaitel (STEAM_0:1:74202541) Attempted to switch noclip
L 10/28/2018 - 00:52:45: [FAdmin] DidVaitel (STEAM_0:1:74202541) Attempted to switch noclip
L 10/28/2018 - 00:52:45: [FAdmin] DidVaitel (STEAM_0:1:74202541) Attempted to switch noclip
L 10/28/2018 - 00:52:46: [FAdmin] DidVaitel (STEAM_0:1:74202541) Attempted to switch noclip
L 10/28/2018 - 00:52:58: [FAdmin] eLeCtrOssSnake (STEAM_0:1:164666257) is Authed
L 10/28/2018 - 00:52:58: [FAdmin] eLeCtrOssSnake (STEAM_0:1:164666257) Spawned for the first time
L 10/28/2018 - 00:52:58: [FAdmin] eLeCtrOssSnake (STEAM_0:1:164666257) Spawned
L 10/28/2018 - 00:52:58: "eLeCtrOssSnake<8><STEAM_0:1:164666257><>" entered the game
L 10/28/2018 - 00:52:58: [FAdmin] eLeCtrOssSnake (STEAM_0:1:164666257) Attempted to pick up a keys
L 10/28/2018 - 00:52:58: [FAdmin] eLeCtrOssSnake (STEAM_0:1:164666257) Attempted to pick up a weapon_physcannon
L 10/28/2018 - 00:52:58: [FAdmin] eLeCtrOssSnake (STEAM_0:1:164666257) Attempted to pick up a gmod_camera
L 10/28/2018 - 00:52:58: [FAdmin] eLeCtrOssSnake (STEAM_0:1:164666257) Attempted to pick up a gmod_tool
L 10/28/2018 - 00:52:58: [FAdmin] eLeCtrOssSnake (STEAM_0:1:164666257) Attempted to pick up a pocket
L 10/28/2018 - 00:52:58: [FAdmin] eLeCtrOssSnake (STEAM_0:1:164666257) Attempted to pick up a weapon_physgun
L 10/28/2018 - 00:54:47: Lua Error: 
[ERROR] gamemodes/darkrp/gamemode/modules/base/sh_createitems.lua:299: Entity 'money_clicker' does not exist or is not valid.
  1. error - [C]:-1
   2. defaultSpawn - gamemodes/darkrp/gamemode/modules/base/sh_createitems.lua:299
    3. callback - gamemodes/darkrp/gamemode/modules/base/sh_createitems.lua:357
     4. callback - gamemodes/darkrp/gamemode/modules/chat/sv_chat.lua:17
      5. unknown - gamemodes/darkrp/gamemode/modules/chat/sv_chat.lua:256
       6. unknown - lua/includes/modules/concommand.lua:54


L 10/28/2018 - 00:55:35: [FAdmin] DidVaitel (STEAM_0:1:74202541) Attempted to switch noclip
L 10/28/2018 - 00:55:40: [FAdmin] DidVaitel (STEAM_0:1:74202541) Attempted to switch noclip
L 10/28/2018 - 00:56:15: [FAdmin] DidVaitel (STEAM_0:1:74202541) Attempted to switch noclip
L 10/28/2018 - 00:56:15: [FAdmin] DidVaitel (STEAM_0:1:74202541) Attempted to switch noclip
L 10/28/2018 - 00:57:17: [FAdmin] DidVaitel (STEAM_0:1:74202541) Attempted to switch noclip
L 10/28/2018 - 00:57:20: [FAdmin] DidVaitel (STEAM_0:1:74202541) Attempted to switch noclip
L 10/28/2018 - 00:57:24: "DidVaitel<6><STEAM_0:1:74202541><Citizen>" say "/dropmoney 500"

L 10/28/2018 - 00:57:26: [FAdmin] DidVaitel (STEAM_0:1:74202541) Attempted to switch noclip
L 10/28/2018 - 00:57:27: [FAdmin] DidVaitel (STEAM_0:1:74202541) Attempted to switch noclip
L 10/28/2018 - 00:57:43: [FAdmin] DidVaitel (STEAM_0:1:74202541) Gave himself a weapon_357
L 10/28/2018 - 00:57:43: [FAdmin] DidVaitel (STEAM_0:1:74202541) Attempted to pick up a weapon_357
L 10/28/2018 - 00:57:43: [FAdmin] DidVaitel (STEAM_0:1:74202541) Gave himself a weapon_357
L 10/28/2018 - 00:57:48: [FAdmin] DidVaitel (STEAM_0:1:74202541) Gave himself a weapon_crowbar
L 10/28/2018 - 00:57:48: [FAdmin] DidVaitel (STEAM_0:1:74202541) Attempted to pick up a weapon_crowbar
L 10/28/2018 - 00:57:51: [FAdmin] eLeCtrOssSnake (STEAM_0:1:164666257) Got killed by DidVaitel with a player
L 10/28/2018 - 00:57:54: [FAdmin] eLeCtrOssSnake (STEAM_0:1:164666257) Spawned
L 10/28/2018 - 00:57:54: [FAdmin] eLeCtrOssSnake (STEAM_0:1:164666257) Attempted to pick up a keys
L 10/28/2018 - 00:57:54: [FAdmin] eLeCtrOssSnake (STEAM_0:1:164666257) Attempted to pick up a weapon_physcannon
L 10/28/2018 - 00:57:54: [FAdmin] eLeCtrOssSnake (STEAM_0:1:164666257) Attempted to pick up a gmod_camera
L 10/28/2018 - 00:57:54: [FAdmin] eLeCtrOssSnake (STEAM_0:1:164666257) Attempted to pick up a gmod_tool
L 10/28/2018 - 00:57:54: [FAdmin] eLeCtrOssSnake (STEAM_0:1:164666257) Attempted to pick up a pocket
L 10/28/2018 - 00:57:54: [FAdmin] eLeCtrOssSnake (STEAM_0:1:164666257) Attempted to pick up a weapon_physgun
L 10/28/2018 - 00:58:40: [FAdmin] eLeCtrOssSnake (STEAM_0:1:164666257) Spawned a models/props_combine/breenglobe.mdl
L 10/28/2018 - 00:58:40: [ULX] eLeCtrOssSnake<STEAM_0:1:164666257> spawned model models/props_combine/breenglobe.mdl
L 10/28/2018 - 00:58:56: [FAdmin] prop_physics(models/props_combine/breenglobe.mdl) Got removed
L 10/28/2018 - 00:59:06: [FAdmin] eLeCtrOssSnake (STEAM_0:1:164666257) Spawned a models/props_combine/combine_barricade_short02a.mdl
L 10/28/2018 - 00:59:06: [ULX] eLeCtrOssSnake<STEAM_0:1:164666257> spawned model models/props_combine/combine_barricade_short02a.mdl
L 10/28/2018 - 00:59:31: [FAdmin] DidVaitel (STEAM_0:1:74202541) Got killed by prop_physics with a prop_physics
L 10/28/2018 - 00:59:32: [FAdmin] prop_physics(models/props_combine/combine_barricade_short02a.mdl) Got removed
L 10/28/2018 - 00:59:34: "eLeCtrOssSnake<8><STEAM_0:1:164666257><Citizen>" say "!menu"

L 10/28/2018 - 00:59:51: [FAdmin] eLeCtrOssSnake (STEAM_0:1:164666257) Spawned a models/props_combine/combine_barricade_short02a.mdl
L 10/28/2018 - 00:59:51: [ULX] eLeCtrOssSnake<STEAM_0:1:164666257> spawned model models/props_combine/combine_barricade_short02a.mdl
L 10/28/2018 - 00:59:53: [FAdmin] prop_physics(models/props_combine/combine_barricade_short02a.mdl) Got removed
L 10/28/2018 - 00:59:53: [FAdmin] eLeCtrOssSnake (STEAM_0:1:164666257) Spawned a models/props_combine/combine_barricade_short02a.mdl
L 10/28/2018 - 00:59:53: [ULX] eLeCtrOssSnake<STEAM_0:1:164666257> spawned model models/props_combine/combine_barricade_short02a.mdl
L 10/28/2018 - 00:59:54: [FAdmin] prop_physics(models/props_combine/combine_barricade_short02a.mdl) Got removed
L 10/28/2018 - 00:59:54: [FAdmin] eLeCtrOssSnake (STEAM_0:1:164666257) Spawned a models/props_combine/combine_barricade_short02a.mdl
L 10/28/2018 - 00:59:54: [ULX] eLeCtrOssSnake<STEAM_0:1:164666257> spawned model models/props_combine/combine_barricade_short02a.mdl
L 10/28/2018 - 00:59:55: [FAdmin] prop_physics(models/props_combine/combine_barricade_short02a.mdl) Got removed
L 10/28/2018 - 00:59:55: [FAdmin] eLeCtrOssSnake (STEAM_0:1:164666257) Spawned a models/props_combine/combine_barricade_short02a.mdl
L 10/28/2018 - 00:59:55: [ULX] eLeCtrOssSnake<STEAM_0:1:164666257> spawned model models/props_combine/combine_barricade_short02a.mdl
L 10/28/2018 - 00:59:57: [FAdmin] prop_physics(models/props_combine/combine_barricade_short02a.mdl) Got removed
L 10/28/2018 - 00:59:57: [FAdmin] eLeCtrOssSnake (STEAM_0:1:164666257) Spawned a models/props_combine/combine_barricade_short02a.mdl
L 10/28/2018 - 00:59:57: [ULX] eLeCtrOssSnake<STEAM_0:1:164666257> spawned model models/props_combine/combine_barricade_short02a.mdl
L 10/28/2018 - 00:59:59: [FAdmin] eLeCtrOssSnake (STEAM_0:1:164666257) Spawned a models/props_combine/combine_barricade_short02a.mdl
L 10/28/2018 - 00:59:59: [ULX] eLeCtrOssSnake<STEAM_0:1:164666257> spawned model models/props_combine/combine_barricade_short02a.mdl
L 10/28/2018 - 01:00:01: [FAdmin] prop_physics(models/props_combine/combine_barricade_short02a.mdl) Got removed
L 10/28/2018 - 01:00:01: [FAdmin] prop_physics(models/props_combine/combine_barricade_short02a.mdl) Got removed
L 10/28/2018 - 01:00:02: [FAdmin] eLeCtrOssSnake (STEAM_0:1:164666257) Spawned a models/props_combine/combine_barricade_short02a.mdl
L 10/28/2018 - 01:00:02: [ULX] eLeCtrOssSnake<STEAM_0:1:164666257> spawned model models/props_combine/combine_barricade_short02a.mdl
L 10/28/2018 - 01:00:03: [FAdmin] prop_physics(models/props_combine/combine_barricade_short02a.mdl) Got removed
L 10/28/2018 - 01:00:04: [FAdmin] eLeCtrOssSnake (STEAM_0:1:164666257) Spawned a models/props_combine/combine_barricade_short02a.mdl
L 10/28/2018 - 01:00:04: [ULX] eLeCtrOssSnake<STEAM_0:1:164666257> spawned model models/props_combine/combine_barricade_short02a.mdl
L 10/28/2018 - 01:00:04: [FAdmin] DidVaitel (STEAM_0:1:74202541) Spawned
L 10/28/2018 - 01:00:04: [FAdmin] DidVaitel (STEAM_0:1:74202541) Attempted to pick up a keys
L 10/28/2018 - 01:00:04: [FAdmin] DidVaitel (STEAM_0:1:74202541) Attempted to pick up a weapon_physcannon
L 10/28/2018 - 01:00:04: [FAdmin] DidVaitel (STEAM_0:1:74202541) Attempted to pick up a gmod_camera
L 10/28/2018 - 01:00:04: [FAdmin] DidVaitel (STEAM_0:1:74202541) Attempted to pick up a gmod_tool
L 10/28/2018 - 01:00:04: [FAdmin] DidVaitel (STEAM_0:1:74202541) Attempted to pick up a pocket
L 10/28/2018 - 01:00:04: [FAdmin] DidVaitel (STEAM_0:1:74202541) Attempted to pick up a weapon_physgun
L 10/28/2018 - 01:00:04: [FAdmin] DidVaitel (STEAM_0:1:74202541) Attempted to pick up a weapon_keypadchecker
L 10/28/2018 - 01:00:04: [FAdmin] DidVaitel (STEAM_0:1:74202541) Attempted to pick up a door_ram
L 10/28/2018 - 01:00:04: [FAdmin] DidVaitel (STEAM_0:1:74202541) Attempted to pick up a arrest_stick
L 10/28/2018 - 01:00:04: [FAdmin] DidVaitel (STEAM_0:1:74202541) Attempted to pick up a unarrest_stick
L 10/28/2018 - 01:00:04: [FAdmin] DidVaitel (STEAM_0:1:74202541) Attempted to pick up a stunstick
L 10/28/2018 - 01:00:04: [FAdmin] DidVaitel (STEAM_0:1:74202541) Attempted to pick up a weaponchecker
L 10/28/2018 - 01:00:05: [FAdmin] prop_physics(models/props_combine/combine_barricade_short02a.mdl) Got removed
L 10/28/2018 - 01:00:06: [FAdmin] eLeCtrOssSnake (STEAM_0:1:164666257) Spawned a models/props_combine/combine_barricade_short02a.mdl
L 10/28/2018 - 01:00:06: [ULX] eLeCtrOssSnake<STEAM_0:1:164666257> spawned model models/props_combine/combine_barricade_short02a.mdl
L 10/28/2018 - 01:00:06: [FAdmin] prop_physics(models/props_combine/combine_barricade_short02a.mdl) Got removed
L 10/28/2018 - 01:00:55: [FAdmin] DidVaitel (STEAM_0:1:74202541) Attempted to switch noclip
L 10/28/2018 - 01:01:04: [FAdmin] DidVaitel (STEAM_0:1:74202541) Attempted to switch noclip
L 10/28/2018 - 01:01:45: [FAdmin] DidVaitel (STEAM_0:1:74202541) Gave himself a weapon_rpg
L 10/28/2018 - 01:01:45: [FAdmin] DidVaitel (STEAM_0:1:74202541) Attempted to pick up a weapon_rpg
L 10/28/2018 - 01:01:47: [FAdmin] eLeCtrOssSnake (STEAM_0:1:164666257) Spawned a models/props_combine/breendesk.mdl
L 10/28/2018 - 01:01:47: [ULX] eLeCtrOssSnake<STEAM_0:1:164666257> spawned model models/props_combine/breendesk.mdl
L 10/28/2018 - 01:01:49: [FAdmin] DidVaitel (STEAM_0:1:74202541) Got killed by prop_physics with a prop_physics
L 10/28/2018 - 01:01:50: [FAdmin] prop_physics(models/props_combine/breendesk.mdl) Got removed
L 10/28/2018 - 01:01:52: [FAdmin] DidVaitel (STEAM_0:1:74202541) Spawned
L 10/28/2018 - 01:01:52: [FAdmin] DidVaitel (STEAM_0:1:74202541) Attempted to pick up a keys
L 10/28/2018 - 01:01:52: [FAdmin] DidVaitel (STEAM_0:1:74202541) Attempted to pick up a weapon_physcannon
L 10/28/2018 - 01:01:52: [FAdmin] DidVaitel (STEAM_0:1:74202541) Attempted to pick up a gmod_camera
L 10/28/2018 - 01:01:52: [FAdmin] DidVaitel (STEAM_0:1:74202541) Attempted to pick up a gmod_tool
L 10/28/2018 - 01:01:52: [FAdmin] DidVaitel (STEAM_0:1:74202541) Attempted to pick up a pocket
L 10/28/2018 - 01:01:52: [FAdmin] DidVaitel (STEAM_0:1:74202541) Attempted to pick up a weapon_physgun
L 10/28/2018 - 01:01:52: [FAdmin] DidVaitel (STEAM_0:1:74202541) Attempted to pick up a weapon_keypadchecker
L 10/28/2018 - 01:01:52: [FAdmin] DidVaitel (STEAM_0:1:74202541) Attempted to pick up a door_ram
L 10/28/2018 - 01:01:52: [FAdmin] DidVaitel (STEAM_0:1:74202541) Attempted to pick up a arrest_stick
L 10/28/2018 - 01:01:52: [FAdmin] DidVaitel (STEAM_0:1:74202541) Attempted to pick up a unarrest_stick
L 10/28/2018 - 01:01:52: [FAdmin] DidVaitel (STEAM_0:1:74202541) Attempted to pick up a stunstick
L 10/28/2018 - 01:01:52: [FAdmin] DidVaitel (STEAM_0:1:74202541) Attempted to pick up a weaponchecker
L 10/28/2018 - 01:02:25: [FAdmin] eLeCtrOssSnake (STEAM_0:1:164666257) Spawned a models/props_junk/cardboard_box003a.mdl
L 10/28/2018 - 01:02:25: [ULX] eLeCtrOssSnake<STEAM_0:1:164666257> spawned model models/props_junk/cardboard_box003a.mdl
L 10/28/2018 - 01:02:26: [FAdmin] prop_physics(models/props_junk/cardboard_box003a.mdl) Got removed
L 10/28/2018 - 01:02:31: [FAdmin] eLeCtrOssSnake (STEAM_0:1:164666257) Spawned a models/props_interiors/pot02a.mdl
L 10/28/2018 - 01:02:31: [ULX] eLeCtrOssSnake<STEAM_0:1:164666257> spawned model models/props_interiors/pot02a.mdl
L 10/28/2018 - 01:02:34: [FAdmin] eLeCtrOssSnake (STEAM_0:1:164666257) Spawned a models/props_interiors/pot02a.mdl
L 10/28/2018 - 01:02:34: [ULX] eLeCtrOssSnake<STEAM_0:1:164666257> spawned model models/props_interiors/pot02a.mdl
L 10/28/2018 - 01:02:36: [FAdmin] prop_physics(models/props_interiors/pot02a.mdl) Got removed
L 10/28/2018 - 01:02:40: [FAdmin] eLeCtrOssSnake (STEAM_0:1:164666257) Spawned a models/props_lab/blastdoor001c.mdl
L 10/28/2018 - 01:02:40: [ULX] eLeCtrOssSnake<STEAM_0:1:164666257> spawned model models/props_lab/blastdoor001c.mdl
L 10/28/2018 - 01:02:44: [FAdmin] DidVaitel (STEAM_0:1:74202541) Got killed by prop_physics with a prop_physics
L 10/28/2018 - 01:02:47: [FAdmin] DidVaitel (STEAM_0:1:74202541) Spawned
L 10/28/2018 - 01:02:47: [FAdmin] DidVaitel (STEAM_0:1:74202541) Attempted to pick up a keys
L 10/28/2018 - 01:02:47: [FAdmin] DidVaitel (STEAM_0:1:74202541) Attempted to pick up a weapon_physcannon
L 10/28/2018 - 01:02:47: [FAdmin] DidVaitel (STEAM_0:1:74202541) Attempted to pick up a gmod_camera
L 10/28/2018 - 01:02:47: [FAdmin] DidVaitel (STEAM_0:1:74202541) Attempted to pick up a gmod_tool
L 10/28/2018 - 01:02:47: [FAdmin] DidVaitel (STEAM_0:1:74202541) Attempted to pick up a pocket
L 10/28/2018 - 01:02:47: [FAdmin] DidVaitel (STEAM_0:1:74202541) Attempted to pick up a weapon_physgun
L 10/28/2018 - 01:02:47: [FAdmin] DidVaitel (STEAM_0:1:74202541) Attempted to pick up a weapon_keypadchecker
L 10/28/2018 - 01:02:47: [FAdmin] DidVaitel (STEAM_0:1:74202541) Attempted to pick up a door_ram
L 10/28/2018 - 01:02:47: [FAdmin] DidVaitel (STEAM_0:1:74202541) Attempted to pick up a arrest_stick
L 10/28/2018 - 01:02:47: [FAdmin] DidVaitel (STEAM_0:1:74202541) Attempted to pick up a unarrest_stick
L 10/28/2018 - 01:02:47: [FAdmin] DidVaitel (STEAM_0:1:74202541) Attempted to pick up a stunstick
L 10/28/2018 - 01:02:47: [FAdmin] DidVaitel (STEAM_0:1:74202541) Attempted to pick up a weaponchecker
L 10/28/2018 - 01:02:47: [FAdmin] DidVaitel (STEAM_0:1:74202541) Attempted to switch noclip
L 10/28/2018 - 01:02:52: [FAdmin] DidVaitel (STEAM_0:1:74202541) Attempted to switch noclip
L 10/28/2018 - 01:03:06: [FAdmin] DidVaitel (STEAM_0:1:74202541) Gave himself a weapon_rpg
L 10/28/2018 - 01:03:06: [FAdmin] DidVaitel (STEAM_0:1:74202541) Attempted to pick up a weapon_rpg
L 10/28/2018 - 01:03:07: [FAdmin] eLeCtrOssSnake (STEAM_0:1:164666257) Got killed by DidVaitel with a rpg_missile
L 10/28/2018 - 01:03:11: [FAdmin] eLeCtrOssSnake (STEAM_0:1:164666257) Spawned
L 10/28/2018 - 01:03:11: [FAdmin] eLeCtrOssSnake (STEAM_0:1:164666257) Attempted to pick up a keys
L 10/28/2018 - 01:03:11: [FAdmin] eLeCtrOssSnake (STEAM_0:1:164666257) Attempted to pick up a weapon_physcannon
L 10/28/2018 - 01:03:11: [FAdmin] eLeCtrOssSnake (STEAM_0:1:164666257) Attempted to pick up a gmod_camera
L 10/28/2018 - 01:03:11: [FAdmin] eLeCtrOssSnake (STEAM_0:1:164666257) Attempted to pick up a gmod_tool
L 10/28/2018 - 01:03:11: [FAdmin] eLeCtrOssSnake (STEAM_0:1:164666257) Attempted to pick up a pocket
L 10/28/2018 - 01:03:11: [FAdmin] eLeCtrOssSnake (STEAM_0:1:164666257) Attempted to pick up a weapon_physgun
L 10/28/2018 - 01:03:18: [FAdmin] DidVaitel (STEAM_0:1:74202541) Got killed by prop_physics with a prop_physics
L 10/28/2018 - 01:07:21: Lua Error: 
[ERROR] addons/super-mega-ultra-duel-system2/lua/gduel/core/sh_language.lua:15: '}' expected (to close '{' at line 3) near '['
  1. unknown - addons/super-mega-ultra-duel-system2/lua/gduel/core/sh_language.lua:0


L 10/28/2018 - 01:07:27: Lua Error: 
[ERROR] addons/super-mega-ultra-duel-system2/lua/gduel/core/sh_language.lua:15: '}' expected (to close '{' at line 3) near '['
  1. unknown - addons/super-mega-ultra-duel-system2/lua/gduel/core/sh_language.lua:0


L 10/28/2018 - 01:07:38: Lua Error: 
[ERROR] addons/super-mega-ultra-duel-system2/lua/gduel/core/sh_language.lua:15: '}' expected (to close '{' at line 3) near '['
  1. unknown - addons/super-mega-ultra-duel-system2/lua/gduel/core/sh_language.lua:0


L 10/28/2018 - 01:07:40: Lua Error: 
[ERROR] addons/super-mega-ultra-duel-system2/lua/gduel/core/sh_language.lua:15: '}' expected (to close '{' at line 3) near '['
  1. unknown - addons/super-mega-ultra-duel-system2/lua/gduel/core/sh_language.lua:0


L 10/28/2018 - 01:07:42: [FAdmin] DidVaitel (STEAM_0:1:74202541) Spawned
L 10/28/2018 - 01:07:43: [FAdmin] DidVaitel (STEAM_0:1:74202541) Attempted to pick up a keys
L 10/28/2018 - 01:07:43: [FAdmin] DidVaitel (STEAM_0:1:74202541) Attempted to pick up a weapon_physcannon
L 10/28/2018 - 01:07:43: [FAdmin] DidVaitel (STEAM_0:1:74202541) Attempted to pick up a gmod_camera
L 10/28/2018 - 01:07:43: [FAdmin] DidVaitel (STEAM_0:1:74202541) Attempted to pick up a gmod_tool
L 10/28/2018 - 01:07:43: [FAdmin] DidVaitel (STEAM_0:1:74202541) Attempted to pick up a pocket
L 10/28/2018 - 01:07:43: [FAdmin] DidVaitel (STEAM_0:1:74202541) Attempted to pick up a weapon_physgun
L 10/28/2018 - 01:07:43: [FAdmin] DidVaitel (STEAM_0:1:74202541) Attempted to pick up a weapon_keypadchecker
L 10/28/2018 - 01:07:43: [FAdmin] DidVaitel (STEAM_0:1:74202541) Attempted to pick up a door_ram
L 10/28/2018 - 01:07:43: [FAdmin] DidVaitel (STEAM_0:1:74202541) Attempted to pick up a arrest_stick
L 10/28/2018 - 01:07:43: [FAdmin] DidVaitel (STEAM_0:1:74202541) Attempted to pick up a unarrest_stick
L 10/28/2018 - 01:07:43: [FAdmin] DidVaitel (STEAM_0:1:74202541) Attempted to pick up a stunstick
L 10/28/2018 - 01:07:43: [FAdmin] DidVaitel (STEAM_0:1:74202541) Attempted to pick up a weaponchecker
L 10/28/2018 - 01:07:44: [FAdmin] DidVaitel (STEAM_0:1:74202541) Attempted to switch noclip
L 10/28/2018 - 01:07:44: [FAdmin] DidVaitel (STEAM_0:1:74202541) Attempted to switch noclip
L 10/28/2018 - 01:07:53: [FAdmin] DidVaitel (STEAM_0:1:74202541) Attempted to switch noclip
L 10/28/2018 - 01:08:06: [FAdmin] DidVaitel (STEAM_0:1:74202541) Attempted to switch noclip
L 10/28/2018 - 01:08:06: [FAdmin] DidVaitel (STEAM_0:1:74202541) Attempted to switch noclip
L 10/28/2018 - 01:08:07: [FAdmin] DidVaitel (STEAM_0:1:74202541) Attempted to switch noclip
L 10/28/2018 - 01:09:57: [FAdmin] DidVaitel (STEAM_0:1:74202541) Gave himself a weapon_rpg
L 10/28/2018 - 01:09:57: [FAdmin] DidVaitel (STEAM_0:1:74202541) Attempted to pick up a weapon_rpg
L 10/28/2018 - 01:09:57: Lua Error: 
[ERROR] addons/super-mega-ultra-duel-system2/lua/gduel/core/sv_functions.lua:93: attempt to index local 'posit' (a nil value)
  1. func - addons/super-mega-ultra-duel-system2/lua/gduel/core/sv_functions.lua:93
   2. unknown - lua/includes/extensions/net.lua:32


L 10/28/2018 - 01:10:14: [FAdmin] prop_physics(models/props_lab/blastdoor001c.mdl) Got removed
L 10/28/2018 - 01:10:14: [FAdmin] prop_physics(models/props_interiors/pot02a.mdl) Got removed
L 10/28/2018 - 01:10:24: [FAdmin] DidVaitel (STEAM_0:1:74202541) Attempted to switch noclip
L 10/28/2018 - 01:10:27: [FAdmin] eLeCtrOssSnake (STEAM_0:1:164666257) Spawned a models/props_lab/blastdoor001c.mdl
L 10/28/2018 - 01:10:27: [ULX] eLeCtrOssSnake<STEAM_0:1:164666257> spawned model models/props_lab/blastdoor001c.mdl
L 10/28/2018 - 01:10:29: [FAdmin] prop_physics(models/props_lab/blastdoor001c.mdl) Got removed
L 10/28/2018 - 01:10:33: Lua Error: 
[ERROR] addons/super-mega-ultra-duel-system2/lua/gduel/core/sv_functions.lua:94: attempt to index local 'posit' (a nil value)
  1. func - addons/super-mega-ultra-duel-system2/lua/gduel/core/sv_functions.lua:94
   2. unknown - lua/includes/extensions/net.lua:32


L 10/28/2018 - 01:10:34: [FAdmin] DidVaitel (STEAM_0:1:74202541) Attempted to switch noclip
L 10/28/2018 - 01:10:38: [FAdmin] eLeCtrOssSnake (STEAM_0:1:164666257) Spawned a models/props_canal/bridge_pillar02.mdl
L 10/28/2018 - 01:10:38: [ULX] eLeCtrOssSnake<STEAM_0:1:164666257> spawned model models/props_canal/bridge_pillar02.mdl
L 10/28/2018 - 01:10:49: [FAdmin] DidVaitel (STEAM_0:1:74202541) Attempted to switch noclip
L 10/28/2018 - 01:10:50: Lua Error: 
[ERROR] addons/super-mega-ultra-duel-system2/lua/gduel/core/sv_functions.lua:113: bad argument #1 to 'SetPos' (Vector expected, got nil)
  1. SetPos - [C]:-1
   2. fn - addons/super-mega-ultra-duel-system2/lua/gduel/core/sv_functions.lua:113
    3. unknown - addons/ulxulib/lua/ulib/shared/hook.lua:109


L 10/28/2018 - 01:10:51: [FAdmin] eLeCtrOssSnake (STEAM_0:1:164666257) Spawned
L 10/28/2018 - 01:10:51: [FAdmin] eLeCtrOssSnake (STEAM_0:1:164666257) Attempted to pick up a keys
L 10/28/2018 - 01:10:51: [FAdmin] eLeCtrOssSnake (STEAM_0:1:164666257) Attempted to pick up a weapon_physcannon
L 10/28/2018 - 01:10:51: [FAdmin] eLeCtrOssSnake (STEAM_0:1:164666257) Attempted to pick up a gmod_camera
L 10/28/2018 - 01:10:51: [FAdmin] eLeCtrOssSnake (STEAM_0:1:164666257) Attempted to pick up a gmod_tool
L 10/28/2018 - 01:10:51: [FAdmin] eLeCtrOssSnake (STEAM_0:1:164666257) Attempted to pick up a pocket
L 10/28/2018 - 01:10:51: [FAdmin] eLeCtrOssSnake (STEAM_0:1:164666257) Attempted to pick up a weapon_physgun
L 10/28/2018 - 01:10:59: [FAdmin] DidVaitel (STEAM_0:1:74202541) Attempted to switch noclip
L 10/28/2018 - 01:11:02: [FAdmin] DidVaitel (STEAM_0:1:74202541) Attempted to switch noclip
L 10/28/2018 - 01:11:05: [FAdmin] eLeCtrOssSnake (STEAM_0:1:164666257) Attempted to use tool light
L 10/28/2018 - 01:11:06: [FAdmin] eLeCtrOssSnake (STEAM_0:1:164666257) Attempted to use tool light
L 10/28/2018 - 01:11:06: [FAdmin] eLeCtrOssSnake (STEAM_0:1:164666257) Attempted to use tool light
L 10/28/2018 - 01:11:06: [FAdmin] eLeCtrOssSnake (STEAM_0:1:164666257) Attempted to use tool light
L 10/28/2018 - 01:11:07: [FAdmin] eLeCtrOssSnake (STEAM_0:1:164666257) Attempted to use tool light
L 10/28/2018 - 01:11:07: [FAdmin] eLeCtrOssSnake (STEAM_0:1:164666257) Attempted to use tool light
L 10/28/2018 - 01:11:07: [FAdmin] eLeCtrOssSnake (STEAM_0:1:164666257) Attempted to use tool light
L 10/28/2018 - 01:11:07: [FAdmin] eLeCtrOssSnake (STEAM_0:1:164666257) Attempted to use tool light
L 10/28/2018 - 01:11:11: Lua Error: 
[ERROR] addons/super-mega-ultra-duel-system2/lua/gduel/core/sv_functions.lua:94: attempt to index local 'posit' (a nil value)
  1. func - addons/super-mega-ultra-duel-system2/lua/gduel/core/sv_functions.lua:94
   2. unknown - lua/includes/extensions/net.lua:32


L 10/28/2018 - 01:11:15: Lua Error: 
[ERROR] addons/super-mega-ultra-duel-system2/lua/gduel/core/sv_functions.lua:9: bad argument #1 to 'WriteString' (string expected, got nil)
  1. WriteString - [C]:-1
   2. sendMessageToPlayer - addons/super-mega-ultra-duel-system2/lua/gduel/core/sv_functions.lua:9
    3. fn - addons/super-mega-ultra-duel-system2/lua/gduel/core/sv_functions.lua:114
     4. unknown - addons/ulxulib/lua/ulib/shared/hook.lua:109


L 10/28/2018 - 01:11:15: Lua Error: Warning! A net message is already started! Discarding...

L 10/28/2018 - 01:11:15: Lua Error: 
[ERROR] addons/super-mega-ultra-duel-system2/lua/gduel/core/sv_functions.lua:113: bad argument #1 to 'SetPos' (Vector expected, got nil)
  1. SetPos - [C]:-1
   2. fn - addons/super-mega-ultra-duel-system2/lua/gduel/core/sv_functions.lua:113
    3. unknown - addons/ulxulib/lua/ulib/shared/hook.lua:109


L 10/28/2018 - 01:11:16: [FAdmin] eLeCtrOssSnake (STEAM_0:1:164666257) Spawned
L 10/28/2018 - 01:11:16: [FAdmin] eLeCtrOssSnake (STEAM_0:1:164666257) Attempted to pick up a keys
L 10/28/2018 - 01:11:16: [FAdmin] eLeCtrOssSnake (STEAM_0:1:164666257) Attempted to pick up a weapon_physcannon
L 10/28/2018 - 01:11:16: [FAdmin] eLeCtrOssSnake (STEAM_0:1:164666257) Attempted to pick up a gmod_camera
L 10/28/2018 - 01:11:16: [FAdmin] eLeCtrOssSnake (STEAM_0:1:164666257) Attempted to pick up a gmod_tool
L 10/28/2018 - 01:11:16: [FAdmin] eLeCtrOssSnake (STEAM_0:1:164666257) Attempted to pick up a pocket
L 10/28/2018 - 01:11:16: [FAdmin] eLeCtrOssSnake (STEAM_0:1:164666257) Attempted to pick up a weapon_physgun
L 10/28/2018 - 01:11:30: Lua Error: 
[ERROR] addons/super-mega-ultra-duel-system2/lua/gduel/core/sh_config.lua:52: bad argument #1 to 'remove' (table expected, got no value)
  1. remove - [C]:-1
   2. unknown - addons/super-mega-ultra-duel-system2/lua/gduel/core/sh_config.lua:52


L 10/28/2018 - 01:11:36: [FAdmin] DidVaitel (STEAM_0:1:74202541) Spawned
L 10/28/2018 - 01:11:36: [FAdmin] DidVaitel (STEAM_0:1:74202541) Attempted to pick up a keys
L 10/28/2018 - 01:11:36: [FAdmin] DidVaitel (STEAM_0:1:74202541) Attempted to pick up a weapon_physcannon
L 10/28/2018 - 01:11:36: [FAdmin] DidVaitel (STEAM_0:1:74202541) Attempted to pick up a gmod_camera
L 10/28/2018 - 01:11:36: [FAdmin] DidVaitel (STEAM_0:1:74202541) Attempted to pick up a gmod_tool
L 10/28/2018 - 01:11:36: [FAdmin] DidVaitel (STEAM_0:1:74202541) Attempted to pick up a pocket
L 10/28/2018 - 01:11:36: [FAdmin] DidVaitel (STEAM_0:1:74202541) Attempted to pick up a weapon_physgun
L 10/28/2018 - 01:11:36: [FAdmin] DidVaitel (STEAM_0:1:74202541) Attempted to pick up a weapon_keypadchecker
L 10/28/2018 - 01:11:36: [FAdmin] DidVaitel (STEAM_0:1:74202541) Attempted to pick up a door_ram
L 10/28/2018 - 01:11:36: [FAdmin] DidVaitel (STEAM_0:1:74202541) Attempted to pick up a arrest_stick
L 10/28/2018 - 01:11:36: [FAdmin] DidVaitel (STEAM_0:1:74202541) Attempted to pick up a unarrest_stick
L 10/28/2018 - 01:11:36: [FAdmin] DidVaitel (STEAM_0:1:74202541) Attempted to pick up a stunstick
L 10/28/2018 - 01:11:36: [FAdmin] DidVaitel (STEAM_0:1:74202541) Attempted to pick up a weaponchecker
L 10/28/2018 - 01:11:46: [FAdmin] DidVaitel (STEAM_0:1:74202541) Attempted to switch noclip
L 10/28/2018 - 01:11:54: [FAdmin] DidVaitel (STEAM_0:1:74202541) Attempted to switch noclip
L 10/28/2018 - 01:11:56: [FAdmin] DidVaitel (STEAM_0:1:74202541) Gave himself a weapon_shotgun
L 10/28/2018 - 01:11:56: [FAdmin] DidVaitel (STEAM_0:1:74202541) Attempted to pick up a weapon_shotgun
L 10/28/2018 - 01:11:57: [FAdmin] eLeCtrOssSnake (STEAM_0:1:164666257) Spawned a models/props_lab/blastdoor001c.mdl
L 10/28/2018 - 01:11:57: [ULX] eLeCtrOssSnake<STEAM_0:1:164666257> spawned model models/props_lab/blastdoor001c.mdl
L 10/28/2018 - 01:11:59: [FAdmin] eLeCtrOssSnake (STEAM_0:1:164666257) Spawned a models/props_lab/blastdoor001c.mdl
L 10/28/2018 - 01:11:59: [ULX] eLeCtrOssSnake<STEAM_0:1:164666257> spawned model models/props_lab/blastdoor001c.mdl
L 10/28/2018 - 01:12:00: [FAdmin] DidVaitel (STEAM_0:1:74202541) Attempted to switch noclip
L 10/28/2018 - 01:12:08: [FAdmin] eLeCtrOssSnake (STEAM_0:1:164666257) Spawned a models/props_lab/blastdoor001c.mdl
L 10/28/2018 - 01:12:09: [ULX] eLeCtrOssSnake<STEAM_0:1:164666257> spawned model models/props_lab/blastdoor001c.mdl
L 10/28/2018 - 01:12:09: [FAdmin] DidVaitel (STEAM_0:1:74202541) Attempted to switch noclip
L 10/28/2018 - 01:12:13: [FAdmin] DidVaitel (STEAM_0:1:74202541) Attempted to use tool creator
L 10/28/2018 - 01:12:13: [FAdmin] DidVaitel (STEAM_0:1:74202541) Spawned a weapon_rpg
L 10/28/2018 - 01:12:13: [FAdmin] DidVaitel (STEAM_0:1:74202541) Attempted to use tool creator
L 10/28/2018 - 01:12:13: [FAdmin] DidVaitel (STEAM_0:1:74202541) Spawned a weapon_rpg
L 10/28/2018 - 01:12:13: [FAdmin] DidVaitel (STEAM_0:1:74202541) Attempted to use tool creator
L 10/28/2018 - 01:12:13: [FAdmin] DidVaitel (STEAM_0:1:74202541) Spawned a weapon_rpg
L 10/28/2018 - 01:12:13: Lua Error: 
[ERROR] addons/super-mega-ultra-duel-system2/lua/gduel/core/sv_functions.lua:9: bad argument #1 to 'WriteString' (string expected, got nil)
  1. WriteString - [C]:-1
   2. sendMessageToPlayer - addons/super-mega-ultra-duel-system2/lua/gduel/core/sv_functions.lua:9
    3. fn - addons/super-mega-ultra-duel-system2/lua/gduel/core/sv_functions.lua:114
     4. unknown - addons/ulxulib/lua/ulib/shared/hook.lua:109


L 10/28/2018 - 01:12:16: [FAdmin] DidVaitel (STEAM_0:1:74202541) Spawned
L 10/28/2018 - 01:12:16: [FAdmin] DidVaitel (STEAM_0:1:74202541) Attempted to pick up a keys
L 10/28/2018 - 01:12:16: [FAdmin] DidVaitel (STEAM_0:1:74202541) Attempted to pick up a weapon_physcannon
L 10/28/2018 - 01:12:16: [FAdmin] DidVaitel (STEAM_0:1:74202541) Attempted to pick up a gmod_camera
L 10/28/2018 - 01:12:16: [FAdmin] DidVaitel (STEAM_0:1:74202541) Attempted to pick up a gmod_tool
L 10/28/2018 - 01:12:16: [FAdmin] DidVaitel (STEAM_0:1:74202541) Attempted to pick up a pocket
L 10/28/2018 - 01:12:16: [FAdmin] DidVaitel (STEAM_0:1:74202541) Attempted to pick up a weapon_physgun
L 10/28/2018 - 01:12:16: [FAdmin] DidVaitel (STEAM_0:1:74202541) Attempted to pick up a weapon_keypadchecker
L 10/28/2018 - 01:12:16: [FAdmin] DidVaitel (STEAM_0:1:74202541) Attempted to pick up a door_ram
L 10/28/2018 - 01:12:16: [FAdmin] DidVaitel (STEAM_0:1:74202541) Attempted to pick up a arrest_stick
L 10/28/2018 - 01:12:16: [FAdmin] DidVaitel (STEAM_0:1:74202541) Attempted to pick up a unarrest_stick
L 10/28/2018 - 01:12:16: [FAdmin] DidVaitel (STEAM_0:1:74202541) Attempted to pick up a stunstick
L 10/28/2018 - 01:12:16: [FAdmin] DidVaitel (STEAM_0:1:74202541) Attempted to pick up a weaponchecker
L 10/28/2018 - 01:12:16: Lua Error: Warning! A net message is already started! Discarding...

L 10/28/2018 - 01:12:21: [FAdmin] DidVaitel (STEAM_0:1:74202541) Attempted to switch noclip
L 10/28/2018 - 01:12:22: [ULX] DidVaitel разморозил eLeCtrOssSnake
L 10/28/2018 - 01:12:23: [ULX] DidVaitel разморозил eLeCtrOssSnake
L 10/28/2018 - 01:12:30: [FAdmin] DidVaitel (STEAM_0:1:74202541) Attempted to switch noclip
L 10/28/2018 - 01:12:32: [FAdmin] eLeCtrOssSnake (STEAM_0:1:164666257) Spawned a models/props_lab/blastdoor001c.mdl
L 10/28/2018 - 01:12:32: [ULX] eLeCtrOssSnake<STEAM_0:1:164666257> spawned model models/props_lab/blastdoor001c.mdl
L 10/28/2018 - 01:12:34: Lua Error: 
[ERROR] addons/super-mega-ultra-duel-system2/lua/gduel/core/sv_functions.lua:9: bad argument #1 to 'WriteString' (string expected, got nil)
  1. WriteString - [C]:-1
   2. sendMessageToPlayer - addons/super-mega-ultra-duel-system2/lua/gduel/core/sv_functions.lua:9
    3. fn - addons/super-mega-ultra-duel-system2/lua/gduel/core/sv_functions.lua:114
     4. unknown - addons/ulxulib/lua/ulib/shared/hook.lua:109


L 10/28/2018 - 01:12:34: [FAdmin] DidVaitel (STEAM_0:1:74202541) Spawned
L 10/28/2018 - 01:12:35: [FAdmin] DidVaitel (STEAM_0:1:74202541) Attempted to pick up a keys
L 10/28/2018 - 01:12:35: [FAdmin] DidVaitel (STEAM_0:1:74202541) Attempted to pick up a weapon_physcannon
L 10/28/2018 - 01:12:35: [FAdmin] DidVaitel (STEAM_0:1:74202541) Attempted to pick up a gmod_camera
L 10/28/2018 - 01:12:35: [FAdmin] DidVaitel (STEAM_0:1:74202541) Attempted to pick up a gmod_tool
L 10/28/2018 - 01:12:35: [FAdmin] DidVaitel (STEAM_0:1:74202541) Attempted to pick up a pocket
L 10/28/2018 - 01:12:35: [FAdmin] DidVaitel (STEAM_0:1:74202541) Attempted to pick up a weapon_physgun
L 10/28/2018 - 01:12:35: [FAdmin] DidVaitel (STEAM_0:1:74202541) Attempted to pick up a weapon_keypadchecker
L 10/28/2018 - 01:12:35: [FAdmin] DidVaitel (STEAM_0:1:74202541) Attempted to pick up a door_ram
L 10/28/2018 - 01:12:35: [FAdmin] DidVaitel (STEAM_0:1:74202541) Attempted to pick up a arrest_stick
L 10/28/2018 - 01:12:35: [FAdmin] DidVaitel (STEAM_0:1:74202541) Attempted to pick up a unarrest_stick
L 10/28/2018 - 01:12:35: [FAdmin] DidVaitel (STEAM_0:1:74202541) Attempted to pick up a stunstick
L 10/28/2018 - 01:12:35: [FAdmin] DidVaitel (STEAM_0:1:74202541) Attempted to pick up a weaponchecker
L 10/28/2018 - 01:12:35: Lua Error: Warning! A net message is already started! Discarding...

L 10/28/2018 - 01:12:35: [FAdmin] DidVaitel (STEAM_0:1:74202541) Attempted to switch noclip
L 10/28/2018 - 01:12:40: [FAdmin] DidVaitel (STEAM_0:1:74202541) Attempted to switch noclip
L 10/28/2018 - 01:12:42: [FAdmin] DidVaitel (STEAM_0:1:74202541) Attempted to switch noclip
L 10/28/2018 - 01:12:45: [FAdmin] DidVaitel (STEAM_0:1:74202541) Attempted to switch noclip
L 10/28/2018 - 01:12:47: Lua Error: 
[ERROR] addons/super-mega-ultra-duel-system2/lua/gduel/core/sv_functions.lua:9: bad argument #1 to 'WriteString' (string expected, got nil)
  1. WriteString - [C]:-1
   2. sendMessageToPlayer - addons/super-mega-ultra-duel-system2/lua/gduel/core/sv_functions.lua:9
    3. fn - addons/super-mega-ultra-duel-system2/lua/gduel/core/sv_functions.lua:114
     4. unknown - addons/ulxulib/lua/ulib/shared/hook.lua:109


L 10/28/2018 - 01:12:51: [FAdmin] eLeCtrOssSnake (STEAM_0:1:164666257) Spawned
L 10/28/2018 - 01:12:51: [FAdmin] eLeCtrOssSnake (STEAM_0:1:164666257) Attempted to pick up a keys
L 10/28/2018 - 01:12:51: [FAdmin] eLeCtrOssSnake (STEAM_0:1:164666257) Attempted to pick up a weapon_physcannon
L 10/28/2018 - 01:12:51: [FAdmin] eLeCtrOssSnake (STEAM_0:1:164666257) Attempted to pick up a gmod_camera
L 10/28/2018 - 01:12:51: [FAdmin] eLeCtrOssSnake (STEAM_0:1:164666257) Attempted to pick up a gmod_tool
L 10/28/2018 - 01:12:51: [FAdmin] eLeCtrOssSnake (STEAM_0:1:164666257) Attempted to pick up a pocket
L 10/28/2018 - 01:12:51: [FAdmin] eLeCtrOssSnake (STEAM_0:1:164666257) Attempted to pick up a weapon_physgun
L 10/28/2018 - 01:12:51: Lua Error: Warning! A net message is already started! Discarding...

L 10/28/2018 - 01:13:02: [FAdmin] prop_physics(models/props_lab/blastdoor001c.mdl) Got removed
L 10/28/2018 - 01:13:06: Lua Error: 
[ERROR] addons/super-mega-ultra-duel-system2/lua/gduel/core/sv_functions.lua:9: bad argument #1 to 'WriteString' (string expected, got nil)
  1. WriteString - [C]:-1
   2. sendMessageToPlayer - addons/super-mega-ultra-duel-system2/lua/gduel/core/sv_functions.lua:9
    3. fn - addons/super-mega-ultra-duel-system2/lua/gduel/core/sv_functions.lua:114
     4. unknown - addons/ulxulib/lua/ulib/shared/hook.lua:109


L 10/28/2018 - 01:13:12: [FAdmin] eLeCtrOssSnake (STEAM_0:1:164666257) Spawned a models/props_interiors/pot01a.mdl
L 10/28/2018 - 01:13:12: [ULX] eLeCtrOssSnake<STEAM_0:1:164666257> spawned model models/props_interiors/pot01a.mdl
L 10/28/2018 - 01:13:12: Lua Error: Warning! A net message is already started! Discarding...

L 10/28/2018 - 01:13:13: [FAdmin] prop_physics(models/props_interiors/pot01a.mdl) Got removed
L 10/28/2018 - 01:13:20: [FAdmin] DidVaitel (STEAM_0:1:74202541) Spawned
L 10/28/2018 - 01:13:20: [FAdmin] DidVaitel (STEAM_0:1:74202541) Attempted to pick up a keys
L 10/28/2018 - 01:13:20: [FAdmin] DidVaitel (STEAM_0:1:74202541) Attempted to pick up a weapon_physcannon
L 10/28/2018 - 01:13:20: [FAdmin] DidVaitel (STEAM_0:1:74202541) Attempted to pick up a gmod_camera
L 10/28/2018 - 01:13:20: [FAdmin] DidVaitel (STEAM_0:1:74202541) Attempted to pick up a gmod_tool
L 10/28/2018 - 01:13:20: [FAdmin] DidVaitel (STEAM_0:1:74202541) Attempted to pick up a pocket
L 10/28/2018 - 01:13:20: [FAdmin] DidVaitel (STEAM_0:1:74202541) Attempted to pick up a weapon_physgun
L 10/28/2018 - 01:13:20: [FAdmin] DidVaitel (STEAM_0:1:74202541) Attempted to pick up a weapon_keypadchecker
L 10/28/2018 - 01:13:20: [FAdmin] DidVaitel (STEAM_0:1:74202541) Attempted to pick up a door_ram
L 10/28/2018 - 01:13:20: [FAdmin] DidVaitel (STEAM_0:1:74202541) Attempted to pick up a arrest_stick
L 10/28/2018 - 01:13:20: [FAdmin] DidVaitel (STEAM_0:1:74202541) Attempted to pick up a unarrest_stick
L 10/28/2018 - 01:13:20: [FAdmin] DidVaitel (STEAM_0:1:74202541) Attempted to pick up a stunstick
L 10/28/2018 - 01:13:20: [FAdmin] DidVaitel (STEAM_0:1:74202541) Attempted to pick up a weaponchecker
L 10/28/2018 - 01:13:21: [FAdmin] DidVaitel (STEAM_0:1:74202541) Attempted to switch noclip
L 10/28/2018 - 01:13:22: [FAdmin] DidVaitel (STEAM_0:1:74202541) Attempted to switch noclip
L 10/28/2018 - 01:13:22: [FAdmin] eLeCtrOssSnake (STEAM_0:1:164666257) Got killed by prop_physics with a prop_physics
L 10/28/2018 - 01:13:24: [FAdmin] eLeCtrOssSnake (STEAM_0:1:164666257) Spawned
L 10/28/2018 - 01:13:24: [FAdmin] eLeCtrOssSnake (STEAM_0:1:164666257) Attempted to pick up a keys
L 10/28/2018 - 01:13:24: [FAdmin] eLeCtrOssSnake (STEAM_0:1:164666257) Attempted to pick up a weapon_physcannon
L 10/28/2018 - 01:13:24: [FAdmin] eLeCtrOssSnake (STEAM_0:1:164666257) Attempted to pick up a gmod_camera
L 10/28/2018 - 01:13:24: [FAdmin] eLeCtrOssSnake (STEAM_0:1:164666257) Attempted to pick up a gmod_tool
L 10/28/2018 - 01:13:24: [FAdmin] eLeCtrOssSnake (STEAM_0:1:164666257) Attempted to pick up a pocket
L 10/28/2018 - 01:13:24: [FAdmin] eLeCtrOssSnake (STEAM_0:1:164666257) Attempted to pick up a weapon_physgun
L 10/28/2018 - 01:13:25: [FAdmin] eLeCtrOssSnake (STEAM_0:1:164666257) Spawned a models/props_interiors/pot01a.mdl
L 10/28/2018 - 01:13:25: [ULX] eLeCtrOssSnake<STEAM_0:1:164666257> spawned model models/props_interiors/pot01a.mdl
L 10/28/2018 - 01:13:30: [FAdmin] DidVaitel (STEAM_0:1:74202541) Gave himself a weapon_smg1
L 10/28/2018 - 01:13:30: [FAdmin] DidVaitel (STEAM_0:1:74202541) Attempted to pick up a weapon_smg1
L 10/28/2018 - 01:13:30: [FAdmin] DidVaitel (STEAM_0:1:74202541) Gave himself a weapon_smg1
L 10/28/2018 - 01:13:34: [FAdmin] eLeCtrOssSnake (STEAM_0:1:164666257) Spawned a models/props_lab/blastdoor001c.mdl
L 10/28/2018 - 01:13:34: [ULX] eLeCtrOssSnake<STEAM_0:1:164666257> spawned model models/props_lab/blastdoor001c.mdl
L 10/28/2018 - 01:13:35: [FAdmin] DidVaitel (STEAM_0:1:74202541) Gave himself a weapon_shotgun
L 10/28/2018 - 01:13:35: [FAdmin] DidVaitel (STEAM_0:1:74202541) Attempted to pick up a weapon_shotgun
L 10/28/2018 - 01:13:35: Lua Error: 
[ERROR] addons/super-mega-ultra-duel-system2/lua/gduel/core/sv_functions.lua:9: bad argument #1 to 'WriteString' (string expected, got nil)
  1. WriteString - [C]:-1
   2. sendMessageToPlayer - addons/super-mega-ultra-duel-system2/lua/gduel/core/sv_functions.lua:9
    3. fn - addons/super-mega-ultra-duel-system2/lua/gduel/core/sv_functions.lua:114
     4. unknown - addons/ulxulib/lua/ulib/shared/hook.lua:109


L 10/28/2018 - 01:13:36: [FAdmin] DidVaitel (STEAM_0:1:74202541) Spawned
L 10/28/2018 - 01:13:36: [FAdmin] DidVaitel (STEAM_0:1:74202541) Attempted to pick up a keys
L 10/28/2018 - 01:13:36: [FAdmin] DidVaitel (STEAM_0:1:74202541) Attempted to pick up a weapon_physcannon
L 10/28/2018 - 01:13:36: [FAdmin] DidVaitel (STEAM_0:1:74202541) Attempted to pick up a gmod_camera
L 10/28/2018 - 01:13:36: [FAdmin] DidVaitel (STEAM_0:1:74202541) Attempted to pick up a gmod_tool
L 10/28/2018 - 01:13:36: [FAdmin] DidVaitel (STEAM_0:1:74202541) Attempted to pick up a pocket
L 10/28/2018 - 01:13:36: [FAdmin] DidVaitel (STEAM_0:1:74202541) Attempted to pick up a weapon_physgun
L 10/28/2018 - 01:13:36: [FAdmin] DidVaitel (STEAM_0:1:74202541) Attempted to pick up a weapon_keypadchecker
L 10/28/2018 - 01:13:36: [FAdmin] DidVaitel (STEAM_0:1:74202541) Attempted to pick up a door_ram
L 10/28/2018 - 01:13:36: [FAdmin] DidVaitel (STEAM_0:1:74202541) Attempted to pick up a arrest_stick
L 10/28/2018 - 01:13:36: [FAdmin] DidVaitel (STEAM_0:1:74202541) Attempted to pick up a unarrest_stick
L 10/28/2018 - 01:13:36: [FAdmin] DidVaitel (STEAM_0:1:74202541) Attempted to pick up a stunstick
L 10/28/2018 - 01:13:36: [FAdmin] DidVaitel (STEAM_0:1:74202541) Attempted to pick up a weaponchecker
L 10/28/2018 - 01:13:36: Lua Error: Warning! A net message is already started! Discarding...

L 10/28/2018 - 01:13:39: [FAdmin] DidVaitel (STEAM_0:1:74202541) Gave himself a weapon_rpg
L 10/28/2018 - 01:13:39: [FAdmin] DidVaitel (STEAM_0:1:74202541) Attempted to pick up a weapon_rpg
L 10/28/2018 - 01:13:41: Lua Error: 
[ERROR] addons/super-mega-ultra-duel-system2/lua/gduel/core/sv_functions.lua:9: bad argument #1 to 'WriteString' (string expected, got nil)
  1. WriteString - [C]:-1
   2. sendMessageToPlayer - addons/super-mega-ultra-duel-system2/lua/gduel/core/sv_functions.lua:9
    3. fn - addons/super-mega-ultra-duel-system2/lua/gduel/core/sv_functions.lua:114
     4. unknown - addons/ulxulib/lua/ulib/shared/hook.lua:109


L 10/28/2018 - 01:13:42: [FAdmin] eLeCtrOssSnake (STEAM_0:1:164666257) Spawned
L 10/28/2018 - 01:13:42: [FAdmin] eLeCtrOssSnake (STEAM_0:1:164666257) Attempted to pick up a keys
L 10/28/2018 - 01:13:42: [FAdmin] eLeCtrOssSnake (STEAM_0:1:164666257) Attempted to pick up a weapon_physcannon
L 10/28/2018 - 01:13:42: [FAdmin] eLeCtrOssSnake (STEAM_0:1:164666257) Attempted to pick up a gmod_camera
L 10/28/2018 - 01:13:42: [FAdmin] eLeCtrOssSnake (STEAM_0:1:164666257) Attempted to pick up a gmod_tool
L 10/28/2018 - 01:13:42: [FAdmin] eLeCtrOssSnake (STEAM_0:1:164666257) Attempted to pick up a pocket
L 10/28/2018 - 01:13:42: [FAdmin] eLeCtrOssSnake (STEAM_0:1:164666257) Attempted to pick up a weapon_physgun
L 10/28/2018 - 01:13:42: Lua Error: Warning! A net message is already started! Discarding...

L 10/28/2018 - 01:13:48: Lua Error: 
[ERROR] addons/super-mega-ultra-duel-system2/lua/gduel/core/sv_functions.lua:9: bad argument #1 to 'WriteString' (string expected, got nil)
  1. WriteString - [C]:-1
   2. sendMessageToPlayer - addons/super-mega-ultra-duel-system2/lua/gduel/core/sv_functions.lua:9
    3. fn - addons/super-mega-ultra-duel-system2/lua/gduel/core/sv_functions.lua:114
     4. unknown - addons/ulxulib/lua/ulib/shared/hook.lua:109


L 10/28/2018 - 01:14:15: Lua Error: 
[ERROR] addons/super-mega-ultra-duel-system2/lua/gduel/core/sh_language.lua:15: '}' expected (to close '{' at line 3) near '['
  1. unknown - addons/super-mega-ultra-duel-system2/lua/gduel/core/sh_language.lua:0


L 10/28/2018 - 01:14:18: Lua Error: Warning! A net message is already started! Discarding...

L 10/28/2018 - 01:14:18: Lua Error: 
[ERROR] addons/super-mega-ultra-duel-system2/lua/gduel/core/sh_language.lua:15: '}' expected (to close '{' at line 3) near '['
  1. unknown - addons/super-mega-ultra-duel-system2/lua/gduel/core/sh_language.lua:0


L 10/28/2018 - 01:14:21: [FAdmin] DidVaitel (STEAM_0:1:74202541) Spawned
L 10/28/2018 - 01:14:21: [FAdmin] DidVaitel (STEAM_0:1:74202541) Attempted to pick up a keys
L 10/28/2018 - 01:14:21: [FAdmin] DidVaitel (STEAM_0:1:74202541) Attempted to pick up a weapon_physcannon
L 10/28/2018 - 01:14:21: [FAdmin] DidVaitel (STEAM_0:1:74202541) Attempted to pick up a gmod_camera
L 10/28/2018 - 01:14:21: [FAdmin] DidVaitel (STEAM_0:1:74202541) Attempted to pick up a gmod_tool
L 10/28/2018 - 01:14:21: [FAdmin] DidVaitel (STEAM_0:1:74202541) Attempted to pick up a pocket
L 10/28/2018 - 01:14:21: [FAdmin] DidVaitel (STEAM_0:1:74202541) Attempted to pick up a weapon_physgun
L 10/28/2018 - 01:14:21: [FAdmin] DidVaitel (STEAM_0:1:74202541) Attempted to pick up a weapon_keypadchecker
L 10/28/2018 - 01:14:21: [FAdmin] DidVaitel (STEAM_0:1:74202541) Attempted to pick up a door_ram
L 10/28/2018 - 01:14:21: [FAdmin] DidVaitel (STEAM_0:1:74202541) Attempted to pick up a arrest_stick
L 10/28/2018 - 01:14:21: [FAdmin] DidVaitel (STEAM_0:1:74202541) Attempted to pick up a unarrest_stick
L 10/28/2018 - 01:14:21: [FAdmin] DidVaitel (STEAM_0:1:74202541) Attempted to pick up a stunstick
L 10/28/2018 - 01:14:21: [FAdmin] DidVaitel (STEAM_0:1:74202541) Attempted to pick up a weaponchecker
L 10/28/2018 - 01:14:22: [FAdmin] DidVaitel (STEAM_0:1:74202541) Attempted to switch noclip
L 10/28/2018 - 01:14:28: [FAdmin] DidVaitel (STEAM_0:1:74202541) Attempted to switch noclip
L 10/28/2018 - 01:14:29: [FAdmin] DidVaitel (STEAM_0:1:74202541) Gave himself a weapon_shotgun
L 10/28/2018 - 01:14:29: [FAdmin] DidVaitel (STEAM_0:1:74202541) Attempted to pick up a weapon_shotgun
L 10/28/2018 - 01:14:31: [FAdmin] eLeCtrOssSnake (STEAM_0:1:164666257) Spawned a models/props_lab/blastdoor001c.mdl
L 10/28/2018 - 01:14:31: [ULX] eLeCtrOssSnake<STEAM_0:1:164666257> spawned model models/props_lab/blastdoor001c.mdl
L 10/28/2018 - 01:14:32: [FAdmin] DidVaitel (STEAM_0:1:74202541) Attempted to switch noclip
L 10/28/2018 - 01:14:34: [FAdmin] DidVaitel (STEAM_0:1:74202541) Attempted to switch noclip
L 10/28/2018 - 01:14:35: [FAdmin] eLeCtrOssSnake (STEAM_0:1:164666257) Spawned a models/props_lab/blastdoor001c.mdl
L 10/28/2018 - 01:14:35: [ULX] eLeCtrOssSnake<STEAM_0:1:164666257> spawned model models/props_lab/blastdoor001c.mdl
L 10/28/2018 - 01:14:36: [FAdmin] DidVaitel (STEAM_0:1:74202541) Attempted to switch noclip
L 10/28/2018 - 01:14:37: [FAdmin] DidVaitel (STEAM_0:1:74202541) Attempted to switch noclip
L 10/28/2018 - 01:14:41: [FAdmin] DidVaitel (STEAM_0:1:74202541) Attempted to switch noclip
L 10/28/2018 - 01:14:41: [FAdmin] eLeCtrOssSnake (STEAM_0:1:164666257) Spawned a models/props_lab/blastdoor001c.mdl
L 10/28/2018 - 01:14:41: [ULX] eLeCtrOssSnake<STEAM_0:1:164666257> spawned model models/props_lab/blastdoor001c.mdl
L 10/28/2018 - 01:14:42: [FAdmin] DidVaitel (STEAM_0:1:74202541) Attempted to switch noclip
L 10/28/2018 - 01:14:43: [FAdmin] DidVaitel (STEAM_0:1:74202541) Gave himself a weapon_stunstick
L 10/28/2018 - 01:14:43: [FAdmin] DidVaitel (STEAM_0:1:74202541) Attempted to pick up a weapon_stunstick
L 10/28/2018 - 01:14:46: Lua Error: 
[ERROR] addons/super-mega-ultra-duel-system2/lua/gduel/core/sv_functions.lua:9: bad argument #1 to 'WriteString' (string expected, got nil)
  1. WriteString - [C]:-1
   2. sendMessageToPlayer - addons/super-mega-ultra-duel-system2/lua/gduel/core/sv_functions.lua:9
    3. fn - addons/super-mega-ultra-duel-system2/lua/gduel/core/sv_functions.lua:114
     4. unknown - addons/ulxulib/lua/ulib/shared/hook.lua:109


L 10/28/2018 - 01:14:46: [FAdmin] DidVaitel (STEAM_0:1:74202541) Spawned
L 10/28/2018 - 01:14:46: [FAdmin] DidVaitel (STEAM_0:1:74202541) Attempted to pick up a keys
L 10/28/2018 - 01:14:46: [FAdmin] DidVaitel (STEAM_0:1:74202541) Attempted to pick up a weapon_physcannon
L 10/28/2018 - 01:14:46: [FAdmin] DidVaitel (STEAM_0:1:74202541) Attempted to pick up a gmod_camera
L 10/28/2018 - 01:14:46: [FAdmin] DidVaitel (STEAM_0:1:74202541) Attempted to pick up a gmod_tool
L 10/28/2018 - 01:14:46: [FAdmin] DidVaitel (STEAM_0:1:74202541) Attempted to pick up a pocket
L 10/28/2018 - 01:14:46: [FAdmin] DidVaitel (STEAM_0:1:74202541) Attempted to pick up a weapon_physgun
L 10/28/2018 - 01:14:46: [FAdmin] DidVaitel (STEAM_0:1:74202541) Attempted to pick up a weapon_keypadchecker
L 10/28/2018 - 01:14:46: [FAdmin] DidVaitel (STEAM_0:1:74202541) Attempted to pick up a door_ram
L 10/28/2018 - 01:14:46: [FAdmin] DidVaitel (STEAM_0:1:74202541) Attempted to pick up a arrest_stick
L 10/28/2018 - 01:14:46: [FAdmin] DidVaitel (STEAM_0:1:74202541) Attempted to pick up a unarrest_stick
L 10/28/2018 - 01:14:46: [FAdmin] DidVaitel (STEAM_0:1:74202541) Attempted to pick up a stunstick
L 10/28/2018 - 01:14:46: [FAdmin] DidVaitel (STEAM_0:1:74202541) Attempted to pick up a weaponchecker
L 10/28/2018 - 01:14:46: Lua Error: Warning! A net message is already started! Discarding...

L 10/28/2018 - 01:15:09: Lua Error: 
[ERROR] addons/super-mega-ultra-duel-system2/lua/gduel/core/sh_language.lua:15: '}' expected (to close '{' at line 3) near '['
  1. unknown - addons/super-mega-ultra-duel-system2/lua/gduel/core/sh_language.lua:0


L 10/28/2018 - 01:15:12: Lua Error: 
[ERROR] addons/super-mega-ultra-duel-system2/lua/gduel/core/sh_language.lua:15: '}' expected (to close '{' at line 3) near '['
  1. unknown - addons/super-mega-ultra-duel-system2/lua/gduel/core/sh_language.lua:0


L 10/28/2018 - 01:15:12: Lua Error: 
[ERROR] addons/super-mega-ultra-duel-system2/lua/gduel/core/sv_functions.lua:9: bad argument #1 to 'WriteString' (string expected, got nil)
  1. WriteString - [C]:-1
   2. sendMessageToPlayer - addons/super-mega-ultra-duel-system2/lua/gduel/core/sv_functions.lua:9
    3. fn - addons/super-mega-ultra-duel-system2/lua/gduel/core/sv_functions.lua:114
     4. unknown - addons/ulxulib/lua/ulib/shared/hook.lua:109


L 10/28/2018 - 01:15:15: [FAdmin] eLeCtrOssSnake (STEAM_0:1:164666257) Spawned
L 10/28/2018 - 01:15:15: [FAdmin] eLeCtrOssSnake (STEAM_0:1:164666257) Attempted to pick up a keys
L 10/28/2018 - 01:15:15: [FAdmin] eLeCtrOssSnake (STEAM_0:1:164666257) Attempted to pick up a weapon_physcannon
L 10/28/2018 - 01:15:15: [FAdmin] eLeCtrOssSnake (STEAM_0:1:164666257) Attempted to pick up a gmod_camera
L 10/28/2018 - 01:15:15: [FAdmin] eLeCtrOssSnake (STEAM_0:1:164666257) Attempted to pick up a gmod_tool
L 10/28/2018 - 01:15:15: [FAdmin] eLeCtrOssSnake (STEAM_0:1:164666257) Attempted to pick up a pocket
L 10/28/2018 - 01:15:15: [FAdmin] eLeCtrOssSnake (STEAM_0:1:164666257) Attempted to pick up a weapon_physgun
L 10/28/2018 - 01:15:15: Lua Error: Warning! A net message is already started! Discarding...

L 10/28/2018 - 01:15:16: [FAdmin] eLeCtrOssSnake (STEAM_0:1:164666257) Spawned a models/props_lab/blastdoor001c.mdl
L 10/28/2018 - 01:15:16: [ULX] eLeCtrOssSnake<STEAM_0:1:164666257> spawned model models/props_lab/blastdoor001c.mdl
L 10/28/2018 - 01:15:29: [FAdmin] eLeCtrOssSnake (STEAM_0:1:164666257) Attempted to switch noclip
L 10/28/2018 - 01:15:29: Lua Error: 
[ERROR] addons/super-mega-ultra-duel-system2/lua/gduel/core/sv_functions.lua:117: attempt to index field 'Opponent' (a nil value)
  1. fn - addons/super-mega-ultra-duel-system2/lua/gduel/core/sv_functions.lua:117
   2. unknown - addons/ulxulib/lua/ulib/shared/hook.lua:109


L 10/28/2018 - 01:15:30: [FAdmin] eLeCtrOssSnake (STEAM_0:1:164666257) Spawned
L 10/28/2018 - 01:15:30: [FAdmin] eLeCtrOssSnake (STEAM_0:1:164666257) Attempted to pick up a keys
L 10/28/2018 - 01:15:30: [FAdmin] eLeCtrOssSnake (STEAM_0:1:164666257) Attempted to pick up a weapon_physcannon
L 10/28/2018 - 01:15:30: [FAdmin] eLeCtrOssSnake (STEAM_0:1:164666257) Attempted to pick up a gmod_camera
L 10/28/2018 - 01:15:30: [FAdmin] eLeCtrOssSnake (STEAM_0:1:164666257) Attempted to pick up a gmod_tool
L 10/28/2018 - 01:15:30: [FAdmin] eLeCtrOssSnake (STEAM_0:1:164666257) Attempted to pick up a pocket
L 10/28/2018 - 01:15:30: [FAdmin] eLeCtrOssSnake (STEAM_0:1:164666257) Attempted to pick up a weapon_physgun
L 10/28/2018 - 01:15:31: [FAdmin] eLeCtrOssSnake (STEAM_0:1:164666257) Spawned a models/props_lab/blastdoor001c.mdl
L 10/28/2018 - 01:15:31: [ULX] eLeCtrOssSnake<STEAM_0:1:164666257> spawned model models/props_lab/blastdoor001c.mdl
L 10/28/2018 - 01:15:34: [FAdmin] DidVaitel (STEAM_0:1:74202541) Gave himself a weapon_rpg
L 10/28/2018 - 01:15:34: [FAdmin] DidVaitel (STEAM_0:1:74202541) Attempted to pick up a weapon_rpg
L 10/28/2018 - 01:15:37: Lua Error: 
[ERROR] addons/super-mega-ultra-d