L 10/28/2018 - 22:43:35: Log file started (file "logs\L1028012.log") (game "F:\sup\steamapps\common\GarrysModDS\garrysmod") (version "7270")
L 10/28/2018 - 22:43:35: server_cvar: "sv_alltalk" "3"
L 10/28/2018 - 22:43:36: Connection to Steam servers successful.
L 10/28/2018 - 22:43:36:    Public IP is 31.130.42.81.
L 10/28/2018 - 22:43:36: Assigned anonymous gameserver Steam ID [A-1:260628491(11299)].
L 10/28/2018 - 22:43:36: VAC secure mode is activated.
L 10/28/2018 - 22:43:40: "DidVaitel<2><STEAM_0:1:74202541><>" connected, address "192.168.1.102:27006"
L 10/28/2018 - 22:43:41: "DidVaitel<2><STEAM_0:1:74202541><>" STEAM USERID validated
L 10/28/2018 - 22:43:48: "DidVaitel<2><STEAM_0:1:74202541><>" entered the game
L 10/28/2018 - 22:43:58: Lua Error: 
[ERROR] addons/gvuti/lua/autorun/server/sv_nets.lua:383: attempt to index global 'MySQLite' (a nil value)
  1. fn - addons/gvuti/lua/autorun/server/sv_nets.lua:383
   2. Run - addons/ulxulib/lua/ulib/shared/hook.lua:109
    3. func - addons/gvuti/lua/autorun/server/sv_nets.lua:402
     4. unknown - lua/includes/extensions/net.lua:32


L 10/28/2018 - 22:44:58: Lua Error: 
[ERROR] addons/super-mega-ultra-duel-system2/lua/gduel/core/sv_functions.lua:10: bad argument #1 to 'WriteString' (string expected, got nil)
  1. WriteString - [C]:-1
   2. sendMessageToPlayer - addons/super-mega-ultra-duel-system2/lua/gduel/core/sv_functions.lua:10
    3. func - addons/super-mega-ultra-duel-system2/lua/gduel/core/sv_functions.lua:26
     4. unknown - lua/includes/extensions/net.lua:32


L 10/28/2018 - 22:45:53: Lua Error: Warning! A net message is already started! Discarding...

L 10/28/2018 - 22:48:23: "DidVaitel<2><STEAM_0:1:74202541><>" disconnected (reason "Server shutting down")
L 10/28/2018 - 22:48:23: server_message: "quit"
L 10/28/2018 - 22:48:23: Log file closed.
