L 10/28/2018 - 16:21:00: Log file started (file "logs\L1028001.log") (game "F:\sup\steamapps\common\GarrysModDS\garrysmod") (version "7270")
L 10/28/2018 - 16:21:00: server_cvar: "sv_alltalk" "3"
L 10/28/2018 - 16:21:00: server_cvar: "sv_allowcslua" "1"
L 10/28/2018 - 16:21:00: server_cvar: "sv_airaccelerate" "1000"
L 10/28/2018 - 16:21:00: server_cvar: "sv_alltalk" "0"
L 10/28/2018 - 16:21:02: Connection to Steam servers successful.
L 10/28/2018 - 16:21:02:    Public IP is 31.130.42.81.
L 10/28/2018 - 16:21:02: Assigned anonymous gameserver Steam ID [A-1:2258936843(11297)].
L 10/28/2018 - 16:21:02: VAC secure mode is activated.
L 10/28/2018 - 16:27:15: "DidVaitel<2><STEAM_0:1:74202541><>" connected, address "10.61.76.2:27006"
L 10/28/2018 - 16:27:16: "DidVaitel<2><STEAM_0:1:74202541><>" STEAM USERID validated
L 10/28/2018 - 16:27:35: [FAdmin] DidVaitel (STEAM_0:1:74202541) is Authed
L 10/28/2018 - 16:27:35: [FAdmin] DidVaitel (STEAM_0:1:74202541) Spawned for the first time
L 10/28/2018 - 16:27:35: [FAdmin] DidVaitel (STEAM_0:1:74202541) Spawned
L 10/28/2018 - 16:27:35: "DidVaitel<2><STEAM_0:1:74202541><>" entered the game
L 10/28/2018 - 16:27:35: [FAdmin] DidVaitel (STEAM_0:1:74202541) Attempted to pick up a keys
L 10/28/2018 - 16:27:35: [FAdmin] DidVaitel (STEAM_0:1:74202541) Attempted to pick up a weapon_physcannon
L 10/28/2018 - 16:27:35: [FAdmin] DidVaitel (STEAM_0:1:74202541) Attempted to pick up a gmod_camera
L 10/28/2018 - 16:27:35: [FAdmin] DidVaitel (STEAM_0:1:74202541) Attempted to pick up a gmod_tool
L 10/28/2018 - 16:27:35: [FAdmin] DidVaitel (STEAM_0:1:74202541) Attempted to pick up a pocket
L 10/28/2018 - 16:27:35: [FAdmin] DidVaitel (STEAM_0:1:74202541) Attempted to pick up a weapon_physgun
L 10/28/2018 - 16:27:35: [FAdmin] DidVaitel (STEAM_0:1:74202541) Attempted to pick up a weapon_keypadchecker
L 10/28/2018 - 16:27:35: [FAdmin] DidVaitel (STEAM_0:1:74202541) Attempted to pick up a door_ram
L 10/28/2018 - 16:27:35: [FAdmin] DidVaitel (STEAM_0:1:74202541) Attempted to pick up a arrest_stick
L 10/28/2018 - 16:27:35: [FAdmin] DidVaitel (STEAM_0:1:74202541) Attempted to pick up a unarrest_stick
L 10/28/2018 - 16:27:35: [FAdmin] DidVaitel (STEAM_0:1:74202541) Attempted to pick up a stunstick
L 10/28/2018 - 16:27:35: [FAdmin] DidVaitel (STEAM_0:1:74202541) Attempted to pick up a weaponchecker
L 10/28/2018 - 16:38:20: [FAdmin] DidVaitel (STEAM_0:1:74202541) Gave himself a captainamerica_shield_weapon
L 10/28/2018 - 16:38:20: [FAdmin] DidVaitel (STEAM_0:1:74202541) Attempted to pick up a captainamerica_shield_weapon
L 10/28/2018 - 16:38:21: [FAdmin] DidVaitel (STEAM_0:1:74202541) Attempted to pick up a emptycaptainhands
L 10/28/2018 - 16:38:22: [FAdmin] DidVaitel (STEAM_0:1:74202541) Attempted to pick up a captainamerica_shield_weapon_used
L 10/28/2018 - 16:39:51: [FAdmin] DidVaitel (STEAM_0:1:74202541) Attempted to pick up a emptycaptainhands
L 10/28/2018 - 16:39:51: [FAdmin] DidVaitel (STEAM_0:1:74202541) Attempted to pick up a captainamerica_shield_weapon_used
L 10/28/2018 - 16:39:52: Lua Error: 
[ERROR] addons/superherosweps/lua/weapons/emptycaptainhands.lua:54: Tried to use a NULL entity!
  1. SetHoldType - [C]:-1
   2. unknown - addons/superherosweps/lua/weapons/emptycaptainhands.lua:54


L 10/28/2018 - 16:39:56: [FAdmin] DidVaitel (STEAM_0:1:74202541) Gave himself a superman
L 10/28/2018 - 16:39:56: [FAdmin] DidVaitel (STEAM_0:1:74202541) Attempted to pick up a superman
L 10/28/2018 - 16:41:58: [FAdmin] DidVaitel (STEAM_0:1:74202541) Got killed by DidVaitel with a player
L 10/28/2018 - 16:42:01: [FAdmin] DidVaitel (STEAM_0:1:74202541) Spawned
L 10/28/2018 - 16:42:01: [FAdmin] DidVaitel (STEAM_0:1:74202541) Attempted to pick up a keys
L 10/28/2018 - 16:42:01: [FAdmin] DidVaitel (STEAM_0:1:74202541) Attempted to pick up a weapon_physcannon
L 10/28/2018 - 16:42:01: [FAdmin] DidVaitel (STEAM_0:1:74202541) Attempted to pick up a gmod_camera
L 10/28/2018 - 16:42:01: [FAdmin] DidVaitel (STEAM_0:1:74202541) Attempted to pick up a gmod_tool
L 10/28/2018 - 16:42:01: [FAdmin] DidVaitel (STEAM_0:1:74202541) Attempted to pick up a pocket
L 10/28/2018 - 16:42:01: [FAdmin] DidVaitel (STEAM_0:1:74202541) Attempted to pick up a weapon_physgun
L 10/28/2018 - 16:42:01: [FAdmin] DidVaitel (STEAM_0:1:74202541) Attempted to pick up a weapon_keypadchecker
L 10/28/2018 - 16:42:01: [FAdmin] DidVaitel (STEAM_0:1:74202541) Attempted to pick up a door_ram
L 10/28/2018 - 16:42:01: [FAdmin] DidVaitel (STEAM_0:1:74202541) Attempted to pick up a arrest_stick
L 10/28/2018 - 16:42:01: [FAdmin] DidVaitel (STEAM_0:1:74202541) Attempted to pick up a unarrest_stick
L 10/28/2018 - 16:42:01: [FAdmin] DidVaitel (STEAM_0:1:74202541) Attempted to pick up a stunstick
L 10/28/2018 - 16:42:01: [FAdmin] DidVaitel (STEAM_0:1:74202541) Attempted to pick up a weaponchecker
L 10/28/2018 - 16:42:01: [FAdmin] DidVaitel (STEAM_0:1:74202541) Gave himself a superman
L 10/28/2018 - 16:42:01: [FAdmin] DidVaitel (STEAM_0:1:74202541) Attempted to pick up a superman
L 10/28/2018 - 16:42:04: [FAdmin] DidVaitel (STEAM_0:1:74202541) Attempted to switch noclip
L 10/28/2018 - 16:42:05: [FAdmin] DidVaitel (STEAM_0:1:74202541) Attempted to switch noclip
L 10/28/2018 - 16:45:33: "DidVaitel<2><STEAM_0:1:74202541><>" disconnected (reason "Disconnect by user.")
L 10/28/2018 - 16:45:33: [FAdmin] DidVaitel (STEAM_0:1:74202541) Disconnected
L 10/28/2018 - 17:03:28: "DidVaitel<3><STEAM_0:1:74202541><>" connected, address "10.61.76.2:27006"
L 10/28/2018 - 17:03:29: "DidVaitel<3><STEAM_0:1:74202541><>" STEAM USERID validated
L 10/28/2018 - 17:03:51: [FAdmin] DidVaitel (STEAM_0:1:74202541) is Authed
L 10/28/2018 - 17:03:51: [FAdmin] DidVaitel (STEAM_0:1:74202541) Spawned for the first time
L 10/28/2018 - 17:03:51: [FAdmin] DidVaitel (STEAM_0:1:74202541) Spawned
L 10/28/2018 - 17:03:51: "DidVaitel<3><STEAM_0:1:74202541><>" entered the game
L 10/28/2018 - 17:03:51: [FAdmin] DidVaitel (STEAM_0:1:74202541) Attempted to pick up a keys
L 10/28/2018 - 17:03:51: [FAdmin] DidVaitel (STEAM_0:1:74202541) Attempted to pick up a weapon_physcannon
L 10/28/2018 - 17:03:51: [FAdmin] DidVaitel (STEAM_0:1:74202541) Attempted to pick up a gmod_camera
L 10/28/2018 - 17:03:51: [FAdmin] DidVaitel (STEAM_0:1:74202541) Attempted to pick up a gmod_tool
L 10/28/2018 - 17:03:51: [FAdmin] DidVaitel (STEAM_0:1:74202541) Attempted to pick up a pocket
L 10/28/2018 - 17:03:51: [FAdmin] DidVaitel (STEAM_0:1:74202541) Attempted to pick up a weapon_physgun
L 10/28/2018 - 17:03:51: [FAdmin] DidVaitel (STEAM_0:1:74202541) Attempted to pick up a weapon_keypadchecker
L 10/28/2018 - 17:03:51: [FAdmin] DidVaitel (STEAM_0:1:74202541) Attempted to pick up a door_ram
L 10/28/2018 - 17:03:51: [FAdmin] DidVaitel (STEAM_0:1:74202541) Attempted to pick up a arrest_stick
L 10/28/2018 - 17:03:51: [FAdmin] DidVaitel (STEAM_0:1:74202541) Attempted to pick up a unarrest_stick
L 10/28/2018 - 17:03:51: [FAdmin] DidVaitel (STEAM_0:1:74202541) Attempted to pick up a stunstick
L 10/28/2018 - 17:03:51: [FAdmin] DidVaitel (STEAM_0:1:74202541) Attempted to pick up a weaponchecker
L 10/28/2018 - 17:04:04: [FAdmin] DidVaitel (STEAM_0:1:74202541) Gave himself a captainamerica_shield_weapon
L 10/28/2018 - 17:04:04: [FAdmin] DidVaitel (STEAM_0:1:74202541) Attempted to pick up a captainamerica_shield_weapon
L 10/28/2018 - 17:04:07: [FAdmin] DidVaitel (STEAM_0:1:74202541) Gave himself a superman
L 10/28/2018 - 17:04:07: [FAdmin] DidVaitel (STEAM_0:1:74202541) Attempted to pick up a superman
L 10/28/2018 - 17:17:48: [FAdmin] DidVaitel (STEAM_0:1:74202541) Got killed by DidVaitel with a player
L 10/28/2018 - 17:17:49: [FAdmin] DidVaitel (STEAM_0:1:74202541) Spawned
L 10/28/2018 - 17:17:49: [FAdmin] DidVaitel (STEAM_0:1:74202541) Attempted to pick up a keys
L 10/28/2018 - 17:17:49: [FAdmin] DidVaitel (STEAM_0:1:74202541) Attempted to pick up a weapon_physcannon
L 10/28/2018 - 17:17:49: [FAdmin] DidVaitel (STEAM_0:1:74202541) Attempted to pick up a gmod_camera
L 10/28/2018 - 17:17:49: [FAdmin] DidVaitel (STEAM_0:1:74202541) Attempted to pick up a gmod_tool
L 10/28/2018 - 17:17:49: [FAdmin] DidVaitel (STEAM_0:1:74202541) Attempted to pick up a pocket
L 10/28/2018 - 17:17:49: [FAdmin] DidVaitel (STEAM_0:1:74202541) Attempted to pick up a weapon_physgun
L 10/28/2018 - 17:17:49: [FAdmin] DidVaitel (STEAM_0:1:74202541) Attempted to pick up a weapon_keypadchecker
L 10/28/2018 - 17:17:49: [FAdmin] DidVaitel (STEAM_0:1:74202541) Attempted to pick up a door_ram
L 10/28/2018 - 17:17:49: [FAdmin] DidVaitel (STEAM_0:1:74202541) Attempted to pick up a arrest_stick
L 10/28/2018 - 17:17:49: [FAdmin] DidVaitel (STEAM_0:1:74202541) Attempted to pick up a unarrest_stick
L 10/28/2018 - 17:17:49: [FAdmin] DidVaitel (STEAM_0:1:74202541) Attempted to pick up a stunstick
L 10/28/2018 - 17:17:49: [FAdmin] DidVaitel (STEAM_0:1:74202541) Attempted to pick up a weaponchecker
L 10/28/2018 - 17:17:52: [FAdmin] DidVaitel (STEAM_0:1:74202541) Gave himself a superman
L 10/28/2018 - 17:17:52: [FAdmin] DidVaitel (STEAM_0:1:74202541) Attempted to pick up a superman
L 10/28/2018 - 17:22:02: [FAdmin] Server succesfully shut down.
L 10/28/2018 - 17:22:02: [FAdmin] prop_physics(models/props/de_nuke/handtruck.mdl) Got removed
L 10/28/2018 - 17:22:02: [FAdmin] prop_physics(models/props_c17/door01_left.mdl) Got removed
L 10/28/2018 - 17:22:02: [FAdmin] prop_physics(models/props_c17/door01_left.mdl) Got removed
L 10/28/2018 - 17:22:02: [FAdmin] prop_physics(models/props_c17/door01_left.mdl) Got removed
L 10/28/2018 - 17:22:02: [FAdmin] prop_physics(models/props_c17/door01_left.mdl) Got removed
L 10/28/2018 - 17:22:02: [FAdmin] prop_physics(models/props_c17/door01_left.mdl) Got removed
L 10/28/2018 - 17:22:02: [FAdmin] prop_physics(models/props_c17/door01_left.mdl) Got removed
L 10/28/2018 - 17:22:02: [FAdmin] prop_physics(models/props_junk/pushcart01a.mdl) Got removed
L 10/28/2018 - 17:22:02: [FAdmin] prop_physics(models/props/de_nuke/handtruck.mdl) Got removed
L 10/28/2018 - 17:22:02: [FAdmin] prop_physics(models/props_c17/door01_left.mdl) Got removed
L 10/28/2018 - 17:22:02: [FAdmin] prop_physics(models/props_c17/door01_left.mdl) Got removed
L 10/28/2018 - 17:22:02: [FAdmin] prop_physics(models/props_junk/wood_crate001a_damaged.mdl) Got removed
L 10/28/2018 - 17:22:02: [FAdmin] prop_physics(models/props_junk/wood_crate001a_damaged.mdl) Got removed
L 10/28/2018 - 17:22:02: [FAdmin] prop_physics(models/props_junk/wood_crate001a_damaged.mdl) Got removed
L 10/28/2018 - 17:22:02: [FAdmin] prop_physics(models/props_junk/wood_crate001a_damaged.mdl) Got removed
L 10/28/2018 - 17:22:02: [FAdmin] prop_physics(models/props_junk/wood_crate001a_damaged.mdl) Got removed
L 10/28/2018 - 17:22:02: "DidVaitel<3><STEAM_0:1:74202541><>" disconnected (reason "Server shutting down")
L 10/28/2018 - 17:22:02: server_message: "quit"
L 10/28/2018 - 17:22:02: Log file closed.
