L 10/29/2018 - 19:46:27: Log file started (file "logs\L1029008.log") (game "F:\sup\steamapps\common\GarrysModDS\garrysmod") (version "7270")
L 10/29/2018 - 19:46:27: server_cvar: "sv_alltalk" "3"
L 10/29/2018 - 19:46:27: server_cvar: "sv_allowcslua" "1"
L 10/29/2018 - 19:46:27: server_cvar: "sv_airaccelerate" "1000"
L 10/29/2018 - 19:46:27: server_cvar: "sv_alltalk" "0"
L 10/29/2018 - 19:46:28: Connection to Steam servers successful.
L 10/29/2018 - 19:46:28:    Public IP is 185.253.97.149.
L 10/29/2018 - 19:46:28: Assigned anonymous gameserver Steam ID [A-1:686132230(11303)].
L 10/29/2018 - 19:46:28: VAC secure mode is activated.
L 10/29/2018 - 19:46:51: "DidVaitel<2><STEAM_0:1:74202541><>" connected, address "192.168.1.100:27006"
L 10/29/2018 - 19:46:51: "DidVaitel<2><STEAM_0:1:74202541><>" STEAM USERID validated
L 10/29/2018 - 19:47:01: [FAdmin] DidVaitel (STEAM_0:1:74202541) is Authed
L 10/29/2018 - 19:47:01: [FAdmin] DidVaitel (STEAM_0:1:74202541) Spawned for the first time
L 10/29/2018 - 19:47:01: [FAdmin] DidVaitel (STEAM_0:1:74202541) Spawned
L 10/29/2018 - 19:47:01: "DidVaitel<2><STEAM_0:1:74202541><>" entered the game
L 10/29/2018 - 19:47:01: [FAdmin] DidVaitel (STEAM_0:1:74202541) Attempted to pick up a keys
L 10/29/2018 - 19:47:01: [FAdmin] DidVaitel (STEAM_0:1:74202541) Attempted to pick up a weapon_physcannon
L 10/29/2018 - 19:47:01: [FAdmin] DidVaitel (STEAM_0:1:74202541) Attempted to pick up a gmod_camera
L 10/29/2018 - 19:47:01: [FAdmin] DidVaitel (STEAM_0:1:74202541) Attempted to pick up a gmod_tool
L 10/29/2018 - 19:47:01: [FAdmin] DidVaitel (STEAM_0:1:74202541) Attempted to pick up a pocket
L 10/29/2018 - 19:47:01: [FAdmin] DidVaitel (STEAM_0:1:74202541) Attempted to pick up a weapon_physgun
L 10/29/2018 - 19:47:01: [FAdmin] DidVaitel (STEAM_0:1:74202541) Attempted to pick up a weapon_keypadchecker
L 10/29/2018 - 19:47:01: [FAdmin] DidVaitel (STEAM_0:1:74202541) Attempted to pick up a door_ram
L 10/29/2018 - 19:47:01: [FAdmin] DidVaitel (STEAM_0:1:74202541) Attempted to pick up a arrest_stick
L 10/29/2018 - 19:47:01: [FAdmin] DidVaitel (STEAM_0:1:74202541) Attempted to pick up a unarrest_stick
L 10/29/2018 - 19:47:01: [FAdmin] DidVaitel (STEAM_0:1:74202541) Attempted to pick up a stunstick
L 10/29/2018 - 19:47:01: [FAdmin] DidVaitel (STEAM_0:1:74202541) Attempted to pick up a weaponchecker
L 10/29/2018 - 19:47:57: [FAdmin] DidVaitel (STEAM_0:1:74202541) Gave himself a weapon_iron_man
L 10/29/2018 - 19:47:57: [FAdmin] DidVaitel (STEAM_0:1:74202541) Attempted to pick up a weapon_iron_man
L 10/29/2018 - 19:48:02: [FAdmin] DidVaitel (STEAM_0:1:74202541) Got killed by DidVaitel with a env_explosion
L 10/29/2018 - 19:48:04: [FAdmin] DidVaitel (STEAM_0:1:74202541) Spawned
L 10/29/2018 - 19:48:04: [FAdmin] DidVaitel (STEAM_0:1:74202541) Attempted to pick up a keys
L 10/29/2018 - 19:48:04: [FAdmin] DidVaitel (STEAM_0:1:74202541) Attempted to pick up a weapon_physcannon
L 10/29/2018 - 19:48:04: [FAdmin] DidVaitel (STEAM_0:1:74202541) Attempted to pick up a gmod_camera
L 10/29/2018 - 19:48:04: [FAdmin] DidVaitel (STEAM_0:1:74202541) Attempted to pick up a gmod_tool
L 10/29/2018 - 19:48:04: [FAdmin] DidVaitel (STEAM_0:1:74202541) Attempted to pick up a pocket
L 10/29/2018 - 19:48:04: [FAdmin] DidVaitel (STEAM_0:1:74202541) Attempted to pick up a weapon_physgun
L 10/29/2018 - 19:48:04: [FAdmin] DidVaitel (STEAM_0:1:74202541) Attempted to pick up a weapon_keypadchecker
L 10/29/2018 - 19:48:04: [FAdmin] DidVaitel (STEAM_0:1:74202541) Attempted to pick up a door_ram
L 10/29/2018 - 19:48:04: [FAdmin] DidVaitel (STEAM_0:1:74202541) Attempted to pick up a arrest_stick
L 10/29/2018 - 19:48:04: [FAdmin] DidVaitel (STEAM_0:1:74202541) Attempted to pick up a unarrest_stick
L 10/29/2018 - 19:48:04: [FAdmin] DidVaitel (STEAM_0:1:74202541) Attempted to pick up a stunstick
L 10/29/2018 - 19:48:04: [FAdmin] DidVaitel (STEAM_0:1:74202541) Attempted to pick up a weaponchecker
L 10/29/2018 - 19:48:05: [FAdmin] DidVaitel (STEAM_0:1:74202541) Gave himself a weapon_iron_man
L 10/29/2018 - 19:48:05: [FAdmin] DidVaitel (STEAM_0:1:74202541) Attempted to pick up a weapon_iron_man
L 10/29/2018 - 19:48:13: Lua Error: [AddCSLuaFile] Couldn't find 'weapons/weapon_iron_man/cl_init.lua' (<nowhere>)

L 10/29/2018 - 19:48:13: Lua Error: [AddCSLuaFile] Couldn't find 'cl_init.lua' (@addons/ggg2/lua/weapons/weapon_iron_man/init.lua (line 1))

L 10/29/2018 - 19:48:18: [FAdmin] DidVaitel (STEAM_0:1:74202541) Got killed by DidVaitel with a player
L 10/29/2018 - 19:48:19: [FAdmin] DidVaitel (STEAM_0:1:74202541) Spawned
L 10/29/2018 - 19:48:19: [FAdmin] DidVaitel (STEAM_0:1:74202541) Attempted to pick up a keys
L 10/29/2018 - 19:48:19: [FAdmin] DidVaitel (STEAM_0:1:74202541) Attempted to pick up a weapon_physcannon
L 10/29/2018 - 19:48:19: [FAdmin] DidVaitel (STEAM_0:1:74202541) Attempted to pick up a gmod_camera
L 10/29/2018 - 19:48:19: [FAdmin] DidVaitel (STEAM_0:1:74202541) Attempted to pick up a gmod_tool
L 10/29/2018 - 19:48:19: [FAdmin] DidVaitel (STEAM_0:1:74202541) Attempted to pick up a pocket
L 10/29/2018 - 19:48:19: [FAdmin] DidVaitel (STEAM_0:1:74202541) Attempted to pick up a weapon_physgun
L 10/29/2018 - 19:48:19: [FAdmin] DidVaitel (STEAM_0:1:74202541) Attempted to pick up a weapon_keypadchecker
L 10/29/2018 - 19:48:19: [FAdmin] DidVaitel (STEAM_0:1:74202541) Attempted to pick up a door_ram
L 10/29/2018 - 19:48:19: [FAdmin] DidVaitel (STEAM_0:1:74202541) Attempted to pick up a arrest_stick
L 10/29/2018 - 19:48:19: [FAdmin] DidVaitel (STEAM_0:1:74202541) Attempted to pick up a unarrest_stick
L 10/29/2018 - 19:48:19: [FAdmin] DidVaitel (STEAM_0:1:74202541) Attempted to pick up a stunstick
L 10/29/2018 - 19:48:19: [FAdmin] DidVaitel (STEAM_0:1:74202541) Attempted to pick up a weaponchecker
L 10/29/2018 - 19:48:20: [FAdmin] DidVaitel (STEAM_0:1:74202541) Gave himself a weapon_iron_man
L 10/29/2018 - 19:48:20: [FAdmin] DidVaitel (STEAM_0:1:74202541) Attempted to pick up a weapon_iron_man
L 10/29/2018 - 19:48:28: [FAdmin] DidVaitel (STEAM_0:1:74202541) Spawned a wt_rocketboots
L 10/29/2018 - 19:48:28: [ULX] DidVaitel<STEAM_0:1:74202541> spawned sent wt_rocketboots
L 10/29/2018 - 19:50:16: Lua Error: [AddCSLuaFile] Couldn't find 'weapons/weapon_iron_man/cl_init.lua' (<nowhere>)

L 10/29/2018 - 19:50:16: Lua Error: [AddCSLuaFile] Couldn't find 'cl_init.lua' (@addons/ggg2/lua/weapons/weapon_iron_man/init.lua (line 1))

L 10/29/2018 - 19:50:17: [FAdmin] DidVaitel (STEAM_0:1:74202541) Got killed by DidVaitel with a player
L 10/29/2018 - 19:50:19: [FAdmin] DidVaitel (STEAM_0:1:74202541) Spawned
L 10/29/2018 - 19:50:19: [FAdmin] DidVaitel (STEAM_0:1:74202541) Attempted to pick up a keys
L 10/29/2018 - 19:50:19: [FAdmin] DidVaitel (STEAM_0:1:74202541) Attempted to pick up a weapon_physcannon
L 10/29/2018 - 19:50:19: [FAdmin] DidVaitel (STEAM_0:1:74202541) Attempted to pick up a gmod_camera
L 10/29/2018 - 19:50:19: [FAdmin] DidVaitel (STEAM_0:1:74202541) Attempted to pick up a gmod_tool
L 10/29/2018 - 19:50:19: [FAdmin] DidVaitel (STEAM_0:1:74202541) Attempted to pick up a pocket
L 10/29/2018 - 19:50:19: [FAdmin] DidVaitel (STEAM_0:1:74202541) Attempted to pick up a weapon_physgun
L 10/29/2018 - 19:50:19: [FAdmin] DidVaitel (STEAM_0:1:74202541) Attempted to pick up a weapon_keypadchecker
L 10/29/2018 - 19:50:19: [FAdmin] DidVaitel (STEAM_0:1:74202541) Attempted to pick up a door_ram
L 10/29/2018 - 19:50:19: [FAdmin] DidVaitel (STEAM_0:1:74202541) Attempted to pick up a arrest_stick
L 10/29/2018 - 19:50:19: [FAdmin] DidVaitel (STEAM_0:1:74202541) Attempted to pick up a unarrest_stick
L 10/29/2018 - 19:50:19: [FAdmin] DidVaitel (STEAM_0:1:74202541) Attempted to pick up a stunstick
L 10/29/2018 - 19:50:19: [FAdmin] DidVaitel (STEAM_0:1:74202541) Attempted to pick up a weaponchecker
L 10/29/2018 - 19:50:22: [FAdmin] DidVaitel (STEAM_0:1:74202541) Gave himself a weapon_iron_man
L 10/29/2018 - 19:50:22: [FAdmin] DidVaitel (STEAM_0:1:74202541) Attempted to pick up a weapon_iron_man
L 10/29/2018 - 19:50:25: Lua Error: [AddCSLuaFile] Couldn't find 'weapons/weapon_iron_man/cl_init.lua' (<nowhere>)

L 10/29/2018 - 19:50:25: Lua Error: [AddCSLuaFile] Couldn't find 'cl_init.lua' (@addons/ggg2/lua/weapons/weapon_iron_man/init.lua (line 1))

L 10/29/2018 - 19:52:50: Lua Error: [AddCSLuaFile] Couldn't find 'weapons/weapon_iron_man/cl_init.lua' (<nowhere>)

L 10/29/2018 - 19:52:50: Lua Error: [AddCSLuaFile] Couldn't find 'cl_init.lua' (@addons/ggg2/lua/weapons/weapon_iron_man/init.lua (line 1))

L 10/29/2018 - 19:52:54: [FAdmin] DidVaitel (STEAM_0:1:74202541) Got killed by DidVaitel with a player
L 10/29/2018 - 19:52:55: [FAdmin] DidVaitel (STEAM_0:1:74202541) Spawned
L 10/29/2018 - 19:52:55: [FAdmin] DidVaitel (STEAM_0:1:74202541) Attempted to pick up a keys
L 10/29/2018 - 19:52:55: [FAdmin] DidVaitel (STEAM_0:1:74202541) Attempted to pick up a weapon_physcannon
L 10/29/2018 - 19:52:55: [FAdmin] DidVaitel (STEAM_0:1:74202541) Attempted to pick up a gmod_camera
L 10/29/2018 - 19:52:55: [FAdmin] DidVaitel (STEAM_0:1:74202541) Attempted to pick up a gmod_tool
L 10/29/2018 - 19:52:55: [FAdmin] DidVaitel (STEAM_0:1:74202541) Attempted to pick up a pocket
L 10/29/2018 - 19:52:55: [FAdmin] DidVaitel (STEAM_0:1:74202541) Attempted to pick up a weapon_physgun
L 10/29/2018 - 19:52:55: [FAdmin] DidVaitel (STEAM_0:1:74202541) Attempted to pick up a weapon_keypadchecker
L 10/29/2018 - 19:52:55: [FAdmin] DidVaitel (STEAM_0:1:74202541) Attempted to pick up a door_ram
L 10/29/2018 - 19:52:55: [FAdmin] DidVaitel (STEAM_0:1:74202541) Attempted to pick up a arrest_stick
L 10/29/2018 - 19:52:55: [FAdmin] DidVaitel (STEAM_0:1:74202541) Attempted to pick up a unarrest_stick
L 10/29/2018 - 19:52:55: [FAdmin] DidVaitel (STEAM_0:1:74202541) Attempted to pick up a stunstick
L 10/29/2018 - 19:52:55: [FAdmin] DidVaitel (STEAM_0:1:74202541) Attempted to pick up a weaponchecker
L 10/29/2018 - 19:52:55: [FAdmin] DidVaitel (STEAM_0:1:74202541) Gave himself a weapon_iron_man
L 10/29/2018 - 19:52:55: [FAdmin] DidVaitel (STEAM_0:1:74202541) Attempted to pick up a weapon_iron_man
L 10/29/2018 - 19:53:24: Lua Error: [AddCSLuaFile] Couldn't find 'weapons/weapon_iron_man/cl_init.lua' (<nowhere>)

L 10/29/2018 - 19:53:24: Lua Error: [AddCSLuaFile] Couldn't find 'cl_init.lua' (@addons/ggg2/lua/weapons/weapon_iron_man/init.lua (line 1))

L 10/29/2018 - 19:53:32: [FAdmin] DidVaitel (STEAM_0:1:74202541) Got killed by DidVaitel with a player
L 10/29/2018 - 19:53:33: [FAdmin] DidVaitel (STEAM_0:1:74202541) Spawned
L 10/29/2018 - 19:53:33: [FAdmin] DidVaitel (STEAM_0:1:74202541) Attempted to pick up a keys
L 10/29/2018 - 19:53:33: [FAdmin] DidVaitel (STEAM_0:1:74202541) Attempted to pick up a weapon_physcannon
L 10/29/2018 - 19:53:33: [FAdmin] DidVaitel (STEAM_0:1:74202541) Attempted to pick up a gmod_camera
L 10/29/2018 - 19:53:33: [FAdmin] DidVaitel (STEAM_0:1:74202541) Attempted to pick up a gmod_tool
L 10/29/2018 - 19:53:33: [FAdmin] DidVaitel (STEAM_0:1:74202541) Attempted to pick up a pocket
L 10/29/2018 - 19:53:33: [FAdmin] DidVaitel (STEAM_0:1:74202541) Attempted to pick up a weapon_physgun
L 10/29/2018 - 19:53:33: [FAdmin] DidVaitel (STEAM_0:1:74202541) Attempted to pick up a weapon_keypadchecker
L 10/29/2018 - 19:53:33: [FAdmin] DidVaitel (STEAM_0:1:74202541) Attempted to pick up a door_ram
L 10/29/2018 - 19:53:33: [FAdmin] DidVaitel (STEAM_0:1:74202541) Attempted to pick up a arrest_stick
L 10/29/2018 - 19:53:33: [FAdmin] DidVaitel (STEAM_0:1:74202541) Attempted to pick up a unarrest_stick
L 10/29/2018 - 19:53:33: [FAdmin] DidVaitel (STEAM_0:1:74202541) Attempted to pick up a stunstick
L 10/29/2018 - 19:53:33: [FAdmin] DidVaitel (STEAM_0:1:74202541) Attempted to pick up a weaponchecker
L 10/29/2018 - 19:53:34: [FAdmin] DidVaitel (STEAM_0:1:74202541) Gave himself a weapon_iron_man
L 10/29/2018 - 19:53:34: [FAdmin] DidVaitel (STEAM_0:1:74202541) Attempted to pick up a weapon_iron_man
L 10/29/2018 - 19:54:55: Lua Error: 
[ERROR] addons/ggg2/lua/weapons/weapon_iron_man/init.lua:189: attempt to index global 'animTable' (a nil value)
  1. unknown - addons/ggg2/lua/weapons/weapon_iron_man/init.lua:189


L 10/29/2018 - 19:54:56: Lua Error: 
[ERROR] addons/ggg2/lua/weapons/weapon_iron_man/init.lua:189: attempt to index global 'animTable' (a nil value)
  1. unknown - addons/ggg2/lua/weapons/weapon_iron_man/init.lua:189


L 10/29/2018 - 19:54:56: Lua Error: 
[ERROR] addons/ggg2/lua/weapons/weapon_iron_man/init.lua:189: attempt to index global 'animTable' (a nil value)
  1. unknown - addons/ggg2/lua/weapons/weapon_iron_man/init.lua:189


L 10/29/2018 - 19:54:56: Lua Error: 
[ERROR] addons/ggg2/lua/weapons/weapon_iron_man/init.lua:189: attempt to index global 'animTable' (a nil value)
  1. unknown - addons/ggg2/lua/weapons/weapon_iron_man/init.lua:189


L 10/29/2018 - 19:54:57: Lua Error: 
[ERROR] addons/ggg2/lua/weapons/weapon_iron_man/init.lua:189: attempt to index global 'animTable' (a nil value)
  1. unknown - addons/ggg2/lua/weapons/weapon_iron_man/init.lua:189


L 10/29/2018 - 19:54:57: Lua Error: 
[ERROR] addons/ggg2/lua/weapons/weapon_iron_man/init.lua:189: attempt to index global 'animTable' (a nil value)
  1. unknown - addons/ggg2/lua/weapons/weapon_iron_man/init.lua:189


L 10/29/2018 - 19:54:57: Lua Error: 
[ERROR] addons/ggg2/lua/weapons/weapon_iron_man/init.lua:189: attempt to index global 'animTable' (a nil value)
  1. unknown - addons/ggg2/lua/weapons/weapon_iron_man/init.lua:189


L 10/29/2018 - 19:54:57: Lua Error: 
[ERROR] addons/ggg2/lua/weapons/weapon_iron_man/init.lua:189: attempt to index global 'animTable' (a nil value)
  1. unknown - addons/ggg2/lua/weapons/weapon_iron_man/init.lua:189


L 10/29/2018 - 19:55:37: [FAdmin] DidVaitel (STEAM_0:1:74202541) Got killed by DidVaitel with a player
L 10/29/2018 - 19:55:38: [FAdmin] DidVaitel (STEAM_0:1:74202541) Spawned
L 10/29/2018 - 19:55:38: [FAdmin] DidVaitel (STEAM_0:1:74202541) Attempted to pick up a keys
L 10/29/2018 - 19:55:38: [FAdmin] DidVaitel (STEAM_0:1:74202541) Attempted to pick up a weapon_physcannon
L 10/29/2018 - 19:55:38: [FAdmin] DidVaitel (STEAM_0:1:74202541) Attempted to pick up a gmod_camera
L 10/29/2018 - 19:55:38: [FAdmin] DidVaitel (STEAM_0:1:74202541) Attempted to pick up a gmod_tool
L 10/29/2018 - 19:55:38: [FAdmin] DidVaitel (STEAM_0:1:74202541) Attempted to pick up a pocket
L 10/29/2018 - 19:55:38: [FAdmin] DidVaitel (STEAM_0:1:74202541) Attempted to pick up a weapon_physgun
L 10/29/2018 - 19:55:38: [FAdmin] DidVaitel (STEAM_0:1:74202541) Attempted to pick up a weapon_keypadchecker
L 10/29/2018 - 19:55:38: [FAdmin] DidVaitel (STEAM_0:1:74202541) Attempted to pick up a door_ram
L 10/29/2018 - 19:55:38: [FAdmin] DidVaitel (STEAM_0:1:74202541) Attempted to pick up a arrest_stick
L 10/29/2018 - 19:55:38: [FAdmin] DidVaitel (STEAM_0:1:74202541) Attempted to pick up a unarrest_stick
L 10/29/2018 - 19:55:38: [FAdmin] DidVaitel (STEAM_0:1:74202541) Attempted to pick up a stunstick
L 10/29/2018 - 19:55:38: [FAdmin] DidVaitel (STEAM_0:1:74202541) Attempted to pick up a weaponchecker
L 10/29/2018 - 19:55:39: [FAdmin] DidVaitel (STEAM_0:1:74202541) Gave himself a weapon_iron_man
L 10/29/2018 - 19:55:39: [FAdmin] DidVaitel (STEAM_0:1:74202541) Attempted to pick up a weapon_iron_man
L 10/29/2018 - 19:56:15: Lua Error: [AddCSLuaFile] Couldn't find 'weapons/weapon_iron_man/cl_init.lua' (<nowhere>)

L 10/29/2018 - 19:56:15: Lua Error: 
[ERROR] addons/ggg2/lua/weapons/weapon_iron_man/init.lua:210: '}' expected (to close '{' at line 186) near 'function'
  1. unknown - addons/ggg2/lua/weapons/weapon_iron_man/init.lua:0


L 10/29/2018 - 19:56:18: [FAdmin] DidVaitel (STEAM_0:1:74202541) Got killed by DidVaitel with a player
L 10/29/2018 - 19:56:20: [FAdmin] DidVaitel (STEAM_0:1:74202541) Spawned
L 10/29/2018 - 19:56:20: [FAdmin] DidVaitel (STEAM_0:1:74202541) Attempted to pick up a keys
L 10/29/2018 - 19:56:20: [FAdmin] DidVaitel (STEAM_0:1:74202541) Attempted to pick up a weapon_physcannon
L 10/29/2018 - 19:56:20: [FAdmin] DidVaitel (STEAM_0:1:74202541) Attempted to pick up a gmod_camera
L 10/29/2018 - 19:56:20: [FAdmin] DidVaitel (STEAM_0:1:74202541) Attempted to pick up a gmod_tool
L 10/29/2018 - 19:56:20: [FAdmin] DidVaitel (STEAM_0:1:74202541) Attempted to pick up a pocket
L 10/29/2018 - 19:56:20: [FAdmin] DidVaitel (STEAM_0:1:74202541) Attempted to pick up a weapon_physgun
L 10/29/2018 - 19:56:20: [FAdmin] DidVaitel (STEAM_0:1:74202541) Attempted to pick up a weapon_keypadchecker
L 10/29/2018 - 19:56:20: [FAdmin] DidVaitel (STEAM_0:1:74202541) Attempted to pick up a door_ram
L 10/29/2018 - 19:56:20: [FAdmin] DidVaitel (STEAM_0:1:74202541) Attempted to pick up a arrest_stick
L 10/29/2018 - 19:56:20: [FAdmin] DidVaitel (STEAM_0:1:74202541) Attempted to pick up a unarrest_stick
L 10/29/2018 - 19:56:20: [FAdmin] DidVaitel (STEAM_0:1:74202541) Attempted to pick up a stunstick
L 10/29/2018 - 19:56:20: [FAdmin] DidVaitel (STEAM_0:1:74202541) Attempted to pick up a weaponchecker
L 10/29/2018 - 19:56:21: [FAdmin] DidVaitel (STEAM_0:1:74202541) Gave himself a weapon_iron_man
L 10/29/2018 - 19:56:21: [FAdmin] DidVaitel (STEAM_0:1:74202541) Attempted to pick up a weapon_iron_man
L 10/29/2018 - 19:56:22: Lua Error: 
[ERROR] addons/ggg2/lua/weapons/weapon_iron_man/init.lua:189: attempt to index global 'animTable' (a nil value)
  1. unknown - addons/ggg2/lua/weapons/weapon_iron_man/init.lua:189


L 10/29/2018 - 19:56:22: Lua Error: 
[ERROR] addons/ggg2/lua/weapons/weapon_iron_man/init.lua:189: attempt to index global 'animTable' (a nil value)
  1. unknown - addons/ggg2/lua/weapons/weapon_iron_man/init.lua:189


L 10/29/2018 - 19:56:22: Lua Error: 
[ERROR] addons/ggg2/lua/weapons/weapon_iron_man/init.lua:189: attempt to index global 'animTable' (a nil value)
  1. unknown - addons/ggg2/lua/weapons/weapon_iron_man/init.lua:189


L 10/29/2018 - 19:56:23: Lua Error: 
[ERROR] addons/ggg2/lua/weapons/weapon_iron_man/init.lua:189: attempt to index global 'animTable' (a nil value)
  1. unknown - addons/ggg2/lua/weapons/weapon_iron_man/init.lua:189


L 10/29/2018 - 19:56:23: Lua Error: 
[ERROR] addons/ggg2/lua/weapons/weapon_iron_man/init.lua:189: attempt to index global 'animTable' (a nil value)
  1. unknown - addons/ggg2/lua/weapons/weapon_iron_man/init.lua:189


L 10/29/2018 - 19:56:23: Lua Error: 
[ERROR] addons/ggg2/lua/weapons/weapon_iron_man/init.lua:189: attempt to index global 'animTable' (a nil value)
  1. unknown - addons/ggg2/lua/weapons/weapon_iron_man/init.lua:189


L 10/29/2018 - 19:56:23: Lua Error: 
[ERROR] addons/ggg2/lua/weapons/weapon_iron_man/init.lua:189: attempt to index global 'animTable' (a nil value)
  1. unknown - addons/ggg2/lua/weapons/weapon_iron_man/init.lua:189


L 10/29/2018 - 19:56:24: Lua Error: 
[ERROR] addons/ggg2/lua/weapons/weapon_iron_man/init.lua:189: attempt to index global 'animTable' (a nil value)
  1. unknown - addons/ggg2/lua/weapons/weapon_iron_man/init.lua:189


L 10/29/2018 - 19:56:24: Lua Error: 
[ERROR] addons/ggg2/lua/weapons/weapon_iron_man/init.lua:189: attempt to index global 'animTable' (a nil value)
  1. unknown - addons/ggg2/lua/weapons/weapon_iron_man/init.lua:189


L 10/29/2018 - 19:56:24: Lua Error: 
[ERROR] addons/ggg2/lua/weapons/weapon_iron_man/init.lua:189: attempt to index global 'animTable' (a nil value)
  1. unknown - addons/ggg2/lua/weapons/weapon_iron_man/init.lua:189


L 10/29/2018 - 19:56:47: Lua Error: 
[ERROR] addons/ggg2/lua/weapons/weapon_iron_man/init.lua:189: attempt to index global 'animTable' (a nil value)
  1. unknown - addons/ggg2/lua/weapons/weapon_iron_man/init.lua:189


L 10/29/2018 - 19:57:13: Lua Error: [AddCSLuaFile] Couldn't find 'weapons/weapon_iron_man/cl_init.lua' (<nowhere>)

L 10/29/2018 - 19:57:13: Lua Error: [AddCSLuaFile] Couldn't find 'cl_init.lua' (@addons/ggg2/lua/weapons/weapon_iron_man/init.lua (line 1))

L 10/29/2018 - 19:57:43: [FAdmin] DidVaitel (STEAM_0:1:74202541) Gave himself a superman
L 10/29/2018 - 19:57:43: [FAdmin] DidVaitel (STEAM_0:1:74202541) Attempted to pick up a superman
L 10/29/2018 - 19:57:53: [FAdmin] DidVaitel (STEAM_0:1:74202541) Attempted to use tool camera
L 10/29/2018 - 19:58:02: [FAdmin] DidVaitel (STEAM_0:1:74202541) Gave himself a superman
L 10/29/2018 - 19:59:05: Lua Error: [AddCSLuaFile] Couldn't find 'weapons/weapon_iron_man/cl_init.lua' (<nowhere>)

L 10/29/2018 - 19:59:05: Lua Error: [AddCSLuaFile] Couldn't find 'cl_init.lua' (@addons/ggg2/lua/weapons/weapon_iron_man/init.lua (line 1))

L 10/29/2018 - 19:59:07: Lua Error: [AddCSLuaFile] Couldn't find 'weapons/weapon_iron_man/cl_init.lua' (<nowhere>)

L 10/29/2018 - 19:59:07: Lua Error: [AddCSLuaFile] Couldn't find 'cl_init.lua' (@addons/ggg2/lua/weapons/weapon_iron_man/init.lua (line 1))

L 10/29/2018 - 19:59:14: [FAdmin] DidVaitel (STEAM_0:1:74202541) Got killed by DidVaitel with a player
L 10/29/2018 - 19:59:15: [FAdmin] DidVaitel (STEAM_0:1:74202541) Spawned
L 10/29/2018 - 19:59:15: [FAdmin] DidVaitel (STEAM_0:1:74202541) Attempted to pick up a keys
L 10/29/2018 - 19:59:15: [FAdmin] DidVaitel (STEAM_0:1:74202541) Attempted to pick up a weapon_physcannon
L 10/29/2018 - 19:59:15: [FAdmin] DidVaitel (STEAM_0:1:74202541) Attempted to pick up a gmod_camera
L 10/29/2018 - 19:59:15: [FAdmin] DidVaitel (STEAM_0:1:74202541) Attempted to pick up a gmod_tool
L 10/29/2018 - 19:59:15: [FAdmin] DidVaitel (STEAM_0:1:74202541) Attempted to pick up a pocket
L 10/29/2018 - 19:59:15: [FAdmin] DidVaitel (STEAM_0:1:74202541) Attempted to pick up a weapon_physgun
L 10/29/2018 - 19:59:15: [FAdmin] DidVaitel (STEAM_0:1:74202541) Attempted to pick up a weapon_keypadchecker
L 10/29/2018 - 19:59:15: [FAdmin] DidVaitel (STEAM_0:1:74202541) Attempted to pick up a door_ram
L 10/29/2018 - 19:59:15: [FAdmin] DidVaitel (STEAM_0:1:74202541) Attempted to pick up a arrest_stick
L 10/29/2018 - 19:59:15: [FAdmin] DidVaitel (STEAM_0:1:74202541) Attempted to pick up a unarrest_stick
L 10/29/2018 - 19:59:15: [FAdmin] DidVaitel (STEAM_0:1:74202541) Attempted to pick up a stunstick
L 10/29/2018 - 19:59:15: [FAdmin] DidVaitel (STEAM_0:1:74202541) Attempted to pick up a weaponchecker
L 10/29/2018 - 19:59:17: [FAdmin] DidVaitel (STEAM_0:1:74202541) Attempted to use tool camera
L 10/29/2018 - 19:59:44: [FAdmin] DidVaitel (STEAM_0:1:74202541) Gave himself a superman
L 10/29/2018 - 19:59:44: [FAdmin] DidVaitel (STEAM_0:1:74202541) Attempted to pick up a superman
L 10/29/2018 - 19:59:51: [FAdmin] DidVaitel (STEAM_0:1:74202541) Gave himself a weapon_diviiclaws
L 10/29/2018 - 19:59:51: [FAdmin] DidVaitel (STEAM_0:1:74202541) Attempted to pick up a weapon_diviiclaws
L 10/29/2018 - 19:59:53: [FAdmin] DidVaitel (STEAM_0:1:74202541) Gave himself a cptamerica
L 10/29/2018 - 19:59:53: [FAdmin] DidVaitel (STEAM_0:1:74202541) Attempted to pick up a cptamerica
L 10/29/2018 - 19:59:59: [FAdmin] DidVaitel (STEAM_0:1:74202541) Gave himself a weapon_iron_man
L 10/29/2018 - 19:59:59: [FAdmin] DidVaitel (STEAM_0:1:74202541) Attempted to pick up a weapon_iron_man
L 10/29/2018 - 20:03:29: [FAdmin] DidVaitel (STEAM_0:1:74202541) Got killed by DidVaitel with a player
L 10/29/2018 - 20:03:30: [FAdmin] DidVaitel (STEAM_0:1:74202541) Spawned
L 10/29/2018 - 20:03:30: [FAdmin] DidVaitel (STEAM_0:1:74202541) Attempted to pick up a keys
L 10/29/2018 - 20:03:30: [FAdmin] DidVaitel (STEAM_0:1:74202541) Attempted to pick up a weapon_physcannon
L 10/29/2018 - 20:03:30: [FAdmin] DidVaitel (STEAM_0:1:74202541) Attempted to pick up a gmod_camera
L 10/29/2018 - 20:03:30: [FAdmin] DidVaitel (STEAM_0:1:74202541) Attempted to pick up a gmod_tool
L 10/29/2018 - 20:03:30: [FAdmin] DidVaitel (STEAM_0:1:74202541) Attempted to pick up a pocket
L 10/29/2018 - 20:03:30: [FAdmin] DidVaitel (STEAM_0:1:74202541) Attempted to pick up a weapon_physgun
L 10/29/2018 - 20:03:30: [FAdmin] DidVaitel (STEAM_0:1:74202541) Attempted to pick up a weapon_keypadchecker
L 10/29/2018 - 20:03:30: [FAdmin] DidVaitel (STEAM_0:1:74202541) Attempted to pick up a door_ram
L 10/29/2018 - 20:03:30: [FAdmin] DidVaitel (STEAM_0:1:74202541) Attempted to pick up a arrest_stick
L 10/29/2018 - 20:03:30: [FAdmin] DidVaitel (STEAM_0:1:74202541) Attempted to pick up a unarrest_stick
L 10/29/2018 - 20:03:30: [FAdmin] DidVaitel (STEAM_0:1:74202541) Attempted to pick up a stunstick
L 10/29/2018 - 20:03:30: [FAdmin] DidVaitel (STEAM_0:1:74202541) Attempted to pick up a weaponchecker
L 10/29/2018 - 20:03:30: [FAdmin] DidVaitel (STEAM_0:1:74202541) Gave himself a weapon_iron_man
L 10/29/2018 - 20:03:30: [FAdmin] DidVaitel (STEAM_0:1:74202541) Attempted to pick up a weapon_iron_man
L 10/29/2018 - 20:03:43: [FAdmin] DidVaitel (STEAM_0:1:74202541) Got killed by DidVaitel with a player
L 10/29/2018 - 20:03:44: [FAdmin] DidVaitel (STEAM_0:1:74202541) Spawned
L 10/29/2018 - 20:03:44: [FAdmin] DidVaitel (STEAM_0:1:74202541) Attempted to pick up a keys
L 10/29/2018 - 20:03:44: [FAdmin] DidVaitel (STEAM_0:1:74202541) Attempted to pick up a weapon_physcannon
L 10/29/2018 - 20:03:44: [FAdmin] DidVaitel (STEAM_0:1:74202541) Attempted to pick up a gmod_camera
L 10/29/2018 - 20:03:44: [FAdmin] DidVaitel (STEAM_0:1:74202541) Attempted to pick up a gmod_tool
L 10/29/2018 - 20:03:44: [FAdmin] DidVaitel (STEAM_0:1:74202541) Attempted to pick up a pocket
L 10/29/2018 - 20:03:44: [FAdmin] DidVaitel (STEAM_0:1:74202541) Attempted to pick up a weapon_physgun
L 10/29/2018 - 20:03:44: [FAdmin] DidVaitel (STEAM_0:1:74202541) Attempted to pick up a weapon_keypadchecker
L 10/29/2018 - 20:03:44: [FAdmin] DidVaitel (STEAM_0:1:74202541) Attempted to pick up a door_ram
L 10/29/2018 - 20:03:44: [FAdmin] DidVaitel (STEAM_0:1:74202541) Attempted to pick up a arrest_stick
L 10/29/2018 - 20:03:44: [FAdmin] DidVaitel (STEAM_0:1:74202541) Attempted to pick up a unarrest_stick
L 10/29/2018 - 20:03:44: [FAdmin] DidVaitel (STEAM_0:1:74202541) Attempted to pick up a stunstick
L 10/29/2018 - 20:03:44: [FAdmin] DidVaitel (STEAM_0:1:74202541) Attempted to pick up a weaponchecker
L 10/29/2018 - 20:03:45: [FAdmin] DidVaitel (STEAM_0:1:74202541) Gave himself a weapon_iron_man
L 10/29/2018 - 20:03:45: [FAdmin] DidVaitel (STEAM_0:1:74202541) Attempted to pick up a weapon_iron_man
L 10/29/2018 - 20:03:58: [FAdmin] Server succesfully shut down.
L 10/29/2018 - 20:03:58: [FAdmin] prop_physics(models/props/de_nuke/handtruck.mdl) Got removed
L 10/29/2018 - 20:03:58: [FAdmin] prop_physics(models/props_c17/door01_left.mdl) Got removed
L 10/29/2018 - 20:03:58: [FAdmin] prop_physics(models/props_c17/door01_left.mdl) Got removed
L 10/29/2018 - 20:03:58: [FAdmin] prop_physics(models/props_c17/door01_left.mdl) Got removed
L 10/29/2018 - 20:03:58: [FAdmin] prop_physics(models/props_c17/door01_left.mdl) Got removed
L 10/29/2018 - 20:03:58: [FAdmin] prop_physics(models/props_c17/door01_left.mdl) Got removed
L 10/29/2018 - 20:03:58: [FAdmin] prop_physics(models/props_c17/door01_left.mdl) Got removed
L 10/29/2018 - 20:03:58: [FAdmin] prop_physics(models/props_junk/pushcart01a.mdl) Got removed
L 10/29/2018 - 20:03:58: [FAdmin] prop_physics(models/props/de_nuke/handtruck.mdl) Got removed
L 10/29/2018 - 20:03:58: [FAdmin] prop_physics(models/props_c17/door01_left.mdl) Got removed
L 10/29/2018 - 20:03:58: [FAdmin] prop_physics(models/props_c17/door01_left.mdl) Got removed
L 10/29/2018 - 20:03:58: [FAdmin] prop_physics(models/props_junk/wood_crate001a_damaged.mdl) Got removed
L 10/29/2018 - 20:03:58: [FAdmin] prop_physics(models/props_junk/wood_crate001a_damaged.mdl) Got removed
L 10/29/2018 - 20:03:58: [FAdmin] prop_physics(models/props_junk/wood_crate001a_damaged.mdl) Got removed
L 10/29/2018 - 20:03:58: [FAdmin] prop_physics(models/props_junk/wood_crate001a_damaged.mdl) Got removed
L 10/29/2018 - 20:03:58: [FAdmin] prop_physics(models/props_junk/wood_crate001a_damaged.mdl) Got removed
L 10/29/2018 - 20:03:58: "DidVaitel<2><STEAM_0:1:74202541><>" disconnected (reason "Server shutting down")
L 10/29/2018 - 20:03:58: server_message: "quit"
L 10/29/2018 - 20:03:58: Log file closed.
