L 10/28/2018 - 23:44:49: Log file started (file "logs\L1028022.log") (game "F:\sup\steamapps\common\GarrysModDS\garrysmod") (version "7270")
L 10/28/2018 - 23:44:49: server_cvar: "sv_alltalk" "3"
L 10/28/2018 - 23:44:49: server_cvar: "sv_allowcslua" "1"
L 10/28/2018 - 23:44:49: server_cvar: "sv_airaccelerate" "1000"
L 10/28/2018 - 23:44:49: server_cvar: "sv_alltalk" "0"
L 10/28/2018 - 23:44:50: Connection to Steam servers successful.
L 10/28/2018 - 23:44:50:    Public IP is 31.130.42.81.
L 10/28/2018 - 23:44:50: Assigned anonymous gameserver Steam ID [A-1:926347271(11299)].
L 10/28/2018 - 23:44:50: VAC secure mode is activated.
L 10/28/2018 - 23:45:27: "DidVaitel<2><STEAM_0:1:74202541><>" connected, address "10.61.76.2:27006"
L 10/28/2018 - 23:45:27: "DidVaitel<2><STEAM_0:1:74202541><>" STEAM USERID validated
L 10/28/2018 - 23:45:37: [FAdmin] DidVaitel (STEAM_0:1:74202541) is Authed
L 10/28/2018 - 23:45:37: [FAdmin] DidVaitel (STEAM_0:1:74202541) Spawned for the first time
L 10/28/2018 - 23:45:37: [FAdmin] DidVaitel (STEAM_0:1:74202541) Spawned
L 10/28/2018 - 23:45:37: "DidVaitel<2><STEAM_0:1:74202541><>" entered the game
L 10/28/2018 - 23:45:37: [FAdmin] DidVaitel (STEAM_0:1:74202541) Attempted to pick up a keys
L 10/28/2018 - 23:45:37: [FAdmin] DidVaitel (STEAM_0:1:74202541) Attempted to pick up a weapon_physcannon
L 10/28/2018 - 23:45:37: [FAdmin] DidVaitel (STEAM_0:1:74202541) Attempted to pick up a gmod_camera
L 10/28/2018 - 23:45:37: [FAdmin] DidVaitel (STEAM_0:1:74202541) Attempted to pick up a gmod_tool
L 10/28/2018 - 23:45:37: [FAdmin] DidVaitel (STEAM_0:1:74202541) Attempted to pick up a pocket
L 10/28/2018 - 23:45:37: [FAdmin] DidVaitel (STEAM_0:1:74202541) Attempted to pick up a weapon_physgun
L 10/28/2018 - 23:45:37: [FAdmin] DidVaitel (STEAM_0:1:74202541) Attempted to pick up a weapon_keypadchecker
L 10/28/2018 - 23:45:37: [FAdmin] DidVaitel (STEAM_0:1:74202541) Attempted to pick up a door_ram
L 10/28/2018 - 23:45:37: [FAdmin] DidVaitel (STEAM_0:1:74202541) Attempted to pick up a arrest_stick
L 10/28/2018 - 23:45:37: [FAdmin] DidVaitel (STEAM_0:1:74202541) Attempted to pick up a unarrest_stick
L 10/28/2018 - 23:45:37: [FAdmin] DidVaitel (STEAM_0:1:74202541) Attempted to pick up a stunstick
L 10/28/2018 - 23:45:37: [FAdmin] DidVaitel (STEAM_0:1:74202541) Attempted to pick up a weaponchecker
L 10/28/2018 - 23:47:17: [FAdmin] DidVaitel (STEAM_0:1:74202541) Gave himself a weapon_diviiclaws
L 10/28/2018 - 23:47:17: [FAdmin] DidVaitel (STEAM_0:1:74202541) Attempted to pick up a weapon_diviiclaws
L 10/28/2018 - 23:52:57: [FAdmin] DidVaitel (STEAM_0:1:74202541) Got killed by DidVaitel with a player
L 10/28/2018 - 23:52:58: [FAdmin] DidVaitel (STEAM_0:1:74202541) Spawned
L 10/28/2018 - 23:52:58: [FAdmin] DidVaitel (STEAM_0:1:74202541) Attempted to pick up a keys
L 10/28/2018 - 23:52:58: [FAdmin] DidVaitel (STEAM_0:1:74202541) Attempted to pick up a weapon_physcannon
L 10/28/2018 - 23:52:58: [FAdmin] DidVaitel (STEAM_0:1:74202541) Attempted to pick up a gmod_camera
L 10/28/2018 - 23:52:58: [FAdmin] DidVaitel (STEAM_0:1:74202541) Attempted to pick up a gmod_tool
L 10/28/2018 - 23:52:58: [FAdmin] DidVaitel (STEAM_0:1:74202541) Attempted to pick up a pocket
L 10/28/2018 - 23:52:58: [FAdmin] DidVaitel (STEAM_0:1:74202541) Attempted to pick up a weapon_physgun
L 10/28/2018 - 23:52:58: [FAdmin] DidVaitel (STEAM_0:1:74202541) Attempted to pick up a weapon_keypadchecker
L 10/28/2018 - 23:52:58: [FAdmin] DidVaitel (STEAM_0:1:74202541) Attempted to pick up a door_ram
L 10/28/2018 - 23:52:58: [FAdmin] DidVaitel (STEAM_0:1:74202541) Attempted to pick up a arrest_stick
L 10/28/2018 - 23:52:58: [FAdmin] DidVaitel (STEAM_0:1:74202541) Attempted to pick up a unarrest_stick
L 10/28/2018 - 23:52:58: [FAdmin] DidVaitel (STEAM_0:1:74202541) Attempted to pick up a stunstick
L 10/28/2018 - 23:52:58: [FAdmin] DidVaitel (STEAM_0:1:74202541) Attempted to pick up a weaponchecker
L 10/28/2018 - 23:53:01: [FAdmin] DidVaitel (STEAM_0:1:74202541) Gave himself a weapon_diviiclaws
L 10/28/2018 - 23:53:01: [FAdmin] DidVaitel (STEAM_0:1:74202541) Attempted to pick up a weapon_diviiclaws
L 10/28/2018 - 23:59:38: [FAdmin] DidVaitel (STEAM_0:1:74202541) Got killed by DidVaitel with a player
L 10/28/2018 - 23:59:39: [FAdmin] DidVaitel (STEAM_0:1:74202541) Spawned
L 10/28/2018 - 23:59:39: [FAdmin] DidVaitel (STEAM_0:1:74202541) Attempted to pick up a keys
L 10/28/2018 - 23:59:39: [FAdmin] DidVaitel (STEAM_0:1:74202541) Attempted to pick up a weapon_physcannon
L 10/28/2018 - 23:59:39: [FAdmin] DidVaitel (STEAM_0:1:74202541) Attempted to pick up a gmod_camera
L 10/28/2018 - 23:59:39: [FAdmin] DidVaitel (STEAM_0:1:74202541) Attempted to pick up a gmod_tool
L 10/28/2018 - 23:59:39: [FAdmin] DidVaitel (STEAM_0:1:74202541) Attempted to pick up a pocket
L 10/28/2018 - 23:59:39: [FAdmin] DidVaitel (STEAM_0:1:74202541) Attempted to pick up a weapon_physgun
L 10/28/2018 - 23:59:39: [FAdmin] DidVaitel (STEAM_0:1:74202541) Attempted to pick up a weapon_keypadchecker
L 10/28/2018 - 23:59:39: [FAdmin] DidVaitel (STEAM_0:1:74202541) Attempted to pick up a door_ram
L 10/28/2018 - 23:59:39: [FAdmin] DidVaitel (STEAM_0:1:74202541) Attempted to pick up a arrest_stick
L 10/28/2018 - 23:59:39: [FAdmin] DidVaitel (STEAM_0:1:74202541) Attempted to pick up a unarrest_stick
L 10/28/2018 - 23:59:39: [FAdmin] DidVaitel (STEAM_0:1:74202541) Attempted to pick up a stunstick
L 10/28/2018 - 23:59:39: [FAdmin] DidVaitel (STEAM_0:1:74202541) Attempted to pick up a weaponchecker
L 10/28/2018 - 23:59:41: [FAdmin] DidVaitel (STEAM_0:1:74202541) Gave himself a weapon_diviiclaws
L 10/28/2018 - 23:59:41: [FAdmin] DidVaitel (STEAM_0:1:74202541) Attempted to pick up a weapon_diviiclaws
L 10/29/2018 - 00:00:02: [FAdmin] DidVaitel (STEAM_0:1:74202541) Got killed by DidVaitel with a player
L 10/29/2018 - 00:00:03: [FAdmin] DidVaitel (STEAM_0:1:74202541) Spawned
L 10/29/2018 - 00:00:03: [FAdmin] DidVaitel (STEAM_0:1:74202541) Attempted to pick up a keys
L 10/29/2018 - 00:00:03: [FAdmin] DidVaitel (STEAM_0:1:74202541) Attempted to pick up a weapon_physcannon
L 10/29/2018 - 00:00:03: [FAdmin] DidVaitel (STEAM_0:1:74202541) Attempted to pick up a gmod_camera
L 10/29/2018 - 00:00:03: [FAdmin] DidVaitel (STEAM_0:1:74202541) Attempted to pick up a gmod_tool
L 10/29/2018 - 00:00:03: [FAdmin] DidVaitel (STEAM_0:1:74202541) Attempted to pick up a pocket
L 10/29/2018 - 00:00:03: [FAdmin] DidVaitel (STEAM_0:1:74202541) Attempted to pick up a weapon_physgun
L 10/29/2018 - 00:00:03: [FAdmin] DidVaitel (STEAM_0:1:74202541) Attempted to pick up a weapon_keypadchecker
L 10/29/2018 - 00:00:03: [FAdmin] DidVaitel (STEAM_0:1:74202541) Attempted to pick up a door_ram
L 10/29/2018 - 00:00:03: [FAdmin] DidVaitel (STEAM_0:1:74202541) Attempted to pick up a arrest_stick
L 10/29/2018 - 00:00:03: [FAdmin] DidVaitel (STEAM_0:1:74202541) Attempted to pick up a unarrest_stick
L 10/29/2018 - 00:00:03: [FAdmin] DidVaitel (STEAM_0:1:74202541) Attempted to pick up a stunstick
L 10/29/2018 - 00:00:03: [FAdmin] DidVaitel (STEAM_0:1:74202541) Attempted to pick up a weaponchecker
L 10/29/2018 - 00:00:04: [FAdmin] DidVaitel (STEAM_0:1:74202541) Gave himself a weapon_diviiclaws
L 10/29/2018 - 00:00:04: [FAdmin] DidVaitel (STEAM_0:1:74202541) Attempted to pick up a weapon_diviiclaws
L 10/29/2018 - 00:12:06: [FAdmin] DidVaitel (STEAM_0:1:74202541) Gave himself a lockpick
L 10/29/2018 - 00:12:06: [FAdmin] DidVaitel (STEAM_0:1:74202541) Attempted to pick up a lockpick
L 10/29/2018 - 00:12:08: [FAdmin] DidVaitel (STEAM_0:1:74202541) Gave himself a stunstick
L 10/29/2018 - 00:12:10: [FAdmin] DidVaitel (STEAM_0:1:74202541) Gave himself a weapon_fists
L 10/29/2018 - 00:12:10: [FAdmin] DidVaitel (STEAM_0:1:74202541) Attempted to pick up a weapon_fists
L 10/29/2018 - 00:13:36: [FAdmin] DidVaitel (STEAM_0:1:74202541) Gave himself a weapon_diviiclaws
L 10/29/2018 - 00:13:44: [FAdmin] DidVaitel (STEAM_0:1:74202541) Got killed by DidVaitel with a player
L 10/29/2018 - 00:13:45: [FAdmin] DidVaitel (STEAM_0:1:74202541) Spawned
L 10/29/2018 - 00:13:45: [FAdmin] DidVaitel (STEAM_0:1:74202541) Attempted to pick up a keys
L 10/29/2018 - 00:13:45: [FAdmin] DidVaitel (STEAM_0:1:74202541) Attempted to pick up a weapon_physcannon
L 10/29/2018 - 00:13:45: [FAdmin] DidVaitel (STEAM_0:1:74202541) Attempted to pick up a gmod_camera
L 10/29/2018 - 00:13:45: [FAdmin] DidVaitel (STEAM_0:1:74202541) Attempted to pick up a gmod_tool
L 10/29/2018 - 00:13:45: [FAdmin] DidVaitel (STEAM_0:1:74202541) Attempted to pick up a pocket
L 10/29/2018 - 00:13:45: [FAdmin] DidVaitel (STEAM_0:1:74202541) Attempted to pick up a weapon_physgun
L 10/29/2018 - 00:13:45: [FAdmin] DidVaitel (STEAM_0:1:74202541) Attempted to pick up a weapon_keypadchecker
L 10/29/2018 - 00:13:45: [FAdmin] DidVaitel (STEAM_0:1:74202541) Attempted to pick up a door_ram
L 10/29/2018 - 00:13:45: [FAdmin] DidVaitel (STEAM_0:1:74202541) Attempted to pick up a arrest_stick
L 10/29/2018 - 00:13:45: [FAdmin] DidVaitel (STEAM_0:1:74202541) Attempted to pick up a unarrest_stick
L 10/29/2018 - 00:13:45: [FAdmin] DidVaitel (STEAM_0:1:74202541) Attempted to pick up a stunstick
L 10/29/2018 - 00:13:45: [FAdmin] DidVaitel (STEAM_0:1:74202541) Attempted to pick up a weaponchecker
L 10/29/2018 - 00:13:46: [FAdmin] DidVaitel (STEAM_0:1:74202541) Gave himself a weapon_diviiclaws
L 10/29/2018 - 00:13:46: [FAdmin] DidVaitel (STEAM_0:1:74202541) Attempted to pick up a weapon_diviiclaws
L 10/29/2018 - 00:13:53: [FAdmin] DidVaitel (STEAM_0:1:74202541) Got killed by DidVaitel with a player
L 10/29/2018 - 00:13:54: [FAdmin] DidVaitel (STEAM_0:1:74202541) Spawned
L 10/29/2018 - 00:13:54: [FAdmin] DidVaitel (STEAM_0:1:74202541) Attempted to pick up a keys
L 10/29/2018 - 00:13:54: [FAdmin] DidVaitel (STEAM_0:1:74202541) Attempted to pick up a weapon_physcannon
L 10/29/2018 - 00:13:54: [FAdmin] DidVaitel (STEAM_0:1:74202541) Attempted to pick up a gmod_camera
L 10/29/2018 - 00:13:54: [FAdmin] DidVaitel (STEAM_0:1:74202541) Attempted to pick up a gmod_tool
L 10/29/2018 - 00:13:54: [FAdmin] DidVaitel (STEAM_0:1:74202541) Attempted to pick up a pocket
L 10/29/2018 - 00:13:54: [FAdmin] DidVaitel (STEAM_0:1:74202541) Attempted to pick up a weapon_physgun
L 10/29/2018 - 00:13:54: [FAdmin] DidVaitel (STEAM_0:1:74202541) Attempted to pick up a weapon_keypadchecker
L 10/29/2018 - 00:13:54: [FAdmin] DidVaitel (STEAM_0:1:74202541) Attempted to pick up a door_ram
L 10/29/2018 - 00:13:54: [FAdmin] DidVaitel (STEAM_0:1:74202541) Attempted to pick up a arrest_stick
L 10/29/2018 - 00:13:54: [FAdmin] DidVaitel (STEAM_0:1:74202541) Attempted to pick up a unarrest_stick
L 10/29/2018 - 00:13:54: [FAdmin] DidVaitel (STEAM_0:1:74202541) Attempted to pick up a stunstick
L 10/29/2018 - 00:13:54: [FAdmin] DidVaitel (STEAM_0:1:74202541) Attempted to pick up a weaponchecker
L 10/29/2018 - 00:13:55: [FAdmin] DidVaitel (STEAM_0:1:74202541) Gave himself a weapon_diviiclaws
L 10/29/2018 - 00:13:55: [FAdmin] DidVaitel (STEAM_0:1:74202541) Attempted to pick up a weapon_diviiclaws
L 10/29/2018 - 00:14:20: [FAdmin] DidVaitel (STEAM_0:1:74202541) Got killed by DidVaitel with a player
L 10/29/2018 - 00:14:21: [FAdmin] DidVaitel (STEAM_0:1:74202541) Spawned
L 10/29/2018 - 00:14:21: [FAdmin] DidVaitel (STEAM_0:1:74202541) Attempted to pick up a keys
L 10/29/2018 - 00:14:21: [FAdmin] DidVaitel (STEAM_0:1:74202541) Attempted to pick up a weapon_physcannon
L 10/29/2018 - 00:14:21: [FAdmin] DidVaitel (STEAM_0:1:74202541) Attempted to pick up a gmod_camera
L 10/29/2018 - 00:14:21: [FAdmin] DidVaitel (STEAM_0:1:74202541) Attempted to pick up a gmod_tool
L 10/29/2018 - 00:14:21: [FAdmin] DidVaitel (STEAM_0:1:74202541) Attempted to pick up a pocket
L 10/29/2018 - 00:14:21: [FAdmin] DidVaitel (STEAM_0:1:74202541) Attempted to pick up a weapon_physgun
L 10/29/2018 - 00:14:21: [FAdmin] DidVaitel (STEAM_0:1:74202541) Attempted to pick up a weapon_keypadchecker
L 10/29/2018 - 00:14:21: [FAdmin] DidVaitel (STEAM_0:1:74202541) Attempted to pick up a door_ram
L 10/29/2018 - 00:14:21: [FAdmin] DidVaitel (STEAM_0:1:74202541) Attempted to pick up a arrest_stick
L 10/29/2018 - 00:14:21: [FAdmin] DidVaitel (STEAM_0:1:74202541) Attempted to pick up a unarrest_stick
L 10/29/2018 - 00:14:21: [FAdmin] DidVaitel (STEAM_0:1:74202541) Attempted to pick up a stunstick
L 10/29/2018 - 00:14:21: [FAdmin] DidVaitel (STEAM_0:1:74202541) Attempted to pick up a weaponchecker
L 10/29/2018 - 00:14:22: [FAdmin] DidVaitel (STEAM_0:1:74202541) Gave himself a weapon_diviiclaws
L 10/29/2018 - 00:14:22: [FAdmin] DidVaitel (STEAM_0:1:74202541) Attempted to pick up a weapon_diviiclaws
L 10/29/2018 - 00:58:06: "DidVaitel<2><STEAM_0:1:74202541><>" disconnected (reason "DidVaitel timed out")
L 10/29/2018 - 00:58:06: [FAdmin] DidVaitel (STEAM_0:1:74202541) Disconnected
L 10/29/2018 - 01:02:59: "DidVaitel<3><STEAM_0:1:74202541><>" connected, address "192.168.1.102:27006"
L 10/29/2018 - 01:03:00: "DidVaitel<3><STEAM_0:1:74202541><>" STEAM USERID validated
L 10/29/2018 - 01:03:09: [FAdmin] DidVaitel (STEAM_0:1:74202541) is Authed
L 10/29/2018 - 01:03:09: [FAdmin] DidVaitel (STEAM_0:1:74202541) Spawned for the first time
L 10/29/2018 - 01:03:09: [FAdmin] DidVaitel (STEAM_0:1:74202541) Spawned
L 10/29/2018 - 01:03:09: "DidVaitel<3><STEAM_0:1:74202541><>" entered the game
L 10/29/2018 - 01:03:09: [FAdmin] DidVaitel (STEAM_0:1:74202541) Attempted to pick up a keys
L 10/29/2018 - 01:03:09: [FAdmin] DidVaitel (STEAM_0:1:74202541) Attempted to pick up a weapon_physcannon
L 10/29/2018 - 01:03:09: [FAdmin] DidVaitel (STEAM_0:1:74202541) Attempted to pick up a gmod_camera
L 10/29/2018 - 01:03:09: [FAdmin] DidVaitel (STEAM_0:1:74202541) Attempted to pick up a gmod_tool
L 10/29/2018 - 01:03:09: [FAdmin] DidVaitel (STEAM_0:1:74202541) Attempted to pick up a pocket
L 10/29/2018 - 01:03:09: [FAdmin] DidVaitel (STEAM_0:1:74202541) Attempted to pick up a weapon_physgun
L 10/29/2018 - 01:03:09: [FAdmin] DidVaitel (STEAM_0:1:74202541) Attempted to pick up a weapon_keypadchecker
L 10/29/2018 - 01:03:09: [FAdmin] DidVaitel (STEAM_0:1:74202541) Attempted to pick up a door_ram
L 10/29/2018 - 01:03:09: [FAdmin] DidVaitel (STEAM_0:1:74202541) Attempted to pick up a arrest_stick
L 10/29/2018 - 01:03:09: [FAdmin] DidVaitel (STEAM_0:1:74202541) Attempted to pick up a unarrest_stick
L 10/29/2018 - 01:03:09: [FAdmin] DidVaitel (STEAM_0:1:74202541) Attempted to pick up a stunstick
L 10/29/2018 - 01:03:09: [FAdmin] DidVaitel (STEAM_0:1:74202541) Attempted to pick up a weaponchecker
L 10/29/2018 - 01:03:39: [FAdmin] DidVaitel (STEAM_0:1:74202541) Attempted to use tool camera
L 10/29/2018 - 01:04:54: "DidVaitel<3><STEAM_0:1:74202541><>" disconnected (reason "Disconnect by user.")
L 10/29/2018 - 01:04:54: [FAdmin] DidVaitel (STEAM_0:1:74202541) Disconnected
L 10/29/2018 - 01:08:18: "DidVaitel<4><STEAM_0:1:74202541><>" connected, address "192.168.1.102:27006"
L 10/29/2018 - 01:08:18: "DidVaitel<4><STEAM_0:1:74202541><>" STEAM USERID validated
L 10/29/2018 - 01:09:04: [FAdmin] DidVaitel (STEAM_0:1:74202541) is Authed
L 10/29/2018 - 01:09:04: [FAdmin] DidVaitel (STEAM_0:1:74202541) Spawned for the first time
L 10/29/2018 - 01:09:04: [FAdmin] DidVaitel (STEAM_0:1:74202541) Spawned
L 10/29/2018 - 01:09:04: "DidVaitel<4><STEAM_0:1:74202541><>" entered the game
L 10/29/2018 - 01:09:04: [FAdmin] DidVaitel (STEAM_0:1:74202541) Attempted to pick up a keys
L 10/29/2018 - 01:09:04: [FAdmin] DidVaitel (STEAM_0:1:74202541) Attempted to pick up a weapon_physcannon
L 10/29/2018 - 01:09:04: [FAdmin] DidVaitel (STEAM_0:1:74202541) Attempted to pick up a gmod_camera
L 10/29/2018 - 01:09:04: [FAdmin] DidVaitel (STEAM_0:1:74202541) Attempted to pick up a gmod_tool
L 10/29/2018 - 01:09:04: [FAdmin] DidVaitel (STEAM_0:1:74202541) Attempted to pick up a pocket
L 10/29/2018 - 01:09:04: [FAdmin] DidVaitel (STEAM_0:1:74202541) Attempted to pick up a weapon_physgun
L 10/29/2018 - 01:09:04: [FAdmin] DidVaitel (STEAM_0:1:74202541) Attempted to pick up a weapon_keypadchecker
L 10/29/2018 - 01:09:04: [FAdmin] DidVaitel (STEAM_0:1:74202541) Attempted to pick up a door_ram
L 10/29/2018 - 01:09:04: [FAdmin] DidVaitel (STEAM_0:1:74202541) Attempted to pick up a arrest_stick
L 10/29/2018 - 01:09:04: [FAdmin] DidVaitel (STEAM_0:1:74202541) Attempted to pick up a unarrest_stick
L 10/29/2018 - 01:09:04: [FAdmin] DidVaitel (STEAM_0:1:74202541) Attempted to pick up a stunstick
L 10/29/2018 - 01:09:04: [FAdmin] DidVaitel (STEAM_0:1:74202541) Attempted to pick up a weaponchecker
L 10/29/2018 - 01:09:36: [FAdmin] DidVaitel (STEAM_0:1:74202541) Attempted to use tool camera
L 10/29/2018 - 01:14:41: [FAdmin] Server succesfully shut down.
L 10/29/2018 - 01:14:41: [FAdmin] prop_physics(models/props/de_nuke/handtruck.mdl) Got removed
L 10/29/2018 - 01:14:41: [FAdmin] prop_physics(models/props_c17/door01_left.mdl) Got removed
L 10/29/2018 - 01:14:41: [FAdmin] prop_physics(models/props_c17/door01_left.mdl) Got removed
L 10/29/2018 - 01:14:41: [FAdmin] prop_physics(models/props_c17/door01_left.mdl) Got removed
L 10/29/2018 - 01:14:41: [FAdmin] prop_physics(models/props_c17/door01_left.mdl) Got removed
L 10/29/2018 - 01:14:41: [FAdmin] prop_physics(models/props_c17/door01_left.mdl) Got removed
L 10/29/2018 - 01:14:41: [FAdmin] prop_physics(models/props_c17/door01_left.mdl) Got removed
L 10/29/2018 - 01:14:41: [FAdmin] prop_physics(models/props_junk/pushcart01a.mdl) Got removed
L 10/29/2018 - 01:14:41: [FAdmin] prop_physics(models/props/de_nuke/handtruck.mdl) Got removed
L 10/29/2018 - 01:14:41: [FAdmin] prop_physics(models/props_c17/door01_left.mdl) Got removed
L 10/29/2018 - 01:14:41: [FAdmin] prop_physics(models/props_c17/door01_left.mdl) Got removed
L 10/29/2018 - 01:14:41: [FAdmin] prop_physics(models/props_junk/wood_crate001a_damaged.mdl) Got removed
L 10/29/2018 - 01:14:41: [FAdmin] prop_physics(models/props_junk/wood_crate001a_damaged.mdl) Got removed
L 10/29/2018 - 01:14:41: [FAdmin] prop_physics(models/props_junk/wood_crate001a_damaged.mdl) Got removed
L 10/29/2018 - 01:14:41: [FAdmin] prop_physics(models/props_junk/wood_crate001a_damaged.mdl) Got removed
L 10/29/2018 - 01:14:41: [FAdmin] prop_physics(models/props_junk/wood_crate001a_damaged.mdl) Got removed
L 10/29/2018 - 01:14:41: "DidVaitel<4><STEAM_0:1:74202541><>" disconnected (reason "Server shutting down")
L 10/29/2018 - 01:14:41: server_message: "quit"
L 10/29/2018 - 01:14:41: Log file closed.
