L 10/28/2018 - 22:54:17: Log file started (file "logs\L1028019.log") (game "F:\sup\steamapps\common\GarrysModDS\garrysmod") (version "7270")
L 10/28/2018 - 22:54:17: server_cvar: "sv_alltalk" "3"
L 10/28/2018 - 22:54:19: Connection to Steam servers successful.
L 10/28/2018 - 22:54:19:    Public IP is 31.130.42.81.
L 10/28/2018 - 22:54:19: Assigned anonymous gameserver Steam ID [A-1:397079555(11299)].
L 10/28/2018 - 22:54:19: VAC secure mode is activated.
L 10/28/2018 - 22:54:30: "DidVaitel<2><STEAM_0:1:74202541><>" connected, address "192.168.1.102:27006"
L 10/28/2018 - 22:54:30: "DidVaitel<2><STEAM_0:1:74202541><>" STEAM USERID validated
L 10/28/2018 - 22:54:38: "DidVaitel<2><STEAM_0:1:74202541><>" entered the game
L 10/28/2018 - 22:54:47: Lua Error: 
[ERROR] addons/gvuti/lua/autorun/server/sv_nets.lua:383: attempt to index global 'MySQLite' (a nil value)
  1. fn - addons/gvuti/lua/autorun/server/sv_nets.lua:383
   2. Run - addons/ulxulib/lua/ulib/shared/hook.lua:109
    3. func - addons/gvuti/lua/autorun/server/sv_nets.lua:402
     4. unknown - lua/includes/extensions/net.lua:32


L 10/28/2018 - 22:55:07: [ULX] DidVaitel<STEAM_0:1:74202541> spawned sent duel_npc
L 10/28/2018 - 22:55:15: "Bot01<3><BOT><>" connected, address "none"
L 10/28/2018 - 22:55:15: "Bot01<3><BOT><>" entered the game
L 10/28/2018 - 22:55:20: Lua Error: 
[ERROR] addons/super-mega-ultra-duel-system2/lua/gduel/core/sv_functions.lua:35: attempt to call method 'canAfford' (a nil value)
  1. func - addons/super-mega-ultra-duel-system2/lua/gduel/core/sv_functions.lua:35
   2. unknown - lua/includes/extensions/net.lua:32


L 10/28/2018 - 22:57:15: "DidVaitel<2><STEAM_0:1:74202541><>" disconnected (reason "Disconnect by user.")
L 10/28/2018 - 22:57:15: Lua Error: 
[ERROR] addons/gvuti/lua/autorun/server/sv_nets.lua:374: attempt to index global 'MySQLite' (a nil value)
  1. gVutiSync - addons/gvuti/lua/autorun/server/sv_nets.lua:374
   2. fn - addons/gvuti/lua/autorun/server/sv_nets.lua:398
    3. unknown - addons/ulxulib/lua/ulib/shared/hook.lua:109


L 10/28/2018 - 22:57:15: "Bot01<3><BOT><>" disconnected (reason "Punting bot, server is hibernating")
L 10/28/2018 - 22:57:15: Lua Error: 
[ERROR] addons/gvuti/lua/autorun/server/sv_nets.lua:374: attempt to index global 'MySQLite' (a nil value)
  1. gVutiSync - addons/gvuti/lua/autorun/server/sv_nets.lua:374
   2. fn - addons/gvuti/lua/autorun/server/sv_nets.lua:398
    3. unknown - addons/ulxulib/lua/ulib/shared/hook.lua:109


L 10/28/2018 - 23:23:47: server_message: "quit"
L 10/28/2018 - 23:23:47: Log file closed.
