L 10/27/2018 - 23:43:04: Log file started (file "logs\L1027025.log") (game "F:\sup\steamapps\common\GarrysModDS\garrysmod") (version "7270")
L 10/27/2018 - 23:43:04: server_cvar: "sv_alltalk" "3"
L 10/27/2018 - 23:43:04: server_cvar: "sv_allowcslua" "1"
L 10/27/2018 - 23:43:04: server_cvar: "sv_airaccelerate" "1000"
L 10/27/2018 - 23:43:04: server_cvar: "sv_alltalk" "0"
L 10/27/2018 - 23:43:04: "DidVaitel<2><STEAM_0:1:74202541><>" connected, address "192.168.1.102:27006"
L 10/27/2018 - 23:43:05: Connection to Steam servers successful.
L 10/27/2018 - 23:43:05:    Public IP is 31.130.42.81.
L 10/27/2018 - 23:43:05: Assigned anonymous gameserver Steam ID [A-1:3000554507(11293)].
L 10/27/2018 - 23:43:06: VAC secure mode is activated.
L 10/27/2018 - 23:43:06: "DidVaitel<2><STEAM_0:1:74202541><>" STEAM USERID validated
L 10/27/2018 - 23:43:13: [FAdmin] DidVaitel (STEAM_0:1:74202541) is Authed
L 10/27/2018 - 23:43:13: [FAdmin] DidVaitel (STEAM_0:1:74202541) Spawned for the first time
L 10/27/2018 - 23:43:13: [FAdmin] DidVaitel (STEAM_0:1:74202541) Spawned
L 10/27/2018 - 23:43:13: "DidVaitel<2><STEAM_0:1:74202541><>" entered the game
L 10/27/2018 - 23:43:13: [FAdmin] DidVaitel (STEAM_0:1:74202541) Attempted to pick up a keys
L 10/27/2018 - 23:43:13: [FAdmin] DidVaitel (STEAM_0:1:74202541) Attempted to pick up a weapon_physcannon
L 10/27/2018 - 23:43:13: [FAdmin] DidVaitel (STEAM_0:1:74202541) Attempted to pick up a gmod_camera
L 10/27/2018 - 23:43:13: [FAdmin] DidVaitel (STEAM_0:1:74202541) Attempted to pick up a gmod_tool
L 10/27/2018 - 23:43:13: [FAdmin] DidVaitel (STEAM_0:1:74202541) Attempted to pick up a pocket
L 10/27/2018 - 23:43:13: [FAdmin] DidVaitel (STEAM_0:1:74202541) Attempted to pick up a weapon_physgun
L 10/27/2018 - 23:43:13: [FAdmin] DidVaitel (STEAM_0:1:74202541) Attempted to pick up a weapon_keypadchecker
L 10/27/2018 - 23:43:13: [FAdmin] DidVaitel (STEAM_0:1:74202541) Attempted to pick up a door_ram
L 10/27/2018 - 23:43:13: [FAdmin] DidVaitel (STEAM_0:1:74202541) Attempted to pick up a arrest_stick
L 10/27/2018 - 23:43:13: [FAdmin] DidVaitel (STEAM_0:1:74202541) Attempted to pick up a unarrest_stick
L 10/27/2018 - 23:43:13: [FAdmin] DidVaitel (STEAM_0:1:74202541) Attempted to pick up a stunstick
L 10/27/2018 - 23:43:13: [FAdmin] DidVaitel (STEAM_0:1:74202541) Attempted to pick up a weaponchecker
L 10/27/2018 - 23:44:24: Lua Error: 
[ERROR] addons/super-mega-ultra-duel-system2/lua/gduel/core/sv_functions.lua:87: bad argument #1 to 'SetPos' (Vector expected, got nil)
  1. SetPos - [C]:-1
   2. func - addons/super-mega-ultra-duel-system2/lua/gduel/core/sv_functions.lua:87
    3. unknown - lua/includes/extensions/net.lua:32


L 10/27/2018 - 23:44:26: [FAdmin] DidVaitel (STEAM_0:1:74202541) Attempted to switch noclip
L 10/27/2018 - 23:44:26: [FAdmin] DidVaitel (STEAM_0:1:74202541) Attempted to switch noclip
L 10/27/2018 - 23:44:29: [FAdmin] DidVaitel (STEAM_0:1:74202541) Got killed by DidVaitel with a player
L 10/27/2018 - 23:44:32: [FAdmin] DidVaitel (STEAM_0:1:74202541) Spawned
L 10/27/2018 - 23:44:32: [FAdmin] DidVaitel (STEAM_0:1:74202541) Attempted to pick up a keys
L 10/27/2018 - 23:44:32: [FAdmin] DidVaitel (STEAM_0:1:74202541) Attempted to pick up a weapon_physcannon
L 10/27/2018 - 23:44:32: [FAdmin] DidVaitel (STEAM_0:1:74202541) Attempted to pick up a gmod_camera
L 10/27/2018 - 23:44:32: [FAdmin] DidVaitel (STEAM_0:1:74202541) Attempted to pick up a gmod_tool
L 10/27/2018 - 23:44:32: [FAdmin] DidVaitel (STEAM_0:1:74202541) Attempted to pick up a pocket
L 10/27/2018 - 23:44:32: [FAdmin] DidVaitel (STEAM_0:1:74202541) Attempted to pick up a weapon_physgun
L 10/27/2018 - 23:44:32: [FAdmin] DidVaitel (STEAM_0:1:74202541) Attempted to pick up a weapon_keypadchecker
L 10/27/2018 - 23:44:32: [FAdmin] DidVaitel (STEAM_0:1:74202541) Attempted to pick up a door_ram
L 10/27/2018 - 23:44:32: [FAdmin] DidVaitel (STEAM_0:1:74202541) Attempted to pick up a arrest_stick
L 10/27/2018 - 23:44:32: [FAdmin] DidVaitel (STEAM_0:1:74202541) Attempted to pick up a unarrest_stick
L 10/27/2018 - 23:44:32: [FAdmin] DidVaitel (STEAM_0:1:74202541) Attempted to pick up a stunstick
L 10/27/2018 - 23:44:32: [FAdmin] DidVaitel (STEAM_0:1:74202541) Attempted to pick up a weaponchecker
L 10/27/2018 - 23:45:04: Lua Error: 
[ERROR] addons/super-mega-ultra-duel-system2/lua/gduel/core/sv_functions.lua:87: bad argument #1 to 'SetPos' (Vector expected, got nil)
  1. SetPos - [C]:-1
   2. func - addons/super-mega-ultra-duel-system2/lua/gduel/core/sv_functions.lua:87
    3. unknown - lua/includes/extensions/net.lua:32


L 10/27/2018 - 23:45:10: [FAdmin] DidVaitel (STEAM_0:1:74202541) Got killed by DidVaitel with a player
L 10/27/2018 - 23:45:11: [FAdmin] DidVaitel (STEAM_0:1:74202541) Spawned
L 10/27/2018 - 23:45:11: [FAdmin] DidVaitel (STEAM_0:1:74202541) Attempted to pick up a keys
L 10/27/2018 - 23:45:11: [FAdmin] DidVaitel (STEAM_0:1:74202541) Attempted to pick up a weapon_physcannon
L 10/27/2018 - 23:45:11: [FAdmin] DidVaitel (STEAM_0:1:74202541) Attempted to pick up a gmod_camera
L 10/27/2018 - 23:45:11: [FAdmin] DidVaitel (STEAM_0:1:74202541) Attempted to pick up a gmod_tool
L 10/27/2018 - 23:45:11: [FAdmin] DidVaitel (STEAM_0:1:74202541) Attempted to pick up a pocket
L 10/27/2018 - 23:45:11: [FAdmin] DidVaitel (STEAM_0:1:74202541) Attempted to pick up a weapon_physgun
L 10/27/2018 - 23:45:11: [FAdmin] DidVaitel (STEAM_0:1:74202541) Attempted to pick up a weapon_keypadchecker
L 10/27/2018 - 23:45:11: [FAdmin] DidVaitel (STEAM_0:1:74202541) Attempted to pick up a door_ram
L 10/27/2018 - 23:45:11: [FAdmin] DidVaitel (STEAM_0:1:74202541) Attempted to pick up a arrest_stick
L 10/27/2018 - 23:45:11: [FAdmin] DidVaitel (STEAM_0:1:74202541) Attempted to pick up a unarrest_stick
L 10/27/2018 - 23:45:11: [FAdmin] DidVaitel (STEAM_0:1:74202541) Attempted to pick up a stunstick
L 10/27/2018 - 23:45:11: [FAdmin] DidVaitel (STEAM_0:1:74202541) Attempted to pick up a weaponchecker
L 10/27/2018 - 23:46:17: Lua Error: 
[ERROR] addons/super-mega-ultra-duel-system2/lua/gduel/core/sv_functions.lua:87: bad argument #1 to 'SetPos' (Vector expected, got nil)
  1. SetPos - [C]:-1
   2. func - addons/super-mega-ultra-duel-system2/lua/gduel/core/sv_functions.lua:87
    3. unknown - lua/includes/extensions/net.lua:32


L 10/27/2018 - 23:46:20: [FAdmin] DidVaitel (STEAM_0:1:74202541) Got killed by DidVaitel with a player
L 10/27/2018 - 23:46:21: [FAdmin] DidVaitel (STEAM_0:1:74202541) Spawned
L 10/27/2018 - 23:46:21: [FAdmin] DidVaitel (STEAM_0:1:74202541) Attempted to pick up a keys
L 10/27/2018 - 23:46:21: [FAdmin] DidVaitel (STEAM_0:1:74202541) Attempted to pick up a weapon_physcannon
L 10/27/2018 - 23:46:21: [FAdmin] DidVaitel (STEAM_0:1:74202541) Attempted to pick up a gmod_camera
L 10/27/2018 - 23:46:21: [FAdmin] DidVaitel (STEAM_0:1:74202541) Attempted to pick up a gmod_tool
L 10/27/2018 - 23:46:21: [FAdmin] DidVaitel (STEAM_0:1:74202541) Attempted to pick up a pocket
L 10/27/2018 - 23:46:21: [FAdmin] DidVaitel (STEAM_0:1:74202541) Attempted to pick up a weapon_physgun
L 10/27/2018 - 23:46:21: [FAdmin] DidVaitel (STEAM_0:1:74202541) Attempted to pick up a weapon_keypadchecker
L 10/27/2018 - 23:46:21: [FAdmin] DidVaitel (STEAM_0:1:74202541) Attempted to pick up a door_ram
L 10/27/2018 - 23:46:21: [FAdmin] DidVaitel (STEAM_0:1:74202541) Attempted to pick up a arrest_stick
L 10/27/2018 - 23:46:21: [FAdmin] DidVaitel (STEAM_0:1:74202541) Attempted to pick up a unarrest_stick
L 10/27/2018 - 23:46:21: [FAdmin] DidVaitel (STEAM_0:1:74202541) Attempted to pick up a stunstick
L 10/27/2018 - 23:46:21: [FAdmin] DidVaitel (STEAM_0:1:74202541) Attempted to pick up a weaponchecker
L 10/27/2018 - 23:46:56: Lua Error: 
[ERROR] addons/super-mega-ultra-duel-system2/lua/gduel/core/sv_functions.lua:87: bad argument #1 to 'SetPos' (Vector expected, got nil)
  1. SetPos - [C]:-1
   2. func - addons/super-mega-ultra-duel-system2/lua/gduel/core/sv_functions.lua:87
    3. unknown - lua/includes/extensions/net.lua:32


L 10/27/2018 - 23:46:57: [FAdmin] DidVaitel (STEAM_0:1:74202541) Got killed by DidVaitel with a player
L 10/27/2018 - 23:46:58: [FAdmin] DidVaitel (STEAM_0:1:74202541) Spawned
L 10/27/2018 - 23:46:59: [FAdmin] DidVaitel (STEAM_0:1:74202541) Attempted to pick up a keys
L 10/27/2018 - 23:46:59: [FAdmin] DidVaitel (STEAM_0:1:74202541) Attempted to pick up a weapon_physcannon
L 10/27/2018 - 23:46:59: [FAdmin] DidVaitel (STEAM_0:1:74202541) Attempted to pick up a gmod_camera
L 10/27/2018 - 23:46:59: [FAdmin] DidVaitel (STEAM_0:1:74202541) Attempted to pick up a gmod_tool
L 10/27/2018 - 23:46:59: [FAdmin] DidVaitel (STEAM_0:1:74202541) Attempted to pick up a pocket
L 10/27/2018 - 23:46:59: [FAdmin] DidVaitel (STEAM_0:1:74202541) Attempted to pick up a weapon_physgun
L 10/27/2018 - 23:46:59: [FAdmin] DidVaitel (STEAM_0:1:74202541) Attempted to pick up a weapon_keypadchecker
L 10/27/2018 - 23:46:59: [FAdmin] DidVaitel (STEAM_0:1:74202541) Attempted to pick up a door_ram
L 10/27/2018 - 23:46:59: [FAdmin] DidVaitel (STEAM_0:1:74202541) Attempted to pick up a arrest_stick
L 10/27/2018 - 23:46:59: [FAdmin] DidVaitel (STEAM_0:1:74202541) Attempted to pick up a unarrest_stick
L 10/27/2018 - 23:46:59: [FAdmin] DidVaitel (STEAM_0:1:74202541) Attempted to pick up a stunstick
L 10/27/2018 - 23:46:59: [FAdmin] DidVaitel (STEAM_0:1:74202541) Attempted to pick up a weaponchecker
L 10/27/2018 - 23:47:24: [FAdmin] Server succesfully shut down.
L 10/27/2018 - 23:47:24: [FAdmin] prop_physics(models/props/de_nuke/handtruck.mdl) Got removed
L 10/27/2018 - 23:47:24: [FAdmin] prop_physics(models/props_c17/door01_left.mdl) Got removed
L 10/27/2018 - 23:47:24: [FAdmin] prop_physics(models/props_c17/door01_left.mdl) Got removed
L 10/27/2018 - 23:47:24: [FAdmin] prop_physics(models/props_c17/door01_left.mdl) Got removed
L 10/27/2018 - 23:47:24: [FAdmin] prop_physics(models/props_c17/door01_left.mdl) Got removed
L 10/27/2018 - 23:47:24: [FAdmin] prop_physics(models/props_c17/door01_left.mdl) Got removed
L 10/27/2018 - 23:47:24: [FAdmin] prop_physics(models/props_c17/door01_left.mdl) Got removed
L 10/27/2018 - 23:47:24: [FAdmin] prop_physics(models/props_junk/pushcart01a.mdl) Got removed
L 10/27/2018 - 23:47:24: [FAdmin] prop_physics(models/props/de_nuke/handtruck.mdl) Got removed
L 10/27/2018 - 23:47:24: [FAdmin] prop_physics(models/props_c17/door01_left.mdl) Got removed
L 10/27/2018 - 23:47:24: [FAdmin] prop_physics(models/props_c17/door01_left.mdl) Got removed
L 10/27/2018 - 23:47:24: [FAdmin] prop_physics(models/props_junk/wood_crate001a_damaged.mdl) Got removed
L 10/27/2018 - 23:47:24: [FAdmin] prop_physics(models/props_junk/wood_crate001a_damaged.mdl) Got removed
L 10/27/2018 - 23:47:24: [FAdmin] prop_physics(models/props_junk/wood_crate001a_damaged.mdl) Got removed
L 10/27/2018 - 23:47:24: [FAdmin] prop_physics(models/props_junk/wood_crate001a_damaged.mdl) Got removed
L 10/27/2018 - 23:47:24: [FAdmin] prop_physics(models/props_junk/wood_crate001a_damaged.mdl) Got removed
L 10/27/2018 - 23:47:24: "DidVaitel<2><STEAM_0:1:74202541><>" disconnected (reason "Server shutting down")
L 10/27/2018 - 23:47:25: server_message: "quit"
L 10/27/2018 - 23:47:25: Log file closed.
