L 10/29/2018 - 20:25:01: Log file started (file "logs\L1029011.log") (game "F:\sup\steamapps\common\GarrysModDS\garrysmod") (version "7270")
L 10/29/2018 - 20:25:01: server_cvar: "sv_alltalk" "3"
L 10/29/2018 - 20:25:01: server_cvar: "sv_allowcslua" "1"
L 10/29/2018 - 20:25:01: server_cvar: "sv_airaccelerate" "1000"
L 10/29/2018 - 20:25:01: server_cvar: "sv_alltalk" "0"
L 10/29/2018 - 20:25:01: "DidVaitel<2><STEAM_0:1:74202541><>" connected, address "192.168.1.100:27006"
L 10/29/2018 - 20:25:02: Connection to Steam servers successful.
L 10/29/2018 - 20:25:02:    Public IP is 31.130.42.81.
L 10/29/2018 - 20:25:02: Assigned anonymous gameserver Steam ID [A-1:1392329735(11303)].
L 10/29/2018 - 20:25:02: VAC secure mode is activated.
L 10/29/2018 - 20:25:02: "DidVaitel<2><STEAM_0:1:74202541><>" STEAM USERID validated
L 10/29/2018 - 20:25:10: [FAdmin] DidVaitel (STEAM_0:1:74202541) is Authed
L 10/29/2018 - 20:25:10: [FAdmin] DidVaitel (STEAM_0:1:74202541) Spawned for the first time
L 10/29/2018 - 20:25:10: [FAdmin] DidVaitel (STEAM_0:1:74202541) Spawned
L 10/29/2018 - 20:25:10: "DidVaitel<2><STEAM_0:1:74202541><>" entered the game
L 10/29/2018 - 20:25:10: [FAdmin] DidVaitel (STEAM_0:1:74202541) Attempted to pick up a keys
L 10/29/2018 - 20:25:10: [FAdmin] DidVaitel (STEAM_0:1:74202541) Attempted to pick up a weapon_physcannon
L 10/29/2018 - 20:25:10: [FAdmin] DidVaitel (STEAM_0:1:74202541) Attempted to pick up a gmod_camera
L 10/29/2018 - 20:25:10: [FAdmin] DidVaitel (STEAM_0:1:74202541) Attempted to pick up a gmod_tool
L 10/29/2018 - 20:25:10: [FAdmin] DidVaitel (STEAM_0:1:74202541) Attempted to pick up a pocket
L 10/29/2018 - 20:25:10: [FAdmin] DidVaitel (STEAM_0:1:74202541) Attempted to pick up a weapon_physgun
L 10/29/2018 - 20:25:10: [FAdmin] DidVaitel (STEAM_0:1:74202541) Attempted to pick up a weapon_keypadchecker
L 10/29/2018 - 20:25:10: [FAdmin] DidVaitel (STEAM_0:1:74202541) Attempted to pick up a door_ram
L 10/29/2018 - 20:25:10: [FAdmin] DidVaitel (STEAM_0:1:74202541) Attempted to pick up a arrest_stick
L 10/29/2018 - 20:25:10: [FAdmin] DidVaitel (STEAM_0:1:74202541) Attempted to pick up a unarrest_stick
L 10/29/2018 - 20:25:10: [FAdmin] DidVaitel (STEAM_0:1:74202541) Attempted to pick up a stunstick
L 10/29/2018 - 20:25:10: [FAdmin] DidVaitel (STEAM_0:1:74202541) Attempted to pick up a weaponchecker
L 10/29/2018 - 20:25:23: [FAdmin] DidVaitel (STEAM_0:1:74202541) Gave himself a weapon_iron_man
L 10/29/2018 - 20:25:23: [FAdmin] DidVaitel (STEAM_0:1:74202541) Attempted to pick up a weapon_iron_man
L 10/29/2018 - 20:25:36: Lua Error: [AddCSLuaFile] Couldn't find 'weapons/weapon_iron_man/cl_init.lua' (<nowhere>)

L 10/29/2018 - 20:25:36: Lua Error: [AddCSLuaFile] Couldn't find 'cl_init.lua' (@addons/superherosweps/lua/weapons/weapon_iron_man/init.lua (line 1))

L 10/29/2018 - 20:25:37: Lua Error: [AddCSLuaFile] Couldn't find 'weapons/weapon_iron_man/cl_init.lua' (<nowhere>)

L 10/29/2018 - 20:25:37: Lua Error: [AddCSLuaFile] Couldn't find 'cl_init.lua' (@addons/superherosweps/lua/weapons/weapon_iron_man/init.lua (line 1))

L 10/29/2018 - 20:25:37: Lua Error: [AddCSLuaFile] Couldn't find 'weapons/weapon_iron_man/cl_init.lua' (<nowhere>)

L 10/29/2018 - 20:25:37: Lua Error: [AddCSLuaFile] Couldn't find 'cl_init.lua' (@addons/superherosweps/lua/weapons/weapon_iron_man/init.lua (line 1))

L 10/29/2018 - 20:25:41: [FAdmin] Server succesfully shut down.
L 10/29/2018 - 20:25:41: [FAdmin] prop_physics(models/props/de_nuke/handtruck.mdl) Got removed
L 10/29/2018 - 20:25:41: [FAdmin] prop_physics(models/props_c17/door01_left.mdl) Got removed
L 10/29/2018 - 20:25:41: [FAdmin] prop_physics(models/props_c17/door01_left.mdl) Got removed
L 10/29/2018 - 20:25:41: [FAdmin] prop_physics(models/props_c17/door01_left.mdl) Got removed
L 10/29/2018 - 20:25:41: [FAdmin] prop_physics(models/props_c17/door01_left.mdl) Got removed
L 10/29/2018 - 20:25:41: [FAdmin] prop_physics(models/props_c17/door01_left.mdl) Got removed
L 10/29/2018 - 20:25:41: [FAdmin] prop_physics(models/props_c17/door01_left.mdl) Got removed
L 10/29/2018 - 20:25:41: [FAdmin] prop_physics(models/props_junk/pushcart01a.mdl) Got removed
L 10/29/2018 - 20:25:41: [FAdmin] prop_physics(models/props/de_nuke/handtruck.mdl) Got removed
L 10/29/2018 - 20:25:41: [FAdmin] prop_physics(models/props_c17/door01_left.mdl) Got removed
L 10/29/2018 - 20:25:41: [FAdmin] prop_physics(models/props_c17/door01_left.mdl) Got removed
L 10/29/2018 - 20:25:41: [FAdmin] prop_physics(models/props_junk/wood_crate001a_damaged.mdl) Got removed
L 10/29/2018 - 20:25:41: [FAdmin] prop_physics(models/props_junk/wood_crate001a_damaged.mdl) Got removed
L 10/29/2018 - 20:25:41: [FAdmin] prop_physics(models/props_junk/wood_crate001a_damaged.mdl) Got removed
L 10/29/2018 - 20:25:41: [FAdmin] prop_physics(models/props_junk/wood_crate001a_damaged.mdl) Got removed
L 10/29/2018 - 20:25:41: [FAdmin] prop_physics(models/props_junk/wood_crate001a_damaged.mdl) Got removed
L 10/29/2018 - 20:25:41: "DidVaitel<2><STEAM_0:1:74202541><>" disconnected (reason "Server shutting down")
L 10/29/2018 - 20:25:41: server_message: "quit"
L 10/29/2018 - 20:25:41: Log file closed.
