L 10/20/2019 - 19:22:15: Log file started (file "logs\L1020035.log") (game "F:\sup\steamapps\common\GarrysModDS\garrysmod") (version "7517")
L 10/20/2019 - 19:22:15: Loading map "ttt_cluedo_b5_improved1"
L 10/20/2019 - 19:22:15: server cvars start
L 10/20/2019 - 19:22:15: "ttt_namechange_bantime" = "10"
L 10/20/2019 - 19:22:15: "ttt_namechange_kick" = "1"
L 10/20/2019 - 19:22:15: "ttt_ragdoll_pinning_innocents" = "0"
L 10/20/2019 - 19:22:15: "ttt_ragdoll_pinning" = "1"
L 10/20/2019 - 19:22:15: "ttt_teleport_telefrags" = "0"
L 10/20/2019 - 19:22:15: "ttt_no_nade_throw_during_prep" = "0"
L 10/20/2019 - 19:22:15: "ttt_allow_discomb_jump" = "0"
L 10/20/2019 - 19:22:15: "ttt_detective_hats" = "0"
L 10/20/2019 - 19:22:15: "ttt_detective_karma_min" = "600"
L 10/20/2019 - 19:22:15: "ttt_detective_min_players" = "8"
L 10/20/2019 - 19:22:15: "ttt_det_credits_starting" = "1"
L 10/20/2019 - 19:22:15: "ttt_detective_pct" = "0.125000"
L 10/20/2019 - 19:22:15: "ttt_detective_max" = "32"
L 10/20/2019 - 19:22:15: "ttt_credits_starting" = "2"
L 10/20/2019 - 19:22:15: "ttt_traitor_pct" = "0.250000"
L 10/20/2019 - 19:22:15: "ttt_traitor_max" = "32"
L 10/20/2019 - 19:22:15: "ttt_postround_dm" = "0"
L 10/20/2019 - 19:22:15: "ttt_haste_minutes_per_death" = "0.500000"
L 10/20/2019 - 19:22:15: "ttt_haste_starting_minutes" = "5"
L 10/20/2019 - 19:22:15: "ttt_roundtime_minutes" = "10"
L 10/20/2019 - 19:22:15: "ttt_round_limit" = "6"
L 10/20/2019 - 19:22:15: "ttt_posttime_seconds" = "3"
L 10/20/2019 - 19:22:15: "ttt_preptime_seconds" = "15"
L 10/20/2019 - 19:22:15: "ttt_firstpreptime" = "30"
L 10/20/2019 - 19:22:15: "ttt_time_limit_minutes" = "75"
L 10/20/2019 - 19:22:15: "ttt_haste" = "1"
L 10/20/2019 - 19:22:15: "ttt_debug_preventwin" = "0"
L 10/20/2019 - 19:22:15: "sbox_persist" = ""
L 10/20/2019 - 19:22:15: "sbox_bonemanip_misc" = "0"
L 10/20/2019 - 19:22:15: "sbox_bonemanip_player" = "0"
L 10/20/2019 - 19:22:15: "sbox_bonemanip_npc" = "1"
L 10/20/2019 - 19:22:15: "sbox_noclip" = "1"
L 10/20/2019 - 19:22:15: "sbox_maxemitters" = "20"
L 10/20/2019 - 19:22:15: "sbox_maxbuttons" = "50"
L 10/20/2019 - 19:22:15: "sbox_maxhoverballs" = "50"
L 10/20/2019 - 19:22:15: "sbox_maxthrusters" = "50"
L 10/20/2019 - 19:22:15: "sbox_maxwheels" = "50"
L 10/20/2019 - 19:22:15: "sbox_maxlights" = "5"
L 10/20/2019 - 19:22:15: "sbox_maxlamps" = "3"
L 10/20/2019 - 19:22:15: "sbox_maxdynamite" = "10"
L 10/20/2019 - 19:22:15: "sbox_maxsents" = "100"
L 10/20/2019 - 19:22:15: "sbox_maxnpcs" = "10"
L 10/20/2019 - 19:22:15: "sbox_maxcameras" = "10"
L 10/20/2019 - 19:22:15: "sbox_maxballoons" = "100"
L 10/20/2019 - 19:22:15: "sbox_maxeffects" = "200"
L 10/20/2019 - 19:22:15: "sbox_maxvehicles" = "4"
L 10/20/2019 - 19:22:15: "sbox_maxragdolls" = "10"
L 10/20/2019 - 19:22:15: "sbox_maxprops" = "200"
L 10/20/2019 - 19:22:15: "sbox_playershurtplayers" = "1"
L 10/20/2019 - 19:22:15: "sbox_godmode" = "0"
L 10/20/2019 - 19:22:15: "sbox_weapons" = "1"
L 10/20/2019 - 19:22:15: "physgun_limited" = "0"
L 10/20/2019 - 19:22:15: "sv_allowcslua" = "0"
L 10/20/2019 - 19:22:15: "physgun_maxrange" = "4096"
L 10/20/2019 - 19:22:15: "ai_disabled" = "0"
L 10/20/2019 - 19:22:15: "ai_ignoreplayers" = "0"
L 10/20/2019 - 19:22:15: "mp_teamplay" = "0"
L 10/20/2019 - 19:22:15: "mp_falldamage" = "1"
L 10/20/2019 - 19:22:15: "mp_weaponstay" = "0"
L 10/20/2019 - 19:22:15: "mp_forcerespawn" = "1"
L 10/20/2019 - 19:22:15: "mp_footsteps" = "1"
L 10/20/2019 - 19:22:15: "mp_flashlight" = "1"
L 10/20/2019 - 19:22:15: "mp_autocrosshair" = "1"
L 10/20/2019 - 19:22:15: "decalfrequency" = "60"
L 10/20/2019 - 19:22:15: "mp_teamlist" = "hgrunt;scientist"
L 10/20/2019 - 19:22:15: "mp_allowNPCs" = "1"
L 10/20/2019 - 19:22:15: "mp_friendlyfire" = "1"
L 10/20/2019 - 19:22:15: "mp_fadetoblack" = "0"
L 10/20/2019 - 19:22:15: "sv_gravity" = "600"
L 10/20/2019 - 19:22:15: "sv_stopspeed" = "10"
L 10/20/2019 - 19:22:15: "sv_noclipaccelerate" = "5"
L 10/20/2019 - 19:22:15: "sv_noclipspeed" = "5"
L 10/20/2019 - 19:22:15: "sv_specaccelerate" = "5"
L 10/20/2019 - 19:22:15: "sv_specspeed" = "3"
L 10/20/2019 - 19:22:15: "sv_specnoclip" = "1"
L 10/20/2019 - 19:22:15: "sv_maxspeed" = "10000"
L 10/20/2019 - 19:22:15: "sv_accelerate" = "10"
L 10/20/2019 - 19:22:15: "sv_airaccelerate" = "10"
L 10/20/2019 - 19:22:15: "sv_wateraccelerate" = "10"
L 10/20/2019 - 19:22:15: "sv_waterfriction" = "1"
L 10/20/2019 - 19:22:15: "sv_footsteps" = "1"
L 10/20/2019 - 19:22:15: "sv_rollspeed" = "200"
L 10/20/2019 - 19:22:15: "sv_rollangle" = "0"
L 10/20/2019 - 19:22:15: "sv_friction" = "8"
L 10/20/2019 - 19:22:15: "sv_bounce" = "0"
L 10/20/2019 - 19:22:15: "sv_stepsize" = "18"
L 10/20/2019 - 19:22:15: "r_VehicleViewDampen" = "0"
L 10/20/2019 - 19:22:15: "r_JeepViewDampenFreq" = "7.0"
L 10/20/2019 - 19:22:15: "r_JeepViewDampenDamp" = "1.0"
L 10/20/2019 - 19:22:15: "r_JeepViewZHeight" = "10.0"
L 10/20/2019 - 19:22:15: "r_AirboatViewDampenFreq" = "7.0"
L 10/20/2019 - 19:22:15: "r_AirboatViewDampenDamp" = "1.0"
L 10/20/2019 - 19:22:15: "r_AirboatViewZHeight" = "0.0"
L 10/20/2019 - 19:22:15: "mp_timelimit" = "0"
L 10/20/2019 - 19:22:15: "mp_fraglimit" = "0"
L 10/20/2019 - 19:22:15: "nextlevel" = ""
L 10/20/2019 - 19:22:15: "sv_maxusrcmdprocessticks" = "24"
L 10/20/2019 - 19:22:15: "sv_alltalk" = "3"
L 10/20/2019 - 19:22:15: "sv_hl2mp_weapon_respawn_time" = "20"
L 10/20/2019 - 19:22:15: "sv_hl2mp_item_respawn_time" = "30"
L 10/20/2019 - 19:22:15: "sv_report_client_settings" = "0"
L 10/20/2019 - 19:22:15: "sv_cheats" = "0"
L 10/20/2019 - 19:22:15: "sv_pausable" = "0"
L 10/20/2019 - 19:22:15: "sv_contact" = ""
L 10/20/2019 - 19:22:15: "sv_voiceenable" = "1"
L 10/20/2019 - 19:22:15: "tv_enable" = "0"
L 10/20/2019 - 19:22:15: "sv_steamgroup" = ""
L 10/20/2019 - 19:22:15: "sv_password" = ""
L 10/20/2019 - 19:22:15: "tv_relaypassword" = ""
L 10/20/2019 - 19:22:15: "tv_password" = ""
L 10/20/2019 - 19:22:15: "deathmatch" = "1"
L 10/20/2019 - 19:22:15: "coop" = "0"
L 10/20/2019 - 19:22:15: server cvars end
L 10/20/2019 - 19:22:18: Started map "ttt_cluedo_b5_improved1" (CRC "d79df3eb8d9c574ac8a8fe81dba05139")
L 10/20/2019 - 19:22:20: Lua Error: TTT WARNING: sv_alltalk is enabled. Dead players will be able to talk to living players. TTT will now attempt to set sv_alltalk 0.

L 10/20/2019 - 19:22:20: server_cvar: "sv_alltalk" "0"
L 10/20/2019 - 19:22:20: Executing dedicated server config file server.cfg
L 10/20/2019 - 19:22:23: Log file closed.
