L 10/28/2018 - 23:24:54: Log file started (file "logs\L1028021.log") (game "F:\sup\steamapps\common\GarrysModDS\garrysmod") (version "7270")
L 10/28/2018 - 23:24:54: server_cvar: "sv_alltalk" "3"
L 10/28/2018 - 23:24:54: server_cvar: "sv_allowcslua" "1"
L 10/28/2018 - 23:24:54: server_cvar: "sv_airaccelerate" "1000"
L 10/28/2018 - 23:24:54: server_cvar: "sv_alltalk" "0"
L 10/28/2018 - 23:24:55: Connection to Steam servers successful.
L 10/28/2018 - 23:24:55:    Public IP is 31.130.42.81.
L 10/28/2018 - 23:24:55: Assigned anonymous gameserver Steam ID [A-1:702114827(11299)].
L 10/28/2018 - 23:24:56: VAC secure mode is activated.
L 10/28/2018 - 23:25:16: "DidVaitel<2><STEAM_0:1:74202541><>" connected, address "10.61.76.2:27006"
L 10/28/2018 - 23:25:16: "DidVaitel<2><STEAM_0:1:74202541><>" STEAM USERID validated
L 10/28/2018 - 23:25:25: "eLeCtrOssSnake<3><STEAM_0:1:164666257><>" connected, address "10.61.76.3:27005"
L 10/28/2018 - 23:25:25: "eLeCtrOssSnake<3><STEAM_0:1:164666257><>" STEAM USERID validated
L 10/28/2018 - 23:25:39: [FAdmin] DidVaitel (STEAM_0:1:74202541) is Authed
L 10/28/2018 - 23:25:39: [FAdmin] DidVaitel (STEAM_0:1:74202541) Spawned for the first time
L 10/28/2018 - 23:25:39: [FAdmin] DidVaitel (STEAM_0:1:74202541) Spawned
L 10/28/2018 - 23:25:39: "DidVaitel<2><STEAM_0:1:74202541><>" entered the game
L 10/28/2018 - 23:25:39: [FAdmin] DidVaitel (STEAM_0:1:74202541) Attempted to pick up a keys
L 10/28/2018 - 23:25:39: [FAdmin] DidVaitel (STEAM_0:1:74202541) Attempted to pick up a weapon_physcannon
L 10/28/2018 - 23:25:39: [FAdmin] DidVaitel (STEAM_0:1:74202541) Attempted to pick up a gmod_camera
L 10/28/2018 - 23:25:39: [FAdmin] DidVaitel (STEAM_0:1:74202541) Attempted to pick up a gmod_tool
L 10/28/2018 - 23:25:39: [FAdmin] DidVaitel (STEAM_0:1:74202541) Attempted to pick up a pocket
L 10/28/2018 - 23:25:39: [FAdmin] DidVaitel (STEAM_0:1:74202541) Attempted to pick up a weapon_physgun
L 10/28/2018 - 23:25:39: [FAdmin] DidVaitel (STEAM_0:1:74202541) Attempted to pick up a weapon_keypadchecker
L 10/28/2018 - 23:25:39: [FAdmin] DidVaitel (STEAM_0:1:74202541) Attempted to pick up a door_ram
L 10/28/2018 - 23:25:39: [FAdmin] DidVaitel (STEAM_0:1:74202541) Attempted to pick up a arrest_stick
L 10/28/2018 - 23:25:39: [FAdmin] DidVaitel (STEAM_0:1:74202541) Attempted to pick up a unarrest_stick
L 10/28/2018 - 23:25:39: [FAdmin] DidVaitel (STEAM_0:1:74202541) Attempted to pick up a stunstick
L 10/28/2018 - 23:25:39: [FAdmin] DidVaitel (STEAM_0:1:74202541) Attempted to pick up a weaponchecker
L 10/28/2018 - 23:26:13: [FAdmin] DidVaitel (STEAM_0:1:74202541) Gave himself a weapon_diviiclaws
L 10/28/2018 - 23:26:13: [FAdmin] DidVaitel (STEAM_0:1:74202541) Attempted to pick up a weapon_diviiclaws
L 10/28/2018 - 23:26:14: [FAdmin] eLeCtrOssSnake (STEAM_0:1:164666257) is Authed
L 10/28/2018 - 23:26:14: [FAdmin] eLeCtrOssSnake (STEAM_0:1:164666257) Spawned for the first time
L 10/28/2018 - 23:26:14: [FAdmin] eLeCtrOssSnake (STEAM_0:1:164666257) Spawned
L 10/28/2018 - 23:26:14: "eLeCtrOssSnake<3><STEAM_0:1:164666257><>" entered the game
L 10/28/2018 - 23:26:14: [FAdmin] eLeCtrOssSnake (STEAM_0:1:164666257) Attempted to pick up a keys
L 10/28/2018 - 23:26:14: [FAdmin] eLeCtrOssSnake (STEAM_0:1:164666257) Attempted to pick up a weapon_physcannon
L 10/28/2018 - 23:26:14: [FAdmin] eLeCtrOssSnake (STEAM_0:1:164666257) Attempted to pick up a gmod_camera
L 10/28/2018 - 23:26:14: [FAdmin] eLeCtrOssSnake (STEAM_0:1:164666257) Attempted to pick up a gmod_tool
L 10/28/2018 - 23:26:14: [FAdmin] eLeCtrOssSnake (STEAM_0:1:164666257) Attempted to pick up a pocket
L 10/28/2018 - 23:26:14: [FAdmin] eLeCtrOssSnake (STEAM_0:1:164666257) Attempted to pick up a weapon_physgun
L 10/28/2018 - 23:26:44: [FAdmin] DidVaitel (STEAM_0:1:74202541) Spawned a duel_npc
L 10/28/2018 - 23:26:44: [ULX] DidVaitel<STEAM_0:1:74202541> spawned sent duel_npc
L 10/28/2018 - 23:26:53: [FAdmin] eLeCtrOssSnake (STEAM_0:1:164666257) Spawned a models/props_lab/blastdoor001c.mdl
L 10/28/2018 - 23:26:53: [ULX] eLeCtrOssSnake<STEAM_0:1:164666257> spawned model models/props_lab/blastdoor001c.mdl
L 10/28/2018 - 23:26:54: [FAdmin] DidVaitel (STEAM_0:1:74202541) Got killed by prop_physics with a prop_physics
L 10/28/2018 - 23:26:56: [FAdmin] DidVaitel (STEAM_0:1:74202541) Spawned
L 10/28/2018 - 23:26:56: [FAdmin] DidVaitel (STEAM_0:1:74202541) Attempted to pick up a keys
L 10/28/2018 - 23:26:56: [FAdmin] DidVaitel (STEAM_0:1:74202541) Attempted to pick up a weapon_physcannon
L 10/28/2018 - 23:26:56: [FAdmin] DidVaitel (STEAM_0:1:74202541) Attempted to pick up a gmod_camera
L 10/28/2018 - 23:26:56: [FAdmin] DidVaitel (STEAM_0:1:74202541) Attempted to pick up a gmod_tool
L 10/28/2018 - 23:26:56: [FAdmin] DidVaitel (STEAM_0:1:74202541) Attempted to pick up a pocket
L 10/28/2018 - 23:26:56: [FAdmin] DidVaitel (STEAM_0:1:74202541) Attempted to pick up a weapon_physgun
L 10/28/2018 - 23:26:56: [FAdmin] DidVaitel (STEAM_0:1:74202541) Attempted to pick up a weapon_keypadchecker
L 10/28/2018 - 23:26:56: [FAdmin] DidVaitel (STEAM_0:1:74202541) Attempted to pick up a door_ram
L 10/28/2018 - 23:26:56: [FAdmin] DidVaitel (STEAM_0:1:74202541) Attempted to pick up a arrest_stick
L 10/28/2018 - 23:26:56: [FAdmin] DidVaitel (STEAM_0:1:74202541) Attempted to pick up a unarrest_stick
L 10/28/2018 - 23:26:56: [FAdmin] DidVaitel (STEAM_0:1:74202541) Attempted to pick up a stunstick
L 10/28/2018 - 23:26:56: [FAdmin] DidVaitel (STEAM_0:1:74202541) Attempted to pick up a weaponchecker
L 10/28/2018 - 23:27:01: [FAdmin] eLeCtrOssSnake (STEAM_0:1:164666257) Spawned a models/props_lab/blastdoor001b.mdl
L 10/28/2018 - 23:27:01: [ULX] eLeCtrOssSnake<STEAM_0:1:164666257> spawned model models/props_lab/blastdoor001b.mdl
L 10/28/2018 - 23:27:01: [FAdmin] DidVaitel (STEAM_0:1:74202541) Gave himself a weapon_357
L 10/28/2018 - 23:27:01: [FAdmin] DidVaitel (STEAM_0:1:74202541) Attempted to pick up a weapon_357
L 10/28/2018 - 23:27:03: [FAdmin] DidVaitel (STEAM_0:1:74202541) Got killed by prop_physics with a prop_physics
L 10/28/2018 - 23:27:03: [FAdmin] DidVaitel (STEAM_0:1:74202541) Spawned
L 10/28/2018 - 23:27:04: [FAdmin] DidVaitel (STEAM_0:1:74202541) Attempted to pick up a keys
L 10/28/2018 - 23:27:04: [FAdmin] DidVaitel (STEAM_0:1:74202541) Attempted to pick up a weapon_physcannon
L 10/28/2018 - 23:27:04: [FAdmin] DidVaitel (STEAM_0:1:74202541) Attempted to pick up a gmod_camera
L 10/28/2018 - 23:27:04: [FAdmin] DidVaitel (STEAM_0:1:74202541) Attempted to pick up a gmod_tool
L 10/28/2018 - 23:27:04: [FAdmin] DidVaitel (STEAM_0:1:74202541) Attempted to pick up a pocket
L 10/28/2018 - 23:27:04: [FAdmin] DidVaitel (STEAM_0:1:74202541) Attempted to pick up a weapon_physgun
L 10/28/2018 - 23:27:04: [FAdmin] DidVaitel (STEAM_0:1:74202541) Attempted to pick up a weapon_keypadchecker
L 10/28/2018 - 23:27:04: [FAdmin] DidVaitel (STEAM_0:1:74202541) Attempted to pick up a door_ram
L 10/28/2018 - 23:27:04: [FAdmin] DidVaitel (STEAM_0:1:74202541) Attempted to pick up a arrest_stick
L 10/28/2018 - 23:27:04: [FAdmin] DidVaitel (STEAM_0:1:74202541) Attempted to pick up a unarrest_stick
L 10/28/2018 - 23:27:04: [FAdmin] DidVaitel (STEAM_0:1:74202541) Attempted to pick up a stunstick
L 10/28/2018 - 23:27:04: [FAdmin] DidVaitel (STEAM_0:1:74202541) Attempted to pick up a weaponchecker
L 10/28/2018 - 23:27:05: [FAdmin] DidVaitel (STEAM_0:1:74202541) Gave himself a weapon_shotgun
L 10/28/2018 - 23:27:05: [FAdmin] DidVaitel (STEAM_0:1:74202541) Attempted to pick up a weapon_shotgun
L 10/28/2018 - 23:27:06: [FAdmin] prop_physics(models/props_lab/blastdoor001b.mdl) Got removed
L 10/28/2018 - 23:27:25: [FAdmin] DidVaitel (STEAM_0:1:74202541) Attempted to use tool duelpoints
L 10/28/2018 - 23:27:30: [FAdmin] DidVaitel (STEAM_0:1:74202541) Attempted to use tool duelpoints
L 10/28/2018 - 23:27:31: [FAdmin] DidVaitel (STEAM_0:1:74202541) Attempted to use tool duelpoints
L 10/28/2018 - 23:27:34: [FAdmin] DidVaitel (STEAM_0:1:74202541) Attempted to use tool duelpoints
L 10/28/2018 - 23:27:38: [FAdmin] DidVaitel (STEAM_0:1:74202541) Attempted to use tool duelpoints
L 10/28/2018 - 23:27:40: [FAdmin] DidVaitel (STEAM_0:1:74202541) Attempted to switch noclip
L 10/28/2018 - 23:27:53: [FAdmin] prop_physics(models/props_lab/blastdoor001c.mdl) Got removed
L 10/28/2018 - 23:27:59: [FAdmin] eLeCtrOssSnake (STEAM_0:1:164666257) Spawned a models/props_c17/gate_door01a.mdl
L 10/28/2018 - 23:27:59: [ULX] eLeCtrOssSnake<STEAM_0:1:164666257> spawned model models/props_c17/gate_door01a.mdl
L 10/28/2018 - 23:28:00: [FAdmin] prop_physics(models/props_c17/gate_door01a.mdl) Got removed
L 10/28/2018 - 23:28:01: [FAdmin] DidVaitel (STEAM_0:1:74202541) Attempted to use tool duelpoints
L 10/28/2018 - 23:28:02: [FAdmin] eLeCtrOssSnake (STEAM_0:1:164666257) Spawned a models/props_building_details/Storefront_Template001a_Bars.mdl
L 10/28/2018 - 23:28:02: [ULX] eLeCtrOssSnake<STEAM_0:1:164666257> spawned model models/props_building_details/storefront_template001a_bars.mdl
L 10/28/2018 - 23:28:03: [FAdmin] DidVaitel (STEAM_0:1:74202541) Attempted to use tool duelpoints
L 10/28/2018 - 23:28:03: [FAdmin] DidVaitel (STEAM_0:1:74202541) Attempted to switch noclip
L 10/28/2018 - 23:28:07: [FAdmin] eLeCtrOssSnake (STEAM_0:1:164666257) Attempted to switch noclip
L 10/28/2018 - 23:28:08: [FAdmin] prop_physics(models/props_building_details/storefront_template001a_bars.mdl) Got removed
L 10/28/2018 - 23:28:45: [FAdmin] DidVaitel (STEAM_0:1:74202541) Attempted to switch noclip
L 10/28/2018 - 23:28:46: [FAdmin] DidVaitel (STEAM_0:1:74202541) Attempted to switch noclip
L 10/28/2018 - 23:28:53: [FAdmin] DidVaitel (STEAM_0:1:74202541) Attempted to switch noclip
L 10/28/2018 - 23:29:08: Lua Error: 
[ERROR] addons/super-mega-ultra-duel-system2/lua/gduel/core/sv_functions.lua:94: attempt to index local 'posit' (a nil value)
  1. func - addons/super-mega-ultra-duel-system2/lua/gduel/core/sv_functions.lua:94
   2. unknown - lua/includes/extensions/net.lua:32


L 10/28/2018 - 23:29:23: [FAdmin] DidVaitel (STEAM_0:1:74202541) Attempted to use tool duelpoints
L 10/28/2018 - 23:29:26: [FAdmin] DidVaitel (STEAM_0:1:74202541) Attempted to use tool duelpoints
L 10/28/2018 - 23:29:28: [FAdmin] DidVaitel (STEAM_0:1:74202541) Attempted to use tool duelpoints
L 10/28/2018 - 23:29:29: [FAdmin] DidVaitel (STEAM_0:1:74202541) Attempted to use tool duelpoints
L 10/28/2018 - 23:29:31: [FAdmin] DidVaitel (STEAM_0:1:74202541) Attempted to use tool duelpoints
L 10/28/2018 - 23:29:31: Lua Error: 
[ERROR] addons/super-mega-ultra-duel-system2/lua/weapons/gmod_tool/stools/duelpoints.lua:21: attempt to index a nil value
  1. RightClick - addons/super-mega-ultra-duel-system2/lua/weapons/gmod_tool/stools/duelpoints.lua:21
   2. unknown - gamemodes/sandbox/entities/weapons/gmod_tool/shared.lua:250


L 10/28/2018 - 23:29:32: [FAdmin] DidVaitel (STEAM_0:1:74202541) Attempted to switch noclip
L 10/28/2018 - 23:29:35: [FAdmin] DidVaitel (STEAM_0:1:74202541) Attempted to use tool duelpoints
L 10/28/2018 - 23:29:37: [FAdmin] DidVaitel (STEAM_0:1:74202541) Attempted to use tool duelpoints
L 10/28/2018 - 23:29:38: [FAdmin] DidVaitel (STEAM_0:1:74202541) Attempted to use tool duelpoints
L 10/28/2018 - 23:29:38: Lua Error: 
[ERROR] addons/super-mega-ultra-duel-system2/lua/weapons/gmod_tool/stools/duelpoints.lua:21: attempt to index a nil value
  1. RightClick - addons/super-mega-ultra-duel-system2/lua/weapons/gmod_tool/stools/duelpoints.lua:21
   2. unknown - gamemodes/sandbox/entities/weapons/gmod_tool/shared.lua:250


L 10/28/2018 - 23:29:55: [FAdmin] DidVaitel (STEAM_0:1:74202541) Attempted to use tool duelpoints
L 10/28/2018 - 23:29:56: [FAdmin] DidVaitel (STEAM_0:1:74202541) Attempted to use tool duelpoints
L 10/28/2018 - 23:29:59: [FAdmin] DidVaitel (STEAM_0:1:74202541) Attempted to use tool duelpoints
L 10/28/2018 - 23:30:00: [FAdmin] DidVaitel (STEAM_0:1:74202541) Attempted to use tool duelpoints
L 10/28/2018 - 23:30:00: [FAdmin] DidVaitel (STEAM_0:1:74202541) Attempted to use tool duelpoints
L 10/28/2018 - 23:30:00: [FAdmin] DidVaitel (STEAM_0:1:74202541) Attempted to use tool duelpoints
L 10/28/2018 - 23:30:15: [FAdmin] DidVaitel (STEAM_0:1:74202541) Attempted to use tool duelpoints
L 10/28/2018 - 23:30:16: [FAdmin] DidVaitel (STEAM_0:1:74202541) Attempted to use tool duelpoints
L 10/28/2018 - 23:30:17: [FAdmin] DidVaitel (STEAM_0:1:74202541) Attempted to use tool duelpoints
L 10/28/2018 - 23:30:19: [FAdmin] DidVaitel (STEAM_0:1:74202541) Attempted to switch noclip
L 10/28/2018 - 23:30:30: [FAdmin] DidVaitel (STEAM_0:1:74202541) Attempted to switch noclip
L 10/28/2018 - 23:30:53: [FAdmin] DidVaitel (STEAM_0:1:74202541) Attempted to switch noclip
L 10/28/2018 - 23:30:53: [FAdmin] DidVaitel (STEAM_0:1:74202541) Attempted to switch noclip
L 10/28/2018 - 23:30:57: [FAdmin] eLeCtrOssSnake (STEAM_0:1:164666257) Spawned a models/props_lab/blastdoor001c.mdl
L 10/28/2018 - 23:30:57: [ULX] eLeCtrOssSnake<STEAM_0:1:164666257> spawned model models/props_lab/blastdoor001c.mdl
L 10/28/2018 - 23:30:59: [FAdmin] eLeCtrOssSnake (STEAM_0:1:164666257) Spawned a models/props_lab/blastdoor001c.mdl
L 10/28/2018 - 23:30:59: [ULX] eLeCtrOssSnake<STEAM_0:1:164666257> spawned model models/props_lab/blastdoor001c.mdl
L 10/28/2018 - 23:31:02: [FAdmin] DidVaitel (STEAM_0:1:74202541) Gave himself a weapon_shotgun
L 10/28/2018 - 23:31:03: [FAdmin] eLeCtrOssSnake (STEAM_0:1:164666257) Spawned a models/props_lab/blastdoor001c.mdl
L 10/28/2018 - 23:31:03: [ULX] eLeCtrOssSnake<STEAM_0:1:164666257> spawned model models/props_lab/blastdoor001c.mdl
L 10/28/2018 - 23:31:04: [FAdmin] DidVaitel (STEAM_0:1:74202541) Gave himself a weapon_smg1
L 10/28/2018 - 23:31:04: [FAdmin] DidVaitel (STEAM_0:1:74202541) Attempted to pick up a weapon_smg1
L 10/28/2018 - 23:31:06: [FAdmin] DidVaitel (STEAM_0:1:74202541) Attempted to switch noclip
L 10/28/2018 - 23:31:07: [FAdmin] DidVaitel (STEAM_0:1:74202541) Attempted to switch noclip
L 10/28/2018 - 23:31:08: [FAdmin] DidVaitel (STEAM_0:1:74202541) Attempted to switch noclip
L 10/28/2018 - 23:31:09: [FAdmin] DidVaitel (STEAM_0:1:74202541) Attempted to switch noclip
L 10/28/2018 - 23:31:10: [FAdmin] DidVaitel (STEAM_0:1:74202541) Attempted to switch noclip
L 10/28/2018 - 23:31:10: [FAdmin] DidVaitel (STEAM_0:1:74202541) Attempted to switch noclip
L 10/28/2018 - 23:31:11: [FAdmin] DidVaitel (STEAM_0:1:74202541) Attempted to switch noclip
L 10/28/2018 - 23:31:11: [FAdmin] DidVaitel (STEAM_0:1:74202541) Attempted to switch noclip
L 10/28/2018 - 23:31:22: "DidVaitel<2><STEAM_0:1:74202541><>" disconnected (reason "Disconnect by user.")
L 10/28/2018 - 23:31:22: [FAdmin] DidVaitel (STEAM_0:1:74202541) Disconnected
L 10/28/2018 - 23:32:25: [FAdmin] prop_physics(models/props_lab/blastdoor001c.mdl) Got removed
L 10/28/2018 - 23:32:26: [FAdmin] prop_physics(models/props_lab/blastdoor001c.mdl) Got removed
L 10/28/2018 - 23:32:26: [FAdmin] prop_physics(models/props_lab/blastdoor001c.mdl) Got removed
L 10/28/2018 - 23:32:35: "eLeCtrOssSnake<3><STEAM_0:1:164666257><>" disconnected (reason "Disconnect by user.")
L 10/28/2018 - 23:32:35: [FAdmin] eLeCtrOssSnake (STEAM_0:1:164666257) Disconnected
L 10/28/2018 - 23:35:39: Lua Error: 
[ERROR] addons/super-mega-ultra-duel-system2/lua/weapons/gmod_tool/stools/duelpoints.lua:32: unexpected symbol near '<'
  1. unknown - addons/super-mega-ultra-duel-system2/lua/weapons/gmod_tool/stools/duelpoints.lua:0


L 10/28/2018 - 23:39:58: "DidVaitel<4><STEAM_0:1:74202541><>" connected, address "10.61.76.2:27006"
L 10/28/2018 - 23:39:59: "DidVaitel<4><STEAM_0:1:74202541><>" STEAM USERID validated
L 10/28/2018 - 23:40:10: [FAdmin] DidVaitel (STEAM_0:1:74202541) is Authed
L 10/28/2018 - 23:40:10: [FAdmin] DidVaitel (STEAM_0:1:74202541) Spawned for the first time
L 10/28/2018 - 23:40:10: [FAdmin] DidVaitel (STEAM_0:1:74202541) Spawned
L 10/28/2018 - 23:40:10: "DidVaitel<4><STEAM_0:1:74202541><>" entered the game
L 10/28/2018 - 23:40:10: [FAdmin] DidVaitel (STEAM_0:1:74202541) Attempted to pick up a keys
L 10/28/2018 - 23:40:10: [FAdmin] DidVaitel (STEAM_0:1:74202541) Attempted to pick up a weapon_physcannon
L 10/28/2018 - 23:40:10: [FAdmin] DidVaitel (STEAM_0:1:74202541) Attempted to pick up a gmod_camera
L 10/28/2018 - 23:40:10: [FAdmin] DidVaitel (STEAM_0:1:74202541) Attempted to pick up a gmod_tool
L 10/28/2018 - 23:40:10: [FAdmin] DidVaitel (STEAM_0:1:74202541) Attempted to pick up a pocket
L 10/28/2018 - 23:40:10: [FAdmin] DidVaitel (STEAM_0:1:74202541) Attempted to pick up a weapon_physgun
L 10/28/2018 - 23:40:10: [FAdmin] DidVaitel (STEAM_0:1:74202541) Attempted to pick up a weapon_keypadchecker
L 10/28/2018 - 23:40:10: [FAdmin] DidVaitel (STEAM_0:1:74202541) Attempted to pick up a door_ram
L 10/28/2018 - 23:40:10: [FAdmin] DidVaitel (STEAM_0:1:74202541) Attempted to pick up a arrest_stick
L 10/28/2018 - 23:40:10: [FAdmin] DidVaitel (STEAM_0:1:74202541) Attempted to pick up a unarrest_stick
L 10/28/2018 - 23:40:10: [FAdmin] DidVaitel (STEAM_0:1:74202541) Attempted to pick up a stunstick
L 10/28/2018 - 23:40:10: [FAdmin] DidVaitel (STEAM_0:1:74202541) Attempted to pick up a weaponchecker
L 10/28/2018 - 23:41:00: [FAdmin] DidVaitel (STEAM_0:1:74202541) Gave himself a weapon_diviiclaws
L 10/28/2018 - 23:41:00: [FAdmin] DidVaitel (STEAM_0:1:74202541) Attempted to pick up a weapon_diviiclaws
L 10/28/2018 - 23:41:24: [FAdmin] DidVaitel (STEAM_0:1:74202541) Gave himself a weapon_diviiclaws
L 10/28/2018 - 23:41:42: Lua Error: [AddCSLuaFile] Couldn't find 'weapons/weapon_diviiclaws/cl_init.lua' (<nowhere>)

L 10/28/2018 - 23:41:42: Lua Error: [AddCSLuaFile] Couldn't find 'cl_init.lua' (@addons/superherosweps/lua/weapons/weapon_diviiclaws/init.lua (line 1))

L 10/28/2018 - 23:41:42: Lua Error: [AddCSLuaFile] Couldn't find 'weapons/weapon_diviiclaws/cl_init.lua' (<nowhere>)

L 10/28/2018 - 23:41:42: Lua Error: [AddCSLuaFile] Couldn't find 'cl_init.lua' (@addons/superherosweps/lua/weapons/weapon_diviiclaws/init.lua (line 1))

L 10/28/2018 - 23:42:11: Lua Error: [AddCSLuaFile] Couldn't find 'weapons/weapon_diviiclaws/cl_init.lua' (<nowhere>)

L 10/28/2018 - 23:42:11: Lua Error: [AddCSLuaFile] Couldn't find 'cl_init.lua' (@addons/superherosweps/lua/weapons/weapon_diviiclaws/init.lua (line 1))

L 10/28/2018 - 23:43:05: Lua Error: [AddCSLuaFile] Couldn't find 'weapons/weapon_diviiclaws/cl_init.lua' (<nowhere>)

L 10/28/2018 - 23:43:05: Lua Error: [AddCSLuaFile] Couldn't find 'cl_init.lua' (@addons/superherosweps/lua/weapons/weapon_diviiclaws/init.lua (line 1))

L 10/28/2018 - 23:43:05: Lua Error: [AddCSLuaFile] Couldn't find 'weapons/weapon_diviiclaws/cl_init.lua' (<nowhere>)

L 10/28/2018 - 23:43:05: Lua Error: [AddCSLuaFile] Couldn't find 'cl_init.lua' (@addons/superherosweps/lua/weapons/weapon_diviiclaws/init.lua (line 1))

L 10/28/2018 - 23:43:18: Lua Error: [AddCSLuaFile] Couldn't find 'weapons/weapon_diviiclaws/cl_init.lua' (<nowhere>)

L 10/28/2018 - 23:43:18: Lua Error: [AddCSLuaFile] Couldn't find 'cl_init.lua' (@addons/superherosweps/lua/weapons/weapon_diviiclaws/init.lua (line 1))

L 10/28/2018 - 23:43:18: Lua Error: [AddCSLuaFile] Couldn't find 'weapons/weapon_diviiclaws/cl_init.lua' (<nowhere>)

L 10/28/2018 - 23:43:18: Lua Error: [AddCSLuaFile] Couldn't find 'cl_init.lua' (@addons/superherosweps/lua/weapons/weapon_diviiclaws/init.lua (line 1))

L 10/28/2018 - 23:43:22: [FAdmin] DidVaitel (STEAM_0:1:74202541) Got killed by DidVaitel with a player
L 10/28/2018 - 23:43:23: [FAdmin] DidVaitel (STEAM_0:1:74202541) Spawned
L 10/28/2018 - 23:43:23: [FAdmin] DidVaitel (STEAM_0:1:74202541) Attempted to pick up a keys
L 10/28/2018 - 23:43:23: [FAdmin] DidVaitel (STEAM_0:1:74202541) Attempted to pick up a weapon_physcannon
L 10/28/2018 - 23:43:23: [FAdmin] DidVaitel (STEAM_0:1:74202541) Attempted to pick up a gmod_camera
L 10/28/2018 - 23:43:23: [FAdmin] DidVaitel (STEAM_0:1:74202541) Attempted to pick up a gmod_tool
L 10/28/2018 - 23:43:23: [FAdmin] DidVaitel (STEAM_0:1:74202541) Attempted to pick up a pocket
L 10/28/2018 - 23:43:23: [FAdmin] DidVaitel (STEAM_0:1:74202541) Attempted to pick up a weapon_physgun
L 10/28/2018 - 23:43:23: [FAdmin] DidVaitel (STEAM_0:1:74202541) Attempted to pick up a weapon_keypadchecker
L 10/28/2018 - 23:43:23: [FAdmin] DidVaitel (STEAM_0:1:74202541) Attempted to pick up a door_ram
L 10/28/2018 - 23:43:23: [FAdmin] DidVaitel (STEAM_0:1:74202541) Attempted to pick up a arrest_stick
L 10/28/2018 - 23:43:23: [FAdmin] DidVaitel (STEAM_0:1:74202541) Attempted to pick up a unarrest_stick
L 10/28/2018 - 23:43:23: [FAdmin] DidVaitel (STEAM_0:1:74202541) Attempted to pick up a stunstick
L 10/28/2018 - 23:43:23: [FAdmin] DidVaitel (STEAM_0:1:74202541) Attempted to pick up a weaponchecker
L 10/28/2018 - 23:43:24: [FAdmin] DidVaitel (STEAM_0:1:74202541) Gave himself a weapon_diviiclaws
L 10/28/2018 - 23:43:24: [FAdmin] DidVaitel (STEAM_0:1:74202541) Attempted to pick up a weapon_diviiclaws
L 10/28/2018 - 23:43:30: Lua Error: [AddCSLuaFile] Couldn't find 'weapons/weapon_diviiclaws/cl_init.lua' (<nowhere>)

L 10/28/2018 - 23:43:30: Lua Error: [AddCSLuaFile] Couldn't find 'cl_init.lua' (@addons/superherosweps/lua/weapons/weapon_diviiclaws/init.lua (line 1))

L 10/28/2018 - 23:43:30: Lua Error: [AddCSLuaFile] Couldn't find 'weapons/weapon_diviiclaws/cl_init.lua' (<nowhere>)

L 10/28/2018 - 23:43:30: Lua Error: [AddCSLuaFile] Couldn't find 'cl_init.lua' (@addons/superherosweps/lua/weapons/weapon_diviiclaws/init.lua (line 1))

L 10/28/2018 - 23:43:34: Lua Error: [AddCSLuaFile] Couldn't find 'weapons/weapon_diviiclaws/cl_init.lua' (<nowhere>)

L 10/28/2018 - 23:43:34: Lua Error: [AddCSLuaFile] Couldn't find 'cl_init.lua' (@addons/superherosweps/lua/weapons/weapon_diviiclaws/init.lua (line 1))

L 10/28/2018 - 23:43:34: Lua Error: [AddCSLuaFile] Couldn't find 'weapons/weapon_diviiclaws/cl_init.lua' (<nowhere>)

L 10/28/2018 - 23:43:34: Lua Error: [AddCSLuaFile] Couldn't find 'cl_init.lua' (@addons/superherosweps/lua/weapons/weapon_diviiclaws/init.lua (line 1))

L 10/28/2018 - 23:43:38: [FAdmin] DidVaitel (STEAM_0:1:74202541) Got killed by DidVaitel with a player
L 10/28/2018 - 23:43:39: [FAdmin] DidVaitel (STEAM_0:1:74202541) Spawned
L 10/28/2018 - 23:43:39: [FAdmin] DidVaitel (STEAM_0:1:74202541) Attempted to pick up a keys
L 10/28/2018 - 23:43:39: [FAdmin] DidVaitel (STEAM_0:1:74202541) Attempted to pick up a weapon_physcannon
L 10/28/2018 - 23:43:39: [FAdmin] DidVaitel (STEAM_0:1:74202541) Attempted to pick up a gmod_camera
L 10/28/2018 - 23:43:39: [FAdmin] DidVaitel (STEAM_0:1:74202541) Attempted to pick up a gmod_tool
L 10/28/2018 - 23:43:39: [FAdmin] DidVaitel (STEAM_0:1:74202541) Attempted to pick up a pocket
L 10/28/2018 - 23:43:39: [FAdmin] DidVaitel (STEAM_0:1:74202541) Attempted to pick up a weapon_physgun
L 10/28/2018 - 23:43:39: [FAdmin] DidVaitel (STEAM_0:1:74202541) Attempted to pick up a weapon_keypadchecker
L 10/28/2018 - 23:43:39: [FAdmin] DidVaitel (STEAM_0:1:74202541) Attempted to pick up a door_ram
L 10/28/2018 - 23:43:39: [FAdmin] DidVaitel (STEAM_0:1:74202541) Attempted to pick up a arrest_stick
L 10/28/2018 - 23:43:39: [FAdmin] DidVaitel (STEAM_0:1:74202541) Attempted to pick up a unarrest_stick
L 10/28/2018 - 23:43:39: [FAdmin] DidVaitel (STEAM_0:1:74202541) Attempted to pick up a stunstick
L 10/28/2018 - 23:43:39: [FAdmin] DidVaitel (STEAM_0:1:74202541) Attempted to pick up a weaponchecker
L 10/28/2018 - 23:43:40: [FAdmin] DidVaitel (STEAM_0:1:74202541) Gave himself a weapon_diviiclaws
L 10/28/2018 - 23:43:40: [FAdmin] DidVaitel (STEAM_0:1:74202541) Attempted to pick up a weapon_diviiclaws
L 10/28/2018 - 23:43:45: Lua Error: [AddCSLuaFile] Couldn't find 'weapons/weapon_diviiclaws/cl_init.lua' (<nowhere>)

L 10/28/2018 - 23:43:45: Lua Error: [AddCSLuaFile] Couldn't find 'cl_init.lua' (@addons/superherosweps/lua/weapons/weapon_diviiclaws/init.lua (line 1))

L 10/28/2018 - 23:43:45: Lua Error: [AddCSLuaFile] Couldn't find 'weapons/weapon_diviiclaws/cl_init.lua' (<nowhere>)

L 10/28/2018 - 23:43:45: Lua Error: [AddCSLuaFile] Couldn't find 'cl_init.lua' (@addons/superherosweps/lua/weapons/weapon_diviiclaws/init.lua (line 1))

L 10/28/2018 - 23:43:53: Lua Error: [AddCSLuaFile] Couldn't find 'weapons/weapon_diviiclaws/cl_init.lua' (<nowhere>)

L 10/28/2018 - 23:43:53: Lua Error: [AddCSLuaFile] Couldn't find 'cl_init.lua' (@addons/superherosweps/lua/weapons/weapon_diviiclaws/init.lua (line 1))

L 10/28/2018 - 23:43:53: Lua Error: [AddCSLuaFile] Couldn't find 'weapons/weapon_diviiclaws/cl_init.lua' (<nowhere>)

L 10/28/2018 - 23:43:53: Lua Error: [AddCSLuaFile] Couldn't find 'cl_init.lua' (@addons/superherosweps/lua/weapons/weapon_diviiclaws/init.lua (line 1))

L 10/28/2018 - 23:43:55: [FAdmin] DidVaitel (STEAM_0:1:74202541) Got killed by DidVaitel with a player
L 10/28/2018 - 23:43:56: [FAdmin] DidVaitel (STEAM_0:1:74202541) Spawned
L 10/28/2018 - 23:43:56: [FAdmin] DidVaitel (STEAM_0:1:74202541) Attempted to pick up a keys
L 10/28/2018 - 23:43:56: [FAdmin] DidVaitel (STEAM_0:1:74202541) Attempted to pick up a weapon_physcannon
L 10/28/2018 - 23:43:56: [FAdmin] DidVaitel (STEAM_0:1:74202541) Attempted to pick up a gmod_camera
L 10/28/2018 - 23:43:56: [FAdmin] DidVaitel (STEAM_0:1:74202541) Attempted to pick up a gmod_tool
L 10/28/2018 - 23:43:56: [FAdmin] DidVaitel (STEAM_0:1:74202541) Attempted to pick up a pocket
L 10/28/2018 - 23:43:56: [FAdmin] DidVaitel (STEAM_0:1:74202541) Attempted to pick up a weapon_physgun
L 10/28/2018 - 23:43:56: [FAdmin] DidVaitel (STEAM_0:1:74202541) Attempted to pick up a weapon_keypadchecker
L 10/28/2018 - 23:43:56: [FAdmin] DidVaitel (STEAM_0:1:74202541) Attempted to pick up a door_ram
L 10/28/2018 - 23:43:56: [FAdmin] DidVaitel (STEAM_0:1:74202541) Attempted to pick up a arrest_stick
L 10/28/2018 - 23:43:56: [FAdmin] DidVaitel (STEAM_0:1:74202541) Attempted to pick up a unarrest_stick
L 10/28/2018 - 23:43:56: [FAdmin] DidVaitel (STEAM_0:1:74202541) Attempted to pick up a stunstick
L 10/28/2018 - 23:43:56: [FAdmin] DidVaitel (STEAM_0:1:74202541) Attempted to pick up a weaponchecker
L 10/28/2018 - 23:43:57: [FAdmin] DidVaitel (STEAM_0:1:74202541) Gave himself a weapon_diviiclaws
L 10/28/2018 - 23:43:57: [FAdmin] DidVaitel (STEAM_0:1:74202541) Attempted to pick up a weapon_diviiclaws
L 10/28/2018 - 23:44:14: Lua Error: [AddCSLuaFile] Couldn't find 'weapons/weapon_diviiclaws/cl_init.lua' (<nowhere>)

L 10/28/2018 - 23:44:14: Lua Error: [AddCSLuaFile] Couldn't find 'cl_init.lua' (@addons/superherosweps/lua/weapons/weapon_diviiclaws/init.lua (line 1))

L 10/28/2018 - 23:44:14: Lua Error: [AddCSLuaFile] Couldn't find 'weapons/weapon_diviiclaws/cl_init.lua' (<nowhere>)

L 10/28/2018 - 23:44:14: Lua Error: [AddCSLuaFile] Couldn't find 'cl_init.lua' (@addons/superherosweps/lua/weapons/weapon_diviiclaws/init.lua (line 1))

L 10/28/2018 - 23:44:18: Lua Error: [AddCSLuaFile] Couldn't find 'weapons/weapon_diviiclaws/cl_init.lua' (<nowhere>)

L 10/28/2018 - 23:44:18: Lua Error: [AddCSLuaFile] Couldn't find 'cl_init.lua' (@addons/superherosweps/lua/weapons/weapon_diviiclaws/init.lua (line 1))

L 10/28/2018 - 23:44:18: Lua Error: [AddCSLuaFile] Couldn't find 'weapons/weapon_diviiclaws/cl_init.lua' (<nowhere>)

L 10/28/2018 - 23:44:18: Lua Error: [AddCSLuaFile] Couldn't find 'cl_init.lua' (@addons/superherosweps/lua/weapons/weapon_diviiclaws/init.lua (line 1))

L 10/28/2018 - 23:44:25: Lua Error: [AddCSLuaFile] Couldn't find 'weapons/weapon_diviiclaws/cl_init.lua' (<nowhere>)

L 10/28/2018 - 23:44:25: Lua Error: [AddCSLuaFile] Couldn't find 'cl_init.lua' (@addons/superherosweps/lua/weapons/weapon_diviiclaws/init.lua (line 1))

L 10/28/2018 - 23:44:40: [FAdmin] Server succesfully shut down.
L 10/28/2018 - 23:44:40: [FAdmin] prop_physics(models/props/de_nuke/handtruck.mdl) Got removed
L 10/28/2018 - 23:44:40: [FAdmin] prop_physics(models/props_c17/door01_left.mdl) Got removed
L 10/28/2018 - 23:44:40: [FAdmin] prop_physics(models/props_c17/door01_left.mdl) Got removed
L 10/28/2018 - 23:44:40: [FAdmin] prop_physics(models/props_c17/door01_left.mdl) Got removed
L 10/28/2018 - 23:44:40: [FAdmin] prop_physics(models/props_c17/door01_left.mdl) Got removed
L 10/28/2018 - 23:44:40: [FAdmin] prop_physics(models/props_c17/door01_left.mdl) Got removed
L 10/28/2018 - 23:44:40: [FAdmin] prop_physics(models/props_c17/door01_left.mdl) Got removed
L 10/28/2018 - 23:44:40: [FAdmin] prop_physics(models/props_junk/pushcart01a.mdl) Got removed
L 10/28/2018 - 23:44:40: [FAdmin] prop_physics(models/props/de_nuke/handtruck.mdl) Got removed
L 10/28/2018 - 23:44:40: [FAdmin] prop_physics(models/props_c17/door01_left.mdl) Got removed
L 10/28/2018 - 23:44:40: [FAdmin] prop_physics(models/props_c17/door01_left.mdl) Got removed
L 10/28/2018 - 23:44:40: [FAdmin] prop_physics(models/props_junk/wood_crate001a_damaged.mdl) Got removed
L 10/28/2018 - 23:44:40: [FAdmin] prop_physics(models/props_junk/wood_crate001a_damaged.mdl) Got removed
L 10/28/2018 - 23:44:40: [FAdmin] prop_physics(models/props_junk/wood_crate001a_damaged.mdl) Got removed
L 10/28/2018 - 23:44:40: [FAdmin] prop_physics(models/props_junk/wood_crate001a_damaged.mdl) Got removed
L 10/28/2018 - 23:44:40: [FAdmin] prop_physics(models/props_junk/wood_crate001a_damaged.mdl) Got removed
L 10/28/2018 - 23:44:40: "DidVaitel<4><STEAM_0:1:74202541><>" disconnected (reason "Server shutting down")
L 10/28/2018 - 23:44:40: server_message: "quit"
L 10/28/2018 - 23:44:40: Log file closed.
