L 10/30/2019 - 18:48:41: Log file started (file "logs\L1030013.log") (game "F:\sup\steamapps\common\GarrysModDS\garrysmod") (version "7517")
L 10/30/2019 - 18:48:41: server_cvar: "sv_alltalk" "3"
L 10/30/2019 - 18:48:41: server_cvar: "sv_allowcslua" "1"
L 10/30/2019 - 18:48:41: server_cvar: "sv_airaccelerate" "1000"
L 10/30/2019 - 18:48:41: server_cvar: "sv_alltalk" "0"
L 10/30/2019 - 18:48:42: Connection to Steam servers successful.
L 10/30/2019 - 18:48:42:    Public IP is 31.130.42.47.
L 10/30/2019 - 18:48:42: Assigned anonymous gameserver Steam ID [A-1:1341813769(13535)].
L 10/30/2019 - 18:48:42: VAC secure mode is activated.
L 10/30/2019 - 18:48:44: "Overhashed<2><STEAM_0:0:516940971><>" connected, address "26.64.99.216:27006"
L 10/30/2019 - 18:48:44: "Overhashed<2><STEAM_0:0:516940971><>" STEAM USERID validated
L 10/30/2019 - 18:48:52: [FAdmin] Overhashed (STEAM_0:0:516940971) is Authed
L 10/30/2019 - 18:48:52: [FAdmin] Overhashed (STEAM_0:0:516940971) Spawned for the first time
L 10/30/2019 - 18:48:52: [FAdmin] Overhashed (STEAM_0:0:516940971) Spawned
L 10/30/2019 - 18:48:52: "Overhashed<2><STEAM_0:0:516940971><>" entered the game
L 10/30/2019 - 18:48:52: [FAdmin] Overhashed (STEAM_0:0:516940971) Attempted to pick up a keys
L 10/30/2019 - 18:48:52: [FAdmin] Overhashed (STEAM_0:0:516940971) Attempted to pick up a weapon_physcannon
L 10/30/2019 - 18:48:52: [FAdmin] Overhashed (STEAM_0:0:516940971) Attempted to pick up a gmod_camera
L 10/30/2019 - 18:48:52: [FAdmin] Overhashed (STEAM_0:0:516940971) Attempted to pick up a gmod_tool
L 10/30/2019 - 18:48:52: [FAdmin] Overhashed (STEAM_0:0:516940971) Attempted to pick up a pocket
L 10/30/2019 - 18:48:52: [FAdmin] Overhashed (STEAM_0:0:516940971) Attempted to pick up a weapon_physgun
L 10/30/2019 - 18:49:08: [FAdmin] Overhashed (STEAM_0:0:516940971) Gave himself a weapon_357
L 10/30/2019 - 18:49:08: [FAdmin] Overhashed (STEAM_0:0:516940971) Attempted to pick up a weapon_357
L 10/30/2019 - 18:49:09: [FAdmin] Overhashed (STEAM_0:0:516940971) Gave himself a weapon_informer_laptop
L 10/30/2019 - 18:49:09: [FAdmin] Overhashed (STEAM_0:0:516940971) Attempted to pick up a weapon_informer_laptop
L 10/30/2019 - 18:49:11: [FAdmin] Overhashed (STEAM_0:0:516940971) Attempted to pick up a weapon_informer_laptop
L 10/30/2019 - 18:49:13: "Overhashed<2><STEAM_0:0:516940971><>" disconnected (reason "Disconnect by user.")
L 10/30/2019 - 18:49:13: [FAdmin] Overhashed (STEAM_0:0:516940971) Disconnected
L 10/30/2019 - 18:49:14: "Overhashed<3><STEAM_0:0:516940971><>" connected, address "26.64.99.216:27006"
L 10/30/2019 - 18:49:14: "Overhashed<3><STEAM_0:0:516940971><>" STEAM USERID validated
L 10/30/2019 - 18:49:22: [FAdmin] Overhashed (STEAM_0:0:516940971) is Authed
L 10/30/2019 - 18:49:22: [FAdmin] Overhashed (STEAM_0:0:516940971) Spawned for the first time
L 10/30/2019 - 18:49:22: [FAdmin] Overhashed (STEAM_0:0:516940971) Spawned
L 10/30/2019 - 18:49:22: "Overhashed<3><STEAM_0:0:516940971><>" entered the game
L 10/30/2019 - 18:49:22: [FAdmin] Overhashed (STEAM_0:0:516940971) Attempted to pick up a keys
L 10/30/2019 - 18:49:22: [FAdmin] Overhashed (STEAM_0:0:516940971) Attempted to pick up a weapon_physcannon
L 10/30/2019 - 18:49:22: [FAdmin] Overhashed (STEAM_0:0:516940971) Attempted to pick up a gmod_camera
L 10/30/2019 - 18:49:22: [FAdmin] Overhashed (STEAM_0:0:516940971) Attempted to pick up a gmod_tool
L 10/30/2019 - 18:49:22: [FAdmin] Overhashed (STEAM_0:0:516940971) Attempted to pick up a pocket
L 10/30/2019 - 18:49:22: [FAdmin] Overhashed (STEAM_0:0:516940971) Attempted to pick up a weapon_physgun
L 10/30/2019 - 18:50:09: "Bot01<4><BOT><>" connected, address "none"
L 10/30/2019 - 18:50:09: [FAdmin] Bot01 (BOT) Spawned for the first time
L 10/30/2019 - 18:50:09: [FAdmin] Bot01 (BOT) Spawned
L 10/30/2019 - 18:50:09: "Bot01<4><BOT><>" entered the game
L 10/30/2019 - 18:50:09: [FAdmin] Bot01 (BOT) Attempted to pick up a keys
L 10/30/2019 - 18:50:09: [FAdmin] Bot01 (BOT) Attempted to pick up a weapon_physcannon
L 10/30/2019 - 18:50:09: [FAdmin] Bot01 (BOT) Attempted to pick up a gmod_camera
L 10/30/2019 - 18:50:09: [FAdmin] Bot01 (BOT) Attempted to pick up a gmod_tool
L 10/30/2019 - 18:50:09: [FAdmin] Bot01 (BOT) Attempted to pick up a pocket
L 10/30/2019 - 18:50:09: [FAdmin] Bot01 (BOT) Attempted to pick up a weapon_physgun
L 10/30/2019 - 19:06:19: [FAdmin] Overhashed (STEAM_0:0:516940971) Attempted to switch noclip
L 10/30/2019 - 19:06:19: [FAdmin] Overhashed (STEAM_0:0:516940971) Attempted to switch noclip
L 10/30/2019 - 19:06:44: [FAdmin] Overhashed (STEAM_0:0:516940971) Attempted to switch noclip
L 10/30/2019 - 19:06:44: [FAdmin] Overhashed (STEAM_0:0:516940971) Attempted to switch noclip
L 10/30/2019 - 19:09:15: Lua Error: 
[ERROR] addons/informer-system/lua/autorun/informer_shared.lua:178: attempt to perform arithmetic on local 'summ' (a nil value)
  1. GetDealerCommision - addons/informer-system/lua/autorun/informer_shared.lua:178
   2. func - addons/informer-system/lua/autorun/server/informer_serverside.lua:316
    3. unknown - lua/includes/extensions/net.lua:32


L 10/30/2019 - 19:09:39: [FAdmin] Overhashed (STEAM_0:0:516940971) Attempted to switch noclip
L 10/30/2019 - 19:09:46: [FAdmin] Overhashed teleported to Bot01
L 10/30/2019 - 19:10:42: [FAdmin] Overhashed (STEAM_0:0:516940971) Attempted to switch noclip
L 10/30/2019 - 19:10:51: Lua Error: 
[ERROR] addons/informer-system/lua/autorun/server/informer_serverside.lua:316: attempt to call method 'addMoney' (a nil value)
  1. func - addons/informer-system/lua/autorun/server/informer_serverside.lua:316
   2. unknown - lua/includes/extensions/net.lua:32


L 10/30/2019 - 19:11:44: [FAdmin] Overhashed (STEAM_0:0:516940971) Attempted to switch noclip
L 10/30/2019 - 19:11:45: [FAdmin] Overhashed (STEAM_0:0:516940971) Attempted to switch noclip
L 10/30/2019 - 19:11:59: Lua Error: 
[ERROR] addons/informer-system/lua/autorun/server/informer_serverside.lua:316: attempt to call method 'addMoney' (a nil value)
  1. func - addons/informer-system/lua/autorun/server/informer_serverside.lua:316
   2. unknown - lua/includes/extensions/net.lua:32


L 10/30/2019 - 19:13:07: Lua Error: 
[ERROR] addons/informer-system/lua/autorun/server/informer_serverside.lua:317: attempt to call method 'addMoney' (a nil value)
  1. func - addons/informer-system/lua/autorun/server/informer_serverside.lua:317
   2. unknown - lua/includes/extensions/net.lua:32


L 10/30/2019 - 19:13:31: Lua Error: 
[ERROR] addons/informer-system/lua/autorun/server/informer_serverside.lua:318: attempt to call method 'addMoney' (a nil value)
  1. func - addons/informer-system/lua/autorun/server/informer_serverside.lua:318
   2. unknown - lua/includes/extensions/net.lua:32


L 10/30/2019 - 19:14:16: Lua Error: 
[ERROR] addons/informer-system/lua/entities/sent_informer_laptop/init.lua:38: ')' expected near 'then'


L 10/30/2019 - 19:14:16: Lua Error: Refusing to load sent_informer_laptop because it is missing Type and Base keys!

L 10/30/2019 - 19:14:19: Lua Error: 
[ERROR] addons/informer-system/lua/entities/sent_informer_laptop/init.lua:38: ')' expected near 'then'


L 10/30/2019 - 19:14:19: Lua Error: Refusing to load sent_informer_laptop because it is missing Type and Base keys!

L 10/30/2019 - 19:15:36: "eLeCtrOssSnake<5><STEAM_0:1:164666257><>" connected, address "185.103.110.205:27005"
L 10/30/2019 - 19:15:36: "eLeCtrOssSnake<5><STEAM_0:1:164666257><>" STEAM USERID validated
L 10/30/2019 - 19:15:55: [FAdmin] eLeCtrOssSnake (STEAM_0:1:164666257) is Authed
L 10/30/2019 - 19:15:55: [FAdmin] eLeCtrOssSnake (STEAM_0:1:164666257) Spawned for the first time
L 10/30/2019 - 19:15:55: [FAdmin] eLeCtrOssSnake (STEAM_0:1:164666257) Spawned
L 10/30/2019 - 19:15:55: "eLeCtrOssSnake<5><STEAM_0:1:164666257><>" entered the game
L 10/30/2019 - 19:15:55: [FAdmin] eLeCtrOssSnake (STEAM_0:1:164666257) Attempted to pick up a keys
L 10/30/2019 - 19:15:55: [FAdmin] eLeCtrOssSnake (STEAM_0:1:164666257) Attempted to pick up a weapon_physcannon
L 10/30/2019 - 19:15:55: [FAdmin] eLeCtrOssSnake (STEAM_0:1:164666257) Attempted to pick up a gmod_camera
L 10/30/2019 - 19:15:55: [FAdmin] eLeCtrOssSnake (STEAM_0:1:164666257) Attempted to pick up a gmod_tool
L 10/30/2019 - 19:15:55: [FAdmin] eLeCtrOssSnake (STEAM_0:1:164666257) Attempted to pick up a pocket
L 10/30/2019 - 19:15:55: [FAdmin] eLeCtrOssSnake (STEAM_0:1:164666257) Attempted to pick up a weapon_physgun
L 10/30/2019 - 19:16:07: [FAdmin] Overhashed (STEAM_0:0:516940971) Gave himself a weapon_informer_laptop
L 10/30/2019 - 19:16:07: [FAdmin] Overhashed (STEAM_0:0:516940971) Attempted to pick up a weapon_informer_laptop
L 10/30/2019 - 19:16:14: "Overhashed<3><STEAM_0:0:516940971><Citizen>" say "/dropmoney 5555555"

L 10/30/2019 - 19:16:20: [FAdmin] eLeCtrOssSnake (STEAM_0:1:164666257) Attempted to switch noclip
L 10/30/2019 - 19:16:22: [FAdmin] eLeCtrOssSnake (STEAM_0:1:164666257) Attempted to switch noclip
L 10/30/2019 - 19:17:00: [FAdmin] eLeCtrOssSnake (STEAM_0:1:164666257) Attempted to switch noclip
L 10/30/2019 - 19:17:00: [FAdmin] Overhashed (STEAM_0:0:516940971) Attempted to switch noclip
L 10/30/2019 - 19:17:02: [FAdmin] Overhashed (STEAM_0:0:516940971) Attempted to switch noclip
L 10/30/2019 - 19:17:11: [FAdmin] Overhashed (STEAM_0:0:516940971) Attempted to switch noclip
L 10/30/2019 - 19:17:12: [FAdmin] eLeCtrOssSnake (STEAM_0:1:164666257) Attempted to switch noclip
L 10/30/2019 - 19:17:13: [FAdmin] eLeCtrOssSnake (STEAM_0:1:164666257) Attempted to switch noclip
L 10/30/2019 - 19:17:14: [FAdmin] eLeCtrOssSnake (STEAM_0:1:164666257) Attempted to switch noclip
L 10/30/2019 - 19:17:14: [FAdmin] Overhashed (STEAM_0:0:516940971) Attempted to switch noclip
L 10/30/2019 - 19:17:16: [FAdmin] Overhashed (STEAM_0:0:516940971) Attempted to switch noclip
L 10/30/2019 - 19:17:16: [FAdmin] Overhashed (STEAM_0:0:516940971) Attempted to switch noclip
L 10/30/2019 - 19:17:18: [FAdmin] Overhashed (STEAM_0:0:516940971) Attempted to switch noclip
L 10/30/2019 - 19:17:19: [FAdmin] Overhashed (STEAM_0:0:516940971) Attempted to switch noclip
L 10/30/2019 - 19:17:43: [FAdmin] Overhashed (STEAM_0:0:516940971) Attempted to pick up a weapon_informer_laptop
L 10/30/2019 - 19:17:44: [FAdmin] Overhashed (STEAM_0:0:516940971) Attempted to pick up a weapon_informer_laptop
L 10/30/2019 - 19:18:01: [FAdmin] Overhashed (STEAM_0:0:516940971) Attempted to pick up a weapon_informer_laptop
L 10/30/2019 - 19:18:04: [FAdmin] Overhashed (STEAM_0:0:516940971) Attempted to use tool creator
L 10/30/2019 - 19:18:04: [FAdmin] Overhashed (STEAM_0:0:516940971) Spawned a weapon_informer_laptop
L 10/30/2019 - 19:18:04: [FAdmin] eLeCtrOssSnake (STEAM_0:1:164666257) Attempted to pick up a weapon_informer_laptop
L 10/30/2019 - 19:18:04: [FAdmin] Overhashed (STEAM_0:0:516940971) Attempted to use tool creator
L 10/30/2019 - 19:18:04: [FAdmin] Overhashed (STEAM_0:0:516940971) Spawned a weapon_informer_laptop
L 10/30/2019 - 19:18:05: [FAdmin] Overhashed (STEAM_0:0:516940971) Attempted to use tool creator
L 10/30/2019 - 19:18:05: [FAdmin] Overhashed (STEAM_0:0:516940971) Spawned a weapon_informer_laptop
L 10/30/2019 - 19:18:05: [FAdmin] Overhashed (STEAM_0:0:516940971) Attempted to use tool creator
L 10/30/2019 - 19:18:05: [FAdmin] Overhashed (STEAM_0:0:516940971) Spawned a weapon_informer_laptop
L 10/30/2019 - 19:18:05: [FAdmin] Overhashed (STEAM_0:0:516940971) Attempted to use tool creator
L 10/30/2019 - 19:18:05: [FAdmin] Overhashed (STEAM_0:0:516940971) Spawned a weapon_informer_laptop
L 10/30/2019 - 19:18:08: [FAdmin] Overhashed (STEAM_0:0:516940971) Attempted to pick up a weapon_informer_laptop
L 10/30/2019 - 19:18:47: [FAdmin] eLeCtrOssSnake (STEAM_0:1:164666257) Attempted to pick up a weapon_informer_laptop
L 10/30/2019 - 19:18:52: [FAdmin] eLeCtrOssSnake (STEAM_0:1:164666257) Attempted to pick up a weapon_informer_laptop
L 10/30/2019 - 19:19:03: [FAdmin] eLeCtrOssSnake (STEAM_0:1:164666257) Attempted to switch noclip
L 10/30/2019 - 19:19:04: [FAdmin] eLeCtrOssSnake (STEAM_0:1:164666257) Attempted to switch noclip
L 10/30/2019 - 19:19:12: [FAdmin] eLeCtrOssSnake (STEAM_0:1:164666257) Attempted to switch noclip
L 10/30/2019 - 19:19:12: [FAdmin] eLeCtrOssSnake (STEAM_0:1:164666257) Attempted to switch noclip
L 10/30/2019 - 19:19:14: [FAdmin] eLeCtrOssSnake (STEAM_0:1:164666257) Attempted to switch noclip
L 10/30/2019 - 19:19:15: [FAdmin] eLeCtrOssSnake (STEAM_0:1:164666257) Attempted to switch noclip
L 10/30/2019 - 19:19:18: [FAdmin] eLeCtrOssSnake (STEAM_0:1:164666257) Attempted to switch noclip
L 10/30/2019 - 19:19:18: [FAdmin] Overhashed (STEAM_0:0:516940971) Attempted to switch noclip
L 10/30/2019 - 19:19:19: [FAdmin] Overhashed (STEAM_0:0:516940971) Attempted to switch noclip
L 10/30/2019 - 19:19:19: [FAdmin] eLeCtrOssSnake (STEAM_0:1:164666257) Attempted to switch noclip
L 10/30/2019 - 19:19:21: [FAdmin] eLeCtrOssSnake (STEAM_0:1:164666257) Attempted to switch noclip
L 10/30/2019 - 19:19:22: [FAdmin] eLeCtrOssSnake (STEAM_0:1:164666257) Attempted to switch noclip
L 10/30/2019 - 19:19:25: [FAdmin] eLeCtrOssSnake (STEAM_0:1:164666257) Attempted to switch noclip
L 10/30/2019 - 19:19:26: [FAdmin] eLeCtrOssSnake (STEAM_0:1:164666257) Attempted to switch noclip
L 10/30/2019 - 19:19:27: [FAdmin] eLeCtrOssSnake (STEAM_0:1:164666257) Attempted to switch noclip
L 10/30/2019 - 19:19:28: [FAdmin] eLeCtrOssSnake (STEAM_0:1:164666257) Attempted to switch noclip
L 10/30/2019 - 19:19:29: [FAdmin] eLeCtrOssSnake (STEAM_0:1:164666257) Attempted to switch noclip
L 10/30/2019 - 19:19:30: [FAdmin] eLeCtrOssSnake (STEAM_0:1:164666257) Attempted to switch noclip
L 10/30/2019 - 19:19:33: [FAdmin] eLeCtrOssSnake (STEAM_0:1:164666257) Attempted to switch noclip
L 10/30/2019 - 19:24:13: [FAdmin] eLeCtrOssSnake (STEAM_0:1:164666257) Attempted to switch noclip
L 10/30/2019 - 19:24:13: [FAdmin] eLeCtrOssSnake (STEAM_0:1:164666257) Attempted to switch noclip
L 10/30/2019 - 19:24:14: [FAdmin] eLeCtrOssSnake (STEAM_0:1:164666257) Attempted to switch noclip
L 10/30/2019 - 19:24:22: [FAdmin] eLeCtrOssSnake (STEAM_0:1:164666257) Attempted to switch noclip
L 10/30/2019 - 19:24:23: [FAdmin] eLeCtrOssSnake (STEAM_0:1:164666257) Attempted to switch noclip
L 10/30/2019 - 19:24:26: [FAdmin] eLeCtrOssSnake (STEAM_0:1:164666257) Attempted to switch noclip
L 10/30/2019 - 19:24:26: [FAdmin] eLeCtrOssSnake (STEAM_0:1:164666257) Attempted to switch noclip
L 10/30/2019 - 19:24:29: [FAdmin] eLeCtrOssSnake (STEAM_0:1:164666257) Attempted to switch noclip
L 10/30/2019 - 19:24:31: [FAdmin] eLeCtrOssSnake (STEAM_0:1:164666257) Attempted to switch noclip
L 10/30/2019 - 19:24:38: [FAdmin] Overhashed (STEAM_0:0:516940971) Attempted to switch noclip
L 10/30/2019 - 19:24:41: [FAdmin] Bot01 (BOT) Got killed by N/A with a N/A
L 10/30/2019 - 19:24:42: [FAdmin] Bot01 (BOT) Spawned
L 10/30/2019 - 19:24:42: [FAdmin] Bot01 (BOT) Attempted to pick up a keys
L 10/30/2019 - 19:24:42: [FAdmin] Bot01 (BOT) Attempted to pick up a weapon_physcannon
L 10/30/2019 - 19:24:42: [FAdmin] Bot01 (BOT) Attempted to pick up a gmod_camera
L 10/30/2019 - 19:24:42: [FAdmin] Bot01 (BOT) Attempted to pick up a gmod_tool
L 10/30/2019 - 19:24:42: [FAdmin] Bot01 (BOT) Attempted to pick up a pocket
L 10/30/2019 - 19:24:42: [FAdmin] Bot01 (BOT) Attempted to pick up a weapon_physgun
L 10/30/2019 - 19:24:42: [FAdmin] Overhashed (STEAM_0:0:516940971) Attempted to switch noclip
L 10/30/2019 - 19:24:44: [FAdmin] Overhashed (STEAM_0:0:516940971) Attempted to switch noclip
L 10/30/2019 - 19:24:59: [FAdmin] Overhashed (STEAM_0:0:516940971) Attempted to switch noclip
L 10/30/2019 - 19:25:08: [FAdmin] eLeCtrOssSnake (STEAM_0:1:164666257) Attempted to switch noclip
L 10/30/2019 - 19:25:10: [FAdmin] eLeCtrOssSnake (STEAM_0:1:164666257) Attempted to switch noclip
L 10/30/2019 - 19:25:26: Lua Error: 
[ERROR] addons/informer-system/lua/autorun/server/informer_serverside.lua:131: attempt to index field 'ownedItems' (a nil value)
  1. v - addons/informer-system/lua/autorun/server/informer_serverside.lua:131
   2. unknown - lua/includes/modules/hook.lua:84


L 10/30/2019 - 19:25:27: Lua Error: 
[ERROR] addons/informer-system/lua/autorun/server/informer_serverside.lua:131: attempt to index field 'ownedItems' (a nil value)
  1. v - addons/informer-system/lua/autorun/server/informer_serverside.lua:131
   2. unknown - lua/includes/modules/hook.lua:84


L 10/30/2019 - 19:25:27: Lua Error: 
[ERROR] addons/informer-system/lua/autorun/server/informer_serverside.lua:131: attempt to index field 'ownedItems' (a nil value)
  1. v - addons/informer-system/lua/autorun/server/informer_serverside.lua:131
   2. unknown - lua/includes/modules/hook.lua:84


L 10/30/2019 - 19:25:27: Lua Error: 
[ERROR] addons/informer-system/lua/autorun/server/informer_serverside.lua:131: attempt to index field 'ownedItems' (a nil value)
  1. v - addons/informer-system/lua/autorun/server/informer_serverside.lua:131
   2. unknown - lua/includes/modules/hook.lua:84


L 10/30/2019 - 19:25:27: Lua Error: 
[ERROR] addons/informer-system/lua/autorun/server/informer_serverside.lua:131: attempt to index field 'ownedItems' (a nil value)
  1. v - addons/informer-system/lua/autorun/server/informer_serverside.lua:131
   2. unknown - lua/includes/modules/hook.lua:84


L 10/30/2019 - 19:25:27: Lua Error: 
[ERROR] addons/informer-system/lua/autorun/server/informer_serverside.lua:131: attempt to index field 'ownedItems' (a nil value)
  1. v - addons/informer-system/lua/autorun/server/informer_serverside.lua:131
   2. unknown - lua/includes/modules/hook.lua:84


L 10/30/2019 - 19:25:27: Lua Error: 
[ERROR] addons/informer-system/lua/autorun/server/informer_serverside.lua:131: attempt to index field 'ownedItems' (a nil value)
  1. v - addons/informer-system/lua/autorun/server/informer_serverside.lua:131
   2. unknown - lua/includes/modules/hook.lua:84


L 10/30/2019 - 19:25:27: Lua Error: 
[ERROR] addons/informer-system/lua/autorun/server/informer_serverside.lua:131: attempt to index field 'ownedItems' (a nil value)
  1. v - addons/informer-system/lua/autorun/server/informer_serverside.lua:131
   2. unknown - lua/includes/modules/hook.lua:84


L 10/30/2019 - 19:25:27: Lua Error: 
[ERROR] addons/informer-system/lua/autorun/server/informer_serverside.lua:131: attempt to index field 'ownedItems' (a nil value)
  1. v - addons/informer-system/lua/autorun/server/informer_serverside.lua:131
   2. unknown - lua/includes/modules/hook.lua:84


L 10/30/2019 - 19:25:27: Lua Error: 
[ERROR] addons/informer-system/lua/autorun/server/informer_serverside.lua:131: attempt to index field 'ownedItems' (a nil value)
  1. v - addons/informer-system/lua/autorun/server/informer_serverside.lua:131
   2. unknown - lua/includes/modules/hook.lua:84


L 10/30/2019 - 19:25:27: Lua Error: 
[ERROR] addons/informer-system/lua/autorun/server/informer_serverside.lua:131: attempt to index field 'ownedItems' (a nil value)
  1. v - addons/informer-system/lua/autorun/server/informer_serverside.lua:131
   2. unknown - lua/includes/modules/hook.lua:84


L 10/30/2019 - 19:25:27: Lua Error: 
[ERROR] addons/informer-system/lua/autorun/server/informer_serverside.lua:131: attempt to index field 'ownedItems' (a nil value)
  1. v - addons/informer-system/lua/autorun/server/informer_serverside.lua:131
   2. unknown - lua/includes/modules/hook.lua:84


L 10/30/2019 - 19:25:27: Lua Error: 
[ERROR] addons/informer-system/lua/autorun/server/informer_serverside.lua:131: attempt to index field 'ownedItems' (a nil value)
  1. v - addons/informer-system/lua/autorun/server/informer_serverside.lua:131
   2. unknown - lua/includes/modules/hook.lua:84


L 10/30/2019 - 19:25:27: Lua Error: 
[ERROR] addons/informer-system/lua/autorun/server/informer_serverside.lua:131: attempt to index field 'ownedItems' (a nil value)
  1. v - addons/informer-system/lua/autorun/server/informer_serverside.lua:131
   2. unknown - lua/includes/modules/hook.lua:84


L 10/30/2019 - 19:25:27: Lua Error: 
[ERROR] addons/informer-system/lua/autorun/server/informer_serverside.lua:131: attempt to index field 'ownedItems' (a nil value)
  1. v - addons/informer-system/lua/autorun/server/informer_serverside.lua:131
   2. unknown - lua/includes/modules/hook.lua:84


L 10/30/2019 - 19:25:27: Lua Error: 
[ERROR] addons/informer-system/lua/autorun/server/informer_serverside.lua:131: attempt to index field 'ownedItems' (a nil value)
  1. v - addons/informer-system/lua/autorun/server/informer_serverside.lua:131
   2. unknown - lua/includes/modules/hook.lua:84


L 10/30/2019 - 19:25:27: Lua Error: 
[ERROR] addons/informer-system/lua/autorun/server/informer_serverside.lua:131: attempt to index field 'ownedItems' (a nil value)
  1. v - addons/informer-system/lua/autorun/server/informer_serverside.lua:131
   2. unknown - lua/includes/modules/hook.lua:84


L 10/30/2019 - 19:25:27: Lua Error: 
[ERROR] addons/informer-system/lua/autorun/server/informer_serverside.lua:131: attempt to index field 'ownedItems' (a nil value)
  1. v - addons/informer-system/lua/autorun/server/informer_serverside.lua:131
   2. unknown - lua/includes/modules/hook.lua:84


L 10/30/2019 - 19:25:27: Lua Error: 
[ERROR] addons/informer-system/lua/autorun/server/informer_serverside.lua:131: attempt to index field 'ownedItems' (a nil value)
  1. v - addons/informer-system/lua/autorun/server/informer_serverside.lua:131
   2. unknown - lua/includes/modules/hook.lua:84


L 10/30/2019 - 19:25:27: Lua Error: 
[ERROR] addons/informer-system/lua/autorun/server/informer_serverside.lua:131: attempt to index field 'ownedItems' (a nil value)
  1. v - addons/informer-system/lua/autorun/server/informer_serverside.lua:131
   2. unknown - lua/includes/modules/hook.lua:84


L 10/30/2019 - 19:25:27: Lua Error: 
[ERROR] addons/informer-system/lua/autorun/server/informer_serverside.lua:131: attempt to index field 'ownedItems' (a nil value)
  1. v - addons/informer-system/lua/autorun/server/informer_serverside.lua:131
   2. unknown - lua/includes/modules/hook.lua:84


L 10/30/2019 - 19:25:27: Lua Error: 
[ERROR] addons/informer-system/lua/autorun/server/informer_serverside.lua:131: attempt to index field 'ownedItems' (a nil value)
  1. v - addons/informer-system/lua/autorun/server/informer_serverside.lua:131
   2. unknown - lua/includes/modules/hook.lua:84


L 10/30/2019 - 19:25:27: Lua Error: 
[ERROR] addons/informer-system/lua/autorun/server/informer_serverside.lua:131: attempt to index field 'ownedItems' (a nil value)
  1. v - addons/informer-system/lua/autorun/server/informer_serverside.lua:131
   2. unknown - lua/includes/modules/hook.lua:84


L 10/30/2019 - 19:25:27: Lua Error: 
[ERROR] addons/informer-system/lua/autorun/server/informer_serverside.lua:131: attempt to index field 'ownedItems' (a nil value)
  1. v - addons/informer-system/lua/autorun/server/informer_serverside.lua:131
   2. unknown - lua/includes/modules/hook.lua:84


L 10/30/2019 - 19:25:27: Lua Error: 
[ERROR] addons/informer-system/lua/autorun/server/informer_serverside.lua:131: attempt to index field 'ownedItems' (a nil value)
  1. v - addons/informer-system/lua/autorun/server/informer_serverside.lua:131
   2. unknown - lua/includes/modules/hook.lua:84


L 10/30/2019 - 19:25:27: Lua Error: 
[ERROR] addons/informer-system/lua/autorun/server/informer_serverside.lua:131: attempt to index field 'ownedItems' (a nil value)
  1. v - addons/informer-system/lua/autorun/server/informer_serverside.lua:131
   2. unknown - lua/includes/modules/hook.lua:84


L 10/30/2019 - 19:25:27: Lua Error: 
[ERROR] addons/informer-system/lua/autorun/server/informer_serverside.lua:131: attempt to index field 'ownedItems' (a nil value)
  1. v - addons/informer-system/lua/autorun/server/informer_serverside.lua:131
   2. unknown - lua/includes/modules/hook.lua:84


L 10/30/2019 - 19:25:27: Lua Error: 
[ERROR] addons/informer-system/lua/autorun/server/informer_serverside.lua:131: attempt to index field 'ownedItems' (a nil value)
  1. v - addons/informer-system/lua/autorun/server/informer_serverside.lua:131
   2. unknown - lua/includes/modules/hook.lua:84


L 10/30/2019 - 19:25:27: Lua Error: 
[ERROR] addons/informer-system/lua/autorun/server/informer_serverside.lua:131: attempt to index field 'ownedItems' (a nil value)
  1. v - addons/informer-system/lua/autorun/server/informer_serverside.lua:131
   2. unknown - lua/includes/modules/hook.lua:84


L 10/30/2019 - 19:25:27: Lua Error: 
[ERROR] addons/informer-system/lua/autorun/server/informer_serverside.lua:131: attempt to index field 'ownedItems' (a nil value)
  1. v - addons/informer-system/lua/autorun/server/informer_serverside.lua:131
   2. unknown - lua/includes/modules/hook.lua:84


L 10/30/2019 - 19:25:27: Lua Error: 
[ERROR] addons/informer-system/lua/autorun/server/informer_serverside.lua:131: attempt to index field 'ownedItems' (a nil value)
  1. v - addons/informer-system/lua/autorun/server/informer_serverside.lua:131
   2. unknown - lua/includes/modules/hook.lua:84


L 10/30/2019 - 19:25:27: Lua Error: 
[ERROR] addons/informer-system/lua/autorun/server/informer_serverside.lua:131: attempt to index field 'ownedItems' (a nil value)
  1. v - addons/informer-system/lua/autorun/server/informer_serverside.lua:131
   2. unknown - lua/includes/modules/hook.lua:84


L 10/30/2019 - 19:25:27: Lua Error: 
[ERROR] addons/informer-system/lua/autorun/server/informer_serverside.lua:131: attempt to index field 'ownedItems' (a nil value)
  1. v - addons/informer-system/lua/autorun/server/informer_serverside.lua:131
   2. unknown - lua/includes/modules/hook.lua:84


L 10/30/2019 - 19:25:27: Lua Error: 
[ERROR] addons/informer-system/lua/autorun/server/informer_serverside.lua:131: attempt to index field 'ownedItems' (a nil value)
  1. v - addons/informer-system/lua/autorun/server/informer_serverside.lua:131
   2. unknown - lua/includes/modules/hook.lua:84


L 10/30/2019 - 19:25:27: Lua Error: 
[ERROR] addons/informer-system/lua/autorun/server/informer_serverside.lua:131: attempt to index field 'ownedItems' (a nil value)
  1. v - addons/informer-system/lua/autorun/server/informer_serverside.lua:131
   2. unknown - lua/includes/modules/hook.lua:84


L 10/30/2019 - 19:25:27: Lua Error: 
[ERROR] addons/informer-system/lua/autorun/server/informer_serverside.lua:131: attempt to index field 'ownedItems' (a nil value)
  1. v - addons/informer-system/lua/autorun/server/informer_serverside.lua:131
   2. unknown - lua/includes/modules/hook.lua:84


L 10/30/2019 - 19:25:27: Lua Error: 
[ERROR] addons/informer-system/lua/autorun/server/informer_serverside.lua:131: attempt to index field 'ownedItems' (a nil value)
  1. v - addons/informer-system/lua/autorun/server/informer_serverside.lua:131
   2. unknown - lua/includes/modules/hook.lua:84


L 10/30/2019 - 19:25:27: Lua Error: 
[ERROR] addons/informer-system/lua/autorun/server/informer_serverside.lua:131: attempt to index field 'ownedItems' (a nil value)
  1. v - addons/informer-system/lua/autorun/server/informer_serverside.lua:131
   2. unknown - lua/includes/modules/hook.lua:84


L 10/30/2019 - 19:25:27: Lua Error: 
[ERROR] addons/informer-system/lua/autorun/server/informer_serverside.lua:131: attempt to index field 'ownedItems' (a nil value)
  1. v - addons/informer-system/lua/autorun/server/informer_serverside.lua:131
   2. unknown - lua/includes/modules/hook.lua:84


L 10/30/2019 - 19:25:27: Lua Error: 
[ERROR] addons/informer-system/lua/autorun/server/informer_serverside.lua:131: attempt to index field 'ownedItems' (a nil value)
  1. v - addons/informer-system/lua/autorun/server/informer_serverside.lua:131
   2. unknown - lua/includes/modules/hook.lua:84


L 10/30/2019 - 19:25:27: Lua Error: 
[ERROR] addons/informer-system/lua/autorun/server/informer_serverside.lua:131: attempt to index field 'ownedItems' (a nil value)
  1. v - addons/informer-system/lua/autorun/server/informer_serverside.lua:131
   2. unknown - lua/includes/modules/hook.lua:84


L 10/30/2019 - 19:25:27: Lua Error: 
[ERROR] addons/informer-system/lua/autorun/server/informer_serverside.lua:131: attempt to index field 'ownedItems' (a nil value)
  1. v - addons/informer-system/lua/autorun/server/informer_serverside.lua:131
   2. unknown - lua/includes/modules/hook.lua:84


L 10/30/2019 - 19:25:27: Lua Error: 
[ERROR] addons/informer-system/lua/autorun/server/informer_serverside.lua:131: attempt to index field 'ownedItems' (a nil value)
  1. v - addons/informer-system/lua/autorun/server/informer_serverside.lua:131
   2. unknown - lua/includes/modules/hook.lua:84


L 10/30/2019 - 19:25:27: Lua Error: 
[ERROR] addons/informer-system/lua/autorun/server/informer_serverside.lua:131: attempt to index field 'ownedItems' (a nil value)
  1. v - addons/informer-system/lua/autorun/server/informer_serverside.lua:131
   2. unknown - lua/includes/modules/hook.lua:84


L 10/30/2019 - 19:25:27: Lua Error: 
[ERROR] addons/informer-system/lua/autorun/server/informer_serverside.lua:131: attempt to index field 'ownedItems' (a nil value)
  1. v - addons/informer-system/lua/autorun/server/informer_serverside.lua:131
   2. unknown - lua/includes/modules/hook.lua:84


L 10/30/2019 - 19:25:27: Lua Error: 
[ERROR] addons/informer-system/lua/autorun/server/informer_serverside.lua:131: attempt to index field 'ownedItems' (a nil value)
  1. v - addons/informer-system/lua/autorun/server/informer_serverside.lua:131
   2. unknown - lua/includes/modules/hook.lua:84


L 10/30/2019 - 19:25:27: Lua Error: 
[ERROR] addons/informer-system/lua/autorun/server/informer_serverside.lua:131: attempt to index field 'ownedItems' (a nil value)
  1. v - addons/informer-system/lua/autorun/server/informer_serverside.lua:131
   2. unknown - lua/includes/modules/hook.lua:84


L 10/30/2019 - 19:25:27: Lua Error: 
[ERROR] addons/informer-system/lua/autorun/server/informer_serverside.lua:131: attempt to index field 'ownedItems' (a nil value)
  1. v - addons/informer-system/lua/autorun/server/informer_serverside.lua:131
   2. unknown - lua/includes/modules/hook.lua:84


L 10/30/2019 - 19:25:27: Lua Error: 
[ERROR] addons/informer-system/lua/autorun/server/informer_serverside.lua:131: attempt to index field 'ownedItems' (a nil value)
  1. v - addons/informer-system/lua/autorun/server/informer_serverside.lua:131
   2. unknown - lua/includes/modules/hook.lua:84


L 10/30/2019 - 19:25:27: Lua Error: 
[ERROR] addons/informer-system/lua/autorun/server/informer_serverside.lua:131: attempt to index field 'ownedItems' (a nil value)
  1. v - addons/informer-system/lua/autorun/server/informer_serverside.lua:131
   2. unknown - lua/includes/modules/hook.lua:84


L 10/30/2019 - 19:25:27: Lua Error: 
[ERROR] addons/informer-system/lua/autorun/server/informer_serverside.lua:131: attempt to index field 'ownedItems' (a nil value)
  1. v - addons/informer-system/lua/autorun/server/informer_serverside.lua:131
   2. unknown - lua/includes/modules/hook.lua:84


L 10/30/2019 - 19:25:27: Lua Error: 
[ERROR] addons/informer-system/lua/autorun/server/informer_serverside.lua:131: attempt to index field 'ownedItems' (a nil value)
  1. v - addons/informer-system/lua/autorun/server/informer_serverside.lua:131
   2. unknown - lua/includes/modules/hook.lua:84


L 10/30/2019 - 19:25:27: Lua Error: 
[ERROR] addons/informer-system/lua/autorun/server/informer_serverside.lua:131: attempt to index field 'ownedItems' (a nil value)
  1. v - addons/informer-system/lua/autorun/server/informer_serverside.lua:131
   2. unknown - lua/includes/modules/hook.lua:84


L 10/30/2019 - 19:25:27: Lua Error: 
[ERROR] addons/informer-system/lua/autorun/server/informer_serverside.lua:131: attempt to index field 'ownedItems' (a nil value)
  1. v - addons/informer-system/lua/autorun/server/informer_serverside.lua:131
   2. unknown - lua/includes/modules/hook.lua:84


L 10/30/2019 - 19:25:27: Lua Error: 
[ERROR] addons/informer-system/lua/autorun/server/informer_serverside.lua:131: attempt to index field 'ownedItems' (a nil value)
  1. v - addons/informer-system/lua/autorun/server/informer_serverside.lua:131
   2. unknown - lua/includes/modules/hook.lua:84


L 10/30/2019 - 19:25:27: Lua Error: 
[ERROR] addons/informer-system/lua/autorun/server/informer_serverside.lua:131: attempt to index field 'ownedItems' (a nil value)
  1. v - addons/informer-system/lua/autorun/server/informer_serverside.lua:131
   2. unknown - lua/includes/modules/hook.lua:84


L 10/30/2019 - 19:25:27: Lua Error: 
[ERROR] addons/informer-system/lua/autorun/server/informer_serverside.lua:131: attempt to index field 'ownedItems' (a nil value)
  1. v - addons/informer-system/lua/autorun/server/informer_serverside.lua:131
   2. unknown - lua/includes/modules/hook.lua:84


L 10/30/2019 - 19:25:27: Lua Error: 
[ERROR] addons/informer-system/lua/autorun/server/informer_serverside.lua:131: attempt to index field 'ownedItems' (a nil value)
  1. v - addons/informer-system/lua/autorun/server/informer_serverside.lua:131
   2. unknown - lua/includes/modules/hook.lua:84


L 10/30/2019 - 19:25:27: Lua Error: 
[ERROR] addons/informer-system/lua/autorun/server/informer_serverside.lua:131: attempt to index field 'ownedItems' (a nil value)
  1. v - addons/informer-system/lua/autorun/server/informer_serverside.lua:131
   2. unknown - lua/includes/modules/hook.lua:84


L 10/30/2019 - 19:25:27: Lua Error: 
[ERROR] addons/informer-system/lua/autorun/server/informer_serverside.lua:131: attempt to index field 'ownedItems' (a nil value)
  1. v - addons/informer-system/lua/autorun/server/informer_serverside.lua:131
   2. unknown - lua/includes/modules/hook.lua:84


L 10/30/2019 - 19:25:41: [FAdmin] eLeCtrOssSnake (STEAM_0:1:164666257) Attempted to pick up a weapon_informer_laptop
L 10/30/2019 - 19:29:55: [FAdmin] eLeCtrOssSnake (STEAM_0:1:164666257) Attempted to pick up a weapon_informer_laptop
L 10/30/2019 - 19:30:31: [FAdmin] Overhashed (STEAM_0:0:516940971) Gave himself a weapon_informer_laptop
L 10/30/2019 - 19:30:56: [FAdmin] Overhashed (STEAM_0:0:516940971) Attempted to switch noclip
L 10/30/2019 - 19:32:28: [FAdmin] eLeCtrOssSnake (STEAM_0:1:164666257) Attempted to switch noclip
L 10/30/2019 - 19:32:30: [FAdmin] eLeCtrOssSnake (STEAM_0:1:164666257) Attempted to switch noclip
L 10/30/2019 - 19:32:31: [FAdmin] eLeCtrOssSnake (STEAM_0:1:164666257) Attempted to switch noclip
L 10/30/2019 - 19:32:31: [FAdmin] eLeCtrOssSnake (STEAM_0:1:164666257) Attempted to switch noclip
L 10/30/2019 - 19:32:32: [FAdmin] eLeCtrOssSnake (STEAM_0:1:164666257) Attempted to switch noclip
L 10/30/2019 - 19:32:32: [FAdmin] Overhashed (STEAM_0:0:516940971) Attempted to switch noclip
L 10/30/2019 - 19:32:32: [FAdmin] eLeCtrOssSnake (STEAM_0:1:164666257) Attempted to switch noclip
L 10/30/2019 - 19:32:32: [FAdmin] Overhashed (STEAM_0:0:516940971) Attempted to pick up a weapon_informer_laptop
L 10/30/2019 - 19:33:33: [FAdmin] Overhashed (STEAM_0:0:516940971) Attempted to switch noclip
L 10/30/2019 - 19:33:53: [FAdmin] eLeCtrOssSnake (STEAM_0:1:164666257) Attempted to switch noclip
L 10/30/2019 - 19:33:55: [FAdmin] eLeCtrOssSnake (STEAM_0:1:164666257) Attempted to switch noclip
L 10/30/2019 - 19:33:56: [FAdmin] eLeCtrOssSnake (STEAM_0:1:164666257) Attempted to switch noclip
L 10/30/2019 - 19:33:56: [FAdmin] eLeCtrOssSnake (STEAM_0:1:164666257) Attempted to switch noclip
L 10/30/2019 - 19:33:57: [FAdmin] eLeCtrOssSnake (STEAM_0:1:164666257) Attempted to switch noclip
L 10/30/2019 - 19:33:58: [FAdmin] eLeCtrOssSnake (STEAM_0:1:164666257) Attempted to switch noclip
L 10/30/2019 - 19:33:58: [FAdmin] eLeCtrOssSnake (STEAM_0:1:164666257) Attempted to switch noclip
L 10/30/2019 - 19:33:59: [FAdmin] eLeCtrOssSnake (STEAM_0:1:164666257) Attempted to switch noclip
L 10/30/2019 - 19:34:00: [FAdmin] eLeCtrOssSnake (STEAM_0:1:164666257) Attempted to switch noclip
L 10/30/2019 - 19:34:01: [FAdmin] eLeCtrOssSnake (STEAM_0:1:164666257) Attempted to switch noclip
L 10/30/2019 - 19:34:02: [FAdmin] eLeCtrOssSnake (STEAM_0:1:164666257) Attempted to switch noclip
L 10/30/2019 - 19:34:03: [FAdmin] eLeCtrOssSnake (STEAM_0:1:164666257) Attempted to switch noclip
L 10/30/2019 - 19:34:04: [FAdmin] eLeCtrOssSnake (STEAM_0:1:164666257) Attempted to switch noclip
L 10/30/2019 - 19:34:10: [FAdmin] eLeCtrOssSnake (STEAM_0:1:164666257) Attempted to switch noclip
L 10/30/2019 - 19:34:11: [FAdmin] eLeCtrOssSnake (STEAM_0:1:164666257) Attempted to switch noclip
L 10/30/2019 - 19:34:11: [FAdmin] eLeCtrOssSnake (STEAM_0:1:164666257) Attempted to switch noclip
L 10/30/2019 - 19:34:16: [FAdmin] eLeCtrOssSnake (STEAM_0:1:164666257) Got killed by N/A with a N/A
L 10/30/2019 - 19:35:15: [FAdmin] eLeCtrOssSnake (STEAM_0:1:164666257) Spawned
L 10/30/2019 - 19:35:15: [FAdmin] eLeCtrOssSnake (STEAM_0:1:164666257) Attempted to pick up a keys
L 10/30/2019 - 19:35:15: [FAdmin] eLeCtrOssSnake (STEAM_0:1:164666257) Attempted to pick up a weapon_physcannon
L 10/30/2019 - 19:35:15: [FAdmin] eLeCtrOssSnake (STEAM_0:1:164666257) Attempted to pick up a gmod_camera
L 10/30/2019 - 19:35:15: [FAdmin] eLeCtrOssSnake (STEAM_0:1:164666257) Attempted to pick up a gmod_tool
L 10/30/2019 - 19:35:15: [FAdmin] eLeCtrOssSnake (STEAM_0:1:164666257) Attempted to pick up a pocket
L 10/30/2019 - 19:35:15: [FAdmin] eLeCtrOssSnake (STEAM_0:1:164666257) Attempted to pick up a weapon_physgun
L 10/30/2019 - 19:39:10: Connection to Steam servers lost.  (Result = 3)
L 10/30/2019 - 19:39:15: Connection to Steam servers successful.
L 10/30/2019 - 19:39:15:    Public IP is 31.130.42.47.
L 10/30/2019 - 19:39:15: Assigned anonymous gameserver Steam ID [A-1:1341813769(13535)].
L 10/30/2019 - 19:39:15: VAC secure mode is activated.
L 10/30/2019 - 19:43:48: "eLeCtrOssSnake<5><STEAM_0:1:164666257><>" disconnected (reason "eLeCtrOssSnake timed out")
L 10/30/2019 - 19:43:48: [FAdmin] eLeCtrOssSnake (STEAM_0:1:164666257) Disconnected
L 10/30/2019 - 20:16:50: "Overhashed<3><STEAM_0:0:516940971><>" disconnected (reason "Disconnect by user.")
L 10/30/2019 - 20:16:50: [FAdmin] Overhashed (STEAM_0:0:516940971) Disconnected
L 10/30/2019 - 20:16:50: "Bot01<4><BOT><>" disconnected (reason "Punting bot, server is hibernating")
L 10/30/2019 - 20:16:50: [FAdmin] Bot01 (BOT) Disconnected
L 10/30/2019 - 21:00:09: "Overhashed<6><STEAM_0:0:516940971><>" connected, address "26.64.99.216:27006"
L 10/30/2019 - 21:00:10: "Overhashed<6><STEAM_0:0:516940971><>" STEAM USERID validated
L 10/30/2019 - 21:00:18: [FAdmin] Overhashed (STEAM_0:0:516940971) is Authed
L 10/30/2019 - 21:00:18: [FAdmin] Overhashed (STEAM_0:0:516940971) Spawned for the first time
L 10/30/2019 - 21:00:18: [FAdmin] Overhashed (STEAM_0:0:516940971) Spawned
L 10/30/2019 - 21:00:18: "Overhashed<6><STEAM_0:0:516940971><>" entered the game
L 10/30/2019 - 21:00:18: [FAdmin] Overhashed (STEAM_0:0:516940971) Attempted to pick up a keys
L 10/30/2019 - 21:00:18: [FAdmin] Overhashed (STEAM_0:0:516940971) Attempted to pick up a weapon_physcannon
L 10/30/2019 - 21:00:18: [FAdmin] Overhashed (STEAM_0:0:516940971) Attempted to pick up a gmod_camera
L 10/30/2019 - 21:00:18: [FAdmin] Overhashed (STEAM_0:0:516940971) Attempted to pick up a gmod_tool
L 10/30/2019 - 21:00:18: [FAdmin] Overhashed (STEAM_0:0:516940971) Attempted to pick up a pocket
L 10/30/2019 - 21:00:18: [FAdmin] Overhashed (STEAM_0:0:516940971) Attempted to pick up a weapon_physgun
L 10/30/2019 - 21:01:18: [FAdmin] Overhashed (STEAM_0:0:516940971) Attempted to switch noclip
L 10/30/2019 - 21:01:19: [FAdmin] Overhashed (STEAM_0:0:516940971) Attempted to switch noclip
L 10/30/2019 - 21:01:25: "Bot02<7><BOT><>" connected, address "none"
L 10/30/2019 - 21:01:25: [FAdmin] Bot02 (BOT) Spawned for the first time
L 10/30/2019 - 21:01:25: [FAdmin] Bot02 (BOT) Spawned
L 10/30/2019 - 21:01:25: "Bot02<7><BOT><>" entered the game
L 10/30/2019 - 21:01:25: [FAdmin] Bot02 (BOT) Attempted to pick up a keys
L 10/30/2019 - 21:01:25: [FAdmin] Bot02 (BOT) Attempted to pick up a weapon_physcannon
L 10/30/2019 - 21:01:25: [FAdmin] Bot02 (BOT) Attempted to pick up a gmod_camera
L 10/30/2019 - 21:01:25: [FAdmin] Bot02 (BOT) Attempted to pick up a gmod_tool
L 10/30/2019 - 21:01:25: [FAdmin] Bot02 (BOT) Attempted to pick up a pocket
L 10/30/2019 - 21:01:25: [FAdmin] Bot02 (BOT) Attempted to pick up a weapon_physgun
L 10/30/2019 - 21:01:50: [FAdmin] Overhashed (STEAM_0:0:516940971) Attempted to switch noclip
L 10/30/2019 - 21:02:17: [FAdmin] Bot02 (BOT) Got killed by N/A with a N/A
L 10/30/2019 - 21:02:18: [FAdmin] Bot02 (BOT) Spawned
L 10/30/2019 - 21:02:18: [FAdmin] Bot02 (BOT) Attempted to pick up a keys
L 10/30/2019 - 21:02:18: [FAdmin] Bot02 (BOT) Attempted to pick up a weapon_physcannon
L 10/30/2019 - 21:02:18: [FAdmin] Bot02 (BOT) Attempted to pick up a gmod_camera
L 10/30/2019 - 21:02:18: [FAdmin] Bot02 (BOT) Attempted to pick up a gmod_tool
L 10/30/2019 - 21:02:18: [FAdmin] Bot02 (BOT) Attempted to pick up a pocket
L 10/30/2019 - 21:02:18: [FAdmin] Bot02 (BOT) Attempted to pick up a weapon_physgun
L 10/30/2019 - 21:02:19: "eLeCtrOssSnake<8><STEAM_0:1:164666257><>" connected, address "212.66.63.70:27005"
L 10/30/2019 - 21:02:19: "eLeCtrOssSnake<8><STEAM_0:1:164666257><>" STEAM USERID validated
L 10/30/2019 - 21:02:28: [FAdmin] eLeCtrOssSnake (STEAM_0:1:164666257) is Authed
L 10/30/2019 - 21:02:28: [FAdmin] eLeCtrOssSnake (STEAM_0:1:164666257) Spawned for the first time
L 10/30/2019 - 21:02:28: [FAdmin] eLeCtrOssSnake (STEAM_0:1:164666257) Spawned
L 10/30/2019 - 21:02:28: "eLeCtrOssSnake<8><STEAM_0:1:164666257><>" entered the game
L 10/30/2019 - 21:02:28: [FAdmin] eLeCtrOssSnake (STEAM_0:1:164666257) Attempted to pick up a keys
L 10/30/2019 - 21:02:28: [FAdmin] eLeCtrOssSnake (STEAM_0:1:164666257) Attempted to pick up a weapon_physcannon
L 10/30/2019 - 21:02:28: [FAdmin] eLeCtrOssSnake (STEAM_0:1:164666257) Attempted to pick up a gmod_camera
L 10/30/2019 - 21:02:28: [FAdmin] eLeCtrOssSnake (STEAM_0:1:164666257) Attempted to pick up a gmod_tool
L 10/30/2019 - 21:02:28: [FAdmin] eLeCtrOssSnake (STEAM_0:1:164666257) Attempted to pick up a pocket
L 10/30/2019 - 21:02:28: [FAdmin] eLeCtrOssSnake (STEAM_0:1:164666257) Attempted to pick up a weapon_physgun
L 10/30/2019 - 21:02:36: [FAdmin] Overhashed (STEAM_0:0:516940971) Attempted to switch noclip
L 10/30/2019 - 21:02:39: [FAdmin] Overhashed (STEAM_0:0:516940971) Attempted to use tool creator
L 10/30/2019 - 21:02:39: [FAdmin] Overhashed (STEAM_0:0:516940971) Spawned a weapon_informer_laptop
L 10/30/2019 - 21:02:39: [FAdmin] eLeCtrOssSnake (STEAM_0:1:164666257) Attempted to pick up a weapon_informer_laptop
L 10/30/2019 - 21:02:39: [FAdmin] Overhashed (STEAM_0:0:516940971) Attempted to use tool creator
L 10/30/2019 - 21:02:39: [FAdmin] Overhashed (STEAM_0:0:516940971) Spawned a weapon_informer_laptop
L 10/30/2019 - 21:02:39: [FAdmin] Overhashed (STEAM_0:0:516940971) Attempted to pick up a weapon_informer_laptop
L 10/30/2019 - 21:02:48: [FAdmin] Overhashed (STEAM_0:0:516940971) Attempted to switch noclip
L 10/30/2019 - 21:02:50: [FAdmin] Overhashed (STEAM_0:0:516940971) Attempted to switch noclip
L 10/30/2019 - 21:03:02: [FAdmin] Overhashed jailed eLeCtrOssSnake 0
L 10/30/2019 - 21:03:10: [FAdmin] Overhashed unjailed eLeCtrOssSnake
L 10/30/2019 - 21:03:12: [FAdmin] Overhashed slapped eLeCtrOssSnake
L 10/30/2019 - 21:03:22: [FAdmin] Overhashed slayed eLeCtrOssSnake
L 10/30/2019 - 21:03:23: [FAdmin] eLeCtrOssSnake (STEAM_0:1:164666257) Got killed by eLeCtrOssSnake with a player
L 10/30/2019 - 21:03:25: [FAdmin] eLeCtrOssSnake (STEAM_0:1:164666257) Spawned
L 10/30/2019 - 21:03:26: [FAdmin] eLeCtrOssSnake (STEAM_0:1:164666257) Attempted to pick up a keys
L 10/30/2019 - 21:03:26: [FAdmin] eLeCtrOssSnake (STEAM_0:1:164666257) Attempted to pick up a weapon_physcannon
L 10/30/2019 - 21:03:26: [FAdmin] eLeCtrOssSnake (STEAM_0:1:164666257) Attempted to pick up a gmod_camera
L 10/30/2019 - 21:03:26: [FAdmin] eLeCtrOssSnake (STEAM_0:1:164666257) Attempted to pick up a gmod_tool
L 10/30/2019 - 21:03:26: [FAdmin] eLeCtrOssSnake (STEAM_0:1:164666257) Attempted to pick up a pocket
L 10/30/2019 - 21:03:26: [FAdmin] eLeCtrOssSnake (STEAM_0:1:164666257) Attempted to pick up a weapon_physgun
L 10/30/2019 - 21:03:26: [FAdmin] eLeCtrOssSnake (STEAM_0:1:164666257) Attempted to switch noclip
L 10/30/2019 - 21:03:27: [FAdmin] Overhashed (STEAM_0:0:516940971) Attempted to switch noclip
L 10/30/2019 - 21:03:32: [FAdmin] eLeCtrOssSnake (STEAM_0:1:164666257) Attempted to switch noclip
L 10/30/2019 - 21:03:32: [FAdmin] eLeCtrOssSnake (STEAM_0:1:164666257) Attempted to switch noclip
L 10/30/2019 - 21:03:36: [FAdmin] eLeCtrOssSnake (STEAM_0:1:164666257) Attempted to switch noclip
L 10/30/2019 - 21:03:39: [FAdmin] eLeCtrOssSnake (STEAM_0:1:164666257) Attempted to switch noclip
L 10/30/2019 - 21:04:02: [FAdmin] eLeCtrOssSnake (STEAM_0:1:164666257) Got killed by eLeCtrOssSnake with a player
L 10/30/2019 - 21:04:03: [FAdmin] eLeCtrOssSnake (STEAM_0:1:164666257) Spawned
L 10/30/2019 - 21:04:03: [FAdmin] eLeCtrOssSnake (STEAM_0:1:164666257) Attempted to pick up a keys
L 10/30/2019 - 21:04:03: [FAdmin] eLeCtrOssSnake (STEAM_0:1:164666257) Attempted to pick up a weapon_physcannon
L 10/30/2019 - 21:04:03: [FAdmin] eLeCtrOssSnake (STEAM_0:1:164666257) Attempted to pick up a gmod_camera
L 10/30/2019 - 21:04:03: [FAdmin] eLeCtrOssSnake (STEAM_0:1:164666257) Attempted to pick up a gmod_tool
L 10/30/2019 - 21:04:03: [FAdmin] eLeCtrOssSnake (STEAM_0:1:164666257) Attempted to pick up a pocket
L 10/30/2019 - 21:04:03: [FAdmin] eLeCtrOssSnake (STEAM_0:1:164666257) Attempted to pick up a weapon_physgun
L 10/30/2019 - 21:04:04: [FAdmin] eLeCtrOssSnake (STEAM_0:1:164666257) Attempted to switch noclip
L 10/30/2019 - 21:04:04: [FAdmin] eLeCtrOssSnake (STEAM_0:1:164666257) Attempted to switch noclip
L 10/30/2019 - 21:04:08: [FAdmin] eLeCtrOssSnake (STEAM_0:1:164666257) Attempted to switch noclip
L 10/30/2019 - 21:04:08: [FAdmin] eLeCtrOssSnake (STEAM_0:1:164666257) Attempted to switch noclip
L 10/30/2019 - 21:04:10: [FAdmin] Overhashed (STEAM_0:0:516940971) Attempted to switch noclip
L 10/30/2019 - 21:04:11: [FAdmin] eLeCtrOssSnake (STEAM_0:1:164666257) Attempted to switch noclip
L 10/30/2019 - 21:04:16: [FAdmin] eLeCtrOssSnake (STEAM_0:1:164666257) Attempted to switch noclip
L 10/30/2019 - 21:04:16: [FAdmin] eLeCtrOssSnake (STEAM_0:1:164666257) Attempted to switch noclip
L 10/30/2019 - 21:04:17: [FAdmin] eLeCtrOssSnake (STEAM_0:1:164666257) Attempted to switch noclip
L 10/30/2019 - 21:04:18: [FAdmin] eLeCtrOssSnake (STEAM_0:1:164666257) Attempted to switch noclip
L 10/30/2019 - 21:04:20: [FAdmin] eLeCtrOssSnake (STEAM_0:1:164666257) Attempted to switch noclip
L 10/30/2019 - 21:04:22: [FAdmin] eLeCtrOssSnake (STEAM_0:1:164666257) Attempted to switch noclip
L 10/30/2019 - 21:04:22: [FAdmin] eLeCtrOssSnake (STEAM_0:1:164666257) Attempted to switch noclip
L 10/30/2019 - 21:04:24: [FAdmin] eLeCtrOssSnake (STEAM_0:1:164666257) Attempted to switch noclip
L 10/30/2019 - 21:04:24: [FAdmin] eLeCtrOssSnake (STEAM_0:1:164666257) Attempted to switch noclip
L 10/30/2019 - 21:04:28: [FAdmin] eLeCtrOssSnake (STEAM_0:1:164666257) Attempted to switch noclip
L 10/30/2019 - 21:04:29: [FAdmin] eLeCtrOssSnake (STEAM_0:1:164666257) Attempted to switch noclip
L 10/30/2019 - 21:04:31: [FAdmin] eLeCtrOssSnake (STEAM_0:1:164666257) Attempted to switch noclip
L 10/30/2019 - 21:04:31: [FAdmin] eLeCtrOssSnake (STEAM_0:1:164666257) Attempted to switch noclip
L 10/30/2019 - 21:04:32: [FAdmin] eLeCtrOssSnake (STEAM_0:1:164666257) Attempted to switch noclip
L 10/30/2019 - 21:04:32: [FAdmin] eLeCtrOssSnake (STEAM_0:1:164666257) Attempted to switch noclip
L 10/30/2019 - 21:04:33: [FAdmin] eLeCtrOssSnake (STEAM_0:1:164666257) Attempted to switch noclip
L 10/30/2019 - 21:04:33: [FAdmin] eLeCtrOssSnake (STEAM_0:1:164666257) Attempted to switch noclip
L 10/30/2019 - 21:04:35: [FAdmin] eLeCtrOssSnake (STEAM_0:1:164666257) Attempted to switch noclip
L 10/30/2019 - 21:04:36: [FAdmin] eLeCtrOssSnake (STEAM_0:1:164666257) Attempted to switch noclip
L 10/30/2019 - 21:04:37: [FAdmin] eLeCtrOssSnake (STEAM_0:1:164666257) Attempted to switch noclip
L 10/30/2019 - 21:04:37: [FAdmin] eLeCtrOssSnake (STEAM_0:1:164666257) Attempted to switch noclip
L 10/30/2019 - 21:04:41: [FAdmin] eLeCtrOssSnake (STEAM_0:1:164666257) Attempted to switch noclip
L 10/30/2019 - 21:04:42: [FAdmin] eLeCtrOssSnake (STEAM_0:1:164666257) Attempted to switch noclip
L 10/30/2019 - 21:04:47: [FAdmin] eLeCtrOssSnake (STEAM_0:1:164666257) Attempted to switch noclip
L 10/30/2019 - 21:04:48: [FAdmin] eLeCtrOssSnake (STEAM_0:1:164666257) Attempted to switch noclip
L 10/30/2019 - 21:04:52: [FAdmin] eLeCtrOssSnake (STEAM_0:1:164666257) Attempted to switch noclip
L 10/30/2019 - 21:04:53: [FAdmin] eLeCtrOssSnake (STEAM_0:1:164666257) Attempted to switch noclip
L 10/30/2019 - 21:04:56: [FAdmin] eLeCtrOssSnake (STEAM_0:1:164666257) Attempted to switch noclip
L 10/30/2019 - 21:04:56: [FAdmin] eLeCtrOssSnake (STEAM_0:1:164666257) Attempted to switch noclip
L 10/30/2019 - 21:04:59: [FAdmin] eLeCtrOssSnake (STEAM_0:1:164666257) Attempted to switch noclip
L 10/30/2019 - 21:05:00: [FAdmin] eLeCtrOssSnake (STEAM_0:1:164666257) Attempted to switch noclip
L 10/30/2019 - 21:05:03: [FAdmin] eLeCtrOssSnake (STEAM_0:1:164666257) Attempted to switch noclip
L 10/30/2019 - 21:05:04: [FAdmin] eLeCtrOssSnake (STEAM_0:1:164666257) Attempted to switch noclip
L 10/30/2019 - 21:05:07: [FAdmin] eLeCtrOssSnake (STEAM_0:1:164666257) Attempted to switch noclip
L 10/30/2019 - 21:05:07: [FAdmin] eLeCtrOssSnake (STEAM_0:1:164666257) Attempted to switch noclip
L 10/30/2019 - 21:05:10: [FAdmin] eLeCtrOssSnake (STEAM_0:1:164666257) Attempted to switch noclip
L 10/30/2019 - 21:05:10: [FAdmin] eLeCtrOssSnake (STEAM_0:1:164666257) Attempted to switch noclip
L 10/30/2019 - 21:05:11: [FAdmin] eLeCtrOssSnake (STEAM_0:1:164666257) Attempted to switch noclip
L 10/30/2019 - 21:05:11: [FAdmin] eLeCtrOssSnake (STEAM_0:1:164666257) Attempted to switch noclip
L 10/30/2019 - 21:05:14: [FAdmin] eLeCtrOssSnake (STEAM_0:1:164666257) Attempted to switch noclip
L 10/30/2019 - 21:05:15: [FAdmin] eLeCtrOssSnake (STEAM_0:1:164666257) Attempted to switch noclip
L 10/30/2019 - 21:05:16: [FAdmin] eLeCtrOssSnake (STEAM_0:1:164666257) Attempted to switch noclip
L 10/30/2019 - 21:05:17: [FAdmin] eLeCtrOssSnake (STEAM_0:1:164666257) Attempted to switch noclip
L 10/30/2019 - 21:05:18: [FAdmin] eLeCtrOssSnake (STEAM_0:1:164666257) Attempted to switch noclip
L 10/30/2019 - 21:05:19: [FAdmin] eLeCtrOssSnake (STEAM_0:1:164666257) Attempted to switch noclip
L 10/30/2019 - 21:05:20: [FAdmin] eLeCtrOssSnake (STEAM_0:1:164666257) Attempted to switch noclip
L 10/30/2019 - 21:05:21: [FAdmin] eLeCtrOssSnake (STEAM_0:1:164666257) Attempted to switch noclip
L 10/30/2019 - 21:05:25: [FAdmin] eLeCtrOssSnake (STEAM_0:1:164666257) Attempted to switch noclip
L 10/30/2019 - 21:05:26: [FAdmin] eLeCtrOssSnake (STEAM_0:1:164666257) Attempted to switch noclip
L 10/30/2019 - 21:05:29: [FAdmin] eLeCtrOssSnake (STEAM_0:1:164666257) Attempted to switch noclip
L 10/30/2019 - 21:05:29: [FAdmin] eLeCtrOssSnake (STEAM_0:1:164666257) Attempted to switch noclip
L 10/30/2019 - 21:05:33: [FAdmin] eLeCtrOssSnake (STEAM_0:1:164666257) Attempted to switch noclip
L 10/30/2019 - 21:05:37: [FAdmin] eLeCtrOssSnake (STEAM_0:1:164666257) Attempted to switch noclip
L 10/30/2019 - 21:05:40: [FAdmin] eLeCtrOssSnake (STEAM_0:1:164666257) Attempted to switch noclip
L 10/30/2019 - 21:05:40: [FAdmin] eLeCtrOssSnake (STEAM_0:1:164666257) Attempted to switch noclip
L 10/30/2019 - 21:05:41: [FAdmin] eLeCtrOssSnake (STEAM_0:1:164666257) Got killed by N/A with a N/A
L 10/30/2019 - 21:05:45: [FAdmin] eLeCtrOssSnake (STEAM_0:1:164666257) Spawned
L 10/30/2019 - 21:05:45: [FAdmin] eLeCtrOssSnake (STEAM_0:1:164666257) Attempted to pick up a keys
L 10/30/2019 - 21:05:45: [FAdmin] eLeCtrOssSnake (STEAM_0:1:164666257) Attempted to pick up a weapon_physcannon
L 10/30/2019 - 21:05:45: [FAdmin] eLeCtrOssSnake (STEAM_0:1:164666257) Attempted to pick up a gmod_camera
L 10/30/2019 - 21:05:45: [FAdmin] eLeCtrOssSnake (STEAM_0:1:164666257) Attempted to pick up a gmod_tool
L 10/30/2019 - 21:05:45: [FAdmin] eLeCtrOssSnake (STEAM_0:1:164666257) Attempted to pick up a pocket
L 10/30/2019 - 21:05:45: [FAdmin] eLeCtrOssSnake (STEAM_0:1:164666257) Attempted to pick up a weapon_physgun
L 10/30/2019 - 21:05:46: [FAdmin] eLeCtrOssSnake (STEAM_0:1:164666257) Attempted to switch noclip
L 10/30/2019 - 21:05:57: [FAdmin] eLeCtrOssSnake (STEAM_0:1:164666257) Attempted to switch noclip
L 10/30/2019 - 21:05:58: [FAdmin] eLeCtrOssSnake (STEAM_0:1:164666257) Attempted to switch noclip
L 10/30/2019 - 21:06:09: [FAdmin] Overhashed (STEAM_0:0:516940971) Attempted to switch noclip
L 10/30/2019 - 21:06:37: [FAdmin] Overhashed (STEAM_0:0:516940971) Attempted to switch noclip
L 10/30/2019 - 21:07:23: [FAdmin] Overhashed (STEAM_0:0:516940971) Attempted to switch noclip
L 10/30/2019 - 21:07:29: [FAdmin] Overhashed (STEAM_0:0:516940971) Attempted to switch noclip
L 10/30/2019 - 21:08:10: [FAdmin] Overhashed (STEAM_0:0:516940971) Attempted to switch noclip
L 10/30/2019 - 21:10:31: [FAdmin] Overhashed (STEAM_0:0:516940971) Attempted to switch noclip
L 10/30/2019 - 21:10:52: [FAdmin] Overhashed (STEAM_0:0:516940971) Attempted to switch noclip
L 10/30/2019 - 21:11:22: [FAdmin] eLeCtrOssSnake (STEAM_0:1:164666257) Attempted to switch noclip
L 10/30/2019 - 21:11:24: [FAdmin] eLeCtrOssSnake (STEAM_0:1:164666257) Attempted to switch noclip
L 10/30/2019 - 21:11:28: [FAdmin] eLeCtrOssSnake (STEAM_0:1:164666257) Attempted to switch noclip
L 10/30/2019 - 21:11:29: [FAdmin] eLeCtrOssSnake (STEAM_0:1:164666257) Got killed by N/A with a N/A
L 10/30/2019 - 21:11:33: [FAdmin] eLeCtrOssSnake (STEAM_0:1:164666257) Spawned
L 10/30/2019 - 21:11:33: [FAdmin] eLeCtrOssSnake (STEAM_0:1:164666257) Attempted to pick up a keys
L 10/30/2019 - 21:11:33: [FAdmin] eLeCtrOssSnake (STEAM_0:1:164666257) Attempted to pick up a weapon_physcannon
L 10/30/2019 - 21:11:33: [FAdmin] eLeCtrOssSnake (STEAM_0:1:164666257) Attempted to pick up a gmod_camera
L 10/30/2019 - 21:11:33: [FAdmin] eLeCtrOssSnake (STEAM_0:1:164666257) Attempted to pick up a gmod_tool
L 10/30/2019 - 21:11:33: [FAdmin] eLeCtrOssSnake (STEAM_0:1:164666257) Attempted to pick up a pocket
L 10/30/2019 - 21:11:33: [FAdmin] eLeCtrOssSnake (STEAM_0:1:164666257) Attempted to pick up a weapon_physgun
L 10/30/2019 - 21:11:34: [FAdmin] eLeCtrOssSnake (STEAM_0:1:164666257) Attempted to switch noclip
L 10/30/2019 - 21:11:35: [FAdmin] eLeCtrOssSnake (STEAM_0:1:164666257) Attempted to switch noclip
L 10/30/2019 - 21:11:35: [FAdmin] eLeCtrOssSnake (STEAM_0:1:164666257) Attempted to switch noclip
L 10/30/2019 - 21:11:38: [FAdmin] eLeCtrOssSnake (STEAM_0:1:164666257) Attempted to switch noclip
L 10/30/2019 - 21:11:41: [FAdmin] eLeCtrOssSnake (STEAM_0:1:164666257) Spawned a models/props_c17/oildrum001.mdl
L 10/30/2019 - 21:11:44: [FAdmin] Bot02 (BOT) Got killed by prop_physics with a prop_physics
L 10/30/2019 - 21:11:45: [FAdmin] Bot02 (BOT) Spawned
L 10/30/2019 - 21:11:45: [FAdmin] Bot02 (BOT) Attempted to pick up a keys
L 10/30/2019 - 21:11:45: [FAdmin] Bot02 (BOT) Attempted to pick up a weapon_physcannon
L 10/30/2019 - 21:11:45: [FAdmin] Bot02 (BOT) Attempted to pick up a gmod_camera
L 10/30/2019 - 21:11:45: [FAdmin] Bot02 (BOT) Attempted to pick up a gmod_tool
L 10/30/2019 - 21:11:45: [FAdmin] Bot02 (BOT) Attempted to pick up a pocket
L 10/30/2019 - 21:11:45: [FAdmin] Bot02 (BOT) Attempted to pick up a weapon_physgun
L 10/30/2019 - 21:11:48: [FAdmin] eLeCtrOssSnake (STEAM_0:1:164666257) Attempted to switch noclip
L 10/30/2019 - 21:11:49: [FAdmin] eLeCtrOssSnake (STEAM_0:1:164666257) Attempted to switch noclip
L 10/30/2019 - 21:11:51: [FAdmin] eLeCtrOssSnake (STEAM_0:1:164666257) Attempted to switch noclip
L 10/30/2019 - 21:11:51: [FAdmin] eLeCtrOssSnake (STEAM_0:1:164666257) Attempted to switch noclip
L 10/30/2019 - 21:11:55: [FAdmin] eLeCtrOssSnake (STEAM_0:1:164666257) Attempted to switch noclip
L 10/30/2019 - 21:11:55: [FAdmin] eLeCtrOssSnake (STEAM_0:1:164666257) Attempted to switch noclip
L 10/30/2019 - 21:11:56: [FAdmin] eLeCtrOssSnake (STEAM_0:1:164666257) Attempted to switch noclip
L 10/30/2019 - 21:11:57: [FAdmin] eLeCtrOssSnake (STEAM_0:1:164666257) Attempted to switch noclip
L 10/30/2019 - 21:12:00: [FAdmin] eLeCtrOssSnake (STEAM_0:1:164666257) Attempted to switch noclip
L 10/30/2019 - 21:12:00: [FAdmin] eLeCtrOssSnake (STEAM_0:1:164666257) Attempted to switch noclip
L 10/30/2019 - 21:12:03: [FAdmin] eLeCtrOssSnake (STEAM_0:1:164666257) Attempted to switch noclip
L 10/30/2019 - 21:12:03: [FAdmin] eLeCtrOssSnake (STEAM_0:1:164666257) Attempted to switch noclip
L 10/30/2019 - 21:12:04: [FAdmin] eLeCtrOssSnake (STEAM_0:1:164666257) Attempted to switch noclip
L 10/30/2019 - 21:12:21: [FAdmin] eLeCtrOssSnake (STEAM_0:1:164666257) Attempted to switch noclip
L 10/30/2019 - 21:12:25: [FAdmin] eLeCtrOssSnake (STEAM_0:1:164666257) Attempted to switch noclip
L 10/30/2019 - 21:12:30: [FAdmin] eLeCtrOssSnake (STEAM_0:1:164666257) Attempted to switch noclip
L 10/30/2019 - 21:12:31: [FAdmin] eLeCtrOssSnake (STEAM_0:1:164666257) Attempted to switch noclip
L 10/30/2019 - 21:12:31: [FAdmin] eLeCtrOssSnake (STEAM_0:1:164666257) Attempted to switch noclip
L 10/30/2019 - 21:12:35: [FAdmin] eLeCtrOssSnake (STEAM_0:1:164666257) Attempted to switch noclip
L 10/30/2019 - 21:12:41: [FAdmin] eLeCtrOssSnake (STEAM_0:1:164666257) Attempted to switch noclip
L 10/30/2019 - 21:13:22: [FAdmin] prop_physics(models/props_c17/oildrum001.mdl) Got removed
L 10/30/2019 - 21:13:23: [FAdmin] eLeCtrOssSnake (STEAM_0:1:164666257) Attempted to pick up a weapon_informer_laptop
L 10/30/2019 - 21:13:29: [FAdmin] eLeCtrOssSnake (STEAM_0:1:164666257) Attempted to switch noclip
L 10/30/2019 - 21:13:39: [FAdmin] eLeCtrOssSnake (STEAM_0:1:164666257) Attempted to switch noclip
L 10/30/2019 - 21:13:39: [FAdmin] eLeCtrOssSnake (STEAM_0:1:164666257) Attempted to switch noclip
L 10/30/2019 - 21:13:41: [FAdmin] eLeCtrOssSnake (STEAM_0:1:164666257) Attempted to switch noclip
L 10/30/2019 - 21:13:45: [FAdmin] eLeCtrOssSnake (STEAM_0:1:164666257) Spawned a models/props_building_details/Storefront_Template001a_Bars.mdl
L 10/30/2019 - 21:14:04: [FAdmin] eLeCtrOssSnake (STEAM_0:1:164666257) Spawned a models/props/de_inferno/railing_backentrance.mdl
L 10/30/2019 - 21:14:11: [FAdmin] eLeCtrOssSnake (STEAM_0:1:164666257) Attempted to switch noclip
L 10/30/2019 - 21:14:11: [FAdmin] eLeCtrOssSnake (STEAM_0:1:164666257) Attempted to switch noclip
L 10/30/2019 - 21:14:13: [FAdmin] eLeCtrOssSnake (STEAM_0:1:164666257) Attempted to switch noclip
L 10/30/2019 - 21:14:13: [FAdmin] eLeCtrOssSnake (STEAM_0:1:164666257) Attempted to switch noclip
L 10/30/2019 - 21:14:27: [FAdmin] eLeCtrOssSnake (STEAM_0:1:164666257) Attempted to switch noclip
L 10/30/2019 - 21:14:29: [FAdmin] eLeCtrOssSnake (STEAM_0:1:164666257) Attempted to switch noclip
L 10/30/2019 - 21:14:31: [FAdmin] eLeCtrOssSnake (STEAM_0:1:164666257) Attempted to switch noclip
L 10/30/2019 - 21:14:32: [FAdmin] eLeCtrOssSnake (STEAM_0:1:164666257) Attempted to switch noclip
L 10/30/2019 - 21:14:33: [FAdmin] eLeCtrOssSnake (STEAM_0:1:164666257) Attempted to switch noclip
L 10/30/2019 - 21:14:33: [FAdmin] eLeCtrOssSnake (STEAM_0:1:164666257) Attempted to switch noclip
L 10/30/2019 - 21:14:41: [FAdmin] eLeCtrOssSnake (STEAM_0:1:164666257) Attempted to switch noclip
L 10/30/2019 - 21:14:44: [FAdmin] eLeCtrOssSnake (STEAM_0:1:164666257) Attempted to switch noclip
L 10/30/2019 - 21:14:54: [FAdmin] eLeCtrOssSnake (STEAM_0:1:164666257) Spawned a models/props_building_details/building_tem002_window01.mdl
L 10/30/2019 - 21:15:00: [FAdmin] Overhashed (STEAM_0:0:516940971) Attempted to switch noclip
L 10/30/2019 - 21:15:05: [FAdmin] Overhashed (STEAM_0:0:516940971) Attempted to switch noclip
L 10/30/2019 - 21:15:09: [FAdmin] eLeCtrOssSnake (STEAM_0:1:164666257) Spawned a models/props_buildings/row_res_1_fullscale.mdl
L 10/30/2019 - 21:15:13: [FAdmin] eLeCtrOssSnake (STEAM_0:1:164666257) Attempted to switch noclip
L 10/30/2019 - 21:15:49: [FAdmin] eLeCtrOssSnake (STEAM_0:1:164666257) Attempted to switch noclip
L 10/30/2019 - 21:15:49: [FAdmin] eLeCtrOssSnake (STEAM_0:1:164666257) Attempted to switch noclip
L 10/30/2019 - 21:15:50: [FAdmin] eLeCtrOssSnake (STEAM_0:1:164666257) Attempted to switch noclip
L 10/30/2019 - 21:15:50: [FAdmin] eLeCtrOssSnake (STEAM_0:1:164666257) Attempted to switch noclip
L 10/30/2019 - 21:15:50: [FAdmin] eLeCtrOssSnake (STEAM_0:1:164666257) Attempted to switch noclip
L 10/30/2019 - 21:16:18: [FAdmin] eLeCtrOssSnake (STEAM_0:1:164666257) Attempted to switch noclip
L 10/30/2019 - 21:16:23: [FAdmin] eLeCtrOssSnake (STEAM_0:1:164666257) Spawned a models/props_buildings/row_res_1_fullscale.mdl
L 10/30/2019 - 21:16:25: [FAdmin] eLeCtrOssSnake (STEAM_0:1:164666257) Spawned a models/props_buildings/row_res_1_fullscale.mdl
L 10/30/2019 - 21:16:25: [FAdmin] prop_physics(models/props_buildings/row_res_1_fullscale.mdl) Got removed
L 10/30/2019 - 21:16:29: [FAdmin] eLeCtrOssSnake (STEAM_0:1:164666257) Spawned a models/props_buildings/row_res_1_fullscale.mdl
L 10/30/2019 - 21:16:29: [FAdmin] prop_physics(models/props_buildings/row_res_1_fullscale.mdl) Got removed
L 10/30/2019 - 21:16:30: [FAdmin] eLeCtrOssSnake (STEAM_0:1:164666257) Spawned a models/props_buildings/row_res_1_fullscale.mdl
L 10/30/2019 - 21:16:30: [FAdmin] prop_physics(models/props_buildings/row_res_1_fullscale.mdl) Got removed
L 10/30/2019 - 21:16:30: [FAdmin] eLeCtrOssSnake (STEAM_0:1:164666257) Spawned a models/props_buildings/row_res_1_fullscale.mdl
L 10/30/2019 - 21:16:30: [FAdmin] prop_physics(models/props_buildings/row_res_1_fullscale.mdl) Got removed
L 10/30/2019 - 21:16:30: [FAdmin] eLeCtrOssSnake (STEAM_0:1:164666257) Spawned a models/props_buildings/row_res_1_fullscale.mdl
L 10/30/2019 - 21:16:30: [FAdmin] prop_physics(models/props_buildings/row_res_1_fullscale.mdl) Got removed
L 10/30/2019 - 21:16:30: [FAdmin] eLeCtrOssSnake (STEAM_0:1:164666257) Spawned a models/props_buildings/row_res_1_fullscale.mdl
L 10/30/2019 - 21:16:30: [FAdmin] prop_physics(models/props_buildings/row_res_1_fullscale.mdl) Got removed
L 10/30/2019 - 21:16:31: [FAdmin] eLeCtrOssSnake (STEAM_0:1:164666257) Spawned a models/props_buildings/row_res_1_fullscale.mdl
L 10/30/2019 - 21:16:31: [FAdmin] prop_physics(models/props_buildings/row_res_1_fullscale.mdl) Got removed
L 10/30/2019 - 21:16:31: [FAdmin] eLeCtrOssSnake (STEAM_0:1:164666257) Spawned a models/props_buildings/row_res_1_fullscale.mdl
L 10/30/2019 - 21:16:31: [FAdmin] prop_physics(models/props_buildings/row_res_1_fullscale.mdl) Got removed
L 10/30/2019 - 21:16:31: [FAdmin] eLeCtrOssSnake (STEAM_0:1:164666257) Spawned a models/props_buildings/row_res_1_fullscale.mdl
L 10/30/2019 - 21:16:31: [FAdmin] prop_physics(models/props_buildings/row_res_1_fullscale.mdl) Got removed
L 10/30/2019 - 21:16:31: [FAdmin] eLeCtrOssSnake (STEAM_0:1:164666257) Spawned a models/props_buildings/row_res_1_fullscale.mdl
L 10/30/2019 - 21:16:31: [FAdmin] prop_physics(models/props_buildings/row_res_1_fullscale.mdl) Got removed
L 10/30/2019 - 21:16:31: [FAdmin] eLeCtrOssSnake (STEAM_0:1:164666257) Spawned a models/props_buildings/row_res_1_fullscale.mdl
L 10/30/2019 - 21:16:31: [FAdmin] prop_physics(models/props_buildings/row_res_1_fullscale.mdl) Got removed
L 10/30/2019 - 21:16:36: [FAdmin] eLeCtrOssSnake (STEAM_0:1:164666257) Attempted to switch noclip
L 10/30/2019 - 21:16:38: [FAdmin] eLeCtrOssSnake (STEAM_0:1:164666257) Attempted to switch noclip
L 10/30/2019 - 21:17:14: [FAdmin] eLeCtrOssSnake (STEAM_0:1:164666257) Attempted to switch noclip
L 10/30/2019 - 21:17:17: [FAdmin] eLeCtrOssSnake (STEAM_0:1:164666257) Attempted to switch noclip
L 10/30/2019 - 21:17:19: [FAdmin] eLeCtrOssSnake (STEAM_0:1:164666257) Attempted to switch noclip
L 10/30/2019 - 21:17:21: [FAdmin] eLeCtrOssSnake (STEAM_0:1:164666257) Attempted to switch noclip
L 10/30/2019 - 21:18:01: "eLeCtrOssSnake<8><STEAM_0:1:164666257><Citizen>" say "/me  "

L 10/30/2019 - 21:18:12: [FAdmin] eLeCtrOssSnake (STEAM_0:1:164666257) Attempted to switch noclip
L 10/30/2019 - 21:18:54: [FAdmin] eLeCtrOssSnake (STEAM_0:1:164666257) Attempted to switch noclip
L 10/30/2019 - 21:19:03: [FAdmin] eLeCtrOssSnake (STEAM_0:1:164666257) Attempted to switch noclip
L 10/30/2019 - 21:19:03: [FAdmin] eLeCtrOssSnake (STEAM_0:1:164666257) Attempted to switch noclip
L 10/30/2019 - 21:19:04: [FAdmin] eLeCtrOssSnake (STEAM_0:1:164666257) Attempted to switch noclip
L 10/30/2019 - 21:19:05: [FAdmin] eLeCtrOssSnake (STEAM_0:1:164666257) Attempted to switch noclip
L 10/30/2019 - 21:19:06: [FAdmin] eLeCtrOssSnake (STEAM_0:1:164666257) Attempted to switch noclip
L 10/30/2019 - 21:19:07: [FAdmin] eLeCtrOssSnake (STEAM_0:1:164666257) Spawned a models/props_buildings/collapsedbuilding02b.mdl
L 10/30/2019 - 21:19:07: [FAdmin] eLeCtrOssSnake (STEAM_0:1:164666257) Attempted to switch noclip
L 10/30/2019 - 21:19:07: [FAdmin] eLeCtrOssSnake (STEAM_0:1:164666257) Attempted to switch noclip
L 10/30/2019 - 21:19:09: [FAdmin] eLeCtrOssSnake (STEAM_0:1:164666257) Attempted to switch noclip
L 10/30/2019 - 21:19:31: [FAdmin] Overhashed (STEAM_0:0:516940971) Attempted to switch noclip
L 10/30/2019 - 21:21:17: [FAdmin] Overhashed (STEAM_0:0:516940971) Attempted to switch noclip
L 10/30/2019 - 21:21:35: [FAdmin] Overhashed (STEAM_0:0:516940971) Attempted to switch noclip
L 10/30/2019 - 21:21:37: [FAdmin] Overhashed (STEAM_0:0:516940971) Attempted to switch noclip
L 10/30/2019 - 21:21:37: [FAdmin] Overhashed (STEAM_0:0:516940971) Attempted to switch noclip
L 10/30/2019 - 21:22:48: [FAdmin] Overhashed (STEAM_0:0:516940971) Attempted to switch noclip
L 10/30/2019 - 21:22:51: [FAdmin] Overhashed (STEAM_0:0:516940971) Attempted to switch noclip
L 10/30/2019 - 21:24:23: [FAdmin] Overhashed (STEAM_0:0:516940971) Attempted to switch noclip
L 10/30/2019 - 21:24:31: [FAdmin] Overhashed (STEAM_0:0:516940971) Attempted to switch noclip
L 10/30/2019 - 21:25:08: [FAdmin] Overhashed (STEAM_0:0:516940971) Attempted to switch noclip
L 10/30/2019 - 21:25:11: [FAdmin] Overhashed (STEAM_0:0:516940971) Attempted to switch noclip
L 10/30/2019 - 21:25:29: [FAdmin] eLeCtrOssSnake (STEAM_0:1:164666257) Attempted to switch noclip
L 10/30/2019 - 21:25:31: [FAdmin] Overhashed (STEAM_0:0:516940971) Gave himself a weapon_informer_laptop
L 10/30/2019 - 21:26:00: [FAdmin] eLeCtrOssSnake (STEAM_0:1:164666257) Attempted to switch noclip
L 10/30/2019 - 21:26:01: [FAdmin] eLeCtrOssSnake (STEAM_0:1:164666257) Attempted to switch noclip
L 10/30/2019 - 21:26:01: [FAdmin] eLeCtrOssSnake (STEAM_0:1:164666257) Attempted to switch noclip
L 10/30/2019 - 21:26:01: [FAdmin] eLeCtrOssSnake (STEAM_0:1:164666257) Attempted to switch noclip
L 10/30/2019 - 21:26:02: [FAdmin] eLeCtrOssSnake (STEAM_0:1:164666257) Attempted to switch noclip
L 10/30/2019 - 21:26:02: [FAdmin] eLeCtrOssSnake (STEAM_0:1:164666257) Attempted to switch noclip
L 10/30/2019 - 21:26:14: [FAdmin] eLeCtrOssSnake (STEAM_0:1:164666257) Attempted to switch noclip
L 10/30/2019 - 21:26:15: [FAdmin] eLeCtrOssSnake (STEAM_0:1:164666257) Attempted to switch noclip
L 10/30/2019 - 21:26:15: [FAdmin] eLeCtrOssSnake (STEAM_0:1:164666257) Attempted to switch noclip
L 10/30/2019 - 21:26:16: [FAdmin] eLeCtrOssSnake (STEAM_0:1:164666257) Attempted to switch noclip
L 10/30/2019 - 21:26:18: [FAdmin] eLeCtrOssSnake (STEAM_0:1:164666257) Gave himself a weapon_shotgun
L 10/30/2019 - 21:26:20: [FAdmin] eLeCtrOssSnake (STEAM_0:1:164666257) Gave himself a weapon_shotgun
L 10/30/2019 - 21:26:20: [FAdmin] eLeCtrOssSnake (STEAM_0:1:164666257) Gave himself a weapon_shotgun
L 10/30/2019 - 21:26:20: [FAdmin] eLeCtrOssSnake (STEAM_0:1:164666257) Gave himself a weapon_shotgun
L 10/30/2019 - 21:26:20: [FAdmin] eLeCtrOssSnake (STEAM_0:1:164666257) Gave himself a weapon_smg1
L 10/30/2019 - 21:26:20: [FAdmin] eLeCtrOssSnake (STEAM_0:1:164666257) Gave himself a weapon_smg1
L 10/30/2019 - 21:26:20: [FAdmin] eLeCtrOssSnake (STEAM_0:1:164666257) Gave himself a weapon_smg1
L 10/30/2019 - 21:26:21: [FAdmin] eLeCtrOssSnake (STEAM_0:1:164666257) Gave himself a weapon_crossbow
L 10/30/2019 - 21:26:21: [FAdmin] eLeCtrOssSnake (STEAM_0:1:164666257) Gave himself a weapon_crossbow
L 10/30/2019 - 21:26:21: [FAdmin] eLeCtrOssSnake (STEAM_0:1:164666257) Gave himself a weapon_crossbow
L 10/30/2019 - 21:26:21: [FAdmin] eLeCtrOssSnake (STEAM_0:1:164666257) Gave himself a weapon_crossbow
L 10/30/2019 - 21:26:21: [FAdmin] eLeCtrOssSnake (STEAM_0:1:164666257) Gave himself a weapon_crossbow
L 10/30/2019 - 21:26:21: [FAdmin] eLeCtrOssSnake (STEAM_0:1:164666257) Gave himself a weapon_crossbow
L 10/30/2019 - 21:26:22: [FAdmin] eLeCtrOssSnake (STEAM_0:1:164666257) Gave himself a weapon_crowbar
L 10/30/2019 - 21:26:22: [FAdmin] eLeCtrOssSnake (STEAM_0:1:164666257) Gave himself a weapon_crowbar
L 10/30/2019 - 21:26:22: [FAdmin] eLeCtrOssSnake (STEAM_0:1:164666257) Gave himself a weapon_crowbar
L 10/30/2019 - 21:26:22: [FAdmin] eLeCtrOssSnake (STEAM_0:1:164666257) Gave himself a weapon_crowbar
L 10/30/2019 - 21:26:22: [FAdmin] eLeCtrOssSnake (STEAM_0:1:164666257) Gave himself a weapon_crowbar
L 10/30/2019 - 21:26:23: [FAdmin] eLeCtrOssSnake (STEAM_0:1:164666257) Gave himself a weapon_crowbar
L 10/30/2019 - 21:26:23: [FAdmin] eLeCtrOssSnake (STEAM_0:1:164666257) Gave himself a weapon_frag
L 10/30/2019 - 21:26:23: [FAdmin] eLeCtrOssSnake (STEAM_0:1:164666257) Gave himself a weapon_frag
L 10/30/2019 - 21:26:23: [FAdmin] eLeCtrOssSnake (STEAM_0:1:164666257) Gave himself a weapon_frag
L 10/30/2019 - 21:26:23: [FAdmin] eLeCtrOssSnake (STEAM_0:1:164666257) Gave himself a weapon_frag
L 10/30/2019 - 21:26:23: [FAdmin] eLeCtrOssSnake (STEAM_0:1:164666257) Gave himself a weapon_frag
L 10/30/2019 - 21:26:24: [FAdmin] eLeCtrOssSnake (STEAM_0:1:164666257) Gave himself a weapon_frag
L 10/30/2019 - 21:26:24: [FAdmin] eLeCtrOssSnake (STEAM_0:1:164666257) Gave himself a weapon_frag
L 10/30/2019 - 21:26:24: [FAdmin] eLeCtrOssSnake (STEAM_0:1:164666257) Gave himself a weapon_frag
L 10/30/2019 - 21:26:25: [FAdmin] eLeCtrOssSnake (STEAM_0:1:164666257) Gave himself a weapon_physcannon
L 10/30/2019 - 21:26:25: [FAdmin] eLeCtrOssSnake (STEAM_0:1:164666257) Gave himself a weapon_physcannon
L 10/30/2019 - 21:26:25: [FAdmin] eLeCtrOssSnake (STEAM_0:1:164666257) Gave himself a weapon_physcannon
L 10/30/2019 - 21:26:25: [FAdmin] eLeCtrOssSnake (STEAM_0:1:164666257) Gave himself a weapon_physcannon
L 10/30/2019 - 21:26:25: [FAdmin] eLeCtrOssSnake (STEAM_0:1:164666257) Gave himself a weapon_physcannon
L 10/30/2019 - 21:26:26: [FAdmin] eLeCtrOssSnake (STEAM_0:1:164666257) Gave himself a weapon_physcannon
L 10/30/2019 - 21:26:26: [FAdmin] eLeCtrOssSnake (STEAM_0:1:164666257) Gave himself a weapon_physcannon
L 10/30/2019 - 21:26:26: [FAdmin] eLeCtrOssSnake (STEAM_0:1:164666257) Gave himself a weapon_physcannon
L 10/30/2019 - 21:26:26: [FAdmin] eLeCtrOssSnake (STEAM_0:1:164666257) Gave himself a weapon_physcannon
L 10/30/2019 - 21:26:26: [FAdmin] eLeCtrOssSnake (STEAM_0:1:164666257) Gave himself a weapon_physcannon
L 10/30/2019 - 21:26:26: [FAdmin] eLeCtrOssSnake (STEAM_0:1:164666257) Gave himself a weapon_physcannon
L 10/30/2019 - 21:26:27: [FAdmin] eLeCtrOssSnake (STEAM_0:1:164666257) Gave himself a weapon_physcannon
L 10/30/2019 - 21:26:27: [FAdmin] eLeCtrOssSnake (STEAM_0:1:164666257) Gave himself a weapon_physcannon
L 10/30/2019 - 21:26:27: [FAdmin] eLeCtrOssSnake (STEAM_0:1:164666257) Gave himself a weapon_ar2
L 10/30/2019 - 21:26:27: [FAdmin] eLeCtrOssSnake (STEAM_0:1:164666257) Gave himself a weapon_ar2
L 10/30/2019 - 21:26:27: [FAdmin] eLeCtrOssSnake (STEAM_0:1:164666257) Gave himself a weapon_ar2
L 10/30/2019 - 21:26:29: [FAdmin] eLeCtrOssSnake (STEAM_0:1:164666257) Attempted to switch noclip
L 10/30/2019 - 21:26:29: [FAdmin] eLeCtrOssSnake (STEAM_0:1:164666257) Attempted to switch noclip
L 10/30/2019 - 21:26:30: [FAdmin] eLeCtrOssSnake (STEAM_0:1:164666257) Attempted to switch noclip
L 10/30/2019 - 21:26:30: [FAdmin] eLeCtrOssSnake (STEAM_0:1:164666257) Attempted to switch noclip
L 10/30/2019 - 21:26:31: [FAdmin] eLeCtrOssSnake (STEAM_0:1:164666257) Attempted to switch noclip
L 10/30/2019 - 21:26:33: [FAdmin] eLeCtrOssSnake (STEAM_0:1:164666257) Attempted to switch noclip
L 10/30/2019 - 21:26:41: [FAdmin] eLeCtrOssSnake (STEAM_0:1:164666257) Attempted to switch noclip
L 10/30/2019 - 21:26:41: [FAdmin] eLeCtrOssSnake (STEAM_0:1:164666257) Attempted to switch noclip
L 10/30/2019 - 21:26:43: [FAdmin] eLeCtrOssSnake (STEAM_0:1:164666257) Attempted to switch noclip
L 10/30/2019 - 21:26:44: [FAdmin] eLeCtrOssSnake (STEAM_0:1:164666257) Attempted to switch noclip
L 10/30/2019 - 21:26:47: [FAdmin] eLeCtrOssSnake (STEAM_0:1:164666257) Attempted to switch noclip
L 10/30/2019 - 21:26:47: [FAdmin] eLeCtrOssSnake (STEAM_0:1:164666257) Attempted to switch noclip
L 10/30/2019 - 21:26:51: [FAdmin] eLeCtrOssSnake (STEAM_0:1:164666257) Attempted to switch noclip
L 10/30/2019 - 21:26:54: [FAdmin] eLeCtrOssSnake (STEAM_0:1:164666257) Attempted to switch noclip
L 10/30/2019 - 21:26:57: [FAdmin] eLeCtrOssSnake (STEAM_0:1:164666257) Attempted to switch noclip
L 10/30/2019 - 21:26:57: [FAdmin] eLeCtrOssSnake (STEAM_0:1:164666257) Attempted to switch noclip
L 10/30/2019 - 21:26:59: [FAdmin] eLeCtrOssSnake (STEAM_0:1:164666257) Got killed by N/A with a N/A
L 10/30/2019 - 21:27:01: [FAdmin] eLeCtrOssSnake (STEAM_0:1:164666257) Spawned
L 10/30/2019 - 21:27:01: [FAdmin] eLeCtrOssSnake (STEAM_0:1:164666257) Attempted to pick up a keys
L 10/30/2019 - 21:27:01: [FAdmin] eLeCtrOssSnake (STEAM_0:1:164666257) Attempted to pick up a weapon_physcannon
L 10/30/2019 - 21:27:01: [FAdmin] eLeCtrOssSnake (STEAM_0:1:164666257) Attempted to pick up a gmod_camera
L 10/30/2019 - 21:27:01: [FAdmin] eLeCtrOssSnake (STEAM_0:1:164666257) Attempted to pick up a gmod_tool
L 10/30/2019 - 21:27:01: [FAdmin] eLeCtrOssSnake (STEAM_0:1:164666257) Attempted to pick up a pocket
L 10/30/2019 - 21:27:01: [FAdmin] eLeCtrOssSnake (STEAM_0:1:164666257) Attempted to pick up a weapon_physgun
L 10/30/2019 - 21:27:02: [FAdmin] eLeCtrOssSnake (STEAM_0:1:164666257) Attempted to switch noclip
L 10/30/2019 - 21:27:02: [FAdmin] eLeCtrOssSnake (STEAM_0:1:164666257) Attempted to switch noclip
L 10/30/2019 - 21:27:04: [FAdmin] eLeCtrOssSnake (STEAM_0:1:164666257) Attempted to switch noclip
L 10/30/2019 - 21:27:23: [FAdmin] Overhashed (STEAM_0:0:516940971) Attempted to switch noclip
L 10/30/2019 - 21:51:02: [FAdmin] Server succesfully shut down.
L 10/30/2019 - 21:51:02: [FAdmin] prop_physics(models/maxofs2d/companion_doll.mdl) Got removed
L 10/30/2019 - 21:51:02: [FAdmin] prop_physics(models/props_c17/furnituretable003a.mdl) Got removed
L 10/30/2019 - 21:51:02: [FAdmin] prop_physics(models/props_c17/furniturecouch002a.mdl) Got removed
L 10/30/2019 - 21:51:02: [FAdmin] prop_physics(models/props_c17/furniturecouch001a.mdl) Got removed
L 10/30/2019 - 21:51:02: [FAdmin] prop_physics(models/props_building_details/storefront_template001a_bars.mdl) Got removed
L 10/30/2019 - 21:51:02: [FAdmin] prop_physics(models/props/de_inferno/railing_backentrance.mdl) Got removed
L 10/30/2019 - 21:51:02: [FAdmin] prop_physics(models/props_building_details/building_tem002_window01.mdl) Got removed
L 10/30/2019 - 21:51:02: [FAdmin] prop_physics(models/props_buildings/row_res_1_fullscale.mdl) Got removed
L 10/30/2019 - 21:51:02: [FAdmin] prop_physics(models/props_buildings/row_res_1_fullscale.mdl) Got removed
L 10/30/2019 - 21:51:02: [FAdmin] prop_physics(models/props_buildings/collapsedbuilding02b.mdl) Got removed
L 10/30/2019 - 21:51:02: "eLeCtrOssSnake<8><STEAM_0:1:164666257><>" disconnected (reason "Server shutting down")
L 10/30/2019 - 21:51:02: "Bot02<7><BOT><>" disconnected (reason "Server shutting down")
L 10/30/2019 - 21:51:02: "Overhashed<6><STEAM_0:0:516940971><>" disconnected (reason "Server shutting down")
L 10/30/2019 - 21:51:02: server_message: "quit"
L 10/30/2019 - 21:51:02: Log file closed.
