L 10/30/2019 - 22:54:00: Log file started (file "logs\L1030019.log") (game "F:\sup\steamapps\common\GarrysModDS\garrysmod") (version "7517")
L 10/30/2019 - 22:54:00: server_cvar: "sv_alltalk" "3"
L 10/30/2019 - 22:54:00: server_cvar: "sv_allowcslua" "1"
L 10/30/2019 - 22:54:00: server_cvar: "sv_airaccelerate" "1000"
L 10/30/2019 - 22:54:00: server_cvar: "sv_alltalk" "0"
L 10/30/2019 - 22:54:01: Connection to Steam servers successful.
L 10/30/2019 - 22:54:01:    Public IP is 31.130.42.47.
L 10/30/2019 - 22:54:01: Assigned anonymous gameserver Steam ID [A-1:1243741189(13536)].
L 10/30/2019 - 22:54:02: VAC secure mode is activated.
L 10/30/2019 - 22:54:02: "DidVaitel<2><STEAM_0:1:74202541><>" connected, address "26.64.99.216:27006"
L 10/30/2019 - 22:54:03: "DidVaitel<2><STEAM_0:1:74202541><>" STEAM USERID validated
L 10/30/2019 - 22:54:07: "Pomoika Gangstera<3><STEAM_0:1:106057291><>" connected, address "46.188.121.100:7832"
L 10/30/2019 - 22:54:07: "Pomoika Gangstera<3><STEAM_0:1:106057291><>" STEAM USERID validated
L 10/30/2019 - 22:54:10: "eLeCtrOssSnake<4><STEAM_0:1:164666257><>" connected, address "185.103.110.206:27005"
L 10/30/2019 - 22:54:11: "eLeCtrOssSnake<4><STEAM_0:1:164666257><>" STEAM USERID validated
L 10/30/2019 - 22:54:12: [FAdmin] DidVaitel (STEAM_0:1:74202541) is Authed
L 10/30/2019 - 22:54:12: [FAdmin] DidVaitel (STEAM_0:1:74202541) Spawned for the first time
L 10/30/2019 - 22:54:12: [FAdmin] OverHashed (STEAM_0:1:74202541) Spawned
L 10/30/2019 - 22:54:12: "DidVaitel<2><STEAM_0:1:74202541><>" entered the game
L 10/30/2019 - 22:54:12: [FAdmin] OverHashed (STEAM_0:1:74202541) Attempted to pick up a keys
L 10/30/2019 - 22:54:12: [FAdmin] OverHashed (STEAM_0:1:74202541) Attempted to pick up a weapon_physcannon
L 10/30/2019 - 22:54:12: [FAdmin] OverHashed (STEAM_0:1:74202541) Attempted to pick up a gmod_camera
L 10/30/2019 - 22:54:12: [FAdmin] OverHashed (STEAM_0:1:74202541) Attempted to pick up a gmod_tool
L 10/30/2019 - 22:54:12: [FAdmin] OverHashed (STEAM_0:1:74202541) Attempted to pick up a pocket
L 10/30/2019 - 22:54:12: [FAdmin] OverHashed (STEAM_0:1:74202541) Attempted to pick up a weapon_physgun
L 10/30/2019 - 22:54:21: [FAdmin] eLeCtrOssSnake (STEAM_0:1:164666257) is Authed
L 10/30/2019 - 22:54:21: [FAdmin] eLeCtrOssSnake (STEAM_0:1:164666257) Spawned for the first time
L 10/30/2019 - 22:54:21: [FAdmin] eLeCtrOssSnake (STEAM_0:1:164666257) Spawned
L 10/30/2019 - 22:54:21: "eLeCtrOssSnake<4><STEAM_0:1:164666257><>" entered the game
L 10/30/2019 - 22:54:21: [FAdmin] eLeCtrOssSnake (STEAM_0:1:164666257) Attempted to pick up a keys
L 10/30/2019 - 22:54:21: [FAdmin] eLeCtrOssSnake (STEAM_0:1:164666257) Attempted to pick up a weapon_physcannon
L 10/30/2019 - 22:54:21: [FAdmin] eLeCtrOssSnake (STEAM_0:1:164666257) Attempted to pick up a gmod_camera
L 10/30/2019 - 22:54:21: [FAdmin] eLeCtrOssSnake (STEAM_0:1:164666257) Attempted to pick up a gmod_tool
L 10/30/2019 - 22:54:21: [FAdmin] eLeCtrOssSnake (STEAM_0:1:164666257) Attempted to pick up a pocket
L 10/30/2019 - 22:54:21: [FAdmin] eLeCtrOssSnake (STEAM_0:1:164666257) Attempted to pick up a weapon_physgun
L 10/30/2019 - 22:54:27: [FAdmin] Pomoika Gangstera (STEAM_0:1:106057291) is Authed
L 10/30/2019 - 22:54:27: [FAdmin] Pomoika Gangstera (STEAM_0:1:106057291) Spawned for the first time
L 10/30/2019 - 22:54:27: [FAdmin] Pomoika Gangstera (STEAM_0:1:106057291) Spawned
L 10/30/2019 - 22:54:27: "Pomoika Gangstera<3><STEAM_0:1:106057291><>" entered the game
L 10/30/2019 - 22:54:27: [FAdmin] Pomoika Gangstera (STEAM_0:1:106057291) Attempted to pick up a keys
L 10/30/2019 - 22:54:27: [FAdmin] Pomoika Gangstera (STEAM_0:1:106057291) Attempted to pick up a weapon_physcannon
L 10/30/2019 - 22:54:27: [FAdmin] Pomoika Gangstera (STEAM_0:1:106057291) Attempted to pick up a gmod_camera
L 10/30/2019 - 22:54:27: [FAdmin] Pomoika Gangstera (STEAM_0:1:106057291) Attempted to pick up a gmod_tool
L 10/30/2019 - 22:54:27: [FAdmin] Pomoika Gangstera (STEAM_0:1:106057291) Attempted to pick up a pocket
L 10/30/2019 - 22:54:27: [FAdmin] Pomoika Gangstera (STEAM_0:1:106057291) Attempted to pick up a weapon_physgun
L 10/30/2019 - 22:54:27: [FAdmin] OverHashed (STEAM_0:1:74202541) Gave himself a weapon_informer_laptop
L 10/30/2019 - 22:54:27: [FAdmin] OverHashed (STEAM_0:1:74202541) Attempted to pick up a weapon_informer_laptop
L 10/30/2019 - 22:54:36: [FAdmin] eLeCtrOssSnake (STEAM_0:1:164666257) changed from Citizen to Informer
L 10/30/2019 - 22:54:36: [FAdmin] eLeCtrOssSnake (STEAM_0:1:164666257) Attempted to pick up a weapon_informer_laptop
L 10/30/2019 - 22:54:36: [FAdmin] eLeCtrOssSnake (STEAM_0:1:164666257) Attempted to pick up a keys
L 10/30/2019 - 22:54:36: [FAdmin] eLeCtrOssSnake (STEAM_0:1:164666257) Attempted to pick up a weapon_physcannon
L 10/30/2019 - 22:54:36: [FAdmin] eLeCtrOssSnake (STEAM_0:1:164666257) Attempted to pick up a gmod_camera
L 10/30/2019 - 22:54:36: [FAdmin] eLeCtrOssSnake (STEAM_0:1:164666257) Attempted to pick up a gmod_tool
L 10/30/2019 - 22:54:36: [FAdmin] eLeCtrOssSnake (STEAM_0:1:164666257) Attempted to pick up a pocket
L 10/30/2019 - 22:54:36: [FAdmin] eLeCtrOssSnake (STEAM_0:1:164666257) Attempted to pick up a weapon_physgun
L 10/30/2019 - 22:54:42: [FAdmin] OverHashed (STEAM_0:1:74202541) changed from Citizen to Civil Protection
L 10/30/2019 - 22:54:42: [FAdmin] OverHashed (STEAM_0:1:74202541) Attempted to pick up a arrest_stick
L 10/30/2019 - 22:54:42: [FAdmin] OverHashed (STEAM_0:1:74202541) Attempted to pick up a unarrest_stick
L 10/30/2019 - 22:54:42: [FAdmin] OverHashed (STEAM_0:1:74202541) Attempted to pick up a weapon_glock2
L 10/30/2019 - 22:54:42: [FAdmin] OverHashed (STEAM_0:1:74202541) Attempted to pick up a stunstick
L 10/30/2019 - 22:54:42: [FAdmin] OverHashed (STEAM_0:1:74202541) Attempted to pick up a door_ram
L 10/30/2019 - 22:54:42: [FAdmin] OverHashed (STEAM_0:1:74202541) Attempted to pick up a weaponchecker
L 10/30/2019 - 22:54:42: [FAdmin] OverHashed (STEAM_0:1:74202541) Attempted to pick up a keys
L 10/30/2019 - 22:54:42: [FAdmin] OverHashed (STEAM_0:1:74202541) Attempted to pick up a weapon_physcannon
L 10/30/2019 - 22:54:42: [FAdmin] OverHashed (STEAM_0:1:74202541) Attempted to pick up a gmod_camera
L 10/30/2019 - 22:54:42: [FAdmin] OverHashed (STEAM_0:1:74202541) Attempted to pick up a gmod_tool
L 10/30/2019 - 22:54:42: [FAdmin] OverHashed (STEAM_0:1:74202541) Attempted to pick up a pocket
L 10/30/2019 - 22:54:42: [FAdmin] OverHashed (STEAM_0:1:74202541) Attempted to pick up a weapon_physgun
L 10/30/2019 - 22:54:42: [FAdmin] OverHashed (STEAM_0:1:74202541) Attempted to pick up a weapon_keypadchecker
L 10/30/2019 - 22:54:51: [FAdmin] Pomoika Gangstera (STEAM_0:1:106057291) changed from Citizen to Civil Protection
L 10/30/2019 - 22:54:51: [FAdmin] Pomoika Gangstera (STEAM_0:1:106057291) Attempted to pick up a arrest_stick
L 10/30/2019 - 22:54:51: [FAdmin] Pomoika Gangstera (STEAM_0:1:106057291) Attempted to pick up a unarrest_stick
L 10/30/2019 - 22:54:51: [FAdmin] Pomoika Gangstera (STEAM_0:1:106057291) Attempted to pick up a weapon_glock2
L 10/30/2019 - 22:54:51: [FAdmin] Pomoika Gangstera (STEAM_0:1:106057291) Attempted to pick up a stunstick
L 10/30/2019 - 22:54:51: [FAdmin] Pomoika Gangstera (STEAM_0:1:106057291) Attempted to pick up a door_ram
L 10/30/2019 - 22:54:51: [FAdmin] Pomoika Gangstera (STEAM_0:1:106057291) Attempted to pick up a weaponchecker
L 10/30/2019 - 22:54:51: [FAdmin] Pomoika Gangstera (STEAM_0:1:106057291) Attempted to pick up a keys
L 10/30/2019 - 22:54:51: [FAdmin] Pomoika Gangstera (STEAM_0:1:106057291) Attempted to pick up a weapon_physcannon
L 10/30/2019 - 22:54:51: [FAdmin] Pomoika Gangstera (STEAM_0:1:106057291) Attempted to pick up a gmod_camera
L 10/30/2019 - 22:54:51: [FAdmin] Pomoika Gangstera (STEAM_0:1:106057291) Attempted to pick up a gmod_tool
L 10/30/2019 - 22:54:51: [FAdmin] Pomoika Gangstera (STEAM_0:1:106057291) Attempted to pick up a pocket
L 10/30/2019 - 22:54:51: [FAdmin] Pomoika Gangstera (STEAM_0:1:106057291) Attempted to pick up a weapon_physgun
L 10/30/2019 - 22:54:57: [FAdmin] OverHashed (STEAM_0:1:74202541) Attempted to switch noclip
L 10/30/2019 - 22:55:00: [FAdmin] eLeCtrOssSnake (STEAM_0:1:164666257) Attempted to switch noclip
L 10/30/2019 - 22:55:00: [FAdmin] eLeCtrOssSnake (STEAM_0:1:164666257) Attempted to switch noclip
L 10/30/2019 - 22:55:01: [FAdmin] eLeCtrOssSnake (STEAM_0:1:164666257) Attempted to switch noclip
L 10/30/2019 - 22:55:01: [FAdmin] eLeCtrOssSnake (STEAM_0:1:164666257) Attempted to switch noclip
L 10/30/2019 - 22:55:01: [FAdmin] OverHashed (STEAM_0:1:74202541) Attempted to switch noclip
L 10/30/2019 - 22:55:02: [FAdmin] eLeCtrOssSnake (STEAM_0:1:164666257) Attempted to switch noclip
L 10/30/2019 - 22:55:08: [FAdmin] OverHashed (STEAM_0:1:74202541) Attempted to use tool creator
L 10/30/2019 - 22:55:08: [FAdmin] OverHashed (STEAM_0:1:74202541) Spawned a weapon_stunstick
L 10/30/2019 - 22:55:08: [FAdmin] Pomoika Gangstera (STEAM_0:1:106057291) Attempted to pick up a weapon_stunstick
L 10/30/2019 - 22:55:08: [FAdmin] OverHashed (STEAM_0:1:74202541) Attempted to use tool creator
L 10/30/2019 - 22:55:08: [FAdmin] OverHashed (STEAM_0:1:74202541) Spawned a weapon_stunstick
L 10/30/2019 - 22:55:08: [FAdmin] OverHashed (STEAM_0:1:74202541) Attempted to use tool creator
L 10/30/2019 - 22:55:08: [FAdmin] OverHashed (STEAM_0:1:74202541) Spawned a weapon_stunstick
L 10/30/2019 - 22:55:09: [FAdmin] OverHashed (STEAM_0:1:74202541) Attempted to use tool creator
L 10/30/2019 - 22:55:09: [FAdmin] OverHashed (STEAM_0:1:74202541) Spawned a weapon_stunstick
L 10/30/2019 - 22:55:09: [FAdmin] OverHashed (STEAM_0:1:74202541) Attempted to use tool creator
L 10/30/2019 - 22:55:09: [FAdmin] OverHashed (STEAM_0:1:74202541) Spawned a weapon_stunstick
L 10/30/2019 - 22:55:09: [FAdmin] OverHashed (STEAM_0:1:74202541) Gave himself a weapon_stunstick
L 10/30/2019 - 22:55:09: [FAdmin] OverHashed (STEAM_0:1:74202541) Attempted to pick up a weapon_stunstick
L 10/30/2019 - 22:55:12: [FAdmin] eLeCtrOssSnake (STEAM_0:1:164666257) Attempted to switch noclip
L 10/30/2019 - 22:55:12: [FAdmin] eLeCtrOssSnake (STEAM_0:1:164666257) Attempted to switch noclip
L 10/30/2019 - 22:55:13: [FAdmin] eLeCtrOssSnake (STEAM_0:1:164666257) Attempted to switch noclip
L 10/30/2019 - 22:55:20: "Pomoika Gangstera<3><STEAM_0:1:106057291><Civil Protection>" say "атк"

L 10/30/2019 - 22:55:21: [FAdmin] OverHashed (STEAM_0:1:74202541) Attempted to switch noclip
L 10/30/2019 - 22:55:22: "Pomoika Gangstera<3><STEAM_0:1:106057291><Civil Protection>" say "5 минут"

L 10/30/2019 - 22:55:24: "Pomoika Gangstera<3><STEAM_0:1:106057291><Civil Protection>" say "засекаю"

L 10/30/2019 - 22:55:24: [FAdmin] eLeCtrOssSnake (STEAM_0:1:164666257) Gave himself a weapon_informer_laptop
L 10/30/2019 - 22:55:32: "Pomoika Gangstera<3><STEAM_0:1:106057291><Civil Protection>" say "мне 5 минут осталсоь"

L 10/30/2019 - 22:55:33: "Pomoika Gangstera<3><STEAM_0:1:106057291><Civil Protection>" say "солнышко"

L 10/30/2019 - 22:55:33: [FAdmin] Pomoika Gangstera (STEAM_0:1:106057291) Attempted to switch noclip
L 10/30/2019 - 22:55:34: [FAdmin] Pomoika Gangstera (STEAM_0:1:106057291) Attempted to switch noclip
L 10/30/2019 - 22:55:34: [FAdmin] Pomoika Gangstera (STEAM_0:1:106057291) Attempted to switch noclip
L 10/30/2019 - 22:55:34: [FAdmin] Pomoika Gangstera (STEAM_0:1:106057291) Attempted to switch noclip
L 10/30/2019 - 22:55:34: [FAdmin] Pomoika Gangstera (STEAM_0:1:106057291) Attempted to switch noclip
L 10/30/2019 - 22:55:35: [FAdmin] Pomoika Gangstera (STEAM_0:1:106057291) Attempted to switch noclip
L 10/30/2019 - 22:55:36: [FAdmin] OverHashed set the health of Pomoika Gangstera to 100
L 10/30/2019 - 22:55:40: [FAdmin] Pomoika Gangstera (STEAM_0:1:106057291) Attempted to switch noclip
L 10/30/2019 - 22:55:40: [FAdmin] Pomoika Gangstera (STEAM_0:1:106057291) Attempted to switch noclip
L 10/30/2019 - 22:55:40: [FAdmin] OverHashed (STEAM_0:1:74202541) Attempted to switch noclip
L 10/30/2019 - 22:55:40: [FAdmin] eLeCtrOssSnake (STEAM_0:1:164666257) Attempted to switch noclip
L 10/30/2019 - 22:55:41: [FAdmin] eLeCtrOssSnake (STEAM_0:1:164666257) Attempted to switch noclip
L 10/30/2019 - 22:55:43: [FAdmin] Pomoika Gangstera (STEAM_0:1:106057291) Attempted to switch noclip
L 10/30/2019 - 22:55:43: [FAdmin] Pomoika Gangstera (STEAM_0:1:106057291) Attempted to switch noclip
L 10/30/2019 - 22:55:43: [FAdmin] Pomoika Gangstera (STEAM_0:1:106057291) Attempted to switch noclip
L 10/30/2019 - 22:55:43: [FAdmin] Pomoika Gangstera (STEAM_0:1:106057291) Attempted to switch noclip
L 10/30/2019 - 22:55:48: [FAdmin] Pomoika Gangstera (STEAM_0:1:106057291) Attempted to switch noclip
L 10/30/2019 - 22:55:50: [FAdmin] Pomoika Gangstera (STEAM_0:1:106057291) Attempted to switch noclip
L 10/30/2019 - 22:55:50: [FAdmin] Pomoika Gangstera (STEAM_0:1:106057291) Attempted to switch noclip
L 10/30/2019 - 22:55:51: [FAdmin] Pomoika Gangstera (STEAM_0:1:106057291) Attempted to switch noclip
L 10/30/2019 - 22:56:25: [FAdmin] Pomoika Gangstera (STEAM_0:1:106057291) Attempted to switch noclip
L 10/30/2019 - 22:56:26: [FAdmin] OverHashed (STEAM_0:1:74202541) Attempted to switch noclip
L 10/30/2019 - 22:56:29: [FAdmin] OverHashed (STEAM_0:1:74202541) Attempted to switch noclip
L 10/30/2019 - 22:56:30: [FAdmin] Pomoika Gangstera (STEAM_0:1:106057291) Attempted to switch noclip
L 10/30/2019 - 22:56:55: [FAdmin] eLeCtrOssSnake (STEAM_0:1:164666257) Attempted to pick up a weapon_informer_laptop
L 10/30/2019 - 22:57:08: [FAdmin] eLeCtrOssSnake (STEAM_0:1:164666257) Attempted to switch noclip
L 10/30/2019 - 22:57:10: "DidVaitel<2><STEAM_0:1:74202541><>" disconnected (reason "Disconnect by user.")
L 10/30/2019 - 22:57:10: [FAdmin] OverHashed (STEAM_0:1:74202541) Disconnected
L 10/30/2019 - 22:57:10: "DidVaitel<5><STEAM_0:1:74202541><>" connected, address "26.64.99.216:27006"
L 10/30/2019 - 22:57:11: "DidVaitel<5><STEAM_0:1:74202541><>" STEAM USERID validated
L 10/30/2019 - 22:57:13: [FAdmin] eLeCtrOssSnake (STEAM_0:1:164666257) Attempted to switch noclip
L 10/30/2019 - 22:57:14: [FAdmin] eLeCtrOssSnake (STEAM_0:1:164666257) Attempted to switch noclip
L 10/30/2019 - 22:57:15: [FAdmin] Pomoika Gangstera (STEAM_0:1:106057291) Attempted to switch noclip
L 10/30/2019 - 22:57:16: [FAdmin] Pomoika Gangstera (STEAM_0:1:106057291) Attempted to switch noclip
L 10/30/2019 - 22:57:16: [FAdmin] Pomoika Gangstera (STEAM_0:1:106057291) Attempted to switch noclip
L 10/30/2019 - 22:57:16: [FAdmin] Pomoika Gangstera (STEAM_0:1:106057291) Attempted to switch noclip
L 10/30/2019 - 22:57:16: [FAdmin] Pomoika Gangstera (STEAM_0:1:106057291) Attempted to switch noclip
L 10/30/2019 - 22:57:17: [FAdmin] eLeCtrOssSnake (STEAM_0:1:164666257) Attempted to switch noclip
L 10/30/2019 - 22:57:17: [FAdmin] Pomoika Gangstera (STEAM_0:1:106057291) Attempted to switch noclip
L 10/30/2019 - 22:57:18: [FAdmin] eLeCtrOssSnake (STEAM_0:1:164666257) Attempted to switch noclip
L 10/30/2019 - 22:57:19: [FAdmin] eLeCtrOssSnake (STEAM_0:1:164666257) Attempted to switch noclip
L 10/30/2019 - 22:57:20: [FAdmin] Pomoika Gangstera (STEAM_0:1:106057291) Attempted to switch noclip
L 10/30/2019 - 22:57:20: [FAdmin] Pomoika Gangstera (STEAM_0:1:106057291) Attempted to switch noclip
L 10/30/2019 - 22:57:20: [FAdmin] eLeCtrOssSnake (STEAM_0:1:164666257) Attempted to switch noclip
L 10/30/2019 - 22:57:20: [FAdmin] DidVaitel (STEAM_0:1:74202541) is Authed
L 10/30/2019 - 22:57:20: [FAdmin] DidVaitel (STEAM_0:1:74202541) Spawned for the first time
L 10/30/2019 - 22:57:20: [FAdmin] OverHashed (STEAM_0:1:74202541) Spawned
L 10/30/2019 - 22:57:20: "DidVaitel<5><STEAM_0:1:74202541><>" entered the game
L 10/30/2019 - 22:57:20: [FAdmin] OverHashed (STEAM_0:1:74202541) Attempted to pick up a keys
L 10/30/2019 - 22:57:20: [FAdmin] OverHashed (STEAM_0:1:74202541) Attempted to pick up a weapon_physcannon
L 10/30/2019 - 22:57:20: [FAdmin] OverHashed (STEAM_0:1:74202541) Attempted to pick up a gmod_camera
L 10/30/2019 - 22:57:20: [FAdmin] OverHashed (STEAM_0:1:74202541) Attempted to pick up a gmod_tool
L 10/30/2019 - 22:57:20: [FAdmin] OverHashed (STEAM_0:1:74202541) Attempted to pick up a pocket
L 10/30/2019 - 22:57:20: [FAdmin] OverHashed (STEAM_0:1:74202541) Attempted to pick up a weapon_physgun
L 10/30/2019 - 22:57:20: [FAdmin] Pomoika Gangstera (STEAM_0:1:106057291) Attempted to switch noclip
L 10/30/2019 - 22:57:21: [FAdmin] Pomoika Gangstera (STEAM_0:1:106057291) Attempted to switch noclip
L 10/30/2019 - 22:57:21: [FAdmin] Pomoika Gangstera (STEAM_0:1:106057291) Attempted to switch noclip
L 10/30/2019 - 22:57:21: [FAdmin] Pomoika Gangstera (STEAM_0:1:106057291) Attempted to switch noclip
L 10/30/2019 - 22:57:22: [FAdmin] Pomoika Gangstera (STEAM_0:1:106057291) Attempted to switch noclip
L 10/30/2019 - 22:57:22: [FAdmin] eLeCtrOssSnake (STEAM_0:1:164666257) Attempted to switch noclip
L 10/30/2019 - 22:57:23: [FAdmin] Pomoika Gangstera (STEAM_0:1:106057291) Attempted to switch noclip
L 10/30/2019 - 22:57:24: [FAdmin] eLeCtrOssSnake (STEAM_0:1:164666257) Attempted to switch noclip
L 10/30/2019 - 22:57:28: [FAdmin] eLeCtrOssSnake (STEAM_0:1:164666257) Attempted to switch noclip
L 10/30/2019 - 22:57:28: [FAdmin] eLeCtrOssSnake (STEAM_0:1:164666257) Attempted to switch noclip
L 10/30/2019 - 22:57:29: [FAdmin] eLeCtrOssSnake (STEAM_0:1:164666257) Attempted to switch noclip
L 10/30/2019 - 22:57:30: [FAdmin] eLeCtrOssSnake (STEAM_0:1:164666257) Attempted to switch noclip
L 10/30/2019 - 22:57:30: [FAdmin] OverHashed (STEAM_0:1:74202541) Attempted to switch noclip
L 10/30/2019 - 22:57:32: [FAdmin] OverHashed (STEAM_0:1:74202541) Attempted to switch noclip
L 10/30/2019 - 22:57:33: [FAdmin] eLeCtrOssSnake (STEAM_0:1:164666257) Attempted to switch noclip
L 10/30/2019 - 22:57:33: [FAdmin] eLeCtrOssSnake (STEAM_0:1:164666257) Attempted to switch noclip
L 10/30/2019 - 22:57:33: [FAdmin] eLeCtrOssSnake (STEAM_0:1:164666257) Attempted to switch noclip
L 10/30/2019 - 22:57:35: [FAdmin] eLeCtrOssSnake (STEAM_0:1:164666257) Attempted to switch noclip
L 10/30/2019 - 22:57:46: [FAdmin] eLeCtrOssSnake (STEAM_0:1:164666257) Attempted to switch noclip
L 10/30/2019 - 22:57:47: "DidVaitel<5><STEAM_0:1:74202541><>" disconnected (reason "Disconnect by user.")
L 10/30/2019 - 22:57:47: [FAdmin] OverHashed (STEAM_0:1:74202541) Disconnected
L 10/30/2019 - 22:57:47: "DidVaitel<6><STEAM_0:1:74202541><>" connected, address "26.64.99.216:27006"
L 10/30/2019 - 22:57:48: "DidVaitel<6><STEAM_0:1:74202541><>" STEAM USERID validated
L 10/30/2019 - 22:57:48: [FAdmin] eLeCtrOssSnake (STEAM_0:1:164666257) Attempted to switch noclip
L 10/30/2019 - 22:57:48: [FAdmin] Pomoika Gangstera (STEAM_0:1:106057291) Attempted to switch noclip
L 10/30/2019 - 22:57:49: [FAdmin] Pomoika Gangstera (STEAM_0:1:106057291) Attempted to switch noclip
L 10/30/2019 - 22:57:49: [FAdmin] Pomoika Gangstera (STEAM_0:1:106057291) Attempted to switch noclip
L 10/30/2019 - 22:57:49: [FAdmin] Pomoika Gangstera (STEAM_0:1:106057291) Attempted to switch noclip
L 10/30/2019 - 22:57:49: [FAdmin] eLeCtrOssSnake (STEAM_0:1:164666257) Attempted to switch noclip
L 10/30/2019 - 22:57:50: [FAdmin] Pomoika Gangstera (STEAM_0:1:106057291) Attempted to switch noclip
L 10/30/2019 - 22:57:50: [FAdmin] Pomoika Gangstera (STEAM_0:1:106057291) Attempted to switch noclip
L 10/30/2019 - 22:57:50: [FAdmin] Pomoika Gangstera (STEAM_0:1:106057291) Attempted to switch noclip
L 10/30/2019 - 22:57:50: [FAdmin] Pomoika Gangstera (STEAM_0:1:106057291) Attempted to switch noclip
L 10/30/2019 - 22:57:51: [FAdmin] eLeCtrOssSnake (STEAM_0:1:164666257) Attempted to switch noclip
L 10/30/2019 - 22:57:52: [FAdmin] Pomoika Gangstera (STEAM_0:1:106057291) Attempted to switch noclip
L 10/30/2019 - 22:57:52: [FAdmin] Pomoika Gangstera (STEAM_0:1:106057291) Attempted to switch noclip
L 10/30/2019 - 22:57:52: [FAdmin] eLeCtrOssSnake (STEAM_0:1:164666257) Attempted to switch noclip
L 10/30/2019 - 22:57:53: [FAdmin] Pomoika Gangstera (STEAM_0:1:106057291) Attempted to switch noclip
L 10/30/2019 - 22:57:53: [FAdmin] Pomoika Gangstera (STEAM_0:1:106057291) Attempted to switch noclip
L 10/30/2019 - 22:57:53: [FAdmin] Pomoika Gangstera (STEAM_0:1:106057291) Attempted to switch noclip
L 10/30/2019 - 22:57:53: [FAdmin] Pomoika Gangstera (STEAM_0:1:106057291) Attempted to switch noclip
L 10/30/2019 - 22:57:54: [FAdmin] Pomoika Gangstera (STEAM_0:1:106057291) Attempted to switch noclip
L 10/30/2019 - 22:57:54: [FAdmin] Pomoika Gangstera (STEAM_0:1:106057291) Attempted to switch noclip
L 10/30/2019 - 22:57:55: [FAdmin] Pomoika Gangstera (STEAM_0:1:106057291) Attempted to switch noclip
L 10/30/2019 - 22:57:55: [FAdmin] Pomoika Gangstera (STEAM_0:1:106057291) Attempted to switch noclip
L 10/30/2019 - 22:57:55: [FAdmin] eLeCtrOssSnake (STEAM_0:1:164666257) Attempted to switch noclip
L 10/30/2019 - 22:57:56: [FAdmin] Pomoika Gangstera (STEAM_0:1:106057291) Attempted to switch noclip
L 10/30/2019 - 22:57:56: [FAdmin] Pomoika Gangstera (STEAM_0:1:106057291) Attempted to switch noclip
L 10/30/2019 - 22:57:56: [FAdmin] Pomoika Gangstera (STEAM_0:1:106057291) Attempted to switch noclip
L 10/30/2019 - 22:57:57: [FAdmin] eLeCtrOssSnake (STEAM_0:1:164666257) Attempted to switch noclip
L 10/30/2019 - 22:57:57: [FAdmin] Pomoika Gangstera (STEAM_0:1:106057291) Attempted to switch noclip
L 10/30/2019 - 22:57:57: [FAdmin] Pomoika Gangstera (STEAM_0:1:106057291) Attempted to switch noclip
L 10/30/2019 - 22:57:57: [FAdmin] DidVaitel (STEAM_0:1:74202541) is Authed
L 10/30/2019 - 22:57:57: [FAdmin] DidVaitel (STEAM_0:1:74202541) Spawned for the first time
L 10/30/2019 - 22:57:57: [FAdmin] OverHashed (STEAM_0:1:74202541) Spawned
L 10/30/2019 - 22:57:57: "DidVaitel<6><STEAM_0:1:74202541><>" entered the game
L 10/30/2019 - 22:57:57: [FAdmin] OverHashed (STEAM_0:1:74202541) Attempted to pick up a keys
L 10/30/2019 - 22:57:57: [FAdmin] OverHashed (STEAM_0:1:74202541) Attempted to pick up a weapon_physcannon
L 10/30/2019 - 22:57:57: [FAdmin] OverHashed (STEAM_0:1:74202541) Attempted to pick up a gmod_camera
L 10/30/2019 - 22:57:57: [FAdmin] OverHashed (STEAM_0:1:74202541) Attempted to pick up a gmod_tool
L 10/30/2019 - 22:57:57: [FAdmin] OverHashed (STEAM_0:1:74202541) Attempted to pick up a pocket
L 10/30/2019 - 22:57:57: [FAdmin] OverHashed (STEAM_0:1:74202541) Attempted to pick up a weapon_physgun
L 10/30/2019 - 22:57:57: [FAdmin] Pomoika Gangstera (STEAM_0:1:106057291) Attempted to switch noclip
L 10/30/2019 - 22:57:58: [FAdmin] Pomoika Gangstera (STEAM_0:1:106057291) Attempted to switch noclip
L 10/30/2019 - 22:57:58: [FAdmin] Pomoika Gangstera (STEAM_0:1:106057291) Attempted to switch noclip
L 10/30/2019 - 22:57:58: [FAdmin] Pomoika Gangstera (STEAM_0:1:106057291) Attempted to switch noclip
L 10/30/2019 - 22:57:58: [FAdmin] Pomoika Gangstera (STEAM_0:1:106057291) Attempted to switch noclip
L 10/30/2019 - 22:57:59: [FAdmin] Pomoika Gangstera (STEAM_0:1:106057291) Attempted to switch noclip
L 10/30/2019 - 22:58:00: [FAdmin] eLeCtrOssSnake (STEAM_0:1:164666257) Got killed by eLeCtrOssSnake with a player
L 10/30/2019 - 22:58:01: [FAdmin] eLeCtrOssSnake (STEAM_0:1:164666257) Spawned
L 10/30/2019 - 22:58:01: [FAdmin] eLeCtrOssSnake (STEAM_0:1:164666257) Attempted to pick up a weapon_informer_laptop
L 10/30/2019 - 22:58:01: [FAdmin] eLeCtrOssSnake (STEAM_0:1:164666257) Attempted to pick up a keys
L 10/30/2019 - 22:58:01: [FAdmin] eLeCtrOssSnake (STEAM_0:1:164666257) Attempted to pick up a weapon_physcannon
L 10/30/2019 - 22:58:01: [FAdmin] eLeCtrOssSnake (STEAM_0:1:164666257) Attempted to pick up a gmod_camera
L 10/30/2019 - 22:58:01: [FAdmin] eLeCtrOssSnake (STEAM_0:1:164666257) Attempted to pick up a gmod_tool
L 10/30/2019 - 22:58:01: [FAdmin] eLeCtrOssSnake (STEAM_0:1:164666257) Attempted to pick up a pocket
L 10/30/2019 - 22:58:01: [FAdmin] eLeCtrOssSnake (STEAM_0:1:164666257) Attempted to pick up a weapon_physgun
L 10/30/2019 - 22:58:07: [FAdmin] OverHashed (STEAM_0:1:74202541) Attempted to switch noclip
L 10/30/2019 - 22:58:08: [FAdmin] Pomoika Gangstera (STEAM_0:1:106057291) Attempted to switch noclip
L 10/30/2019 - 22:58:10: [FAdmin] eLeCtrOssSnake (STEAM_0:1:164666257) Attempted to switch noclip
L 10/30/2019 - 22:58:12: [FAdmin] Pomoika Gangstera (STEAM_0:1:106057291) Attempted to switch noclip
L 10/30/2019 - 22:58:15: [FAdmin] eLeCtrOssSnake (STEAM_0:1:164666257) Attempted to switch noclip
L 10/30/2019 - 22:58:15: [FAdmin] eLeCtrOssSnake (STEAM_0:1:164666257) Attempted to switch noclip
L 10/30/2019 - 22:58:15: [FAdmin] eLeCtrOssSnake (STEAM_0:1:164666257) Attempted to switch noclip
L 10/30/2019 - 22:58:16: [FAdmin] Pomoika Gangstera (STEAM_0:1:106057291) Spawned a models/props_docks/dock03_pole01a.mdl
L 10/30/2019 - 22:58:17: [FAdmin] prop_physics(models/props_docks/dock03_pole01a.mdl) Got removed
L 10/30/2019 - 22:58:32: [FAdmin] OverHashed (STEAM_0:1:74202541) Attempted to use tool creator
L 10/30/2019 - 22:58:32: [FAdmin] OverHashed (STEAM_0:1:74202541) Spawned a weapon_informer_laptop
L 10/30/2019 - 22:58:32: [FAdmin] OverHashed (STEAM_0:1:74202541) Attempted to use tool creator
L 10/30/2019 - 22:58:32: [FAdmin] OverHashed (STEAM_0:1:74202541) Spawned a weapon_informer_laptop
L 10/30/2019 - 22:58:32: [FAdmin] OverHashed (STEAM_0:1:74202541) Attempted to use tool creator
L 10/30/2019 - 22:58:32: [FAdmin] OverHashed (STEAM_0:1:74202541) Spawned a weapon_informer_laptop
L 10/30/2019 - 22:58:33: [FAdmin] OverHashed (STEAM_0:1:74202541) Attempted to use tool creator
L 10/30/2019 - 22:58:33: [FAdmin] OverHashed (STEAM_0:1:74202541) Spawned a weapon_informer_laptop
L 10/30/2019 - 22:58:33: [FAdmin] eLeCtrOssSnake (STEAM_0:1:164666257) Attempted to switch noclip
L 10/30/2019 - 22:58:33: [FAdmin] OverHashed (STEAM_0:1:74202541) Attempted to use tool creator
L 10/30/2019 - 22:58:33: [FAdmin] OverHashed (STEAM_0:1:74202541) Spawned a weapon_informer_laptop
L 10/30/2019 - 22:58:34: [FAdmin] Pomoika Gangstera (STEAM_0:1:106057291) Attempted to pick up a weapon_informer_laptop
L 10/30/2019 - 22:58:34: [FAdmin] eLeCtrOssSnake (STEAM_0:1:164666257) Attempted to switch noclip
L 10/30/2019 - 22:58:36: [FAdmin] eLeCtrOssSnake (STEAM_0:1:164666257) Attempted to switch noclip
L 10/30/2019 - 22:58:38: [FAdmin] OverHashed (STEAM_0:1:74202541) Gave himself a weapon_informer_laptop
L 10/30/2019 - 22:58:38: [FAdmin] OverHashed (STEAM_0:1:74202541) Attempted to pick up a weapon_informer_laptop
L 10/30/2019 - 22:58:39: [FAdmin] OverHashed (STEAM_0:1:74202541) Attempted to switch noclip
L 10/30/2019 - 22:58:39: [FAdmin] eLeCtrOssSnake (STEAM_0:1:164666257) Attempted to switch noclip
L 10/30/2019 - 22:58:45: "Pomoika Gangstera<3><STEAM_0:1:106057291><Civil Protection>" say "русский"

L 10/30/2019 - 22:59:49: [FAdmin] eLeCtrOssSnake (STEAM_0:1:164666257) Got killed by Pomoika Gangstera with a player
L 10/30/2019 - 22:59:57: [FAdmin] OverHashed (STEAM_0:1:74202541) Got killed by Pomoika Gangstera with a player
L 10/30/2019 - 23:00:12: [FAdmin] OverHashed (STEAM_0:1:74202541) Spawned
L 10/30/2019 - 23:00:12: [FAdmin] OverHashed (STEAM_0:1:74202541) Attempted to pick up a keys
L 10/30/2019 - 23:00:12: [FAdmin] OverHashed (STEAM_0:1:74202541) Attempted to pick up a weapon_physcannon
L 10/30/2019 - 23:00:12: [FAdmin] OverHashed (STEAM_0:1:74202541) Attempted to pick up a gmod_camera
L 10/30/2019 - 23:00:12: [FAdmin] OverHashed (STEAM_0:1:74202541) Attempted to pick up a gmod_tool
L 10/30/2019 - 23:00:12: [FAdmin] OverHashed (STEAM_0:1:74202541) Attempted to pick up a pocket
L 10/30/2019 - 23:00:12: [FAdmin] OverHashed (STEAM_0:1:74202541) Attempted to pick up a weapon_physgun
L 10/30/2019 - 23:00:12: [FAdmin] OverHashed (STEAM_0:1:74202541) Attempted to pick up a weapon_keypadchecker
L 10/30/2019 - 23:00:12: [FAdmin] OverHashed (STEAM_0:1:74202541) Attempted to pick up a door_ram
L 10/30/2019 - 23:00:12: [FAdmin] OverHashed (STEAM_0:1:74202541) Attempted to pick up a arrest_stick
L 10/30/2019 - 23:00:12: [FAdmin] OverHashed (STEAM_0:1:74202541) Attempted to pick up a unarrest_stick
L 10/30/2019 - 23:00:12: [FAdmin] OverHashed (STEAM_0:1:74202541) Attempted to pick up a stunstick
L 10/30/2019 - 23:00:12: [FAdmin] OverHashed (STEAM_0:1:74202541) Attempted to pick up a weaponchecker
L 10/30/2019 - 23:00:13: [FAdmin] OverHashed (STEAM_0:1:74202541) Attempted to switch noclip
L 10/30/2019 - 23:00:16: [FAdmin] OverHashed (STEAM_0:1:74202541) Attempted to switch noclip
L 10/30/2019 - 23:00:17: [FAdmin] OverHashed (STEAM_0:1:74202541) Gave himself a weapon_informer_laptop
L 10/30/2019 - 23:00:17: [FAdmin] OverHashed (STEAM_0:1:74202541) Attempted to pick up a weapon_informer_laptop
L 10/30/2019 - 23:00:18: [FAdmin] OverHashed (STEAM_0:1:74202541) Attempted to pick up a weapon_informer_laptop
L 10/30/2019 - 23:00:22: [FAdmin] Pomoika Gangstera (STEAM_0:1:106057291) Attempted to switch noclip
L 10/30/2019 - 23:00:22: [FAdmin] eLeCtrOssSnake (STEAM_0:1:164666257) Spawned
L 10/30/2019 - 23:00:22: [FAdmin] eLeCtrOssSnake (STEAM_0:1:164666257) Attempted to pick up a weapon_informer_laptop
L 10/30/2019 - 23:00:22: [FAdmin] eLeCtrOssSnake (STEAM_0:1:164666257) Attempted to pick up a keys
L 10/30/2019 - 23:00:22: [FAdmin] eLeCtrOssSnake (STEAM_0:1:164666257) Attempted to pick up a weapon_physcannon
L 10/30/2019 - 23:00:22: [FAdmin] eLeCtrOssSnake (STEAM_0:1:164666257) Attempted to pick up a gmod_camera
L 10/30/2019 - 23:00:22: [FAdmin] eLeCtrOssSnake (STEAM_0:1:164666257) Attempted to pick up a gmod_tool
L 10/30/2019 - 23:00:22: [FAdmin] eLeCtrOssSnake (STEAM_0:1:164666257) Attempted to pick up a pocket
L 10/30/2019 - 23:00:22: [FAdmin] eLeCtrOssSnake (STEAM_0:1:164666257) Attempted to pick up a weapon_physgun
L 10/30/2019 - 23:00:22: [FAdmin] Pomoika Gangstera (STEAM_0:1:106057291) Attempted to switch noclip
L 10/30/2019 - 23:00:23: [FAdmin] eLeCtrOssSnake (STEAM_0:1:164666257) Attempted to switch noclip
L 10/30/2019 - 23:00:26: [FAdmin] OverHashed (STEAM_0:1:74202541) Attempted to use tool creator
L 10/30/2019 - 23:00:26: [FAdmin] OverHashed (STEAM_0:1:74202541) Spawned a weapon_informer_laptop
L 10/30/2019 - 23:00:26: [FAdmin] OverHashed (STEAM_0:1:74202541) Attempted to use tool creator
L 10/30/2019 - 23:00:26: [FAdmin] OverHashed (STEAM_0:1:74202541) Spawned a weapon_informer_laptop
L 10/30/2019 - 23:00:27: [FAdmin] OverHashed (STEAM_0:1:74202541) Attempted to use tool creator
L 10/30/2019 - 23:00:27: [FAdmin] OverHashed (STEAM_0:1:74202541) Spawned a weapon_informer_laptop
L 10/30/2019 - 23:00:27: [FAdmin] OverHashed (STEAM_0:1:74202541) Attempted to use tool creator
L 10/30/2019 - 23:00:27: [FAdmin] OverHashed (STEAM_0:1:74202541) Spawned a weapon_informer_laptop
L 10/30/2019 - 23:00:27: [FAdmin] eLeCtrOssSnake (STEAM_0:1:164666257) Attempted to switch noclip
L 10/30/2019 - 23:00:27: [FAdmin] OverHashed (STEAM_0:1:74202541) Attempted to use tool creator
L 10/30/2019 - 23:00:27: [FAdmin] OverHashed (STEAM_0:1:74202541) Spawned a weapon_informer_laptop
L 10/30/2019 - 23:00:27: [FAdmin] OverHashed (STEAM_0:1:74202541) Attempted to use tool creator
L 10/30/2019 - 23:00:27: [FAdmin] OverHashed (STEAM_0:1:74202541) Spawned a weapon_informer_laptop
L 10/30/2019 - 23:00:27: [FAdmin] OverHashed (STEAM_0:1:74202541) Attempted to use tool creator
L 10/30/2019 - 23:00:27: [FAdmin] OverHashed (STEAM_0:1:74202541) Spawned a weapon_informer_laptop
L 10/30/2019 - 23:00:28: [FAdmin] Pomoika Gangstera (STEAM_0:1:106057291) Attempted to switch noclip
L 10/30/2019 - 23:00:28: [FAdmin] OverHashed (STEAM_0:1:74202541) Attempted to pick up a weapon_informer_laptop
L 10/30/2019 - 23:00:29: [FAdmin] eLeCtrOssSnake (STEAM_0:1:164666257) Attempted to switch noclip
L 10/30/2019 - 23:00:30: [FAdmin] eLeCtrOssSnake (STEAM_0:1:164666257) Attempted to switch noclip
L 10/30/2019 - 23:00:31: [FAdmin] Pomoika Gangstera (STEAM_0:1:106057291) Attempted to pick up a weapon_informer_laptop
L 10/30/2019 - 23:00:33: [FAdmin] OverHashed (STEAM_0:1:74202541) Attempted to use tool creator
L 10/30/2019 - 23:00:33: [FAdmin] OverHashed (STEAM_0:1:74202541) Spawned a weapon_informer_laptop
L 10/30/2019 - 23:00:35: [FAdmin] eLeCtrOssSnake (STEAM_0:1:164666257) Attempted to switch noclip
L 10/30/2019 - 23:00:35: [FAdmin] Pomoika Gangstera (STEAM_0:1:106057291) Attempted to pick up a weapon_informer_laptop
L 10/30/2019 - 23:00:35: [FAdmin] eLeCtrOssSnake (STEAM_0:1:164666257) Attempted to switch noclip
L 10/30/2019 - 23:00:38: "DidVaitel<6><STEAM_0:1:74202541><>" disconnected (reason "Disconnect by user.")
L 10/30/2019 - 23:00:38: [FAdmin] OverHashed (STEAM_0:1:74202541) Disconnected
L 10/30/2019 - 23:00:39: "DidVaitel<7><STEAM_0:1:74202541><>" connected, address "26.64.99.216:27006"
L 10/30/2019 - 23:00:40: "DidVaitel<7><STEAM_0:1:74202541><>" STEAM USERID validated
L 10/30/2019 - 23:00:47: [FAdmin] eLeCtrOssSnake (STEAM_0:1:164666257) Got killed by Pomoika Gangstera with a player
L 10/30/2019 - 23:00:50: [FAdmin] DidVaitel (STEAM_0:1:74202541) is Authed
L 10/30/2019 - 23:00:50: [FAdmin] DidVaitel (STEAM_0:1:74202541) Spawned for the first time
L 10/30/2019 - 23:00:50: [FAdmin] OverHashed (STEAM_0:1:74202541) Spawned
L 10/30/2019 - 23:00:50: "DidVaitel<7><STEAM_0:1:74202541><>" entered the game
L 10/30/2019 - 23:00:50: [FAdmin] OverHashed (STEAM_0:1:74202541) Attempted to pick up a keys
L 10/30/2019 - 23:00:50: [FAdmin] OverHashed (STEAM_0:1:74202541) Attempted to pick up a weapon_physcannon
L 10/30/2019 - 23:00:50: [FAdmin] OverHashed (STEAM_0:1:74202541) Attempted to pick up a gmod_camera
L 10/30/2019 - 23:00:50: [FAdmin] OverHashed (STEAM_0:1:74202541) Attempted to pick up a gmod_tool
L 10/30/2019 - 23:00:50: [FAdmin] OverHashed (STEAM_0:1:74202541) Attempted to pick up a pocket
L 10/30/2019 - 23:00:50: [FAdmin] OverHashed (STEAM_0:1:74202541) Attempted to pick up a weapon_physgun
L 10/30/2019 - 23:00:50: [FAdmin] Pomoika Gangstera (STEAM_0:1:106057291) Attempted to switch noclip
L 10/30/2019 - 23:00:51: [FAdmin] Pomoika Gangstera (STEAM_0:1:106057291) Attempted to switch noclip
L 10/30/2019 - 23:00:51: [FAdmin] Pomoika Gangstera (STEAM_0:1:106057291) Attempted to switch noclip
L 10/30/2019 - 23:00:51: [FAdmin] Pomoika Gangstera (STEAM_0:1:106057291) Attempted to switch noclip
L 10/30/2019 - 23:00:52: [FAdmin] Pomoika Gangstera (STEAM_0:1:106057291) Attempted to switch noclip
L 10/30/2019 - 23:00:53: [FAdmin] Pomoika Gangstera (STEAM_0:1:106057291) Attempted to switch noclip
L 10/30/2019 - 23:00:53: [FAdmin] Pomoika Gangstera (STEAM_0:1:106057291) Attempted to switch noclip
L 10/30/2019 - 23:00:54: [FAdmin] Pomoika Gangstera (STEAM_0:1:106057291) Attempted to switch noclip
L 10/30/2019 - 23:00:54: [FAdmin] Pomoika Gangstera (STEAM_0:1:106057291) Attempted to switch noclip
L 10/30/2019 - 23:00:55: [FAdmin] Pomoika Gangstera (STEAM_0:1:106057291) Attempted to switch noclip
L 10/30/2019 - 23:00:55: [FAdmin] Pomoika Gangstera (STEAM_0:1:106057291) Attempted to switch noclip
L 10/30/2019 - 23:01:00: [FAdmin] OverHashed (STEAM_0:1:74202541) Attempted to switch noclip
L 10/30/2019 - 23:01:01: [FAdmin] OverHashed (STEAM_0:1:74202541) Attempted to switch noclip
L 10/30/2019 - 23:01:02: [FAdmin] OverHashed (STEAM_0:1:74202541) Attempted to pick up a weapon_informer_laptop
L 10/30/2019 - 23:01:03: [FAdmin] Pomoika Gangstera (STEAM_0:1:106057291) Attempted to switch noclip
L 10/30/2019 - 23:01:03: [FAdmin] Pomoika Gangstera (STEAM_0:1:106057291) Attempted to switch noclip
L 10/30/2019 - 23:01:06: [FAdmin] eLeCtrOssSnake (STEAM_0:1:164666257) Spawned
L 10/30/2019 - 23:01:06: [FAdmin] eLeCtrOssSnake (STEAM_0:1:164666257) Attempted to pick up a weapon_informer_laptop
L 10/30/2019 - 23:01:06: [FAdmin] eLeCtrOssSnake (STEAM_0:1:164666257) Attempted to pick up a keys
L 10/30/2019 - 23:01:06: [FAdmin] eLeCtrOssSnake (STEAM_0:1:164666257) Attempted to pick up a weapon_physcannon
L 10/30/2019 - 23:01:06: [FAdmin] eLeCtrOssSnake (STEAM_0:1:164666257) Attempted to pick up a gmod_camera
L 10/30/2019 - 23:01:06: [FAdmin] eLeCtrOssSnake (STEAM_0:1:164666257) Attempted to pick up a gmod_tool
L 10/30/2019 - 23:01:06: [FAdmin] eLeCtrOssSnake (STEAM_0:1:164666257) Attempted to pick up a pocket
L 10/30/2019 - 23:01:06: [FAdmin] eLeCtrOssSnake (STEAM_0:1:164666257) Attempted to pick up a weapon_physgun
L 10/30/2019 - 23:01:07: [FAdmin] eLeCtrOssSnake (STEAM_0:1:164666257) Attempted to switch noclip
L 10/30/2019 - 23:01:09: [FAdmin] eLeCtrOssSnake (STEAM_0:1:164666257) Gave himself a weapon_informer_laptop
L 10/30/2019 - 23:01:10: [FAdmin] OverHashed (STEAM_0:1:74202541) Attempted to switch noclip
L 10/30/2019 - 23:01:11: [FAdmin] eLeCtrOssSnake (STEAM_0:1:164666257) Attempted to switch noclip
L 10/30/2019 - 23:01:13: "Pomoika Gangstera<3><STEAM_0:1:106057291><>" disconnected (reason "Disconnect by user.")
L 10/30/2019 - 23:01:13: [FAdmin] Pomoika Gangstera (STEAM_0:1:106057291) Disconnected
L 10/30/2019 - 23:01:15: [FAdmin] eLeCtrOssSnake (STEAM_0:1:164666257) Attempted to switch noclip
L 10/30/2019 - 23:01:15: [FAdmin] eLeCtrOssSnake (STEAM_0:1:164666257) Attempted to switch noclip
L 10/30/2019 - 23:01:22: [FAdmin] OverHashed (STEAM_0:1:74202541) Attempted to switch noclip
L 10/30/2019 - 23:01:31: [FAdmin] eLeCtrOssSnake (STEAM_0:1:164666257) Attempted to switch noclip
L 10/30/2019 - 23:01:32: [FAdmin] eLeCtrOssSnake (STEAM_0:1:164666257) Attempted to switch noclip
L 10/30/2019 - 23:02:48: "eLeCtrOssSnake<4><STEAM_0:1:164666257><Informer>" say "!nick 1"

L 10/30/2019 - 23:02:51: "eLeCtrOssSnake<4><STEAM_0:1:164666257><Informer>" say "/nick"

L 10/30/2019 - 23:02:55: "Down<4><STEAM_0:1:164666257><Informer>" say "/nick Down"

L 10/30/2019 - 23:03:12: "eLeCtrOssSnake<4><STEAM_0:1:164666257><Informer>" say "/nick eLeCtrOssSnake"

L 10/30/2019 - 23:03:21: [FAdmin] eLeCtrOssSnake (STEAM_0:1:164666257) Attempted to switch noclip
L 10/30/2019 - 23:03:38: [FAdmin] eLeCtrOssSnake (STEAM_0:1:164666257) Attempted to switch noclip
L 10/30/2019 - 23:03:54: [FAdmin] eLeCtrOssSnake (STEAM_0:1:164666257) Attempted to switch noclip
L 10/30/2019 - 23:03:55: [FAdmin] eLeCtrOssSnake (STEAM_0:1:164666257) Attempted to switch noclip
L 10/30/2019 - 23:04:00: [FAdmin] OverHashed (STEAM_0:1:74202541) Gave himself a weapon_ak472
L 10/30/2019 - 23:04:00: [FAdmin] OverHashed (STEAM_0:1:74202541) Attempted to pick up a weapon_ak472
L 10/30/2019 - 23:04:03: [FAdmin] OverHashed (STEAM_0:1:74202541) Gave himself a weapon_m42
L 10/30/2019 - 23:04:03: [FAdmin] OverHashed (STEAM_0:1:74202541) Attempted to pick up a weapon_m42
L 10/30/2019 - 23:04:32: [FAdmin] eLeCtrOssSnake (STEAM_0:1:164666257) Attempted to switch noclip
L 10/30/2019 - 23:04:35: [FAdmin] eLeCtrOssSnake (STEAM_0:1:164666257) Attempted to switch noclip
L 10/30/2019 - 23:04:45: "Orange<4><STEAM_0:1:164666257><Informer>" say "/nick Orange"

L 10/30/2019 - 23:04:54: [FAdmin] Orange (STEAM_0:1:164666257) Attempted to switch noclip
L 10/30/2019 - 23:04:55: [FAdmin] Orange (STEAM_0:1:164666257) Attempted to switch noclip
L 10/30/2019 - 23:05:01: [FAdmin] Orange (STEAM_0:1:164666257) Attempted to pick up a weapon_informer_laptop
L 10/30/2019 - 23:05:14: [FAdmin] OverHashed (STEAM_0:1:74202541) Attempted to switch noclip
L 10/30/2019 - 23:05:15: [FAdmin] OverHashed (STEAM_0:1:74202541) Attempted to switch noclip
L 10/30/2019 - 23:05:16: [FAdmin] OverHashed (STEAM_0:1:74202541) Attempted to switch noclip
L 10/30/2019 - 23:05:17: [FAdmin] OverHashed (STEAM_0:1:74202541) Attempted to switch noclip
L 10/30/2019 - 23:05:24: [FAdmin] OverHashed (STEAM_0:1:74202541) Attempted to use tool lamp
L 10/30/2019 - 23:05:27: [FAdmin] OverHashed (STEAM_0:1:74202541) Attempted to switch noclip
L 10/30/2019 - 23:05:37: [FAdmin] OverHashed (STEAM_0:1:74202541) Attempted to switch noclip
L 10/30/2019 - 23:05:47: [FAdmin] OverHashed (STEAM_0:1:74202541) Attempted to use tool lamp
L 10/30/2019 - 23:05:47: [FAdmin] OverHashed (STEAM_0:1:74202541) Attempted to switch noclip
L 10/30/2019 - 23:05:53: [FAdmin] Orange (STEAM_0:1:164666257) Attempted to switch noclip
L 10/30/2019 - 23:05:53: [FAdmin] Orange (STEAM_0:1:164666257) Attempted to switch noclip
L 10/30/2019 - 23:05:54: [FAdmin] OverHashed (STEAM_0:1:74202541) Attempted to switch noclip
L 10/30/2019 - 23:06:03: [FAdmin] OverHashed (STEAM_0:1:74202541) Attempted to switch noclip
L 10/30/2019 - 23:06:07: [FAdmin] Orange (STEAM_0:1:164666257) Attempted to switch noclip
L 10/30/2019 - 23:06:09: [FAdmin] OverHashed (STEAM_0:1:74202541) Attempted to switch noclip
L 10/30/2019 - 23:06:09: [FAdmin] Orange (STEAM_0:1:164666257) Attempted to switch noclip
L 10/30/2019 - 23:06:09: [FAdmin] Orange (STEAM_0:1:164666257) Attempted to switch noclip
L 10/30/2019 - 23:06:09: [FAdmin] OverHashed (STEAM_0:1:74202541) Attempted to switch noclip
L 10/30/2019 - 23:06:10: [FAdmin] Orange (STEAM_0:1:164666257) Attempted to switch noclip
L 10/30/2019 - 23:06:10: [FAdmin] Orange (STEAM_0:1:164666257) Attempted to switch noclip
L 10/30/2019 - 23:06:10: [FAdmin] Orange (STEAM_0:1:164666257) Attempted to switch noclip
L 10/30/2019 - 23:06:12: [FAdmin] Orange (STEAM_0:1:164666257) Attempted to switch noclip
L 10/30/2019 - 23:06:17: [FAdmin] OverHashed (STEAM_0:1:74202541) Attempted to switch noclip
L 10/30/2019 - 23:06:19: [FAdmin] Orange (STEAM_0:1:164666257) Attempted to switch noclip
L 10/30/2019 - 23:06:20: [FAdmin] Orange (STEAM_0:1:164666257) Attempted to switch noclip
L 10/30/2019 - 23:06:20: [FAdmin] Orange (STEAM_0:1:164666257) Attempted to switch noclip
L 10/30/2019 - 23:06:44: [FAdmin] OverHashed (STEAM_0:1:74202541) Gave himself a weapon_m42
L 10/30/2019 - 23:07:24: [FAdmin] Orange (STEAM_0:1:164666257) Attempted to switch noclip
L 10/30/2019 - 23:07:33: "eLeCtrOssSnake<4><STEAM_0:1:164666257><Informer>" say "/nick eLeCtrOssSnake"

L 10/30/2019 - 23:07:43: "Watermelon<4><STEAM_0:1:164666257><Informer>" say "/nick Watermelon"

L 10/30/2019 - 23:07:44: [FAdmin] Watermelon (STEAM_0:1:164666257) Attempted to switch noclip
L 10/30/2019 - 23:08:01: [FAdmin] Watermelon (STEAM_0:1:164666257) Attempted to switch noclip
L 10/30/2019 - 23:08:03: [FAdmin] Watermelon (STEAM_0:1:164666257) Attempted to switch noclip
L 10/30/2019 - 23:08:04: [FAdmin] Watermelon (STEAM_0:1:164666257) Attempted to switch noclip
L 10/30/2019 - 23:08:05: [FAdmin] Watermelon (STEAM_0:1:164666257) Attempted to switch noclip
L 10/30/2019 - 23:08:07: [FAdmin] Watermelon (STEAM_0:1:164666257) Attempted to switch noclip
L 10/30/2019 - 23:08:08: [FAdmin] Watermelon (STEAM_0:1:164666257) Attempted to switch noclip
L 10/30/2019 - 23:08:09: [FAdmin] Watermelon (STEAM_0:1:164666257) Attempted to switch noclip
L 10/30/2019 - 23:08:11: [FAdmin] Watermelon (STEAM_0:1:164666257) Attempted to switch noclip
L 10/30/2019 - 23:08:13: [FAdmin] Watermelon (STEAM_0:1:164666257) Attempted to switch noclip
L 10/30/2019 - 23:08:13: [FAdmin] Watermelon (STEAM_0:1:164666257) Attempted to switch noclip
L 10/30/2019 - 23:08:18: [FAdmin] Watermelon (STEAM_0:1:164666257) Attempted to switch noclip
L 10/30/2019 - 23:08:21: [FAdmin] Watermelon (STEAM_0:1:164666257) Attempted to switch noclip
L 10/30/2019 - 23:08:23: [FAdmin] Watermelon (STEAM_0:1:164666257) Attempted to switch noclip
L 10/30/2019 - 23:08:23: [FAdmin] Watermelon (STEAM_0:1:164666257) Attempted to switch noclip
L 10/30/2019 - 23:08:27: [FAdmin] Watermelon (STEAM_0:1:164666257) Attempted to switch noclip
L 10/30/2019 - 23:08:29: [FAdmin] Watermelon (STEAM_0:1:164666257) Attempted to switch noclip
L 10/30/2019 - 23:08:33: [FAdmin] Watermelon (STEAM_0:1:164666257) Attempted to switch noclip
L 10/30/2019 - 23:08:34: [FAdmin] Watermelon (STEAM_0:1:164666257) Attempted to switch noclip
L 10/30/2019 - 23:08:36: [FAdmin] Watermelon (STEAM_0:1:164666257) Attempted to switch noclip
L 10/30/2019 - 23:08:37: [FAdmin] Watermelon (STEAM_0:1:164666257) Attempted to switch noclip
L 10/30/2019 - 23:08:39: [FAdmin] Watermelon (STEAM_0:1:164666257) Attempted to switch noclip
L 10/30/2019 - 23:08:39: [FAdmin] Watermelon (STEAM_0:1:164666257) Attempted to switch noclip
L 10/30/2019 - 23:08:44: [FAdmin] Watermelon (STEAM_0:1:164666257) Attempted to switch noclip
L 10/30/2019 - 23:08:45: [FAdmin] Watermelon (STEAM_0:1:164666257) Attempted to switch noclip
L 10/30/2019 - 23:08:48: [FAdmin] Watermelon (STEAM_0:1:164666257) Attempted to switch noclip
L 10/30/2019 - 23:08:48: [FAdmin] Watermelon (STEAM_0:1:164666257) Attempted to switch noclip
L 10/30/2019 - 23:08:50: [FAdmin] Watermelon (STEAM_0:1:164666257) Attempted to switch noclip
L 10/30/2019 - 23:08:51: [FAdmin] Watermelon (STEAM_0:1:164666257) Attempted to switch noclip
L 10/30/2019 - 23:08:51: [FAdmin] Watermelon (STEAM_0:1:164666257) Attempted to switch noclip
L 10/30/2019 - 23:08:52: [FAdmin] Watermelon (STEAM_0:1:164666257) Attempted to switch noclip
L 10/30/2019 - 23:08:56: [FAdmin] Watermelon (STEAM_0:1:164666257) Attempted to switch noclip
L 10/30/2019 - 23:08:58: [FAdmin] Watermelon (STEAM_0:1:164666257) Attempted to switch noclip
L 10/30/2019 - 23:08:59: [FAdmin] Watermelon (STEAM_0:1:164666257) Attempted to switch noclip
L 10/30/2019 - 23:09:00: [FAdmin] Watermelon (STEAM_0:1:164666257) Attempted to switch noclip
L 10/30/2019 - 23:09:01: [FAdmin] Watermelon (STEAM_0:1:164666257) Attempted to switch noclip
L 10/30/2019 - 23:09:02: [FAdmin] Watermelon (STEAM_0:1:164666257) Attempted to switch noclip
L 10/30/2019 - 23:09:03: [FAdmin] Watermelon (STEAM_0:1:164666257) Attempted to switch noclip
L 10/30/2019 - 23:09:03: [FAdmin] Watermelon (STEAM_0:1:164666257) Attempted to switch noclip
L 10/30/2019 - 23:09:04: [FAdmin] Watermelon (STEAM_0:1:164666257) Attempted to switch noclip
L 10/30/2019 - 23:09:04: [FAdmin] Watermelon (STEAM_0:1:164666257) Attempted to switch noclip
L 10/30/2019 - 23:09:11: [FAdmin] Watermelon (STEAM_0:1:164666257) Attempted to switch noclip
L 10/30/2019 - 23:09:13: [FAdmin] Watermelon (STEAM_0:1:164666257) Attempted to switch noclip
L 10/30/2019 - 23:09:15: [FAdmin] Watermelon (STEAM_0:1:164666257) Attempted to switch noclip
L 10/30/2019 - 23:09:17: [FAdmin] Watermelon (STEAM_0:1:164666257) Attempted to switch noclip
L 10/30/2019 - 23:09:19: [FAdmin] Watermelon (STEAM_0:1:164666257) Got killed by N/A with a N/A
L 10/30/2019 - 23:09:19: [FAdmin] Watermelon (STEAM_0:1:164666257) Attempted to switch noclip
L 10/30/2019 - 23:09:20: [FAdmin] Watermelon (STEAM_0:1:164666257) Spawned
L 10/30/2019 - 23:09:20: [FAdmin] Watermelon (STEAM_0:1:164666257) Attempted to pick up a weapon_informer_laptop
L 10/30/2019 - 23:09:20: [FAdmin] Watermelon (STEAM_0:1:164666257) Attempted to pick up a keys
L 10/30/2019 - 23:09:20: [FAdmin] Watermelon (STEAM_0:1:164666257) Attempted to pick up a weapon_physcannon
L 10/30/2019 - 23:09:20: [FAdmin] Watermelon (STEAM_0:1:164666257) Attempted to pick up a gmod_camera
L 10/30/2019 - 23:09:20: [FAdmin] Watermelon (STEAM_0:1:164666257) Attempted to pick up a gmod_tool
L 10/30/2019 - 23:09:20: [FAdmin] Watermelon (STEAM_0:1:164666257) Attempted to pick up a pocket
L 10/30/2019 - 23:09:20: [FAdmin] Watermelon (STEAM_0:1:164666257) Attempted to pick up a weapon_physgun
L 10/30/2019 - 23:09:21: [FAdmin] Watermelon (STEAM_0:1:164666257) Attempted to switch noclip
L 10/30/2019 - 23:09:24: [FAdmin] Watermelon (STEAM_0:1:164666257) Attempted to switch noclip
L 10/30/2019 - 23:09:27: [FAdmin] Watermelon (STEAM_0:1:164666257) Attempted to switch noclip
L 10/30/2019 - 23:09:27: [FAdmin] Watermelon (STEAM_0:1:164666257) Attempted to switch noclip
L 10/30/2019 - 23:09:29: [FAdmin] Watermelon (STEAM_0:1:164666257) Attempted to switch noclip
L 10/30/2019 - 23:09:31: [FAdmin] Watermelon (STEAM_0:1:164666257) Attempted to switch noclip
L 10/30/2019 - 23:09:32: [FAdmin] Watermelon (STEAM_0:1:164666257) Attempted to switch noclip
L 10/30/2019 - 23:09:34: [FAdmin] Watermelon (STEAM_0:1:164666257) Attempted to switch noclip
L 10/30/2019 - 23:09:35: [FAdmin] Watermelon (STEAM_0:1:164666257) Attempted to switch noclip
L 10/30/2019 - 23:09:35: [FAdmin] Watermelon (STEAM_0:1:164666257) Attempted to switch noclip
L 10/30/2019 - 23:09:36: [FAdmin] Watermelon (STEAM_0:1:164666257) Attempted to switch noclip
L 10/30/2019 - 23:09:36: [FAdmin] Watermelon (STEAM_0:1:164666257) Attempted to switch noclip
L 10/30/2019 - 23:09:37: [FAdmin] Watermelon (STEAM_0:1:164666257) Attempted to switch noclip
L 10/30/2019 - 23:09:37: [FAdmin] Watermelon (STEAM_0:1:164666257) Attempted to switch noclip
L 10/30/2019 - 23:09:38: [FAdmin] Watermelon (STEAM_0:1:164666257) Attempted to switch noclip
L 10/30/2019 - 23:09:38: [FAdmin] Watermelon (STEAM_0:1:164666257) Attempted to switch noclip
L 10/30/2019 - 23:09:39: [FAdmin] Watermelon (STEAM_0:1:164666257) Attempted to switch noclip
L 10/30/2019 - 23:09:40: [FAdmin] Watermelon (STEAM_0:1:164666257) Attempted to switch noclip
L 10/30/2019 - 23:09:42: [FAdmin] Watermelon (STEAM_0:1:164666257) Attempted to switch noclip
L 10/30/2019 - 23:09:42: [FAdmin] Watermelon (STEAM_0:1:164666257) Attempted to switch noclip
L 10/30/2019 - 23:09:43: [FAdmin] Watermelon (STEAM_0:1:164666257) Attempted to switch noclip
L 10/30/2019 - 23:09:44: [FAdmin] Watermelon (STEAM_0:1:164666257) Attempted to switch noclip
L 10/30/2019 - 23:09:51: [FAdmin] Watermelon (STEAM_0:1:164666257) Attempted to pick up a weapon_informer_laptop
L 10/30/2019 - 23:09:54: [FAdmin] Watermelon (STEAM_0:1:164666257) Attempted to pick up a weapon_informer_laptop
L 10/30/2019 - 23:10:12: [FAdmin] Watermelon (STEAM_0:1:164666257) Attempted to pick up a weapon_informer_laptop
L 10/30/2019 - 23:10:14: [FAdmin] Watermelon (STEAM_0:1:164666257) Attempted to pick up a weapon_informer_laptop
L 10/30/2019 - 23:10:17: [FAdmin] Watermelon (STEAM_0:1:164666257) Attempted to pick up a weapon_informer_laptop
L 10/30/2019 - 23:10:19: [FAdmin] Watermelon (STEAM_0:1:164666257) Attempted to pick up a weapon_informer_laptop
L 10/30/2019 - 23:10:22: [FAdmin] Watermelon (STEAM_0:1:164666257) Attempted to switch noclip
L 10/30/2019 - 23:10:26: [FAdmin] Watermelon (STEAM_0:1:164666257) Attempted to pick up a weapon_informer_laptop
L 10/30/2019 - 23:10:31: [FAdmin] Watermelon (STEAM_0:1:164666257) Attempted to switch noclip
L 10/30/2019 - 23:10:35: [FAdmin] Watermelon (STEAM_0:1:164666257) Attempted to pick up a weapon_informer_laptop
L 10/30/2019 - 23:10:44: "eLeCtrOssSnake<4><STEAM_0:1:164666257><Informer>" say "/nick eLeCtrOssSnake"

L 10/30/2019 - 23:11:13: "OverHashed<7><STEAM_0:1:74202541><Citizen>" say "/nick Overhashed"

L 10/30/2019 - 23:11:18: "OverHashed<7><STEAM_0:1:74202541><Citizen>" say "/rpname fff"

L 10/30/2019 - 23:11:19: "eLeCtrOssSnake<4><STEAM_0:1:164666257><Informer>" say "/nick eLeCtrOssSnake"

L 10/30/2019 - 23:11:21: [FAdmin] eLeCtrOssSnake (STEAM_0:1:164666257) Attempted to switch noclip
L 10/30/2019 - 23:11:21: "FFFF<7><STEAM_0:1:74202541><Citizen>" say "/rpname FFFF"

L 10/30/2019 - 23:11:24: [FAdmin] eLeCtrOssSnake (STEAM_0:1:164666257) Attempted to switch noclip
L 10/30/2019 - 23:11:25: [FAdmin] eLeCtrOssSnake (STEAM_0:1:164666257) Attempted to switch noclip
L 10/30/2019 - 23:11:25: [FAdmin] eLeCtrOssSnake (STEAM_0:1:164666257) Attempted to switch noclip
L 10/30/2019 - 23:11:27: "FFFF<7><STEAM_0:1:74202541><Citizen>" say "/RPNAME Overhashed"

L 10/30/2019 - 23:11:29: [FAdmin] eLeCtrOssSnake (STEAM_0:1:164666257) Attempted to switch noclip
L 10/30/2019 - 23:11:30: [FAdmin] eLeCtrOssSnake (STEAM_0:1:164666257) Attempted to switch noclip
L 10/30/2019 - 23:11:31: [FAdmin] eLeCtrOssSnake (STEAM_0:1:164666257) Attempted to switch noclip
L 10/30/2019 - 23:11:32: [FAdmin] eLeCtrOssSnake (STEAM_0:1:164666257) Attempted to switch noclip
L 10/30/2019 - 23:11:32: [FAdmin] eLeCtrOssSnake (STEAM_0:1:164666257) Attempted to switch noclip
L 10/30/2019 - 23:11:33: [FAdmin] eLeCtrOssSnake (STEAM_0:1:164666257) Attempted to switch noclip
L 10/30/2019 - 23:11:34: [FAdmin] eLeCtrOssSnake (STEAM_0:1:164666257) Attempted to switch noclip
L 10/30/2019 - 23:11:34: [FAdmin] eLeCtrOssSnake (STEAM_0:1:164666257) Attempted to switch noclip
L 10/30/2019 - 23:11:36: [FAdmin] eLeCtrOssSnake (STEAM_0:1:164666257) Attempted to switch noclip
L 10/30/2019 - 23:11:36: [FAdmin] eLeCtrOssSnake (STEAM_0:1:164666257) Attempted to switch noclip
L 10/30/2019 - 23:11:37: [FAdmin] eLeCtrOssSnake (STEAM_0:1:164666257) Attempted to switch noclip
L 10/30/2019 - 23:11:37: "FFFF<7><STEAM_0:1:74202541><Citizen>" say "/rpname Overhashed"

L 10/30/2019 - 23:11:38: [FAdmin] eLeCtrOssSnake (STEAM_0:1:164666257) Attempted to switch noclip
L 10/30/2019 - 23:11:39: [FAdmin] eLeCtrOssSnake (STEAM_0:1:164666257) Attempted to switch noclip
L 10/30/2019 - 23:11:40: [FAdmin] eLeCtrOssSnake (STEAM_0:1:164666257) Attempted to switch noclip
L 10/30/2019 - 23:11:41: [FAdmin] eLeCtrOssSnake (STEAM_0:1:164666257) Attempted to switch noclip
L 10/30/2019 - 23:11:42: [FAdmin] eLeCtrOssSnake (STEAM_0:1:164666257) Attempted to switch noclip
L 10/30/2019 - 23:11:43: [FAdmin] eLeCtrOssSnake (STEAM_0:1:164666257) Attempted to switch noclip
L 10/30/2019 - 23:11:43: [FAdmin] eLeCtrOssSnake (STEAM_0:1:164666257) Attempted to switch noclip
L 10/30/2019 - 23:11:58: [FAdmin] eLeCtrOssSnake (STEAM_0:1:164666257) Attempted to switch noclip
L 10/30/2019 - 23:12:00: [FAdmin] eLeCtrOssSnake (STEAM_0:1:164666257) Attempted to switch noclip
L 10/30/2019 - 23:12:05: "FFFF<7><STEAM_0:1:74202541><Citizen>" say "/rpname Overhashed"

L 10/30/2019 - 23:12:08: [FAdmin] eLeCtrOssSnake (STEAM_0:1:164666257) Attempted to switch noclip
L 10/30/2019 - 23:12:09: [FAdmin] eLeCtrOssSnake (STEAM_0:1:164666257) Attempted to switch noclip
L 10/30/2019 - 23:12:12: [FAdmin] eLeCtrOssSnake (STEAM_0:1:164666257) Attempted to switch noclip
L 10/30/2019 - 23:12:13: [FAdmin] eLeCtrOssSnake (STEAM_0:1:164666257) Attempted to switch noclip
L 10/30/2019 - 23:12:16: [FAdmin] eLeCtrOssSnake (STEAM_0:1:164666257) Attempted to switch noclip
L 10/30/2019 - 23:12:16: [FAdmin] eLeCtrOssSnake (STEAM_0:1:164666257) Attempted to switch noclip
L 10/30/2019 - 23:12:20: [FAdmin] eLeCtrOssSnake (STEAM_0:1:164666257) Attempted to switch noclip
L 10/30/2019 - 23:12:21: [FAdmin] eLeCtrOssSnake (STEAM_0:1:164666257) Attempted to switch noclip
L 10/30/2019 - 23:12:24: [FAdmin] eLeCtrOssSnake (STEAM_0:1:164666257) Attempted to switch noclip
L 10/30/2019 - 23:12:24: [FAdmin] eLeCtrOssSnake (STEAM_0:1:164666257) Attempted to switch noclip
L 10/30/2019 - 23:12:27: [FAdmin] eLeCtrOssSnake (STEAM_0:1:164666257) Attempted to switch noclip
L 10/30/2019 - 23:12:29: [FAdmin] eLeCtrOssSnake (STEAM_0:1:164666257) Attempted to switch noclip
L 10/30/2019 - 23:12:30: "Im Not Meow Meow<7><STEAM_0:1:74202541><Citizen>" say "/rpname Im Not Meow Meow"

L 10/30/2019 - 23:12:32: [FAdmin] eLeCtrOssSnake (STEAM_0:1:164666257) Attempted to switch noclip
L 10/30/2019 - 23:12:32: [FAdmin] eLeCtrOssSnake (STEAM_0:1:164666257) Attempted to switch noclip
L 10/30/2019 - 23:12:34: [FAdmin] eLeCtrOssSnake (STEAM_0:1:164666257) Attempted to switch noclip
L 10/30/2019 - 23:12:34: [FAdmin] eLeCtrOssSnake (STEAM_0:1:164666257) Attempted to switch noclip
L 10/30/2019 - 23:12:43: [FAdmin] eLeCtrOssSnake (STEAM_0:1:164666257) Attempted to switch noclip
L 10/30/2019 - 23:12:44: [FAdmin] eLeCtrOssSnake (STEAM_0:1:164666257) Attempted to switch noclip
L 10/30/2019 - 23:12:48: [FAdmin] eLeCtrOssSnake (STEAM_0:1:164666257) Attempted to switch noclip
L 10/30/2019 - 23:12:48: [FAdmin] eLeCtrOssSnake (STEAM_0:1:164666257) Attempted to switch noclip
L 10/30/2019 - 23:12:50: [FAdmin] eLeCtrOssSnake (STEAM_0:1:164666257) Attempted to switch noclip
L 10/30/2019 - 23:12:51: [FAdmin] eLeCtrOssSnake (STEAM_0:1:164666257) Attempted to switch noclip
L 10/30/2019 - 23:12:52: [FAdmin] eLeCtrOssSnake (STEAM_0:1:164666257) Attempted to switch noclip
L 10/30/2019 - 23:12:53: [FAdmin] eLeCtrOssSnake (STEAM_0:1:164666257) Attempted to switch noclip
L 10/30/2019 - 23:12:56: [FAdmin] eLeCtrOssSnake (STEAM_0:1:164666257) Attempted to switch noclip
L 10/30/2019 - 23:12:56: "Im Not Not Meow Meow<7><STEAM_0:1:74202541><Citizen>" say "/rpname Im Not Not Meow Meow"

L 10/30/2019 - 23:12:56: [FAdmin] eLeCtrOssSnake (STEAM_0:1:164666257) Attempted to switch noclip
L 10/30/2019 - 23:12:57: [FAdmin] eLeCtrOssSnake (STEAM_0:1:164666257) Attempted to switch noclip
L 10/30/2019 - 23:13:02: "eLeCtrOssSnake<4><STEAM_0:1:164666257><Informer>" say "Sketchy guy"

L 10/30/2019 - 23:13:04: [FAdmin] eLeCtrOssSnake (STEAM_0:1:164666257) Attempted to switch noclip
L 10/30/2019 - 23:13:07: [FAdmin] eLeCtrOssSnake (STEAM_0:1:164666257) Attempted to switch noclip
L 10/30/2019 - 23:13:07: [FAdmin] eLeCtrOssSnake (STEAM_0:1:164666257) Attempted to switch noclip
L 10/30/2019 - 23:13:10: [FAdmin] eLeCtrOssSnake (STEAM_0:1:164666257) Attempted to switch noclip
L 10/30/2019 - 23:13:10: [FAdmin] eLeCtrOssSnake (STEAM_0:1:164666257) Attempted to switch noclip
L 10/30/2019 - 23:13:12: [FAdmin] eLeCtrOssSnake (STEAM_0:1:164666257) Attempted to switch noclip
L 10/30/2019 - 23:13:13: [FAdmin] eLeCtrOssSnake (STEAM_0:1:164666257) Attempted to switch noclip
L 10/30/2019 - 23:13:16: [FAdmin] eLeCtrOssSnake (STEAM_0:1:164666257) Attempted to switch noclip
L 10/30/2019 - 23:13:17: [FAdmin] eLeCtrOssSnake (STEAM_0:1:164666257) Attempted to switch noclip
L 10/30/2019 - 23:13:18: "Im Not Not Meow Meow<7><STEAM_0:1:74202541><Citizen>" say "/rpname Head-Crap"

L 10/30/2019 - 23:13:25: "HeadCrap<7><STEAM_0:1:74202541><Citizen>" say "/rpname HeadCrap"

L 10/30/2019 - 23:13:39: [FAdmin] eLeCtrOssSnake (STEAM_0:1:164666257) Attempted to switch noclip
L 10/30/2019 - 23:13:40: [FAdmin] eLeCtrOssSnake (STEAM_0:1:164666257) Attempted to switch noclip
L 10/30/2019 - 23:13:42: [FAdmin] eLeCtrOssSnake (STEAM_0:1:164666257) Attempted to switch noclip
L 10/30/2019 - 23:13:44: [FAdmin] eLeCtrOssSnake (STEAM_0:1:164666257) Attempted to switch noclip
L 10/30/2019 - 23:13:45: "Money Printer Guy<4><STEAM_0:1:164666257><Informer>" say "/nick Money Printer Guy"

L 10/30/2019 - 23:13:45: [FAdmin] Money Printer Guy (STEAM_0:1:164666257) Got killed by N/A with a N/A
L 10/30/2019 - 23:13:47: [FAdmin] Money Printer Guy (STEAM_0:1:164666257) Spawned
L 10/30/2019 - 23:13:47: [FAdmin] Money Printer Guy (STEAM_0:1:164666257) Attempted to pick up a weapon_informer_laptop
L 10/30/2019 - 23:13:47: [FAdmin] Money Printer Guy (STEAM_0:1:164666257) Attempted to pick up a keys
L 10/30/2019 - 23:13:47: [FAdmin] Money Printer Guy (STEAM_0:1:164666257) Attempted to pick up a weapon_physcannon
L 10/30/2019 - 23:13:47: [FAdmin] Money Printer Guy (STEAM_0:1:164666257) Attempted to pick up a gmod_camera
L 10/30/2019 - 23:13:47: [FAdmin] Money Printer Guy (STEAM_0:1:164666257) Attempted to pick up a gmod_tool
L 10/30/2019 - 23:13:47: [FAdmin] Money Printer Guy (STEAM_0:1:164666257) Attempted to pick up a pocket
L 10/30/2019 - 23:13:47: [FAdmin] Money Printer Guy (STEAM_0:1:164666257) Attempted to pick up a weapon_physgun
L 10/30/2019 - 23:13:47: [FAdmin] Money Printer Guy (STEAM_0:1:164666257) Attempted to switch noclip
L 10/30/2019 - 23:13:49: [FAdmin] Money Printer Guy (STEAM_0:1:164666257) Attempted to switch noclip
L 10/30/2019 - 23:13:52: [FAdmin] Money Printer Guy (STEAM_0:1:164666257) Attempted to switch noclip
L 10/30/2019 - 23:13:53: [FAdmin] Money Printer Guy (STEAM_0:1:164666257) Attempted to switch noclip
L 10/30/2019 - 23:13:54: [FAdmin] Money Printer Guy (STEAM_0:1:164666257) Attempted to switch noclip
L 10/30/2019 - 23:13:57: "PoliceMan<7><STEAM_0:1:74202541><Citizen>" say "/rpname PoliceMan"

L 10/30/2019 - 23:13:57: [FAdmin] Money Printer Guy (STEAM_0:1:164666257) Attempted to switch noclip
L 10/30/2019 - 23:13:59: [FAdmin] Money Printer Guy (STEAM_0:1:164666257) Attempted to switch noclip
L 10/30/2019 - 23:14:01: [FAdmin] Money Printer Guy (STEAM_0:1:164666257) Attempted to switch noclip
L 10/30/2019 - 23:14:03: [FAdmin] Money Printer Guy (STEAM_0:1:164666257) Attempted to switch noclip
L 10/30/2019 - 23:14:03: [FAdmin] Money Printer Guy (STEAM_0:1:164666257) Attempted to switch noclip
L 10/30/2019 - 23:14:07: "Police Man<7><STEAM_0:1:74202541><Citizen>" say "/rpname Police Man"

L 10/30/2019 - 23:14:07: [FAdmin] Money Printer Guy (STEAM_0:1:164666257) Attempted to switch noclip
L 10/30/2019 - 23:14:07: [FAdmin] Money Printer Guy (STEAM_0:1:164666257) Attempted to switch noclip
L 10/30/2019 - 23:14:10: "eLeCtrOssSnake<4><STEAM_0:1:164666257><Informer>" say "/nick eLeCtrOssSnake"

L 10/30/2019 - 23:14:11: [FAdmin] eLeCtrOssSnake (STEAM_0:1:164666257) Attempted to switch noclip
L 10/30/2019 - 23:14:12: [FAdmin] eLeCtrOssSnake (STEAM_0:1:164666257) Attempted to switch noclip
L 10/30/2019 - 23:14:14: [FAdmin] eLeCtrOssSnake (STEAM_0:1:164666257) Attempted to switch noclip
L 10/30/2019 - 23:14:15: [FAdmin] eLeCtrOssSnake (STEAM_0:1:164666257) Attempted to switch noclip
L 10/30/2019 - 23:14:18: [FAdmin] eLeCtrOssSnake (STEAM_0:1:164666257) Attempted to switch noclip
L 10/30/2019 - 23:14:20: "eLeCtrOssSnake<4><STEAM_0:1:164666257><Informer>" say "/nick eLeCtrOssSnake"

L 10/30/2019 - 23:14:28: [FAdmin] Police Man (STEAM_0:1:74202541) Attempted to use tool material
L 10/30/2019 - 23:14:29: [FAdmin] eLeCtrOssSnake (STEAM_0:1:164666257) Attempted to switch noclip
L 10/30/2019 - 23:14:29: [FAdmin] Police Man (STEAM_0:1:74202541) Attempted to use tool material
L 10/30/2019 - 23:14:29: [FAdmin] eLeCtrOssSnake (STEAM_0:1:164666257) Attempted to switch noclip
L 10/30/2019 - 23:14:30: [FAdmin] eLeCtrOssSnake (STEAM_0:1:164666257) Attempted to switch noclip
L 10/30/2019 - 23:14:31: [FAdmin] eLeCtrOssSnake (STEAM_0:1:164666257) Attempted to switch noclip
L 10/30/2019 - 23:14:31: [FAdmin] eLeCtrOssSnake (STEAM_0:1:164666257) Attempted to switch noclip
L 10/30/2019 - 23:14:39: [FAdmin] eLeCtrOssSnake (STEAM_0:1:164666257) Attempted to switch noclip
L 10/30/2019 - 23:14:41: [FAdmin] eLeCtrOssSnake (STEAM_0:1:164666257) Attempted to switch noclip
L 10/30/2019 - 23:15:10: [FAdmin] eLeCtrOssSnake (STEAM_0:1:164666257) Attempted to switch noclip
L 10/30/2019 - 23:15:14: "Money Printer Guy<4><STEAM_0:1:164666257><Informer>" say "/nick Money Printer Guy"

L 10/30/2019 - 23:15:16: [FAdmin] Money Printer Guy (STEAM_0:1:164666257) Attempted to switch noclip
L 10/30/2019 - 23:15:35: [FAdmin] Money Printer Guy (STEAM_0:1:164666257) changed from Informer to Citizen
L 10/30/2019 - 23:15:35: [FAdmin] Money Printer Guy (STEAM_0:1:164666257) Attempted to pick up a keys
L 10/30/2019 - 23:15:35: [FAdmin] Money Printer Guy (STEAM_0:1:164666257) Attempted to pick up a weapon_physcannon
L 10/30/2019 - 23:15:35: [FAdmin] Money Printer Guy (STEAM_0:1:164666257) Attempted to pick up a gmod_camera
L 10/30/2019 - 23:15:35: [FAdmin] Money Printer Guy (STEAM_0:1:164666257) Attempted to pick up a gmod_tool
L 10/30/2019 - 23:15:35: [FAdmin] Money Printer Guy (STEAM_0:1:164666257) Attempted to pick up a pocket
L 10/30/2019 - 23:15:35: [FAdmin] Money Printer Guy (STEAM_0:1:164666257) Attempted to pick up a weapon_physgun
L 10/30/2019 - 23:15:45: [FAdmin] Money Printer Guy (STEAM_0:1:164666257) Attempted to switch noclip
L 10/30/2019 - 23:15:46: [FAdmin] Money Printer Guy (STEAM_0:1:164666257) Attempted to switch noclip
L 10/30/2019 - 23:15:50: [FAdmin] Money Printer Guy (STEAM_0:1:164666257) Attempted to switch noclip
L 10/30/2019 - 23:15:52: [FAdmin] Money Printer Guy (STEAM_0:1:164666257) Attempted to switch noclip
L 10/30/2019 - 23:15:55: [FAdmin] Money Printer Guy (STEAM_0:1:164666257) Attempted to switch noclip
L 10/30/2019 - 23:15:56: [FAdmin] Money Printer Guy (STEAM_0:1:164666257) Attempted to switch noclip
L 10/30/2019 - 23:16:00: [FAdmin] Money Printer Guy (STEAM_0:1:164666257) Attempted to switch noclip
L 10/30/2019 - 23:16:01: [FAdmin] Money Printer Guy (STEAM_0:1:164666257) Attempted to switch noclip
L 10/30/2019 - 23:16:01: [FAdmin] Money Printer Guy (STEAM_0:1:164666257) Attempted to switch noclip
L 10/30/2019 - 23:16:03: [FAdmin] Money Printer Guy (STEAM_0:1:164666257) Attempted to switch noclip
L 10/30/2019 - 23:16:06: [FAdmin] Money Printer Guy (STEAM_0:1:164666257) Attempted to switch noclip
L 10/30/2019 - 23:16:06: [FAdmin] Money Printer Guy (STEAM_0:1:164666257) Attempted to switch noclip
L 10/30/2019 - 23:16:09: [FAdmin] Money Printer Guy (STEAM_0:1:164666257) Attempted to switch noclip
L 10/30/2019 - 23:16:10: [FAdmin] Money Printer Guy (STEAM_0:1:164666257) Attempted to switch noclip
L 10/30/2019 - 23:16:12: [FAdmin] Money Printer Guy (STEAM_0:1:164666257) Attempted to switch noclip
L 10/30/2019 - 23:16:13: [FAdmin] Money Printer Guy (STEAM_0:1:164666257) Attempted to switch noclip
L 10/30/2019 - 23:16:14: [FAdmin] Money Printer Guy (STEAM_0:1:164666257) Attempted to switch noclip
L 10/30/2019 - 23:16:28: [FAdmin] Money Printer Guy (STEAM_0:1:164666257) Attempted to switch noclip
L 10/30/2019 - 23:16:32: [FAdmin] Money Printer Guy (STEAM_0:1:164666257) Attempted to switch noclip
L 10/30/2019 - 23:16:32: [FAdmin] Money Printer Guy (STEAM_0:1:164666257) Attempted to switch noclip
L 10/30/2019 - 23:16:34: [FAdmin] Money Printer Guy (STEAM_0:1:164666257) Attempted to switch noclip
L 10/30/2019 - 23:16:41: [FAdmin] Money Printer Guy (STEAM_0:1:164666257) Attempted to switch noclip
L 10/30/2019 - 23:16:43: [FAdmin] Money Printer Guy (STEAM_0:1:164666257) Attempted to switch noclip
L 10/30/2019 - 23:16:47: [FAdmin] Money Printer Guy (STEAM_0:1:164666257) Attempted to switch noclip
L 10/30/2019 - 23:16:49: [FAdmin] Money Printer Guy (STEAM_0:1:164666257) Attempted to switch noclip
L 10/30/2019 - 23:16:50: [FAdmin] Money Printer Guy (STEAM_0:1:164666257) Attempted to switch noclip
L 10/30/2019 - 23:16:51: [FAdmin] Money Printer Guy (STEAM_0:1:164666257) Attempted to switch noclip
L 10/30/2019 - 23:16:52: [FAdmin] Money Printer Guy (STEAM_0:1:164666257) Attempted to switch noclip
L 10/30/2019 - 23:16:53: [FAdmin] Money Printer Guy (STEAM_0:1:164666257) Attempted to switch noclip
L 10/30/2019 - 23:16:54: [FAdmin] Money Printer Guy (STEAM_0:1:164666257) Attempted to switch noclip
L 10/30/2019 - 23:16:55: [FAdmin] Money Printer Guy (STEAM_0:1:164666257) Attempted to switch noclip
L 10/30/2019 - 23:16:56: [FAdmin] Money Printer Guy (STEAM_0:1:164666257) Attempted to switch noclip
L 10/30/2019 - 23:16:57: [FAdmin] Money Printer Guy (STEAM_0:1:164666257) Attempted to switch noclip
L 10/30/2019 - 23:16:57: [FAdmin] Money Printer Guy (STEAM_0:1:164666257) Attempted to switch noclip
L 10/30/2019 - 23:16:58: [FAdmin] Money Printer Guy (STEAM_0:1:164666257) Attempted to switch noclip
L 10/30/2019 - 23:16:58: [FAdmin] Money Printer Guy (STEAM_0:1:164666257) Attempted to switch noclip
L 10/30/2019 - 23:16:59: [FAdmin] Money Printer Guy (STEAM_0:1:164666257) Attempted to switch noclip
L 10/30/2019 - 23:16:59: [FAdmin] Money Printer Guy (STEAM_0:1:164666257) Attempted to switch noclip
L 10/30/2019 - 23:17:00: [FAdmin] Money Printer Guy (STEAM_0:1:164666257) Attempted to switch noclip
L 10/30/2019 - 23:17:01: [FAdmin] Money Printer Guy (STEAM_0:1:164666257) Attempted to switch noclip
L 10/30/2019 - 23:17:02: [FAdmin] Money Printer Guy (STEAM_0:1:164666257) Got killed by N/A with a N/A
L 10/30/2019 - 23:17:05: [FAdmin] Money Printer Guy (STEAM_0:1:164666257) changed from Citizen to Informer
L 10/30/2019 - 23:17:05: [FAdmin] Money Printer Guy (STEAM_0:1:164666257) Got killed silently
L 10/30/2019 - 23:17:11: [FAdmin] Money Printer Guy (STEAM_0:1:164666257) Spawned
L 10/30/2019 - 23:17:11: [FAdmin] Money Printer Guy (STEAM_0:1:164666257) Attempted to pick up a weapon_informer_laptop
L 10/30/2019 - 23:17:11: [FAdmin] Money Printer Guy (STEAM_0:1:164666257) Attempted to pick up a keys
L 10/30/2019 - 23:17:11: [FAdmin] Money Printer Guy (STEAM_0:1:164666257) Attempted to pick up a weapon_physcannon
L 10/30/2019 - 23:17:11: [FAdmin] Money Printer Guy (STEAM_0:1:164666257) Attempted to pick up a gmod_camera
L 10/30/2019 - 23:17:11: [FAdmin] Money Printer Guy (STEAM_0:1:164666257) Attempted to pick up a gmod_tool
L 10/30/2019 - 23:17:11: [FAdmin] Money Printer Guy (STEAM_0:1:164666257) Attempted to pick up a pocket
L 10/30/2019 - 23:17:11: [FAdmin] Money Printer Guy (STEAM_0:1:164666257) Attempted to pick up a weapon_physgun
L 10/30/2019 - 23:17:22: [FAdmin] Money Printer Guy (STEAM_0:1:164666257) changed from Informer to Hobo
L 10/30/2019 - 23:17:22: [FAdmin] Money Printer Guy (STEAM_0:1:164666257) Attempted to pick up a weapon_bugbait
L 10/30/2019 - 23:17:22: [FAdmin] Money Printer Guy (STEAM_0:1:164666257) Attempted to pick up a keys
L 10/30/2019 - 23:17:22: [FAdmin] Money Printer Guy (STEAM_0:1:164666257) Attempted to pick up a weapon_physcannon
L 10/30/2019 - 23:17:22: [FAdmin] Money Printer Guy (STEAM_0:1:164666257) Attempted to pick up a gmod_camera
L 10/30/2019 - 23:17:22: [FAdmin] Money Printer Guy (STEAM_0:1:164666257) Attempted to pick up a gmod_tool
L 10/30/2019 - 23:17:22: [FAdmin] Money Printer Guy (STEAM_0:1:164666257) Attempted to pick up a pocket
L 10/30/2019 - 23:17:22: [FAdmin] Money Printer Guy (STEAM_0:1:164666257) Attempted to pick up a weapon_physgun
L 10/30/2019 - 23:17:26: [FAdmin] Money Printer Guy (STEAM_0:1:164666257) Attempted to switch noclip
L 10/30/2019 - 23:17:27: [FAdmin] Money Printer Guy (STEAM_0:1:164666257) Attempted to switch noclip
L 10/30/2019 - 23:17:44: [FAdmin] Money Printer Guy (STEAM_0:1:164666257) Attempted to switch noclip
L 10/30/2019 - 23:17:45: [FAdmin] Money Printer Guy (STEAM_0:1:164666257) Attempted to switch noclip
L 10/30/2019 - 23:17:48: [FAdmin] Money Printer Guy (STEAM_0:1:164666257) Attempted to switch noclip
L 10/30/2019 - 23:17:49: [FAdmin] Money Printer Guy (STEAM_0:1:164666257) Attempted to switch noclip
L 10/30/2019 - 23:17:51: [FAdmin] Money Printer Guy (STEAM_0:1:164666257) Attempted to switch noclip
L 10/30/2019 - 23:17:52: [FAdmin] Money Printer Guy (STEAM_0:1:164666257) Attempted to switch noclip
L 10/30/2019 - 23:17:53: [FAdmin] Money Printer Guy (STEAM_0:1:164666257) Attempted to switch noclip
L 10/30/2019 - 23:17:55: [FAdmin] Money Printer Guy (STEAM_0:1:164666257) Attempted to switch noclip
L 10/30/2019 - 23:17:58: [FAdmin] Money Printer Guy (STEAM_0:1:164666257) Attempted to switch noclip
L 10/30/2019 - 23:17:59: [FAdmin] Money Printer Guy (STEAM_0:1:164666257) Attempted to switch noclip
L 10/30/2019 - 23:17:59: [FAdmin] Police Man (STEAM_0:1:74202541) Attempted to switch noclip
L 10/30/2019 - 23:18:00: [FAdmin] Money Printer Guy (STEAM_0:1:164666257) Attempted to switch noclip
L 10/30/2019 - 23:18:07: [FAdmin] Money Printer Guy (STEAM_0:1:164666257) changed from Hobo to Citizen
L 10/30/2019 - 23:18:07: [FAdmin] Money Printer Guy (STEAM_0:1:164666257) Attempted to pick up a keys
L 10/30/2019 - 23:18:07: [FAdmin] Money Printer Guy (STEAM_0:1:164666257) Attempted to pick up a weapon_physcannon
L 10/30/2019 - 23:18:07: [FAdmin] Money Printer Guy (STEAM_0:1:164666257) Attempted to pick up a gmod_camera
L 10/30/2019 - 23:18:07: [FAdmin] Money Printer Guy (STEAM_0:1:164666257) Attempted to pick up a gmod_tool
L 10/30/2019 - 23:18:07: [FAdmin] Money Printer Guy (STEAM_0:1:164666257) Attempted to pick up a pocket
L 10/30/2019 - 23:18:07: [FAdmin] Money Printer Guy (STEAM_0:1:164666257) Attempted to pick up a weapon_physgun
L 10/30/2019 - 23:18:14: [FAdmin] Police Man (STEAM_0:1:74202541) Attempted to switch noclip
L 10/30/2019 - 23:18:17: [FAdmin] Money Printer Guy (STEAM_0:1:164666257) Attempted to switch noclip
L 10/30/2019 - 23:18:41: [FAdmin] Money Printer Guy (STEAM_0:1:164666257) Gave himself a weapon_ak472
L 10/30/2019 - 23:18:42: [FAdmin] Money Printer Guy (STEAM_0:1:164666257) Attempted to switch noclip
L 10/30/2019 - 23:18:49: [FAdmin] Police Man (STEAM_0:1:74202541) Attempted to switch noclip
L 10/30/2019 - 23:18:50: [FAdmin] Money Printer Guy (STEAM_0:1:164666257) Attempted to switch noclip
L 10/30/2019 - 23:18:54: [FAdmin] Police Man (STEAM_0:1:74202541) Attempted to switch noclip
L 10/30/2019 - 23:19:14: [FAdmin] Police Man (STEAM_0:1:74202541) Attempted to switch noclip
L 10/30/2019 - 23:19:18: [FAdmin] Money Printer Guy (STEAM_0:1:164666257) Gave himself a weapon_glock2
L 10/30/2019 - 23:19:19: [FAdmin] Money Printer Guy (STEAM_0:1:164666257) Gave himself a weapon_glock2
L 10/30/2019 - 23:19:26: [FAdmin] Police Man teleported to Money Printer Guy
L 10/30/2019 - 23:19:28: [FAdmin] Police Man (STEAM_0:1:74202541) Attempted to switch noclip
L 10/30/2019 - 23:19:33: [FAdmin] Police Man (STEAM_0:1:74202541) Attempted to use tool creator
L 10/30/2019 - 23:19:33: [FAdmin] Police Man (STEAM_0:1:74202541) Spawned a weapon_mac102
L 10/30/2019 - 23:19:33: [FAdmin] Money Printer Guy (STEAM_0:1:164666257) Attempted to pick up a weapon_mac102
L 10/30/2019 - 23:19:44: [FAdmin] Police Man (STEAM_0:1:74202541) Attempted to switch noclip
L 10/30/2019 - 23:19:45: [FAdmin] Police Man (STEAM_0:1:74202541) Attempted to switch noclip
L 10/30/2019 - 23:20:04: [FAdmin] Police Man (STEAM_0:1:74202541) Attempted to switch noclip
L 10/30/2019 - 23:20:10: [FAdmin] Police Man (STEAM_0:1:74202541) Attempted to switch noclip
L 10/30/2019 - 23:24:06: [FAdmin] Money Printer Guy (STEAM_0:1:164666257) Got killed by Police Man with a player
L 10/30/2019 - 23:24:30: [FAdmin] Money Printer Guy (STEAM_0:1:164666257) Spawned
L 10/30/2019 - 23:24:30: [FAdmin] Money Printer Guy (STEAM_0:1:164666257) Attempted to pick up a keys
L 10/30/2019 - 23:24:30: [FAdmin] Money Printer Guy (STEAM_0:1:164666257) Attempted to pick up a weapon_physcannon
L 10/30/2019 - 23:24:30: [FAdmin] Money Printer Guy (STEAM_0:1:164666257) Attempted to pick up a gmod_camera
L 10/30/2019 - 23:24:30: [FAdmin] Money Printer Guy (STEAM_0:1:164666257) Attempted to pick up a gmod_tool
L 10/30/2019 - 23:24:30: [FAdmin] Money Printer Guy (STEAM_0:1:164666257) Attempted to pick up a pocket
L 10/30/2019 - 23:24:30: [FAdmin] Money Printer Guy (STEAM_0:1:164666257) Attempted to pick up a weapon_physgun
L 10/30/2019 - 23:24:31: [FAdmin] Money Printer Guy (STEAM_0:1:164666257) Attempted to switch noclip
L 10/30/2019 - 23:24:39: [FAdmin] Police Man (STEAM_0:1:74202541) Spawned a models/props_c17/furnitureStove001a.mdl
L 10/30/2019 - 23:24:40: [FAdmin] prop_physics(models/props_c17/furniturestove001a.mdl) Got removed
L 10/30/2019 - 23:24:40: [FAdmin] Money Printer Guy (STEAM_0:1:164666257) Attempted to switch noclip
L 10/30/2019 - 23:24:41: [FAdmin] Police Man (STEAM_0:1:74202541) Attempted to switch noclip
L 10/30/2019 - 23:24:46: [FAdmin] Money Printer Guy (STEAM_0:1:164666257) Spawned a models/props_c17/FurnitureMattress001a.mdl
L 10/30/2019 - 23:24:48: [FAdmin] Police Man (STEAM_0:1:74202541) Attempted to switch noclip
L 10/30/2019 - 23:24:49: [FAdmin] Police Man (STEAM_0:1:74202541) Attempted to switch noclip
L 10/30/2019 - 23:24:57: [FAdmin] Police Man (STEAM_0:1:74202541) Attempted to switch noclip
L 10/30/2019 - 23:25:01: [FAdmin] Money Printer Guy (STEAM_0:1:164666257) Spawned a models/props_c17/shelfunit01a.mdl
L 10/30/2019 - 23:25:04: [FAdmin] Police Man (STEAM_0:1:74202541) Spawned a models/props_c17/FurnitureWashingmachine001a.mdl
L 10/30/2019 - 23:25:08: [FAdmin] prop_physics(models/props_c17/furniturewashingmachine001a.mdl) Got removed
L 10/30/2019 - 23:25:13: [FAdmin] Police Man (STEAM_0:1:74202541) Spawned a models/props_c17/furnitureStove001a.mdl
L 10/30/2019 - 23:25:24: [FAdmin] Police Man (STEAM_0:1:74202541) Spawned a models/props_combine/breendesk.mdl
L 10/30/2019 - 23:25:29: [FAdmin] Police Man (STEAM_0:1:74202541) Spawned a models/props_combine/breenchair.mdl
L 10/30/2019 - 23:25:32: [FAdmin] Money Printer Guy (STEAM_0:1:164666257) Spawned a models/props_lab/binderblue.mdl
L 10/30/2019 - 23:25:38: [FAdmin] Police Man (STEAM_0:1:74202541) Spawned a models/props_interiors/pot01a.mdl
L 10/30/2019 - 23:25:41: [FAdmin] prop_physics(models/props_lab/binderblue.mdl) Got removed
L 10/30/2019 - 23:25:42: [FAdmin] prop_physics(models/props_c17/shelfunit01a.mdl) Got removed
L 10/30/2019 - 23:25:44: [FAdmin] Money Printer Guy (STEAM_0:1:164666257) Spawned a models/props_interiors/Furniture_shelf01a.mdl
L 10/30/2019 - 23:25:46: [FAdmin] Police Man (STEAM_0:1:74202541) Spawned a models/props_junk/garbage_glassbottle003a.mdl
L 10/30/2019 - 23:25:49: [FAdmin] Money Printer Guy (STEAM_0:1:164666257) Spawned a models/props_lab/bindergreen.mdl
L 10/30/2019 - 23:25:53: [FAdmin] Money Printer Guy (STEAM_0:1:164666257) Spawned a models/props_lab/bindergraylabel01b.mdl
L 10/30/2019 - 23:25:55: [FAdmin] Police Man (STEAM_0:1:74202541) Spawned a models/props_lab/plotter.mdl
L 10/30/2019 - 23:25:57: [FAdmin] Money Printer Guy (STEAM_0:1:164666257) Spawned a models/props_lab/bindergraylabel01b.mdl
L 10/30/2019 - 23:26:03: [FAdmin] Money Printer Guy (STEAM_0:1:164666257) Spawned a models/props_lab/binderredlabel.mdl
L 10/30/2019 - 23:26:07: [FAdmin] Money Printer Guy (STEAM_0:1:164666257) Spawned a models/props_lab/bindergraylabel01b.mdl
L 10/30/2019 - 23:26:18: [FAdmin] Police Man (STEAM_0:1:74202541) Spawned a models/props_lab/corkboard002.mdl
L 10/30/2019 - 23:26:19: [FAdmin] Police Man (STEAM_0:1:74202541) Spawned a models/props_lab/corkboard001.mdl
L 10/30/2019 - 23:26:22: [FAdmin] Police Man (STEAM_0:1:74202541) Spawned a models/props_lab/chess.mdl
L 10/30/2019 - 23:26:23: [FAdmin] Money Printer Guy (STEAM_0:1:164666257) Spawned a models/props_lab/binderblue.mdl
L 10/30/2019 - 23:26:26: [FAdmin] Money Printer Guy (STEAM_0:1:164666257) Spawned a models/props_lab/binderblue.mdl
L 10/30/2019 - 23:26:30: [FAdmin] Police Man (STEAM_0:1:74202541) Spawned a models/props_junk/garbage_newspaper001a.mdl
L 10/30/2019 - 23:26:40: [FAdmin] Money Printer Guy (STEAM_0:1:164666257) Spawned a models/props_lab/harddrive02.mdl
L 10/30/2019 - 23:26:43: [FAdmin] prop_physics(models/props_lab/harddrive02.mdl) Got removed
L 10/30/2019 - 23:26:47: [FAdmin] Money Printer Guy (STEAM_0:1:164666257) Spawned a models/props_lab/workspace003.mdl
L 10/30/2019 - 23:26:49: [FAdmin] prop_physics(models/props_lab/workspace003.mdl) Got removed
L 10/30/2019 - 23:26:50: [FAdmin] Money Printer Guy (STEAM_0:1:164666257) Spawned a models/props_lab/workspace002.mdl
L 10/30/2019 - 23:26:51: [FAdmin] prop_physics(models/props_lab/workspace002.mdl) Got removed
L 10/30/2019 - 23:26:52: [FAdmin] Money Printer Guy (STEAM_0:1:164666257) Spawned a models/props_lab/workspace001.mdl
L 10/30/2019 - 23:26:54: [FAdmin] prop_physics(models/props_lab/workspace001.mdl) Got removed
L 10/30/2019 - 23:26:54: [FAdmin] Money Printer Guy (STEAM_0:1:164666257) Spawned a models/props_lab/workspace001.mdl
L 10/30/2019 - 23:26:55: [FAdmin] prop_physics(models/props_lab/workspace001.mdl) Got removed
L 10/30/2019 - 23:26:56: [FAdmin] Money Printer Guy (STEAM_0:1:164666257) Spawned a models/props_lab/workspace001.mdl
L 10/30/2019 - 23:27:01: [FAdmin] Police Man (STEAM_0:1:74202541) Spawned a models/props_junk/wood_crate002a.mdl
L 10/30/2019 - 23:27:06: [FAdmin] Police Man (STEAM_0:1:74202541) Spawned a models/props_junk/wood_crate001a_damaged.mdl
L 10/30/2019 - 23:27:09: [FAdmin] Police Man (STEAM_0:1:74202541) Spawned a models/props_junk/wood_crate001a.mdl
L 10/30/2019 - 23:27:19: [FAdmin] Police Man (STEAM_0:1:74202541) Spawned a models/props_lab/kennel_physics.mdl
L 10/30/2019 - 23:27:48: [FAdmin] Money Printer Guy (STEAM_0:1:164666257) Spawned a models/props_lab/partsbin01.mdl
L 10/30/2019 - 23:28:14: [FAdmin] Money Printer Guy (STEAM_0:1:164666257) Spawned a models/props_junk/garbage_glassbottle003a.mdl
L 10/30/2019 - 23:28:19: [FAdmin] prop_physics(models/props_junk/garbage_glassbottle003a.mdl) Got removed
L 10/30/2019 - 23:28:24: [FAdmin] Money Printer Guy (STEAM_0:1:164666257) Spawned a models/props_lab/servers.mdl
L 10/30/2019 - 23:28:25: [FAdmin] prop_physics(models/props_lab/servers.mdl) Got removed
L 10/30/2019 - 23:28:28: [FAdmin] Money Printer Guy (STEAM_0:1:164666257) Spawned a models/props_trainstation/trainstation_clock001.mdl
L 10/30/2019 - 23:28:29: [FAdmin] FAdmin Action: Police Man (STEAM_0:1:74202541) Gave Money Printer Guy a weapon_mac102
L 10/30/2019 - 23:28:29: [FAdmin] Police Man gave weapon_mac102 to Money Printer Guy
L 10/30/2019 - 23:28:29: [FAdmin] Money Printer Guy (STEAM_0:1:164666257) Attempted to pick up a weapon_mac102
L 10/30/2019 - 23:28:29: [FAdmin] prop_physics(models/props_trainstation/trainstation_clock001.mdl) Got removed
L 10/30/2019 - 23:28:36: [FAdmin] Money Printer Guy (STEAM_0:1:164666257) Spawned a models/props_junk/watermelon01.mdl
L 10/30/2019 - 23:28:43: [FAdmin] Money Printer Guy (STEAM_0:1:164666257) Spawned a models/props_junk/garbage_coffeemug001a.mdl
L 10/30/2019 - 23:28:44: [FAdmin] prop_physics(models/props_junk/garbage_coffeemug001a.mdl) Got removed
L 10/30/2019 - 23:28:49: [FAdmin] Police Man (STEAM_0:1:74202541) Spawned a models/props_c17/FurnitureCouch001a.mdl
L 10/30/2019 - 23:29:42: [FAdmin] Money Printer Guy (STEAM_0:1:164666257) Attempted to use tool trails
L 10/30/2019 - 23:29:42: [FAdmin] Money Printer Guy (STEAM_0:1:164666257) Attempted to use tool trails
L 10/30/2019 - 23:29:42: [FAdmin] Money Printer Guy (STEAM_0:1:164666257) Attempted to use tool trails
L 10/30/2019 - 23:29:42: [FAdmin] Money Printer Guy (STEAM_0:1:164666257) Attempted to use tool trails
L 10/30/2019 - 23:29:43: [FAdmin] Money Printer Guy (STEAM_0:1:164666257) Attempted to use tool trails
L 10/30/2019 - 23:29:43: [FAdmin] Money Printer Guy (STEAM_0:1:164666257) Attempted to use tool trails
L 10/30/2019 - 23:29:43: [FAdmin] Money Printer Guy (STEAM_0:1:164666257) Attempted to use tool trails
L 10/30/2019 - 23:29:43: [FAdmin] Money Printer Guy (STEAM_0:1:164666257) Attempted to use tool trails
L 10/30/2019 - 23:29:57: [FAdmin] Money Printer Guy (STEAM_0:1:164666257) Attempted to switch noclip
L 10/30/2019 - 23:29:58: [FAdmin] Money Printer Guy (STEAM_0:1:164666257) Attempted to switch noclip
L 10/30/2019 - 23:30:37: [FAdmin] FAdmin Action: Police Man (STEAM_0:1:74202541) Removed all decals.
L 10/30/2019 - 23:30:41: [FAdmin] Police Man (STEAM_0:1:74202541) Attempted to switch noclip
L 10/30/2019 - 23:30:42: [FAdmin] Police Man (STEAM_0:1:74202541) Attempted to switch noclip
L 10/30/2019 - 23:30:50: [FAdmin] Police Man (STEAM_0:1:74202541) Attempted to switch noclip
L 10/30/2019 - 23:30:55: "Police Man<7><STEAM_0:1:74202541><Citizen>" say "/dropweapon"

L 10/30/2019 - 23:30:59: [FAdmin] Police Man (STEAM_0:1:74202541) Attempted to switch noclip
L 10/30/2019 - 23:31:06: [FAdmin] Police Man (STEAM_0:1:74202541) changed from Citizen to Civil Protection
L 10/30/2019 - 23:31:06: [FAdmin] Police Man (STEAM_0:1:74202541) Attempted to pick up a arrest_stick
L 10/30/2019 - 23:31:06: [FAdmin] Police Man (STEAM_0:1:74202541) Attempted to pick up a unarrest_stick
L 10/30/2019 - 23:31:06: [FAdmin] Police Man (STEAM_0:1:74202541) Attempted to pick up a weapon_glock2
L 10/30/2019 - 23:31:06: [FAdmin] Police Man (STEAM_0:1:74202541) Attempted to pick up a stunstick
L 10/30/2019 - 23:31:06: [FAdmin] Police Man (STEAM_0:1:74202541) Attempted to pick up a door_ram
L 10/30/2019 - 23:31:06: [FAdmin] Police Man (STEAM_0:1:74202541) Attempted to pick up a weaponchecker
L 10/30/2019 - 23:31:06: [FAdmin] Police Man (STEAM_0:1:74202541) Attempted to pick up a keys
L 10/30/2019 - 23:31:06: [FAdmin] Police Man (STEAM_0:1:74202541) Attempted to pick up a weapon_physcannon
L 10/30/2019 - 23:31:06: [FAdmin] Police Man (STEAM_0:1:74202541) Attempted to pick up a gmod_camera
L 10/30/2019 - 23:31:06: [FAdmin] Police Man (STEAM_0:1:74202541) Attempted to pick up a gmod_tool
L 10/30/2019 - 23:31:06: [FAdmin] Police Man (STEAM_0:1:74202541) Attempted to pick up a pocket
L 10/30/2019 - 23:31:06: [FAdmin] Police Man (STEAM_0:1:74202541) Attempted to pick up a weapon_physgun
L 10/30/2019 - 23:31:06: [FAdmin] Police Man (STEAM_0:1:74202541) Attempted to pick up a weapon_keypadchecker
L 10/30/2019 - 23:31:14: [FAdmin] Police Man (STEAM_0:1:74202541) Gave himself a weapon_m42
L 10/30/2019 - 23:31:14: [FAdmin] Police Man (STEAM_0:1:74202541) Attempted to pick up a weapon_m42
L 10/30/2019 - 23:31:21: [FAdmin] Police Man (STEAM_0:1:74202541) Attempted to switch noclip
L 10/30/2019 - 23:31:25: [FAdmin] Police Man (STEAM_0:1:74202541) Attempted to switch noclip
L 10/30/2019 - 23:32:47: [FAdmin] Police Man set the health of Police Man to 100
L 10/30/2019 - 23:33:07: [FAdmin] Money Printer Guy (STEAM_0:1:164666257) Attempted to switch noclip
L 10/30/2019 - 23:33:08: [FAdmin] Money Printer Guy (STEAM_0:1:164666257) Attempted to switch noclip
L 10/30/2019 - 23:33:09: [FAdmin] Money Printer Guy (STEAM_0:1:164666257) Attempted to switch noclip
L 10/30/2019 - 23:33:09: [FAdmin] Money Printer Guy (STEAM_0:1:164666257) Attempted to switch noclip
L 10/30/2019 - 23:33:10: [FAdmin] Money Printer Guy (STEAM_0:1:164666257) Attempted to switch noclip
L 10/30/2019 - 23:33:12: [FAdmin] Money Printer Guy (STEAM_0:1:164666257) Attempted to switch noclip
L 10/30/2019 - 23:33:13: [FAdmin] Money Printer Guy (STEAM_0:1:164666257) Attempted to switch noclip
L 10/30/2019 - 23:33:15: [FAdmin] Money Printer Guy (STEAM_0:1:164666257) Attempted to switch noclip
L 10/30/2019 - 23:33:16: [FAdmin] Money Printer Guy (STEAM_0:1:164666257) Attempted to switch noclip
L 10/30/2019 - 23:33:17: [FAdmin] Money Printer Guy (STEAM_0:1:164666257) Attempted to switch noclip
L 10/30/2019 - 23:34:51: [FAdmin] Police Man (STEAM_0:1:74202541) Got killed by Money Printer Guy with a player
L 10/30/2019 - 23:35:07: [FAdmin] Police Man (STEAM_0:1:74202541) Spawned
L 10/30/2019 - 23:35:07: [FAdmin] Police Man (STEAM_0:1:74202541) Attempted to pick up a arrest_stick
L 10/30/2019 - 23:35:07: [FAdmin] Police Man (STEAM_0:1:74202541) Attempted to pick up a unarrest_stick
L 10/30/2019 - 23:35:07: [FAdmin] Police Man (STEAM_0:1:74202541) Attempted to pick up a weapon_glock2
L 10/30/2019 - 23:35:07: [FAdmin] Police Man (STEAM_0:1:74202541) Attempted to pick up a stunstick
L 10/30/2019 - 23:35:07: [FAdmin] Police Man (STEAM_0:1:74202541) Attempted to pick up a door_ram
L 10/30/2019 - 23:35:07: [FAdmin] Police Man (STEAM_0:1:74202541) Attempted to pick up a weaponchecker
L 10/30/2019 - 23:35:07: [FAdmin] Police Man (STEAM_0:1:74202541) Attempted to pick up a keys
L 10/30/2019 - 23:35:07: [FAdmin] Police Man (STEAM_0:1:74202541) Attempted to pick up a weapon_physcannon
L 10/30/2019 - 23:35:07: [FAdmin] Police Man (STEAM_0:1:74202541) Attempted to pick up a gmod_camera
L 10/30/2019 - 23:35:07: [FAdmin] Police Man (STEAM_0:1:74202541) Attempted to pick up a gmod_tool
L 10/30/2019 - 23:35:07: [FAdmin] Police Man (STEAM_0:1:74202541) Attempted to pick up a pocket
L 10/30/2019 - 23:35:07: [FAdmin] Police Man (STEAM_0:1:74202541) Attempted to pick up a weapon_physgun
L 10/30/2019 - 23:35:07: [FAdmin] Police Man (STEAM_0:1:74202541) Attempted to pick up a weapon_keypadchecker
L 10/30/2019 - 23:35:09: [FAdmin] Police Man (STEAM_0:1:74202541) Attempted to switch noclip
L 10/30/2019 - 23:35:12: [FAdmin] Police Man (STEAM_0:1:74202541) Attempted to switch noclip
L 10/30/2019 - 23:35:18: [FAdmin] Police Man (STEAM_0:1:74202541) Gave himself a weapon_mp52
L 10/30/2019 - 23:35:18: [FAdmin] Police Man (STEAM_0:1:74202541) Attempted to pick up a weapon_mp52
L 10/30/2019 - 23:35:33: [FAdmin] FAdmin Action: Police Man (STEAM_0:1:74202541) Removed all decals.
L 10/30/2019 - 23:36:03: [FAdmin] Police Man set the health of Money Printer Guy to 100
L 10/30/2019 - 23:36:20: [FAdmin] Police Man (STEAM_0:1:74202541) Spawned a item_battery
L 10/30/2019 - 23:36:21: [FAdmin] Police Man (STEAM_0:1:74202541) Spawned a item_battery
L 10/30/2019 - 23:36:22: [FAdmin] Police Man (STEAM_0:1:74202541) Spawned a item_battery
L 10/30/2019 - 23:36:23: [FAdmin] Police Man (STEAM_0:1:74202541) Spawned a item_battery
L 10/30/2019 - 23:36:23: [FAdmin] Police Man (STEAM_0:1:74202541) Spawned a item_battery
L 10/30/2019 - 23:36:23: [FAdmin] Police Man (STEAM_0:1:74202541) Spawned a item_battery
L 10/30/2019 - 23:36:24: [FAdmin] Police Man (STEAM_0:1:74202541) Spawned a item_battery
L 10/30/2019 - 23:37:12: [FAdmin] Police Man (STEAM_0:1:74202541) Attempted to switch noclip
L 10/30/2019 - 23:37:15: [FAdmin] Police Man (STEAM_0:1:74202541) Attempted to switch noclip
L 10/30/2019 - 23:38:49: "DidVaitel<7><STEAM_0:1:74202541><>" disconnected (reason "Disconnect by user.")
L 10/30/2019 - 23:38:49: [FAdmin] Police Man (STEAM_0:1:74202541) Disconnected
L 10/30/2019 - 23:38:50: "DidVaitel<8><STEAM_0:1:74202541><>" connected, address "26.64.99.216:27006"
L 10/30/2019 - 23:38:50: "DidVaitel<8><STEAM_0:1:74202541><>" STEAM USERID validated
L 10/30/2019 - 23:39:00: [FAdmin] DidVaitel (STEAM_0:1:74202541) is Authed
L 10/30/2019 - 23:39:00: [FAdmin] DidVaitel (STEAM_0:1:74202541) Spawned for the first time
L 10/30/2019 - 23:39:00: [FAdmin] Police Man (STEAM_0:1:74202541) Spawned
L 10/30/2019 - 23:39:00: "DidVaitel<8><STEAM_0:1:74202541><>" entered the game
L 10/30/2019 - 23:39:00: [FAdmin] Police Man (STEAM_0:1:74202541) Attempted to pick up a keys
L 10/30/2019 - 23:39:00: [FAdmin] Police Man (STEAM_0:1:74202541) Attempted to pick up a weapon_physcannon
L 10/30/2019 - 23:39:00: [FAdmin] Police Man (STEAM_0:1:74202541) Attempted to pick up a gmod_camera
L 10/30/2019 - 23:39:00: [FAdmin] Police Man (STEAM_0:1:74202541) Attempted to pick up a gmod_tool
L 10/30/2019 - 23:39:00: [FAdmin] Police Man (STEAM_0:1:74202541) Attempted to pick up a pocket
L 10/30/2019 - 23:39:00: [FAdmin] Police Man (STEAM_0:1:74202541) Attempted to pick up a weapon_physgun
L 10/30/2019 - 23:39:09: [FAdmin] Police Man (STEAM_0:1:74202541) Attempted to switch noclip
L 10/30/2019 - 23:39:12: [FAdmin] Police Man (STEAM_0:1:74202541) Attempted to switch noclip
L 10/30/2019 - 23:39:38: [FAdmin] Police Man (STEAM_0:1:74202541) changed from Citizen to Hobo
L 10/30/2019 - 23:39:38: [FAdmin] Police Man (STEAM_0:1:74202541) Attempted to pick up a weapon_bugbait
L 10/30/2019 - 23:39:38: [FAdmin] Police Man (STEAM_0:1:74202541) Attempted to pick up a keys
L 10/30/2019 - 23:39:38: [FAdmin] Police Man (STEAM_0:1:74202541) Attempted to pick up a weapon_physcannon
L 10/30/2019 - 23:39:38: [FAdmin] Police Man (STEAM_0:1:74202541) Attempted to pick up a gmod_camera
L 10/30/2019 - 23:39:38: [FAdmin] Police Man (STEAM_0:1:74202541) Attempted to pick up a gmod_tool
L 10/30/2019 - 23:39:38: [FAdmin] Police Man (STEAM_0:1:74202541) Attempted to pick up a pocket
L 10/30/2019 - 23:39:38: [FAdmin] Police Man (STEAM_0:1:74202541) Attempted to pick up a weapon_physgun
L 10/30/2019 - 23:39:38: [FAdmin] Police Man (STEAM_0:1:74202541) Attempted to pick up a weapon_keypadchecker
L 10/30/2019 - 23:39:38: [FAdmin] Police Man (STEAM_0:1:74202541) Attempted to pick up a door_ram
L 10/30/2019 - 23:39:38: [FAdmin] Police Man (STEAM_0:1:74202541) Attempted to pick up a arrest_stick
L 10/30/2019 - 23:39:38: [FAdmin] Police Man (STEAM_0:1:74202541) Attempted to pick up a unarrest_stick
L 10/30/2019 - 23:39:38: [FAdmin] Police Man (STEAM_0:1:74202541) Attempted to pick up a stunstick
L 10/30/2019 - 23:39:38: [FAdmin] Police Man (STEAM_0:1:74202541) Attempted to pick up a weaponchecker
L 10/30/2019 - 23:39:52: [FAdmin] Police Man (STEAM_0:1:74202541) changed from Hobo to Civil Protection
L 10/30/2019 - 23:39:52: [FAdmin] Police Man set the team of Police Man to 2
L 10/30/2019 - 23:39:52: [FAdmin] Police Man (STEAM_0:1:74202541) Attempted to pick up a arrest_stick
L 10/30/2019 - 23:39:52: [FAdmin] Police Man (STEAM_0:1:74202541) Attempted to pick up a unarrest_stick
L 10/30/2019 - 23:39:52: [FAdmin] Police Man (STEAM_0:1:74202541) Attempted to pick up a weapon_glock2
L 10/30/2019 - 23:39:52: [FAdmin] Police Man (STEAM_0:1:74202541) Attempted to pick up a stunstick
L 10/30/2019 - 23:39:52: [FAdmin] Police Man (STEAM_0:1:74202541) Attempted to pick up a door_ram
L 10/30/2019 - 23:39:52: [FAdmin] Police Man (STEAM_0:1:74202541) Attempted to pick up a weaponchecker
L 10/30/2019 - 23:39:52: [FAdmin] Police Man (STEAM_0:1:74202541) Attempted to pick up a keys
L 10/30/2019 - 23:39:52: [FAdmin] Police Man (STEAM_0:1:74202541) Attempted to pick up a weapon_physcannon
L 10/30/2019 - 23:39:52: [FAdmin] Police Man (STEAM_0:1:74202541) Attempted to pick up a gmod_camera
L 10/30/2019 - 23:39:52: [FAdmin] Police Man (STEAM_0:1:74202541) Attempted to pick up a gmod_tool
L 10/30/2019 - 23:39:52: [FAdmin] Police Man (STEAM_0:1:74202541) Attempted to pick up a pocket
L 10/30/2019 - 23:39:52: [FAdmin] Police Man (STEAM_0:1:74202541) Attempted to pick up a weapon_physgun
L 10/30/2019 - 23:39:52: [FAdmin] Police Man (STEAM_0:1:74202541) Attempted to pick up a weapon_keypadchecker
L 10/30/2019 - 23:39:55: [FAdmin] FAdmin Action: Police Man (STEAM_0:1:74202541) Gave themselves a weapon_mp52
L 10/30/2019 - 23:39:55: [FAdmin] Police Man gave weapon_mp52 to Police Man
L 10/30/2019 - 23:39:55: [FAdmin] Police Man (STEAM_0:1:74202541) Attempted to pick up a weapon_mp52
L 10/30/2019 - 23:39:56: [FAdmin] FAdmin Action: Police Man (STEAM_0:1:74202541) Gave themselves a weapon_mp52
L 10/30/2019 - 23:39:56: [FAdmin] Police Man gave weapon_mp52 to Police Man
L 10/30/2019 - 23:39:56: [FAdmin] FAdmin Action: Police Man (STEAM_0:1:74202541) Gave themselves a weapon_mp52
L 10/30/2019 - 23:39:56: [FAdmin] Police Man gave weapon_mp52 to Police Man
L 10/30/2019 - 23:40:07: [FAdmin] Police Man (STEAM_0:1:74202541) Spawned a item_battery
L 10/30/2019 - 23:40:07: [FAdmin] Police Man (STEAM_0:1:74202541) Spawned a item_battery
L 10/30/2019 - 23:40:07: [FAdmin] Police Man (STEAM_0:1:74202541) Spawned a item_battery
L 10/30/2019 - 23:40:07: [FAdmin] Police Man (STEAM_0:1:74202541) Spawned a item_battery
L 10/30/2019 - 23:40:07: [FAdmin] Police Man (STEAM_0:1:74202541) Spawned a item_battery
L 10/30/2019 - 23:40:08: [FAdmin] Police Man (STEAM_0:1:74202541) Spawned a item_battery
L 10/30/2019 - 23:40:09: [FAdmin] Police Man (STEAM_0:1:74202541) Spawned a item_battery
L 10/30/2019 - 23:40:18: [FAdmin] prop_physics(models/props_junk/watermelon01.mdl) Got removed
L 10/30/2019 - 23:40:36: [FAdmin] Police Man set the health of Money Printer Guy to 100
L 10/30/2019 - 23:42:34: [FAdmin] Money Printer Guy (STEAM_0:1:164666257) Got killed by Police Man with a player
L 10/30/2019 - 23:42:52: [FAdmin] Money Printer Guy (STEAM_0:1:164666257) Spawned
L 10/30/2019 - 23:42:52: [FAdmin] Money Printer Guy (STEAM_0:1:164666257) Attempted to pick up a keys
L 10/30/2019 - 23:42:52: [FAdmin] Money Printer Guy (STEAM_0:1:164666257) Attempted to pick up a weapon_physcannon
L 10/30/2019 - 23:42:52: [FAdmin] Money Printer Guy (STEAM_0:1:164666257) Attempted to pick up a gmod_camera
L 10/30/2019 - 23:42:52: [FAdmin] Money Printer Guy (STEAM_0:1:164666257) Attempted to pick up a gmod_tool
L 10/30/2019 - 23:42:52: [FAdmin] Money Printer Guy (STEAM_0:1:164666257) Attempted to pick up a pocket
L 10/30/2019 - 23:42:52: [FAdmin] Money Printer Guy (STEAM_0:1:164666257) Attempted to pick up a weapon_physgun
L 10/30/2019 - 23:42:53: [FAdmin] Money Printer Guy (STEAM_0:1:164666257) Attempted to switch noclip
L 10/30/2019 - 23:42:55: [FAdmin] Money Printer Guy (STEAM_0:1:164666257) Attempted to switch noclip
L 10/30/2019 - 23:48:50: [FAdmin] Police Man (STEAM_0:1:74202541) Attempted to switch noclip
L 10/30/2019 - 23:48:56: [FAdmin] Police Man (STEAM_0:1:74202541) Attempted to switch noclip
L 10/30/2019 - 23:48:57: [FAdmin] Police Man (STEAM_0:1:74202541) Attempted to switch noclip
L 10/30/2019 - 23:48:57: [FAdmin] Money Printer Guy (STEAM_0:1:164666257) Attempted to switch noclip
L 10/30/2019 - 23:48:57: [FAdmin] Police Man (STEAM_0:1:74202541) Attempted to switch noclip
L 10/30/2019 - 23:48:59: [FAdmin] Money Printer Guy (STEAM_0:1:164666257) Attempted to switch noclip
L 10/30/2019 - 23:49:00: [FAdmin] Money Printer Guy (STEAM_0:1:164666257) Attempted to switch noclip
L 10/30/2019 - 23:49:01: [FAdmin] Police Man (STEAM_0:1:74202541) Attempted to use tool remover
L 10/30/2019 - 23:49:01: [FAdmin] Police Man (STEAM_0:1:74202541) Attempted to use tool remover
L 10/30/2019 - 23:49:02: [FAdmin] Money Printer Guy (STEAM_0:1:164666257) Attempted to switch noclip
L 10/30/2019 - 23:49:02: [FAdmin] Police Man (STEAM_0:1:74202541) Attempted to use tool remover
L 10/30/2019 - 23:49:02: [FAdmin] Police Man (STEAM_0:1:74202541) Attempted to use tool remover
L 10/30/2019 - 23:49:03: [FAdmin] Police Man (STEAM_0:1:74202541) Attempted to use tool remover
L 10/30/2019 - 23:49:03: [FAdmin] Money Printer Guy (STEAM_0:1:164666257) Attempted to switch noclip
L 10/30/2019 - 23:49:04: [FAdmin] Money Printer Guy (STEAM_0:1:164666257) Attempted to switch noclip
L 10/30/2019 - 23:49:04: [FAdmin] Police Man (STEAM_0:1:74202541) Attempted to switch noclip
L 10/30/2019 - 23:49:10: [FAdmin] Police Man (STEAM_0:1:74202541) Attempted to switch noclip
L 10/30/2019 - 23:49:16: [FAdmin] Money Printer Guy (STEAM_0:1:164666257) Attempted to switch noclip
L 10/30/2019 - 23:49:16: [FAdmin] Money Printer Guy (STEAM_0:1:164666257) Attempted to switch noclip
L 10/30/2019 - 23:49:17: [FAdmin] Money Printer Guy (STEAM_0:1:164666257) Attempted to switch noclip
L 10/30/2019 - 23:49:22: [FAdmin] Money Printer Guy (STEAM_0:1:164666257) Attempted to switch noclip
L 10/30/2019 - 23:49:25: [FAdmin] Police Man (STEAM_0:1:74202541) Attempted to switch noclip
L 10/30/2019 - 23:49:29: [FAdmin] Money Printer Guy (STEAM_0:1:164666257) Attempted to switch noclip
L 10/30/2019 - 23:49:31: [FAdmin] Money Printer Guy (STEAM_0:1:164666257) Attempted to switch noclip
L 10/30/2019 - 23:49:32: [FAdmin] Money Printer Guy (STEAM_0:1:164666257) Attempted to switch noclip
L 10/30/2019 - 23:49:34: [FAdmin] Money Printer Guy (STEAM_0:1:164666257) Attempted to switch noclip
L 10/30/2019 - 23:49:35: [FAdmin] Police Man (STEAM_0:1:74202541) Attempted to switch noclip
L 10/30/2019 - 23:50:12: [FAdmin] Money Printer Guy (STEAM_0:1:164666257) Attempted to switch noclip
L 10/30/2019 - 23:50:13: [FAdmin] Money Printer Guy (STEAM_0:1:164666257) Attempted to switch noclip
L 10/30/2019 - 23:50:13: [FAdmin] Money Printer Guy (STEAM_0:1:164666257) Attempted to switch noclip
L 10/30/2019 - 23:50:17: [FAdmin] Money Printer Guy (STEAM_0:1:164666257) Attempted to switch noclip
L 10/30/2019 - 23:50:19: [FAdmin] Money Printer Guy (STEAM_0:1:164666257) Attempted to switch noclip
L 10/30/2019 - 23:50:20: [FAdmin] Money Printer Guy (STEAM_0:1:164666257) Attempted to switch noclip
L 10/30/2019 - 23:50:22: [FAdmin] Money Printer Guy (STEAM_0:1:164666257) Attempted to switch noclip
L 10/30/2019 - 23:50:23: [FAdmin] Money Printer Guy (STEAM