L 10/30/2019 - 22:52:22: Log file started (file "logs\L1030018.log") (game "F:\sup\steamapps\common\GarrysModDS\garrysmod") (version "7517")
L 10/30/2019 - 22:52:22: server_cvar: "sv_alltalk" "3"
L 10/30/2019 - 22:52:22: server_cvar: "sv_allowcslua" "1"
L 10/30/2019 - 22:52:22: server_cvar: "sv_airaccelerate" "1000"
L 10/30/2019 - 22:52:22: server_cvar: "sv_alltalk" "0"
L 10/30/2019 - 22:52:23: Connection to Steam servers successful.
L 10/30/2019 - 22:52:23:    Public IP is 31.130.42.47.
L 10/30/2019 - 22:52:23: Assigned anonymous gameserver Steam ID [A-1:1191452677(13536)].
L 10/30/2019 - 22:52:23: VAC secure mode is activated.
L 10/30/2019 - 22:52:24: "DidVaitel<2><STEAM_0:1:74202541><>" connected, address "26.64.99.216:27006"
L 10/30/2019 - 22:52:24: "DidVaitel<2><STEAM_0:1:74202541><>" STEAM USERID validated
L 10/30/2019 - 22:52:29: "eLeCtrOssSnake<3><STEAM_0:1:164666257><>" connected, address "185.103.110.206:27005"
L 10/30/2019 - 22:52:30: "eLeCtrOssSnake<3><STEAM_0:1:164666257><>" STEAM USERID validated
L 10/30/2019 - 22:52:33: "Pomoika Gangstera<4><STEAM_0:1:106057291><>" connected, address "46.188.121.100:7832"
L 10/30/2019 - 22:52:33: "Pomoika Gangstera<4><STEAM_0:1:106057291><>" STEAM USERID validated
L 10/30/2019 - 22:52:34: [FAdmin] DidVaitel (STEAM_0:1:74202541) is Authed
L 10/30/2019 - 22:52:34: [FAdmin] DidVaitel (STEAM_0:1:74202541) Spawned for the first time
L 10/30/2019 - 22:52:34: [FAdmin] OverHashed (STEAM_0:1:74202541) Spawned
L 10/30/2019 - 22:52:34: "DidVaitel<2><STEAM_0:1:74202541><>" entered the game
L 10/30/2019 - 22:52:34: [FAdmin] OverHashed (STEAM_0:1:74202541) Attempted to pick up a keys
L 10/30/2019 - 22:52:34: [FAdmin] OverHashed (STEAM_0:1:74202541) Attempted to pick up a weapon_physcannon
L 10/30/2019 - 22:52:34: [FAdmin] OverHashed (STEAM_0:1:74202541) Attempted to pick up a gmod_camera
L 10/30/2019 - 22:52:34: [FAdmin] OverHashed (STEAM_0:1:74202541) Attempted to pick up a gmod_tool
L 10/30/2019 - 22:52:34: [FAdmin] OverHashed (STEAM_0:1:74202541) Attempted to pick up a pocket
L 10/30/2019 - 22:52:34: [FAdmin] OverHashed (STEAM_0:1:74202541) Attempted to pick up a weapon_physgun
L 10/30/2019 - 22:52:40: [FAdmin] eLeCtrOssSnake (STEAM_0:1:164666257) is Authed
L 10/30/2019 - 22:52:40: [FAdmin] eLeCtrOssSnake (STEAM_0:1:164666257) Spawned for the first time
L 10/30/2019 - 22:52:40: [FAdmin] eLeCtrOssSnake (STEAM_0:1:164666257) Spawned
L 10/30/2019 - 22:52:40: "eLeCtrOssSnake<3><STEAM_0:1:164666257><>" entered the game
L 10/30/2019 - 22:52:40: [FAdmin] eLeCtrOssSnake (STEAM_0:1:164666257) Attempted to pick up a keys
L 10/30/2019 - 22:52:40: [FAdmin] eLeCtrOssSnake (STEAM_0:1:164666257) Attempted to pick up a weapon_physcannon
L 10/30/2019 - 22:52:40: [FAdmin] eLeCtrOssSnake (STEAM_0:1:164666257) Attempted to pick up a gmod_camera
L 10/30/2019 - 22:52:40: [FAdmin] eLeCtrOssSnake (STEAM_0:1:164666257) Attempted to pick up a gmod_tool
L 10/30/2019 - 22:52:40: [FAdmin] eLeCtrOssSnake (STEAM_0:1:164666257) Attempted to pick up a pocket
L 10/30/2019 - 22:52:40: [FAdmin] eLeCtrOssSnake (STEAM_0:1:164666257) Attempted to pick up a weapon_physgun
L 10/30/2019 - 22:52:53: [FAdmin] Pomoika Gangstera (STEAM_0:1:106057291) is Authed
L 10/30/2019 - 22:52:53: [FAdmin] Pomoika Gangstera (STEAM_0:1:106057291) Spawned for the first time
L 10/30/2019 - 22:52:53: [FAdmin] Pomoika Gangstera (STEAM_0:1:106057291) Spawned
L 10/30/2019 - 22:52:53: "Pomoika Gangstera<4><STEAM_0:1:106057291><>" entered the game
L 10/30/2019 - 22:52:53: [FAdmin] Pomoika Gangstera (STEAM_0:1:106057291) Attempted to pick up a keys
L 10/30/2019 - 22:52:53: [FAdmin] Pomoika Gangstera (STEAM_0:1:106057291) Attempted to pick up a weapon_physcannon
L 10/30/2019 - 22:52:53: [FAdmin] Pomoika Gangstera (STEAM_0:1:106057291) Attempted to pick up a gmod_camera
L 10/30/2019 - 22:52:53: [FAdmin] Pomoika Gangstera (STEAM_0:1:106057291) Attempted to pick up a gmod_tool
L 10/30/2019 - 22:52:53: [FAdmin] Pomoika Gangstera (STEAM_0:1:106057291) Attempted to pick up a pocket
L 10/30/2019 - 22:52:53: [FAdmin] Pomoika Gangstera (STEAM_0:1:106057291) Attempted to pick up a weapon_physgun
L 10/30/2019 - 22:53:01: [FAdmin] eLeCtrOssSnake (STEAM_0:1:164666257) changed from Citizen to Informer Dealer
L 10/30/2019 - 22:53:01: [FAdmin] eLeCtrOssSnake (STEAM_0:1:164666257) Attempted to pick up a weapon_informer_laptop
L 10/30/2019 - 22:53:01: [FAdmin] eLeCtrOssSnake (STEAM_0:1:164666257) Attempted to pick up a keys
L 10/30/2019 - 22:53:01: [FAdmin] eLeCtrOssSnake (STEAM_0:1:164666257) Attempted to pick up a weapon_physcannon
L 10/30/2019 - 22:53:01: [FAdmin] eLeCtrOssSnake (STEAM_0:1:164666257) Attempted to pick up a gmod_camera
L 10/30/2019 - 22:53:01: [FAdmin] eLeCtrOssSnake (STEAM_0:1:164666257) Attempted to pick up a gmod_tool
L 10/30/2019 - 22:53:01: [FAdmin] eLeCtrOssSnake (STEAM_0:1:164666257) Attempted to pick up a pocket
L 10/30/2019 - 22:53:01: [FAdmin] eLeCtrOssSnake (STEAM_0:1:164666257) Attempted to pick up a weapon_physgun
L 10/30/2019 - 22:53:14: [FAdmin] Pomoika Gangstera (STEAM_0:1:106057291) Attempted to switch noclip
L 10/30/2019 - 22:53:14: [FAdmin] Pomoika Gangstera (STEAM_0:1:106057291) Attempted to switch noclip
L 10/30/2019 - 22:53:15: [FAdmin] Pomoika Gangstera (STEAM_0:1:106057291) Attempted to switch noclip
L 10/30/2019 - 22:53:15: [FAdmin] Pomoika Gangstera (STEAM_0:1:106057291) Attempted to switch noclip
L 10/30/2019 - 22:53:15: [FAdmin] Pomoika Gangstera (STEAM_0:1:106057291) changed from Citizen to Civil Protection
L 10/30/2019 - 22:53:16: [FAdmin] Pomoika Gangstera (STEAM_0:1:106057291) Attempted to pick up a arrest_stick
L 10/30/2019 - 22:53:16: [FAdmin] Pomoika Gangstera (STEAM_0:1:106057291) Attempted to pick up a unarrest_stick
L 10/30/2019 - 22:53:16: [FAdmin] Pomoika Gangstera (STEAM_0:1:106057291) Attempted to pick up a weapon_glock2
L 10/30/2019 - 22:53:16: [FAdmin] Pomoika Gangstera (STEAM_0:1:106057291) Attempted to pick up a stunstick
L 10/30/2019 - 22:53:16: [FAdmin] Pomoika Gangstera (STEAM_0:1:106057291) Attempted to pick up a door_ram
L 10/30/2019 - 22:53:16: [FAdmin] Pomoika Gangstera (STEAM_0:1:106057291) Attempted to pick up a weaponchecker
L 10/30/2019 - 22:53:16: [FAdmin] Pomoika Gangstera (STEAM_0:1:106057291) Attempted to pick up a keys
L 10/30/2019 - 22:53:16: [FAdmin] Pomoika Gangstera (STEAM_0:1:106057291) Attempted to pick up a weapon_physcannon
L 10/30/2019 - 22:53:16: [FAdmin] Pomoika Gangstera (STEAM_0:1:106057291) Attempted to pick up a gmod_camera
L 10/30/2019 - 22:53:16: [FAdmin] Pomoika Gangstera (STEAM_0:1:106057291) Attempted to pick up a gmod_tool
L 10/30/2019 - 22:53:16: [FAdmin] Pomoika Gangstera (STEAM_0:1:106057291) Attempted to pick up a pocket
L 10/30/2019 - 22:53:16: [FAdmin] Pomoika Gangstera (STEAM_0:1:106057291) Attempted to pick up a weapon_physgun
L 10/30/2019 - 22:53:16: [FAdmin] Pomoika Gangstera (STEAM_0:1:106057291) Attempted to switch noclip
L 10/30/2019 - 22:53:16: [FAdmin] Pomoika Gangstera (STEAM_0:1:106057291) Attempted to switch noclip
L 10/30/2019 - 22:53:16: [FAdmin] Pomoika Gangstera (STEAM_0:1:106057291) Attempted to switch noclip
L 10/30/2019 - 22:53:16: [FAdmin] Pomoika Gangstera (STEAM_0:1:106057291) Attempted to switch noclip
L 10/30/2019 - 22:53:17: [FAdmin] Pomoika Gangstera (STEAM_0:1:106057291) Attempted to switch noclip
L 10/30/2019 - 22:53:17: [FAdmin] Pomoika Gangstera (STEAM_0:1:106057291) Attempted to switch noclip
L 10/30/2019 - 22:53:17: [FAdmin] Pomoika Gangstera (STEAM_0:1:106057291) Attempted to switch noclip
L 10/30/2019 - 22:53:18: [FAdmin] Pomoika Gangstera (STEAM_0:1:106057291) Attempted to switch noclip
L 10/30/2019 - 22:53:18: [FAdmin] Pomoika Gangstera (STEAM_0:1:106057291) Attempted to switch noclip
L 10/30/2019 - 22:53:18: [FAdmin] Pomoika Gangstera (STEAM_0:1:106057291) Attempted to switch noclip
L 10/30/2019 - 22:53:19: [FAdmin] Pomoika Gangstera (STEAM_0:1:106057291) Attempted to switch noclip
L 10/30/2019 - 22:53:19: [FAdmin] Pomoika Gangstera (STEAM_0:1:106057291) Attempted to switch noclip
L 10/30/2019 - 22:53:19: [FAdmin] Pomoika Gangstera (STEAM_0:1:106057291) Attempted to switch noclip
L 10/30/2019 - 22:53:19: [FAdmin] Pomoika Gangstera (STEAM_0:1:106057291) Attempted to switch noclip
L 10/30/2019 - 22:53:20: [FAdmin] Pomoika Gangstera (STEAM_0:1:106057291) Attempted to switch noclip
L 10/30/2019 - 22:53:21: [FAdmin] Pomoika Gangstera (STEAM_0:1:106057291) Attempted to switch noclip
L 10/30/2019 - 22:53:21: [FAdmin] Pomoika Gangstera (STEAM_0:1:106057291) Attempted to switch noclip
L 10/30/2019 - 22:53:21: [FAdmin] Pomoika Gangstera (STEAM_0:1:106057291) Attempted to switch noclip
L 10/30/2019 - 22:53:21: [FAdmin] Pomoika Gangstera (STEAM_0:1:106057291) Attempted to switch noclip
L 10/30/2019 - 22:53:23: [FAdmin] Pomoika Gangstera (STEAM_0:1:106057291) Attempted to switch noclip
L 10/30/2019 - 22:53:24: [FAdmin] Pomoika Gangstera (STEAM_0:1:106057291) Attempted to switch noclip
L 10/30/2019 - 22:53:24: [FAdmin] Pomoika Gangstera (STEAM_0:1:106057291) Attempted to switch noclip
L 10/30/2019 - 22:53:24: [FAdmin] Pomoika Gangstera (STEAM_0:1:106057291) Attempted to switch noclip
L 10/30/2019 - 22:53:25: [FAdmin] Pomoika Gangstera (STEAM_0:1:106057291) Attempted to switch noclip
L 10/30/2019 - 22:53:25: [FAdmin] Pomoika Gangstera (STEAM_0:1:106057291) Attempted to switch noclip
L 10/30/2019 - 22:53:25: [FAdmin] Pomoika Gangstera (STEAM_0:1:106057291) Attempted to switch noclip
L 10/30/2019 - 22:53:26: [FAdmin] Pomoika Gangstera (STEAM_0:1:106057291) Attempted to switch noclip
L 10/30/2019 - 22:53:26: [FAdmin] Pomoika Gangstera (STEAM_0:1:106057291) Attempted to switch noclip
L 10/30/2019 - 22:53:27: [FAdmin] Pomoika Gangstera (STEAM_0:1:106057291) Attempted to switch noclip
L 10/30/2019 - 22:53:27: [FAdmin] Pomoika Gangstera (STEAM_0:1:106057291) Attempted to switch noclip
L 10/30/2019 - 22:53:27: [FAdmin] Pomoika Gangstera (STEAM_0:1:106057291) Attempted to switch noclip
L 10/30/2019 - 22:53:28: [FAdmin] Pomoika Gangstera (STEAM_0:1:106057291) Attempted to switch noclip
L 10/30/2019 - 22:53:28: [FAdmin] Pomoika Gangstera (STEAM_0:1:106057291) Attempted to switch noclip
L 10/30/2019 - 22:53:28: [FAdmin] Pomoika Gangstera (STEAM_0:1:106057291) Attempted to switch noclip
L 10/30/2019 - 22:53:29: [FAdmin] Pomoika Gangstera (STEAM_0:1:106057291) Attempted to switch noclip
L 10/30/2019 - 22:53:29: [FAdmin] Pomoika Gangstera (STEAM_0:1:106057291) Attempted to switch noclip
L 10/30/2019 - 22:53:29: [FAdmin] Pomoika Gangstera (STEAM_0:1:106057291) Attempted to switch noclip
L 10/30/2019 - 22:53:30: [FAdmin] Pomoika Gangstera (STEAM_0:1:106057291) Attempted to switch noclip
L 10/30/2019 - 22:53:30: [FAdmin] Pomoika Gangstera (STEAM_0:1:106057291) Attempted to switch noclip
L 10/30/2019 - 22:53:31: [FAdmin] Pomoika Gangstera (STEAM_0:1:106057291) Attempted to switch noclip
L 10/30/2019 - 22:53:32: [FAdmin] Pomoika Gangstera (STEAM_0:1:106057291) Attempted to switch noclip
L 10/30/2019 - 22:53:32: [FAdmin] Pomoika Gangstera (STEAM_0:1:106057291) Attempted to switch noclip
L 10/30/2019 - 22:53:36: [FAdmin] OverHashed (STEAM_0:1:74202541) Attempted to switch noclip
L 10/30/2019 - 22:53:40: "Pomoika Gangstera<4><STEAM_0:1:106057291><Civil Protection>" say "Да че блять"

L 10/30/2019 - 22:53:47: [FAdmin] Server succesfully shut down.
L 10/30/2019 - 22:53:47: "Pomoika Gangstera<4><STEAM_0:1:106057291><>" disconnected (reason "Server shutting down")
L 10/30/2019 - 22:53:47: "eLeCtrOssSnake<3><STEAM_0:1:164666257><>" disconnected (reason "Server shutting down")
L 10/30/2019 - 22:53:47: "DidVaitel<2><STEAM_0:1:74202541><>" disconnected (reason "Server shutting down")
L 10/30/2019 - 22:53:47: server_message: "quit"
L 10/30/2019 - 22:53:47: Log file closed.
