L 10/30/2018 - 20:14:13: Log file started (file "logs\L1030003.log") (game "F:\sup\steamapps\common\GarrysModDS\garrysmod") (version "7270")
L 10/30/2018 - 20:14:13: server_cvar: "sv_alltalk" "3"
L 10/30/2018 - 20:14:13: server_cvar: "sv_allowcslua" "1"
L 10/30/2018 - 20:14:13: server_cvar: "sv_airaccelerate" "1000"
L 10/30/2018 - 20:14:13: server_cvar: "sv_alltalk" "0"
L 10/30/2018 - 20:14:15: Connection to Steam servers successful.
L 10/30/2018 - 20:14:15:    Public IP is 31.130.42.81.
L 10/30/2018 - 20:14:15: Assigned anonymous gameserver Steam ID [A-1:2630633483(11308)].
L 10/30/2018 - 20:14:15: VAC secure mode is activated.
L 10/30/2018 - 20:14:44: "DidVaitel<2><STEAM_0:1:74202541><>" connected, address "192.168.1.102:27006"
L 10/30/2018 - 20:14:44: "DidVaitel<2><STEAM_0:1:74202541><>" STEAM USERID validated
L 10/30/2018 - 20:14:54: [FAdmin] DidVaitel (STEAM_0:1:74202541) is Authed
L 10/30/2018 - 20:14:54: [FAdmin] DidVaitel (STEAM_0:1:74202541) Spawned for the first time
L 10/30/2018 - 20:14:54: [FAdmin] DidVaitel (STEAM_0:1:74202541) Spawned
L 10/30/2018 - 20:14:54: "DidVaitel<2><STEAM_0:1:74202541><>" entered the game
L 10/30/2018 - 20:14:54: [FAdmin] DidVaitel (STEAM_0:1:74202541) Attempted to pick up a keys
L 10/30/2018 - 20:14:54: [FAdmin] DidVaitel (STEAM_0:1:74202541) Attempted to pick up a weapon_physcannon
L 10/30/2018 - 20:14:54: [FAdmin] DidVaitel (STEAM_0:1:74202541) Attempted to pick up a gmod_camera
L 10/30/2018 - 20:14:54: [FAdmin] DidVaitel (STEAM_0:1:74202541) Attempted to pick up a gmod_tool
L 10/30/2018 - 20:14:54: [FAdmin] DidVaitel (STEAM_0:1:74202541) Attempted to pick up a pocket
L 10/30/2018 - 20:14:54: [FAdmin] DidVaitel (STEAM_0:1:74202541) Attempted to pick up a weapon_physgun
L 10/30/2018 - 20:14:54: [FAdmin] DidVaitel (STEAM_0:1:74202541) Attempted to pick up a weapon_keypadchecker
L 10/30/2018 - 20:14:54: [FAdmin] DidVaitel (STEAM_0:1:74202541) Attempted to pick up a door_ram
L 10/30/2018 - 20:14:54: [FAdmin] DidVaitel (STEAM_0:1:74202541) Attempted to pick up a arrest_stick
L 10/30/2018 - 20:14:54: [FAdmin] DidVaitel (STEAM_0:1:74202541) Attempted to pick up a unarrest_stick
L 10/30/2018 - 20:14:54: [FAdmin] DidVaitel (STEAM_0:1:74202541) Attempted to pick up a stunstick
L 10/30/2018 - 20:14:54: [FAdmin] DidVaitel (STEAM_0:1:74202541) Attempted to pick up a weaponchecker
L 10/30/2018 - 20:15:30: [FAdmin] DidVaitel (STEAM_0:1:74202541) Gave himself a realistic_hook
L 10/30/2018 - 20:15:30: [FAdmin] DidVaitel (STEAM_0:1:74202541) Attempted to pick up a realistic_hook
L 10/30/2018 - 20:15:37: [FAdmin] DidVaitel (STEAM_0:1:74202541) Spawned a sent_grapplehook_bpack
L 10/30/2018 - 20:15:37: [ULX] DidVaitel<STEAM_0:1:74202541> spawned sent sent_grapplehook_bpack
L 10/30/2018 - 20:16:06: [FAdmin] DidVaitel (STEAM_0:1:74202541) Gave himself a spiderman's_swep
L 10/30/2018 - 20:16:06: [FAdmin] DidVaitel (STEAM_0:1:74202541) Attempted to pick up a spiderman's_swep
L 10/30/2018 - 20:31:17: [FAdmin] DidVaitel (STEAM_0:1:74202541) Sprayed his spray
L 10/30/2018 - 20:32:23: [FAdmin] DidVaitel (STEAM_0:1:74202541) Sprayed his spray
L 10/30/2018 - 20:32:25: [FAdmin] DidVaitel (STEAM_0:1:74202541) Got killed by N/A with a N/A
L 10/30/2018 - 20:32:26: [FAdmin] DidVaitel (STEAM_0:1:74202541) Spawned
L 10/30/2018 - 20:32:26: [FAdmin] DidVaitel (STEAM_0:1:74202541) Attempted to pick up a keys
L 10/30/2018 - 20:32:26: [FAdmin] DidVaitel (STEAM_0:1:74202541) Attempted to pick up a weapon_physcannon
L 10/30/2018 - 20:32:26: [FAdmin] DidVaitel (STEAM_0:1:74202541) Attempted to pick up a gmod_camera
L 10/30/2018 - 20:32:26: [FAdmin] DidVaitel (STEAM_0:1:74202541) Attempted to pick up a gmod_tool
L 10/30/2018 - 20:32:26: [FAdmin] DidVaitel (STEAM_0:1:74202541) Attempted to pick up a pocket
L 10/30/2018 - 20:32:26: [FAdmin] DidVaitel (STEAM_0:1:74202541) Attempted to pick up a weapon_physgun
L 10/30/2018 - 20:32:26: [FAdmin] DidVaitel (STEAM_0:1:74202541) Attempted to pick up a weapon_keypadchecker
L 10/30/2018 - 20:32:26: [FAdmin] DidVaitel (STEAM_0:1:74202541) Attempted to pick up a door_ram
L 10/30/2018 - 20:32:26: [FAdmin] DidVaitel (STEAM_0:1:74202541) Attempted to pick up a arrest_stick
L 10/30/2018 - 20:32:26: [FAdmin] DidVaitel (STEAM_0:1:74202541) Attempted to pick up a unarrest_stick
L 10/30/2018 - 20:32:26: [FAdmin] DidVaitel (STEAM_0:1:74202541) Attempted to pick up a stunstick
L 10/30/2018 - 20:32:26: [FAdmin] DidVaitel (STEAM_0:1:74202541) Attempted to pick up a weaponchecker
L 10/30/2018 - 20:32:28: [FAdmin] DidVaitel (STEAM_0:1:74202541) Attempted to switch noclip
L 10/30/2018 - 20:32:29: [FAdmin] DidVaitel (STEAM_0:1:74202541) Attempted to switch noclip
L 10/30/2018 - 20:35:45: [FAdmin] DidVaitel (STEAM_0:1:74202541) Gave himself a spiderman's_swep
L 10/30/2018 - 20:35:45: [FAdmin] DidVaitel (STEAM_0:1:74202541) Attempted to pick up a spiderman's_swep
L 10/30/2018 - 20:36:14: [FAdmin] DidVaitel (STEAM_0:1:74202541) Gave himself a weapon_iron_man
L 10/30/2018 - 20:36:14: [FAdmin] DidVaitel (STEAM_0:1:74202541) Attempted to pick up a weapon_iron_man
L 10/30/2018 - 20:36:23: [FAdmin] DidVaitel (STEAM_0:1:74202541) Gave himself a superman
L 10/30/2018 - 20:36:23: [FAdmin] DidVaitel (STEAM_0:1:74202541) Attempted to pick up a superman
L 10/30/2018 - 20:46:57: [FAdmin] DidVaitel (STEAM_0:1:74202541) Gave himself a spiderman's_swep
L 10/30/2018 - 20:51:39: [FAdmin] DidVaitel (STEAM_0:1:74202541) Got killed by DidVaitel with a player
L 10/30/2018 - 20:51:40: [FAdmin] DidVaitel (STEAM_0:1:74202541) Spawned
L 10/30/2018 - 20:51:40: [FAdmin] DidVaitel (STEAM_0:1:74202541) Attempted to pick up a keys
L 10/30/2018 - 20:51:40: [FAdmin] DidVaitel (STEAM_0:1:74202541) Attempted to pick up a weapon_physcannon
L 10/30/2018 - 20:51:40: [FAdmin] DidVaitel (STEAM_0:1:74202541) Attempted to pick up a gmod_camera
L 10/30/2018 - 20:51:40: [FAdmin] DidVaitel (STEAM_0:1:74202541) Attempted to pick up a gmod_tool
L 10/30/2018 - 20:51:40: [FAdmin] DidVaitel (STEAM_0:1:74202541) Attempted to pick up a pocket
L 10/30/2018 - 20:51:40: [FAdmin] DidVaitel (STEAM_0:1:74202541) Attempted to pick up a weapon_physgun
L 10/30/2018 - 20:51:40: [FAdmin] DidVaitel (STEAM_0:1:74202541) Attempted to pick up a weapon_keypadchecker
L 10/30/2018 - 20:51:40: [FAdmin] DidVaitel (STEAM_0:1:74202541) Attempted to pick up a door_ram
L 10/30/2018 - 20:51:40: [FAdmin] DidVaitel (STEAM_0:1:74202541) Attempted to pick up a arrest_stick
L 10/30/2018 - 20:51:40: [FAdmin] DidVaitel (STEAM_0:1:74202541) Attempted to pick up a unarrest_stick
L 10/30/2018 - 20:51:40: [FAdmin] DidVaitel (STEAM_0:1:74202541) Attempted to pick up a stunstick
L 10/30/2018 - 20:51:40: [FAdmin] DidVaitel (STEAM_0:1:74202541) Attempted to pick up a weaponchecker
L 10/30/2018 - 20:51:42: [FAdmin] DidVaitel (STEAM_0:1:74202541) Gave himself a spiderman's_swep
L 10/30/2018 - 20:51:42: [FAdmin] DidVaitel (STEAM_0:1:74202541) Attempted to pick up a spiderman's_swep
L 10/30/2018 - 20:53:25: Lua Error: 
[ERROR] addons/zalupka22/lua/weapons/spiderman's_swep/shared.lua:75: 'then' expected near 'self'
  1. unknown - addons/zalupka22/lua/weapons/spiderman's_swep/shared.lua:0


L 10/30/2018 - 20:54:32: Lua Error: 
[ERROR] addons/zalupka22/lua/weapons/spiderman's_swep/shared.lua:60: attempt to index field 'Owner' (a nil value)
  1. DoTrace - addons/zalupka22/lua/weapons/spiderman's_swep/shared.lua:60
   2. StartAttack - addons/zalupka22/lua/weapons/spiderman's_swep/shared.lua:70
    3. unknown - addons/zalupka22/lua/weapons/spiderman's_swep/shared.lua:38


L 10/30/2018 - 20:54:53: Lua Error: 
[ERROR] addons/zalupka22/lua/weapons/spiderman's_swep/shared.lua:60: attempt to index local 'self' (a nil value)
  1. DoTrace - addons/zalupka22/lua/weapons/spiderman's_swep/shared.lua:60
   2. StartAttack - addons/zalupka22/lua/weapons/spiderman's_swep/shared.lua:70
    3. unknown - addons/zalupka22/lua/weapons/spiderman's_swep/shared.lua:38


L 10/30/2018 - 20:55:30: Lua Error: 
[ERROR] addons/zalupka22/lua/weapons/spiderman's_swep/shared.lua:210: 'end' expected (to close 'function' at line 57) near '<eof>'
  1. unknown - addons/zalupka22/lua/weapons/spiderman's_swep/shared.lua:0


L 10/30/2018 - 20:55:37: Lua Error: 
[ERROR] addons/zalupka22/lua/weapons/spiderman's_swep/shared.lua:59: attempt to index local 'self' (a nil value)
  1. DoTrace - addons/zalupka22/lua/weapons/spiderman's_swep/shared.lua:59
   2. StartAttack - addons/zalupka22/lua/weapons/spiderman's_swep/shared.lua:69
    3. unknown - addons/zalupka22/lua/weapons/spiderman's_swep/shared.lua:38


L 10/30/2018 - 20:55:37: Lua Error: 
[ERROR] addons/zalupka22/lua/weapons/spiderman's_swep/shared.lua:59: attempt to index local 'self' (a nil value)
  1. DoTrace - addons/zalupka22/lua/weapons/spiderman's_swep/shared.lua:59
   2. StartAttack - addons/zalupka22/lua/weapons/spiderman's_swep/shared.lua:69
    3. unknown - addons/zalupka22/lua/weapons/spiderman's_swep/shared.lua:38


L 10/30/2018 - 20:55:37: Lua Error: 
[ERROR] addons/zalupka22/lua/weapons/spiderman's_swep/shared.lua:59: attempt to index local 'self' (a nil value)
  1. DoTrace - addons/zalupka22/lua/weapons/spiderman's_swep/shared.lua:59
   2. StartAttack - addons/zalupka22/lua/weapons/spiderman's_swep/shared.lua:69
    3. unknown - addons/zalupka22/lua/weapons/spiderman's_swep/shared.lua:38


L 10/30/2018 - 20:55:38: Lua Error: 
[ERROR] addons/zalupka22/lua/weapons/spiderman's_swep/shared.lua:59: attempt to index local 'self' (a nil value)
  1. DoTrace - addons/zalupka22/lua/weapons/spiderman's_swep/shared.lua:59
   2. StartAttack - addons/zalupka22/lua/weapons/spiderman's_swep/shared.lua:69
    3. unknown - addons/zalupka22/lua/weapons/spiderman's_swep/shared.lua:38


L 10/30/2018 - 20:55:41: Lua Error: 
[ERROR] addons/zalupka22/lua/weapons/spiderman's_swep/shared.lua:59: attempt to index local 'self' (a nil value)
  1. DoTrace - addons/zalupka22/lua/weapons/spiderman's_swep/shared.lua:59
   2. StartAttack - addons/zalupka22/lua/weapons/spiderman's_swep/shared.lua:69
    3. unknown - addons/zalupka22/lua/weapons/spiderman's_swep/shared.lua:38


L 10/30/2018 - 20:55:43: [FAdmin] DidVaitel (STEAM_0:1:74202541) Got killed by N/A with a N/A
L 10/30/2018 - 20:55:56: [FAdmin] DidVaitel (STEAM_0:1:74202541) Spawned
L 10/30/2018 - 20:55:56: [FAdmin] DidVaitel (STEAM_0:1:74202541) Attempted to pick up a keys
L 10/30/2018 - 20:55:56: [FAdmin] DidVaitel (STEAM_0:1:74202541) Attempted to pick up a weapon_physcannon
L 10/30/2018 - 20:55:56: [FAdmin] DidVaitel (STEAM_0:1:74202541) Attempted to pick up a gmod_camera
L 10/30/2018 - 20:55:56: [FAdmin] DidVaitel (STEAM_0:1:74202541) Attempted to pick up a gmod_tool
L 10/30/2018 - 20:55:56: [FAdmin] DidVaitel (STEAM_0:1:74202541) Attempted to pick up a pocket
L 10/30/2018 - 20:55:56: [FAdmin] DidVaitel (STEAM_0:1:74202541) Attempted to pick up a weapon_physgun
L 10/30/2018 - 20:55:56: [FAdmin] DidVaitel (STEAM_0:1:74202541) Attempted to pick up a weapon_keypadchecker
L 10/30/2018 - 20:55:56: [FAdmin] DidVaitel (STEAM_0:1:74202541) Attempted to pick up a door_ram
L 10/30/2018 - 20:55:56: [FAdmin] DidVaitel (STEAM_0:1:74202541) Attempted to pick up a arrest_stick
L 10/30/2018 - 20:55:56: [FAdmin] DidVaitel (STEAM_0:1:74202541) Attempted to pick up a unarrest_stick
L 10/30/2018 - 20:55:56: [FAdmin] DidVaitel (STEAM_0:1:74202541) Attempted to pick up a stunstick
L 10/30/2018 - 20:55:56: [FAdmin] DidVaitel (STEAM_0:1:74202541) Attempted to pick up a weaponchecker
L 10/30/2018 - 20:55:57: [FAdmin] DidVaitel (STEAM_0:1:74202541) Gave himself a spiderman's_swep
L 10/30/2018 - 20:55:57: [FAdmin] DidVaitel (STEAM_0:1:74202541) Attempted to pick up a spiderman's_swep
L 10/30/2018 - 20:55:57: Lua Error: 
[ERROR] addons/zalupka22/lua/weapons/spiderman's_swep/shared.lua:60: attempt to index local 'self' (a nil value)
  1. DoTrace - addons/zalupka22/lua/weapons/spiderman's_swep/shared.lua:60
   2. StartAttack - addons/zalupka22/lua/weapons/spiderman's_swep/shared.lua:71
    3. unknown - addons/zalupka22/lua/weapons/spiderman's_swep/shared.lua:38


L 10/30/2018 - 20:55:57: Lua Error: 
[ERROR] addons/zalupka22/lua/weapons/spiderman's_swep/shared.lua:125: attempt to index field 'Tr' (a nil value)
  1. UpdateAttack - addons/zalupka22/lua/weapons/spiderman's_swep/shared.lua:125
   2. unknown - addons/zalupka22/lua/weapons/spiderman's_swep/shared.lua:42


L 10/30/2018 - 20:55:57: Lua Error: 
[ERROR] addons/zalupka22/lua/weapons/spiderman's_swep/shared.lua:125: attempt to index field 'Tr' (a nil value)
  1. UpdateAttack - addons/zalupka22/lua/weapons/spiderman's_swep/shared.lua:125
   2. unknown - addons/zalupka22/lua/weapons/spiderman's_swep/shared.lua:42


L 10/30/2018 - 20:55:57: Lua Error: 
[ERROR] addons/zalupka22/lua/weapons/spiderman's_swep/shared.lua:125: attempt to index field 'Tr' (a nil value)
  1. UpdateAttack - addons/zalupka22/lua/weapons/spiderman's_swep/shared.lua:125
   2. unknown - addons/zalupka22/lua/weapons/spiderman's_swep/shared.lua:42


L 10/30/2018 - 20:55:57: Lua Error: 
[ERROR] addons/zalupka22/lua/weapons/spiderman's_swep/shared.lua:125: attempt to index field 'Tr' (a nil value)
  1. UpdateAttack - addons/zalupka22/lua/weapons/spiderman's_swep/shared.lua:125
   2. unknown - addons/zalupka22/lua/weapons/spiderman's_swep/shared.lua:42


L 10/30/2018 - 20:55:57: Lua Error: 
[ERROR] addons/zalupka22/lua/weapons/spiderman's_swep/shared.lua:125: attempt to index field 'Tr' (a nil value)
  1. UpdateAttack - addons/zalupka22/lua/weapons/spiderman's_swep/shared.lua:125
   2. unknown - addons/zalupka22/lua/weapons/spiderman's_swep/shared.lua:42


L 10/30/2018 - 20:55:57: Lua Error: 
[ERROR] addons/zalupka22/lua/weapons/spiderman's_swep/shared.lua:125: attempt to index field 'Tr' (a nil value)
  1. UpdateAttack - addons/zalupka22/lua/weapons/spiderman's_swep/shared.lua:125
   2. unknown - addons/zalupka22/lua/weapons/spiderman's_swep/shared.lua:42


L 10/30/2018 - 20:55:57: Lua Error: 
[ERROR] addons/zalupka22/lua/weapons/spiderman's_swep/shared.lua:125: attempt to index field 'Tr' (a nil value)
  1. UpdateAttack - addons/zalupka22/lua/weapons/spiderman's_swep/shared.lua:125
   2. unknown - addons/zalupka22/lua/weapons/spiderman's_swep/shared.lua:42


L 10/30/2018 - 20:55:57: Lua Error: 
[ERROR] addons/zalupka22/lua/weapons/spiderman's_swep/shared.lua:125: attempt to index field 'Tr' (a nil value)
  1. UpdateAttack - addons/zalupka22/lua/weapons/spiderman's_swep/shared.lua:125
   2. unknown - addons/zalupka22/lua/weapons/spiderman's_swep/shared.lua:42


L 10/30/2018 - 20:55:57: Lua Error: 
[ERROR] addons/zalupka22/lua/weapons/spiderman's_swep/shared.lua:125: attempt to index field 'Tr' (a nil value)
  1. UpdateAttack - addons/zalupka22/lua/weapons/spiderman's_swep/shared.lua:125
   2. unknown - addons/zalupka22/lua/weapons/spiderman's_swep/shared.lua:42


L 10/30/2018 - 20:55:57: Lua Error: 
[ERROR] addons/zalupka22/lua/weapons/spiderman's_swep/shared.lua:125: attempt to index field 'Tr' (a nil value)
  1. UpdateAttack - addons/zalupka22/lua/weapons/spiderman's_swep/shared.lua:125
   2. unknown - addons/zalupka22/lua/weapons/spiderman's_swep/shared.lua:42


L 10/30/2018 - 20:55:57: Lua Error: 
[ERROR] addons/zalupka22/lua/weapons/spiderman's_swep/shared.lua:125: attempt to index field 'Tr' (a nil value)
  1. UpdateAttack - addons/zalupka22/lua/weapons/spiderman's_swep/shared.lua:125
   2. unknown - addons/zalupka22/lua/weapons/spiderman's_swep/shared.lua:42


L 10/30/2018 - 20:55:57: Lua Error: 
[ERROR] addons/zalupka22/lua/weapons/spiderman's_swep/shared.lua:125: attempt to index field 'Tr' (a nil value)
  1. UpdateAttack - addons/zalupka22/lua/weapons/spiderman's_swep/shared.lua:125
   2. unknown - addons/zalupka22/lua/weapons/spiderman's_swep/shared.lua:42


L 10/30/2018 - 20:55:57: Lua Error: 
[ERROR] addons/zalupka22/lua/weapons/spiderman's_swep/shared.lua:125: attempt to index field 'Tr' (a nil value)
  1. UpdateAttack - addons/zalupka22/lua/weapons/spiderman's_swep/shared.lua:125
   2. unknown - addons/zalupka22/lua/weapons/spiderman's_swep/shared.lua:42


L 10/30/2018 - 20:55:57: Lua Error: 
[ERROR] addons/zalupka22/lua/weapons/spiderman's_swep/shared.lua:125: attempt to index field 'Tr' (a nil value)
  1. UpdateAttack - addons/zalupka22/lua/weapons/spiderman's_swep/shared.lua:125
   2. unknown - addons/zalupka22/lua/weapons/spiderman's_swep/shared.lua:42


L 10/30/2018 - 20:55:57: Lua Error: 
[ERROR] addons/zalupka22/lua/weapons/spiderman's_swep/shared.lua:125: attempt to index field 'Tr' (a nil value)
  1. UpdateAttack - addons/zalupka22/lua/weapons/spiderman's_swep/shared.lua:125
   2. unknown - addons/zalupka22/lua/weapons/spiderman's_swep/shared.lua:42


L 10/30/2018 - 20:55:57: Lua Error: 
[ERROR] addons/zalupka22/lua/weapons/spiderman's_swep/shared.lua:125: attempt to index field 'Tr' (a nil value)
  1. UpdateAttack - addons/zalupka22/lua/weapons/spiderman's_swep/shared.lua:125
   2. unknown - addons/zalupka22/lua/weapons/spiderman's_swep/shared.lua:42


L 10/30/2018 - 20:55:57: Lua Error: 
[ERROR] addons/zalupka22/lua/weapons/spiderman's_swep/shared.lua:125: attempt to index field 'Tr' (a nil value)
  1. UpdateAttack - addons/zalupka22/lua/weapons/spiderman's_swep/shared.lua:125
   2. unknown - addons/zalupka22/lua/weapons/spiderman's_swep/shared.lua:42


L 10/30/2018 - 20:55:57: Lua Error: 
[ERROR] addons/zalupka22/lua/weapons/spiderman's_swep/shared.lua:125: attempt to index field 'Tr' (a nil value)
  1. UpdateAttack - addons/zalupka22/lua/weapons/spiderman's_swep/shared.lua:125
   2. unknown - addons/zalupka22/lua/weapons/spiderman's_swep/shared.lua:42


L 10/30/2018 - 20:55:57: Lua Error: 
[ERROR] addons/zalupka22/lua/weapons/spiderman's_swep/shared.lua:125: attempt to index field 'Tr' (a nil value)
  1. UpdateAttack - addons/zalupka22/lua/weapons/spiderman's_swep/shared.lua:125
   2. unknown - addons/zalupka22/lua/weapons/spiderman's_swep/shared.lua:42


L 10/30/2018 - 20:55:57: Lua Error: 
[ERROR] addons/zalupka22/lua/weapons/spiderman's_swep/shared.lua:125: attempt to index field 'Tr' (a nil value)
  1. UpdateAttack - addons/zalupka22/lua/weapons/spiderman's_swep/shared.lua:125
   2. unknown - addons/zalupka22/lua/weapons/spiderman's_swep/shared.lua:42


L 10/30/2018 - 20:55:58: Lua Error: 
[ERROR] addons/zalupka22/lua/weapons/spiderman's_swep/shared.lua:125: attempt to index field 'Tr' (a nil value)
  1. UpdateAttack - addons/zalupka22/lua/weapons/spiderman's_swep/shared.lua:125
   2. unknown - addons/zalupka22/lua/weapons/spiderman's_swep/shared.lua:42


L 10/30/2018 - 20:55:58: Lua Error: 
[ERROR] addons/zalupka22/lua/weapons/spiderman's_swep/shared.lua:125: attempt to index field 'Tr' (a nil value)
  1. UpdateAttack - addons/zalupka22/lua/weapons/spiderman's_swep/shared.lua:125
   2. unknown - addons/zalupka22/lua/weapons/spiderman's_swep/shared.lua:42


L 10/30/2018 - 20:55:58: Lua Error: 
[ERROR] addons/zalupka22/lua/weapons/spiderman's_swep/shared.lua:125: attempt to index field 'Tr' (a nil value)
  1. UpdateAttack - addons/zalupka22/lua/weapons/spiderman's_swep/shared.lua:125
   2. unknown - addons/zalupka22/lua/weapons/spiderman's_swep/shared.lua:42


L 10/30/2018 - 20:56:30: Lua Error: 
[ERROR] addons/zalupka22/lua/weapons/spiderman's_swep/shared.lua:73: 'then' expected near 'local'
  1. unknown - addons/zalupka22/lua/weapons/spiderman's_swep/shared.lua:0


L 10/30/2018 - 20:56:50: Lua Error: 
[ERROR] addons/zalupka22/lua/weapons/spiderman's_swep/shared.lua:121: attempt to index field 'Tr' (a nil value)
  1. UpdateAttack - addons/zalupka22/lua/weapons/spiderman's_swep/shared.lua:121
   2. unknown - addons/zalupka22/lua/weapons/spiderman's_swep/shared.lua:42


L 10/30/2018 - 20:56:50: Lua Error: 
[ERROR] addons/zalupka22/lua/weapons/spiderman's_swep/shared.lua:121: attempt to index field 'Tr' (a nil value)
  1. UpdateAttack - addons/zalupka22/lua/weapons/spiderman's_swep/shared.lua:121
   2. unknown - addons/zalupka22/lua/weapons/spiderman's_swep/shared.lua:42


L 10/30/2018 - 20:56:50: Lua Error: 
[ERROR] addons/zalupka22/lua/weapons/spiderman's_swep/shared.lua:121: attempt to index field 'Tr' (a nil value)
  1. UpdateAttack - addons/zalupka22/lua/weapons/spiderman's_swep/shared.lua:121
   2. unknown - addons/zalupka22/lua/weapons/spiderman's_swep/shared.lua:42


L 10/30/2018 - 20:56:50: Lua Error: 
[ERROR] addons/zalupka22/lua/weapons/spiderman's_swep/shared.lua:121: attempt to index field 'Tr' (a nil value)
  1. UpdateAttack - addons/zalupka22/lua/weapons/spiderman's_swep/shared.lua:121
   2. unknown - addons/zalupka22/lua/weapons/spiderman's_swep/shared.lua:42


L 10/30/2018 - 20:56:51: Lua Error: 
[ERROR] addons/zalupka22/lua/weapons/spiderman's_swep/shared.lua:121: attempt to index field 'Tr' (a nil value)
  1. UpdateAttack - addons/zalupka22/lua/weapons/spiderman's_swep/shared.lua:121
   2. unknown - addons/zalupka22/lua/weapons/spiderman's_swep/shared.lua:42


L 10/30/2018 - 20:56:51: Lua Error: 
[ERROR] addons/zalupka22/lua/weapons/spiderman's_swep/shared.lua:121: attempt to index field 'Tr' (a nil value)
  1. UpdateAttack - addons/zalupka22/lua/weapons/spiderman's_swep/shared.lua:121
   2. unknown - addons/zalupka22/lua/weapons/spiderman's_swep/shared.lua:42


L 10/30/2018 - 20:56:51: Lua Error: 
[ERROR] addons/zalupka22/lua/weapons/spiderman's_swep/shared.lua:121: attempt to index field 'Tr' (a nil value)
  1. UpdateAttack - addons/zalupka22/lua/weapons/spiderman's_swep/shared.lua:121
   2. unknown - addons/zalupka22/lua/weapons/spiderman's_swep/shared.lua:42


L 10/30/2018 - 20:56:51: Lua Error: 
[ERROR] addons/zalupka22/lua/weapons/spiderman's_swep/shared.lua:121: attempt to index field 'Tr' (a nil value)
  1. UpdateAttack - addons/zalupka22/lua/weapons/spiderman's_swep/shared.lua:121
   2. unknown - addons/zalupka22/lua/weapons/spiderman's_swep/shared.lua:42


L 10/30/2018 - 20:56:51: Lua Error: 
[ERROR] addons/zalupka22/lua/weapons/spiderman's_swep/shared.lua:121: attempt to index field 'Tr' (a nil value)
  1. UpdateAttack - addons/zalupka22/lua/weapons/spiderman's_swep/shared.lua:121
   2. unknown - addons/zalupka22/lua/weapons/spiderman's_swep/shared.lua:42


L 10/30/2018 - 20:56:51: Lua Error: 
[ERROR] addons/zalupka22/lua/weapons/spiderman's_swep/shared.lua:121: attempt to index field 'Tr' (a nil value)
  1. UpdateAttack - addons/zalupka22/lua/weapons/spiderman's_swep/shared.lua:121
   2. unknown - addons/zalupka22/lua/weapons/spiderman's_swep/shared.lua:42


L 10/30/2018 - 20:56:51: Lua Error: 
[ERROR] addons/zalupka22/lua/weapons/spiderman's_swep/shared.lua:121: attempt to index field 'Tr' (a nil value)
  1. UpdateAttack - addons/zalupka22/lua/weapons/spiderman's_swep/shared.lua:121
   2. unknown - addons/zalupka22/lua/weapons/spiderman's_swep/shared.lua:42


L 10/30/2018 - 20:56:51: Lua Error: 
[ERROR] addons/zalupka22/lua/weapons/spiderman's_swep/shared.lua:121: attempt to index field 'Tr' (a nil value)
  1. UpdateAttack - addons/zalupka22/lua/weapons/spiderman's_swep/shared.lua:121
   2. unknown - addons/zalupka22/lua/weapons/spiderman's_swep/shared.lua:42


L 10/30/2018 - 20:56:51: Lua Error: 
[ERROR] addons/zalupka22/lua/weapons/spiderman's_swep/shared.lua:121: attempt to index field 'Tr' (a nil value)
  1. UpdateAttack - addons/zalupka22/lua/weapons/spiderman's_swep/shared.lua:121
   2. unknown - addons/zalupka22/lua/weapons/spiderman's_swep/shared.lua:42


L 10/30/2018 - 20:56:51: Lua Error: 
[ERROR] addons/zalupka22/lua/weapons/spiderman's_swep/shared.lua:121: attempt to index field 'Tr' (a nil value)
  1. UpdateAttack - addons/zalupka22/lua/weapons/spiderman's_swep/shared.lua:121
   2. unknown - addons/zalupka22/lua/weapons/spiderman's_swep/shared.lua:42


L 10/30/2018 - 20:56:51: Lua Error: 
[ERROR] addons/zalupka22/lua/weapons/spiderman's_swep/shared.lua:121: attempt to index field 'Tr' (a nil value)
  1. UpdateAttack - addons/zalupka22/lua/weapons/spiderman's_swep/shared.lua:121
   2. unknown - addons/zalupka22/lua/weapons/spiderman's_swep/shared.lua:42


L 10/30/2018 - 20:56:51: Lua Error: 
[ERROR] addons/zalupka22/lua/weapons/spiderman's_swep/shared.lua:121: attempt to index field 'Tr' (a nil value)
  1. UpdateAttack - addons/zalupka22/lua/weapons/spiderman's_swep/shared.lua:121
   2. unknown - addons/zalupka22/lua/weapons/spiderman's_swep/shared.lua:42


L 10/30/2018 - 20:56:51: Lua Error: 
[ERROR] addons/zalupka22/lua/weapons/spiderman's_swep/shared.lua:121: attempt to index field 'Tr' (a nil value)
  1. UpdateAttack - addons/zalupka22/lua/weapons/spiderman's_swep/shared.lua:121
   2. unknown - addons/zalupka22/lua/weapons/spiderman's_swep/shared.lua:42


L 10/30/2018 - 20:56:51: Lua Error: 
[ERROR] addons/zalupka22/lua/weapons/spiderman's_swep/shared.lua:121: attempt to index field 'Tr' (a nil value)
  1. UpdateAttack - addons/zalupka22/lua/weapons/spiderman's_swep/shared.lua:121
   2. unknown - addons/zalupka22/lua/weapons/spiderman's_swep/shared.lua:42


L 10/30/2018 - 20:56:51: Lua Error: 
[ERROR] addons/zalupka22/lua/weapons/spiderman's_swep/shared.lua:121: attempt to index field 'Tr' (a nil value)
  1. UpdateAttack - addons/zalupka22/lua/weapons/spiderman's_swep/shared.lua:121
   2. unknown - addons/zalupka22/lua/weapons/spiderman's_swep/shared.lua:42


L 10/30/2018 - 20:56:55: Lua Error: 
[ERROR] addons/zalupka22/lua/weapons/spiderman's_swep/shared.lua:121: attempt to index field 'Tr' (a nil value)
  1. UpdateAttack - addons/zalupka22/lua/weapons/spiderman's_swep/shared.lua:121
   2. unknown - addons/zalupka22/lua/weapons/spiderman's_swep/shared.lua:42


L 10/30/2018 - 20:56:55: Lua Error: 
[ERROR] addons/zalupka22/lua/weapons/spiderman's_swep/shared.lua:121: attempt to index field 'Tr' (a nil value)
  1. UpdateAttack - addons/zalupka22/lua/weapons/spiderman's_swep/shared.lua:121
   2. unknown - addons/zalupka22/lua/weapons/spiderman's_swep/shared.lua:42


L 10/30/2018 - 20:56:55: Lua Error: 
[ERROR] addons/zalupka22/lua/weapons/spiderman's_swep/shared.lua:121: attempt to index field 'Tr' (a nil value)
  1. UpdateAttack - addons/zalupka22/lua/weapons/spiderman's_swep/shared.lua:121
   2. unknown - addons/zalupka22/lua/weapons/spiderman's_swep/shared.lua:42


L 10/30/2018 - 20:56:55: Lua Error: 
[ERROR] addons/zalupka22/lua/weapons/spiderman's_swep/shared.lua:121: attempt to index field 'Tr' (a nil value)
  1. UpdateAttack - addons/zalupka22/lua/weapons/spiderman's_swep/shared.lua:121
   2. unknown - addons/zalupka22/lua/weapons/spiderman's_swep/shared.lua:42


L 10/30/2018 - 20:56:55: Lua Error: 
[ERROR] addons/zalupka22/lua/weapons/spiderman's_swep/shared.lua:121: attempt to index field 'Tr' (a nil value)
  1. UpdateAttack - addons/zalupka22/lua/weapons/spiderman's_swep/shared.lua:121
   2. unknown - addons/zalupka22/lua/weapons/spiderman's_swep/shared.lua:42


L 10/30/2018 - 20:56:55: Lua Error: 
[ERROR] addons/zalupka22/lua/weapons/spiderman's_swep/shared.lua:121: attempt to index field 'Tr' (a nil value)
  1. UpdateAttack - addons/zalupka22/lua/weapons/spiderman's_swep/shared.lua:121
   2. unknown - addons/zalupka22/lua/weapons/spiderman's_swep/shared.lua:42


L 10/30/2018 - 20:56:55: Lua Error: 
[ERROR] addons/zalupka22/lua/weapons/spiderman's_swep/shared.lua:121: attempt to index field 'Tr' (a nil value)
  1. UpdateAttack - addons/zalupka22/lua/weapons/spiderman's_swep/shared.lua:121
   2. unknown - addons/zalupka22/lua/weapons/spiderman's_swep/shared.lua:42


L 10/30/2018 - 20:56:56: [FAdmin] DidVaitel (STEAM_0:1:74202541) Got killed by DidVaitel with a player
L 10/30/2018 - 20:56:57: [FAdmin] DidVaitel (STEAM_0:1:74202541) Spawned
L 10/30/2018 - 20:56:57: [FAdmin] DidVaitel (STEAM_0:1:74202541) Attempted to pick up a keys
L 10/30/2018 - 20:56:57: [FAdmin] DidVaitel (STEAM_0:1:74202541) Attempted to pick up a weapon_physcannon
L 10/30/2018 - 20:56:57: [FAdmin] DidVaitel (STEAM_0:1:74202541) Attempted to pick up a gmod_camera
L 10/30/2018 - 20:56:57: [FAdmin] DidVaitel (STEAM_0:1:74202541) Attempted to pick up a gmod_tool
L 10/30/2018 - 20:56:57: [FAdmin] DidVaitel (STEAM_0:1:74202541) Attempted to pick up a pocket
L 10/30/2018 - 20:56:57: [FAdmin] DidVaitel (STEAM_0:1:74202541) Attempted to pick up a weapon_physgun
L 10/30/2018 - 20:56:57: [FAdmin] DidVaitel (STEAM_0:1:74202541) Attempted to pick up a weapon_keypadchecker
L 10/30/2018 - 20:56:57: [FAdmin] DidVaitel (STEAM_0:1:74202541) Attempted to pick up a door_ram
L 10/30/2018 - 20:56:57: [FAdmin] DidVaitel (STEAM_0:1:74202541) Attempted to pick up a arrest_stick
L 10/30/2018 - 20:56:57: [FAdmin] DidVaitel (STEAM_0:1:74202541) Attempted to pick up a unarrest_stick
L 10/30/2018 - 20:56:57: [FAdmin] DidVaitel (STEAM_0:1:74202541) Attempted to pick up a stunstick
L 10/30/2018 - 20:56:57: [FAdmin] DidVaitel (STEAM_0:1:74202541) Attempted to pick up a weaponchecker
L 10/30/2018 - 20:56:57: [FAdmin] DidVaitel (STEAM_0:1:74202541) Gave himself a spiderman's_swep
L 10/30/2018 - 20:56:57: [FAdmin] DidVaitel (STEAM_0:1:74202541) Attempted to pick up a spiderman's_swep
L 10/30/2018 - 20:56:58: Lua Error: 
[ERROR] addons/zalupka22/lua/weapons/spiderman's_swep/shared.lua:121: attempt to index field 'Tr' (a nil value)
  1. UpdateAttack - addons/zalupka22/lua/weapons/spiderman's_swep/shared.lua:121
   2. unknown - addons/zalupka22/lua/weapons/spiderman's_swep/shared.lua:42


L 10/30/2018 - 20:56:58: Lua Error: 
[ERROR] addons/zalupka22/lua/weapons/spiderman's_swep/shared.lua:121: attempt to index field 'Tr' (a nil value)
  1. UpdateAttack - addons/zalupka22/lua/weapons/spiderman's_swep/shared.lua:121
   2. unknown - addons/zalupka22/lua/weapons/spiderman's_swep/shared.lua:42


L 10/30/2018 - 20:56:58: Lua Error: 
[ERROR] addons/zalupka22/lua/weapons/spiderman's_swep/shared.lua:121: attempt to index field 'Tr' (a nil value)
  1. UpdateAttack - addons/zalupka22/lua/weapons/spiderman's_swep/shared.lua:121
   2. unknown - addons/zalupka22/lua/weapons/spiderman's_swep/shared.lua:42


L 10/30/2018 - 20:56:58: Lua Error: 
[ERROR] addons/zalupka22/lua/weapons/spiderman's_swep/shared.lua:121: attempt to index field 'Tr' (a nil value)
  1. UpdateAttack - addons/zalupka22/lua/weapons/spiderman's_swep/shared.lua:121
   2. unknown - addons/zalupka22/lua/weapons/spiderman's_swep/shared.lua:42


L 10/30/2018 - 20:56:58: Lua Error: 
[ERROR] addons/zalupka22/lua/weapons/spiderman's_swep/shared.lua:121: attempt to index field 'Tr' (a nil value)
  1. UpdateAttack - addons/zalupka22/lua/weapons/spiderman's_swep/shared.lua:121
   2. unknown - addons/zalupka22/lua/weapons/spiderman's_swep/shared.lua:42


L 10/30/2018 - 20:56:58: Lua Error: 
[ERROR] addons/zalupka22/lua/weapons/spiderman's_swep/shared.lua:121: attempt to index field 'Tr' (a nil value)
  1. UpdateAttack - addons/zalupka22/lua/weapons/spiderman's_swep/shared.lua:121
   2. unknown - addons/zalupka22/lua/weapons/spiderman's_swep/shared.lua:42


L 10/30/2018 - 20:56:58: Lua Error: 
[ERROR] addons/zalupka22/lua/weapons/spiderman's_swep/shared.lua:121: attempt to index field 'Tr' (a nil value)
  1. UpdateAttack - addons/zalupka22/lua/weapons/spiderman's_swep/shared.lua:121
   2. unknown - addons/zalupka22/lua/weapons/spiderman's_swep/shared.lua:42


L 10/30/2018 - 20:56:58: Lua Error: 
[ERROR] addons/zalupka22/lua/weapons/spiderman's_swep/shared.lua:121: attempt to index field 'Tr' (a nil value)
  1. UpdateAttack - addons/zalupka22/lua/weapons/spiderman's_swep/shared.lua:121
   2. unknown - addons/zalupka22/lua/weapons/spiderman's_swep/shared.lua:42


L 10/30/2018 - 20:56:58: Lua Error: 
[ERROR] addons/zalupka22/lua/weapons/spiderman's_swep/shared.lua:121: attempt to index field 'Tr' (a nil value)
  1. UpdateAttack - addons/zalupka22/lua/weapons/spiderman's_swep/shared.lua:121
   2. unknown - addons/zalupka22/lua/weapons/spiderman's_swep/shared.lua:42


L 10/30/2018 - 20:56:58: Lua Error: 
[ERROR] addons/zalupka22/lua/weapons/spiderman's_swep/shared.lua:121: attempt to index field 'Tr' (a nil value)
  1. UpdateAttack - addons/zalupka22/lua/weapons/spiderman's_swep/shared.lua:121
   2. unknown - addons/zalupka22/lua/weapons/spiderman's_swep/shared.lua:42


L 10/30/2018 - 20:56:58: Lua Error: 
[ERROR] addons/zalupka22/lua/weapons/spiderman's_swep/shared.lua:121: attempt to index field 'Tr' (a nil value)
  1. UpdateAttack - addons/zalupka22/lua/weapons/spiderman's_swep/shared.lua:121
   2. unknown - addons/zalupka22/lua/weapons/spiderman's_swep/shared.lua:42


L 10/30/2018 - 20:56:58: Lua Error: 
[ERROR] addons/zalupka22/lua/weapons/spiderman's_swep/shared.lua:121: attempt to index field 'Tr' (a nil value)
  1. UpdateAttack - addons/zalupka22/lua/weapons/spiderman's_swep/shared.lua:121
   2. unknown - addons/zalupka22/lua/weapons/spiderman's_swep/shared.lua:42


L 10/30/2018 - 20:56:58: Lua Error: 
[ERROR] addons/zalupka22/lua/weapons/spiderman's_swep/shared.lua:121: attempt to index field 'Tr' (a nil value)
  1. UpdateAttack - addons/zalupka22/lua/weapons/spiderman's_swep/shared.lua:121
   2. unknown - addons/zalupka22/lua/weapons/spiderman's_swep/shared.lua:42


L 10/30/2018 - 20:56:58: Lua Error: 
[ERROR] addons/zalupka22/lua/weapons/spiderman's_swep/shared.lua:121: attempt to index field 'Tr' (a nil value)
  1. UpdateAttack - addons/zalupka22/lua/weapons/spiderman's_swep/shared.lua:121
   2. unknown - addons/zalupka22/lua/weapons/spiderman's_swep/shared.lua:42


L 10/30/2018 - 20:56:58: Lua Error: 
[ERROR] addons/zalupka22/lua/weapons/spiderman's_swep/shared.lua:121: attempt to index field 'Tr' (a nil value)
  1. UpdateAttack - addons/zalupka22/lua/weapons/spiderman's_swep/shared.lua:121
   2. unknown - addons/zalupka22/lua/weapons/spiderman's_swep/shared.lua:42


L 10/30/2018 - 20:56:58: Lua Error: 
[ERROR] addons/zalupka22/lua/weapons/spiderman's_swep/shared.lua:121: attempt to index field 'Tr' (a nil value)
  1. UpdateAttack - addons/zalupka22/lua/weapons/spiderman's_swep/shared.lua:121
   2. unknown - addons/zalupka22/lua/weapons/spiderman's_swep/shared.lua:42


L 10/30/2018 - 20:56:58: Lua Error: 
[ERROR] addons/zalupka22/lua/weapons/spiderman's_swep/shared.lua:121: attempt to index field 'Tr' (a nil value)
  1. UpdateAttack - addons/zalupka22/lua/weapons/spiderman's_swep/shared.lua:121
   2. unknown - addons/zalupka22/lua/weapons/spiderman's_swep/shared.lua:42


L 10/30/2018 - 20:56:58: Lua Error: 
[ERROR] addons/zalupka22/lua/weapons/spiderman's_swep/shared.lua:121: attempt to index field 'Tr' (a nil value)
  1. UpdateAttack - addons/zalupka22/lua/weapons/spiderman's_swep/shared.lua:121
   2. unknown - addons/zalupka22/lua/weapons/spiderman's_swep/shared.lua:42


L 10/30/2018 - 20:57:07: [FAdmin] Server succesfully shut down.
L 10/30/2018 - 20:57:07: [FAdmin] prop_physics(models/props/de_nuke/handtruck.mdl) Got removed
L 10/30/2018 - 20:57:07: [FAdmin] prop_physics(models/props_c17/door01_left.mdl) Got removed
L 10/30/2018 - 20:57:07: [FAdmin] prop_physics(models/props_c17/door01_left.mdl) Got removed
L 10/30/2018 - 20:57:07: [FAdmin] prop_physics(models/props_c17/door01_left.mdl) Got removed
L 10/30/2018 - 20:57:07: [FAdmin] prop_physics(models/props_c17/door01_left.mdl) Got removed
L 10/30/2018 - 20:57:07: [FAdmin] prop_physics(models/props_c17/door01_left.mdl) Got removed
L 10/30/2018 - 20:57:07: [FAdmin] prop_physics(models/props_c17/door01_left.mdl) Got removed
L 10/30/2018 - 20:57:07: [FAdmin] prop_physics(models/props_junk/pushcart01a.mdl) Got removed
L 10/30/2018 - 20:57:07: [FAdmin] prop_physics(models/props/de_nuke/handtruck.mdl) Got removed
L 10/30/2018 - 20:57:07: [FAdmin] prop_physics(models/props_c17/door01_left.mdl) Got removed
L 10/30/2018 - 20:57:07: [FAdmin] prop_physics(models/props_c17/door01_left.mdl) Got removed
L 10/30/2018 - 20:57:07: [FAdmin] prop_physics(models/props_junk/wood_crate001a_damaged.mdl) Got removed
L 10/30/2018 - 20:57:07: [FAdmin] prop_physics(models/props_junk/wood_crate001a_damaged.mdl) Got removed
L 10/30/2018 - 20:57:07: [FAdmin] prop_physics(models/props_junk/wood_crate001a_damaged.mdl) Got removed
L 10/30/2018 - 20:57:07: [FAdmin] prop_physics(models/props_junk/wood_crate001a_damaged.mdl) Got removed
L 10/30/2018 - 20:57:07: [FAdmin] prop_physics(models/props_junk/wood_crate001a_damaged.mdl) Got removed
L 10/30/2018 - 20:57:07: "DidVaitel<2><STEAM_0:1:74202541><>" disconnected (reason "Server shutting down")
L 10/30/2018 - 20:57:07: server_message: "quit"
L 10/30/2018 - 20:57:07: Log file closed.
