L 11/03/2018 - 20:05:31: Log file started (file "logs\L1103006.log") (game "F:\sup\steamapps\common\GarrysModDS\garrysmod") (version "7270")
L 11/03/2018 - 20:05:31: server_cvar: "sv_alltalk" "3"
L 11/03/2018 - 20:05:32: Connection to Steam servers successful.
L 11/03/2018 - 20:05:32:    Public IP is 31.130.42.81.
L 11/03/2018 - 20:05:32: Assigned anonymous gameserver Steam ID [A-1:3042080771(11330)].
L 11/03/2018 - 20:05:32: VAC secure mode is activated.
L 11/03/2018 - 20:05:46: "DidVaitel<2><STEAM_0:1:74202541><>" connected, address "192.168.1.102:27006"
L 11/03/2018 - 20:05:46: "DidVaitel<2><STEAM_0:1:74202541><>" STEAM USERID validated
L 11/03/2018 - 20:05:53: "DidVaitel<2><STEAM_0:1:74202541><>" entered the game
L 11/03/2018 - 20:05:58: Lua Error: 
[ERROR] addons/gvuti/lua/autorun/server/sv_nets.lua:383: attempt to index global 'MySQLite' (a nil value)
  1. fn - addons/gvuti/lua/autorun/server/sv_nets.lua:383
   2. Run - addons/ulxulib/lua/ulib/shared/hook.lua:109
    3. func - addons/gvuti/lua/autorun/server/sv_nets.lua:402
     4. unknown - lua/includes/extensions/net.lua:32


L 11/03/2018 - 20:17:12: "DidVaitel<2><STEAM_0:1:74202541><>" disconnected (reason "Disconnect by user.")
L 11/03/2018 - 20:17:12: Lua Error: 
[ERROR] addons/gvuti/lua/autorun/server/sv_nets.lua:374: attempt to index global 'MySQLite' (a nil value)
  1. gVutiSync - addons/gvuti/lua/autorun/server/sv_nets.lua:374
   2. fn - addons/gvuti/lua/autorun/server/sv_nets.lua:398
    3. unknown - addons/ulxulib/lua/ulib/shared/hook.lua:109


L 11/03/2018 - 20:22:05: "DidVaitel<3><STEAM_0:1:74202541><>" connected, address "192.168.1.102:27006"
L 11/03/2018 - 20:22:06: "DidVaitel<3><STEAM_0:1:74202541><>" STEAM USERID validated
L 11/03/2018 - 20:22:25: "DidVaitel<3><STEAM_0:1:74202541><>" entered the game
L 11/03/2018 - 20:22:33: Lua Error: 
[ERROR] addons/gvuti/lua/autorun/server/sv_nets.lua:383: attempt to index global 'MySQLite' (a nil value)
  1. fn - addons/gvuti/lua/autorun/server/sv_nets.lua:383
   2. Run - addons/ulxulib/lua/ulib/shared/hook.lua:109
    3. func - addons/gvuti/lua/autorun/server/sv_nets.lua:402
     4. unknown - lua/includes/extensions/net.lua:32


L 11/03/2018 - 20:27:44: Connection to Steam servers lost.  (Result = 20)
L 11/03/2018 - 20:27:47: Connection to Steam servers successful.
L 11/03/2018 - 20:27:47:    Public IP is 31.130.42.81.
L 11/03/2018 - 20:27:47: Assigned anonymous gameserver Steam ID [A-1:3042080771(11330)].
L 11/03/2018 - 20:27:47: VAC secure mode is activated.
L 11/03/2018 - 20:30:18: server_cvar: "sbox_maxnpcs" "100"
L 11/03/2018 - 20:47:34: "DidVaitel<3><STEAM_0:1:74202541><>" disconnected (reason "Server shutting down")
L 11/03/2018 - 20:47:34: server_message: "quit"
L 11/03/2018 - 20:47:35: Log file closed.
