L 11/01/2018 - 23:06:23: Log file started (file "logs\L1101016.log") (game "F:\sup\steamapps\common\GarrysModDS\garrysmod") (version "7270")
L 11/01/2018 - 23:06:23: server_cvar: "sv_alltalk" "3"
L 11/01/2018 - 23:06:24: Connection to Steam servers successful.
L 11/01/2018 - 23:06:24:    Public IP is 31.130.42.81.
L 11/01/2018 - 23:06:24: Assigned anonymous gameserver Steam ID [A-1:3418158083(11319)].
L 11/01/2018 - 23:06:25: VAC secure mode is activated.
L 11/01/2018 - 23:09:37: "DidVaitel<2><STEAM_0:1:74202541><>" connected, address "192.168.1.100:27006"
L 11/01/2018 - 23:09:38: "DidVaitel<2><STEAM_0:1:74202541><>" STEAM USERID validated
L 11/01/2018 - 23:09:45: "DidVaitel<2><STEAM_0:1:74202541><>" entered the game
L 11/01/2018 - 23:09:54: Lua Error: 
[ERROR] addons/gvuti/lua/autorun/server/sv_nets.lua:383: attempt to index global 'MySQLite' (a nil value)
  1. fn - addons/gvuti/lua/autorun/server/sv_nets.lua:383
   2. Run - addons/ulxulib/lua/ulib/shared/hook.lua:109
    3. func - addons/gvuti/lua/autorun/server/sv_nets.lua:402
     4. unknown - lua/includes/extensions/net.lua:32


L 11/01/2018 - 23:12:23: Lua Error: 
[ERROR] addons/superherosweps/lua/weapons/drstrange/init.lua:40: attempt to call global 'LocalPlayer' (a nil value)
  1. unknown - addons/superherosweps/lua/weapons/drstrange/init.lua:40


L 11/01/2018 - 23:20:27: Lua Error: 
[ERROR] addons/superherosweps/lua/weapons/drstrange/init.lua:30: ')' expected near '1'
  1. unknown - addons/superherosweps/lua/weapons/drstrange/init.lua:0


L 11/01/2018 - 23:20:36: Lua Error: 
[ERROR] addons/superherosweps/lua/weapons/drstrange/init.lua:25: attempt to call method 'GetTracerShootPos' (a nil value)
  1. unknown - addons/superherosweps/lua/weapons/drstrange/init.lua:25


L 11/01/2018 - 23:20:36: Lua Error: 
[ERROR] addons/superherosweps/lua/weapons/drstrange/init.lua:25: attempt to call method 'GetTracerShootPos' (a nil value)
  1. unknown - addons/superherosweps/lua/weapons/drstrange/init.lua:25


L 11/01/2018 - 23:20:37: Lua Error: 
[ERROR] addons/superherosweps/lua/weapons/drstrange/init.lua:25: attempt to call method 'GetTracerShootPos' (a nil value)
  1. unknown - addons/superherosweps/lua/weapons/drstrange/init.lua:25


L 11/01/2018 - 23:20:38: Lua Error: 
[ERROR] addons/superherosweps/lua/weapons/drstrange/init.lua:25: attempt to call method 'GetTracerShootPos' (a nil value)
  1. unknown - addons/superherosweps/lua/weapons/drstrange/init.lua:25


L 11/01/2018 - 23:20:38: Lua Error: 
[ERROR] addons/superherosweps/lua/weapons/drstrange/init.lua:25: attempt to call method 'GetTracerShootPos' (a nil value)
  1. unknown - addons/superherosweps/lua/weapons/drstrange/init.lua:25


L 11/01/2018 - 23:20:38: Lua Error: 
[ERROR] addons/superherosweps/lua/weapons/drstrange/init.lua:25: attempt to call method 'GetTracerShootPos' (a nil value)
  1. unknown - addons/superherosweps/lua/weapons/drstrange/init.lua:25


L 11/01/2018 - 23:20:38: Lua Error: 
[ERROR] addons/superherosweps/lua/weapons/drstrange/init.lua:25: attempt to call method 'GetTracerShootPos' (a nil value)
  1. unknown - addons/superherosweps/lua/weapons/drstrange/init.lua:25


L 11/01/2018 - 23:20:39: Lua Error: 
[ERROR] addons/superherosweps/lua/weapons/drstrange/init.lua:25: attempt to call method 'GetTracerShootPos' (a nil value)
  1. unknown - addons/superherosweps/lua/weapons/drstrange/init.lua:25


L 11/01/2018 - 23:20:40: Lua Error: 
[ERROR] addons/superherosweps/lua/weapons/drstrange/init.lua:25: attempt to call method 'GetTracerShootPos' (a nil value)
  1. unknown - addons/superherosweps/lua/weapons/drstrange/init.lua:25


L 11/01/2018 - 23:20:40: Lua Error: 
[ERROR] addons/superherosweps/lua/weapons/drstrange/init.lua:25: attempt to call method 'GetTracerShootPos' (a nil value)
  1. unknown - addons/superherosweps/lua/weapons/drstrange/init.lua:25


L 11/01/2018 - 23:20:40: Lua Error: 
[ERROR] addons/superherosweps/lua/weapons/drstrange/init.lua:25: attempt to call method 'GetTracerShootPos' (a nil value)
  1. unknown - addons/superherosweps/lua/weapons/drstrange/init.lua:25


L 11/01/2018 - 23:20:40: Lua Error: 
[ERROR] addons/superherosweps/lua/weapons/drstrange/init.lua:25: attempt to call method 'GetTracerShootPos' (a nil value)
  1. unknown - addons/superherosweps/lua/weapons/drstrange/init.lua:25


L 11/01/2018 - 23:20:40: Lua Error: 
[ERROR] addons/superherosweps/lua/weapons/drstrange/init.lua:25: attempt to call method 'GetTracerShootPos' (a nil value)
  1. unknown - addons/superherosweps/lua/weapons/drstrange/init.lua:25


L 11/01/2018 - 23:20:41: Lua Error: 
[ERROR] addons/superherosweps/lua/weapons/drstrange/init.lua:25: attempt to call method 'GetTracerShootPos' (a nil value)
  1. unknown - addons/superherosweps/lua/weapons/drstrange/init.lua:25


L 11/01/2018 - 23:20:41: Lua Error: 
[ERROR] addons/superherosweps/lua/weapons/drstrange/init.lua:25: attempt to call method 'GetTracerShootPos' (a nil value)
  1. unknown - addons/superherosweps/lua/weapons/drstrange/init.lua:25


L 11/01/2018 - 23:20:41: Lua Error: 
[ERROR] addons/superherosweps/lua/weapons/drstrange/init.lua:25: attempt to call method 'GetTracerShootPos' (a nil value)
  1. unknown - addons/superherosweps/lua/weapons/drstrange/init.lua:25


L 11/01/2018 - 23:20:41: Lua Error: 
[ERROR] addons/superherosweps/lua/weapons/drstrange/init.lua:25: attempt to call method 'GetTracerShootPos' (a nil value)
  1. unknown - addons/superherosweps/lua/weapons/drstrange/init.lua:25


L 11/01/2018 - 23:26:19: Lua Error: 
[ERROR] addons/superherosweps/lua/weapons/drstrange/init.lua:26: unexpected symbol near ')'
  1. unknown - addons/superherosweps/lua/weapons/drstrange/init.lua:0


L 11/01/2018 - 23:26:23: Lua Error: 
[ERROR] addons/superherosweps/lua/weapons/drstrange/init.lua:26: unexpected symbol near ')'
  1. unknown - addons/superherosweps/lua/weapons/drstrange/init.lua:0


L 11/01/2018 - 23:26:32: Lua Error: 
[ERROR] addons/superherosweps/lua/weapons/drstrange/init.lua:22: attempt to index global 'effectdata' (a nil value)
  1. unknown - addons/superherosweps/lua/weapons/drstrange/init.lua:22


L 11/01/2018 - 23:26:34: Lua Error: 
[ERROR] addons/superherosweps/lua/weapons/drstrange/init.lua:22: attempt to index global 'effectdata' (a nil value)
  1. unknown - addons/superherosweps/lua/weapons/drstrange/init.lua:22


L 11/01/2018 - 23:26:34: Lua Error: 
[ERROR] addons/superherosweps/lua/weapons/drstrange/init.lua:22: attempt to index global 'effectdata' (a nil value)
  1. unknown - addons/superherosweps/lua/weapons/drstrange/init.lua:22


L 11/01/2018 - 23:26:35: Lua Error: 
[ERROR] addons/superherosweps/lua/weapons/drstrange/init.lua:22: attempt to index global 'effectdata' (a nil value)
  1. unknown - addons/superherosweps/lua/weapons/drstrange/init.lua:22


L 11/01/2018 - 23:26:35: Lua Error: 
[ERROR] addons/superherosweps/lua/weapons/drstrange/init.lua:22: attempt to index global 'effectdata' (a nil value)
  1. unknown - addons/superherosweps/lua/weapons/drstrange/init.lua:22


L 11/01/2018 - 23:26:50: Lua Error: 
[ERROR] addons/superherosweps/lua/weapons/drstrange/init.lua:22: attempt to index global 'effectdata' (a nil value)
  1. unknown - addons/superherosweps/lua/weapons/drstrange/init.lua:22


L 11/01/2018 - 23:26:50: Lua Error: 
[ERROR] addons/superherosweps/lua/weapons/drstrange/init.lua:22: attempt to index global 'effectdata' (a nil value)
  1. unknown - addons/superherosweps/lua/weapons/drstrange/init.lua:22


L 11/01/2018 - 23:26:51: Lua Error: 
[ERROR] addons/superherosweps/lua/weapons/drstrange/init.lua:22: attempt to index global 'effectdata' (a nil value)
  1. unknown - addons/superherosweps/lua/weapons/drstrange/init.lua:22


L 11/01/2018 - 23:26:51: Lua Error: 
[ERROR] addons/superherosweps/lua/weapons/drstrange/init.lua:22: attempt to index global 'effectdata' (a nil value)
  1. unknown - addons/superherosweps/lua/weapons/drstrange/init.lua:22


L 11/01/2018 - 23:27:17: Lua Error: 
[ERROR] addons/superherosweps/lua/weapons/drstrange/init.lua:22: attempt to index global 'effectdata' (a nil value)
  1. unknown - addons/superherosweps/lua/weapons/drstrange/init.lua:22


L 11/01/2018 - 23:27:17: Lua Error: 
[ERROR] addons/superherosweps/lua/weapons/drstrange/init.lua:22: attempt to index global 'effectdata' (a nil value)
  1. unknown - addons/superherosweps/lua/weapons/drstrange/init.lua:22


L 11/01/2018 - 23:27:18: Lua Error: 
[ERROR] addons/superherosweps/lua/weapons/drstrange/init.lua:22: attempt to index global 'effectdata' (a nil value)
  1. unknown - addons/superherosweps/lua/weapons/drstrange/init.lua:22


L 11/01/2018 - 23:38:32: "DidVaitel<2><STEAM_0:1:74202541><>" disconnected (reason "Server shutting down")
L 11/01/2018 - 23:38:32: server_message: "quit"
L 11/01/2018 - 23:38:32: Log file closed.
