L 11/01/2018 - 17:19:23: Log file started (file "logs\L1101003.log") (game "F:\sup\steamapps\common\GarrysModDS\garrysmod") (version "7270")
L 11/01/2018 - 17:19:23: server_cvar: "sv_alltalk" "3"
L 11/01/2018 - 17:19:23: server_cvar: "sv_allowcslua" "1"
L 11/01/2018 - 17:19:23: server_cvar: "sv_airaccelerate" "1000"
L 11/01/2018 - 17:19:23: server_cvar: "sv_alltalk" "0"
L 11/01/2018 - 17:19:24: Connection to Steam servers successful.
L 11/01/2018 - 17:19:24:    Public IP is 31.130.42.81.
L 11/01/2018 - 17:19:24: Assigned anonymous gameserver Steam ID [A-1:1885763591(11318)].
L 11/01/2018 - 17:19:25: VAC secure mode is activated.
L 11/01/2018 - 17:23:11: "DidVaitel<2><STEAM_0:1:74202541><>" connected, address "192.168.1.100:27006"
L 11/01/2018 - 17:23:12: "DidVaitel<2><STEAM_0:1:74202541><>" STEAM USERID validated
L 11/01/2018 - 17:23:33: [FAdmin] DidVaitel (STEAM_0:1:74202541) is Authed
L 11/01/2018 - 17:23:33: [FAdmin] DidVaitel (STEAM_0:1:74202541) Spawned for the first time
L 11/01/2018 - 17:23:33: [FAdmin] DidVaitel (STEAM_0:1:74202541) Spawned
L 11/01/2018 - 17:23:33: "DidVaitel<2><STEAM_0:1:74202541><>" entered the game
L 11/01/2018 - 17:23:33: [FAdmin] DidVaitel (STEAM_0:1:74202541) Attempted to pick up a keys
L 11/01/2018 - 17:23:33: [FAdmin] DidVaitel (STEAM_0:1:74202541) Attempted to pick up a weapon_physcannon
L 11/01/2018 - 17:23:33: [FAdmin] DidVaitel (STEAM_0:1:74202541) Attempted to pick up a gmod_camera
L 11/01/2018 - 17:23:33: [FAdmin] DidVaitel (STEAM_0:1:74202541) Attempted to pick up a gmod_tool
L 11/01/2018 - 17:23:33: [FAdmin] DidVaitel (STEAM_0:1:74202541) Attempted to pick up a pocket
L 11/01/2018 - 17:23:33: [FAdmin] DidVaitel (STEAM_0:1:74202541) Attempted to pick up a weapon_physgun
L 11/01/2018 - 17:23:33: [FAdmin] DidVaitel (STEAM_0:1:74202541) Attempted to pick up a weapon_keypadchecker
L 11/01/2018 - 17:23:33: [FAdmin] DidVaitel (STEAM_0:1:74202541) Attempted to pick up a door_ram
L 11/01/2018 - 17:23:33: [FAdmin] DidVaitel (STEAM_0:1:74202541) Attempted to pick up a arrest_stick
L 11/01/2018 - 17:23:33: [FAdmin] DidVaitel (STEAM_0:1:74202541) Attempted to pick up a unarrest_stick
L 11/01/2018 - 17:23:33: [FAdmin] DidVaitel (STEAM_0:1:74202541) Attempted to pick up a stunstick
L 11/01/2018 - 17:23:33: [FAdmin] DidVaitel (STEAM_0:1:74202541) Attempted to pick up a weaponchecker
L 11/01/2018 - 17:26:21: [FAdmin] DidVaitel (STEAM_0:1:74202541) Gave himself a blackpanther
L 11/01/2018 - 17:26:21: [FAdmin] DidVaitel (STEAM_0:1:74202541) Attempted to pick up a blackpanther
L 11/01/2018 - 17:27:04: Lua Error: 
[ERROR] addons/superherosweps/lua/weapons/cptamerica/init.lua:163: attempt to call method 'GetActiveWeapon' (a nil value)
  1. fn - addons/superherosweps/lua/weapons/cptamerica/init.lua:163
   2. unknown - addons/ulxulib/lua/ulib/shared/hook.lua:109
    3. FireBullets - [C]:-1
     4. unknown - addons/superherosweps/lua/weapons/blackpanther/shared.lua:199


L 11/01/2018 - 17:27:59: [FAdmin] DidVaitel (STEAM_0:1:74202541) Attempted to switch noclip
L 11/01/2018 - 17:28:00: [FAdmin] DidVaitel (STEAM_0:1:74202541) Attempted to switch noclip
L 11/01/2018 - 17:28:03: [FAdmin] DidVaitel (STEAM_0:1:74202541) Attempted to switch noclip
L 11/01/2018 - 17:28:04: [FAdmin] DidVaitel (STEAM_0:1:74202541) Attempted to switch noclip
L 11/01/2018 - 17:28:09: [FAdmin] DidVaitel (STEAM_0:1:74202541) Attempted to switch noclip
L 11/01/2018 - 17:28:10: [FAdmin] DidVaitel (STEAM_0:1:74202541) Attempted to switch noclip
L 11/01/2018 - 17:28:35: [FAdmin] DidVaitel (STEAM_0:1:74202541) Attempted to switch noclip
L 11/01/2018 - 17:28:36: [FAdmin] DidVaitel (STEAM_0:1:74202541) Attempted to switch noclip
L 11/01/2018 - 17:28:42: [FAdmin] DidVaitel (STEAM_0:1:74202541) Attempted to switch noclip
L 11/01/2018 - 17:28:45: [FAdmin] DidVaitel (STEAM_0:1:74202541) Attempted to switch noclip
L 11/01/2018 - 17:28:52: [FAdmin] DidVaitel (STEAM_0:1:74202541) Gave himself a weapon_357
L 11/01/2018 - 17:28:52: [FAdmin] DidVaitel (STEAM_0:1:74202541) Attempted to pick up a weapon_357
L 11/01/2018 - 17:28:54: [FAdmin] DidVaitel (STEAM_0:1:74202541) Gave himself a weapon_ar2
L 11/01/2018 - 17:28:54: [FAdmin] DidVaitel (STEAM_0:1:74202541) Attempted to pick up a weapon_ar2
L 11/01/2018 - 17:29:02: [FAdmin] DidVaitel (STEAM_0:1:74202541) Attempted to switch noclip
L 11/01/2018 - 17:29:12: [FAdmin] DidVaitel (STEAM_0:1:74202541) Attempted to switch noclip
L 11/01/2018 - 17:29:16: [FAdmin] DidVaitel (STEAM_0:1:74202541) Attempted to switch noclip
L 11/01/2018 - 17:29:17: [FAdmin] DidVaitel (STEAM_0:1:74202541) Attempted to switch noclip
L 11/01/2018 - 17:29:21: [FAdmin] DidVaitel (STEAM_0:1:74202541) Attempted to switch noclip
L 11/01/2018 - 17:29:21: [FAdmin] DidVaitel (STEAM_0:1:74202541) Attempted to switch noclip
L 11/01/2018 - 17:29:23: [FAdmin] DidVaitel (STEAM_0:1:74202541) Attempted to switch noclip
L 11/01/2018 - 17:29:24: [FAdmin] DidVaitel (STEAM_0:1:74202541) Attempted to switch noclip
L 11/01/2018 - 17:29:26: [FAdmin] DidVaitel (STEAM_0:1:74202541) Attempted to switch noclip
L 11/01/2018 - 17:29:27: [FAdmin] DidVaitel (STEAM_0:1:74202541) Attempted to switch noclip
L 11/01/2018 - 17:29:29: [FAdmin] DidVaitel (STEAM_0:1:74202541) Spawned a models/props_c17/furnitureStove001a.mdl
L 11/01/2018 - 17:29:46: [FAdmin] DidVaitel (STEAM_0:1:74202541) Attempted to switch noclip
L 11/01/2018 - 17:29:48: [FAdmin] DidVaitel (STEAM_0:1:74202541) Attempted to switch noclip
L 11/01/2018 - 17:29:50: [FAdmin] DidVaitel (STEAM_0:1:74202541) Attempted to switch noclip
L 11/01/2018 - 17:29:51: [FAdmin] DidVaitel (STEAM_0:1:74202541) Attempted to switch noclip
L 11/01/2018 - 17:30:03: [FAdmin] DidVaitel (STEAM_0:1:74202541) Attempted to switch noclip
L 11/01/2018 - 17:30:04: [FAdmin] DidVaitel (STEAM_0:1:74202541) Attempted to switch noclip
L 11/01/2018 - 17:30:05: [FAdmin] DidVaitel (STEAM_0:1:74202541) Attempted to switch noclip
L 11/01/2018 - 17:30:10: [FAdmin] DidVaitel (STEAM_0:1:74202541) Attempted to switch noclip
L 11/01/2018 - 17:30:11: [FAdmin] DidVaitel (STEAM_0:1:74202541) Attempted to switch noclip
L 11/01/2018 - 17:30:12: [FAdmin] DidVaitel (STEAM_0:1:74202541) Attempted to switch noclip
L 11/01/2018 - 17:30:15: [FAdmin] DidVaitel (STEAM_0:1:74202541) Attempted to switch noclip
L 11/01/2018 - 17:30:18: [FAdmin] DidVaitel (STEAM_0:1:74202541) Attempted to switch noclip
L 11/01/2018 - 17:30:19: [FAdmin] DidVaitel (STEAM_0:1:74202541) Attempted to switch noclip
L 11/01/2018 - 17:30:20: [FAdmin] DidVaitel (STEAM_0:1:74202541) Attempted to switch noclip
L 11/01/2018 - 17:30:24: [FAdmin] DidVaitel (STEAM_0:1:74202541) Gave himself a weapon_357
L 11/01/2018 - 17:30:24: [FAdmin] DidVaitel (STEAM_0:1:74202541) Attempted to switch noclip
L 11/01/2018 - 17:30:26: [FAdmin] DidVaitel (STEAM_0:1:74202541) Attempted to switch noclip
L 11/01/2018 - 17:30:33: Lua Error: 
[ERROR] addons/superherosweps/lua/weapons/cptamerica/init.lua:163: attempt to call method 'GetActiveWeapon' (a nil value)
  1. fn - addons/superherosweps/lua/weapons/cptamerica/init.lua:163
   2. unknown - addons/ulxulib/lua/ulib/shared/hook.lua:109


L 11/01/2018 - 17:30:42: [FAdmin] DidVaitel (STEAM_0:1:74202541) Attempted to switch noclip
L 11/01/2018 - 17:30:50: [FAdmin] DidVaitel (STEAM_0:1:74202541) Attempted to switch noclip
L 11/01/2018 - 17:30:56: [FAdmin] DidVaitel (STEAM_0:1:74202541) Attempted to switch noclip
L 11/01/2018 - 17:31:00: [FAdmin] DidVaitel (STEAM_0:1:74202541) Attempted to switch noclip
L 11/01/2018 - 17:31:03: [FAdmin] DidVaitel (STEAM_0:1:74202541) Attempted to switch noclip
L 11/01/2018 - 17:31:16: [FAdmin] DidVaitel (STEAM_0:1:74202541) Attempted to switch noclip
L 11/01/2018 - 17:31:17: [FAdmin] DidVaitel (STEAM_0:1:74202541) Attempted to switch noclip
L 11/01/2018 - 17:31:46: [FAdmin] DidVaitel (STEAM_0:1:74202541) Attempted to switch noclip
L 11/01/2018 - 17:31:47: [FAdmin] DidVaitel (STEAM_0:1:74202541) Attempted to switch noclip
L 11/01/2018 - 17:31:50: [FAdmin] DidVaitel (STEAM_0:1:74202541) Attempted to switch noclip
L 11/01/2018 - 17:31:52: [FAdmin] DidVaitel (STEAM_0:1:74202541) Attempted to switch noclip
L 11/01/2018 - 17:32:01: [FAdmin] DidVaitel (STEAM_0:1:74202541) Attempted to switch noclip
L 11/01/2018 - 17:41:48: "DidVaitel<2><STEAM_0:1:74202541><>" disconnected (reason "Disconnect by user.")
L 11/01/2018 - 17:41:48: [FAdmin] DidVaitel (STEAM_0:1:74202541) Disconnected
L 11/01/2018 - 17:41:51: [FAdmin] Server succesfully shut down.
L 11/01/2018 - 17:41:51: [FAdmin] prop_physics(models/props/de_nuke/handtruck.mdl) Got removed
L 11/01/2018 - 17:41:51: [FAdmin] prop_physics(models/props_c17/door01_left.mdl) Got removed
L 11/01/2018 - 17:41:51: [FAdmin] prop_physics(models/props_c17/door01_left.mdl) Got removed
L 11/01/2018 - 17:41:51: [FAdmin] prop_physics(models/props_c17/door01_left.mdl) Got removed
L 11/01/2018 - 17:41:51: [FAdmin] prop_physics(models/props_c17/door01_left.mdl) Got removed
L 11/01/2018 - 17:41:51: [FAdmin] prop_physics(models/props_c17/door01_left.mdl) Got removed
L 11/01/2018 - 17:41:51: [FAdmin] prop_physics(models/props_c17/door01_left.mdl) Got removed
L 11/01/2018 - 17:41:51: [FAdmin] prop_physics(models/props_junk/pushcart01a.mdl) Got removed
L 11/01/2018 - 17:41:51: [FAdmin] prop_physics(models/props/de_nuke/handtruck.mdl) Got removed
L 11/01/2018 - 17:41:51: [FAdmin] prop_physics(models/props_c17/door01_left.mdl) Got removed
L 11/01/2018 - 17:41:51: [FAdmin] prop_physics(models/props_c17/door01_left.mdl) Got removed
L 11/01/2018 - 17:41:51: [FAdmin] prop_physics(models/props_junk/wood_crate001a_damaged.mdl) Got removed
L 11/01/2018 - 17:41:51: [FAdmin] prop_physics(models/props_junk/wood_crate001a_damaged.mdl) Got removed
L 11/01/2018 - 17:41:51: [FAdmin] prop_physics(models/props_junk/wood_crate001a_damaged.mdl) Got removed
L 11/01/2018 - 17:41:51: [FAdmin] prop_physics(models/props_junk/wood_crate001a_damaged.mdl) Got removed
L 11/01/2018 - 17:41:51: [FAdmin] prop_physics(models/props_junk/wood_crate001a_damaged.mdl) Got removed
L 11/01/2018 - 17:41:51: [FAdmin] prop_physics(models/props_c17/furniturestove001a.mdl) Got removed
L 11/01/2018 - 17:41:51: server_message: "quit"
L 11/01/2018 - 17:41:51: Log file closed.
