L 11/01/2018 - 00:56:33: Log file started (file "logs\L1101001.log") (game "F:\sup\steamapps\common\GarrysModDS\garrysmod") (version "7270")
L 11/01/2018 - 00:56:33: server_cvar: "sv_alltalk" "3"
L 11/01/2018 - 00:56:33: server_cvar: "sv_allowcslua" "1"
L 11/01/2018 - 00:56:33: server_cvar: "sv_airaccelerate" "1000"
L 11/01/2018 - 00:56:33: server_cvar: "sv_alltalk" "0"
L 11/01/2018 - 00:56:34: Connection to Steam servers successful.
L 11/01/2018 - 00:56:34:    Public IP is 31.130.42.81.
L 11/01/2018 - 00:56:34: Assigned anonymous gameserver Steam ID [A-1:4033737731(11314)].
L 11/01/2018 - 00:56:34: VAC secure mode is activated.
L 11/01/2018 - 00:56:38: "DidVaitel<2><STEAM_0:1:74202541><>" connected, address "192.168.1.102:27006"
L 11/01/2018 - 00:56:38: "DidVaitel<2><STEAM_0:1:74202541><>" STEAM USERID validated
L 11/01/2018 - 00:56:47: [FAdmin] DidVaitel (STEAM_0:1:74202541) is Authed
L 11/01/2018 - 00:56:47: [FAdmin] DidVaitel (STEAM_0:1:74202541) Spawned for the first time
L 11/01/2018 - 00:56:47: [FAdmin] DidVaitel (STEAM_0:1:74202541) Spawned
L 11/01/2018 - 00:56:47: "DidVaitel<2><STEAM_0:1:74202541><>" entered the game
L 11/01/2018 - 00:56:47: [FAdmin] DidVaitel (STEAM_0:1:74202541) Attempted to pick up a keys
L 11/01/2018 - 00:56:47: [FAdmin] DidVaitel (STEAM_0:1:74202541) Attempted to pick up a weapon_physcannon
L 11/01/2018 - 00:56:47: [FAdmin] DidVaitel (STEAM_0:1:74202541) Attempted to pick up a gmod_camera
L 11/01/2018 - 00:56:47: [FAdmin] DidVaitel (STEAM_0:1:74202541) Attempted to pick up a gmod_tool
L 11/01/2018 - 00:56:47: [FAdmin] DidVaitel (STEAM_0:1:74202541) Attempted to pick up a pocket
L 11/01/2018 - 00:56:47: [FAdmin] DidVaitel (STEAM_0:1:74202541) Attempted to pick up a weapon_physgun
L 11/01/2018 - 00:56:47: [FAdmin] DidVaitel (STEAM_0:1:74202541) Attempted to pick up a weapon_keypadchecker
L 11/01/2018 - 00:56:47: [FAdmin] DidVaitel (STEAM_0:1:74202541) Attempted to pick up a door_ram
L 11/01/2018 - 00:56:47: [FAdmin] DidVaitel (STEAM_0:1:74202541) Attempted to pick up a arrest_stick
L 11/01/2018 - 00:56:47: [FAdmin] DidVaitel (STEAM_0:1:74202541) Attempted to pick up a unarrest_stick
L 11/01/2018 - 00:56:47: [FAdmin] DidVaitel (STEAM_0:1:74202541) Attempted to pick up a stunstick
L 11/01/2018 - 00:56:47: [FAdmin] DidVaitel (STEAM_0:1:74202541) Attempted to pick up a weaponchecker
L 11/01/2018 - 00:57:02: [FAdmin] DidVaitel (STEAM_0:1:74202541) Gave himself a blackpanther
L 11/01/2018 - 00:57:02: [FAdmin] DidVaitel (STEAM_0:1:74202541) Attempted to pick up a blackpanther
L 11/01/2018 - 00:57:48: "DidVaitel<2><STEAM_0:1:74202541><>" disconnected (reason "Disconnect by user.")
L 11/01/2018 - 00:57:48: [FAdmin] DidVaitel (STEAM_0:1:74202541) Disconnected
L 11/01/2018 - 00:58:05: "DidVaitel<3><STEAM_0:1:74202541><>" connected, address "192.168.1.102:27006"
L 11/01/2018 - 00:58:05: "DidVaitel<3><STEAM_0:1:74202541><>" STEAM USERID validated
L 11/01/2018 - 00:58:24: [FAdmin] DidVaitel (STEAM_0:1:74202541) is Authed
L 11/01/2018 - 00:58:24: [FAdmin] DidVaitel (STEAM_0:1:74202541) Spawned for the first time
L 11/01/2018 - 00:58:24: [FAdmin] DidVaitel (STEAM_0:1:74202541) Spawned
L 11/01/2018 - 00:58:24: "DidVaitel<3><STEAM_0:1:74202541><>" entered the game
L 11/01/2018 - 00:58:24: [FAdmin] DidVaitel (STEAM_0:1:74202541) Attempted to pick up a keys
L 11/01/2018 - 00:58:24: [FAdmin] DidVaitel (STEAM_0:1:74202541) Attempted to pick up a weapon_physcannon
L 11/01/2018 - 00:58:24: [FAdmin] DidVaitel (STEAM_0:1:74202541) Attempted to pick up a gmod_camera
L 11/01/2018 - 00:58:24: [FAdmin] DidVaitel (STEAM_0:1:74202541) Attempted to pick up a gmod_tool
L 11/01/2018 - 00:58:24: [FAdmin] DidVaitel (STEAM_0:1:74202541) Attempted to pick up a pocket
L 11/01/2018 - 00:58:24: [FAdmin] DidVaitel (STEAM_0:1:74202541) Attempted to pick up a weapon_physgun
L 11/01/2018 - 00:58:24: [FAdmin] DidVaitel (STEAM_0:1:74202541) Attempted to pick up a weapon_keypadchecker
L 11/01/2018 - 00:58:24: [FAdmin] DidVaitel (STEAM_0:1:74202541) Attempted to pick up a door_ram
L 11/01/2018 - 00:58:24: [FAdmin] DidVaitel (STEAM_0:1:74202541) Attempted to pick up a arrest_stick
L 11/01/2018 - 00:58:24: [FAdmin] DidVaitel (STEAM_0:1:74202541) Attempted to pick up a unarrest_stick
L 11/01/2018 - 00:58:24: [FAdmin] DidVaitel (STEAM_0:1:74202541) Attempted to pick up a stunstick
L 11/01/2018 - 00:58:24: [FAdmin] DidVaitel (STEAM_0:1:74202541) Attempted to pick up a weaponchecker
L 11/01/2018 - 01:00:38: [FAdmin] DidVaitel (STEAM_0:1:74202541) Gave himself a blackpanther
L 11/01/2018 - 01:00:38: [FAdmin] DidVaitel (STEAM_0:1:74202541) Attempted to pick up a blackpanther
L 11/01/2018 - 01:03:27: Lua Error: 
[ERROR] addons/superherosweps/lua/weapons/blackpanther/init.lua:188: 'end' expected (to close 'function' at line 159) near '<eof>'
  1. unknown - addons/superherosweps/lua/weapons/blackpanther/init.lua:0


L 11/01/2018 - 01:04:11: Lua Error: 
[ERROR] addons/superherosweps/lua/weapons/blackpanther/init.lua:192: 'end' expected (to close 'function' at line 159) near '<eof>'
  1. unknown - addons/superherosweps/lua/weapons/blackpanther/init.lua:0


L 11/01/2018 - 01:04:23: Lua Error: 
[ERROR] addons/superherosweps/lua/weapons/blackpanther/init.lua:192: 'end' expected (to close 'function' at line 159) near '<eof>'
  1. unknown - addons/superherosweps/lua/weapons/blackpanther/init.lua:0


L 11/01/2018 - 01:04:51: Lua Error: 
[ERROR] addons/superherosweps/lua/weapons/blackpanther/init.lua:195: 'end' expected (to close 'function' at line 159) near '<eof>'
  1. unknown - addons/superherosweps/lua/weapons/blackpanther/init.lua:0


L 11/01/2018 - 01:04:59: Lua Error: 
[ERROR] addons/superherosweps/lua/weapons/blackpanther/init.lua:196: 'end' expected (to close 'function' at line 159) near '<eof>'
  1. unknown - addons/superherosweps/lua/weapons/blackpanther/init.lua:0


L 11/01/2018 - 01:06:22: Lua Error: 
[ERROR] addons/superherosweps/lua/weapons/blackpanther/init.lua:163: bad argument #1 to 'EmitSound' (string expected, got nil)
  1. EmitSound - [C]:-1
   2. unknown - addons/superherosweps/lua/weapons/blackpanther/init.lua:163


L 11/01/2018 - 01:07:05: Lua Error: 
[ERROR] addons/superherosweps/lua/weapons/blackpanther/init.lua:162: bad argument #1 to 'EmitSound' (string expected, got nil)
  1. EmitSound - [C]:-1
   2. unknown - addons/superherosweps/lua/weapons/blackpanther/init.lua:162


L 11/01/2018 - 01:07:46: Lua Error: 
[ERROR] addons/superherosweps/lua/weapons/blackpanther/init.lua:166: bad argument #1 to 'EmitSound' (string expected, got nil)
  1. EmitSound - [C]:-1
   2. unknown - addons/superherosweps/lua/weapons/blackpanther/init.lua:166


L 11/01/2018 - 01:10:53: [FAdmin] DidVaitel (STEAM_0:1:74202541) Attempted to switch noclip
L 11/01/2018 - 01:10:55: [FAdmin] DidVaitel (STEAM_0:1:74202541) Attempted to switch noclip
L 11/01/2018 - 01:11:11: [FAdmin] DidVaitel (STEAM_0:1:74202541) Attempted to switch noclip
L 11/01/2018 - 01:11:16: [FAdmin] DidVaitel (STEAM_0:1:74202541) Attempted to switch noclip
L 11/01/2018 - 01:11:32: [FAdmin] DidVaitel (STEAM_0:1:74202541) Gave himself a weapon_rpg
L 11/01/2018 - 01:11:32: [FAdmin] DidVaitel (STEAM_0:1:74202541) Attempted to pick up a weapon_rpg
L 11/01/2018 - 01:15:25: [FAdmin] DidVaitel (STEAM_0:1:74202541) Gave himself a blackpanther
L 11/01/2018 - 01:15:32: [FAdmin] DidVaitel (STEAM_0:1:74202541) Gave himself a weapon_rpg
L 11/01/2018 - 01:15:36: [FAdmin] DidVaitel (STEAM_0:1:74202541) Gave himself a weapon_slam
L 11/01/2018 - 01:15:36: [FAdmin] DidVaitel (STEAM_0:1:74202541) Attempted to pick up a weapon_slam
L 11/01/2018 - 01:15:49: [FAdmin] DidVaitel (STEAM_0:1:74202541) Gave himself a weapon_slam
L 11/01/2018 - 01:15:59: [FAdmin] DidVaitel (STEAM_0:1:74202541) Got killed by DidVaitel with a player
L 11/01/2018 - 01:15:59: Lua Error: 
[ERROR] addons/superherosweps/lua/weapons/cptamerica/init.lua:171: attempt to call method 'GetActiveWeapon' (a nil value)
  1. fn - addons/superherosweps/lua/weapons/cptamerica/init.lua:171
   2. unknown - addons/ulxulib/lua/ulib/shared/hook.lua:109


L 11/01/2018 - 01:15:59: Lua Error: 
[ERROR] addons/superherosweps/lua/weapons/cptamerica/init.lua:171: attempt to call method 'GetActiveWeapon' (a nil value)
  1. fn - addons/superherosweps/lua/weapons/cptamerica/init.lua:171
   2. unknown - addons/ulxulib/lua/ulib/shared/hook.lua:109


L 11/01/2018 - 01:15:59: Lua Error: 
[ERROR] addons/superherosweps/lua/weapons/cptamerica/init.lua:171: attempt to call method 'GetActiveWeapon' (a nil value)
  1. fn - addons/superherosweps/lua/weapons/cptamerica/init.lua:171
   2. unknown - addons/ulxulib/lua/ulib/shared/hook.lua:109


L 11/01/2018 - 01:16:00: [FAdmin] DidVaitel (STEAM_0:1:74202541) Spawned
L 11/01/2018 - 01:16:00: [FAdmin] DidVaitel (STEAM_0:1:74202541) Attempted to pick up a keys
L 11/01/2018 - 01:16:00: [FAdmin] DidVaitel (STEAM_0:1:74202541) Attempted to pick up a weapon_physcannon
L 11/01/2018 - 01:16:00: [FAdmin] DidVaitel (STEAM_0:1:74202541) Attempted to pick up a gmod_camera
L 11/01/2018 - 01:16:00: [FAdmin] DidVaitel (STEAM_0:1:74202541) Attempted to pick up a gmod_tool
L 11/01/2018 - 01:16:00: [FAdmin] DidVaitel (STEAM_0:1:74202541) Attempted to pick up a pocket
L 11/01/2018 - 01:16:00: [FAdmin] DidVaitel (STEAM_0:1:74202541) Attempted to pick up a weapon_physgun
L 11/01/2018 - 01:16:00: [FAdmin] DidVaitel (STEAM_0:1:74202541) Attempted to pick up a weapon_keypadchecker
L 11/01/2018 - 01:16:00: [FAdmin] DidVaitel (STEAM_0:1:74202541) Attempted to pick up a door_ram
L 11/01/2018 - 01:16:00: [FAdmin] DidVaitel (STEAM_0:1:74202541) Attempted to pick up a arrest_stick
L 11/01/2018 - 01:16:00: [FAdmin] DidVaitel (STEAM_0:1:74202541) Attempted to pick up a unarrest_stick
L 11/01/2018 - 01:16:00: [FAdmin] DidVaitel (STEAM_0:1:74202541) Attempted to pick up a stunstick
L 11/01/2018 - 01:16:00: [FAdmin] DidVaitel (STEAM_0:1:74202541) Attempted to pick up a weaponchecker
L 11/01/2018 - 01:16:04: [FAdmin] DidVaitel (STEAM_0:1:74202541) Gave himself a weapon_rpg
L 11/01/2018 - 01:16:04: [FAdmin] DidVaitel (STEAM_0:1:74202541) Attempted to pick up a weapon_rpg
L 11/01/2018 - 01:16:06: [FAdmin] DidVaitel (STEAM_0:1:74202541) Gave himself a blackpanther
L 11/01/2018 - 01:16:06: [FAdmin] DidVaitel (STEAM_0:1:74202541) Attempted to pick up a blackpanther
L 11/01/2018 - 01:16:10: [FAdmin] DidVaitel (STEAM_0:1:74202541) Got killed by DidVaitel with a rpg_missile
L 11/01/2018 - 01:16:16: Lua Error: 
[ERROR] addons/superherosweps/lua/weapons/blackpanther/init.lua:166: Tried to use a NULL entity!
  1. __index - [C]:-1
   2. unknown - addons/superherosweps/lua/weapons/blackpanther/init.lua:166


L 11/01/2018 - 01:16:19: [FAdmin] DidVaitel (STEAM_0:1:74202541) Spawned
L 11/01/2018 - 01:16:19: [FAdmin] DidVaitel (STEAM_0:1:74202541) Attempted to pick up a keys
L 11/01/2018 - 01:16:19: [FAdmin] DidVaitel (STEAM_0:1:74202541) Attempted to pick up a weapon_physcannon
L 11/01/2018 - 01:16:19: [FAdmin] DidVaitel (STEAM_0:1:74202541) Attempted to pick up a gmod_camera
L 11/01/2018 - 01:16:19: [FAdmin] DidVaitel (STEAM_0:1:74202541) Attempted to pick up a gmod_tool
L 11/01/2018 - 01:16:19: [FAdmin] DidVaitel (STEAM_0:1:74202541) Attempted to pick up a pocket
L 11/01/2018 - 01:16:19: [FAdmin] DidVaitel (STEAM_0:1:74202541) Attempted to pick up a weapon_physgun
L 11/01/2018 - 01:16:19: [FAdmin] DidVaitel (STEAM_0:1:74202541) Attempted to pick up a weapon_keypadchecker
L 11/01/2018 - 01:16:19: [FAdmin] DidVaitel (STEAM_0:1:74202541) Attempted to pick up a door_ram
L 11/01/2018 - 01:16:19: [FAdmin] DidVaitel (STEAM_0:1:74202541) Attempted to pick up a arrest_stick
L 11/01/2018 - 01:16:19: [FAdmin] DidVaitel (STEAM_0:1:74202541) Attempted to pick up a unarrest_stick
L 11/01/2018 - 01:16:19: [FAdmin] DidVaitel (STEAM_0:1:74202541) Attempted to pick up a stunstick
L 11/01/2018 - 01:16:19: [FAdmin] DidVaitel (STEAM_0:1:74202541) Attempted to pick up a weaponchecker
L 11/01/2018 - 01:16:20: [FAdmin] DidVaitel (STEAM_0:1:74202541) Gave himself a blackpanther
L 11/01/2018 - 01:16:20: [FAdmin] DidVaitel (STEAM_0:1:74202541) Attempted to pick up a blackpanther
L 11/01/2018 - 01:17:27: [FAdmin] DidVaitel (STEAM_0:1:74202541) Gave himself a weapon_rpg
L 11/01/2018 - 01:17:27: [FAdmin] DidVaitel (STEAM_0:1:74202541) Attempted to pick up a weapon_rpg
L 11/01/2018 - 01:17:39: [FAdmin] Server succesfully shut down.
L 11/01/2018 - 01:17:39: [FAdmin] prop_physics(models/props/de_nuke/handtruck.mdl) Got removed
L 11/01/2018 - 01:17:39: [FAdmin] prop_physics(models/props_c17/door01_left.mdl) Got removed
L 11/01/2018 - 01:17:39: [FAdmin] prop_physics(models/props_c17/door01_left.mdl) Got removed
L 11/01/2018 - 01:17:39: [FAdmin] prop_physics(models/props_c17/door01_left.mdl) Got removed
L 11/01/2018 - 01:17:39: [FAdmin] prop_physics(models/props_c17/door01_left.mdl) Got removed
L 11/01/2018 - 01:17:39: [FAdmin] prop_physics(models/props_c17/door01_left.mdl) Got removed
L 11/01/2018 - 01:17:39: [FAdmin] prop_physics(models/props_c17/door01_left.mdl) Got removed
L 11/01/2018 - 01:17:39: [FAdmin] prop_physics(models/props_junk/pushcart01a.mdl) Got removed
L 11/01/2018 - 01:17:39: [FAdmin] prop_physics(models/props/de_nuke/handtruck.mdl) Got removed
L 11/01/2018 - 01:17:39: [FAdmin] prop_physics(models/props_c17/door01_left.mdl) Got removed
L 11/01/2018 - 01:17:39: [FAdmin] prop_physics(models/props_c17/door01_left.mdl) Got removed
L 11/01/2018 - 01:17:39: [FAdmin] prop_physics(models/props_junk/wood_crate001a_damaged.mdl) Got removed
L 11/01/2018 - 01:17:39: [FAdmin] prop_physics(models/props_junk/wood_crate001a_damaged.mdl) Got removed
L 11/01/2018 - 01:17:39: [FAdmin] prop_physics(models/props_junk/wood_crate001a_damaged.mdl) Got removed
L 11/01/2018 - 01:17:39: [FAdmin] prop_physics(models/props_junk/wood_crate001a_damaged.mdl) Got removed
L 11/01/2018 - 01:17:39: [FAdmin] prop_physics(models/props_junk/wood_crate001a_damaged.mdl) Got removed
L 11/01/2018 - 01:17:39: "DidVaitel<3><STEAM_0:1:74202541><>" disconnected (reason "Server shutting down")
L 11/01/2018 - 01:17:39: server_message: "quit"
L 11/01/2018 - 01:17:39: Log file closed.
