L 11/01/2018 - 18:42:59: Log file started (file "logs\L1101008.log") (game "F:\sup\steamapps\common\GarrysModDS\garrysmod") (version "7270")
L 11/01/2018 - 18:42:59: server_cvar: "sv_alltalk" "3"
L 11/01/2018 - 18:42:59: server_cvar: "sv_allowcslua" "1"
L 11/01/2018 - 18:42:59: server_cvar: "sv_airaccelerate" "1000"
L 11/01/2018 - 18:42:59: server_cvar: "sv_alltalk" "0"
L 11/01/2018 - 18:43:01: Connection to Steam servers successful.
L 11/01/2018 - 18:43:01:    Public IP is 31.130.42.81.
L 11/01/2018 - 18:43:01: Assigned anonymous gameserver Steam ID [A-1:3713971211(11318)].
L 11/01/2018 - 18:43:01: VAC secure mode is activated.
L 11/01/2018 - 18:48:19: "DidVaitel<2><STEAM_0:1:74202541><>" connected, address "192.168.1.100:27006"
L 11/01/2018 - 18:48:20: "DidVaitel<2><STEAM_0:1:74202541><>" STEAM USERID validated
L 11/01/2018 - 18:48:28: [FAdmin] DidVaitel (STEAM_0:1:74202541) is Authed
L 11/01/2018 - 18:48:28: [FAdmin] DidVaitel (STEAM_0:1:74202541) Spawned for the first time
L 11/01/2018 - 18:48:28: [FAdmin] DidVaitel (STEAM_0:1:74202541) Spawned
L 11/01/2018 - 18:48:28: "DidVaitel<2><STEAM_0:1:74202541><>" entered the game
L 11/01/2018 - 18:48:28: [FAdmin] DidVaitel (STEAM_0:1:74202541) Attempted to pick up a keys
L 11/01/2018 - 18:48:28: [FAdmin] DidVaitel (STEAM_0:1:74202541) Attempted to pick up a weapon_physcannon
L 11/01/2018 - 18:48:28: [FAdmin] DidVaitel (STEAM_0:1:74202541) Attempted to pick up a gmod_camera
L 11/01/2018 - 18:48:28: [FAdmin] DidVaitel (STEAM_0:1:74202541) Attempted to pick up a gmod_tool
L 11/01/2018 - 18:48:28: [FAdmin] DidVaitel (STEAM_0:1:74202541) Attempted to pick up a pocket
L 11/01/2018 - 18:48:28: [FAdmin] DidVaitel (STEAM_0:1:74202541) Attempted to pick up a weapon_physgun
L 11/01/2018 - 18:48:28: [FAdmin] DidVaitel (STEAM_0:1:74202541) Attempted to pick up a weapon_keypadchecker
L 11/01/2018 - 18:48:28: [FAdmin] DidVaitel (STEAM_0:1:74202541) Attempted to pick up a door_ram
L 11/01/2018 - 18:48:28: [FAdmin] DidVaitel (STEAM_0:1:74202541) Attempted to pick up a arrest_stick
L 11/01/2018 - 18:48:28: [FAdmin] DidVaitel (STEAM_0:1:74202541) Attempted to pick up a unarrest_stick
L 11/01/2018 - 18:48:28: [FAdmin] DidVaitel (STEAM_0:1:74202541) Attempted to pick up a stunstick
L 11/01/2018 - 18:48:28: [FAdmin] DidVaitel (STEAM_0:1:74202541) Attempted to pick up a weaponchecker
L 11/01/2018 - 18:49:08: [FAdmin] DidVaitel (STEAM_0:1:74202541) Gave himself a blackpanther
L 11/01/2018 - 18:49:08: [FAdmin] DidVaitel (STEAM_0:1:74202541) Attempted to pick up a blackpanther
L 11/01/2018 - 18:49:10: [FAdmin] DidVaitel (STEAM_0:1:74202541) Gave himself a hulk
L 11/01/2018 - 18:49:10: [FAdmin] DidVaitel (STEAM_0:1:74202541) Attempted to pick up a hulk
L 11/01/2018 - 18:49:11: [FAdmin] DidVaitel (STEAM_0:1:74202541) Attempted to use tool camera
L 11/01/2018 - 18:49:15: Lua Error: 
[ERROR] addons/superherosweps/lua/weapons/hulk/init.lua:25: attempt to call method 'ChatPrint' (a nil value)
  1. BeHulk - addons/superherosweps/lua/weapons/hulk/init.lua:25
   2. unknown - addons/superherosweps/lua/weapons/hulk/init.lua:11


L 11/01/2018 - 18:49:35: [FAdmin] Server succesfully shut down.
L 11/01/2018 - 18:49:35: [FAdmin] prop_physics(models/props/de_nuke/handtruck.mdl) Got removed
L 11/01/2018 - 18:49:35: [FAdmin] prop_physics(models/props_c17/door01_left.mdl) Got removed
L 11/01/2018 - 18:49:35: [FAdmin] prop_physics(models/props_c17/door01_left.mdl) Got removed
L 11/01/2018 - 18:49:35: [FAdmin] prop_physics(models/props_c17/door01_left.mdl) Got removed
L 11/01/2018 - 18:49:35: [FAdmin] prop_physics(models/props_c17/door01_left.mdl) Got removed
L 11/01/2018 - 18:49:35: [FAdmin] prop_physics(models/props_c17/door01_left.mdl) Got removed
L 11/01/2018 - 18:49:35: [FAdmin] prop_physics(models/props_c17/door01_left.mdl) Got removed
L 11/01/2018 - 18:49:35: [FAdmin] prop_physics(models/props_junk/pushcart01a.mdl) Got removed
L 11/01/2018 - 18:49:35: [FAdmin] prop_physics(models/props/de_nuke/handtruck.mdl) Got removed
L 11/01/2018 - 18:49:35: [FAdmin] prop_physics(models/props_c17/door01_left.mdl) Got removed
L 11/01/2018 - 18:49:35: [FAdmin] prop_physics(models/props_c17/door01_left.mdl) Got removed
L 11/01/2018 - 18:49:35: [FAdmin] prop_physics(models/props_junk/wood_crate001a_damaged.mdl) Got removed
L 11/01/2018 - 18:49:35: [FAdmin] prop_physics(models/props_junk/wood_crate001a_damaged.mdl) Got removed
L 11/01/2018 - 18:49:35: [FAdmin] prop_physics(models/props_junk/wood_crate001a_damaged.mdl) Got removed
L 11/01/2018 - 18:49:35: [FAdmin] prop_physics(models/props_junk/wood_crate001a_damaged.mdl) Got removed
L 11/01/2018 - 18:49:35: [FAdmin] prop_physics(models/props_junk/wood_crate001a_damaged.mdl) Got removed
L 11/01/2018 - 18:49:35: "DidVaitel<2><STEAM_0:1:74202541><>" disconnected (reason "Server shutting down")
L 11/01/2018 - 18:49:35: server_message: "quit"
L 11/01/2018 - 18:49:35: Log file closed.
