L 11/13/2019 - 01:14:42: Log file started (file "logs\L1113018.log") (game "F:\sup\steamapps\common\GarrysModDS\garrysmod") (version "7671")
L 11/13/2019 - 01:14:42: server_cvar: "sv_alltalk" "3"
L 11/13/2019 - 01:14:42: server_cvar: "sv_allowcslua" "1"
L 11/13/2019 - 01:14:42: server_cvar: "sv_airaccelerate" "1000"
L 11/13/2019 - 01:14:42: server_cvar: "sv_alltalk" "0"
L 11/13/2019 - 01:14:43: Connection to Steam servers successful.
L 11/13/2019 - 01:14:43:    Public IP is 31.130.42.47.
L 11/13/2019 - 01:14:43: Assigned anonymous gameserver Steam ID [A-1:1612140553(13615)].
L 11/13/2019 - 01:14:43: VAC secure mode is activated.
L 11/13/2019 - 01:15:57: server_cvar: "sv_password" "***PROTECTED***"
L 11/13/2019 - 01:16:01: "COMPLΞX<2><STEAM_0:0:105635721><>" connected, address "26.64.99.216:27005"
L 11/13/2019 - 01:16:01: "COMPLΞX<2><STEAM_0:0:105635721><>" STEAM USERID validated
L 11/13/2019 - 01:16:05: server_cvar: "sv_password" "***PROTECTED***"
L 11/13/2019 - 01:16:11: [FAdmin] COMPLΞX (STEAM_0:0:105635721) Spawned for the first time
L 11/13/2019 - 01:16:11: [FAdmin] COMPLΞX (STEAM_0:0:105635721) is Authed
L 11/13/2019 - 01:16:11: [FAdmin] COMPLΞX (STEAM_0:0:105635721) Spawned
L 11/13/2019 - 01:16:11: "COMPLΞX<2><STEAM_0:0:105635721><>" entered the game
L 11/13/2019 - 01:16:11: [FAdmin] COMPLΞX (STEAM_0:0:105635721) Attempted to pick up a keys
L 11/13/2019 - 01:16:11: [FAdmin] COMPLΞX (STEAM_0:0:105635721) Attempted to pick up a weapon_physcannon
L 11/13/2019 - 01:16:11: [FAdmin] COMPLΞX (STEAM_0:0:105635721) Attempted to pick up a gmod_camera
L 11/13/2019 - 01:16:11: [FAdmin] COMPLΞX (STEAM_0:0:105635721) Attempted to pick up a gmod_tool
L 11/13/2019 - 01:16:11: [FAdmin] COMPLΞX (STEAM_0:0:105635721) Attempted to pick up a pocket
L 11/13/2019 - 01:16:11: [FAdmin] COMPLΞX (STEAM_0:0:105635721) Attempted to pick up a weapon_physgun
L 11/13/2019 - 01:17:05: Lua Error: 
[ERROR] addons/complex_squads/lua/autorun/complexsquads.lua:32: bad argument #1 to 'find' (string expected, got nil)
  1. find - [C]:-1
   2. Include - addons/complex_squads/lua/autorun/complexsquads.lua:32
    3. unknown - addons/complex_squads/lua/autorun/complexsquads.lua:58


L 11/13/2019 - 01:17:14: Lua Error: 
[ERROR] addons/complex_squads/lua/autorun/complexsquads.lua:32: bad argument #1 to 'find' (string expected, got nil)
  1. find - [C]:-1
   2. Include - addons/complex_squads/lua/autorun/complexsquads.lua:32
    3. unknown - addons/complex_squads/lua/autorun/complexsquads.lua:58


L 11/13/2019 - 01:17:19: Lua Error: 
[ERROR] addons/complex_squads/lua/autorun/complexsquads.lua:32: bad argument #1 to 'find' (string expected, got nil)
  1. find - [C]:-1
   2. Include - addons/complex_squads/lua/autorun/complexsquads.lua:32
    3. unknown - addons/complex_squads/lua/autorun/complexsquads.lua:58


L 11/13/2019 - 01:18:02: Lua Error: 
[ERROR] addons/complex_squads/lua/autorun/complexsquads.lua:58: invalid escape sequence near '"complex_squads'


L 11/13/2019 - 01:18:03: Lua Error: Couldn't include file 'complex_squads\complex_squads\configs\sh_config.lua' (File not found) (@addons/complex_squads/lua/autorun/complexsquads.lua (line 25))

L 11/13/2019 - 01:18:03: Lua Error: [AddCSLuaFile] Couldn't find 'complex_squads/complex_squads/configs/sh_config.lua' (@addons/complex_squads/lua/autorun/complexsquads.lua (line 26))

L 11/13/2019 - 01:18:34: Lua Error: Couldn't include file 'complex_squads\lua\complex_squads\configs\sh_config.lua' (File not found) (@addons/complex_squads/lua/autorun/complexsquads.lua (line 25))

L 11/13/2019 - 01:18:34: Lua Error: [AddCSLuaFile] Couldn't find 'complex_squads/lua/complex_squads/configs/sh_config.lua' (@addons/complex_squads/lua/autorun/complexsquads.lua (line 26))

L 11/13/2019 - 01:20:13: Lua Error: Couldn't include file 'complex_squads\configs\sh_config.luash_config.lua' (File not found) (@addons/complex_squads/lua/autorun/complexsquads.lua (line 25))

L 11/13/2019 - 01:20:13: Lua Error: [AddCSLuaFile] Couldn't find 'complex_squads/configs/sh_config.luash_config.lua' (@addons/complex_squads/lua/autorun/complexsquads.lua (line 26))

L 11/13/2019 - 01:20:13: Lua Error: Couldn't include file 'complex_squads\configs\sh_config.luash_config.lua' (File not found) (@addons/complex_squads/lua/autorun/complexsquads.lua (line 25))

L 11/13/2019 - 01:20:13: Lua Error: [AddCSLuaFile] Couldn't find 'complex_squads/configs/sh_config.luash_config.lua' (@addons/complex_squads/lua/autorun/complexsquads.lua (line 26))

L 11/13/2019 - 01:23:36: [FAdmin] Server succesfully shut down.
L 11/13/2019 - 01:23:36: [FAdmin] prop_physics(models/maxofs2d/companion_doll.mdl) Got removed
L 11/13/2019 - 01:23:36: [FAdmin] prop_physics(models/props_c17/furnituretable003a.mdl) Got removed
L 11/13/2019 - 01:23:36: [FAdmin] prop_physics(models/props_c17/furniturecouch002a.mdl) Got removed
L 11/13/2019 - 01:23:36: [FAdmin] prop_physics(models/props_c17/furniturecouch001a.mdl) Got removed
L 11/13/2019 - 01:23:36: "COMPLΞX<2><STEAM_0:0:105635721><>" disconnected (reason "Server shutting down")
L 11/13/2019 - 01:23:36: server_message: "quit"
L 11/13/2019 - 01:23:36: Log file closed.
