L 11/26/2019 - 19:17:40: Log file started (file "logs\L1126000.log") (game "D:\sup\steamapps\common\GarrysModDS\garrysmod") (version "7671")
L 11/26/2019 - 19:17:40: server_cvar: "sv_alltalk" "3"
L 11/26/2019 - 19:17:41: Connection to Steam servers successful.
L 11/26/2019 - 19:17:41:    Public IP is 31.130.42.47.
L 11/26/2019 - 19:17:41: Assigned anonymous gameserver Steam ID [A-1:2912171017(13683)].
L 11/26/2019 - 19:17:42: VAC secure mode is activated.
L 11/26/2019 - 19:17:45: "COMPLΞX<2><STEAM_0:0:105635721><>" connected, address "31.130.42.47:27005"
L 11/26/2019 - 19:17:45: "COMPLΞX<2><STEAM_0:0:105635721><>" STEAM USERID validated
L 11/26/2019 - 19:17:51: Lua Error: 
[ERROR] addons/complex_employer/lua/complex-employer/core/sv_core.lua:53: attempt to index global 'MySQLite' (a nil value)
  1. fn - addons/complex_employer/lua/complex-employer/core/sv_core.lua:53
   2. unknown - addons/ulxulib/lua/ulib/shared/hook.lua:109
    3. UniqueID - [C]:-1
     4. echoToAdmins - addons/ulxulib/lua/ulx/log.lua:164
      5. fn - addons/ulxulib/lua/ulx/log.lua:202
       6. unknown - addons/ulxulib/lua/ulib/shared/hook.lua:109


L 11/26/2019 - 19:17:51: "COMPLΞX<2><STEAM_0:0:105635721><>" entered the game
L 11/26/2019 - 19:30:34: "COMPLΞX<2><STEAM_0:0:105635721><>" disconnected (reason "Disconnect by user.")
L 11/26/2019 - 23:01:44: server_message: "quit"
L 11/26/2019 - 23:01:44: Log file closed.
