L 11/27/2019 - 05:06:37: Log file started (file "logs\L1127003.log") (game "D:\sup\steamapps\common\GarrysModDS\garrysmod") (version "7671")
L 11/27/2019 - 05:06:37: server_cvar: "sv_alltalk" "3"
L 11/27/2019 - 05:06:38: Connection to Steam servers successful.
L 11/27/2019 - 05:06:38:    Public IP is 31.130.42.47.
L 11/27/2019 - 05:06:38: Assigned anonymous gameserver Steam ID [A-1:1765272577(13686)].
L 11/27/2019 - 05:06:39: VAC secure mode is activated.
L 11/27/2019 - 05:06:48: Lua Error: 
[ERROR] gamemodes/militaryrp/gamemode/core/sandbox/sv_player_extension.lua:21: attempt to index global 'PLAYER' (a nil value)
  1. unknown - gamemodes/militaryrp/gamemode/core/sandbox/sv_player_extension.lua:21
   2. IncludeServerSide - [C]:-1
    3. Include - gamemodes/militaryrp/gamemode/shared.lua:35
     4. IncludeCore - gamemodes/militaryrp/gamemode/shared.lua:117
      5. unknown - gamemodes/militaryrp/gamemode/shared.lua:129
       6. include - [C]:-1
        7. unknown - gamemodes/militaryrp/gamemode/init.lua:13


L 11/27/2019 - 05:06:48: Lua Error: 
[ERROR] gamemodes/militaryrp/gamemode/core/sandbox/sv_player_extension.lua:21: attempt to index global 'PLAYER' (a nil value)
  1. unknown - gamemodes/militaryrp/gamemode/core/sandbox/sv_player_extension.lua:21
   2. IncludeServerSide - [C]:-1
    3. Include - gamemodes/militaryrp/gamemode/shared.lua:35
     4. IncludeFolder - gamemodes/militaryrp/gamemode/shared.lua:49
      5. IncludeCore - gamemodes/militaryrp/gamemode/shared.lua:120
       6. unknown - gamemodes/militaryrp/gamemode/shared.lua:129
        7. include - [C]:-1
         8. unknown - gamemodes/militaryrp/gamemode/init.lua:13


L 11/27/2019 - 05:06:48: Lua Error: Couldn't include file 'militaryrp\gamemode\config\sh_classes.lua' (File not found) (@gamemodes/militaryrp/gamemode/shared.lua (line 27))

L 11/27/2019 - 05:06:48: Lua Error: [AddCSLuaFile] Couldn't find 'militaryrp/gamemode/config/sh_classes.lua' (@gamemodes/militaryrp/gamemode/shared.lua (line 28))

L 11/27/2019 - 05:06:48: Lua Error: Couldn't include file 'militaryrp\gamemode\config\sh_donation.lua' (File not found) (@gamemodes/militaryrp/gamemode/shared.lua (line 27))

L 11/27/2019 - 05:06:48: Lua Error: [AddCSLuaFile] Couldn't find 'militaryrp/gamemode/config/sh_donation.lua' (@gamemodes/militaryrp/gamemode/shared.lua (line 28))

L 11/27/2019 - 05:06:48: Lua Error: Couldn't include file 'militaryrp\gamemode\config\sh_entities.lua' (File not found) (@gamemodes/militaryrp/gamemode/shared.lua (line 27))

L 11/27/2019 - 05:06:48: Lua Error: [AddCSLuaFile] Couldn't find 'militaryrp/gamemode/config/sh_entities.lua' (@gamemodes/militaryrp/gamemode/shared.lua (line 28))

L 11/27/2019 - 05:06:48: Lua Error: 
[ERROR] gamemodes/militaryrp/gamemode/core/sandbox/sv_player_extension.lua:21: attempt to index global 'PLAYER' (a nil value)
  1. unknown - gamemodes/militaryrp/gamemode/core/sandbox/sv_player_extension.lua:21
   2. IncludeServerSide - [C]:-1
    3. Include - gamemodes/militaryrp/gamemode/shared.lua:35
     4. IncludeCore - gamemodes/militaryrp/gamemode/shared.lua:117
      5. unknown - gamemodes/militaryrp/gamemode/shared.lua:129
       6. include - [C]:-1
        7. unknown - gamemodes/militaryrp/gamemode/init.lua:13


L 11/27/2019 - 05:06:48: Lua Error: 
[ERROR] gamemodes/militaryrp/gamemode/core/sandbox/sv_player_extension.lua:21: attempt to index global 'PLAYER' (a nil value)
  1. unknown - gamemodes/militaryrp/gamemode/core/sandbox/sv_player_extension.lua:21
   2. IncludeServerSide - [C]:-1
    3. Include - gamemodes/militaryrp/gamemode/shared.lua:35
     4. IncludeFolder - gamemodes/militaryrp/gamemode/shared.lua:49
      5. IncludeCore - gamemodes/militaryrp/gamemode/shared.lua:120
       6. unknown - gamemodes/militaryrp/gamemode/shared.lua:129
        7. include - [C]:-1
         8. unknown - gamemodes/militaryrp/gamemode/init.lua:13


L 11/27/2019 - 05:06:48: Lua Error: Couldn't include file 'militaryrp\gamemode\config\sh_classes.lua' (File not found) (@gamemodes/militaryrp/gamemode/shared.lua (line 27))

L 11/27/2019 - 05:06:48: Lua Error: [AddCSLuaFile] Couldn't find 'militaryrp/gamemode/config/sh_classes.lua' (@gamemodes/militaryrp/gamemode/shared.lua (line 28))

L 11/27/2019 - 05:06:48: Lua Error: Couldn't include file 'militaryrp\gamemode\config\sh_donation.lua' (File not found) (@gamemodes/militaryrp/gamemode/shared.lua (line 27))

L 11/27/2019 - 05:06:48: Lua Error: [AddCSLuaFile] Couldn't find 'militaryrp/gamemode/config/sh_donation.lua' (@gamemodes/militaryrp/gamemode/shared.lua (line 28))

L 11/27/2019 - 05:06:48: Lua Error: Couldn't include file 'militaryrp\gamemode\config\sh_entities.lua' (File not found) (@gamemodes/militaryrp/gamemode/shared.lua (line 27))

L 11/27/2019 - 05:06:48: Lua Error: [AddCSLuaFile] Couldn't find 'militaryrp/gamemode/config/sh_entities.lua' (@gamemodes/militaryrp/gamemode/shared.lua (line 28))

L 11/27/2019 - 05:06:54: Lua Error: Couldn't include file 'militaryrp\gamemode\config\sh_classes.lua' (File not found) (@gamemodes/militaryrp/gamemode/shared.lua (line 27))

L 11/27/2019 - 05:06:54: Lua Error: [AddCSLuaFile] Couldn't find 'militaryrp/gamemode/config/sh_classes.lua' (@gamemodes/militaryrp/gamemode/shared.lua (line 28))

L 11/27/2019 - 05:06:54: Lua Error: Couldn't include file 'militaryrp\gamemode\config\sh_donation.lua' (File not found) (@gamemodes/militaryrp/gamemode/shared.lua (line 27))

L 11/27/2019 - 05:06:54: Lua Error: [AddCSLuaFile] Couldn't find 'militaryrp/gamemode/config/sh_donation.lua' (@gamemodes/militaryrp/gamemode/shared.lua (line 28))

L 11/27/2019 - 05:06:54: Lua Error: Couldn't include file 'militaryrp\gamemode\config\sh_entities.lua' (File not found) (@gamemodes/militaryrp/gamemode/shared.lua (line 27))

L 11/27/2019 - 05:06:54: Lua Error: [AddCSLuaFile] Couldn't find 'militaryrp/gamemode/config/sh_entities.lua' (@gamemodes/militaryrp/gamemode/shared.lua (line 28))

L 11/27/2019 - 05:07:01: "DidVaitel<2><STEAM_0:1:74202541><>" connected, address "31.130.42.47:27006"
L 11/27/2019 - 05:07:02: "DidVaitel<2><STEAM_0:1:74202541><>" STEAM USERID validated
L 11/27/2019 - 05:07:12: "DidVaitel<2><STEAM_0:1:74202541><>" entered the game
L 11/27/2019 - 05:07:54: Lua Error: Couldn't include file 'militaryrp\gamemode\config\sh_classes.lua' (File not found) (@gamemodes/militaryrp/gamemode/shared.lua (line 27))

L 11/27/2019 - 05:07:54: Lua Error: [AddCSLuaFile] Couldn't find 'militaryrp/gamemode/config/sh_classes.lua' (@gamemodes/militaryrp/gamemode/shared.lua (line 28))

L 11/27/2019 - 05:07:54: Lua Error: Couldn't include file 'militaryrp\gamemode\config\sh_donation.lua' (File not found) (@gamemodes/militaryrp/gamemode/shared.lua (line 27))

L 11/27/2019 - 05:07:54: Lua Error: [AddCSLuaFile] Couldn't find 'militaryrp/gamemode/config/sh_donation.lua' (@gamemodes/militaryrp/gamemode/shared.lua (line 28))

L 11/27/2019 - 05:07:54: Lua Error: Couldn't include file 'militaryrp\gamemode\config\sh_entities.lua' (File not found) (@gamemodes/militaryrp/gamemode/shared.lua (line 27))

L 11/27/2019 - 05:07:54: Lua Error: [AddCSLuaFile] Couldn't find 'militaryrp/gamemode/config/sh_entities.lua' (@gamemodes/militaryrp/gamemode/shared.lua (line 28))

L 11/27/2019 - 05:07:55: Lua Error: Couldn't include file 'militaryrp\gamemode\config\sh_classes.lua' (File not found) (@gamemodes/militaryrp/gamemode/shared.lua (line 27))

L 11/27/2019 - 05:07:55: Lua Error: [AddCSLuaFile] Couldn't find 'militaryrp/gamemode/config/sh_classes.lua' (@gamemodes/militaryrp/gamemode/shared.lua (line 28))

L 11/27/2019 - 05:07:55: Lua Error: Couldn't include file 'militaryrp\gamemode\config\sh_donation.lua' (File not found) (@gamemodes/militaryrp/gamemode/shared.lua (line 27))

L 11/27/2019 - 05:07:55: Lua Error: [AddCSLuaFile] Couldn't find 'militaryrp/gamemode/config/sh_donation.lua' (@gamemodes/militaryrp/gamemode/shared.lua (line 28))

L 11/27/2019 - 05:07:55: Lua Error: Couldn't include file 'militaryrp\gamemode\config\sh_entities.lua' (File not found) (@gamemodes/militaryrp/gamemode/shared.lua (line 27))

L 11/27/2019 - 05:07:55: Lua Error: [AddCSLuaFile] Couldn't find 'militaryrp/gamemode/config/sh_entities.lua' (@gamemodes/militaryrp/gamemode/shared.lua (line 28))

L 11/27/2019 - 05:11:52: "DidVaitel<2><STEAM_0:1:74202541><>" disconnected (reason "Server shutting down")
L 11/27/2019 - 05:11:52: server_message: "quit"
L 11/27/2019 - 05:11:52: Log file closed.
