L 11/21/2019 - 16:07:54: Log file started (file "logs\L1121005.log") (game "F:\sup\steamapps\common\GarrysModDS\garrysmod") (version "7671")
L 11/21/2019 - 16:07:54: server_cvar: "sv_alltalk" "3"
L 11/21/2019 - 16:07:54: server_cvar: "sv_allowcslua" "1"
L 11/21/2019 - 16:07:54: server_cvar: "sv_airaccelerate" "1000"
L 11/21/2019 - 16:07:54: server_cvar: "sv_alltalk" "0"
L 11/21/2019 - 16:07:54: "COMPLΞX<2><STEAM_0:0:105635721><>" connected, address "26.64.99.216:27006"
L 11/21/2019 - 16:07:56: Connection to Steam servers successful.
L 11/21/2019 - 16:07:56:    Public IP is 31.130.42.47.
L 11/21/2019 - 16:07:56: Assigned anonymous gameserver Steam ID [A-1:1141866505(13658)].
L 11/21/2019 - 16:07:56: VAC secure mode is activated.
L 11/21/2019 - 16:07:56: "COMPLΞX<2><STEAM_0:0:105635721><>" STEAM USERID validated
L 11/21/2019 - 16:08:03: [FAdmin] COMPLΞX (STEAM_0:0:105635721) is Authed
L 11/21/2019 - 16:08:03: [FAdmin] COMPLΞX (STEAM_0:0:105635721) Spawned for the first time
L 11/21/2019 - 16:08:03: [FAdmin] COMPLΞX (STEAM_0:0:105635721) Spawned
L 11/21/2019 - 16:08:03: "COMPLΞX<2><STEAM_0:0:105635721><>" entered the game
L 11/21/2019 - 16:08:03: [FAdmin] COMPLΞX (STEAM_0:0:105635721) Attempted to pick up a keys
L 11/21/2019 - 16:08:03: [FAdmin] COMPLΞX (STEAM_0:0:105635721) Attempted to pick up a weapon_physcannon
L 11/21/2019 - 16:08:03: [FAdmin] COMPLΞX (STEAM_0:0:105635721) Attempted to pick up a gmod_camera
L 11/21/2019 - 16:08:03: [FAdmin] COMPLΞX (STEAM_0:0:105635721) Attempted to pick up a gmod_tool
L 11/21/2019 - 16:08:03: [FAdmin] COMPLΞX (STEAM_0:0:105635721) Attempted to pick up a pocket
L 11/21/2019 - 16:08:03: [FAdmin] COMPLΞX (STEAM_0:0:105635721) Attempted to pick up a weapon_physgun
L 11/21/2019 - 16:08:03: [FAdmin] COMPLΞX (STEAM_0:0:105635721) Attempted to pick up a weapon_keypadchecker
L 11/21/2019 - 16:08:03: [FAdmin] COMPLΞX (STEAM_0:0:105635721) Attempted to pick up a door_ram
L 11/21/2019 - 16:08:03: [FAdmin] COMPLΞX (STEAM_0:0:105635721) Attempted to pick up a arrest_stick
L 11/21/2019 - 16:08:03: [FAdmin] COMPLΞX (STEAM_0:0:105635721) Attempted to pick up a unarrest_stick
L 11/21/2019 - 16:08:03: [FAdmin] COMPLΞX (STEAM_0:0:105635721) Attempted to pick up a stunstick
L 11/21/2019 - 16:08:03: [FAdmin] COMPLΞX (STEAM_0:0:105635721) Attempted to pick up a weaponchecker
L 11/21/2019 - 16:08:34: Lua Error: 
[ERROR] gamemodes/sandbox/entities/weapons/gmod_tool/stool.lua:103: attempt to index a nil value
  1. GetOwner - gamemodes/sandbox/entities/weapons/gmod_tool/stool.lua:103
   2. unknown - addons/complex_employer/lua/weapons/gmod_tool/stools/complex_employer_tool.lua:13
    3. include - [C]:-1
     4. unknown - gamemodes/sandbox/entities/weapons/gmod_tool/stool.lua:139
      5. include - [C]:-1
       6. unknown - gamemodes/sandbox/entities/weapons/gmod_tool/shared.lua:334
        7. include - [C]:-1
         8. unknown - gamemodes/sandbox/entities/weapons/gmod_tool/init.lua:10


L 11/21/2019 - 16:10:40: [FAdmin] Server succesfully shut down.
L 11/21/2019 - 16:10:40: [FAdmin] prop_physics(models/maxofs2d/companion_doll.mdl) Got removed
L 11/21/2019 - 16:10:40: [FAdmin] prop_physics(models/props_c17/furnituretable003a.mdl) Got removed
L 11/21/2019 - 16:10:40: [FAdmin] prop_physics(models/props_c17/furniturecouch002a.mdl) Got removed
L 11/21/2019 - 16:10:40: [FAdmin] prop_physics(models/props_c17/furniturecouch001a.mdl) Got removed
L 11/21/2019 - 16:10:40: "COMPLΞX<2><STEAM_0:0:105635721><>" disconnected (reason "Server shutting down")
L 11/21/2019 - 16:10:40: server_message: "quit"
L 11/21/2019 - 16:10:40: Log file closed.
