L 11/27/2019 - 04:54:57: Log file started (file "logs\L1127001.log") (game "D:\sup\steamapps\common\GarrysModDS\garrysmod") (version "7671")
L 11/27/2019 - 04:54:57: server_cvar: "sv_alltalk" "3"
L 11/27/2019 - 04:54:59: Connection to Steam servers successful.
L 11/27/2019 - 04:54:59:    Public IP is 31.130.42.47.
L 11/27/2019 - 04:54:59: Assigned anonymous gameserver Steam ID [A-1:1434719233(13686)].
L 11/27/2019 - 04:54:59: VAC secure mode is activated.
L 11/27/2019 - 04:56:48: "DidVaitel<2><STEAM_0:1:74202541><>" connected, address "31.130.42.47:27006"
L 11/27/2019 - 04:56:49: "DidVaitel<2><STEAM_0:1:74202541><>" STEAM USERID validated
L 11/27/2019 - 04:56:58: Lua Error: 
[ERROR] gamemodes/militaryrp/gamemode/core/player/sv_playerdata.lua:13: attempt to index global 'SQLModule' (a nil value)
  1. unknown - gamemodes/militaryrp/gamemode/core/player/sv_playerdata.lua:13
   2. UniqueID - [C]:-1
    3. echoToAdmins - addons/ulxulib/lua/ulx/log.lua:164
     4. fn - addons/ulxulib/lua/ulx/log.lua:202
      5. unknown - addons/ulxulib/lua/ulib/shared/hook.lua:109


L 11/27/2019 - 04:56:58: "DidVaitel<2><STEAM_0:1:74202541><>" entered the game
L 11/27/2019 - 04:58:48: Lua Error: Couldn't include file 'militaryrp\gamemode\config\sh_classes.lua' (File not found) (@gamemodes/militaryrp/gamemode/shared.lua (line 27))

L 11/27/2019 - 04:58:48: Lua Error: [AddCSLuaFile] Couldn't find 'militaryrp/gamemode/config/sh_classes.lua' (@gamemodes/militaryrp/gamemode/shared.lua (line 28))

L 11/27/2019 - 04:58:48: Lua Error: Couldn't include file 'militaryrp\gamemode\config\sh_donation.lua' (File not found) (@gamemodes/militaryrp/gamemode/shared.lua (line 27))

L 11/27/2019 - 04:58:48: Lua Error: [AddCSLuaFile] Couldn't find 'militaryrp/gamemode/config/sh_donation.lua' (@gamemodes/militaryrp/gamemode/shared.lua (line 28))

L 11/27/2019 - 04:58:48: Lua Error: Couldn't include file 'militaryrp\gamemode\config\sh_entities.lua' (File not found) (@gamemodes/militaryrp/gamemode/shared.lua (line 27))

L 11/27/2019 - 04:58:48: Lua Error: [AddCSLuaFile] Couldn't find 'militaryrp/gamemode/config/sh_entities.lua' (@gamemodes/militaryrp/gamemode/shared.lua (line 28))

L 11/27/2019 - 04:58:48: Lua Error: Couldn't include file 'militaryrp\gamemode\config\sh_classes.lua' (File not found) (@gamemodes/militaryrp/gamemode/shared.lua (line 27))

L 11/27/2019 - 04:58:48: Lua Error: [AddCSLuaFile] Couldn't find 'militaryrp/gamemode/config/sh_classes.lua' (@gamemodes/militaryrp/gamemode/shared.lua (line 28))

L 11/27/2019 - 04:58:48: Lua Error: Couldn't include file 'militaryrp\gamemode\config\sh_donation.lua' (File not found) (@gamemodes/militaryrp/gamemode/shared.lua (line 27))

L 11/27/2019 - 04:58:48: Lua Error: [AddCSLuaFile] Couldn't find 'militaryrp/gamemode/config/sh_donation.lua' (@gamemodes/militaryrp/gamemode/shared.lua (line 28))

L 11/27/2019 - 04:58:48: Lua Error: Couldn't include file 'militaryrp\gamemode\config\sh_entities.lua' (File not found) (@gamemodes/militaryrp/gamemode/shared.lua (line 27))

L 11/27/2019 - 04:58:48: Lua Error: [AddCSLuaFile] Couldn't find 'militaryrp/gamemode/config/sh_entities.lua' (@gamemodes/militaryrp/gamemode/shared.lua (line 28))

L 11/27/2019 - 04:58:52: "DidVaitel<2><STEAM_0:1:74202541><>" disconnected (reason "Server shutting down")
L 11/27/2019 - 04:58:52: server_message: "quit"
L 11/27/2019 - 04:58:52: Log file closed.
