L 11/22/2019 - 01:44:05: Log file started (file "logs\L1122004.log") (game "F:\sup\steamapps\common\GarrysModDS\garrysmod") (version "7671")
L 11/22/2019 - 01:44:05: server_cvar: "sv_alltalk" "3"
L 11/22/2019 - 01:44:05: server_cvar: "sv_allowcslua" "1"
L 11/22/2019 - 01:44:05: server_cvar: "sv_airaccelerate" "1000"
L 11/22/2019 - 01:44:05: server_cvar: "sv_alltalk" "0"
L 11/22/2019 - 01:44:07: Connection to Steam servers successful.
L 11/22/2019 - 01:44:07:    Public IP is 31.130.42.47.
L 11/22/2019 - 01:44:07: Assigned anonymous gameserver Steam ID [A-1:916274185(13660)].
L 11/22/2019 - 01:44:07: VAC secure mode is activated.
L 11/22/2019 - 01:44:10: "COMPLΞX<2><STEAM_0:0:105635721><>" connected, address "26.64.99.216:27006"
L 11/22/2019 - 01:44:10: "COMPLΞX<2><STEAM_0:0:105635721><>" STEAM USERID validated
L 11/22/2019 - 01:44:17: [FAdmin] COMPLΞX (STEAM_0:0:105635721) is Authed
L 11/22/2019 - 01:44:17: [FAdmin] COMPLΞX (STEAM_0:0:105635721) Spawned for the first time
L 11/22/2019 - 01:44:17: [FAdmin] COMPLΞX (STEAM_0:0:105635721) Spawned
L 11/22/2019 - 01:44:17: "COMPLΞX<2><STEAM_0:0:105635721><>" entered the game
L 11/22/2019 - 01:44:17: [FAdmin] COMPLΞX (STEAM_0:0:105635721) Attempted to pick up a keys
L 11/22/2019 - 01:44:17: [FAdmin] COMPLΞX (STEAM_0:0:105635721) Attempted to pick up a weapon_physcannon
L 11/22/2019 - 01:44:17: [FAdmin] COMPLΞX (STEAM_0:0:105635721) Attempted to pick up a gmod_camera
L 11/22/2019 - 01:44:17: [FAdmin] COMPLΞX (STEAM_0:0:105635721) Attempted to pick up a gmod_tool
L 11/22/2019 - 01:44:17: [FAdmin] COMPLΞX (STEAM_0:0:105635721) Attempted to pick up a pocket
L 11/22/2019 - 01:44:17: [FAdmin] COMPLΞX (STEAM_0:0:105635721) Attempted to pick up a weapon_physgun
L 11/22/2019 - 01:44:17: [FAdmin] COMPLΞX (STEAM_0:0:105635721) Attempted to pick up a weapon_keypadchecker
L 11/22/2019 - 01:44:17: [FAdmin] COMPLΞX (STEAM_0:0:105635721) Attempted to pick up a door_ram
L 11/22/2019 - 01:44:17: [FAdmin] COMPLΞX (STEAM_0:0:105635721) Attempted to pick up a arrest_stick
L 11/22/2019 - 01:44:17: [FAdmin] COMPLΞX (STEAM_0:0:105635721) Attempted to pick up a unarrest_stick
L 11/22/2019 - 01:44:17: [FAdmin] COMPLΞX (STEAM_0:0:105635721) Attempted to pick up a stunstick
L 11/22/2019 - 01:44:17: [FAdmin] COMPLΞX (STEAM_0:0:105635721) Attempted to pick up a weaponchecker
L 11/22/2019 - 01:44:35: [FAdmin] COMPLΞX (STEAM_0:0:105635721) Attempted to use tool complex_employer_tool
L 11/22/2019 - 01:44:36: [FAdmin] COMPLΞX (STEAM_0:0:105635721) Attempted to use tool complex_employer_tool
L 11/22/2019 - 01:44:39: [FAdmin] COMPLΞX (STEAM_0:0:105635721) Attempted to use tool complex_employer_tool
L 11/22/2019 - 01:44:41: [FAdmin] COMPLΞX (STEAM_0:0:105635721) Attempted to use tool complex_employer_tool
L 11/22/2019 - 01:44:41: Lua Error: 
[ERROR] addons/complex_employer/lua/complex-employer/core/sv_core.lua:96: attempt to call method 'GetEntIndex' (a nil value)
  1. SaveNPC - addons/complex_employer/lua/complex-employer/core/sv_core.lua:96
   2. LeftClick - addons/complex_employer/lua/weapons/gmod_tool/stools/complex_employer_tool.lua:41
    3. unknown - gamemodes/sandbox/entities/weapons/gmod_tool/shared.lua:240


L 11/22/2019 - 01:45:32: [FAdmin] Server succesfully shut down.
L 11/22/2019 - 01:45:32: [FAdmin] prop_physics(models/maxofs2d/companion_doll.mdl) Got removed
L 11/22/2019 - 01:45:32: [FAdmin] prop_physics(models/props_c17/furnituretable003a.mdl) Got removed
L 11/22/2019 - 01:45:32: [FAdmin] prop_physics(models/props_c17/furniturecouch002a.mdl) Got removed
L 11/22/2019 - 01:45:32: [FAdmin] prop_physics(models/props_c17/furniturecouch001a.mdl) Got removed
L 11/22/2019 - 01:45:32: "COMPLΞX<2><STEAM_0:0:105635721><>" disconnected (reason "Server shutting down")
L 11/22/2019 - 01:45:32: server_message: "quit"
L 11/22/2019 - 01:45:32: Log file closed.
