L 11/22/2019 - 18:35:59: Log file started (file "logs\L1122006.log") (game "F:\sup\steamapps\common\GarrysModDS\garrysmod") (version "7671")
L 11/22/2019 - 18:35:59: server_cvar: "sv_alltalk" "3"
L 11/22/2019 - 18:35:59: server_cvar: "sv_allowcslua" "1"
L 11/22/2019 - 18:35:59: server_cvar: "sv_airaccelerate" "1000"
L 11/22/2019 - 18:35:59: server_cvar: "sv_alltalk" "0"
L 11/22/2019 - 18:36:00: Connection to Steam servers successful.
L 11/22/2019 - 18:36:00:    Public IP is 31.130.42.47.
L 11/22/2019 - 18:36:00: Assigned anonymous gameserver Steam ID [A-1:2844284929(13663)].
L 11/22/2019 - 18:36:00: VAC secure mode is activated.
L 11/22/2019 - 18:40:23: "COMPLΞX<2><STEAM_0:0:105635721><>" connected, address "26.64.99.216:27006"
L 11/22/2019 - 18:40:23: "COMPLΞX<2><STEAM_0:0:105635721><>" STEAM USERID validated
L 11/22/2019 - 18:40:38: [FAdmin] COMPLΞX (STEAM_0:0:105635721) is Authed
L 11/22/2019 - 18:40:38: [FAdmin] COMPLΞX (STEAM_0:0:105635721) Spawned for the first time
L 11/22/2019 - 18:40:38: [FAdmin] COMPLΞX (STEAM_0:0:105635721) Spawned
L 11/22/2019 - 18:40:38: "COMPLΞX<2><STEAM_0:0:105635721><>" entered the game
L 11/22/2019 - 18:40:38: [FAdmin] COMPLΞX (STEAM_0:0:105635721) Attempted to pick up a keys
L 11/22/2019 - 18:40:38: [FAdmin] COMPLΞX (STEAM_0:0:105635721) Attempted to pick up a weapon_physcannon
L 11/22/2019 - 18:40:38: [FAdmin] COMPLΞX (STEAM_0:0:105635721) Attempted to pick up a gmod_camera
L 11/22/2019 - 18:40:38: [FAdmin] COMPLΞX (STEAM_0:0:105635721) Attempted to pick up a gmod_tool
L 11/22/2019 - 18:40:38: [FAdmin] COMPLΞX (STEAM_0:0:105635721) Attempted to pick up a pocket
L 11/22/2019 - 18:40:38: [FAdmin] COMPLΞX (STEAM_0:0:105635721) Attempted to pick up a weapon_physgun
L 11/22/2019 - 18:40:38: [FAdmin] COMPLΞX (STEAM_0:0:105635721) Attempted to pick up a weapon_keypadchecker
L 11/22/2019 - 18:40:38: [FAdmin] COMPLΞX (STEAM_0:0:105635721) Attempted to pick up a door_ram
L 11/22/2019 - 18:40:38: [FAdmin] COMPLΞX (STEAM_0:0:105635721) Attempted to pick up a arrest_stick
L 11/22/2019 - 18:40:38: [FAdmin] COMPLΞX (STEAM_0:0:105635721) Attempted to pick up a unarrest_stick
L 11/22/2019 - 18:40:38: [FAdmin] COMPLΞX (STEAM_0:0:105635721) Attempted to pick up a stunstick
L 11/22/2019 - 18:40:38: [FAdmin] COMPLΞX (STEAM_0:0:105635721) Attempted to pick up a weaponchecker
L 11/22/2019 - 18:40:48: [FAdmin] COMPLΞX (STEAM_0:0:105635721) Attempted to switch noclip
L 11/22/2019 - 18:40:48: [FAdmin] COMPLΞX (STEAM_0:0:105635721) Attempted to switch noclip
L 11/22/2019 - 18:41:59: [FAdmin] COMPLΞX (STEAM_0:0:105635721) Attempted to use tool complex_employer_tool
L 11/22/2019 - 18:41:59: [FAdmin] COMPLΞX (STEAM_0:0:105635721) Attempted to use tool complex_employer_tool
L 11/22/2019 - 18:42:00: [FAdmin] COMPLΞX (STEAM_0:0:105635721) Attempted to use tool complex_employer_tool
L 11/22/2019 - 18:42:00: [FAdmin] COMPLΞX (STEAM_0:0:105635721) Attempted to use tool complex_employer_tool
L 11/22/2019 - 18:42:00: [FAdmin] COMPLΞX (STEAM_0:0:105635721) Attempted to use tool complex_employer_tool
L 11/22/2019 - 18:42:00: [FAdmin] COMPLΞX (STEAM_0:0:105635721) Attempted to use tool complex_employer_tool
L 11/22/2019 - 18:42:03: [FAdmin] COMPLΞX (STEAM_0:0:105635721) Attempted to use tool complex_employer_tool
L 11/22/2019 - 18:42:03: Lua Error: 
[ERROR] lua/includes/extensions/table.lua:60: bad argument #1 to 'next' (table expected, got nil)
  1. next - [C]:-1
   2. IsEmpty - lua/includes/extensions/table.lua:60
    3. LeftClick - addons/complex_employer/lua/weapons/gmod_tool/stools/complex_employer_tool.lua:30
     4. unknown - gamemodes/sandbox/entities/weapons/gmod_tool/shared.lua:240


L 11/22/2019 - 18:42:12: [FAdmin] COMPLΞX (STEAM_0:0:105635721) Attempted to use tool complex_employer_tool
L 11/22/2019 - 18:42:14: [FAdmin] COMPLΞX (STEAM_0:0:105635721) Attempted to use tool complex_employer_tool
L 11/22/2019 - 18:42:16: [FAdmin] COMPLΞX (STEAM_0:0:105635721) Attempted to use tool complex_employer_tool
L 11/22/2019 - 18:42:25: [FAdmin] COMPLΞX (STEAM_0:0:105635721) Attempted to use tool complex_employer_tool
L 11/22/2019 - 18:42:25: [FAdmin] COMPLΞX (STEAM_0:0:105635721) Attempted to use tool complex_employer_tool
L 11/22/2019 - 18:42:36: [FAdmin] COMPLΞX (STEAM_0:0:105635721) Attempted to use tool complex_employer_tool
L 11/22/2019 - 18:42:37: [FAdmin] COMPLΞX (STEAM_0:0:105635721) Attempted to use tool complex_employer_tool
L 11/22/2019 - 18:42:38: [FAdmin] COMPLΞX (STEAM_0:0:105635721) Attempted to use tool complex_employer_tool
L 11/22/2019 - 19:05:36: [FAdmin] COMPLΞX (STEAM_0:0:105635721) changed from Citizen to Gangster
L 11/22/2019 - 19:05:36: [FAdmin] COMPLΞX (STEAM_0:0:105635721) Attempted to pick up a keys
L 11/22/2019 - 19:05:36: [FAdmin] COMPLΞX (STEAM_0:0:105635721) Attempted to pick up a weapon_physcannon
L 11/22/2019 - 19:05:36: [FAdmin] COMPLΞX (STEAM_0:0:105635721) Attempted to pick up a gmod_camera
L 11/22/2019 - 19:05:36: [FAdmin] COMPLΞX (STEAM_0:0:105635721) Attempted to pick up a gmod_tool
L 11/22/2019 - 19:05:36: [FAdmin] COMPLΞX (STEAM_0:0:105635721) Attempted to pick up a pocket
L 11/22/2019 - 19:05:36: [FAdmin] COMPLΞX (STEAM_0:0:105635721) Attempted to pick up a weapon_physgun
L 11/22/2019 - 19:05:36: [FAdmin] COMPLΞX (STEAM_0:0:105635721) Attempted to pick up a weapon_keypadchecker
L 11/22/2019 - 19:05:36: [FAdmin] COMPLΞX (STEAM_0:0:105635721) Attempted to pick up a door_ram
L 11/22/2019 - 19:05:36: [FAdmin] COMPLΞX (STEAM_0:0:105635721) Attempted to pick up a arrest_stick
L 11/22/2019 - 19:05:36: [FAdmin] COMPLΞX (STEAM_0:0:105635721) Attempted to pick up a unarrest_stick
L 11/22/2019 - 19:05:36: [FAdmin] COMPLΞX (STEAM_0:0:105635721) Attempted to pick up a stunstick
L 11/22/2019 - 19:05:36: [FAdmin] COMPLΞX (STEAM_0:0:105635721) Attempted to pick up a weaponchecker
L 11/22/2019 - 19:06:14: [FAdmin] COMPLΞX (STEAM_0:0:105635721) Attempted to use tool complex_employer_tool
L 11/22/2019 - 19:06:17: [FAdmin] COMPLΞX (STEAM_0:0:105635721) Attempted to use tool complex_employer_tool
L 11/22/2019 - 19:06:18: [FAdmin] COMPLΞX (STEAM_0:0:105635721) Attempted to use tool complex_employer_tool
L 11/22/2019 - 19:06:32: "COMPLΞX<2><STEAM_0:0:105635721><>" disconnected (reason "Disconnect by user.")
L 11/22/2019 - 19:06:32: [FAdmin] COMPLΞX (STEAM_0:0:105635721) Disconnected
L 11/22/2019 - 19:06:32: "COMPLΞX<3><STEAM_0:0:105635721><>" connected, address "26.64.99.216:27006"
L 11/22/2019 - 19:06:33: "COMPLΞX<3><STEAM_0:0:105635721><>" STEAM USERID validated
L 11/22/2019 - 19:06:40: [FAdmin] COMPLΞX (STEAM_0:0:105635721) is Authed
L 11/22/2019 - 19:06:40: [FAdmin] COMPLΞX (STEAM_0:0:105635721) Spawned for the first time
L 11/22/2019 - 19:06:40: [FAdmin] COMPLΞX (STEAM_0:0:105635721) Spawned
L 11/22/2019 - 19:06:40: "COMPLΞX<3><STEAM_0:0:105635721><>" entered the game
L 11/22/2019 - 19:06:40: [FAdmin] COMPLΞX (STEAM_0:0:105635721) Attempted to pick up a keys
L 11/22/2019 - 19:06:40: [FAdmin] COMPLΞX (STEAM_0:0:105635721) Attempted to pick up a weapon_physcannon
L 11/22/2019 - 19:06:40: [FAdmin] COMPLΞX (STEAM_0:0:105635721) Attempted to pick up a gmod_camera
L 11/22/2019 - 19:06:40: [FAdmin] COMPLΞX (STEAM_0:0:105635721) Attempted to pick up a gmod_tool
L 11/22/2019 - 19:06:40: [FAdmin] COMPLΞX (STEAM_0:0:105635721) Attempted to pick up a pocket
L 11/22/2019 - 19:06:40: [FAdmin] COMPLΞX (STEAM_0:0:105635721) Attempted to pick up a weapon_physgun
L 11/22/2019 - 19:06:40: [FAdmin] COMPLΞX (STEAM_0:0:105635721) Attempted to pick up a weapon_keypadchecker
L 11/22/2019 - 19:06:40: [FAdmin] COMPLΞX (STEAM_0:0:105635721) Attempted to pick up a door_ram
L 11/22/2019 - 19:06:40: [FAdmin] COMPLΞX (STEAM_0:0:105635721) Attempted to pick up a arrest_stick
L 11/22/2019 - 19:06:40: [FAdmin] COMPLΞX (STEAM_0:0:105635721) Attempted to pick up a unarrest_stick
L 11/22/2019 - 19:06:40: [FAdmin] COMPLΞX (STEAM_0:0:105635721) Attempted to pick up a stunstick
L 11/22/2019 - 19:06:40: [FAdmin] COMPLΞX (STEAM_0:0:105635721) Attempted to pick up a weaponchecker
L 11/22/2019 - 19:07:08: [FAdmin] COMPLΞX (STEAM_0:0:105635721) Attempted to switch noclip
L 11/22/2019 - 19:07:09: [FAdmin] COMPLΞX (STEAM_0:0:105635721) Attempted to switch noclip
L 11/22/2019 - 19:07:14: [FAdmin] COMPLΞX (STEAM_0:0:105635721) changed from Citizen to Hobo
L 11/22/2019 - 19:07:14: [FAdmin] COMPLΞX (STEAM_0:0:105635721) Attempted to pick up a ls_sniper
L 11/22/2019 - 19:07:14: [FAdmin] COMPLΞX (STEAM_0:0:105635721) Attempted to pick up a keys
L 11/22/2019 - 19:07:14: [FAdmin] COMPLΞX (STEAM_0:0:105635721) Attempted to pick up a weapon_physcannon
L 11/22/2019 - 19:07:14: [FAdmin] COMPLΞX (STEAM_0:0:105635721) Attempted to pick up a gmod_camera
L 11/22/2019 - 19:07:14: [FAdmin] COMPLΞX (STEAM_0:0:105635721) Attempted to pick up a gmod_tool
L 11/22/2019 - 19:07:14: [FAdmin] COMPLΞX (STEAM_0:0:105635721) Attempted to pick up a pocket
L 11/22/2019 - 19:07:14: [FAdmin] COMPLΞX (STEAM_0:0:105635721) Attempted to pick up a weapon_physgun
L 11/22/2019 - 19:07:14: [FAdmin] COMPLΞX (STEAM_0:0:105635721) Attempted to pick up a weapon_keypadchecker
L 11/22/2019 - 19:07:14: [FAdmin] COMPLΞX (STEAM_0:0:105635721) Attempted to pick up a door_ram
L 11/22/2019 - 19:07:14: [FAdmin] COMPLΞX (STEAM_0:0:105635721) Attempted to pick up a arrest_stick
L 11/22/2019 - 19:07:14: [FAdmin] COMPLΞX (STEAM_0:0:105635721) Attempted to pick up a unarrest_stick
L 11/22/2019 - 19:07:14: [FAdmin] COMPLΞX (STEAM_0:0:105635721) Attempted to pick up a stunstick
L 11/22/2019 - 19:07:14: [FAdmin] COMPLΞX (STEAM_0:0:105635721) Attempted to pick up a weaponchecker
L 11/22/2019 - 19:07:50: [FAdmin] COMPLΞX (STEAM_0:0:105635721) Attempted to switch noclip
L 11/22/2019 - 19:07:51: [FAdmin] COMPLΞX (STEAM_0:0:105635721) Attempted to switch noclip
L 11/22/2019 - 19:07:51: [FAdmin] COMPLΞX (STEAM_0:0:105635721) Attempted to use tool complex_employer_tool
L 11/22/2019 - 19:07:54: [FAdmin] COMPLΞX (STEAM_0:0:105635721) Attempted to use tool complex_employer_tool
L 11/22/2019 - 19:07:55: [FAdmin] COMPLΞX (STEAM_0:0:105635721) Attempted to use tool complex_employer_tool
L 11/22/2019 - 19:07:58: [FAdmin] COMPLΞX (STEAM_0:0:105635721) Attempted to use tool complex_employer_tool
L 11/22/2019 - 19:08:00: [FAdmin] COMPLΞX (STEAM_0:0:105635721) Attempted to switch noclip
L 11/22/2019 - 19:08:01: [FAdmin] COMPLΞX (STEAM_0:0:105635721) Attempted to use tool complex_employer_tool
L 11/22/2019 - 19:08:05: [FAdmin] Server succesfully shut down.
L 11/22/2019 - 19:08:05: [FAdmin] prop_physics(models/maxofs2d/companion_doll.mdl) Got removed
L 11/22/2019 - 19:08:05: [FAdmin] prop_physics(models/props_c17/furnituretable003a.mdl) Got removed
L 11/22/2019 - 19:08:05: [FAdmin] prop_physics(models/props_c17/furniturecouch002a.mdl) Got removed
L 11/22/2019 - 19:08:05: [FAdmin] prop_physics(models/props_c17/furniturecouch001a.mdl) Got removed
L 11/22/2019 - 19:08:05: "COMPLΞX<3><STEAM_0:0:105635721><>" disconnected (reason "Server shutting down")
L 11/22/2019 - 19:08:05: server_message: "quit"
L 11/22/2019 - 19:08:05: Log file closed.
