L 11/21/2019 - 23:52:22: Log file started (file "logs\L1121008.log") (game "F:\sup\steamapps\common\GarrysModDS\garrysmod") (version "7671")
L 11/21/2019 - 23:52:22: server_cvar: "sv_alltalk" "3"
L 11/21/2019 - 23:52:22: server_cvar: "sv_allowcslua" "1"
L 11/21/2019 - 23:52:22: server_cvar: "sv_airaccelerate" "1000"
L 11/21/2019 - 23:52:22: server_cvar: "sv_alltalk" "0"
L 11/21/2019 - 23:52:23: Connection to Steam servers successful.
L 11/21/2019 - 23:52:23:    Public IP is 31.130.42.47.
L 11/21/2019 - 23:52:23: Assigned anonymous gameserver Steam ID [A-1:3770963977(13659)].
L 11/21/2019 - 23:52:23: VAC secure mode is activated.
L 11/21/2019 - 23:52:45: "COMPLΞX<2><STEAM_0:0:105635721><>" connected, address "26.64.99.216:27006"
L 11/21/2019 - 23:52:46: "COMPLΞX<2><STEAM_0:0:105635721><>" STEAM USERID validated
L 11/21/2019 - 23:52:53: [FAdmin] COMPLΞX (STEAM_0:0:105635721) is Authed
L 11/21/2019 - 23:52:53: [FAdmin] COMPLΞX (STEAM_0:0:105635721) Spawned for the first time
L 11/21/2019 - 23:52:53: [FAdmin] COMPLΞX (STEAM_0:0:105635721) Spawned
L 11/21/2019 - 23:52:53: "COMPLΞX<2><STEAM_0:0:105635721><>" entered the game
L 11/21/2019 - 23:52:53: [FAdmin] COMPLΞX (STEAM_0:0:105635721) Attempted to pick up a keys
L 11/21/2019 - 23:52:53: [FAdmin] COMPLΞX (STEAM_0:0:105635721) Attempted to pick up a weapon_physcannon
L 11/21/2019 - 23:52:53: [FAdmin] COMPLΞX (STEAM_0:0:105635721) Attempted to pick up a gmod_camera
L 11/21/2019 - 23:52:53: [FAdmin] COMPLΞX (STEAM_0:0:105635721) Attempted to pick up a gmod_tool
L 11/21/2019 - 23:52:53: [FAdmin] COMPLΞX (STEAM_0:0:105635721) Attempted to pick up a pocket
L 11/21/2019 - 23:52:53: [FAdmin] COMPLΞX (STEAM_0:0:105635721) Attempted to pick up a weapon_physgun
L 11/21/2019 - 23:52:53: [FAdmin] COMPLΞX (STEAM_0:0:105635721) Attempted to pick up a weapon_keypadchecker
L 11/21/2019 - 23:52:53: [FAdmin] COMPLΞX (STEAM_0:0:105635721) Attempted to pick up a door_ram
L 11/21/2019 - 23:52:53: [FAdmin] COMPLΞX (STEAM_0:0:105635721) Attempted to pick up a arrest_stick
L 11/21/2019 - 23:52:53: [FAdmin] COMPLΞX (STEAM_0:0:105635721) Attempted to pick up a unarrest_stick
L 11/21/2019 - 23:52:53: [FAdmin] COMPLΞX (STEAM_0:0:105635721) Attempted to pick up a stunstick
L 11/21/2019 - 23:52:53: [FAdmin] COMPLΞX (STEAM_0:0:105635721) Attempted to pick up a weaponchecker
L 11/21/2019 - 23:53:01: [FAdmin] COMPLΞX (STEAM_0:0:105635721) Spawned a complex_employer
L 11/21/2019 - 23:53:01: [ULX] COMPLΞX<STEAM_0:0:105635721> spawned sent complex_employer
L 11/21/2019 - 23:53:13: [FAdmin] COMPLΞX (STEAM_0:0:105635721) changed from Citizen to Medic
L 11/21/2019 - 23:53:13: [FAdmin] COMPLΞX (STEAM_0:0:105635721) Attempted to pick up a med_kit
L 11/21/2019 - 23:53:13: [FAdmin] COMPLΞX (STEAM_0:0:105635721) Attempted to pick up a keys
L 11/21/2019 - 23:53:13: [FAdmin] COMPLΞX (STEAM_0:0:105635721) Attempted to pick up a weapon_physcannon
L 11/21/2019 - 23:53:13: [FAdmin] COMPLΞX (STEAM_0:0:105635721) Attempted to pick up a gmod_camera
L 11/21/2019 - 23:53:13: [FAdmin] COMPLΞX (STEAM_0:0:105635721) Attempted to pick up a gmod_tool
L 11/21/2019 - 23:53:13: [FAdmin] COMPLΞX (STEAM_0:0:105635721) Attempted to pick up a pocket
L 11/21/2019 - 23:53:13: [FAdmin] COMPLΞX (STEAM_0:0:105635721) Attempted to pick up a weapon_physgun
L 11/21/2019 - 23:53:13: [FAdmin] COMPLΞX (STEAM_0:0:105635721) Attempted to pick up a weapon_keypadchecker
L 11/21/2019 - 23:53:13: [FAdmin] COMPLΞX (STEAM_0:0:105635721) Attempted to pick up a door_ram
L 11/21/2019 - 23:53:13: [FAdmin] COMPLΞX (STEAM_0:0:105635721) Attempted to pick up a arrest_stick
L 11/21/2019 - 23:53:13: [FAdmin] COMPLΞX (STEAM_0:0:105635721) Attempted to pick up a unarrest_stick
L 11/21/2019 - 23:53:13: [FAdmin] COMPLΞX (STEAM_0:0:105635721) Attempted to pick up a stunstick
L 11/21/2019 - 23:53:13: [FAdmin] COMPLΞX (STEAM_0:0:105635721) Attempted to pick up a weaponchecker
L 11/22/2019 - 00:00:42: [FAdmin] COMPLΞX (STEAM_0:0:105635721) Spawned a complex_employer
L 11/22/2019 - 00:00:42: [ULX] COMPLΞX<STEAM_0:0:105635721> spawned sent complex_employer
L 11/22/2019 - 00:01:06: "COMPLΞX<2><STEAM_0:0:105635721><>" disconnected (reason "Disconnect by user.")
L 11/22/2019 - 00:01:06: [FAdmin] COMPLΞX (STEAM_0:0:105635721) Disconnected
L 11/22/2019 - 00:01:07: "COMPLΞX<3><STEAM_0:0:105635721><>" connected, address "26.64.99.216:27006"
L 11/22/2019 - 00:01:07: "COMPLΞX<3><STEAM_0:0:105635721><>" STEAM USERID validated
L 11/22/2019 - 00:01:15: [FAdmin] COMPLΞX (STEAM_0:0:105635721) is Authed
L 11/22/2019 - 00:01:15: [FAdmin] COMPLΞX (STEAM_0:0:105635721) Spawned for the first time
L 11/22/2019 - 00:01:15: [FAdmin] COMPLΞX (STEAM_0:0:105635721) Spawned
L 11/22/2019 - 00:01:15: "COMPLΞX<3><STEAM_0:0:105635721><>" entered the game
L 11/22/2019 - 00:01:15: [FAdmin] COMPLΞX (STEAM_0:0:105635721) Attempted to pick up a keys
L 11/22/2019 - 00:01:15: [FAdmin] COMPLΞX (STEAM_0:0:105635721) Attempted to pick up a weapon_physcannon
L 11/22/2019 - 00:01:15: [FAdmin] COMPLΞX (STEAM_0:0:105635721) Attempted to pick up a gmod_camera
L 11/22/2019 - 00:01:15: [FAdmin] COMPLΞX (STEAM_0:0:105635721) Attempted to pick up a gmod_tool
L 11/22/2019 - 00:01:15: [FAdmin] COMPLΞX (STEAM_0:0:105635721) Attempted to pick up a pocket
L 11/22/2019 - 00:01:15: [FAdmin] COMPLΞX (STEAM_0:0:105635721) Attempted to pick up a weapon_physgun
L 11/22/2019 - 00:01:15: [FAdmin] COMPLΞX (STEAM_0:0:105635721) Attempted to pick up a weapon_keypadchecker
L 11/22/2019 - 00:01:15: [FAdmin] COMPLΞX (STEAM_0:0:105635721) Attempted to pick up a door_ram
L 11/22/2019 - 00:01:15: [FAdmin] COMPLΞX (STEAM_0:0:105635721) Attempted to pick up a arrest_stick
L 11/22/2019 - 00:01:15: [FAdmin] COMPLΞX (STEAM_0:0:105635721) Attempted to pick up a unarrest_stick
L 11/22/2019 - 00:01:15: [FAdmin] COMPLΞX (STEAM_0:0:105635721) Attempted to pick up a stunstick
L 11/22/2019 - 00:01:15: [FAdmin] COMPLΞX (STEAM_0:0:105635721) Attempted to pick up a weaponchecker
L 11/22/2019 - 00:01:56: [FAdmin] Server succesfully shut down.
L 11/22/2019 - 00:01:56: [FAdmin] prop_physics(models/maxofs2d/companion_doll.mdl) Got removed
L 11/22/2019 - 00:01:56: [FAdmin] prop_physics(models/props_c17/furnituretable003a.mdl) Got removed
L 11/22/2019 - 00:01:56: [FAdmin] prop_physics(models/props_c17/furniturecouch002a.mdl) Got removed
L 11/22/2019 - 00:01:56: [FAdmin] prop_physics(models/props_c17/furniturecouch001a.mdl) Got removed
L 11/22/2019 - 00:01:56: "COMPLΞX<3><STEAM_0:0:105635721><>" disconnected (reason "Server shutting down")
L 11/22/2019 - 00:01:56: server_message: "quit"
L 11/22/2019 - 00:01:56: Log file closed.
