L 11/23/2018 - 17:26:13: Log file started (file "logs\L1123002.log") (game "F:\sup\steamapps\common\GarrysModDS\garrysmod") (version "7270")
L 11/23/2018 - 17:26:13: server_cvar: "sv_alltalk" "3"
L 11/23/2018 - 17:26:13: server_cvar: "sv_allowcslua" "1"
L 11/23/2018 - 17:26:13: server_cvar: "sv_airaccelerate" "1000"
L 11/23/2018 - 17:26:13: server_cvar: "sv_alltalk" "0"
L 11/23/2018 - 17:26:14: Connection to Steam servers successful.
L 11/23/2018 - 17:26:14:    Public IP is 31.130.42.81.
L 11/23/2018 - 17:26:14: Assigned anonymous gameserver Steam ID [A-1:3535682567(11443)].
L 11/23/2018 - 17:26:14: VAC secure mode is activated.
L 11/23/2018 - 17:26:22: "DidVaitel<2><STEAM_0:1:74202541><>" connected, address "192.168.1.102:27006"
L 11/23/2018 - 17:26:23: "DidVaitel<2><STEAM_0:1:74202541><>" STEAM USERID validated
L 11/23/2018 - 17:26:37: [FAdmin] DidVaitel (STEAM_0:1:74202541) is Authed
L 11/23/2018 - 17:26:37: [FAdmin] DidVaitel (STEAM_0:1:74202541) Spawned for the first time
L 11/23/2018 - 17:26:37: [FAdmin] DidVaitel (STEAM_0:1:74202541) Spawned
L 11/23/2018 - 17:26:38: "DidVaitel<2><STEAM_0:1:74202541><>" entered the game
L 11/23/2018 - 17:26:38: [FAdmin] DidVaitel (STEAM_0:1:74202541) Attempted to pick up a keys
L 11/23/2018 - 17:26:38: [FAdmin] DidVaitel (STEAM_0:1:74202541) Attempted to pick up a weapon_physcannon
L 11/23/2018 - 17:26:38: [FAdmin] DidVaitel (STEAM_0:1:74202541) Attempted to pick up a gmod_camera
L 11/23/2018 - 17:26:38: [FAdmin] DidVaitel (STEAM_0:1:74202541) Attempted to pick up a gmod_tool
L 11/23/2018 - 17:26:38: [FAdmin] DidVaitel (STEAM_0:1:74202541) Attempted to pick up a pocket
L 11/23/2018 - 17:26:38: [FAdmin] DidVaitel (STEAM_0:1:74202541) Attempted to pick up a weapon_physgun
L 11/23/2018 - 17:26:38: [FAdmin] DidVaitel (STEAM_0:1:74202541) Attempted to pick up a weapon_keypadchecker
L 11/23/2018 - 17:26:38: [FAdmin] DidVaitel (STEAM_0:1:74202541) Attempted to pick up a door_ram
L 11/23/2018 - 17:26:38: [FAdmin] DidVaitel (STEAM_0:1:74202541) Attempted to pick up a arrest_stick
L 11/23/2018 - 17:26:38: [FAdmin] DidVaitel (STEAM_0:1:74202541) Attempted to pick up a unarrest_stick
L 11/23/2018 - 17:26:38: [FAdmin] DidVaitel (STEAM_0:1:74202541) Attempted to pick up a stunstick
L 11/23/2018 - 17:26:38: [FAdmin] DidVaitel (STEAM_0:1:74202541) Attempted to pick up a weaponchecker
L 11/23/2018 - 17:29:41: [FAdmin] Server succesfully shut down.
L 11/23/2018 - 17:29:41: [FAdmin] prop_physics(models/props/de_nuke/handtruck.mdl) Got removed
L 11/23/2018 - 17:29:41: [FAdmin] prop_physics(models/props_c17/door01_left.mdl) Got removed
L 11/23/2018 - 17:29:41: [FAdmin] prop_physics(models/props_c17/door01_left.mdl) Got removed
L 11/23/2018 - 17:29:41: [FAdmin] prop_physics(models/props_c17/door01_left.mdl) Got removed
L 11/23/2018 - 17:29:41: [FAdmin] prop_physics(models/props_c17/door01_left.mdl) Got removed
L 11/23/2018 - 17:29:41: [FAdmin] prop_physics(models/props_c17/door01_left.mdl) Got removed
L 11/23/2018 - 17:29:41: [FAdmin] prop_physics(models/props_c17/door01_left.mdl) Got removed
L 11/23/2018 - 17:29:41: [FAdmin] prop_physics(models/props_junk/pushcart01a.mdl) Got removed
L 11/23/2018 - 17:29:41: [FAdmin] prop_physics(models/props/de_nuke/handtruck.mdl) Got removed
L 11/23/2018 - 17:29:41: [FAdmin] prop_physics(models/props_c17/door01_left.mdl) Got removed
L 11/23/2018 - 17:29:41: [FAdmin] prop_physics(models/props_c17/door01_left.mdl) Got removed
L 11/23/2018 - 17:29:41: [FAdmin] prop_physics(models/props_junk/wood_crate001a_damaged.mdl) Got removed
L 11/23/2018 - 17:29:41: [FAdmin] prop_physics(models/props_junk/wood_crate001a_damaged.mdl) Got removed
L 11/23/2018 - 17:29:41: [FAdmin] prop_physics(models/props_junk/wood_crate001a_damaged.mdl) Got removed
L 11/23/2018 - 17:29:41: [FAdmin] prop_physics(models/props_junk/wood_crate001a_damaged.mdl) Got removed
L 11/23/2018 - 17:29:41: [FAdmin] prop_physics(models/props_junk/wood_crate001a_damaged.mdl) Got removed
L 11/23/2018 - 17:29:41: "DidVaitel<2><STEAM_0:1:74202541><>" disconnected (reason "Server shutting down")
L 11/23/2018 - 17:29:41: server_message: "quit"
L 11/23/2018 - 17:29:41: Log file closed.
