L 11/27/2019 - 18:25:36: Log file started (file "logs\L1127006.log") (game "D:\sup\steamapps\common\GarrysModDS\garrysmod") (version "7671")
L 11/27/2019 - 18:25:36: server_cvar: "sv_alltalk" "3"
L 11/27/2019 - 18:25:37: Connection to Steam servers successful.
L 11/27/2019 - 18:25:37:    Public IP is 31.130.42.47.
L 11/27/2019 - 18:25:37: Assigned anonymous gameserver Steam ID [A-1:1302961153(13690)].
L 11/27/2019 - 18:25:37: VAC secure mode is activated.
L 11/27/2019 - 18:31:12: Connection to Steam servers lost.  (Result = 3)
L 11/27/2019 - 18:31:26: Connection to Steam servers successful.
L 11/27/2019 - 18:31:26:    Public IP is 31.130.42.47.
L 11/27/2019 - 18:31:26: Assigned anonymous gameserver Steam ID [A-1:1302961153(13690)].
L 11/27/2019 - 18:31:27: VAC secure mode is activated.
L 11/27/2019 - 19:01:13: Connection to Steam servers lost.  (Result = 3)
L 11/27/2019 - 19:01:14: Connection to Steam servers successful.
L 11/27/2019 - 19:01:14:    Public IP is 185.253.97.139.
L 11/27/2019 - 19:01:14: Assigned anonymous gameserver Steam ID [A-1:1302961153(13690)].
L 11/27/2019 - 19:01:14: VAC secure mode is activated.
L 11/27/2019 - 19:01:48: Connection to Steam servers lost.  (Result = 3)
L 11/27/2019 - 19:02:04: Connection to Steam servers successful.
L 11/27/2019 - 19:02:04:    Public IP is 31.130.42.47.
L 11/27/2019 - 19:02:04: Assigned anonymous gameserver Steam ID [A-1:1302961153(13690)].
L 11/27/2019 - 19:02:05: VAC secure mode is activated.
L 11/27/2019 - 19:58:32: server_message: "quit"
L 11/27/2019 - 19:58:32: Log file closed.
