L 11/22/2019 - 01:26:53: Log file started (file "logs\L1122002.log") (game "F:\sup\steamapps\common\GarrysModDS\garrysmod") (version "7671")
L 11/22/2019 - 01:26:53: server_cvar: "sv_alltalk" "3"
L 11/22/2019 - 01:26:53: Lua Error: 
[ERROR] addons/complex_employer/lua/complex-employer/core/sv_core.lua:11: bad argument #2 to 'Exists' (string expected, got no value)
  1. Exists - [C]:-1
   2. fn - addons/complex_employer/lua/complex-employer/core/sv_core.lua:11
    3. Call - addons/ulxulib/lua/ulib/shared/hook.lua:109
     4. callback - gamemodes/darkrp/gamemode/modules/base/sv_data.lua:190
      5. onFinish - gamemodes/darkrp/gamemode/modules/base/sv_data.lua:204
       6. onFinished - gamemodes/darkrp/gamemode/modules/base/sv_data.lua:264
        7. commit - gamemodes/darkrp/gamemode/libraries/mysqlite/mysqlite.lua:194
         8. initDatabase - gamemodes/darkrp/gamemode/modules/base/sv_data.lua:170
          9. Call - gamemodes/darkrp/gamemode/modules/base/sv_gamemode_functions.lua:90
           10. unknown - gamemodes/darkrp/gamemode/libraries/mysqlite/mysqlite.lua:163


L 11/22/2019 - 01:26:53: "COMPLΞX<2><STEAM_0:0:105635721><>" connected, address "26.64.99.216:27006"
L 11/22/2019 - 01:26:53: server_cvar: "sv_allowcslua" "1"
L 11/22/2019 - 01:26:53: server_cvar: "sv_airaccelerate" "1000"
L 11/22/2019 - 01:26:53: server_cvar: "sv_alltalk" "0"
L 11/22/2019 - 01:26:55: Connection to Steam servers successful.
L 11/22/2019 - 01:26:55:    Public IP is 31.130.42.47.
L 11/22/2019 - 01:26:55: Assigned anonymous gameserver Steam ID [A-1:570129409(13660)].
L 11/22/2019 - 01:26:56: VAC secure mode is activated.
L 11/22/2019 - 01:26:56: "COMPLΞX<2><STEAM_0:0:105635721><>" STEAM USERID validated
L 11/22/2019 - 01:27:01: [FAdmin] COMPLΞX (STEAM_0:0:105635721) is Authed
L 11/22/2019 - 01:27:01: [FAdmin] COMPLΞX (STEAM_0:0:105635721) Spawned for the first time
L 11/22/2019 - 01:27:01: [FAdmin] COMPLΞX (STEAM_0:0:105635721) Spawned
L 11/22/2019 - 01:27:01: "COMPLΞX<2><STEAM_0:0:105635721><>" entered the game
L 11/22/2019 - 01:27:01: [FAdmin] COMPLΞX (STEAM_0:0:105635721) Attempted to pick up a keys
L 11/22/2019 - 01:27:01: [FAdmin] COMPLΞX (STEAM_0:0:105635721) Attempted to pick up a weapon_physcannon
L 11/22/2019 - 01:27:01: [FAdmin] COMPLΞX (STEAM_0:0:105635721) Attempted to pick up a gmod_camera
L 11/22/2019 - 01:27:01: [FAdmin] COMPLΞX (STEAM_0:0:105635721) Attempted to pick up a gmod_tool
L 11/22/2019 - 01:27:01: [FAdmin] COMPLΞX (STEAM_0:0:105635721) Attempted to pick up a pocket
L 11/22/2019 - 01:27:01: [FAdmin] COMPLΞX (STEAM_0:0:105635721) Attempted to pick up a weapon_physgun
L 11/22/2019 - 01:27:01: [FAdmin] COMPLΞX (STEAM_0:0:105635721) Attempted to pick up a weapon_keypadchecker
L 11/22/2019 - 01:27:01: [FAdmin] COMPLΞX (STEAM_0:0:105635721) Attempted to pick up a door_ram
L 11/22/2019 - 01:27:01: [FAdmin] COMPLΞX (STEAM_0:0:105635721) Attempted to pick up a arrest_stick
L 11/22/2019 - 01:27:01: [FAdmin] COMPLΞX (STEAM_0:0:105635721) Attempted to pick up a unarrest_stick
L 11/22/2019 - 01:27:01: [FAdmin] COMPLΞX (STEAM_0:0:105635721) Attempted to pick up a stunstick
L 11/22/2019 - 01:27:01: [FAdmin] COMPLΞX (STEAM_0:0:105635721) Attempted to pick up a weaponchecker
L 11/22/2019 - 01:27:45: [FAdmin] Server succesfully shut down.
L 11/22/2019 - 01:27:45: [FAdmin] prop_physics(models/maxofs2d/companion_doll.mdl) Got removed
L 11/22/2019 - 01:27:45: [FAdmin] prop_physics(models/props_c17/furnituretable003a.mdl) Got removed
L 11/22/2019 - 01:27:45: [FAdmin] prop_physics(models/props_c17/furniturecouch002a.mdl) Got removed
L 11/22/2019 - 01:27:45: [FAdmin] prop_physics(models/props_c17/furniturecouch001a.mdl) Got removed
L 11/22/2019 - 01:27:45: "COMPLΞX<2><STEAM_0:0:105635721><>" disconnected (reason "Server shutting down")
L 11/22/2019 - 01:27:45: server_message: "quit"
L 11/22/2019 - 01:27:45: Log file closed.
