L 11/23/2018 - 19:12:40: Log file started (file "logs\L1123006.log") (game "F:\sup\steamapps\common\GarrysModDS\garrysmod") (version "7270")
L 11/23/2018 - 19:12:40: server_cvar: "sv_alltalk" "3"
L 11/23/2018 - 19:12:40: server_cvar: "sv_allowcslua" "1"
L 11/23/2018 - 19:12:40: server_cvar: "sv_airaccelerate" "1000"
L 11/23/2018 - 19:12:40: server_cvar: "sv_alltalk" "0"
L 11/23/2018 - 19:12:41: Connection to Steam servers successful.
L 11/23/2018 - 19:12:41:    Public IP is 31.130.42.81.
L 11/23/2018 - 19:12:41: Assigned anonymous gameserver Steam ID [A-1:1922427911(11444)].
L 11/23/2018 - 19:12:42: VAC secure mode is activated.
L 11/23/2018 - 19:14:40: "DidVaitel<2><STEAM_0:1:74202541><>" connected, address "192.168.1.102:27006"
L 11/23/2018 - 19:14:41: "DidVaitel<2><STEAM_0:1:74202541><>" STEAM USERID validated
L 11/23/2018 - 19:14:53: [FAdmin] DidVaitel (STEAM_0:1:74202541) is Authed
L 11/23/2018 - 19:14:53: [FAdmin] DidVaitel (STEAM_0:1:74202541) Spawned for the first time
L 11/23/2018 - 19:14:53: [FAdmin] DidVaitel (STEAM_0:1:74202541) Spawned
L 11/23/2018 - 19:14:53: "DidVaitel<2><STEAM_0:1:74202541><>" entered the game
L 11/23/2018 - 19:14:53: [FAdmin] DidVaitel (STEAM_0:1:74202541) Attempted to pick up a keys
L 11/23/2018 - 19:14:53: [FAdmin] DidVaitel (STEAM_0:1:74202541) Attempted to pick up a weapon_physcannon
L 11/23/2018 - 19:14:53: [FAdmin] DidVaitel (STEAM_0:1:74202541) Attempted to pick up a gmod_camera
L 11/23/2018 - 19:14:53: [FAdmin] DidVaitel (STEAM_0:1:74202541) Attempted to pick up a gmod_tool
L 11/23/2018 - 19:14:53: [FAdmin] DidVaitel (STEAM_0:1:74202541) Attempted to pick up a pocket
L 11/23/2018 - 19:14:53: [FAdmin] DidVaitel (STEAM_0:1:74202541) Attempted to pick up a weapon_physgun
L 11/23/2018 - 19:14:53: [FAdmin] DidVaitel (STEAM_0:1:74202541) Attempted to pick up a weapon_keypadchecker
L 11/23/2018 - 19:14:53: [FAdmin] DidVaitel (STEAM_0:1:74202541) Attempted to pick up a door_ram
L 11/23/2018 - 19:14:53: [FAdmin] DidVaitel (STEAM_0:1:74202541) Attempted to pick up a arrest_stick
L 11/23/2018 - 19:14:53: [FAdmin] DidVaitel (STEAM_0:1:74202541) Attempted to pick up a unarrest_stick
L 11/23/2018 - 19:14:53: [FAdmin] DidVaitel (STEAM_0:1:74202541) Attempted to pick up a stunstick
L 11/23/2018 - 19:14:53: [FAdmin] DidVaitel (STEAM_0:1:74202541) Attempted to pick up a weaponchecker
L 11/23/2018 - 19:17:30: [FAdmin] DidVaitel (STEAM_0:1:74202541) Spawned a duel_npc
L 11/23/2018 - 19:19:46: [FAdmin] DidVaitel (STEAM_0:1:74202541) Attempted to switch noclip
L 11/23/2018 - 19:19:51: [FAdmin] DidVaitel (STEAM_0:1:74202541) Attempted to switch noclip
L 11/23/2018 - 19:19:58: [FAdmin] DidVaitel (STEAM_0:1:74202541) Attempted to switch noclip
L 11/23/2018 - 19:19:58: [FAdmin] DidVaitel (STEAM_0:1:74202541) Attempted to switch noclip
L 11/23/2018 - 19:20:17: [FAdmin] DidVaitel (STEAM_0:1:74202541) Spawned a models/props_docks/dock01_pole01a_128.mdl
L 11/23/2018 - 19:20:35: Lua Error: 
[ERROR] addons/ebalka/lua/autorun/flashlight_init.lua:33: attempt to call global 'DeleteOnRemove' (a nil value)
  1. BuildLight - addons/ebalka/lua/autorun/flashlight_init.lua:33
   2. fn - addons/ebalka/lua/autorun/flashlight_init.lua:41
    3. unknown - addons/ulxulib/lua/ulib/shared/hook.lua:109


L 11/23/2018 - 19:20:37: Lua Error: 
[ERROR] addons/ebalka/lua/autorun/flashlight_init.lua:33: attempt to call global 'DeleteOnRemove' (a nil value)
  1. BuildLight - addons/ebalka/lua/autorun/flashlight_init.lua:33
   2. fn - addons/ebalka/lua/autorun/flashlight_init.lua:41
    3. unknown - addons/ulxulib/lua/ulib/shared/hook.lua:109


L 11/23/2018 - 19:20:45: Lua Error: 
[ERROR] addons/ebalka/lua/autorun/flashlight_init.lua:33: attempt to call global 'DeleteOnRemove' (a nil value)
  1. BuildLight - addons/ebalka/lua/autorun/flashlight_init.lua:33
   2. fn - addons/ebalka/lua/autorun/flashlight_init.lua:41
    3. unknown - addons/ulxulib/lua/ulib/shared/hook.lua:109


L 11/23/2018 - 19:20:47: Lua Error: 
[ERROR] addons/ebalka/lua/autorun/flashlight_init.lua:33: attempt to call global 'DeleteOnRemove' (a nil value)
  1. BuildLight - addons/ebalka/lua/autorun/flashlight_init.lua:33
   2. fn - addons/ebalka/lua/autorun/flashlight_init.lua:41
    3. unknown - addons/ulxulib/lua/ulib/shared/hook.lua:109


L 11/23/2018 - 19:20:48: Lua Error: 
[ERROR] addons/ebalka/lua/autorun/flashlight_init.lua:33: attempt to call global 'DeleteOnRemove' (a nil value)
  1. BuildLight - addons/ebalka/lua/autorun/flashlight_init.lua:33
   2. fn - addons/ebalka/lua/autorun/flashlight_init.lua:41
    3. unknown - addons/ulxulib/lua/ulib/shared/hook.lua:109


L 11/23/2018 - 19:20:50: Lua Error: 
[ERROR] addons/ebalka/lua/autorun/flashlight_init.lua:33: attempt to call global 'DeleteOnRemove' (a nil value)
  1. BuildLight - addons/ebalka/lua/autorun/flashlight_init.lua:33
   2. fn - addons/ebalka/lua/autorun/flashlight_init.lua:41
    3. unknown - addons/ulxulib/lua/ulib/shared/hook.lua:109


L 11/23/2018 - 19:20:52: [FAdmin] DidVaitel (STEAM_0:1:74202541) Spawned a models/props_c17/gravestone_cross001b.mdl
L 11/23/2018 - 19:20:53: [FAdmin] prop_physics(models/props_c17/gravestone_cross001b.mdl) Got removed
L 11/23/2018 - 19:20:53: [FAdmin] prop_physics(models/props_docks/dock01_pole01a_128.mdl) Got removed
L 11/23/2018 - 19:20:54: [FAdmin] DidVaitel (STEAM_0:1:74202541) Spawned a models/props_docks/dock03_pole01a.mdl
L 11/23/2018 - 19:20:55: [FAdmin] prop_physics(models/props_docks/dock03_pole01a.mdl) Got removed
L 11/23/2018 - 19:20:55: [FAdmin] DidVaitel (STEAM_0:1:74202541) Spawned a models/props_c17/gravestone_statue001a.mdl
L 11/23/2018 - 19:21:29: [FAdmin] prop_physics(models/props_c17/gravestone_statue001a.mdl) Got removed
L 11/23/2018 - 19:21:33: [FAdmin] DidVaitel (STEAM_0:1:74202541) Spawned a models/props_c17/FurnitureTable003a.mdl
L 11/23/2018 - 19:21:54: [FAdmin] DidVaitel (STEAM_0:1:74202541) Attempted to use tool light
L 11/23/2018 - 19:21:54: [FAdmin] DidVaitel (STEAM_0:1:74202541) Attempted to use tool light
L 11/23/2018 - 19:21:54: [FAdmin] DidVaitel (STEAM_0:1:74202541) Attempted to use tool light
L 11/23/2018 - 19:21:54: [FAdmin] DidVaitel (STEAM_0:1:74202541) Attempted to use tool light
L 11/23/2018 - 19:21:55: [FAdmin] DidVaitel (STEAM_0:1:74202541) Attempted to use tool light
L 11/23/2018 - 19:21:55: [FAdmin] DidVaitel (STEAM_0:1:74202541) Attempted to use tool light
L 11/23/2018 - 19:21:55: [FAdmin] DidVaitel (STEAM_0:1:74202541) Attempted to use tool light
L 11/23/2018 - 19:21:55: [FAdmin] DidVaitel (STEAM_0:1:74202541) Attempted to use tool light
L 11/23/2018 - 19:21:55: [FAdmin] DidVaitel (STEAM_0:1:74202541) Attempted to use tool light
L 11/23/2018 - 19:21:56: [FAdmin] DidVaitel (STEAM_0:1:74202541) Attempted to use tool light
L 11/23/2018 - 19:21:57: [FAdmin] DidVaitel (STEAM_0:1:74202541) Attempted to use tool ger
L 11/23/2018 - 19:21:57: [FAdmin] DidVaitel (STEAM_0:1:74202541) Attempted to use tool ger
L 11/23/2018 - 19:21:59: [FAdmin] DidVaitel (STEAM_0:1:74202541) Attempted to use tool ger
L 11/23/2018 - 19:22:00: [FAdmin] DidVaitel (STEAM_0:1:74202541) Attempted to use tool ger
L 11/23/2018 - 19:22:00: [FAdmin] DidVaitel (STEAM_0:1:74202541) Attempted to use tool ger
L 11/23/2018 - 19:22:01: [FAdmin] DidVaitel (STEAM_0:1:74202541) Attempted to use tool ger
L 11/23/2018 - 19:22:01: [FAdmin] DidVaitel (STEAM_0:1:74202541) Attempted to use tool ger
L 11/23/2018 - 19:22:02: [FAdmin] DidVaitel (STEAM_0:1:74202541) Attempted to use tool ger
L 11/23/2018 - 19:22:02: [FAdmin] DidVaitel (STEAM_0:1:74202541) Attempted to use tool ger
L 11/23/2018 - 19:22:02: [FAdmin] DidVaitel (STEAM_0:1:74202541) Attempted to use tool ger
L 11/23/2018 - 19:22:03: [FAdmin] DidVaitel (STEAM_0:1:74202541) Attempted to use tool ger
L 11/23/2018 - 19:22:03: [FAdmin] DidVaitel (STEAM_0:1:74202541) Attempted to use tool ger
L 11/23/2018 - 19:22:04: [FAdmin] DidVaitel (STEAM_0:1:74202541) Attempted to use tool ger
L 11/23/2018 - 19:22:04: [FAdmin] DidVaitel (STEAM_0:1:74202541) Attempted to use tool ger
L 11/23/2018 - 19:22:07: [FAdmin] DidVaitel (STEAM_0:1:74202541) Attempted to use tool shareprops
L 11/23/2018 - 19:22:12: [FAdmin] DidVaitel (STEAM_0:1:74202541) Attempted to use tool paint
L 11/23/2018 - 19:22:12: [FAdmin] DidVaitel (STEAM_0:1:74202541) Attempted to use tool paint
L 11/23/2018 - 19:22:13: [FAdmin] DidVaitel (STEAM_0:1:74202541) Attempted to use tool paint
L 11/23/2018 - 19:22:13: [FAdmin] DidVaitel (STEAM_0:1:74202541) Attempted to use tool paint
L 11/23/2018 - 19:22:13: [FAdmin] DidVaitel (STEAM_0:1:74202541) Attempted to use tool paint
L 11/23/2018 - 19:22:13: [FAdmin] DidVaitel (STEAM_0:1:74202541) Attempted to use tool paint
L 11/23/2018 - 19:22:13: [FAdmin] DidVaitel (STEAM_0:1:74202541) Attempted to use tool paint
L 11/23/2018 - 19:22:13: [FAdmin] DidVaitel (STEAM_0:1:74202541) Attempted to use tool paint
L 11/23/2018 - 19:22:13: [FAdmin] DidVaitel (STEAM_0:1:74202541) Attempted to use tool paint
L 11/23/2018 - 19:22:13: [FAdmin] DidVaitel (STEAM_0:1:74202541) Attempted to use tool paint
L 11/23/2018 - 19:22:13: [FAdmin] DidVaitel (STEAM_0:1:74202541) Attempted to use tool paint
L 11/23/2018 - 19:22:13: [FAdmin] DidVaitel (STEAM_0:1:74202541) Attempted to use tool paint
L 11/23/2018 - 19:22:13: [FAdmin] DidVaitel (STEAM_0:1:74202541) Attempted to use tool paint
L 11/23/2018 - 19:22:13: [FAdmin] DidVaitel (STEAM_0:1:74202541) Attempted to use tool paint
L 11/23/2018 - 19:22:13: [FAdmin] DidVaitel (STEAM_0:1:74202541) Attempted to use tool paint
L 11/23/2018 - 19:22:14: [FAdmin] DidVaitel (STEAM_0:1:74202541) Attempted to use tool paint
L 11/23/2018 - 19:22:14: [FAdmin] DidVaitel (STEAM_0:1:74202541) Attempted to use tool paint
L 11/23/2018 - 19:22:14: [FAdmin] DidVaitel (STEAM_0:1:74202541) Attempted to use tool paint
L 11/23/2018 - 19:22:14: [FAdmin] DidVaitel (STEAM_0:1:74202541) Attempted to use tool paint
L 11/23/2018 - 19:22:14: [FAdmin] DidVaitel (STEAM_0:1:74202541) Attempted to use tool paint
L 11/23/2018 - 19:22:14: [FAdmin] DidVaitel (STEAM_0:1:74202541) Attempted to use tool paint
L 11/23/2018 - 19:22:14: [FAdmin] DidVaitel (STEAM_0:1:74202541) Attempted to use tool paint
L 11/23/2018 - 19:22:14: [FAdmin] DidVaitel (STEAM_0:1:74202541) Attempted to use tool paint
L 11/23/2018 - 19:22:14: [FAdmin] DidVaitel (STEAM_0:1:74202541) Attempted to use tool paint
L 11/23/2018 - 19:22:14: [FAdmin] DidVaitel (STEAM_0:1:74202541) Attempted to use tool paint
L 11/23/2018 - 19:22:14: [FAdmin] DidVaitel (STEAM_0:1:74202541) Attempted to use tool paint
L 11/23/2018 - 19:22:14: [FAdmin] DidVaitel (STEAM_0:1:74202541) Attempted to use tool paint
L 11/23/2018 - 19:22:14: [FAdmin] DidVaitel (STEAM_0:1:74202541) Attempted to use tool paint
L 11/23/2018 - 19:22:14: [FAdmin] DidVaitel (STEAM_0:1:74202541) Attempted to use tool paint
L 11/23/2018 - 19:22:14: [FAdmin] DidVaitel (STEAM_0:1:74202541) Attempted to use tool paint
L 11/23/2018 - 19:22:14: [FAdmin] DidVaitel (STEAM_0:1:74202541) Attempted to use tool paint
L 11/23/2018 - 19:22:14: [FAdmin] DidVaitel (STEAM_0:1:74202541) Attempted to use tool paint
L 11/23/2018 - 19:22:15: [FAdmin] DidVaitel (STEAM_0:1:74202541) Attempted to use tool paint
L 11/23/2018 - 19:22:15: [FAdmin] DidVaitel (STEAM_0:1:74202541) Attempted to use tool paint
L 11/23/2018 - 19:22:15: [FAdmin] DidVaitel (STEAM_0:1:74202541) Attempted to use tool paint
L 11/23/2018 - 19:22:15: [FAdmin] DidVaitel (STEAM_0:1:74202541) Attempted to use tool paint
L 11/23/2018 - 19:22:15: [FAdmin] DidVaitel (STEAM_0:1:74202541) Attempted to use tool paint
L 11/23/2018 - 19:22:15: [FAdmin] DidVaitel (STEAM_0:1:74202541) Attempted to use tool paint
L 11/23/2018 - 19:22:15: [FAdmin] DidVaitel (STEAM_0:1:74202541) Attempted to use tool paint
L 11/23/2018 - 19:22:15: [FAdmin] DidVaitel (STEAM_0:1:74202541) Attempted to use tool paint
L 11/23/2018 - 19:22:15: [FAdmin] DidVaitel (STEAM_0:1:74202541) Attempted to use tool paint
L 11/23/2018 - 19:22:15: [FAdmin] DidVaitel (STEAM_0:1:74202541) Attempted to use tool paint
L 11/23/2018 - 19:22:15: [FAdmin] DidVaitel (STEAM_0:1:74202541) Attempted to use tool paint
L 11/23/2018 - 19:22:15: [FAdmin] DidVaitel (STEAM_0:1:74202541) Attempted to use tool paint
L 11/23/2018 - 19:22:15: [FAdmin] DidVaitel (STEAM_0:1:74202541) Attempted to use tool paint
L 11/23/2018 - 19:22:15: [FAdmin] DidVaitel (STEAM_0:1:74202541) Attempted to use tool paint
L 11/23/2018 - 19:22:15: [FAdmin] DidVaitel (STEAM_0:1:74202541) Attempted to use tool paint
L 11/23/2018 - 19:22:15: [FAdmin] DidVaitel (STEAM_0:1:74202541) Attempted to use tool paint
L 11/23/2018 - 19:22:16: [FAdmin] DidVaitel (STEAM_0:1:74202541) Attempted to use tool paint
L 11/23/2018 - 19:22:16: [FAdmin] DidVaitel (STEAM_0:1:74202541) Attempted to use tool paint
L 11/23/2018 - 19:22:16: [FAdmin] DidVaitel (STEAM_0:1:74202541) Attempted to use tool paint
L 11/23/2018 - 19:22:16: [FAdmin] DidVaitel (STEAM_0:1:74202541) Attempted to use tool paint
L 11/23/2018 - 19:22:16: [FAdmin] DidVaitel (STEAM_0:1:74202541) Attempted to use tool paint
L 11/23/2018 - 19:22:16: [FAdmin] DidVaitel (STEAM_0:1:74202541) Attempted to use tool paint
L 11/23/2018 - 19:22:16: [FAdmin] DidVaitel (STEAM_0:1:74202541) Attempted to use tool paint
L 11/23/2018 - 19:22:16: [FAdmin] DidVaitel (STEAM_0:1:74202541) Attempted to use tool paint
L 11/23/2018 - 19:22:16: [FAdmin] DidVaitel (STEAM_0:1:74202541) Attempted to use tool paint
L 11/23/2018 - 19:22:16: [FAdmin] DidVaitel (STEAM_0:1:74202541) Attempted to use tool paint
L 11/23/2018 - 19:22:16: [FAdmin] DidVaitel (STEAM_0:1:74202541) Attempted to use tool paint
L 11/23/2018 - 19:22:16: [FAdmin] DidVaitel (STEAM_0:1:74202541) Attempted to use tool paint
L 11/23/2018 - 19:22:16: [FAdmin] DidVaitel (STEAM_0:1:74202541) Attempted to use tool paint
L 11/23/2018 - 19:22:16: [FAdmin] DidVaitel (STEAM_0:1:74202541) Attempted to use tool paint
L 11/23/2018 - 19:22:16: [FAdmin] DidVaitel (STEAM_0:1:74202541) Attempted to use tool paint
L 11/23/2018 - 19:22:16: [FAdmin] DidVaitel (STEAM_0:1:74202541) Attempted to use tool paint
L 11/23/2018 - 19:22:16: [FAdmin] DidVaitel (STEAM_0:1:74202541) Attempted to use tool paint
L 11/23/2018 - 19:22:17: [FAdmin] DidVaitel (STEAM_0:1:74202541) Attempted to use tool paint
L 11/23/2018 - 19:22:17: [FAdmin] DidVaitel (STEAM_0:1:74202541) Attempted to use tool paint
L 11/23/2018 - 19:22:17: [FAdmin] DidVaitel (STEAM_0:1:74202541) Attempted to use tool paint
L 11/23/2018 - 19:22:17: [FAdmin] DidVaitel (STEAM_0:1:74202541) Attempted to use tool paint
L 11/23/2018 - 19:22:17: [FAdmin] DidVaitel (STEAM_0:1:74202541) Attempted to use tool paint
L 11/23/2018 - 19:22:17: [FAdmin] DidVaitel (STEAM_0:1:74202541) Attempted to use tool paint
L 11/23/2018 - 19:22:17: [FAdmin] DidVaitel (STEAM_0:1:74202541) Attempted to use tool paint
L 11/23/2018 - 19:22:17: [FAdmin] DidVaitel (STEAM_0:1:74202541) Attempted to use tool paint
L 11/23/2018 - 19:22:17: [FAdmin] DidVaitel (STEAM_0:1:74202541) Attempted to use tool paint
L 11/23/2018 - 19:22:17: [FAdmin] DidVaitel (STEAM_0:1:74202541) Attempted to use tool paint
L 11/23/2018 - 19:22:17: [FAdmin] DidVaitel (STEAM_0:1:74202541) Attempted to use tool paint
L 11/23/2018 - 19:22:19: [FAdmin] DidVaitel (STEAM_0:1:74202541) Attempted to use tool paint
L 11/23/2018 - 19:22:19: [FAdmin] DidVaitel (STEAM_0:1:74202541) Attempted to use tool paint
L 11/23/2018 - 19:22:19: [FAdmin] DidVaitel (STEAM_0:1:74202541) Attempted to use tool paint
L 11/23/2018 - 19:22:19: [FAdmin] DidVaitel (STEAM_0:1:74202541) Attempted to use tool paint
L 11/23/2018 - 19:22:19: [FAdmin] DidVaitel (STEAM_0:1:74202541) Attempted to use tool paint
L 11/23/2018 - 19:22:19: [FAdmin] DidVaitel (STEAM_0:1:74202541) Attempted to use tool paint
L 11/23/2018 - 19:22:20: [FAdmin] DidVaitel (STEAM_0:1:74202541) Attempted to use tool paint
L 11/23/2018 - 19:22:22: [FAdmin] DidVaitel (STEAM_0:1:74202541) Attempted to use tool paint
L 11/23/2018 - 19:22:24: [FAdmin] DidVaitel (STEAM_0:1:74202541) Attempted to use tool paint
L 11/23/2018 - 19:22:24: [FAdmin] DidVaitel (STEAM_0:1:74202541) Attempted to use tool paint
L 11/23/2018 - 19:22:25: [FAdmin] DidVaitel (STEAM_0:1:74202541) Attempted to use tool paint
L 11/23/2018 - 19:22:25: [FAdmin] DidVaitel (STEAM_0:1:74202541) Attempted to use tool paint
L 11/23/2018 - 19:22:28: [FAdmin] DidVaitel (STEAM_0:1:74202541) Attempted to use tool paint
L 11/23/2018 - 19:22:31: [FAdmin] DidVaitel (STEAM_0:1:74202541) Attempted to use tool paint
L 11/23/2018 - 19:22:31: [FAdmin] DidVaitel (STEAM_0:1:74202541) Attempted to use tool paint
L 11/23/2018 - 19:22:33: [FAdmin] DidVaitel (STEAM_0:1:74202541) Attempted to use tool paint
L 11/23/2018 - 19:22:35: [FAdmin] DidVaitel (STEAM_0:1:74202541) Attempted to use tool paint
L 11/23/2018 - 19:22:36: [FAdmin] DidVaitel (STEAM_0:1:74202541) Attempted to use tool paint
L 11/23/2018 - 19:22:39: [FAdmin] DidVaitel (STEAM_0:1:74202541) Attempted to use tool paint
L 11/23/2018 - 19:22:43: [FAdmin] DidVaitel (STEAM_0:1:74202541) Attempted to use tool paint
L 11/23/2018 - 19:22:48: [FAdmin] DidVaitel (STEAM_0:1:74202541) Attempted to use tool material
L 11/23/2018 - 19:22:48: [FAdmin] DidVaitel (STEAM_0:1:74202541) Attempted to use tool material
L 11/23/2018 - 19:22:52: [FAdmin] DidVaitel (STEAM_0:1:74202541) Attempted to use tool material
L 11/23/2018 - 19:22:57: [FAdmin] DidVaitel (STEAM_0:1:74202541) Attempted to use tool material
L 11/23/2018 - 19:22:58: [FAdmin] DidVaitel (STEAM_0:1:74202541) Attempted to use tool material
L 11/23/2018 - 19:22:59: [FAdmin] DidVaitel (STEAM_0:1:74202541) Attempted to use tool material
L 11/23/2018 - 19:23:02: [FAdmin] DidVaitel (STEAM_0:1:74202541) Attempted to use tool material
L 11/23/2018 - 19:23:05: [FAdmin] DidVaitel (STEAM_0:1:74202541) Attempted to use tool material
L 11/23/2018 - 19:23:08: [FAdmin] DidVaitel (STEAM_0:1:74202541) Attempted to use tool material
L 11/23/2018 - 19:23:10: [FAdmin] DidVaitel (STEAM_0:1:74202541) Attempted to use tool material
L 11/23/2018 - 19:23:12: [FAdmin] DidVaitel (STEAM_0:1:74202541) Attempted to use tool colour
L 11/23/2018 - 19:23:13: [FAdmin] DidVaitel (STEAM_0:1:74202541) Attempted to use tool colour
L 11/23/2018 - 19:24:06: [FAdmin] DidVaitel (STEAM_0:1:74202541) Attempted to use tool nocollide
L 11/23/2018 - 19:24:06: [FAdmin] DidVaitel (STEAM_0:1:74202541) Attempted to use tool nocollide
L 11/23/2018 - 19:24:06: [FAdmin] DidVaitel (STEAM_0:1:74202541) Attempted to use tool nocollide
L 11/23/2018 - 19:24:06: [FAdmin] DidVaitel (STEAM_0:1:74202541) Attempted to use tool nocollide
L 11/23/2018 - 19:24:06: [FAdmin] DidVaitel (STEAM_0:1:74202541) Attempted to use tool nocollide
L 11/23/2018 - 19:24:06: [FAdmin] DidVaitel (STEAM_0:1:74202541) Attempted to use tool nocollide
L 11/23/2018 - 19:24:07: [FAdmin] DidVaitel (STEAM_0:1:74202541) Attempted to use tool nocollide
L 11/23/2018 - 19:24:07: [FAdmin] DidVaitel (STEAM_0:1:74202541) Attempted to use tool nocollide
L 11/23/2018 - 19:24:07: [FAdmin] DidVaitel (STEAM_0:1:74202541) Attempted to use tool nocollide
L 11/23/2018 - 19:24:07: [FAdmin] DidVaitel (STEAM_0:1:74202541) Attempted to use tool nocollide
L 11/23/2018 - 19:24:07: [FAdmin] DidVaitel (STEAM_0:1:74202541) Attempted to use tool nocollide
L 11/23/2018 - 19:24:07: [FAdmin] DidVaitel (STEAM_0:1:74202541) Attempted to use tool nocollide
L 11/23/2018 - 19:24:07: [FAdmin] DidVaitel (STEAM_0:1:74202541) Attempted to use tool nocollide
L 11/23/2018 - 19:24:07: [FAdmin] DidVaitel (STEAM_0:1:74202541) Attempted to use tool nocollide
L 11/23/2018 - 19:24:13: [FAdmin] DidVaitel (STEAM_0:1:74202541) Attempted to use tool nocollide
L 11/23/2018 - 19:24:17: [FAdmin] DidVaitel (STEAM_0:1:74202541) Attempted to use tool nocollide
L 11/23/2018 - 19:24:18: [FAdmin] DidVaitel (STEAM_0:1:74202541) Attempted to use tool nocollide
L 11/23/2018 - 19:24:23: [FAdmin] DidVaitel (STEAM_0:1:74202541) Attempted to use tool dynamite
L 11/23/2018 - 19:24:24: [FAdmin] DidVaitel (STEAM_0:1:74202541) Attempted to use tool dynamite
L 11/23/2018 - 19:24:25: [FAdmin] DidVaitel (STEAM_0:1:74202541) Attempted to use tool dynamite
L 11/23/2018 - 19:24:25: [FAdmin] DidVaitel (STEAM_0:1:74202541) Attempted to use tool dynamite
L 11/23/2018 - 19:24:25: [FAdmin] DidVaitel (STEAM_0:1:74202541) Attempted to use tool dynamite
L 11/23/2018 - 19:24:25: [FAdmin] DidVaitel (STEAM_0:1:74202541) Attempted to use tool dynamite
L 11/23/2018 - 19:24:26: [FAdmin] DidVaitel (STEAM_0:1:74202541) Attempted to use tool dynamite
L 11/23/2018 - 19:24:26: [FAdmin] DidVaitel (STEAM_0:1:74202541) Attempted to use tool dynamite
L 11/23/2018 - 19:24:26: [FAdmin] DidVaitel (STEAM_0:1:74202541) Attempted to use tool dynamite
L 11/23/2018 - 19:24:27: [FAdmin] DidVaitel (STEAM_0:1:74202541) Attempted to use tool dynamite
L 11/23/2018 - 19:24:28: [FAdmin] DidVaitel (STEAM_0:1:74202541) Attempted to use tool duplicator
L 11/23/2018 - 19:24:28: [FAdmin] DidVaitel (STEAM_0:1:74202541) Attempted to use tool duplicator
L 11/23/2018 - 19:24:29: [FAdmin] DidVaitel (STEAM_0:1:74202541) Attempted to use tool duplicator
L 11/23/2018 - 19:24:36: [FAdmin] DidVaitel (STEAM_0:1:74202541) Attempted to use tool button
L 11/23/2018 - 19:24:36: [FAdmin] DidVaitel (STEAM_0:1:74202541) Attempted to use tool button
L 11/23/2018 - 19:24:37: [FAdmin] DidVaitel (STEAM_0:1:74202541) Attempted to use tool button
L 11/23/2018 - 19:24:37: [FAdmin] DidVaitel (STEAM_0:1:74202541) Attempted to use tool button
L 11/23/2018 - 19:24:37: [FAdmin] DidVaitel (STEAM_0:1:74202541) Attempted to use tool button
L 11/23/2018 - 19:24:38: [FAdmin] DidVaitel (STEAM_0:1:74202541) Attempted to use tool button
L 11/23/2018 - 19:24:41: [FAdmin] DidVaitel (STEAM_0:1:74202541) Attempted to use tool rope
L 11/23/2018 - 19:24:42: [FAdmin] prop_physics(models/props_c17/furnituretable003a.mdl) Got removed
L 11/23/2018 - 19:24:45: [FAdmin] DidVaitel (STEAM_0:1:74202541) Spawned a models/props_c17/furnitureStove001a.mdl
L 11/23/2018 - 19:24:47: [FAdmin] DidVaitel (STEAM_0:1:74202541) Spawned a models/props_c17/furnitureStove001a.mdl
L 11/23/2018 - 19:24:48: [FAdmin] DidVaitel (STEAM_0:1:74202541) Attempted to use tool slider
L 11/23/2018 - 19:24:49: [FAdmin] DidVaitel (STEAM_0:1:74202541) Attempted to use tool slider
L 11/23/2018 - 19:25:13: [FAdmin] prop_physics(models/props_c17/furniturestove001a.mdl) Got removed
L 11/23/2018 - 19:25:14: [FAdmin] prop_physics(models/props_c17/furniturestove001a.mdl) Got removed
L 11/23/2018 - 19:25:18: [FAdmin] DidVaitel (STEAM_0:1:74202541) Spawned a models/props_c17/furnitureStove001a.mdl
L 11/23/2018 - 19:25:19: [FAdmin] DidVaitel (STEAM_0:1:74202541) Spawned a models/props_c17/furnitureStove001a.mdl
L 11/23/2018 - 19:25:27: [FAdmin] DidVaitel (STEAM_0:1:74202541) Attempted to use tool muscle
L 11/23/2018 - 19:25:27: [FAdmin] DidVaitel (STEAM_0:1:74202541) Attempted to use tool muscle
L 11/23/2018 - 19:25:49: [FAdmin] DidVaitel (STEAM_0:1:74202541) Attempted to use tool muscle
L 11/23/2018 - 19:25:50: [FAdmin] DidVaitel (STEAM_0:1:74202541) Attempted to use tool muscle
L 11/23/2018 - 19:25:53: [FAdmin] DidVaitel (STEAM_0:1:74202541) Got killed by prop_physics with a prop_physics
L 11/23/2018 - 19:25:54: [FAdmin] DidVaitel (STEAM_0:1:74202541) Spawned
L 11/23/2018 - 19:25:54: [FAdmin] DidVaitel (STEAM_0:1:74202541) Attempted to pick up a keys
L 11/23/2018 - 19:25:54: [FAdmin] DidVaitel (STEAM_0:1:74202541) Attempted to pick up a weapon_physcannon
L 11/23/2018 - 19:25:54: [FAdmin] DidVaitel (STEAM_0:1:74202541) Attempted to pick up a gmod_camera
L 11/23/2018 - 19:25:54: [FAdmin] DidVaitel (STEAM_0:1:74202541) Attempted to pick up a gmod_tool
L 11/23/2018 - 19:25:54: [FAdmin] DidVaitel (STEAM_0:1:74202541) Attempted to pick up a pocket
L 11/23/2018 - 19:25:54: [FAdmin] DidVaitel (STEAM_0:1:74202541) Attempted to pick up a weapon_physgun
L 11/23/2018 - 19:25:54: [FAdmin] DidVaitel (STEAM_0:1:74202541) Attempted to pick up a weapon_keypadchecker
L 11/23/2018 - 19:25:54: [FAdmin] DidVaitel (STEAM_0:1:74202541) Attempted to pick up a door_ram
L 11/23/2018 - 19:25:54: [FAdmin] DidVaitel (STEAM_0:1:74202541) Attempted to pick up a arrest_stick
L 11/23/2018 - 19:25:54: [FAdmin] DidVaitel (STEAM_0:1:74202541) Attempted to pick up a unarrest_stick
L 11/23/2018 - 19:25:54: [FAdmin] DidVaitel (STEAM_0:1:74202541) Attempted to pick up a stunstick
L 11/23/2018 - 19:25:54: [FAdmin] DidVaitel (STEAM_0:1:74202541) Attempted to pick up a weaponchecker
L 11/23/2018 - 19:27:23: [FAdmin] prop_physics(models/props_c17/furniturestove001a.mdl) Got removed
L 11/23/2018 - 19:27:24: [FAdmin] prop_physics(models/props_c17/furniturestove001a.mdl) Got removed
L 11/23/2018 - 19:27:28: [FAdmin] DidVaitel (STEAM_0:1:74202541) Spawned a models/props_c17/gravestone_cross001b.mdl
L 11/23/2018 - 19:27:29: [FAdmin] prop_physics(models/props_c17/gravestone_cross001b.mdl) Got removed
L 11/23/2018 - 19:27:30: [FAdmin] DidVaitel (STEAM_0:1:74202541) Spawned a models/props_c17/FurnitureWashingmachine001a.mdl
L 11/23/2018 - 19:27:31: [FAdmin] DidVaitel (STEAM_0:1:74202541) Spawned a models/props_c17/FurnitureWashingmachine001a.mdl
L 11/23/2018 - 19:27:31: [FAdmin] DidVaitel (STEAM_0:1:74202541) Attempted to use tool hydraulic
L 11/23/2018 - 19:27:32: [FAdmin] DidVaitel (STEAM_0:1:74202541) Attempted to use tool hydraulic
L 11/23/2018 - 19:27:52: [FAdmin] prop_physics(models/props_c17/furniturewashingmachine001a.mdl) Got removed
L 11/23/2018 - 19:27:52: [FAdmin] prop_physics(models/props_c17/furniturewashingmachine001a.mdl) Got removed
L 11/23/2018 - 19:27:57: [FAdmin] DidVaitel (STEAM_0:1:74202541) Attempted to switch noclip
L 11/23/2018 - 19:28:08: [FAdmin] DidVaitel (STEAM_0:1:74202541) Attempted to switch noclip
L 11/23/2018 - 19:28:08: [FAdmin] DidVaitel (STEAM_0:1:74202541) Attempted to switch noclip
L 11/23/2018 - 19:28:09: [FAdmin] DidVaitel (STEAM_0:1:74202541) Attempted to switch noclip
L 11/23/2018 - 19:28:10: [FAdmin] DidVaitel (STEAM_0:1:74202541) Attempted to switch noclip
L 11/23/2018 - 19:28:18: [FAdmin] DidVaitel (STEAM_0:1:74202541) Attempted to switch noclip
L 11/23/2018 - 19:28:20: [FAdmin] DidVaitel (STEAM_0:1:74202541) Spawned a models/props_combine/headcrabcannister01a.mdl
L 11/23/2018 - 19:28:51: [FAdmin] DidVaitel (STEAM_0:1:74202541) Attempted to switch noclip
L 11/23/2018 - 19:28:52: [FAdmin] DidVaitel (STEAM_0:1:74202541) Attempted to switch noclip
L 11/23/2018 - 19:28:52: [FAdmin] DidVaitel (STEAM_0:1:74202541) Attempted to switch noclip
L 11/23/2018 - 19:28:57: [FAdmin] DidVaitel (STEAM_0:1:74202541) Attempted to switch noclip
L 11/23/2018 - 19:29:00: [FAdmin] DidVaitel (STEAM_0:1:74202541) Attempted to switch noclip
L 11/23/2018 - 19:29:02: [FAdmin] DidVaitel (STEAM_0:1:74202541) Attempted to switch noclip
L 11/23/2018 - 19:29:03: [FAdmin] DidVaitel (STEAM_0:1:74202541) Attempted to switch noclip
L 11/23/2018 - 19:29:08: [FAdmin] DidVaitel (STEAM_0:1:74202541) Attempted to switch noclip
L 11/23/2018 - 19:29:15: [FAdmin] DidVaitel (STEAM_0:1:74202541) Spawned a duel_npc
L 11/23/2018 - 19:30:15: [FAdmin] DidVaitel (STEAM_0:1:74202541) Attempted to switch noclip
L 11/23/2018 - 19:30:17: [FAdmin] DidVaitel (STEAM_0:1:74202541) Attempted to switch noclip
L 11/23/2018 - 19:30:21: [FAdmin] DidVaitel (STEAM_0:1:74202541) Gave himself a weapon_357
L 11/23/2018 - 19:30:21: [FAdmin] DidVaitel (STEAM_0:1:74202541) Attempted to pick up a weapon_357
L 11/23/2018 - 19:33:08: [FAdmin] Server succesfully shut down.
L 11/23/2018 - 19:33:08: [FAdmin] prop_physics(models/props/de_nuke/handtruck.mdl) Got removed
L 11/23/2018 - 19:33:08: [FAdmin] prop_physics(models/props_c17/door01_left.mdl) Got removed
L 11/23/2018 - 19:33:08: [FAdmin] prop_physics(models/props_c17/door01_left.mdl) Got removed
L 11/23/2018 - 19:33:08: [FAdmin] prop_physics(models/props_c17/door01_left.mdl) Got removed
L 11/23/2018 - 19:33:08: [FAdmin] prop_physics(models/props_c17/door01_left.mdl) Got removed
L 11/23/2018 - 19:33:08: [FAdmin] prop_physics(models/props_c17/door01_left.mdl) Got removed
L 11/23/2018 - 19:33:08: [FAdmin] prop_physics(models/props_c17/door01_left.mdl) Got removed
L 11/23/2018 - 19:33:08: [FAdmin] prop_physics(models/props_junk/pushcart01a.mdl) Got removed
L 11/23/2018 - 19:33:08: [FAdmin] prop_physics(models/props/de_nuke/handtruck.mdl) Got removed
L 11/23/2018 - 19:33:08: [FAdmin] prop_physics(models/props_c17/door01_left.mdl) Got removed
L 11/23/2018 - 19:33:08: [FAdmin] prop_physics(models/props_c17/door01_left.mdl) Got removed
L 11/23/2018 - 19:33:08: [FAdmin] prop_physics(models/props_junk/wood_crate001a_damaged.mdl) Got removed
L 11/23/2018 - 19:33:08: [FAdmin] prop_physics(models/props_junk/wood_crate001a_damaged.mdl) Got removed
L 11/23/2018 - 19:33:08: [FAdmin] prop_physics(models/props_junk/wood_crate001a_damaged.mdl) Got removed
L 11/23/2018 - 19:33:08: [FAdmin] prop_physics(models/props_junk/wood_crate001a_damaged.mdl) Got removed
L 11/23/2018 - 19:33:08: [FAdmin] prop_physics(models/props_junk/wood_crate001a_damaged.mdl) Got removed
L 11/23/2018 - 19:33:08: [FAdmin] prop_physics(models/props_combine/headcrabcannister01a.mdl) Got removed
L 11/23/2018 - 19:33:08: "DidVaitel<2><STEAM_0:1:74202541><>" disconnected (reason "Server shutting down")
L 11/23/2018 - 19:33:08: server_message: "quit"
L 11/23/2018 - 19:33:08: Log file closed.
