L 12/06/2019 - 05:11:05: Log file started (file "logs\L1206000.log") (game "D:\sup\steamapps\common\GarrysModDS\garrysmod") (version "7671")
L 12/06/2019 - 05:11:05: server_cvar: "sv_alltalk" "3"
L 12/06/2019 - 05:11:05: server_cvar: "sv_allowcslua" "1"
L 12/06/2019 - 05:11:05: server_cvar: "sv_airaccelerate" "1000"
L 12/06/2019 - 05:11:05: server_cvar: "sv_alltalk" "0"
L 12/06/2019 - 05:11:06: Connection to Steam servers successful.
L 12/06/2019 - 05:11:06:    Public IP is 31.130.42.47.
L 12/06/2019 - 05:11:06: Assigned anonymous gameserver Steam ID [A-1:4265222149(13735)].
L 12/06/2019 - 05:11:06: VAC secure mode is activated.
L 12/06/2019 - 05:11:06: "DidVaitel<2><STEAM_0:1:74202541><>" connected, address "31.130.42.47:27006"
L 12/06/2019 - 05:11:07: "DidVaitel<2><STEAM_0:1:74202541><>" STEAM USERID validated
L 12/06/2019 - 05:11:22: [FAdmin] DidVaitel (STEAM_0:1:74202541) is Authed
L 12/06/2019 - 05:11:22: [FAdmin] DidVaitel (STEAM_0:1:74202541) Spawned for the first time
L 12/06/2019 - 05:11:22: [FAdmin] DidVaitel (STEAM_0:1:74202541) Spawned
L 12/06/2019 - 05:11:22: "DidVaitel<2><STEAM_0:1:74202541><>" entered the game
L 12/06/2019 - 05:11:22: [FAdmin] DidVaitel (STEAM_0:1:74202541) Attempted to pick up a keys
L 12/06/2019 - 05:11:22: [FAdmin] DidVaitel (STEAM_0:1:74202541) Attempted to pick up a weapon_physcannon
L 12/06/2019 - 05:11:22: [FAdmin] DidVaitel (STEAM_0:1:74202541) Attempted to pick up a gmod_camera
L 12/06/2019 - 05:11:22: [FAdmin] DidVaitel (STEAM_0:1:74202541) Attempted to pick up a gmod_tool
L 12/06/2019 - 05:11:22: [FAdmin] DidVaitel (STEAM_0:1:74202541) Attempted to pick up a pocket
L 12/06/2019 - 05:11:22: [FAdmin] DidVaitel (STEAM_0:1:74202541) Attempted to pick up a weapon_physgun
L 12/06/2019 - 05:11:22: [FAdmin] DidVaitel (STEAM_0:1:74202541) Attempted to pick up a weapon_keypadchecker
L 12/06/2019 - 05:11:22: [FAdmin] DidVaitel (STEAM_0:1:74202541) Attempted to pick up a door_ram
L 12/06/2019 - 05:11:22: [FAdmin] DidVaitel (STEAM_0:1:74202541) Attempted to pick up a arrest_stick
L 12/06/2019 - 05:11:22: [FAdmin] DidVaitel (STEAM_0:1:74202541) Attempted to pick up a unarrest_stick
L 12/06/2019 - 05:11:22: [FAdmin] DidVaitel (STEAM_0:1:74202541) Attempted to pick up a stunstick
L 12/06/2019 - 05:11:22: [FAdmin] DidVaitel (STEAM_0:1:74202541) Attempted to pick up a weaponchecker
L 12/06/2019 - 05:13:13: "Bot01<3><BOT><>" connected, address "none"
L 12/06/2019 - 05:13:13: [FAdmin] Bot01 (BOT) Spawned for the first time
L 12/06/2019 - 05:13:13: [FAdmin] Bot01 (BOT) Spawned
L 12/06/2019 - 05:13:13: "Bot01<3><BOT><>" entered the game
L 12/06/2019 - 05:13:13: [FAdmin] Bot01 (BOT) Attempted to pick up a keys
L 12/06/2019 - 05:13:13: [FAdmin] Bot01 (BOT) Attempted to pick up a weapon_physcannon
L 12/06/2019 - 05:13:13: [FAdmin] Bot01 (BOT) Attempted to pick up a gmod_camera
L 12/06/2019 - 05:13:13: [FAdmin] Bot01 (BOT) Attempted to pick up a gmod_tool
L 12/06/2019 - 05:13:13: [FAdmin] Bot01 (BOT) Attempted to pick up a pocket
L 12/06/2019 - 05:13:13: [FAdmin] Bot01 (BOT) Attempted to pick up a weapon_physgun
L 12/06/2019 - 05:13:14: "Bot02<4><BOT><>" connected, address "none"
L 12/06/2019 - 05:13:14: [FAdmin] Bot02 (BOT) Spawned for the first time
L 12/06/2019 - 05:13:14: [FAdmin] Bot02 (BOT) Spawned
L 12/06/2019 - 05:13:14: "Bot02<4><BOT><>" entered the game
L 12/06/2019 - 05:13:14: [FAdmin] Bot02 (BOT) Attempted to pick up a keys
L 12/06/2019 - 05:13:14: [FAdmin] Bot02 (BOT) Attempted to pick up a weapon_physcannon
L 12/06/2019 - 05:13:14: [FAdmin] Bot02 (BOT) Attempted to pick up a gmod_camera
L 12/06/2019 - 05:13:14: [FAdmin] Bot02 (BOT) Attempted to pick up a gmod_tool
L 12/06/2019 - 05:13:14: [FAdmin] Bot02 (BOT) Attempted to pick up a pocket
L 12/06/2019 - 05:13:14: [FAdmin] Bot02 (BOT) Attempted to pick up a weapon_physgun
L 12/06/2019 - 05:13:14: "Bot03<5><BOT><>" connected, address "none"
L 12/06/2019 - 05:13:14: [FAdmin] Bot03 (BOT) Spawned for the first time
L 12/06/2019 - 05:13:14: [FAdmin] Bot03 (BOT) Spawned
L 12/06/2019 - 05:13:14: "Bot03<5><BOT><>" entered the game
L 12/06/2019 - 05:13:14: [FAdmin] Bot03 (BOT) Attempted to pick up a keys
L 12/06/2019 - 05:13:14: [FAdmin] Bot03 (BOT) Attempted to pick up a weapon_physcannon
L 12/06/2019 - 05:13:14: [FAdmin] Bot03 (BOT) Attempted to pick up a gmod_camera
L 12/06/2019 - 05:13:14: [FAdmin] Bot03 (BOT) Attempted to pick up a gmod_tool
L 12/06/2019 - 05:13:14: [FAdmin] Bot03 (BOT) Attempted to pick up a pocket
L 12/06/2019 - 05:13:14: [FAdmin] Bot03 (BOT) Attempted to pick up a weapon_physgun
L 12/06/2019 - 05:13:15: "Bot04<6><BOT><>" connected, address "none"
L 12/06/2019 - 05:13:15: [FAdmin] Bot04 (BOT) Spawned for the first time
L 12/06/2019 - 05:13:15: [FAdmin] Bot04 (BOT) Spawned
L 12/06/2019 - 05:13:15: "Bot04<6><BOT><>" entered the game
L 12/06/2019 - 05:13:15: [FAdmin] Bot04 (BOT) Attempted to pick up a keys
L 12/06/2019 - 05:13:15: [FAdmin] Bot04 (BOT) Attempted to pick up a weapon_physcannon
L 12/06/2019 - 05:13:15: [FAdmin] Bot04 (BOT) Attempted to pick up a gmod_camera
L 12/06/2019 - 05:13:15: [FAdmin] Bot04 (BOT) Attempted to pick up a gmod_tool
L 12/06/2019 - 05:13:15: [FAdmin] Bot04 (BOT) Attempted to pick up a pocket
L 12/06/2019 - 05:13:15: [FAdmin] Bot04 (BOT) Attempted to pick up a weapon_physgun
L 12/06/2019 - 05:13:15: "Bot05<7><BOT><>" connected, address "none"
L 12/06/2019 - 05:13:15: [FAdmin] Bot05 (BOT) Spawned for the first time
L 12/06/2019 - 05:13:15: [FAdmin] Bot05 (BOT) Spawned
L 12/06/2019 - 05:13:15: "Bot05<7><BOT><>" entered the game
L 12/06/2019 - 05:13:15: [FAdmin] Bot05 (BOT) Attempted to pick up a keys
L 12/06/2019 - 05:13:15: [FAdmin] Bot05 (BOT) Attempted to pick up a weapon_physcannon
L 12/06/2019 - 05:13:15: [FAdmin] Bot05 (BOT) Attempted to pick up a gmod_camera
L 12/06/2019 - 05:13:15: [FAdmin] Bot05 (BOT) Attempted to pick up a gmod_tool
L 12/06/2019 - 05:13:15: [FAdmin] Bot05 (BOT) Attempted to pick up a pocket
L 12/06/2019 - 05:13:15: [FAdmin] Bot05 (BOT) Attempted to pick up a weapon_physgun
L 12/06/2019 - 05:13:15: "Bot06<8><BOT><>" connected, address "none"
L 12/06/2019 - 05:13:15: [FAdmin] Bot06 (BOT) Spawned for the first time
L 12/06/2019 - 05:13:15: [FAdmin] Bot06 (BOT) Spawned
L 12/06/2019 - 05:13:15: "Bot06<8><BOT><>" entered the game
L 12/06/2019 - 05:13:15: [FAdmin] Bot06 (BOT) Attempted to pick up a keys
L 12/06/2019 - 05:13:15: [FAdmin] Bot06 (BOT) Attempted to pick up a weapon_physcannon
L 12/06/2019 - 05:13:15: [FAdmin] Bot06 (BOT) Attempted to pick up a gmod_camera
L 12/06/2019 - 05:13:15: [FAdmin] Bot06 (BOT) Attempted to pick up a gmod_tool
L 12/06/2019 - 05:13:15: [FAdmin] Bot06 (BOT) Attempted to pick up a pocket
L 12/06/2019 - 05:13:15: [FAdmin] Bot06 (BOT) Attempted to pick up a weapon_physgun
L 12/06/2019 - 05:13:16: "Bot07<9><BOT><>" connected, address "none"
L 12/06/2019 - 05:13:16: [FAdmin] Bot07 (BOT) Spawned for the first time
L 12/06/2019 - 05:13:16: [FAdmin] Bot07 (BOT) Spawned
L 12/06/2019 - 05:13:16: "Bot07<9><BOT><>" entered the game
L 12/06/2019 - 05:13:16: [FAdmin] Bot07 (BOT) Attempted to pick up a keys
L 12/06/2019 - 05:13:16: [FAdmin] Bot07 (BOT) Attempted to pick up a weapon_physcannon
L 12/06/2019 - 05:13:16: [FAdmin] Bot07 (BOT) Attempted to pick up a gmod_camera
L 12/06/2019 - 05:13:16: [FAdmin] Bot07 (BOT) Attempted to pick up a gmod_tool
L 12/06/2019 - 05:13:16: [FAdmin] Bot07 (BOT) Attempted to pick up a pocket
L 12/06/2019 - 05:13:16: [FAdmin] Bot07 (BOT) Attempted to pick up a weapon_physgun
L 12/06/2019 - 05:13:17: "Bot08<10><BOT><>" connected, address "none"
L 12/06/2019 - 05:13:17: [FAdmin] Bot08 (BOT) Spawned for the first time
L 12/06/2019 - 05:13:17: [FAdmin] Bot08 (BOT) Spawned
L 12/06/2019 - 05:13:17: "Bot08<10><BOT><>" entered the game
L 12/06/2019 - 05:13:17: [FAdmin] Bot08 (BOT) Attempted to pick up a keys
L 12/06/2019 - 05:13:17: [FAdmin] Bot08 (BOT) Attempted to pick up a weapon_physcannon
L 12/06/2019 - 05:13:17: [FAdmin] Bot08 (BOT) Attempted to pick up a gmod_camera
L 12/06/2019 - 05:13:17: [FAdmin] Bot08 (BOT) Attempted to pick up a gmod_tool
L 12/06/2019 - 05:13:17: [FAdmin] Bot08 (BOT) Attempted to pick up a pocket
L 12/06/2019 - 05:13:17: [FAdmin] Bot08 (BOT) Attempted to pick up a weapon_physgun
L 12/06/2019 - 05:13:19: "Bot09<11><BOT><>" connected, address "none"
L 12/06/2019 - 05:13:19: [FAdmin] Bot09 (BOT) Spawned for the first time
L 12/06/2019 - 05:13:19: [FAdmin] Bot09 (BOT) Spawned
L 12/06/2019 - 05:13:19: "Bot09<11><BOT><>" entered the game
L 12/06/2019 - 05:13:19: [FAdmin] Bot09 (BOT) Attempted to pick up a keys
L 12/06/2019 - 05:13:19: [FAdmin] Bot09 (BOT) Attempted to pick up a weapon_physcannon
L 12/06/2019 - 05:13:19: [FAdmin] Bot09 (BOT) Attempted to pick up a gmod_camera
L 12/06/2019 - 05:13:19: [FAdmin] Bot09 (BOT) Attempted to pick up a gmod_tool
L 12/06/2019 - 05:13:19: [FAdmin] Bot09 (BOT) Attempted to pick up a pocket
L 12/06/2019 - 05:13:19: [FAdmin] Bot09 (BOT) Attempted to pick up a weapon_physgun
L 12/06/2019 - 05:13:19: "Bot10<12><BOT><>" connected, address "none"
L 12/06/2019 - 05:13:19: [FAdmin] Bot10 (BOT) Spawned for the first time
L 12/06/2019 - 05:13:19: [FAdmin] Bot10 (BOT) Spawned
L 12/06/2019 - 05:13:19: "Bot10<12><BOT><>" entered the game
L 12/06/2019 - 05:13:19: [FAdmin] Bot10 (BOT) Attempted to pick up a keys
L 12/06/2019 - 05:13:19: [FAdmin] Bot10 (BOT) Attempted to pick up a weapon_physcannon
L 12/06/2019 - 05:13:19: [FAdmin] Bot10 (BOT) Attempted to pick up a gmod_camera
L 12/06/2019 - 05:13:19: [FAdmin] Bot10 (BOT) Attempted to pick up a gmod_tool
L 12/06/2019 - 05:13:19: [FAdmin] Bot10 (BOT) Attempted to pick up a pocket
L 12/06/2019 - 05:13:19: [FAdmin] Bot10 (BOT) Attempted to pick up a weapon_physgun
L 12/06/2019 - 05:13:20: "Bot11<13><BOT><>" connected, address "none"
L 12/06/2019 - 05:13:20: [FAdmin] Bot11 (BOT) Spawned for the first time
L 12/06/2019 - 05:13:20: [FAdmin] Bot11 (BOT) Spawned
L 12/06/2019 - 05:13:20: "Bot11<13><BOT><>" entered the game
L 12/06/2019 - 05:13:20: [FAdmin] Bot11 (BOT) Attempted to pick up a keys
L 12/06/2019 - 05:13:20: [FAdmin] Bot11 (BOT) Attempted to pick up a weapon_physcannon
L 12/06/2019 - 05:13:20: [FAdmin] Bot11 (BOT) Attempted to pick up a gmod_camera
L 12/06/2019 - 05:13:20: [FAdmin] Bot11 (BOT) Attempted to pick up a gmod_tool
L 12/06/2019 - 05:13:20: [FAdmin] Bot11 (BOT) Attempted to pick up a pocket
L 12/06/2019 - 05:13:20: [FAdmin] Bot11 (BOT) Attempted to pick up a weapon_physgun
L 12/06/2019 - 05:13:20: "Bot12<14><BOT><>" connected, address "none"
L 12/06/2019 - 05:13:20: [FAdmin] Bot12 (BOT) Spawned for the first time
L 12/06/2019 - 05:13:20: [FAdmin] Bot12 (BOT) Spawned
L 12/06/2019 - 05:13:20: "Bot12<14><BOT><>" entered the game
L 12/06/2019 - 05:13:20: [FAdmin] Bot12 (BOT) Attempted to pick up a keys
L 12/06/2019 - 05:13:20: [FAdmin] Bot12 (BOT) Attempted to pick up a weapon_physcannon
L 12/06/2019 - 05:13:20: [FAdmin] Bot12 (BOT) Attempted to pick up a gmod_camera
L 12/06/2019 - 05:13:20: [FAdmin] Bot12 (BOT) Attempted to pick up a gmod_tool
L 12/06/2019 - 05:13:20: [FAdmin] Bot12 (BOT) Attempted to pick up a pocket
L 12/06/2019 - 05:13:20: [FAdmin] Bot12 (BOT) Attempted to pick up a weapon_physgun
L 12/06/2019 - 05:13:20: "Bot13<15><BOT><>" connected, address "none"
L 12/06/2019 - 05:13:20: [FAdmin] Bot13 (BOT) Spawned for the first time
L 12/06/2019 - 05:13:20: [FAdmin] Bot13 (BOT) Spawned
L 12/06/2019 - 05:13:20: "Bot13<15><BOT><>" entered the game
L 12/06/2019 - 05:13:20: [FAdmin] Bot13 (BOT) Attempted to pick up a keys
L 12/06/2019 - 05:13:20: [FAdmin] Bot13 (BOT) Attempted to pick up a weapon_physcannon
L 12/06/2019 - 05:13:20: [FAdmin] Bot13 (BOT) Attempted to pick up a gmod_camera
L 12/06/2019 - 05:13:20: [FAdmin] Bot13 (BOT) Attempted to pick up a gmod_tool
L 12/06/2019 - 05:13:20: [FAdmin] Bot13 (BOT) Attempted to pick up a pocket
L 12/06/2019 - 05:13:20: [FAdmin] Bot13 (BOT) Attempted to pick up a weapon_physgun
L 12/06/2019 - 05:13:21: "Bot14<16><BOT><>" connected, address "none"
L 12/06/2019 - 05:13:21: [FAdmin] Bot14 (BOT) Spawned for the first time
L 12/06/2019 - 05:13:21: [FAdmin] Bot14 (BOT) Spawned
L 12/06/2019 - 05:13:21: "Bot14<16><BOT><>" entered the game
L 12/06/2019 - 05:13:21: [FAdmin] Bot14 (BOT) Attempted to pick up a keys
L 12/06/2019 - 05:13:21: [FAdmin] Bot14 (BOT) Attempted to pick up a weapon_physcannon
L 12/06/2019 - 05:13:21: [FAdmin] Bot14 (BOT) Attempted to pick up a gmod_camera
L 12/06/2019 - 05:13:21: [FAdmin] Bot14 (BOT) Attempted to pick up a gmod_tool
L 12/06/2019 - 05:13:21: [FAdmin] Bot14 (BOT) Attempted to pick up a pocket
L 12/06/2019 - 05:13:21: [FAdmin] Bot14 (BOT) Attempted to pick up a weapon_physgun
L 12/06/2019 - 05:13:21: "Bot15<17><BOT><>" connected, address "none"
L 12/06/2019 - 05:13:21: [FAdmin] Bot15 (BOT) Spawned for the first time
L 12/06/2019 - 05:13:21: [FAdmin] Bot15 (BOT) Spawned
L 12/06/2019 - 05:13:21: "Bot15<17><BOT><>" entered the game
L 12/06/2019 - 05:13:21: [FAdmin] Bot15 (BOT) Attempted to pick up a keys
L 12/06/2019 - 05:13:21: [FAdmin] Bot15 (BOT) Attempted to pick up a weapon_physcannon
L 12/06/2019 - 05:13:21: [FAdmin] Bot15 (BOT) Attempted to pick up a gmod_camera
L 12/06/2019 - 05:13:21: [FAdmin] Bot15 (BOT) Attempted to pick up a gmod_tool
L 12/06/2019 - 05:13:21: [FAdmin] Bot15 (BOT) Attempted to pick up a pocket
L 12/06/2019 - 05:13:21: [FAdmin] Bot15 (BOT) Attempted to pick up a weapon_physgun
L 12/06/2019 - 05:13:21: "Bot16<18><BOT><>" connected, address "none"
L 12/06/2019 - 05:13:21: [FAdmin] Bot16 (BOT) Spawned for the first time
L 12/06/2019 - 05:13:21: [FAdmin] Bot16 (BOT) Spawned
L 12/06/2019 - 05:13:21: "Bot16<18><BOT><>" entered the game
L 12/06/2019 - 05:13:21: [FAdmin] Bot16 (BOT) Attempted to pick up a keys
L 12/06/2019 - 05:13:21: [FAdmin] Bot16 (BOT) Attempted to pick up a weapon_physcannon
L 12/06/2019 - 05:13:21: [FAdmin] Bot16 (BOT) Attempted to pick up a gmod_camera
L 12/06/2019 - 05:13:21: [FAdmin] Bot16 (BOT) Attempted to pick up a gmod_tool
L 12/06/2019 - 05:13:21: [FAdmin] Bot16 (BOT) Attempted to pick up a pocket
L 12/06/2019 - 05:13:21: [FAdmin] Bot16 (BOT) Attempted to pick up a weapon_physgun
L 12/06/2019 - 05:13:21: "Bot17<19><BOT><>" connected, address "none"
L 12/06/2019 - 05:13:21: [FAdmin] Bot17 (BOT) Spawned for the first time
L 12/06/2019 - 05:13:21: [FAdmin] Bot17 (BOT) Spawned
L 12/06/2019 - 05:13:21: "Bot17<19><BOT><>" entered the game
L 12/06/2019 - 05:13:21: [FAdmin] Bot17 (BOT) Attempted to pick up a keys
L 12/06/2019 - 05:13:21: [FAdmin] Bot17 (BOT) Attempted to pick up a weapon_physcannon
L 12/06/2019 - 05:13:21: [FAdmin] Bot17 (BOT) Attempted to pick up a gmod_camera
L 12/06/2019 - 05:13:21: [FAdmin] Bot17 (BOT) Attempted to pick up a gmod_tool
L 12/06/2019 - 05:13:21: [FAdmin] Bot17 (BOT) Attempted to pick up a pocket
L 12/06/2019 - 05:13:21: [FAdmin] Bot17 (BOT) Attempted to pick up a weapon_physgun
L 12/06/2019 - 05:13:22: "Bot18<20><BOT><>" connected, address "none"
L 12/06/2019 - 05:13:22: [FAdmin] Bot18 (BOT) Spawned for the first time
L 12/06/2019 - 05:13:22: [FAdmin] Bot18 (BOT) Spawned
L 12/06/2019 - 05:13:22: "Bot18<20><BOT><>" entered the game
L 12/06/2019 - 05:13:22: [FAdmin] Bot18 (BOT) Attempted to pick up a keys
L 12/06/2019 - 05:13:22: [FAdmin] Bot18 (BOT) Attempted to pick up a weapon_physcannon
L 12/06/2019 - 05:13:22: [FAdmin] Bot18 (BOT) Attempted to pick up a gmod_camera
L 12/06/2019 - 05:13:22: [FAdmin] Bot18 (BOT) Attempted to pick up a gmod_tool
L 12/06/2019 - 05:13:22: [FAdmin] Bot18 (BOT) Attempted to pick up a pocket
L 12/06/2019 - 05:13:22: [FAdmin] Bot18 (BOT) Attempted to pick up a weapon_physgun
L 12/06/2019 - 05:13:22: "Bot19<21><BOT><>" connected, address "none"
L 12/06/2019 - 05:13:22: [FAdmin] Bot19 (BOT) Spawned for the first time
L 12/06/2019 - 05:13:22: [FAdmin] Bot19 (BOT) Spawned
L 12/06/2019 - 05:13:22: "Bot19<21><BOT><>" entered the game
L 12/06/2019 - 05:13:22: [FAdmin] Bot19 (BOT) Attempted to pick up a keys
L 12/06/2019 - 05:13:22: [FAdmin] Bot19 (BOT) Attempted to pick up a weapon_physcannon
L 12/06/2019 - 05:13:22: [FAdmin] Bot19 (BOT) Attempted to pick up a gmod_camera
L 12/06/2019 - 05:13:22: [FAdmin] Bot19 (BOT) Attempted to pick up a gmod_tool
L 12/06/2019 - 05:13:22: [FAdmin] Bot19 (BOT) Attempted to pick up a pocket
L 12/06/2019 - 05:13:22: [FAdmin] Bot19 (BOT) Attempted to pick up a weapon_physgun
L 12/06/2019 - 05:13:22: "Bot20<22><BOT><>" connected, address "none"
L 12/06/2019 - 05:13:22: [FAdmin] Bot20 (BOT) Spawned for the first time
L 12/06/2019 - 05:13:22: [FAdmin] Bot20 (BOT) Spawned
L 12/06/2019 - 05:13:22: "Bot20<22><BOT><>" entered the game
L 12/06/2019 - 05:13:22: [FAdmin] Bot20 (BOT) Attempted to pick up a keys
L 12/06/2019 - 05:13:22: [FAdmin] Bot20 (BOT) Attempted to pick up a weapon_physcannon
L 12/06/2019 - 05:13:22: [FAdmin] Bot20 (BOT) Attempted to pick up a gmod_camera
L 12/06/2019 - 05:13:22: [FAdmin] Bot20 (BOT) Attempted to pick up a gmod_tool
L 12/06/2019 - 05:13:22: [FAdmin] Bot20 (BOT) Attempted to pick up a pocket
L 12/06/2019 - 05:13:22: [FAdmin] Bot20 (BOT) Attempted to pick up a weapon_physgun
L 12/06/2019 - 05:13:22: "Bot21<23><BOT><>" connected, address "none"
L 12/06/2019 - 05:13:22: [FAdmin] Bot21 (BOT) Spawned for the first time
L 12/06/2019 - 05:13:22: [FAdmin] Bot21 (BOT) Spawned
L 12/06/2019 - 05:13:22: "Bot21<23><BOT><>" entered the game
L 12/06/2019 - 05:13:22: [FAdmin] Bot21 (BOT) Attempted to pick up a keys
L 12/06/2019 - 05:13:22: [FAdmin] Bot21 (BOT) Attempted to pick up a weapon_physcannon
L 12/06/2019 - 05:13:22: [FAdmin] Bot21 (BOT) Attempted to pick up a gmod_camera
L 12/06/2019 - 05:13:22: [FAdmin] Bot21 (BOT) Attempted to pick up a gmod_tool
L 12/06/2019 - 05:13:22: [FAdmin] Bot21 (BOT) Attempted to pick up a pocket
L 12/06/2019 - 05:13:22: [FAdmin] Bot21 (BOT) Attempted to pick up a weapon_physgun
L 12/06/2019 - 05:13:23: "Bot22<24><BOT><>" connected, address "none"
L 12/06/2019 - 05:13:23: [FAdmin] Bot22 (BOT) Spawned for the first time
L 12/06/2019 - 05:13:23: [FAdmin] Bot22 (BOT) Spawned
L 12/06/2019 - 05:13:23: "Bot22<24><BOT><>" entered the game
L 12/06/2019 - 05:13:23: [FAdmin] Bot22 (BOT) Attempted to pick up a keys
L 12/06/2019 - 05:13:23: [FAdmin] Bot22 (BOT) Attempted to pick up a weapon_physcannon
L 12/06/2019 - 05:13:23: [FAdmin] Bot22 (BOT) Attempted to pick up a gmod_camera
L 12/06/2019 - 05:13:23: [FAdmin] Bot22 (BOT) Attempted to pick up a gmod_tool
L 12/06/2019 - 05:13:23: [FAdmin] Bot22 (BOT) Attempted to pick up a pocket
L 12/06/2019 - 05:13:23: [FAdmin] Bot22 (BOT) Attempted to pick up a weapon_physgun
L 12/06/2019 - 05:13:24: "Bot23<25><BOT><>" connected, address "none"
L 12/06/2019 - 05:13:24: [FAdmin] Bot23 (BOT) Spawned for the first time
L 12/06/2019 - 05:13:24: [FAdmin] Bot23 (BOT) Spawned
L 12/06/2019 - 05:13:24: "Bot23<25><BOT><>" entered the game
L 12/06/2019 - 05:13:24: [FAdmin] Bot23 (BOT) Attempted to pick up a keys
L 12/06/2019 - 05:13:24: [FAdmin] Bot23 (BOT) Attempted to pick up a weapon_physcannon
L 12/06/2019 - 05:13:24: [FAdmin] Bot23 (BOT) Attempted to pick up a gmod_camera
L 12/06/2019 - 05:13:24: [FAdmin] Bot23 (BOT) Attempted to pick up a gmod_tool
L 12/06/2019 - 05:13:24: [FAdmin] Bot23 (BOT) Attempted to pick up a pocket
L 12/06/2019 - 05:13:24: [FAdmin] Bot23 (BOT) Attempted to pick up a weapon_physgun
L 12/06/2019 - 05:41:49: "DidVaitel<2><STEAM_0:1:74202541><>" disconnected (reason "Disconnect by user.")
L 12/06/2019 - 05:41:49: [FAdmin] DidVaitel (STEAM_0:1:74202541) Disconnected
L 12/06/2019 - 05:41:49: "Bot01<3><BOT><>" disconnected (reason "Punting bot, server is hibernating")
L 12/06/2019 - 05:41:49: [FAdmin] Bot01 (BOT) Disconnected
L 12/06/2019 - 05:41:49: "Bot02<4><BOT><>" disconnected (reason "Punting bot, server is hibernating")
L 12/06/2019 - 05:41:49: [FAdmin] Bot02 (BOT) Disconnected
L 12/06/2019 - 05:41:49: "Bot03<5><BOT><>" disconnected (reason "Punting bot, server is hibernating")
L 12/06/2019 - 05:41:49: [FAdmin] Bot03 (BOT) Disconnected
L 12/06/2019 - 05:41:49: "Bot04<6><BOT><>" disconnected (reason "Punting bot, server is hibernating")
L 12/06/2019 - 05:41:49: [FAdmin] Bot04 (BOT) Disconnected
L 12/06/2019 - 05:41:49: "Bot05<7><BOT><>" disconnected (reason "Punting bot, server is hibernating")
L 12/06/2019 - 05:41:49: [FAdmin] Bot05 (BOT) Disconnected
L 12/06/2019 - 05:41:49: "Bot06<8><BOT><>" disconnected (reason "Punting bot, server is hibernating")
L 12/06/2019 - 05:41:49: [FAdmin] Bot06 (BOT) Disconnected
L 12/06/2019 - 05:41:49: "Bot07<9><BOT><>" disconnected (reason "Punting bot, server is hibernating")
L 12/06/2019 - 05:41:49: [FAdmin] Bot07 (BOT) Disconnected
L 12/06/2019 - 05:41:49: "Bot08<10><BOT><>" disconnected (reason "Punting bot, server is hibernating")
L 12/06/2019 - 05:41:49: [FAdmin] Bot08 (BOT) Disconnected
L 12/06/2019 - 05:41:49: "Bot09<11><BOT><>" disconnected (reason "Punting bot, server is hibernating")
L 12/06/2019 - 05:41:49: [FAdmin] Bot09 (BOT) Disconnected
L 12/06/2019 - 05:41:49: "Bot10<12><BOT><>" disconnected (reason "Punting bot, server is hibernating")
L 12/06/2019 - 05:41:49: [FAdmin] Bot10 (BOT) Disconnected
L 12/06/2019 - 05:41:49: "Bot11<13><BOT><>" disconnected (reason "Punting bot, server is hibernating")
L 12/06/2019 - 05:41:49: [FAdmin] Bot11 (BOT) Disconnected
L 12/06/2019 - 05:41:49: "Bot12<14><BOT><>" disconnected (reason "Punting bot, server is hibernating")
L 12/06/2019 - 05:41:49: [FAdmin] Bot12 (BOT) Disconnected
L 12/06/2019 - 05:41:49: "Bot13<15><BOT><>" disconnected (reason "Punting bot, server is hibernating")
L 12/06/2019 - 05:41:49: [FAdmin] Bot13 (BOT) Disconnected
L 12/06/2019 - 05:41:49: "Bot14<16><BOT><>" disconnected (reason "Punting bot, server is hibernating")
L 12/06/2019 - 05:41:49: [FAdmin] Bot14 (BOT) Disconnected
L 12/06/2019 - 05:41:49: "Bot15<17><BOT><>" disconnected (reason "Punting bot, server is hibernating")
L 12/06/2019 - 05:41:49: [FAdmin] Bot15 (BOT) Disconnected
L 12/06/2019 - 05:41:49: "Bot16<18><BOT><>" disconnected (reason "Punting bot, server is hibernating")
L 12/06/2019 - 05:41:49: [FAdmin] Bot16 (BOT) Disconnected
L 12/06/2019 - 05:41:49: "Bot17<19><BOT><>" disconnected (reason "Punting bot, server is hibernating")
L 12/06/2019 - 05:41:49: [FAdmin] Bot17 (BOT) Disconnected
L 12/06/2019 - 05:41:49: "Bot18<20><BOT><>" disconnected (reason "Punting bot, server is hibernating")
L 12/06/2019 - 05:41:49: [FAdmin] Bot18 (BOT) Disconnected
L 12/06/2019 - 05:41:49: "Bot19<21><BOT><>" disconnected (reason "Punting bot, server is hibernating")
L 12/06/2019 - 05:41:49: [FAdmin] Bot19 (BOT) Disconnected
L 12/06/2019 - 05:41:49: "Bot20<22><BOT><>" disconnected (reason "Punting bot, server is hibernating")
L 12/06/2019 - 05:41:49: [FAdmin] Bot20 (BOT) Disconnected
L 12/06/2019 - 05:41:49: "Bot21<23><BOT><>" disconnected (reason "Punting bot, server is hibernating")
L 12/06/2019 - 05:41:49: [FAdmin] Bot21 (BOT) Disconnected
L 12/06/2019 - 05:41:49: "Bot22<24><BOT><>" disconnected (reason "Punting bot, server is hibernating")
L 12/06/2019 - 05:41:49: [FAdmin] Bot22 (BOT) Disconnected
L 12/06/2019 - 05:41:49: "Bot23<25><BOT><>" disconnected (reason "Punting bot, server is hibernating")
L 12/06/2019 - 05:41:49: [FAdmin] Bot23 (BOT) Disconnected
L 12/06/2019 - 05:41:49: "DidVaitel<26><STEAM_0:1:74202541><>" connected, address "31.130.42.47:27006"
L 12/06/2019 - 05:41:50: "DidVaitel<26><STEAM_0:1:74202541><>" STEAM USERID validated
L 12/06/2019 - 05:41:57: [FAdmin] DidVaitel (STEAM_0:1:74202541) is Authed
L 12/06/2019 - 05:41:57: [FAdmin] DidVaitel (STEAM_0:1:74202541) Spawned for the first time
L 12/06/2019 - 05:41:57: [FAdmin] DidVaitel (STEAM_0:1:74202541) Spawned
L 12/06/2019 - 05:41:57: "DidVaitel<26><STEAM_0:1:74202541><>" entered the game
L 12/06/2019 - 05:41:57: [FAdmin] DidVaitel (STEAM_0:1:74202541) Attempted to pick up a keys
L 12/06/2019 - 05:41:57: [FAdmin] DidVaitel (STEAM_0:1:74202541) Attempted to pick up a weapon_physcannon
L 12/06/2019 - 05:41:57: [FAdmin] DidVaitel (STEAM_0:1:74202541) Attempted to pick up a gmod_camera
L 12/06/2019 - 05:41:57: [FAdmin] DidVaitel (STEAM_0:1:74202541) Attempted to pick up a gmod_tool
L 12/06/2019 - 05:41:57: [FAdmin] DidVaitel (STEAM_0:1:74202541) Attempted to pick up a pocket
L 12/06/2019 - 05:41:57: [FAdmin] DidVaitel (STEAM_0:1:74202541) Attempted to pick up a weapon_physgun
L 12/06/2019 - 05:41:57: [FAdmin] DidVaitel (STEAM_0:1:74202541) Attempted to pick up a weapon_keypadchecker
L 12/06/2019 - 05:41:57: [FAdmin] DidVaitel (STEAM_0:1:74202541) Attempted to pick up a door_ram
L 12/06/2019 - 05:41:57: [FAdmin] DidVaitel (STEAM_0:1:74202541) Attempted to pick up a arrest_stick
L 12/06/2019 - 05:41:57: [FAdmin] DidVaitel (STEAM_0:1:74202541) Attempted to pick up a unarrest_stick
L 12/06/2019 - 05:41:57: [FAdmin] DidVaitel (STEAM_0:1:74202541) Attempted to pick up a stunstick
L 12/06/2019 - 05:41:57: [FAdmin] DidVaitel (STEAM_0:1:74202541) Attempted to pick up a weaponchecker
L 12/06/2019 - 05:45:03: "Bot24<27><BOT><>" connected, address "none"
L 12/06/2019 - 05:45:03: [FAdmin] Bot24 (BOT) Spawned for the first time
L 12/06/2019 - 05:45:03: [FAdmin] Bot24 (BOT) Spawned
L 12/06/2019 - 05:45:03: "Bot24<27><BOT><>" entered the game
L 12/06/2019 - 05:45:03: [FAdmin] Bot24 (BOT) Attempted to pick up a keys
L 12/06/2019 - 05:45:03: [FAdmin] Bot24 (BOT) Attempted to pick up a weapon_physcannon
L 12/06/2019 - 05:45:03: [FAdmin] Bot24 (BOT) Attempted to pick up a gmod_camera
L 12/06/2019 - 05:45:03: [FAdmin] Bot24 (BOT) Attempted to pick up a gmod_tool
L 12/06/2019 - 05:45:03: [FAdmin] Bot24 (BOT) Attempted to pick up a pocket
L 12/06/2019 - 05:45:03: [FAdmin] Bot24 (BOT) Attempted to pick up a weapon_physgun
L 12/06/2019 - 05:45:04: "Bot25<28><BOT><>" connected, address "none"
L 12/06/2019 - 05:45:04: [FAdmin] Bot25 (BOT) Spawned for the first time
L 12/06/2019 - 05:45:04: [FAdmin] Bot25 (BOT) Spawned
L 12/06/2019 - 05:45:04: "Bot25<28><BOT><>" entered the game
L 12/06/2019 - 05:45:04: [FAdmin] Bot25 (BOT) Attempted to pick up a keys
L 12/06/2019 - 05:45:04: [FAdmin] Bot25 (BOT) Attempted to pick up a weapon_physcannon
L 12/06/2019 - 05:45:04: [FAdmin] Bot25 (BOT) Attempted to pick up a gmod_camera
L 12/06/2019 - 05:45:04: [FAdmin] Bot25 (BOT) Attempted to pick up a gmod_tool
L 12/06/2019 - 05:45:04: [FAdmin] Bot25 (BOT) Attempted to pick up a pocket
L 12/06/2019 - 05:45:04: [FAdmin] Bot25 (BOT) Attempted to pick up a weapon_physgun
L 12/06/2019 - 05:45:04: "Bot26<29><BOT><>" connected, address "none"
L 12/06/2019 - 05:45:04: [FAdmin] Bot26 (BOT) Spawned for the first time
L 12/06/2019 - 05:45:04: [FAdmin] Bot26 (BOT) Spawned
L 12/06/2019 - 05:45:04: "Bot26<29><BOT><>" entered the game
L 12/06/2019 - 05:45:04: [FAdmin] Bot26 (BOT) Attempted to pick up a keys
L 12/06/2019 - 05:45:04: [FAdmin] Bot26 (BOT) Attempted to pick up a weapon_physcannon
L 12/06/2019 - 05:45:04: [FAdmin] Bot26 (BOT) Attempted to pick up a gmod_camera
L 12/06/2019 - 05:45:04: [FAdmin] Bot26 (BOT) Attempted to pick up a gmod_tool
L 12/06/2019 - 05:45:04: [FAdmin] Bot26 (BOT) Attempted to pick up a pocket
L 12/06/2019 - 05:45:04: [FAdmin] Bot26 (BOT) Attempted to pick up a weapon_physgun
L 12/06/2019 - 05:45:05: "Bot27<30><BOT><>" connected, address "none"
L 12/06/2019 - 05:45:05: [FAdmin] Bot27 (BOT) Spawned for the first time
L 12/06/2019 - 05:45:05: [FAdmin] Bot27 (BOT) Spawned
L 12/06/2019 - 05:45:05: "Bot27<30><BOT><>" entered the game
L 12/06/2019 - 05:45:05: [FAdmin] Bot27 (BOT) Attempted to pick up a keys
L 12/06/2019 - 05:45:05: [FAdmin] Bot27 (BOT) Attempted to pick up a weapon_physcannon
L 12/06/2019 - 05:45:05: [FAdmin] Bot27 (BOT) Attempted to pick up a gmod_camera
L 12/06/2019 - 05:45:05: [FAdmin] Bot27 (BOT) Attempted to pick up a gmod_tool
L 12/06/2019 - 05:45:05: [FAdmin] Bot27 (BOT) Attempted to pick up a pocket
L 12/06/2019 - 05:45:05: [FAdmin] Bot27 (BOT) Attempted to pick up a weapon_physgun
L 12/06/2019 - 05:45:05: "Bot28<31><BOT><>" connected, address "none"
L 12/06/2019 - 05:45:05: [FAdmin] Bot28 (BOT) Spawned for the first time
L 12/06/2019 - 05:45:05: [FAdmin] Bot28 (BOT) Spawned
L 12/06/2019 - 05:45:05: "Bot28<31><BOT><>" entered the game
L 12/06/2019 - 05:45:05: [FAdmin] Bot28 (BOT) Attempted to pick up a keys
L 12/06/2019 - 05:45:05: [FAdmin] Bot28 (BOT) Attempted to pick up a weapon_physcannon
L 12/06/2019 - 05:45:05: [FAdmin] Bot28 (BOT) Attempted to pick up a gmod_camera
L 12/06/2019 - 05:45:05: [FAdmin] Bot28 (BOT) Attempted to pick up a gmod_tool
L 12/06/2019 - 05:45:05: [FAdmin] Bot28 (BOT) Attempted to pick up a pocket
L 12/06/2019 - 05:45:05: [FAdmin] Bot28 (BOT) Attempted to pick up a weapon_physgun
L 12/06/2019 - 05:45:06: "Bot29<32><BOT><>" connected, address "none"
L 12/06/2019 - 05:45:06: [FAdmin] Bot29 (BOT) Spawned for the first time
L 12/06/2019 - 05:45:06: [FAdmin] Bot29 (BOT) Spawned
L 12/06/2019 - 05:45:06: "Bot29<32><BOT><>" entered the game
L 12/06/2019 - 05:45:06: [FAdmin] Bot29 (BOT) Attempted to pick up a keys
L 12/06/2019 - 05:45:06: [FAdmin] Bot29 (BOT) Attempted to pick up a weapon_physcannon
L 12/06/2019 - 05:45:06: [FAdmin] Bot29 (BOT) Attempted to pick up a gmod_camera
L 12/06/2019 - 05:45:06: [FAdmin] Bot29 (BOT) Attempted to pick up a gmod_tool
L 12/06/2019 - 05:45:06: [FAdmin] Bot29 (BOT) Attempted to pick up a pocket
L 12/06/2019 - 05:45:06: [FAdmin] Bot29 (BOT) Attempted to pick up a weapon_physgun
L 12/06/2019 - 05:45:06: "Bot30<33><BOT><>" connected, address "none"
L 12/06/2019 - 05:45:06: [FAdmin] Bot30 (BOT) Spawned for the first time
L 12/06/2019 - 05:45:06: [FAdmin] Bot30 (BOT) Spawned
L 12/06/2019 - 05:45:06: "Bot30<33><BOT><>" entered the game
L 12/06/2019 - 05:45:06: [FAdmin] Bot30 (BOT) Attempted to pick up a keys
L 12/06/2019 - 05:45:06: [FAdmin] Bot30 (BOT) Attempted to pick up a weapon_physcannon
L 12/06/2019 - 05:45:06: [FAdmin] Bot30 (BOT) Attempted to pick up a gmod_camera
L 12/06/2019 - 05:45:06: [FAdmin] Bot30 (BOT) Attempted to pick up a gmod_tool
L 12/06/2019 - 05:45:06: [FAdmin] Bot30 (BOT) Attempted to pick up a pocket
L 12/06/2019 - 05:45:06: [FAdmin] Bot30 (BOT) Attempted to pick up a weapon_physgun
L 12/06/2019 - 05:45:07: "Bot31<34><BOT><>" connected, address "none"
L 12/06/2019 - 05:45:07: [FAdmin] Bot31 (BOT) Spawned for the first time
L 12/06/2019 - 05:45:07: [FAdmin] Bot31 (BOT) Spawned
L 12/06/2019 - 05:45:07: "Bot31<34><BOT><>" entered the game
L 12/06/2019 - 05:45:07: [FAdmin] Bot31 (BOT) Attempted to pick up a keys
L 12/06/2019 - 05:45:07: [FAdmin] Bot31 (BOT) Attempted to pick up a weapon_physcannon
L 12/06/2019 - 05:45:07: [FAdmin] Bot31 (BOT) Attempted to pick up a gmod_camera
L 12/06/2019 - 05:45:07: [FAdmin] Bot31 (BOT) Attempted to pick up a gmod_tool
L 12/06/2019 - 05:45:07: [FAdmin] Bot31 (BOT) Attempted to pick up a pocket
L 12/06/2019 - 05:45:07: [FAdmin] Bot31 (BOT) Attempted to pick up a weapon_physgun
L 12/06/2019 - 05:45:07: "Bot32<35><BOT><>" connected, address "none"
L 12/06/2019 - 05:45:07: [FAdmin] Bot32 (BOT) Spawned for the first time
L 12/06/2019 - 05:45:07: [FAdmin] Bot32 (BOT) Spawned
L 12/06/2019 - 05:45:07: "Bot32<35><BOT><>" entered the game
L 12/06/2019 - 05:45:07: [FAdmin] Bot32 (BOT) Attempted to pick up a keys
L 12/06/2019 - 05:45:07: [FAdmin] Bot32 (BOT) Attempted to pick up a weapon_physcannon
L 12/06/2019 - 05:45:07: [FAdmin] Bot32 (BOT) Attempted to pick up a gmod_camera
L 12/06/2019 - 05:45:07: [FAdmin] Bot32 (BOT) Attempted to pick up a gmod_tool
L 12/06/2019 - 05:45:07: [FAdmin] Bot32 (BOT) Attempted to pick up a pocket
L 12/06/2019 - 05:45:07: [FAdmin] Bot32 (BOT) Attempted to pick up a weapon_physgun
L 12/06/2019 - 05:45:07: "Bot33<36><BOT><>" connected, address "none"
L 12/06/2019 - 05:45:07: [FAdmin] Bot33 (BOT) Spawned for the first time
L 12/06/2019 - 05:45:08: [FAdmin] Bot33 (BOT) Spawned
L 12/06/2019 - 05:45:08: "Bot33<36><BOT><>" entered the game
L 12/06/2019 - 05:45:08: [FAdmin] Bot33 (BOT) Attempted to pick up a keys
L 12/06/2019 - 05:45:08: [FAdmin] Bot33 (BOT) Attempted to pick up a weapon_physcannon
L 12/06/2019 - 05:45:08: [FAdmin] Bot33 (BOT) Attempted to pick up a gmod_camera
L 12/06/2019 - 05:45:08: [FAdmin] Bot33 (BOT) Attempted to pick up a gmod_tool
L 12/06/2019 - 05:45:08: [FAdmin] Bot33 (BOT) Attempted to pick up a pocket
L 12/06/2019 - 05:45:08: [FAdmin] Bot33 (BOT) Attempted to pick up a weapon_physgun
L 12/06/2019 - 05:45:08: "Bot34<37><BOT><>" connected, address "none"
L 12/06/2019 - 05:45:08: [FAdmin] Bot34 (BOT) Spawned for the first time
L 12/06/2019 - 05:45:08: [FAdmin] Bot34 (BOT) Spawned
L 12/06/2019 - 05:45:08: "Bot34<37><BOT><>" entered the game
L 12/06/2019 - 05:45:08: [FAdmin] Bot34 (BOT) Attempted to pick up a keys
L 12/06/2019 - 05:45:08: [FAdmin] Bot34 (BOT) Attempted to pick up a weapon_physcannon
L 12/06/201