L 12/09/2018 - 16:13:22: Log file started (file "logs\L1209013.log") (game "F:\sup\steamapps\common\GarrysModDS\garrysmod") (version "7334")
L 12/09/2018 - 16:13:22: server_cvar: "sv_alltalk" "3"
L 12/09/2018 - 16:13:22: server_cvar: "sv_allowcslua" "1"
L 12/09/2018 - 16:13:22: server_cvar: "sv_airaccelerate" "1000"
L 12/09/2018 - 16:13:22: server_cvar: "sv_alltalk" "0"
L 12/09/2018 - 16:13:23: Connection to Steam servers successful.
L 12/09/2018 - 16:13:23:    Public IP is 31.130.42.81.
L 12/09/2018 - 16:13:23: Assigned anonymous gameserver Steam ID [A-1:3251598347(11534)].
L 12/09/2018 - 16:13:24: VAC secure mode is activated.
L 12/09/2018 - 16:13:28: "DidVaitel<2><STEAM_0:1:74202541><>" connected, address "192.168.1.102:27006"
L 12/09/2018 - 16:13:28: "DidVaitel<2><STEAM_0:1:74202541><>" STEAM USERID validated
L 12/09/2018 - 16:13:37: [FAdmin] DidVaitel (STEAM_0:1:74202541) is Authed
L 12/09/2018 - 16:13:37: [FAdmin] DidVaitel (STEAM_0:1:74202541) Spawned for the first time
L 12/09/2018 - 16:13:37: [FAdmin] DidVaitel (STEAM_0:1:74202541) Spawned
L 12/09/2018 - 16:13:37: "DidVaitel<2><STEAM_0:1:74202541><>" entered the game
L 12/09/2018 - 16:13:37: [FAdmin] DidVaitel (STEAM_0:1:74202541) Attempted to pick up a keys
L 12/09/2018 - 16:13:37: [FAdmin] DidVaitel (STEAM_0:1:74202541) Attempted to pick up a weapon_physcannon
L 12/09/2018 - 16:13:37: [FAdmin] DidVaitel (STEAM_0:1:74202541) Attempted to pick up a gmod_camera
L 12/09/2018 - 16:13:37: [FAdmin] DidVaitel (STEAM_0:1:74202541) Attempted to pick up a gmod_tool
L 12/09/2018 - 16:13:37: [FAdmin] DidVaitel (STEAM_0:1:74202541) Attempted to pick up a pocket
L 12/09/2018 - 16:13:37: [FAdmin] DidVaitel (STEAM_0:1:74202541) Attempted to pick up a weapon_physgun
L 12/09/2018 - 16:13:37: [FAdmin] DidVaitel (STEAM_0:1:74202541) Attempted to pick up a weapon_keypadchecker
L 12/09/2018 - 16:13:37: [FAdmin] DidVaitel (STEAM_0:1:74202541) Attempted to pick up a door_ram
L 12/09/2018 - 16:13:37: [FAdmin] DidVaitel (STEAM_0:1:74202541) Attempted to pick up a arrest_stick
L 12/09/2018 - 16:13:37: [FAdmin] DidVaitel (STEAM_0:1:74202541) Attempted to pick up a unarrest_stick
L 12/09/2018 - 16:13:37: [FAdmin] DidVaitel (STEAM_0:1:74202541) Attempted to pick up a stunstick
L 12/09/2018 - 16:13:37: [FAdmin] DidVaitel (STEAM_0:1:74202541) Attempted to pick up a weaponchecker
L 12/09/2018 - 16:13:52: "eLeCtrOssSnake<3><STEAM_0:1:164666257><>" connected, address "212.66.63.21:27005"
L 12/09/2018 - 16:13:53: "eLeCtrOssSnake<3><STEAM_0:1:164666257><>" STEAM USERID validated
L 12/09/2018 - 16:14:01: [FAdmin] eLeCtrOssSnake (STEAM_0:1:164666257) is Authed
L 12/09/2018 - 16:14:01: [FAdmin] eLeCtrOssSnake (STEAM_0:1:164666257) Spawned for the first time
L 12/09/2018 - 16:14:01: [FAdmin] eLeCtrOssSnake (STEAM_0:1:164666257) Spawned
L 12/09/2018 - 16:14:01: "eLeCtrOssSnake<3><STEAM_0:1:164666257><>" entered the game
L 12/09/2018 - 16:14:01: [FAdmin] eLeCtrOssSnake (STEAM_0:1:164666257) Attempted to pick up a keys
L 12/09/2018 - 16:14:01: [FAdmin] eLeCtrOssSnake (STEAM_0:1:164666257) Attempted to pick up a weapon_physcannon
L 12/09/2018 - 16:14:01: [FAdmin] eLeCtrOssSnake (STEAM_0:1:164666257) Attempted to pick up a gmod_camera
L 12/09/2018 - 16:14:01: [FAdmin] eLeCtrOssSnake (STEAM_0:1:164666257) Attempted to pick up a gmod_tool
L 12/09/2018 - 16:14:01: [FAdmin] eLeCtrOssSnake (STEAM_0:1:164666257) Attempted to pick up a pocket
L 12/09/2018 - 16:14:01: [FAdmin] eLeCtrOssSnake (STEAM_0:1:164666257) Attempted to pick up a weapon_physgun
L 12/09/2018 - 16:14:11: "DidVaitel<2><STEAM_0:1:74202541><Citizen>" say "!menu"

L 12/09/2018 - 16:14:14: [FAdmin] eLeCtrOssSnake (STEAM_0:1:164666257) Spawned a models/props_junk/wood_crate002a.mdl
L 12/09/2018 - 16:14:25: Lua Error: 
[ERROR] addons/super-mega-ultra-duel-system2/lua/gduel/core/sv_functions.lua:9: bad argument #1 to 'WriteString' (string expected, got nil)
  1. WriteString - [C]:-1
   2. sendMessageToPlayer - addons/super-mega-ultra-duel-system2/lua/gduel/core/sv_functions.lua:9
    3. v - addons/super-mega-ultra-duel-system2/lua/gduel/core/sv_functions.lua:147
     4. unknown - gamemodes/darkrp/gamemode/modules/chat/sv_chat.lua:139


L 12/09/2018 - 16:14:25: "eLeCtrOssSnake<3><STEAM_0:1:164666257><Team>" say "хуесос"
L 12/09/2018 - 16:14:36: Lua Error: Warning! A net message is already started! Discarding...

L 12/09/2018 - 16:14:36: [FAdmin] prop_physics(models/props_junk/wood_crate002a.mdl) Got removed
L 12/09/2018 - 16:14:36: [FAdmin] DidVaitel (STEAM_0:1:74202541) Got killed by prop_physics with a prop_physics
L 12/09/2018 - 16:14:43: Lua Error: 
[ERROR] addons/super-mega-ultra-duel-system2/lua/gduel/core/sv_functions.lua:9: bad argument #1 to 'WriteString' (string expected, got nil)
  1. WriteString - [C]:-1
   2. sendMessageToPlayer - addons/super-mega-ultra-duel-system2/lua/gduel/core/sv_functions.lua:9
    3. v - addons/super-mega-ultra-duel-system2/lua/gduel/core/sv_functions.lua:147
     4. unknown - gamemodes/darkrp/gamemode/modules/chat/sv_chat.lua:139


L 12/09/2018 - 16:14:43: "eLeCtrOssSnake<3><STEAM_0:1:164666257><Team>" say "разрор сасает"
L 12/09/2018 - 16:14:51: [FAdmin] eLeCtrOssSnake (STEAM_0:1:164666257) Spawned a models/props_junk/PlasticCrate01a.mdl
L 12/09/2018 - 16:14:51: Lua Error: Warning! A net message is already started! Discarding...

L 12/09/2018 - 16:14:58: [FAdmin] eLeCtrOssSnake (STEAM_0:1:164666257) Got killed by prop_physics with a prop_physics
L 12/09/2018 - 16:14:59: [FAdmin] prop_physics(models/props_junk/plasticcrate01a.mdl) Got removed
L 12/09/2018 - 16:15:00: [FAdmin] eLeCtrOssSnake (STEAM_0:1:164666257) Spawned
L 12/09/2018 - 16:15:00: [FAdmin] eLeCtrOssSnake (STEAM_0:1:164666257) Attempted to pick up a keys
L 12/09/2018 - 16:15:00: [FAdmin] eLeCtrOssSnake (STEAM_0:1:164666257) Attempted to pick up a weapon_physcannon
L 12/09/2018 - 16:15:00: [FAdmin] eLeCtrOssSnake (STEAM_0:1:164666257) Attempted to pick up a gmod_camera
L 12/09/2018 - 16:15:00: [FAdmin] eLeCtrOssSnake (STEAM_0:1:164666257) Attempted to pick up a gmod_tool
L 12/09/2018 - 16:15:00: [FAdmin] eLeCtrOssSnake (STEAM_0:1:164666257) Attempted to pick up a pocket
L 12/09/2018 - 16:15:00: [FAdmin] eLeCtrOssSnake (STEAM_0:1:164666257) Attempted to pick up a weapon_physgun
L 12/09/2018 - 16:15:02: [FAdmin] eLeCtrOssSnake (STEAM_0:1:164666257) Spawned a models/props_c17/gate_door02a.mdl
L 12/09/2018 - 16:15:21: [FAdmin] eLeCtrOssSnake (STEAM_0:1:164666257) Got killed by N/A with a N/A
L 12/09/2018 - 16:15:22: [FAdmin] prop_physics(models/props_c17/gate_door02a.mdl) Got removed
L 12/09/2018 - 16:15:22: [FAdmin] eLeCtrOssSnake (STEAM_0:1:164666257) Spawned
L 12/09/2018 - 16:15:23: [FAdmin] eLeCtrOssSnake (STEAM_0:1:164666257) Attempted to pick up a keys
L 12/09/2018 - 16:15:23: [FAdmin] eLeCtrOssSnake (STEAM_0:1:164666257) Attempted to pick up a weapon_physcannon
L 12/09/2018 - 16:15:23: [FAdmin] eLeCtrOssSnake (STEAM_0:1:164666257) Attempted to pick up a gmod_camera
L 12/09/2018 - 16:15:23: [FAdmin] eLeCtrOssSnake (STEAM_0:1:164666257) Attempted to pick up a gmod_tool
L 12/09/2018 - 16:15:23: [FAdmin] eLeCtrOssSnake (STEAM_0:1:164666257) Attempted to pick up a pocket
L 12/09/2018 - 16:15:23: [FAdmin] eLeCtrOssSnake (STEAM_0:1:164666257) Attempted to pick up a weapon_physgun
L 12/09/2018 - 16:15:24: [FAdmin] eLeCtrOssSnake (STEAM_0:1:164666257) Spawned a models/props_c17/gate_door02a.mdl
L 12/09/2018 - 16:15:41: [FAdmin] DidVaitel (STEAM_0:1:74202541) Spawned
L 12/09/2018 - 16:15:41: [FAdmin] DidVaitel (STEAM_0:1:74202541) Attempted to pick up a keys
L 12/09/2018 - 16:15:41: [FAdmin] DidVaitel (STEAM_0:1:74202541) Attempted to pick up a weapon_physcannon
L 12/09/2018 - 16:15:41: [FAdmin] DidVaitel (STEAM_0:1:74202541) Attempted to pick up a gmod_camera
L 12/09/2018 - 16:15:41: [FAdmin] DidVaitel (STEAM_0:1:74202541) Attempted to pick up a gmod_tool
L 12/09/2018 - 16:15:41: [FAdmin] DidVaitel (STEAM_0:1:74202541) Attempted to pick up a pocket
L 12/09/2018 - 16:15:41: [FAdmin] DidVaitel (STEAM_0:1:74202541) Attempted to pick up a weapon_physgun
L 12/09/2018 - 16:15:41: [FAdmin] DidVaitel (STEAM_0:1:74202541) Attempted to pick up a weapon_keypadchecker
L 12/09/2018 - 16:15:41: [FAdmin] DidVaitel (STEAM_0:1:74202541) Attempted to pick up a door_ram
L 12/09/2018 - 16:15:41: [FAdmin] DidVaitel (STEAM_0:1:74202541) Attempted to pick up a arrest_stick
L 12/09/2018 - 16:15:41: [FAdmin] DidVaitel (STEAM_0:1:74202541) Attempted to pick up a unarrest_stick
L 12/09/2018 - 16:15:41: [FAdmin] DidVaitel (STEAM_0:1:74202541) Attempted to pick up a stunstick
L 12/09/2018 - 16:15:41: [FAdmin] DidVaitel (STEAM_0:1:74202541) Attempted to pick up a weaponchecker
L 12/09/2018 - 16:15:46: [FAdmin] eLeCtrOssSnake (STEAM_0:1:164666257) Got killed by N/A with a N/A
L 12/09/2018 - 16:15:47: Lua Error: 
[ERROR] addons/super-mega-ultra-duel-system2/lua/gduel/core/sv_functions.lua:9: bad argument #1 to 'WriteString' (string expected, got nil)
  1. WriteString - [C]:-1
   2. sendMessageToPlayer - addons/super-mega-ultra-duel-system2/lua/gduel/core/sv_functions.lua:9
    3. v - addons/super-mega-ultra-duel-system2/lua/gduel/core/sv_functions.lua:147
     4. unknown - gamemodes/darkrp/gamemode/modules/chat/sv_chat.lua:139


L 12/09/2018 - 16:15:47: "eLeCtrOssSnake<3><STEAM_0:1:164666257><Team>" say "333"
L 12/09/2018 - 16:15:48: [FAdmin] eLeCtrOssSnake (STEAM_0:1:164666257) Spawned
L 12/09/2018 - 16:15:48: [FAdmin] eLeCtrOssSnake (STEAM_0:1:164666257) Attempted to pick up a keys
L 12/09/2018 - 16:15:48: [FAdmin] eLeCtrOssSnake (STEAM_0:1:164666257) Attempted to pick up a weapon_physcannon
L 12/09/2018 - 16:15:48: [FAdmin] eLeCtrOssSnake (STEAM_0:1:164666257) Attempted to pick up a gmod_camera
L 12/09/2018 - 16:15:48: [FAdmin] eLeCtrOssSnake (STEAM_0:1:164666257) Attempted to pick up a gmod_tool
L 12/09/2018 - 16:15:48: [FAdmin] eLeCtrOssSnake (STEAM_0:1:164666257) Attempted to pick up a pocket
L 12/09/2018 - 16:15:48: [FAdmin] eLeCtrOssSnake (STEAM_0:1:164666257) Attempted to pick up a weapon_physgun
L 12/09/2018 - 16:15:48: Lua Error: Warning! A net message is already started! Discarding...

L 12/09/2018 - 16:15:50: [FAdmin] DidVaitel (STEAM_0:1:74202541) Got killed by prop_physics with a prop_physics
L 12/09/2018 - 16:15:51: [FAdmin] DidVaitel (STEAM_0:1:74202541) Spawned
L 12/09/2018 - 16:15:51: [FAdmin] DidVaitel (STEAM_0:1:74202541) Attempted to pick up a keys
L 12/09/2018 - 16:15:51: [FAdmin] DidVaitel (STEAM_0:1:74202541) Attempted to pick up a weapon_physcannon
L 12/09/2018 - 16:15:51: [FAdmin] DidVaitel (STEAM_0:1:74202541) Attempted to pick up a gmod_camera
L 12/09/2018 - 16:15:51: [FAdmin] DidVaitel (STEAM_0:1:74202541) Attempted to pick up a gmod_tool
L 12/09/2018 - 16:15:51: [FAdmin] DidVaitel (STEAM_0:1:74202541) Attempted to pick up a pocket
L 12/09/2018 - 16:15:51: [FAdmin] DidVaitel (STEAM_0:1:74202541) Attempted to pick up a weapon_physgun
L 12/09/2018 - 16:15:51: [FAdmin] DidVaitel (STEAM_0:1:74202541) Attempted to pick up a weapon_keypadchecker
L 12/09/2018 - 16:15:51: [FAdmin] DidVaitel (STEAM_0:1:74202541) Attempted to pick up a door_ram
L 12/09/2018 - 16:15:51: [FAdmin] DidVaitel (STEAM_0:1:74202541) Attempted to pick up a arrest_stick
L 12/09/2018 - 16:15:51: [FAdmin] DidVaitel (STEAM_0:1:74202541) Attempted to pick up a unarrest_stick
L 12/09/2018 - 16:15:51: [FAdmin] DidVaitel (STEAM_0:1:74202541) Attempted to pick up a stunstick
L 12/09/2018 - 16:15:51: [FAdmin] DidVaitel (STEAM_0:1:74202541) Attempted to pick up a weaponchecker
L 12/09/2018 - 16:15:52: [FAdmin] prop_physics(models/props_c17/gate_door02a.mdl) Got removed
L 12/09/2018 - 16:15:54: [FAdmin] eLeCtrOssSnake (STEAM_0:1:164666257) Spawned a models/props_phx/construct/wood/wood_panel2x4.mdl
L 12/09/2018 - 16:15:59: [FAdmin] eLeCtrOssSnake (STEAM_0:1:164666257) Spawned a models/props_phx/construct/wood/wood_panel2x4.mdl
L 12/09/2018 - 16:15:59: [FAdmin] DidVaitel (STEAM_0:1:74202541) Got killed by prop_physics with a prop_physics
L 12/09/2018 - 16:16:00: [FAdmin] prop_physics(models/props_phx/construct/wood/wood_panel2x4.mdl) Got removed
L 12/09/2018 - 16:16:00: [FAdmin] prop_physics(models/props_phx/construct/wood/wood_panel2x4.mdl) Got removed
L 12/09/2018 - 16:16:03: [FAdmin] eLeCtrOssSnake (STEAM_0:1:164666257) Spawned a models/props_phx/construct/wood/wood_panel2x4.mdl
L 12/09/2018 - 16:16:07: [FAdmin] Server succesfully shut down.
L 12/09/2018 - 16:16:07: [FAdmin] prop_physics(models/props/de_nuke/handtruck.mdl) Got removed
L 12/09/2018 - 16:16:07: [FAdmin] prop_physics(models/props_c17/door01_left.mdl) Got removed
L 12/09/2018 - 16:16:07: [FAdmin] prop_physics(models/props_c17/door01_left.mdl) Got removed
L 12/09/2018 - 16:16:07: [FAdmin] prop_physics(models/props_c17/door01_left.mdl) Got removed
L 12/09/2018 - 16:16:07: [FAdmin] prop_physics(models/props_c17/door01_left.mdl) Got removed
L 12/09/2018 - 16:16:07: [FAdmin] prop_physics(models/props_c17/door01_left.mdl) Got removed
L 12/09/2018 - 16:16:07: [FAdmin] prop_physics(models/props_c17/door01_left.mdl) Got removed
L 12/09/2018 - 16:16:07: [FAdmin] prop_physics(models/props_junk/pushcart01a.mdl) Got removed
L 12/09/2018 - 16:16:07: [FAdmin] prop_physics(models/props/de_nuke/handtruck.mdl) Got removed
L 12/09/2018 - 16:16:07: [FAdmin] prop_physics(models/props_c17/door01_left.mdl) Got removed
L 12/09/2018 - 16:16:07: [FAdmin] prop_physics(models/props_c17/door01_left.mdl) Got removed
L 12/09/2018 - 16:16:07: [FAdmin] prop_physics(models/props_junk/wood_crate001a_damaged.mdl) Got removed
L 12/09/2018 - 16:16:07: [FAdmin] prop_physics(models/props_junk/wood_crate001a_damaged.mdl) Got removed
L 12/09/2018 - 16:16:07: [FAdmin] prop_physics(models/props_junk/wood_crate001a_damaged.mdl) Got removed
L 12/09/2018 - 16:16:07: [FAdmin] prop_physics(models/props_junk/wood_crate001a_damaged.mdl) Got removed
L 12/09/2018 - 16:16:07: [FAdmin] prop_physics(models/props_junk/wood_crate001a_damaged.mdl) Got removed
L 12/09/2018 - 16:16:07: [FAdmin] prop_physics(models/props_phx/construct/wood/wood_panel2x4.mdl) Got removed
L 12/09/2018 - 16:16:07: "eLeCtrOssSnake<3><STEAM_0:1:164666257><>" disconnected (reason "Server shutting down")
L 12/09/2018 - 16:16:07: "DidVaitel<2><STEAM_0:1:74202541><>" disconnected (reason "Server shutting down")
L 12/09/2018 - 16:16:08: server_message: "quit"
L 12/09/2018 - 16:16:08: Log file closed.
