L 12/09/2018 - 16:03:44: Log file started (file "logs\L1209012.log") (game "F:\sup\steamapps\common\GarrysModDS\garrysmod") (version "7334")
L 12/09/2018 - 16:03:44: server_cvar: "sv_alltalk" "3"
L 12/09/2018 - 16:03:44: server_cvar: "sv_allowcslua" "1"
L 12/09/2018 - 16:03:44: server_cvar: "sv_airaccelerate" "1000"
L 12/09/2018 - 16:03:44: server_cvar: "sv_alltalk" "0"
L 12/09/2018 - 16:03:45: Connection to Steam servers successful.
L 12/09/2018 - 16:03:45:    Public IP is 31.130.42.81.
L 12/09/2018 - 16:03:45: Assigned anonymous gameserver Steam ID [A-1:2997651467(11534)].
L 12/09/2018 - 16:03:45: VAC secure mode is activated.
L 12/09/2018 - 16:05:05: "eLeCtrOssSnake<2><STEAM_0:1:164666257><>" connected, address "212.66.63.21:27005"
L 12/09/2018 - 16:05:05: "eLeCtrOssSnake<2><STEAM_0:1:164666257><>" STEAM USERID validated
L 12/09/2018 - 16:05:08: "DidVaitel<3><STEAM_0:1:74202541><>" connected, address "192.168.1.102:27006"
L 12/09/2018 - 16:05:09: "DidVaitel<3><STEAM_0:1:74202541><>" STEAM USERID validated
L 12/09/2018 - 16:05:14: "eLeCtrOssSnake<2><STEAM_0:1:164666257><>" disconnected (reason "Map is missing")
L 12/09/2018 - 16:05:18: [FAdmin] DidVaitel (STEAM_0:1:74202541) is Authed
L 12/09/2018 - 16:05:18: [FAdmin] DidVaitel (STEAM_0:1:74202541) Spawned for the first time
L 12/09/2018 - 16:05:18: [FAdmin] DidVaitel (STEAM_0:1:74202541) Spawned
L 12/09/2018 - 16:05:18: "DidVaitel<3><STEAM_0:1:74202541><>" entered the game
L 12/09/2018 - 16:05:18: [FAdmin] DidVaitel (STEAM_0:1:74202541) Attempted to pick up a keys
L 12/09/2018 - 16:05:18: [FAdmin] DidVaitel (STEAM_0:1:74202541) Attempted to pick up a weapon_physcannon
L 12/09/2018 - 16:05:18: [FAdmin] DidVaitel (STEAM_0:1:74202541) Attempted to pick up a gmod_camera
L 12/09/2018 - 16:05:18: [FAdmin] DidVaitel (STEAM_0:1:74202541) Attempted to pick up a gmod_tool
L 12/09/2018 - 16:05:18: [FAdmin] DidVaitel (STEAM_0:1:74202541) Attempted to pick up a pocket
L 12/09/2018 - 16:05:18: [FAdmin] DidVaitel (STEAM_0:1:74202541) Attempted to pick up a weapon_physgun
L 12/09/2018 - 16:05:18: [FAdmin] DidVaitel (STEAM_0:1:74202541) Attempted to pick up a weapon_keypadchecker
L 12/09/2018 - 16:05:18: [FAdmin] DidVaitel (STEAM_0:1:74202541) Attempted to pick up a door_ram
L 12/09/2018 - 16:05:18: [FAdmin] DidVaitel (STEAM_0:1:74202541) Attempted to pick up a arrest_stick
L 12/09/2018 - 16:05:18: [FAdmin] DidVaitel (STEAM_0:1:74202541) Attempted to pick up a unarrest_stick
L 12/09/2018 - 16:05:18: [FAdmin] DidVaitel (STEAM_0:1:74202541) Attempted to pick up a stunstick
L 12/09/2018 - 16:05:18: [FAdmin] DidVaitel (STEAM_0:1:74202541) Attempted to pick up a weaponchecker
L 12/09/2018 - 16:05:31: "eLeCtrOssSnake<4><STEAM_0:1:164666257><>" connected, address "212.66.63.21:27005"
L 12/09/2018 - 16:05:32: "eLeCtrOssSnake<4><STEAM_0:1:164666257><>" STEAM USERID validated
L 12/09/2018 - 16:06:27: "DidVaitel<3><STEAM_0:1:74202541><Citizen>" say "fgt"

L 12/09/2018 - 16:06:31: [FAdmin] eLeCtrOssSnake (STEAM_0:1:164666257) is Authed
L 12/09/2018 - 16:06:31: [FAdmin] eLeCtrOssSnake (STEAM_0:1:164666257) Spawned for the first time
L 12/09/2018 - 16:06:31: [FAdmin] eLeCtrOssSnake (STEAM_0:1:164666257) Spawned
L 12/09/2018 - 16:06:31: "eLeCtrOssSnake<4><STEAM_0:1:164666257><>" entered the game
L 12/09/2018 - 16:06:31: [FAdmin] eLeCtrOssSnake (STEAM_0:1:164666257) Attempted to pick up a keys
L 12/09/2018 - 16:06:31: [FAdmin] eLeCtrOssSnake (STEAM_0:1:164666257) Attempted to pick up a weapon_physcannon
L 12/09/2018 - 16:06:31: [FAdmin] eLeCtrOssSnake (STEAM_0:1:164666257) Attempted to pick up a gmod_camera
L 12/09/2018 - 16:06:31: [FAdmin] eLeCtrOssSnake (STEAM_0:1:164666257) Attempted to pick up a gmod_tool
L 12/09/2018 - 16:06:31: [FAdmin] eLeCtrOssSnake (STEAM_0:1:164666257) Attempted to pick up a pocket
L 12/09/2018 - 16:06:31: [FAdmin] eLeCtrOssSnake (STEAM_0:1:164666257) Attempted to pick up a weapon_physgun
L 12/09/2018 - 16:06:43: [FAdmin] DidVaitel (STEAM_0:1:74202541) Attempted to switch noclip
L 12/09/2018 - 16:06:47: [FAdmin] eLeCtrOssSnake (STEAM_0:1:164666257) Attempted to switch noclip
L 12/09/2018 - 16:07:05: [FAdmin] DidVaitel (STEAM_0:1:74202541) Attempted to switch noclip
L 12/09/2018 - 16:07:37: Lua Error: 
[ERROR] addons/super-mega-ultra-duel-system2/lua/gduel/core/sv_functions.lua:9: bad argument #1 to 'WriteString' (string expected, got nil)
  1. WriteString - [C]:-1
   2. sendMessageToPlayer - addons/super-mega-ultra-duel-system2/lua/gduel/core/sv_functions.lua:9
    3. v - addons/super-mega-ultra-duel-system2/lua/gduel/core/sv_functions.lua:147
     4. unknown - gamemodes/darkrp/gamemode/modules/chat/sv_chat.lua:139


L 12/09/2018 - 16:07:37: "eLeCtrOssSnake<4><STEAM_0:1:164666257><Team>" say "блять банглав не качает"
L 12/09/2018 - 16:07:58: "DidVaitel<3><STEAM_0:1:74202541><Citizen>" say "dfgf"

L 12/09/2018 - 16:07:58: Lua Error: Warning! A net message is already started! Discarding...

L 12/09/2018 - 16:08:09: Lua Error: 
[ERROR] addons/super-mega-ultra-duel-system2/lua/gduel/core/sv_functions.lua:9: bad argument #1 to 'WriteString' (string expected, got nil)
  1. WriteString - [C]:-1
   2. sendMessageToPlayer - addons/super-mega-ultra-duel-system2/lua/gduel/core/sv_functions.lua:9
    3. v - addons/super-mega-ultra-duel-system2/lua/gduel/core/sv_functions.lua:147
     4. unknown - gamemodes/darkrp/gamemode/modules/chat/sv_chat.lua:139


L 12/09/2018 - 16:08:09: "eLeCtrOssSnake<4><STEAM_0:1:164666257><Team>" say "рсасает"
L 12/09/2018 - 16:08:14: Lua Error: Warning! A net message is already started! Discarding...

L 12/09/2018 - 16:08:14: Lua Error: 
[ERROR] addons/super-mega-ultra-duel-system2/lua/gduel/core/sv_functions.lua:9: bad argument #1 to 'WriteString' (string expected, got nil)
  1. WriteString - [C]:-1
   2. sendMessageToPlayer - addons/super-mega-ultra-duel-system2/lua/gduel/core/sv_functions.lua:9
    3. v - addons/super-mega-ultra-duel-system2/lua/gduel/core/sv_functions.lua:147
     4. unknown - gamemodes/darkrp/gamemode/modules/chat/sv_chat.lua:139


L 12/09/2018 - 16:08:14: "eLeCtrOssSnake<4><STEAM_0:1:164666257><Team>" say "tu pidor"
L 12/09/2018 - 16:08:18: "DidVaitel<3><STEAM_0:1:74202541><Citizen>" say "gfdfgfgf"

L 12/09/2018 - 16:08:18: Lua Error: Warning! A net message is already started! Discarding...

L 12/09/2018 - 16:08:20: "DidVaitel<3><STEAM_0:1:74202541><Citizen>" say "авп"

L 12/09/2018 - 16:09:50: server_cvar: "mp_flashlight" "0"
L 12/09/2018 - 16:11:20: "[賢明な]Depr1sH<5><STEAM_0:0:212831264><>" connected, address "85.173.128.100:32222"
L 12/09/2018 - 16:11:21: "[賢明な]Depr1sH<5><STEAM_0:0:212831264><>" STEAM USERID validated
L 12/09/2018 - 16:11:29: [FAdmin] eLeCtrOssSnake (STEAM_0:1:164666257) Spawned a models/props_c17/FurnitureDrawer001a_Chunk05.mdl
L 12/09/2018 - 16:11:31: [FAdmin] eLeCtrOssSnake (STEAM_0:1:164666257) Spawned a models/props_c17/FurnitureDrawer001a_Chunk05.mdl
L 12/09/2018 - 16:11:34: [FAdmin] [賢明な]Depr1sH (STEAM_0:0:212831264) is Authed
L 12/09/2018 - 16:11:34: [FAdmin] [賢明な]Depr1sH (STEAM_0:0:212831264) Spawned for the first time
L 12/09/2018 - 16:11:35: [FAdmin] [賢明な]Depr1sH (STEAM_0:0:212831264) Spawned
L 12/09/2018 - 16:11:35: "[賢明な]Depr1sH<5><STEAM_0:0:212831264><>" entered the game
L 12/09/2018 - 16:11:35: [FAdmin] [賢明な]Depr1sH (STEAM_0:0:212831264) Attempted to pick up a keys
L 12/09/2018 - 16:11:35: [FAdmin] [賢明な]Depr1sH (STEAM_0:0:212831264) Attempted to pick up a weapon_physcannon
L 12/09/2018 - 16:11:35: [FAdmin] [賢明な]Depr1sH (STEAM_0:0:212831264) Attempted to pick up a gmod_camera
L 12/09/2018 - 16:11:35: [FAdmin] [賢明な]Depr1sH (STEAM_0:0:212831264) Attempted to pick up a gmod_tool
L 12/09/2018 - 16:11:35: [FAdmin] [賢明な]Depr1sH (STEAM_0:0:212831264) Attempted to pick up a pocket
L 12/09/2018 - 16:11:35: [FAdmin] [賢明な]Depr1sH (STEAM_0:0:212831264) Attempted to pick up a weapon_physgun
L 12/09/2018 - 16:11:37: [FAdmin] prop_physics(models/props_c17/furnituredrawer001a_chunk05.mdl) Got removed
L 12/09/2018 - 16:11:37: [FAdmin] eLeCtrOssSnake (STEAM_0:1:164666257) Got killed by prop_physics with a prop_physics
L 12/09/2018 - 16:11:38: [FAdmin] prop_physics(models/props_c17/furnituredrawer001a_chunk05.mdl) Got removed
L 12/09/2018 - 16:11:39: [FAdmin] eLeCtrOssSnake (STEAM_0:1:164666257) Spawned
L 12/09/2018 - 16:11:39: [FAdmin] eLeCtrOssSnake (STEAM_0:1:164666257) Attempted to pick up a keys
L 12/09/2018 - 16:11:39: [FAdmin] eLeCtrOssSnake (STEAM_0:1:164666257) Attempted to pick up a weapon_physcannon
L 12/09/2018 - 16:11:39: [FAdmin] eLeCtrOssSnake (STEAM_0:1:164666257) Attempted to pick up a gmod_camera
L 12/09/2018 - 16:11:39: [FAdmin] eLeCtrOssSnake (STEAM_0:1:164666257) Attempted to pick up a gmod_tool
L 12/09/2018 - 16:11:39: [FAdmin] eLeCtrOssSnake (STEAM_0:1:164666257) Attempted to pick up a pocket
L 12/09/2018 - 16:11:39: [FAdmin] eLeCtrOssSnake (STEAM_0:1:164666257) Attempted to pick up a weapon_physgun
L 12/09/2018 - 16:11:53: [FAdmin] eLeCtrOssSnake (STEAM_0:1:164666257) Spawned a models/props_c17/oildrum001.mdl
L 12/09/2018 - 16:11:57: [FAdmin] eLeCtrOssSnake (STEAM_0:1:164666257) Spawned a models/props_phx/construct/wood/wood_panel2x4.mdl
L 12/09/2018 - 16:12:01: [FAdmin] [賢明な]Depr1sH (STEAM_0:0:212831264) Got killed by prop_physics with a prop_physics
L 12/09/2018 - 16:12:03: [FAdmin] prop_physics(models/props_phx/construct/wood/wood_panel2x4.mdl) Got removed
L 12/09/2018 - 16:12:03: [FAdmin] prop_physics(models/props_c17/oildrum001.mdl) Got removed
L 12/09/2018 - 16:12:05: [FAdmin] [賢明な]Depr1sH (STEAM_0:0:212831264) Spawned
L 12/09/2018 - 16:12:05: [FAdmin] [賢明な]Depr1sH (STEAM_0:0:212831264) Attempted to pick up a keys
L 12/09/2018 - 16:12:05: [FAdmin] [賢明な]Depr1sH (STEAM_0:0:212831264) Attempted to pick up a weapon_physcannon
L 12/09/2018 - 16:12:05: [FAdmin] [賢明な]Depr1sH (STEAM_0:0:212831264) Attempted to pick up a gmod_camera
L 12/09/2018 - 16:12:05: [FAdmin] [賢明な]Depr1sH (STEAM_0:0:212831264) Attempted to pick up a gmod_tool
L 12/09/2018 - 16:12:05: [FAdmin] [賢明な]Depr1sH (STEAM_0:0:212831264) Attempted to pick up a pocket
L 12/09/2018 - 16:12:05: [FAdmin] [賢明な]Depr1sH (STEAM_0:0:212831264) Attempted to pick up a weapon_physgun
L 12/09/2018 - 16:12:05: [FAdmin] eLeCtrOssSnake (STEAM_0:1:164666257) Spawned a models/props_phx/construct/wood/wood_panel2x4.mdl
L 12/09/2018 - 16:12:11: [FAdmin] [賢明な]Depr1sH (STEAM_0:0:212831264) Got killed by prop_physics with a prop_physics
L 12/09/2018 - 16:12:12: [FAdmin] prop_physics(models/props_phx/construct/wood/wood_panel2x4.mdl) Got removed
L 12/09/2018 - 16:12:13: [FAdmin] [賢明な]Depr1sH (STEAM_0:0:212831264) Spawned
L 12/09/2018 - 16:12:13: [FAdmin] [賢明な]Depr1sH (STEAM_0:0:212831264) Attempted to pick up a keys
L 12/09/2018 - 16:12:13: [FAdmin] [賢明な]Depr1sH (STEAM_0:0:212831264) Attempted to pick up a weapon_physcannon
L 12/09/2018 - 16:12:13: [FAdmin] [賢明な]Depr1sH (STEAM_0:0:212831264) Attempted to pick up a gmod_camera
L 12/09/2018 - 16:12:13: [FAdmin] [賢明な]Depr1sH (STEAM_0:0:212831264) Attempted to pick up a gmod_tool
L 12/09/2018 - 16:12:13: [FAdmin] [賢明な]Depr1sH (STEAM_0:0:212831264) Attempted to pick up a pocket
L 12/09/2018 - 16:12:13: [FAdmin] [賢明な]Depr1sH (STEAM_0:0:212831264) Attempted to pick up a weapon_physgun
L 12/09/2018 - 16:12:13: Lua Error: 
[ERROR] addons/super-mega-ultra-duel-system2/lua/gduel/core/sv_functions.lua:9: bad argument #1 to 'WriteString' (string expected, got nil)
  1. WriteString - [C]:-1
   2. sendMessageToPlayer - addons/super-mega-ultra-duel-system2/lua/gduel/core/sv_functions.lua:9
    3. v - addons/super-mega-ultra-duel-system2/lua/gduel/core/sv_functions.lua:147
     4. unknown - gamemodes/darkrp/gamemode/modules/chat/sv_chat.lua:139


L 12/09/2018 - 16:12:13: "[賢明な]Depr1sH<5><STEAM_0:0:212831264><Team>" say "!menu"
L 12/09/2018 - 16:12:16: [FAdmin] eLeCtrOssSnake (STEAM_0:1:164666257) Spawned a models/props_junk/wood_crate002a.mdl
L 12/09/2018 - 16:12:16: Lua Error: Warning! A net message is already started! Discarding...

L 12/09/2018 - 16:12:25: [FAdmin] [賢明な]Depr1sH (STEAM_0:0:212831264) Spawned a models/props_borealis/bluebarrel001.mdl
L 12/09/2018 - 16:12:27: [FAdmin] eLeCtrOssSnake (STEAM_0:1:164666257) Spawned a models/props_junk/wood_crate002a.mdl
L 12/09/2018 - 16:12:29: [FAdmin] [賢明な]Depr1sH (STEAM_0:0:212831264) Got killed by prop_physics with a prop_physics
L 12/09/2018 - 16:12:30: [FAdmin] prop_physics(models/props_junk/wood_crate002a.mdl) Got removed
L 12/09/2018 - 16:12:30: [FAdmin] [賢明な]Depr1sH (STEAM_0:0:212831264) Spawned
L 12/09/2018 - 16:12:30: [FAdmin] [賢明な]Depr1sH (STEAM_0:0:212831264) Attempted to pick up a keys
L 12/09/2018 - 16:12:30: [FAdmin] [賢明な]Depr1sH (STEAM_0:0:212831264) Attempted to pick up a weapon_physcannon
L 12/09/2018 - 16:12:30: [FAdmin] [賢明な]Depr1sH (STEAM_0:0:212831264) Attempted to pick up a gmod_camera
L 12/09/2018 - 16:12:30: [FAdmin] [賢明な]Depr1sH (STEAM_0:0:212831264) Attempted to pick up a gmod_tool
L 12/09/2018 - 16:12:30: [FAdmin] [賢明な]Depr1sH (STEAM_0:0:212831264) Attempted to pick up a pocket
L 12/09/2018 - 16:12:30: [FAdmin] [賢明な]Depr1sH (STEAM_0:0:212831264) Attempted to pick up a weapon_physgun
L 12/09/2018 - 16:12:31: [FAdmin] prop_physics(models/props_junk/wood_crate002a.mdl) Got removed
L 12/09/2018 - 16:12:31: [FAdmin] [賢明な]Depr1sH (STEAM_0:0:212831264) Spawned a models/props_borealis/bluebarrel001.mdl
L 12/09/2018 - 16:12:32: [FAdmin] eLeCtrOssSnake (STEAM_0:1:164666257) Spawned a models/props_junk/wood_crate002a.mdl
L 12/09/2018 - 16:12:37: "DidVaitel<3><STEAM_0:1:74202541><Citizen>" say "tfdffd"

L 12/09/2018 - 16:12:37: [FAdmin] [賢明な]Depr1sH (STEAM_0:0:212831264) Got killed by prop_physics with a prop_physics
L 12/09/2018 - 16:12:38: [FAdmin] [賢明な]Depr1sH (STEAM_0:0:212831264) Spawned
L 12/09/2018 - 16:12:38: [FAdmin] [賢明な]Depr1sH (STEAM_0:0:212831264) Attempted to pick up a keys
L 12/09/2018 - 16:12:38: [FAdmin] [賢明な]Depr1sH (STEAM_0:0:212831264) Attempted to pick up a weapon_physcannon
L 12/09/2018 - 16:12:38: [FAdmin] [賢明な]Depr1sH (STEAM_0:0:212831264) Attempted to pick up a gmod_camera
L 12/09/2018 - 16:12:38: [FAdmin] [賢明な]Depr1sH (STEAM_0:0:212831264) Attempted to pick up a gmod_tool
L 12/09/2018 - 16:12:38: [FAdmin] [賢明な]Depr1sH (STEAM_0:0:212831264) Attempted to pick up a pocket
L 12/09/2018 - 16:12:38: [FAdmin] [賢明な]Depr1sH (STEAM_0:0:212831264) Attempted to pick up a weapon_physgun
L 12/09/2018 - 16:12:39: [FAdmin] prop_physics(models/props_junk/wood_crate002a.mdl) Got removed
L 12/09/2018 - 16:12:40: [FAdmin] eLeCtrOssSnake (STEAM_0:1:164666257) Spawned a models/props_phx/construct/wood/wood_panel2x4.mdl
L 12/09/2018 - 16:12:44: [FAdmin] [賢明な]Depr1sH (STEAM_0:0:212831264) Got killed by prop_physics with a prop_physics
L 12/09/2018 - 16:12:45: [FAdmin] [賢明な]Depr1sH (STEAM_0:0:212831264) Spawned
L 12/09/2018 - 16:12:45: [FAdmin] [賢明な]Depr1sH (STEAM_0:0:212831264) Attempted to pick up a keys
L 12/09/2018 - 16:12:45: [FAdmin] [賢明な]Depr1sH (STEAM_0:0:212831264) Attempted to pick up a weapon_physcannon
L 12/09/2018 - 16:12:45: [FAdmin] [賢明な]Depr1sH (STEAM_0:0:212831264) Attempted to pick up a gmod_camera
L 12/09/2018 - 16:12:45: [FAdmin] [賢明な]Depr1sH (STEAM_0:0:212831264) Attempted to pick up a gmod_tool
L 12/09/2018 - 16:12:45: [FAdmin] [賢明な]Depr1sH (STEAM_0:0:212831264) Attempted to pick up a pocket
L 12/09/2018 - 16:12:45: [FAdmin] [賢明な]Depr1sH (STEAM_0:0:212831264) Attempted to pick up a weapon_physgun
L 12/09/2018 - 16:12:46: [FAdmin] [賢明な]Depr1sH (STEAM_0:0:212831264) Spawned a models/props_c17/fence03a.mdl
L 12/09/2018 - 16:12:46: [FAdmin] DidVaitel (STEAM_0:1:74202541) Attempted to switch noclip
L 12/09/2018 - 16:12:46: [FAdmin] [賢明な]Depr1sH (STEAM_0:0:212831264) Spawned a models/props_c17/fence03a.mdl
L 12/09/2018 - 16:12:46: [FAdmin] [賢明な]Depr1sH (STEAM_0:0:212831264) Spawned a models/props_c17/fence03a.mdl
L 12/09/2018 - 16:12:47: [FAdmin] [賢明な]Depr1sH (STEAM_0:0:212831264) Spawned a models/props_c17/fence03a.mdl
L 12/09/2018 - 16:12:47: [FAdmin] [賢明な]Depr1sH (STEAM_0:0:212831264) Spawned a models/props_borealis/bluebarrel001.mdl
L 12/09/2018 - 16:12:47: [FAdmin] [賢明な]Depr1sH (STEAM_0:0:212831264) Spawned a models/props_borealis/bluebarrel001.mdl
L 12/09/2018 - 16:12:47: [FAdmin] [賢明な]Depr1sH (STEAM_0:0:212831264) Spawned a models/props_borealis/bluebarrel001.mdl
L 12/09/2018 - 16:12:47: [FAdmin] [賢明な]Depr1sH (STEAM_0:0:212831264) Spawned a models/props_borealis/bluebarrel001.mdl
L 12/09/2018 - 16:12:47: [FAdmin] [賢明な]Depr1sH (STEAM_0:0:212831264) Spawned a models/props_borealis/bluebarrel001.mdl
L 12/09/2018 - 16:12:47: [FAdmin] [賢明な]Depr1sH (STEAM_0:0:212831264) Spawned a models/props_borealis/bluebarrel001.mdl
L 12/09/2018 - 16:12:47: [FAdmin] prop_physics(models/props_borealis/bluebarrel001.mdl) Got removed
L 12/09/2018 - 16:12:47: [FAdmin] [賢明な]Depr1sH (STEAM_0:0:212831264) Spawned a models/props_borealis/bluebarrel001.mdl
L 12/09/2018 - 16:12:47: [FAdmin] prop_physics(models/props_borealis/bluebarrel001.mdl) Got removed
L 12/09/2018 - 16:12:48: [FAdmin] [賢明な]Depr1sH (STEAM_0:0:212831264) Spawned a models/props_borealis/bluebarrel001.mdl
L 12/09/2018 - 16:12:48: [FAdmin] prop_physics(models/props_borealis/bluebarrel001.mdl) Got removed
L 12/09/2018 - 16:12:49: Lua Error: 
[ERROR] addons/super-mega-ultra-duel-system2/lua/gduel/core/sv_functions.lua:9: bad argument #1 to 'WriteString' (string expected, got nil)
  1. WriteString - [C]:-1
   2. sendMessageToPlayer - addons/super-mega-ultra-duel-system2/lua/gduel/core/sv_functions.lua:9
    3. v - addons/super-mega-ultra-duel-system2/lua/gduel/core/sv_functions.lua:147
     4. unknown - gamemodes/darkrp/gamemode/modules/chat/sv_chat.lua:139


L 12/09/2018 - 16:12:49: "eLeCtrOssSnake<4><STEAM_0:1:164666257><Team>" say "ты хуй"
L 12/09/2018 - 16:12:49: Lua Error: Warning! A net message is already started! Discarding...

L 12/09/2018 - 16:12:49: [FAdmin] prop_physics(models/props_borealis/bluebarrel001.mdl) Got removed
L 12/09/2018 - 16:12:51: [FAdmin] eLeCtrOssSnake (STEAM_0:1:164666257) Spawned a models/props_phx/construct/wood/wood_panel2x4.mdl
L 12/09/2018 - 16:12:57: [FAdmin] prop_physics(models/props_borealis/bluebarrel001.mdl) Got removed
L 12/09/2018 - 16:12:57: [FAdmin] prop_physics(models/props_borealis/bluebarrel001.mdl) Got removed
L 12/09/2018 - 16:12:57: [FAdmin] prop_physics(models/props_borealis/bluebarrel001.mdl) Got removed
L 12/09/2018 - 16:12:58: [FAdmin] prop_physics(models/props_borealis/bluebarrel001.mdl) Got removed
L 12/09/2018 - 16:12:58: [FAdmin] prop_physics(models/props_c17/fence03a.mdl) Got removed
L 12/09/2018 - 16:12:58: [FAdmin] prop_physics(models/props_c17/fence03a.mdl) Got removed
L 12/09/2018 - 16:12:58: [FAdmin] prop_physics(models/props_phx/construct/wood/wood_panel2x4.mdl) Got removed
L 12/09/2018 - 16:12:58: [FAdmin] prop_physics(models/props_phx/construct/wood/wood_panel2x4.mdl) Got removed
L 12/09/2018 - 16:12:58: [FAdmin] prop_physics(models/props_c17/fence03a.mdl) Got removed
L 12/09/2018 - 16:12:58: [FAdmin] prop_physics(models/props_c17/fence03a.mdl) Got removed
L 12/09/2018 - 16:12:58: [FAdmin] prop_physics(models/props_borealis/bluebarrel001.mdl) Got removed
L 12/09/2018 - 16:12:58: [FAdmin] prop_physics(models/props_borealis/bluebarrel001.mdl) Got removed
L 12/09/2018 - 16:13:00: [FAdmin] eLeCtrOssSnake (STEAM_0:1:164666257) Spawned a models/props_c17/metalladder003.mdl
L 12/09/2018 - 16:13:01: [FAdmin] prop_physics(models/props_c17/metalladder003.mdl) Got removed
L 12/09/2018 - 16:13:01: [FAdmin] eLeCtrOssSnake (STEAM_0:1:164666257) Spawned a models/props_phx/construct/wood/wood_panel2x4.mdl
L 12/09/2018 - 16:13:02: [FAdmin] [賢明な]Depr1sH (STEAM_0:0:212831264) changed from Citizen to Medic
L 12/09/2018 - 16:13:02: [FAdmin] [賢明な]Depr1sH (STEAM_0:0:212831264) Attempted to pick up a med_kit
L 12/09/2018 - 16:13:02: [FAdmin] [賢明な]Depr1sH (STEAM_0:0:212831264) Attempted to pick up a keys
L 12/09/2018 - 16:13:02: [FAdmin] [賢明な]Depr1sH (STEAM_0:0:212831264) Attempted to pick up a weapon_physcannon
L 12/09/2018 - 16:13:02: [FAdmin] [賢明な]Depr1sH (STEAM_0:0:212831264) Attempted to pick up a gmod_camera
L 12/09/2018 - 16:13:02: [FAdmin] [賢明な]Depr1sH (STEAM_0:0:212831264) Attempted to pick up a gmod_tool
L 12/09/2018 - 16:13:02: [FAdmin] [賢明な]Depr1sH (STEAM_0:0:212831264) Attempted to pick up a pocket
L 12/09/2018 - 16:13:02: [FAdmin] [賢明な]Depr1sH (STEAM_0:0:212831264) Attempted to pick up a weapon_physgun
L 12/09/2018 - 16:13:09: [FAdmin] [賢明な]Depr1sH (STEAM_0:0:212831264) Got killed by prop_physics with a prop_physics
L 12/09/2018 - 16:13:10: [FAdmin] eLeCtrOssSnake (STEAM_0:1:164666257) Got killed by N/A with a N/A
L 12/09/2018 - 16:13:11: [FAdmin] [賢明な]Depr1sH (STEAM_0:0:212831264) Spawned
L 12/09/2018 - 16:13:11: [FAdmin] [賢明な]Depr1sH (STEAM_0:0:212831264) Attempted to pick up a med_kit
L 12/09/2018 - 16:13:11: [FAdmin] [賢明な]Depr1sH (STEAM_0:0:212831264) Attempted to pick up a keys
L 12/09/2018 - 16:13:11: [FAdmin] [賢明な]Depr1sH (STEAM_0:0:212831264) Attempted to pick up a weapon_physcannon
L 12/09/2018 - 16:13:11: [FAdmin] [賢明な]Depr1sH (STEAM_0:0:212831264) Attempted to pick up a gmod_camera
L 12/09/2018 - 16:13:11: [FAdmin] [賢明な]Depr1sH (STEAM_0:0:212831264) Attempted to pick up a gmod_tool
L 12/09/2018 - 16:13:11: [FAdmin] [賢明な]Depr1sH (STEAM_0:0:212831264) Attempted to pick up a pocket
L 12/09/2018 - 16:13:11: [FAdmin] [賢明な]Depr1sH (STEAM_0:0:212831264) Attempted to pick up a weapon_physgun
L 12/09/2018 - 16:13:11: [FAdmin] eLeCtrOssSnake (STEAM_0:1:164666257) Spawned
L 12/09/2018 - 16:13:11: [FAdmin] eLeCtrOssSnake (STEAM_0:1:164666257) Attempted to pick up a keys
L 12/09/2018 - 16:13:11: [FAdmin] eLeCtrOssSnake (STEAM_0:1:164666257) Attempted to pick up a weapon_physcannon
L 12/09/2018 - 16:13:11: [FAdmin] eLeCtrOssSnake (STEAM_0:1:164666257) Attempted to pick up a gmod_camera
L 12/09/2018 - 16:13:11: [FAdmin] eLeCtrOssSnake (STEAM_0:1:164666257) Attempted to pick up a gmod_tool
L 12/09/2018 - 16:13:11: [FAdmin] eLeCtrOssSnake (STEAM_0:1:164666257) Attempted to pick up a pocket
L 12/09/2018 - 16:13:11: [FAdmin] eLeCtrOssSnake (STEAM_0:1:164666257) Attempted to pick up a weapon_physgun
L 12/09/2018 - 16:13:12: [FAdmin] [賢明な]Depr1sH (STEAM_0:0:212831264) Spawned a models/props_borealis/bluebarrel001.mdl
L 12/09/2018 - 16:13:12: [FAdmin] prop_physics(models/props_borealis/bluebarrel001.mdl) Got removed
L 12/09/2018 - 16:13:13: [FAdmin] eLeCtrOssSnake (STEAM_0:1:164666257) Spawned a models/props_phx/construct/wood/wood_panel2x4.mdl
L 12/09/2018 - 16:13:15: [FAdmin] Server succesfully shut down.
L 12/09/2018 - 16:13:15: [FAdmin] prop_physics(models/props/de_nuke/handtruck.mdl) Got removed
L 12/09/2018 - 16:13:15: [FAdmin] prop_physics(models/props_c17/door01_left.mdl) Got removed
L 12/09/2018 - 16:13:15: [FAdmin] prop_physics(models/props_c17/door01_left.mdl) Got removed
L 12/09/2018 - 16:13:15: [FAdmin] prop_physics(models/props_c17/door01_left.mdl) Got removed
L 12/09/2018 - 16:13:15: [FAdmin] prop_physics(models/props_c17/door01_left.mdl) Got removed
L 12/09/2018 - 16:13:15: [FAdmin] prop_physics(models/props_c17/door01_left.mdl) Got removed
L 12/09/2018 - 16:13:15: [FAdmin] prop_physics(models/props_c17/door01_left.mdl) Got removed
L 12/09/2018 - 16:13:15: [FAdmin] prop_physics(models/props_junk/pushcart01a.mdl) Got removed
L 12/09/2018 - 16:13:15: [FAdmin] prop_physics(models/props/de_nuke/handtruck.mdl) Got removed
L 12/09/2018 - 16:13:15: [FAdmin] prop_physics(models/props_c17/door01_left.mdl) Got removed
L 12/09/2018 - 16:13:15: [FAdmin] prop_physics(models/props_c17/door01_left.mdl) Got removed
L 12/09/2018 - 16:13:15: [FAdmin] prop_physics(models/props_junk/wood_crate001a_damaged.mdl) Got removed
L 12/09/2018 - 16:13:15: [FAdmin] prop_physics(models/props_junk/wood_crate001a_damaged.mdl) Got removed
L 12/09/2018 - 16:13:15: [FAdmin] prop_physics(models/props_junk/wood_crate001a_damaged.mdl) Got removed
L 12/09/2018 - 16:13:15: [FAdmin] prop_physics(models/props_junk/wood_crate001a_damaged.mdl) Got removed
L 12/09/2018 - 16:13:15: [FAdmin] prop_physics(models/props_junk/wood_crate001a_damaged.mdl) Got removed
L 12/09/2018 - 16:13:15: [FAdmin] prop_physics(models/props_phx/construct/wood/wood_panel2x4.mdl) Got removed
L 12/09/2018 - 16:13:15: [FAdmin] prop_physics(models/props_phx/construct/wood/wood_panel2x4.mdl) Got removed
L 12/09/2018 - 16:13:15: "[賢明な]Depr1sH<5><STEAM_0:0:212831264><>" disconnected (reason "Server shutting down")
L 12/09/2018 - 16:13:15: "DidVaitel<3><STEAM_0:1:74202541><>" disconnected (reason "Server shutting down")
L 12/09/2018 - 16:13:15: "eLeCtrOssSnake<4><STEAM_0:1:164666257><>" disconnected (reason "Server shutting down")
L 12/09/2018 - 16:13:15: server_message: "quit"
L 12/09/2018 - 16:13:15: Log file closed.
