L 12/09/2018 - 15:41:56: Log file started (file "logs\L1209011.log") (game "F:\sup\steamapps\common\GarrysModDS\garrysmod") (version "7334")
L 12/09/2018 - 15:41:56: server_cvar: "sv_alltalk" "3"
L 12/09/2018 - 15:41:56: server_cvar: "sv_allowcslua" "1"
L 12/09/2018 - 15:41:56: server_cvar: "sv_airaccelerate" "1000"
L 12/09/2018 - 15:41:56: server_cvar: "sv_alltalk" "0"
L 12/09/2018 - 15:41:57: Connection to Steam servers successful.
L 12/09/2018 - 15:41:57:    Public IP is 31.130.42.81.
L 12/09/2018 - 15:41:57: Assigned anonymous gameserver Steam ID [A-1:2273444867(11534)].
L 12/09/2018 - 15:41:57: VAC secure mode is activated.
L 12/09/2018 - 15:42:04: "DidVaitel<2><STEAM_0:1:74202541><>" connected, address "192.168.1.102:27006"
L 12/09/2018 - 15:42:04: "DidVaitel<2><STEAM_0:1:74202541><>" STEAM USERID validated
L 12/09/2018 - 15:42:41: [FAdmin] DidVaitel (STEAM_0:1:74202541) is Authed
L 12/09/2018 - 15:42:41: [FAdmin] DidVaitel (STEAM_0:1:74202541) Spawned for the first time
L 12/09/2018 - 15:42:41: [FAdmin] DidVaitel (STEAM_0:1:74202541) Spawned
L 12/09/2018 - 15:42:42: "DidVaitel<2><STEAM_0:1:74202541><>" entered the game
L 12/09/2018 - 15:42:42: [FAdmin] DidVaitel (STEAM_0:1:74202541) Attempted to pick up a keys
L 12/09/2018 - 15:42:42: [FAdmin] DidVaitel (STEAM_0:1:74202541) Attempted to pick up a weapon_physcannon
L 12/09/2018 - 15:42:42: [FAdmin] DidVaitel (STEAM_0:1:74202541) Attempted to pick up a gmod_camera
L 12/09/2018 - 15:42:42: [FAdmin] DidVaitel (STEAM_0:1:74202541) Attempted to pick up a gmod_tool
L 12/09/2018 - 15:42:42: [FAdmin] DidVaitel (STEAM_0:1:74202541) Attempted to pick up a pocket
L 12/09/2018 - 15:42:42: [FAdmin] DidVaitel (STEAM_0:1:74202541) Attempted to pick up a weapon_physgun
L 12/09/2018 - 15:42:42: [FAdmin] DidVaitel (STEAM_0:1:74202541) Attempted to pick up a weapon_keypadchecker
L 12/09/2018 - 15:42:42: [FAdmin] DidVaitel (STEAM_0:1:74202541) Attempted to pick up a door_ram
L 12/09/2018 - 15:42:42: [FAdmin] DidVaitel (STEAM_0:1:74202541) Attempted to pick up a arrest_stick
L 12/09/2018 - 15:42:42: [FAdmin] DidVaitel (STEAM_0:1:74202541) Attempted to pick up a unarrest_stick
L 12/09/2018 - 15:42:42: [FAdmin] DidVaitel (STEAM_0:1:74202541) Attempted to pick up a stunstick
L 12/09/2018 - 15:42:42: [FAdmin] DidVaitel (STEAM_0:1:74202541) Attempted to pick up a weaponchecker
L 12/09/2018 - 15:43:01: "DidVaitel<2><STEAM_0:1:74202541><Citizen>" say "ffdsf"

L 12/09/2018 - 15:45:24: "DidVaitel<2><STEAM_0:1:74202541><Citizen>" say "fdfs"

L 12/09/2018 - 15:45:33: "DidVaitel<2><STEAM_0:1:74202541><Citizen>" say "Сука пиздос какой-то"

L 12/09/2018 - 15:50:14: "DidVaitel<2><STEAM_0:1:74202541><Citizen>" say "dfdg"

L 12/09/2018 - 15:50:32: "DidVaitel<2><STEAM_0:1:74202541><Citizen>" say "gvgfd"

L 12/09/2018 - 15:51:00: "DidVaitel<2><STEAM_0:1:74202541><Citizen>" say "dff"

L 12/09/2018 - 15:51:37: Lua Error: 
[ERROR] addons/discord_relay-master/lua/discord_relay/sv_relay.lua:155: ')' expected near 'text'
  1. unknown - addons/discord_relay-master/lua/discord_relay/sv_relay.lua:0


L 12/09/2018 - 15:51:40: "DidVaitel<2><STEAM_0:1:74202541><Citizen>" say "fdf"

L 12/09/2018 - 15:51:44: "DidVaitel<2><STEAM_0:1:74202541><Citizen>" say "fdf"

L 12/09/2018 - 15:51:54: "DidVaitel<2><STEAM_0:1:74202541><Citizen>" say "gf"

L 12/09/2018 - 15:52:04: "DidVaitel<2><STEAM_0:1:74202541><Citizen>" say "gf"

L 12/09/2018 - 15:52:40: "DidVaitel<2><STEAM_0:1:74202541><Citizen>" say "f"

L 12/09/2018 - 15:53:25: "DidVaitel<2><STEAM_0:1:74202541><Citizen>" say "gfg"

L 12/09/2018 - 15:54:55: "DidVaitel<2><STEAM_0:1:74202541><Citizen>" say "ffd"

L 12/09/2018 - 15:55:08: "DidVaitel<2><STEAM_0:1:74202541><Citizen>" say "rfgfg"

L 12/09/2018 - 15:57:49: "DidVaitel<2><STEAM_0:1:74202541><Citizen>" say "Хуй залупа член"

L 12/09/2018 - 15:59:04: "DidVaitel<2><STEAM_0:1:74202541><Citizen>" say "f"

L 12/09/2018 - 15:59:12: "DidVaitel<2><STEAM_0:1:74202541><Citizen>" say "f"

L 12/09/2018 - 16:03:03: [FAdmin] DidVaitel (STEAM_0:1:74202541) Attempted to switch noclip
L 12/09/2018 - 16:03:33: [FAdmin] Server succesfully shut down.
L 12/09/2018 - 16:03:33: [FAdmin] prop_physics(models/props/de_nuke/handtruck.mdl) Got removed
L 12/09/2018 - 16:03:33: [FAdmin] prop_physics(models/props_c17/door01_left.mdl) Got removed
L 12/09/2018 - 16:03:33: [FAdmin] prop_physics(models/props_c17/door01_left.mdl) Got removed
L 12/09/2018 - 16:03:33: [FAdmin] prop_physics(models/props_c17/door01_left.mdl) Got removed
L 12/09/2018 - 16:03:33: [FAdmin] prop_physics(models/props_c17/door01_left.mdl) Got removed
L 12/09/2018 - 16:03:33: [FAdmin] prop_physics(models/props_c17/door01_left.mdl) Got removed
L 12/09/2018 - 16:03:33: [FAdmin] prop_physics(models/props_c17/door01_left.mdl) Got removed
L 12/09/2018 - 16:03:33: [FAdmin] prop_physics(models/props_junk/pushcart01a.mdl) Got removed
L 12/09/2018 - 16:03:33: [FAdmin] prop_physics(models/props/de_nuke/handtruck.mdl) Got removed
L 12/09/2018 - 16:03:33: [FAdmin] prop_physics(models/props_c17/door01_left.mdl) Got removed
L 12/09/2018 - 16:03:33: [FAdmin] prop_physics(models/props_c17/door01_left.mdl) Got removed
L 12/09/2018 - 16:03:33: [FAdmin] prop_physics(models/props_junk/wood_crate001a_damaged.mdl) Got removed
L 12/09/2018 - 16:03:33: [FAdmin] prop_physics(models/props_junk/wood_crate001a_damaged.mdl) Got removed
L 12/09/2018 - 16:03:33: [FAdmin] prop_physics(models/props_junk/wood_crate001a_damaged.mdl) Got removed
L 12/09/2018 - 16:03:33: [FAdmin] prop_physics(models/props_junk/wood_crate001a_damaged.mdl) Got removed
L 12/09/2018 - 16:03:33: [FAdmin] prop_physics(models/props_junk/wood_crate001a_damaged.mdl) Got removed
L 12/09/2018 - 16:03:33: "DidVaitel<2><STEAM_0:1:74202541><>" disconnected (reason "Server shutting down")
L 12/09/2018 - 16:03:33: server_message: "quit"
L 12/09/2018 - 16:03:33: Log file closed.
