L 12/18/2018 - 20:19:52: Log file started (file "logs\L1218008.log") (game "F:\sup\steamapps\common\GarrysModDS\garrysmod") (version "7334")
L 12/18/2018 - 20:19:52: server_cvar: "sv_alltalk" "3"
L 12/18/2018 - 20:19:52: server_cvar: "sv_allowcslua" "1"
L 12/18/2018 - 20:19:52: server_cvar: "sv_airaccelerate" "1000"
L 12/18/2018 - 20:19:52: server_cvar: "sv_alltalk" "0"
L 12/18/2018 - 20:19:53: Connection to Steam servers successful.
L 12/18/2018 - 20:19:53:    Public IP is 31.130.42.81.
L 12/18/2018 - 20:19:53: Assigned anonymous gameserver Steam ID [A-1:3181697027(11587)].
L 12/18/2018 - 20:19:54: VAC secure mode is activated.
L 12/18/2018 - 23:29:26: "DidVaitel<2><STEAM_0:1:74202541><>" connected, address "192.168.1.101:27006"
L 12/18/2018 - 23:29:26: "DidVaitel<2><STEAM_0:1:74202541><>" STEAM USERID validated
L 12/18/2018 - 23:29:35: [FAdmin] DidVaitel (STEAM_0:1:74202541) is Authed
L 12/18/2018 - 23:29:35: [FAdmin] DidVaitel (STEAM_0:1:74202541) Spawned for the first time
L 12/18/2018 - 23:29:35: [FAdmin] DidVaitel (STEAM_0:1:74202541) Spawned
L 12/18/2018 - 23:29:35: "DidVaitel<2><STEAM_0:1:74202541><>" entered the game
L 12/18/2018 - 23:29:35: [FAdmin] DidVaitel (STEAM_0:1:74202541) Attempted to pick up a keys
L 12/18/2018 - 23:29:35: [FAdmin] DidVaitel (STEAM_0:1:74202541) Attempted to pick up a weapon_physcannon
L 12/18/2018 - 23:29:35: [FAdmin] DidVaitel (STEAM_0:1:74202541) Attempted to pick up a gmod_camera
L 12/18/2018 - 23:29:35: [FAdmin] DidVaitel (STEAM_0:1:74202541) Attempted to pick up a gmod_tool
L 12/18/2018 - 23:29:35: [FAdmin] DidVaitel (STEAM_0:1:74202541) Attempted to pick up a pocket
L 12/18/2018 - 23:29:35: [FAdmin] DidVaitel (STEAM_0:1:74202541) Attempted to pick up a weapon_physgun
L 12/18/2018 - 23:29:35: [FAdmin] DidVaitel (STEAM_0:1:74202541) Attempted to pick up a weapon_keypadchecker
L 12/18/2018 - 23:29:35: [FAdmin] DidVaitel (STEAM_0:1:74202541) Attempted to pick up a door_ram
L 12/18/2018 - 23:29:35: [FAdmin] DidVaitel (STEAM_0:1:74202541) Attempted to pick up a arrest_stick
L 12/18/2018 - 23:29:35: [FAdmin] DidVaitel (STEAM_0:1:74202541) Attempted to pick up a unarrest_stick
L 12/18/2018 - 23:29:35: [FAdmin] DidVaitel (STEAM_0:1:74202541) Attempted to pick up a stunstick
L 12/18/2018 - 23:29:35: [FAdmin] DidVaitel (STEAM_0:1:74202541) Attempted to pick up a weaponchecker
L 12/18/2018 - 23:29:56: [FAdmin] DidVaitel (STEAM_0:1:74202541) Attempted to switch noclip
L 12/18/2018 - 23:30:24: "DidVaitel<2><STEAM_0:1:74202541><Citizen>" say "/conquest"

L 12/18/2018 - 23:35:52: "DidVaitel<2><STEAM_0:1:74202541><Citizen>" say "/conquest"

L 12/18/2018 - 23:36:07: "DidVaitel<2><STEAM_0:1:74202541><Citizen>" say "/conauest"

L 12/18/2018 - 23:36:09: "DidVaitel<2><STEAM_0:1:74202541><Citizen>" say "/conquest"

L 12/18/2018 - 23:37:05: [FAdmin] DidVaitel (STEAM_0:1:74202541) Attempted to switch noclip
L 12/18/2018 - 23:37:08: [FAdmin] DidVaitel (STEAM_0:1:74202541) Attempted to switch noclip
L 12/18/2018 - 23:38:06: "DidVaitel<2><STEAM_0:1:74202541><>" disconnected (reason "Disconnect by user.")
L 12/18/2018 - 23:38:06: [FAdmin] DidVaitel (STEAM_0:1:74202541) Disconnected
L 12/18/2018 - 23:38:06: "DidVaitel<3><STEAM_0:1:74202541><>" connected, address "192.168.1.101:27006"
L 12/18/2018 - 23:38:06: "DidVaitel<3><STEAM_0:1:74202541><>" STEAM USERID validated
L 12/18/2018 - 23:38:16: [FAdmin] DidVaitel (STEAM_0:1:74202541) is Authed
L 12/18/2018 - 23:38:16: [FAdmin] DidVaitel (STEAM_0:1:74202541) Spawned for the first time
L 12/18/2018 - 23:38:16: [FAdmin] DidVaitel (STEAM_0:1:74202541) Spawned
L 12/18/2018 - 23:38:16: "DidVaitel<3><STEAM_0:1:74202541><>" entered the game
L 12/18/2018 - 23:38:16: [FAdmin] DidVaitel (STEAM_0:1:74202541) Attempted to pick up a keys
L 12/18/2018 - 23:38:16: [FAdmin] DidVaitel (STEAM_0:1:74202541) Attempted to pick up a weapon_physcannon
L 12/18/2018 - 23:38:16: [FAdmin] DidVaitel (STEAM_0:1:74202541) Attempted to pick up a gmod_camera
L 12/18/2018 - 23:38:16: [FAdmin] DidVaitel (STEAM_0:1:74202541) Attempted to pick up a gmod_tool
L 12/18/2018 - 23:38:16: [FAdmin] DidVaitel (STEAM_0:1:74202541) Attempted to pick up a pocket
L 12/18/2018 - 23:38:16: [FAdmin] DidVaitel (STEAM_0:1:74202541) Attempted to pick up a weapon_physgun
L 12/18/2018 - 23:38:16: [FAdmin] DidVaitel (STEAM_0:1:74202541) Attempted to pick up a weapon_keypadchecker
L 12/18/2018 - 23:38:16: [FAdmin] DidVaitel (STEAM_0:1:74202541) Attempted to pick up a door_ram
L 12/18/2018 - 23:38:16: [FAdmin] DidVaitel (STEAM_0:1:74202541) Attempted to pick up a arrest_stick
L 12/18/2018 - 23:38:16: [FAdmin] DidVaitel (STEAM_0:1:74202541) Attempted to pick up a unarrest_stick
L 12/18/2018 - 23:38:16: [FAdmin] DidVaitel (STEAM_0:1:74202541) Attempted to pick up a stunstick
L 12/18/2018 - 23:38:16: [FAdmin] DidVaitel (STEAM_0:1:74202541) Attempted to pick up a weaponchecker
L 12/19/2018 - 00:43:43: [FAdmin] DidVaitel (STEAM_0:1:74202541) Attempted to switch noclip
L 12/19/2018 - 00:44:00: "DidVaitel<3><STEAM_0:1:74202541><Citizen>" say "/conquest"

L 12/19/2018 - 00:46:36: "DidVaitel<3><STEAM_0:1:74202541><Citizen>" say "/conquer"

L 12/19/2018 - 00:46:41: "DidVaitel<3><STEAM_0:1:74202541><Citizen>" say "/conquest"

L 12/19/2018 - 00:46:50: "DidVaitel<3><STEAM_0:1:74202541><Citizen>" say "/conquest"

L 12/19/2018 - 01:09:49: [FAdmin] Server succesfully shut down.
L 12/19/2018 - 01:09:49: [FAdmin] prop_physics(models/props/de_nuke/handtruck.mdl) Got removed
L 12/19/2018 - 01:09:49: [FAdmin] prop_physics(models/props_c17/door01_left.mdl) Got removed
L 12/19/2018 - 01:09:49: [FAdmin] prop_physics(models/props_c17/door01_left.mdl) Got removed
L 12/19/2018 - 01:09:49: [FAdmin] prop_physics(models/props_c17/door01_left.mdl) Got removed
L 12/19/2018 - 01:09:49: [FAdmin] prop_physics(models/props_c17/door01_left.mdl) Got removed
L 12/19/2018 - 01:09:49: [FAdmin] prop_physics(models/props_c17/door01_left.mdl) Got removed
L 12/19/2018 - 01:09:49: [FAdmin] prop_physics(models/props_c17/door01_left.mdl) Got removed
L 12/19/2018 - 01:09:49: [FAdmin] prop_physics(models/props_junk/pushcart01a.mdl) Got removed
L 12/19/2018 - 01:09:49: [FAdmin] prop_physics(models/props/de_nuke/handtruck.mdl) Got removed
L 12/19/2018 - 01:09:49: [FAdmin] prop_physics(models/props_c17/door01_left.mdl) Got removed
L 12/19/2018 - 01:09:49: [FAdmin] prop_physics(models/props_c17/door01_left.mdl) Got removed
L 12/19/2018 - 01:09:49: [FAdmin] prop_physics(models/props_junk/wood_crate001a_damaged.mdl) Got removed
L 12/19/2018 - 01:09:49: [FAdmin] prop_physics(models/props_junk/wood_crate001a_damaged.mdl) Got removed
L 12/19/2018 - 01:09:49: [FAdmin] prop_physics(models/props_junk/wood_crate001a_damaged.mdl) Got removed
L 12/19/2018 - 01:09:49: [FAdmin] prop_physics(models/props_junk/wood_crate001a_damaged.mdl) Got removed
L 12/19/2018 - 01:09:49: [FAdmin] prop_physics(models/props_junk/wood_crate001a_damaged.mdl) Got removed
L 12/19/2018 - 01:09:49: [FAdmin] prop_physics(models/sterling/flag.mdl) Got removed
L 12/19/2018 - 01:09:49: [FAdmin] prop_physics(models/sterling/flag.mdl) Got removed
L 12/19/2018 - 01:09:49: [FAdmin] prop_physics(models/sterling/flag.mdl) Got removed
L 12/19/2018 - 01:09:49: [FAdmin] prop_physics(models/sterling/flag.mdl) Got removed
L 12/19/2018 - 01:09:49: [FAdmin] prop_physics(models/sterling/flag.mdl) Got removed
L 12/19/2018 - 01:09:49: [FAdmin] prop_physics(models/sterling/flag.mdl) Got removed
L 12/19/2018 - 01:09:49: [FAdmin] prop_physics(models/sterling/flag.mdl) Got removed
L 12/19/2018 - 01:09:49: "DidVaitel<3><STEAM_0:1:74202541><>" disconnected (reason "Server shutting down")
L 12/19/2018 - 01:09:49: server_message: "quit"
L 12/19/2018 - 01:09:49: Log file closed.
