L 12/15/2018 - 18:33:41: Log file started (file "logs\L1215007.log") (game "F:\sup\steamapps\common\GarrysModDS\garrysmod") (version "7334")
L 12/15/2018 - 18:33:41: server_cvar: "sv_alltalk" "3"
L 12/15/2018 - 18:33:41: server_cvar: "sv_allowcslua" "1"
L 12/15/2018 - 18:33:41: server_cvar: "sv_airaccelerate" "1000"
L 12/15/2018 - 18:33:41: server_cvar: "sv_alltalk" "0"
L 12/15/2018 - 18:33:42: Connection to Steam servers successful.
L 12/15/2018 - 18:33:42:    Public IP is 31.130.42.81.
L 12/15/2018 - 18:33:42: Assigned anonymous gameserver Steam ID [A-1:2190553091(11570)].
L 12/15/2018 - 18:33:43: VAC secure mode is activated.
L 12/15/2018 - 18:33:48: "DidVaitel<2><STEAM_0:1:74202541><>" connected, address "192.168.1.100:27006"
L 12/15/2018 - 18:33:49: "DidVaitel<2><STEAM_0:1:74202541><>" STEAM USERID validated
L 12/15/2018 - 18:33:57: [FAdmin] DidVaitel (STEAM_0:1:74202541) is Authed
L 12/15/2018 - 18:33:57: [FAdmin] DidVaitel (STEAM_0:1:74202541) Spawned for the first time
L 12/15/2018 - 18:33:57: [FAdmin] DidVaitel (STEAM_0:1:74202541) Spawned
L 12/15/2018 - 18:33:57: "DidVaitel<2><STEAM_0:1:74202541><>" entered the game
L 12/15/2018 - 18:33:57: [FAdmin] DidVaitel (STEAM_0:1:74202541) Attempted to pick up a keys
L 12/15/2018 - 18:33:57: [FAdmin] DidVaitel (STEAM_0:1:74202541) Attempted to pick up a weapon_physcannon
L 12/15/2018 - 18:33:57: [FAdmin] DidVaitel (STEAM_0:1:74202541) Attempted to pick up a gmod_camera
L 12/15/2018 - 18:33:57: [FAdmin] DidVaitel (STEAM_0:1:74202541) Attempted to pick up a gmod_tool
L 12/15/2018 - 18:33:57: [FAdmin] DidVaitel (STEAM_0:1:74202541) Attempted to pick up a pocket
L 12/15/2018 - 18:33:57: [FAdmin] DidVaitel (STEAM_0:1:74202541) Attempted to pick up a weapon_physgun
L 12/15/2018 - 18:33:57: [FAdmin] DidVaitel (STEAM_0:1:74202541) Attempted to pick up a weapon_keypadchecker
L 12/15/2018 - 18:33:57: [FAdmin] DidVaitel (STEAM_0:1:74202541) Attempted to pick up a door_ram
L 12/15/2018 - 18:33:57: [FAdmin] DidVaitel (STEAM_0:1:74202541) Attempted to pick up a arrest_stick
L 12/15/2018 - 18:33:57: [FAdmin] DidVaitel (STEAM_0:1:74202541) Attempted to pick up a unarrest_stick
L 12/15/2018 - 18:33:57: [FAdmin] DidVaitel (STEAM_0:1:74202541) Attempted to pick up a stunstick
L 12/15/2018 - 18:33:57: [FAdmin] DidVaitel (STEAM_0:1:74202541) Attempted to pick up a weaponchecker
L 12/15/2018 - 18:36:56: "DidVaitel<2><STEAM_0:1:74202541><>" disconnected (reason "Disconnect by user.")
L 12/15/2018 - 18:36:56: [FAdmin] DidVaitel (STEAM_0:1:74202541) Disconnected
L 12/15/2018 - 18:37:33: "DidVaitel<3><STEAM_0:1:74202541><>" connected, address "192.168.1.100:27006"
L 12/15/2018 - 18:37:33: "DidVaitel<3><STEAM_0:1:74202541><>" STEAM USERID validated
L 12/15/2018 - 18:37:47: [FAdmin] DidVaitel (STEAM_0:1:74202541) is Authed
L 12/15/2018 - 18:37:47: [FAdmin] DidVaitel (STEAM_0:1:74202541) Spawned for the first time
L 12/15/2018 - 18:37:47: [FAdmin] DidVaitel (STEAM_0:1:74202541) Spawned
L 12/15/2018 - 18:37:47: "DidVaitel<3><STEAM_0:1:74202541><>" entered the game
L 12/15/2018 - 18:37:47: [FAdmin] DidVaitel (STEAM_0:1:74202541) Attempted to pick up a keys
L 12/15/2018 - 18:37:47: [FAdmin] DidVaitel (STEAM_0:1:74202541) Attempted to pick up a weapon_physcannon
L 12/15/2018 - 18:37:47: [FAdmin] DidVaitel (STEAM_0:1:74202541) Attempted to pick up a gmod_camera
L 12/15/2018 - 18:37:47: [FAdmin] DidVaitel (STEAM_0:1:74202541) Attempted to pick up a gmod_tool
L 12/15/2018 - 18:37:47: [FAdmin] DidVaitel (STEAM_0:1:74202541) Attempted to pick up a pocket
L 12/15/2018 - 18:37:47: [FAdmin] DidVaitel (STEAM_0:1:74202541) Attempted to pick up a weapon_physgun
L 12/15/2018 - 18:37:47: [FAdmin] DidVaitel (STEAM_0:1:74202541) Attempted to pick up a weapon_keypadchecker
L 12/15/2018 - 18:37:47: [FAdmin] DidVaitel (STEAM_0:1:74202541) Attempted to pick up a door_ram
L 12/15/2018 - 18:37:47: [FAdmin] DidVaitel (STEAM_0:1:74202541) Attempted to pick up a arrest_stick
L 12/15/2018 - 18:37:47: [FAdmin] DidVaitel (STEAM_0:1:74202541) Attempted to pick up a unarrest_stick
L 12/15/2018 - 18:37:47: [FAdmin] DidVaitel (STEAM_0:1:74202541) Attempted to pick up a stunstick
L 12/15/2018 - 18:37:47: [FAdmin] DidVaitel (STEAM_0:1:74202541) Attempted to pick up a weaponchecker
L 12/15/2018 - 19:10:34: [FAdmin] DidVaitel (STEAM_0:1:74202541) Spawned a models/props_interiors/SinkKitchen01a.mdl
L 12/15/2018 - 19:10:35: [FAdmin] prop_physics(models/props_interiors/sinkkitchen01a.mdl) Got removed
L 12/15/2018 - 19:10:35: [FAdmin] DidVaitel (STEAM_0:1:74202541) Spawned a models/props_interiors/SinkKitchen01a.mdl
L 12/15/2018 - 19:10:36: [FAdmin] prop_physics(models/props_interiors/sinkkitchen01a.mdl) Got removed
L 12/15/2018 - 19:15:50: Lua Error: 
[ERROR] addons/spawnmenutabs_controller/lua/autorun/tabs_controller.lua:151: '<eof>' expected near 'end'
  1. unknown - addons/spawnmenutabs_controller/lua/autorun/tabs_controller.lua:0


L 12/15/2018 - 19:16:43: Lua Error: 
[ERROR] addons/spawnmenutabs_controller/lua/autorun/tabs_controller.lua:146: '<eof>' expected near 'end'
  1. unknown - addons/spawnmenutabs_controller/lua/autorun/tabs_controller.lua:0


L 12/15/2018 - 19:16:51: Lua Error: 
[ERROR] addons/spawnmenutabs_controller/lua/autorun/tabs_controller.lua:152: '<eof>' expected near 'end'
  1. unknown - addons/spawnmenutabs_controller/lua/autorun/tabs_controller.lua:0


L 12/15/2018 - 19:17:10: Lua Error: 
[ERROR] addons/spawnmenutabs_controller/lua/autorun/tabs_controller.lua:146: '<eof>' expected near 'end'
  1. unknown - addons/spawnmenutabs_controller/lua/autorun/tabs_controller.lua:0


L 12/15/2018 - 19:17:29: Lua Error: 
[ERROR] addons/spawnmenutabs_controller/lua/autorun/tabs_controller.lua:146: '<eof>' expected near 'end'
  1. unknown - addons/spawnmenutabs_controller/lua/autorun/tabs_controller.lua:0


L 12/15/2018 - 19:17:48: Lua Error: 
[ERROR] addons/spawnmenutabs_controller/lua/autorun/tabs_controller.lua:146: '<eof>' expected near 'end'
  1. unknown - addons/spawnmenutabs_controller/lua/autorun/tabs_controller.lua:0


L 12/15/2018 - 19:17:55: Lua Error: 
[ERROR] addons/spawnmenutabs_controller/lua/autorun/tabs_controller.lua:146: '<eof>' expected near 'end'
  1. unknown - addons/spawnmenutabs_controller/lua/autorun/tabs_controller.lua:0


L 12/15/2018 - 19:18:18: Lua Error: 
[ERROR] addons/spawnmenutabs_controller/lua/autorun/tabs_controller.lua:146: '<eof>' expected near 'end'
  1. unknown - addons/spawnmenutabs_controller/lua/autorun/tabs_controller.lua:0


L 12/15/2018 - 19:18:55: Lua Error: 
[ERROR] addons/spawnmenutabs_controller/lua/autorun/tabs_controller.lua:152: '<eof>' expected near 'end'
  1. unknown - addons/spawnmenutabs_controller/lua/autorun/tabs_controller.lua:0


L 12/15/2018 - 19:18:59: Lua Error: 
[ERROR] addons/spawnmenutabs_controller/lua/autorun/tabs_controller.lua:152: '<eof>' expected near 'end'
  1. unknown - addons/spawnmenutabs_controller/lua/autorun/tabs_controller.lua:0


L 12/15/2018 - 19:19:08: Lua Error: 
[ERROR] addons/spawnmenutabs_controller/lua/autorun/tabs_controller.lua:152: '<eof>' expected near 'end'
  1. unknown - addons/spawnmenutabs_controller/lua/autorun/tabs_controller.lua:0


L 12/15/2018 - 19:19:11: Lua Error: 
[ERROR] addons/spawnmenutabs_controller/lua/autorun/tabs_controller.lua:152: '<eof>' expected near 'end'
  1. unknown - addons/spawnmenutabs_controller/lua/autorun/tabs_controller.lua:0


L 12/15/2018 - 19:19:22: Lua Error: 
[ERROR] addons/spawnmenutabs_controller/lua/autorun/tabs_controller.lua:34: bad argument #1 to 'pairs' (table expected, got nil)
  1. pairs - [C]:-1
   2. unknown - addons/spawnmenutabs_controller/lua/autorun/tabs_controller.lua:34


L 12/15/2018 - 19:19:29: STEAMAUTH: Client DidVaitel received failure code 6
L 12/15/2018 - 19:19:29: "DidVaitel<3><STEAM_0:1:74202541><>" disconnected (reason "Client left game (Steam auth ticket has been canceled)
")
L 12/15/2018 - 19:19:29: [FAdmin] DidVaitel (STEAM_0:1:74202541) Disconnected
L 12/15/2018 - 19:19:29: "DidVaitel<4><STEAM_0:1:74202541><>" connected, address "192.168.1.100:27006"
L 12/15/2018 - 19:19:30: "DidVaitel<4><STEAM_0:1:74202541><>" STEAM USERID validated
L 12/15/2018 - 19:19:39: [FAdmin] DidVaitel (STEAM_0:1:74202541) is Authed
L 12/15/2018 - 19:19:39: [FAdmin] DidVaitel (STEAM_0:1:74202541) Spawned for the first time
L 12/15/2018 - 19:19:39: [FAdmin] DidVaitel (STEAM_0:1:74202541) Spawned
L 12/15/2018 - 19:19:39: "DidVaitel<4><STEAM_0:1:74202541><>" entered the game
L 12/15/2018 - 19:19:39: [FAdmin] DidVaitel (STEAM_0:1:74202541) Attempted to pick up a keys
L 12/15/2018 - 19:19:39: [FAdmin] DidVaitel (STEAM_0:1:74202541) Attempted to pick up a weapon_physcannon
L 12/15/2018 - 19:19:39: [FAdmin] DidVaitel (STEAM_0:1:74202541) Attempted to pick up a gmod_camera
L 12/15/2018 - 19:19:39: [FAdmin] DidVaitel (STEAM_0:1:74202541) Attempted to pick up a gmod_tool
L 12/15/2018 - 19:19:39: [FAdmin] DidVaitel (STEAM_0:1:74202541) Attempted to pick up a pocket
L 12/15/2018 - 19:19:39: [FAdmin] DidVaitel (STEAM_0:1:74202541) Attempted to pick up a weapon_physgun
L 12/15/2018 - 19:19:39: [FAdmin] DidVaitel (STEAM_0:1:74202541) Attempted to pick up a weapon_keypadchecker
L 12/15/2018 - 19:19:39: [FAdmin] DidVaitel (STEAM_0:1:74202541) Attempted to pick up a door_ram
L 12/15/2018 - 19:19:39: [FAdmin] DidVaitel (STEAM_0:1:74202541) Attempted to pick up a arrest_stick
L 12/15/2018 - 19:19:39: [FAdmin] DidVaitel (STEAM_0:1:74202541) Attempted to pick up a unarrest_stick
L 12/15/2018 - 19:19:39: [FAdmin] DidVaitel (STEAM_0:1:74202541) Attempted to pick up a stunstick
L 12/15/2018 - 19:19:39: [FAdmin] DidVaitel (STEAM_0:1:74202541) Attempted to pick up a weaponchecker
L 12/15/2018 - 19:20:13: Lua Error: 
[ERROR] addons/spawnmenutabs_controller/lua/autorun/tabs_controller.lua:34: bad argument #1 to 'pairs' (table expected, got nil)
  1. pairs - [C]:-1
   2. unknown - addons/spawnmenutabs_controller/lua/autorun/tabs_controller.lua:34


L 12/15/2018 - 19:20:21: Lua Error: 
[ERROR] addons/spawnmenutabs_controller/lua/autorun/tabs_controller.lua:34: bad argument #1 to 'pairs' (table expected, got nil)
  1. pairs - [C]:-1
   2. unknown - addons/spawnmenutabs_controller/lua/autorun/tabs_controller.lua:34


L 12/15/2018 - 19:20:49: "DidVaitel<4><STEAM_0:1:74202541><>" disconnected (reason "Disconnect by user.")
L 12/15/2018 - 19:20:49: [FAdmin] DidVaitel (STEAM_0:1:74202541) Disconnected
L 12/15/2018 - 19:20:49: "DidVaitel<5><STEAM_0:1:74202541><>" connected, address "192.168.1.100:27006"
L 12/15/2018 - 19:20:50: "DidVaitel<5><STEAM_0:1:74202541><>" STEAM USERID validated
L 12/15/2018 - 19:20:59: [FAdmin] DidVaitel (STEAM_0:1:74202541) is Authed
L 12/15/2018 - 19:20:59: [FAdmin] DidVaitel (STEAM_0:1:74202541) Spawned for the first time
L 12/15/2018 - 19:20:59: [FAdmin] DidVaitel (STEAM_0:1:74202541) Spawned
L 12/15/2018 - 19:20:59: "DidVaitel<5><STEAM_0:1:74202541><>" entered the game
L 12/15/2018 - 19:20:59: [FAdmin] DidVaitel (STEAM_0:1:74202541) Attempted to pick up a keys
L 12/15/2018 - 19:20:59: [FAdmin] DidVaitel (STEAM_0:1:74202541) Attempted to pick up a weapon_physcannon
L 12/15/2018 - 19:20:59: [FAdmin] DidVaitel (STEAM_0:1:74202541) Attempted to pick up a gmod_camera
L 12/15/2018 - 19:20:59: [FAdmin] DidVaitel (STEAM_0:1:74202541) Attempted to pick up a gmod_tool
L 12/15/2018 - 19:20:59: [FAdmin] DidVaitel (STEAM_0:1:74202541) Attempted to pick up a pocket
L 12/15/2018 - 19:20:59: [FAdmin] DidVaitel (STEAM_0:1:74202541) Attempted to pick up a weapon_physgun
L 12/15/2018 - 19:20:59: [FAdmin] DidVaitel (STEAM_0:1:74202541) Attempted to pick up a weapon_keypadchecker
L 12/15/2018 - 19:20:59: [FAdmin] DidVaitel (STEAM_0:1:74202541) Attempted to pick up a door_ram
L 12/15/2018 - 19:20:59: [FAdmin] DidVaitel (STEAM_0:1:74202541) Attempted to pick up a arrest_stick
L 12/15/2018 - 19:20:59: [FAdmin] DidVaitel (STEAM_0:1:74202541) Attempted to pick up a unarrest_stick
L 12/15/2018 - 19:20:59: [FAdmin] DidVaitel (STEAM_0:1:74202541) Attempted to pick up a stunstick
L 12/15/2018 - 19:20:59: [FAdmin] DidVaitel (STEAM_0:1:74202541) Attempted to pick up a weaponchecker
L 12/15/2018 - 19:21:09: Lua Error: 
[ERROR] addons/spawnmenutabs_controller/lua/autorun/tabs_controller.lua:130: attempt to index global 'vgui' (a nil value)
  1. unknown - addons/spawnmenutabs_controller/lua/autorun/tabs_controller.lua:130


L 12/15/2018 - 19:21:09: Lua Error: 
[ERROR] addons/spawnmenutabs_controller/lua/autorun/tabs_controller.lua:130: attempt to index global 'vgui' (a nil value)
  1. unknown - addons/spawnmenutabs_controller/lua/autorun/tabs_controller.lua:130


L 12/15/2018 - 19:21:21: Lua Error: 
[ERROR] addons/spawnmenutabs_controller/lua/autorun/tabs_controller.lua:154: 'end' expected (to close 'if' at line 27) near '<eof>'
  1. unknown - addons/spawnmenutabs_controller/lua/autorun/tabs_controller.lua:0


L 12/15/2018 - 19:21:23: Lua Error: 
[ERROR] addons/spawnmenutabs_controller/lua/autorun/tabs_controller.lua:154: 'end' expected (to close 'if' at line 27) near '<eof>'
  1. unknown - addons/spawnmenutabs_controller/lua/autorun/tabs_controller.lua:0


L 12/15/2018 - 19:21:48: [FAdmin] DidVaitel (STEAM_0:1:74202541) Spawned a models/props_phx/construct/metal_plate1x2_tri.mdl
L 12/15/2018 - 19:21:48: [FAdmin] DidVaitel (STEAM_0:1:74202541) Spawned a models/props_phx/construct/metal_wire2x2b.mdl
L 12/15/2018 - 19:21:49: [FAdmin] prop_physics(models/props_phx/construct/metal_wire2x2b.mdl) Got removed
L 12/15/2018 - 19:21:49: [FAdmin] prop_physics(models/props_phx/construct/metal_plate1x2_tri.mdl) Got removed
L 12/15/2018 - 19:21:55: [FAdmin] DidVaitel (STEAM_0:1:74202541) Spawned a models/props_wasteland/kitchen_counter001b.mdl
L 12/15/2018 - 19:21:56: [FAdmin] prop_physics(models/props_wasteland/kitchen_counter001b.mdl) Got removed
L 12/15/2018 - 19:21:57: [FAdmin] DidVaitel (STEAM_0:1:74202541) Spawned a models/hunter/triangles/1x1x5.mdl
L 12/15/2018 - 19:21:57: [FAdmin] prop_physics(models/hunter/triangles/1x1x5.mdl) Got removed
L 12/15/2018 - 19:22:01: [FAdmin] DidVaitel (STEAM_0:1:74202541) Spawned a models/hunter/plates/plate4x7.mdl
L 12/15/2018 - 19:22:02: [FAdmin] prop_physics(models/hunter/plates/plate4x7.mdl) Got removed
L 12/15/2018 - 19:24:57: [FAdmin] Server succesfully shut down.
L 12/15/2018 - 19:24:57: [FAdmin] prop_physics(models/props/de_nuke/handtruck.mdl) Got removed
L 12/15/2018 - 19:24:57: [FAdmin] prop_physics(models/props_c17/door01_left.mdl) Got removed
L 12/15/2018 - 19:24:57: [FAdmin] prop_physics(models/props_c17/door01_left.mdl) Got removed
L 12/15/2018 - 19:24:57: [FAdmin] prop_physics(models/props_c17/door01_left.mdl) Got removed
L 12/15/2018 - 19:24:57: [FAdmin] prop_physics(models/props_c17/door01_left.mdl) Got removed
L 12/15/2018 - 19:24:57: [FAdmin] prop_physics(models/props_c17/door01_left.mdl) Got removed
L 12/15/2018 - 19:24:57: [FAdmin] prop_physics(models/props_c17/door01_left.mdl) Got removed
L 12/15/2018 - 19:24:57: [FAdmin] prop_physics(models/props_junk/pushcart01a.mdl) Got removed
L 12/15/2018 - 19:24:57: [FAdmin] prop_physics(models/props/de_nuke/handtruck.mdl) Got removed
L 12/15/2018 - 19:24:57: [FAdmin] prop_physics(models/props_c17/door01_left.mdl) Got removed
L 12/15/2018 - 19:24:57: [FAdmin] prop_physics(models/props_c17/door01_left.mdl) Got removed
L 12/15/2018 - 19:24:57: [FAdmin] prop_physics(models/props_junk/wood_crate001a_damaged.mdl) Got removed
L 12/15/2018 - 19:24:57: [FAdmin] prop_physics(models/props_junk/wood_crate001a_damaged.mdl) Got removed
L 12/15/2018 - 19:24:57: [FAdmin] prop_physics(models/props_junk/wood_crate001a_damaged.mdl) Got removed
L 12/15/2018 - 19:24:57: [FAdmin] prop_physics(models/props_junk/wood_crate001a_damaged.mdl) Got removed
L 12/15/2018 - 19:24:57: [FAdmin] prop_physics(models/props_junk/wood_crate001a_damaged.mdl) Got removed
L 12/15/2018 - 19:24:57: "DidVaitel<5><STEAM_0:1:74202541><>" disconnected (reason "Server shutting down")
L 12/15/2018 - 19:24:57: server_message: "quit"
L 12/15/2018 - 19:24:57: Log file closed.
