L 12/12/2018 - 01:25:47: Log file started (file "logs\L1212006.log") (game "F:\sup\steamapps\common\GarrysModDS\garrysmod") (version "7334")
L 12/12/2018 - 01:25:47: server_cvar: "sv_alltalk" "3"
L 12/12/2018 - 01:25:47: server_cvar: "sv_allowcslua" "1"
L 12/12/2018 - 01:25:47: server_cvar: "sv_airaccelerate" "1000"
L 12/12/2018 - 01:25:47: server_cvar: "sv_alltalk" "0"
L 12/12/2018 - 01:25:49: Connection to Steam servers successful.
L 12/12/2018 - 01:25:49:    Public IP is 31.130.42.81.
L 12/12/2018 - 01:25:49: Assigned anonymous gameserver Steam ID [A-1:2724408323(11547)].
L 12/12/2018 - 01:25:49: VAC secure mode is activated.
L 12/12/2018 - 01:26:29: Lua Error: 
[ERROR] addons/simple_discord_relay/lua/autorun/server/sv_discord_relay.lua:163: function arguments expected near 'function'
  1. unknown - addons/simple_discord_relay/lua/autorun/server/sv_discord_relay.lua:0


L 12/12/2018 - 01:26:33: Lua Error: 
[ERROR] addons/simple_discord_relay/lua/autorun/server/sv_discord_relay.lua:162: function arguments expected near '='
  1. unknown - addons/simple_discord_relay/lua/autorun/server/sv_discord_relay.lua:0


L 12/12/2018 - 01:27:29: "DidVaitel<2><STEAM_0:1:74202541><>" connected, address "192.168.1.102:27006"
L 12/12/2018 - 01:27:29: "DidVaitel<2><STEAM_0:1:74202541><>" STEAM USERID validated
L 12/12/2018 - 01:27:38: [FAdmin] DidVaitel (STEAM_0:1:74202541) is Authed
L 12/12/2018 - 01:27:38: [FAdmin] DidVaitel (STEAM_0:1:74202541) Spawned for the first time
L 12/12/2018 - 01:27:38: [FAdmin] DidVaitel (STEAM_0:1:74202541) Spawned
L 12/12/2018 - 01:27:38: "DidVaitel<2><STEAM_0:1:74202541><>" entered the game
L 12/12/2018 - 01:27:38: [FAdmin] DidVaitel (STEAM_0:1:74202541) Attempted to pick up a keys
L 12/12/2018 - 01:27:38: [FAdmin] DidVaitel (STEAM_0:1:74202541) Attempted to pick up a weapon_physcannon
L 12/12/2018 - 01:27:38: [FAdmin] DidVaitel (STEAM_0:1:74202541) Attempted to pick up a gmod_camera
L 12/12/2018 - 01:27:38: [FAdmin] DidVaitel (STEAM_0:1:74202541) Attempted to pick up a gmod_tool
L 12/12/2018 - 01:27:38: [FAdmin] DidVaitel (STEAM_0:1:74202541) Attempted to pick up a pocket
L 12/12/2018 - 01:27:38: [FAdmin] DidVaitel (STEAM_0:1:74202541) Attempted to pick up a weapon_physgun
L 12/12/2018 - 01:27:38: [FAdmin] DidVaitel (STEAM_0:1:74202541) Attempted to pick up a weapon_keypadchecker
L 12/12/2018 - 01:27:38: [FAdmin] DidVaitel (STEAM_0:1:74202541) Attempted to pick up a door_ram
L 12/12/2018 - 01:27:38: [FAdmin] DidVaitel (STEAM_0:1:74202541) Attempted to pick up a arrest_stick
L 12/12/2018 - 01:27:38: [FAdmin] DidVaitel (STEAM_0:1:74202541) Attempted to pick up a unarrest_stick
L 12/12/2018 - 01:27:38: [FAdmin] DidVaitel (STEAM_0:1:74202541) Attempted to pick up a stunstick
L 12/12/2018 - 01:27:38: [FAdmin] DidVaitel (STEAM_0:1:74202541) Attempted to pick up a weaponchecker
L 12/12/2018 - 01:27:54: Lua Error: 
[ERROR] stack overflow
  1. print - [C]:-1
   2. WhitelistSteamID - addons/simple_discord_relay/lua/autorun/server/sv_discord_relay.lua:163
    3. WhitelistSteamID - addons/simple_discord_relay/lua/autorun/server/sv_discord_relay.lua:164
     4. WhitelistSteamID - addons/simple_discord_relay/lua/autorun/server/sv_discord_relay.lua:164
      5. WhitelistSteamID - addons/simple_discord_relay/lua/autorun/server/sv_discord_relay.lua:164
       6. WhitelistSteamID - addons/simple_discord_relay/lua/autorun/server/sv_discord_relay.lua:164
        7. WhitelistSteamID - addons/simple_discord_relay/lua/autorun/server/sv_discord_relay.lua:164
         8. WhitelistSteamID - addons/simple_discord_relay/lua/autorun/server/sv_discord_relay.lua:164
          9. WhitelistSteamID - addons/simple_discord_relay/lua/autorun/server/sv_discord_relay.lua:164
           10. WhitelistSteamID - addons/simple_discord_relay/lua/autorun/server/sv_discord_relay.lua:164
            11. WhitelistSteamID - addons/simple_discord_relay/lua/autorun/server/sv_discord_relay.lua:164
  L 12/12/2018 - 01:31:15: Lua Error: 
[ERROR] addons/simple_discord_relay/lua/autorun/server/sv_discord_relay.lua:172: attempt to call method 'WhitelistSteamID_' (a nil value)
  1. WhitelistSteamID - addons/simple_discord_relay/lua/autorun/server/sv_discord_relay.lua:172
   2. unknown - addons/sh_whitelist/lua/whitelist/sv_whitelist.lua:431
    3. unknown - lua/includes/modules/concommand.lua:54


L 12/12/2018 - 01:31:16: Lua Error: 
[ERROR] addons/simple_discord_relay/lua/autorun/server/sv_discord_relay.lua:169: attempt to concatenate upvalue 'jobs' (a table value)
  1. onsuccess - addons/simple_discord_relay/lua/autorun/server/sv_discord_relay.lua:169
   2. unknown - lua/includes/modules/http.lua:29


L 12/12/2018 - 01:32:18: Lua Error: 
[ERROR] addons/simple_discord_relay/lua/autorun/server/sv_discord_relay.lua:173: attempt to call method 'WhitelistSteamID_' (a nil value)
  1. WhitelistSteamID - addons/simple_discord_relay/lua/autorun/server/sv_discord_relay.lua:173
   2. unknown - addons/sh_whitelist/lua/whitelist/sv_whitelist.lua:431
    3. unknown - lua/includes/modules/concommand.lua:54


L 12/12/2018 - 01:32:42: Lua Error: 
[ERROR] addons/simple_discord_relay/lua/autorun/server/sv_discord_relay.lua:173: attempt to call method 'WhitelistSteamID_' (a nil value)
  1. WhitelistSteamID - addons/simple_discord_relay/lua/autorun/server/sv_discord_relay.lua:173
   2. unknown - addons/sh_whitelist/lua/whitelist/sv_whitelist.lua:431
    3. unknown - lua/includes/modules/concommand.lua:54


L 12/12/2018 - 01:33:07: Lua Error: 
[ERROR] addons/simple_discord_relay/lua/autorun/server/sv_discord_relay.lua:173: attempt to call method 'WhitelistSteamID_' (a nil value)
  1. WhitelistSteamID - addons/simple_discord_relay/lua/autorun/server/sv_discord_relay.lua:173
   2. unknown - addons/sh_whitelist/lua/whitelist/sv_whitelist.lua:431
    3. unknown - lua/includes/modules/concommand.lua:54


L 12/12/2018 - 01:34:35: Lua Error: 
[ERROR] addons/simple_discord_relay/lua/autorun/server/sv_discord_relay.lua:173: attempt to call global 'WhitelistSteamID_' (a nil value)
  1. WhitelistSteamID - addons/simple_discord_relay/lua/autorun/server/sv_discord_relay.lua:173
   2. unknown - addons/sh_whitelist/lua/whitelist/sv_whitelist.lua:431
    3. unknown - lua/includes/modules/concommand.lua:54


L 12/12/2018 - 01:34:48: Lua Error: 
[ERROR] addons/simple_discord_relay/lua/autorun/server/sv_discord_relay.lua:162: function arguments expected near 'function'
  1. unknown - addons/simple_discord_relay/lua/autorun/server/sv_discord_relay.lua:0


L 12/12/2018 - 01:34:57: Lua Error: 
[ERROR] addons/simple_discord_relay/lua/autorun/server/sv_discord_relay.lua:161: function arguments expected near '='
  1. unknown - addons/simple_discord_relay/lua/autorun/server/sv_discord_relay.lua:0


L 12/12/2018 - 01:35:01: Lua Error: 
[ERROR] addons/simple_discord_relay/lua/autorun/server/sv_discord_relay.lua:161: function arguments expected near '='
  1. unknown - addons/simple_discord_relay/lua/autorun/server/sv_discord_relay.lua:0


L 12/12/2018 - 01:37:42: Lua Error: 
[ERROR] addons/simple_discord_relay/lua/autorun/server/sv_discord_relay.lua:162: function arguments expected near 'function'
  1. unknown - addons/simple_discord_relay/lua/autorun/server/sv_discord_relay.lua:0


L 12/12/2018 - 01:37:47: Lua Error: 
[ERROR] addons/simple_discord_relay/lua/autorun/server/sv_discord_relay.lua:162: function arguments expected near 'function'
  1. unknown - addons/simple_discord_relay/lua/autorun/server/sv_discord_relay.lua:0


L 12/12/2018 - 01:38:12: Lua Error: 
[ERROR] addons/simple_discord_relay/lua/autorun/server/sv_discord_relay.lua:162: function arguments expected near 'function'
  1. unknown - addons/simple_discord_relay/lua/autorun/server/sv_discord_relay.lua:0


L 12/12/2018 - 01:38:40: Lua Error: 
[ERROR] addons/simple_discord_relay/lua/autorun/server/sv_discord_relay.lua:161: unexpected symbol near '=='
  1. unknown - addons/simple_discord_relay/lua/autorun/server/sv_discord_relay.lua:0


L 12/12/2018 - 01:38:43: Lua Error: 
[ERROR] addons/simple_discord_relay/lua/autorun/server/sv_discord_relay.lua:162: function arguments expected near 'function'
  1. unknown - addons/simple_discord_relay/lua/autorun/server/sv_discord_relay.lua:0


L 12/12/2018 - 01:39:43: Lua Error: 
[ERROR] addons/simple_discord_relay/lua/autorun/server/sv_discord_relay.lua:163: attempt to index local 'admin' (a nil value)
  1. WhitelistSteamID - addons/simple_discord_relay/lua/autorun/server/sv_discord_relay.lua:163
   2. unknown - addons/simple_discord_relay/lua/autorun/server/sv_discord_relay.lua:161


L 12/12/2018 - 01:39:57: Lua Error: 
[ERROR] addons/simple_discord_relay/lua/autorun/server/sv_discord_relay.lua:163: attempt to index local 'admin' (a nil value)
  1. WhitelistSteamID - addons/simple_discord_relay/lua/autorun/server/sv_discord_relay.lua:163
   2. unknown - addons/simple_discord_relay/lua/autorun/server/sv_discord_relay.lua:161


L 12/12/2018 - 01:40:14: Lua Error: 
[ERROR] addons/simple_discord_relay/lua/autorun/server/sv_discord_relay.lua:173: attempt to call method 'WhitelistSteamID_' (a nil value)
  1. WhitelistSteamID - addons/simple_discord_relay/lua/autorun/server/sv_discord_relay.lua:173
   2. unknown - addons/sh_whitelist/lua/whitelist/sv_whitelist.lua:431
    3. unknown - lua/includes/modules/concommand.lua:54


L 12/12/2018 - 01:40:29: Lua Error: 
[ERROR] addons/simple_discord_relay/lua/autorun/server/sv_discord_relay.lua:163: attempt to index local 'admin' (a nil value)
  1. WhitelistSteamID - addons/simple_discord_relay/lua/autorun/server/sv_discord_relay.lua:163
   2. unknown - addons/simple_discord_relay/lua/autorun/server/sv_discord_relay.lua:161


L 12/12/2018 - 01:40:32: Lua Error: 
[ERROR] addons/simple_discord_relay/lua/autorun/server/sv_discord_relay.lua:173: attempt to call method 'WhitelistSteamID_' (a nil value)
  1. WhitelistSteamID - addons/simple_discord_relay/lua/autorun/server/sv_discord_relay.lua:173
   2. unknown - addons/sh_whitelist/lua/whitelist/sv_whitelist.lua:431
    3. unknown - lua/includes/modules/concommand.lua:54


L 12/12/2018 - 01:40:44: Lua Error: 
[ERROR] addons/simple_discord_relay/lua/autorun/server/sv_discord_relay.lua:161: unexpected symbol near ':'
  1. unknown - addons/simple_discord_relay/lua/autorun/server/sv_discord_relay.lua:0


L 12/12/2018 - 01:40:47: Lua Error: 
[ERROR] addons/simple_discord_relay/lua/autorun/server/sv_discord_relay.lua:161: unexpected symbol near ':'
  1. unknown - addons/simple_discord_relay/lua/autorun/server/sv_discord_relay.lua:0


L 12/12/2018 - 01:40:55: Lua Error: 
[ERROR] addons/simple_discord_relay/lua/autorun/server/sv_discord_relay.lua:161: unexpected symbol near ':'
  1. unknown - addons/simple_discord_relay/lua/autorun/server/sv_discord_relay.lua:0


L 12/12/2018 - 01:40:58: Lua Error: 
[ERROR] addons/simple_discord_relay/lua/autorun/server/sv_discord_relay.lua:161: unexpected symbol near ':'
  1. unknown - addons/simple_discord_relay/lua/autorun/server/sv_discord_relay.lua:0


L 12/12/2018 - 01:41:02: Lua Error: 
[ERROR] addons/simple_discord_relay/lua/autorun/server/sv_discord_relay.lua:161: unexpected symbol near ':'
  1. unknown - addons/simple_discord_relay/lua/autorun/server/sv_discord_relay.lua:0


L 12/12/2018 - 01:41:09: Lua Error: 
[ERROR] addons/simple_discord_relay/lua/autorun/server/sv_discord_relay.lua:161: function arguments expected near '='
  1. unknown - addons/simple_discord_relay/lua/autorun/server/sv_discord_relay.lua:0


L 12/12/2018 - 01:41:18: Lua Error: 
[ERROR] addons/simple_discord_relay/lua/autorun/server/sv_discord_relay.lua:161: function arguments expected near '='
  1. unknown - addons/simple_discord_relay/lua/autorun/server/sv_discord_relay.lua:0


L 12/12/2018 - 01:41:23: Lua Error: 
[ERROR] addons/simple_discord_relay/lua/autorun/server/sv_discord_relay.lua:161: function arguments expected near '='
  1. unknown - addons/simple_discord_relay/lua/autorun/server/sv_discord_relay.lua:0


L 12/12/2018 - 01:41:26: Lua Error: 
[ERROR] addons/simple_discord_relay/lua/autorun/server/sv_discord_relay.lua:161: unexpected symbol near '='
  1. unknown - addons/simple_discord_relay/lua/autorun/server/sv_discord_relay.lua:0


L 12/12/2018 - 01:41:30: Lua Error: 
[ERROR] addons/simple_discord_relay/lua/autorun/server/sv_discord_relay.lua:161: unexpected symbol near '='
  1. unknown - addons/simple_discord_relay/lua/autorun/server/sv_discord_relay.lua:0


L 12/12/2018 - 01:41:44: Lua Error: 
[ERROR] addons/simple_discord_relay/lua/autorun/server/sv_discord_relay.lua:161: function arguments expected near '='
  1. unknown - addons/simple_discord_relay/lua/autorun/server/sv_discord_relay.lua:0


L 12/12/2018 - 01:41:44: Lua Error: 
[ERROR] addons/simple_discord_relay/lua/autorun/server/sv_discord_relay.lua:161: function arguments expected near '='
  1. unknown - addons/simple_discord_relay/lua/autorun/server/sv_discord_relay.lua:0


L 12/12/2018 - 01:41:54: Lua Error: 
[ERROR] addons/simple_discord_relay/lua/autorun/server/sv_discord_relay.lua:161: function arguments expected near '='
  1. unknown - addons/simple_discord_relay/lua/autorun/server/sv_discord_relay.lua:0


L 12/12/2018 - 01:42:08: Lua Error: 
[ERROR] addons/simple_discord_relay/lua/autorun/server/sv_discord_relay.lua:161: function arguments expected near '='
  1. unknown - addons/simple_discord_relay/lua/autorun/server/sv_discord_relay.lua:0


L 12/12/2018 - 01:42:08: Lua Error: 
[ERROR] addons/simple_discord_relay/lua/autorun/server/sv_discord_relay.lua:161: function arguments expected near '='
  1. unknown - addons/simple_discord_relay/lua/autorun/server/sv_discord_relay.lua:0


L 12/12/2018 - 01:42:23: Lua Error: 
[ERROR] addons/simple_discord_relay/lua/autorun/server/sv_discord_relay.lua:161: '=' expected near '::'
  1. unknown - addons/simple_discord_relay/lua/autorun/server/sv_discord_relay.lua:0


L 12/12/2018 - 01:42:26: Lua Error: 
[ERROR] addons/simple_discord_relay/lua/autorun/server/sv_discord_relay.lua:161: '=' expected near '::'
  1. unknown - addons/simple_discord_relay/lua/autorun/server/sv_discord_relay.lua:0


L 12/12/2018 - 01:42:31: Lua Error: 
[ERROR] addons/simple_discord_relay/lua/autorun/server/sv_discord_relay.lua:161: '=' expected near '::'
  1. unknown - addons/simple_discord_relay/lua/autorun/server/sv_discord_relay.lua:0


L 12/12/2018 - 01:42:36: Lua Error: 
[ERROR] addons/simple_discord_relay/lua/autorun/server/sv_discord_relay.lua:161: unexpected symbol near '='
  1. unknown - addons/simple_discord_relay/lua/autorun/server/sv_discord_relay.lua:0


L 12/12/2018 - 01:42:49: Lua Error: 
[ERROR] addons/simple_discord_relay/lua/autorun/server/sv_discord_relay.lua:162: '::' expected near 'function'
  1. unknown - addons/simple_discord_relay/lua/autorun/server/sv_discord_relay.lua:0


L 12/12/2018 - 01:42:54: Lua Error: 
[ERROR] addons/simple_discord_relay/lua/autorun/server/sv_discord_relay.lua:162: function arguments expected near 'function'
  1. unknown - addons/simple_discord_relay/lua/autorun/server/sv_discord_relay.lua:0


L 12/12/2018 - 01:42:55: Lua Error: 
[ERROR] addons/simple_discord_relay/lua/autorun/server/sv_discord_relay.lua:163: attempt to index local 'admin' (a nil value)
  1. WhitelistSteamID - addons/simple_discord_relay/lua/autorun/server/sv_discord_relay.lua:163
   2. unknown - addons/simple_discord_relay/lua/autorun/server/sv_discord_relay.lua:161


L 12/12/2018 - 01:43:06: [FAdmin] Server succesfully shut down.
L 12/12/2018 - 01:43:06: [FAdmin] prop_physics(models/props/de_nuke/handtruck.mdl) Got removed
L 12/12/2018 - 01:43:06: [FAdmin] prop_physics(models/props_c17/door01_left.mdl) Got removed
L 12/12/2018 - 01:43:06: [FAdmin] prop_physics(models/props_c17/door01_left.mdl) Got removed
L 12/12/2018 - 01:43:06: [FAdmin] prop_physics(models/props_c17/door01_left.mdl) Got removed
L 12/12/2018 - 01:43:06: [FAdmin] prop_physics(models/props_c17/door01_left.mdl) Got removed
L 12/12/2018 - 01:43:06: [FAdmin] prop_physics(models/props_c17/door01_left.mdl) Got removed
L 12/12/2018 - 01:43:06: [FAdmin] prop_physics(models/props_c17/door01_left.mdl) Got removed
L 12/12/2018 - 01:43:06: [FAdmin] prop_physics(models/props_junk/pushcart01a.mdl) Got removed
L 12/12/2018 - 01:43:06: [FAdmin] prop_physics(models/props/de_nuke/handtruck.mdl) Got removed
L 12/12/2018 - 01:43:06: [FAdmin] prop_physics(models/props_c17/door01_left.mdl) Got removed
L 12/12/2018 - 01:43:06: [FAdmin] prop_physics(models/props_c17/door01_left.mdl) Got removed
L 12/12/2018 - 01:43:06: [FAdmin] prop_physics(models/props_junk/wood_crate001a_damaged.mdl) Got removed
L 12/12/2018 - 01:43:06: [FAdmin] prop_physics(models/props_junk/wood_crate001a_damaged.mdl) Got removed
L 12/12/2018 - 01:43:06: [FAdmin] prop_physics(models/props_junk/wood_crate001a_damaged.mdl) Got removed
L 12/12/2018 - 01:43:06: [FAdmin] prop_physics(models/props_junk/wood_crate001a_damaged.mdl) Got removed
L 12/12/2018 - 01:43:06: [FAdmin] prop_physics(models/props_junk/wood_crate001a_damaged.mdl) Got removed
L 12/12/2018 - 01:43:06: "DidVaitel<2><STEAM_0:1:74202541><>" disconnected (reason "Server shutting down")
L 12/12/2018 - 01:43:06: server_message: "quit"
L 12/12/2018 - 01:43:06: Log file closed.
