L 12/18/2018 - 19:32:03: Log file started (file "logs\L1218004.log") (game "F:\sup\steamapps\common\GarrysModDS\garrysmod") (version "7334")
L 12/18/2018 - 19:32:03: server_cvar: "sv_alltalk" "3"
L 12/18/2018 - 19:32:03: server_cvar: "sv_allowcslua" "1"
L 12/18/2018 - 19:32:03: server_cvar: "sv_airaccelerate" "1000"
L 12/18/2018 - 19:32:03: server_cvar: "sv_alltalk" "0"
L 12/18/2018 - 19:32:04: Connection to Steam servers successful.
L 12/18/2018 - 19:32:04:    Public IP is 31.130.42.81.
L 12/18/2018 - 19:32:04: Assigned anonymous gameserver Steam ID [A-1:2340040715(11587)].
L 12/18/2018 - 19:32:04: VAC secure mode is activated.
L 12/18/2018 - 19:32:38: "DidVaitel<2><STEAM_0:1:74202541><>" connected, address "192.168.1.101:27006"
L 12/18/2018 - 19:32:38: "DidVaitel<2><STEAM_0:1:74202541><>" STEAM USERID validated
L 12/18/2018 - 19:32:40: "DidVaitel<2><STEAM_0:1:74202541><>" disconnected (reason "Disconnect by user.")
L 12/18/2018 - 19:32:53: "DidVaitel<3><STEAM_0:1:74202541><>" connected, address "192.168.1.101:27006"
L 12/18/2018 - 19:32:54: "DidVaitel<3><STEAM_0:1:74202541><>" STEAM USERID validated
L 12/18/2018 - 19:33:11: [FAdmin] DidVaitel (STEAM_0:1:74202541) is Authed
L 12/18/2018 - 19:33:11: [FAdmin] DidVaitel (STEAM_0:1:74202541) Spawned for the first time
L 12/18/2018 - 19:33:11: [FAdmin] DidVaitel (STEAM_0:1:74202541) Spawned
L 12/18/2018 - 19:33:11: "DidVaitel<3><STEAM_0:1:74202541><>" entered the game
L 12/18/2018 - 19:33:11: [FAdmin] DidVaitel (STEAM_0:1:74202541) Attempted to pick up a keys
L 12/18/2018 - 19:33:11: [FAdmin] DidVaitel (STEAM_0:1:74202541) Attempted to pick up a weapon_physcannon
L 12/18/2018 - 19:33:11: [FAdmin] DidVaitel (STEAM_0:1:74202541) Attempted to pick up a gmod_camera
L 12/18/2018 - 19:33:11: [FAdmin] DidVaitel (STEAM_0:1:74202541) Attempted to pick up a gmod_tool
L 12/18/2018 - 19:33:11: [FAdmin] DidVaitel (STEAM_0:1:74202541) Attempted to pick up a pocket
L 12/18/2018 - 19:33:11: [FAdmin] DidVaitel (STEAM_0:1:74202541) Attempted to pick up a weapon_physgun
L 12/18/2018 - 19:33:11: [FAdmin] DidVaitel (STEAM_0:1:74202541) Attempted to pick up a weapon_keypadchecker
L 12/18/2018 - 19:33:11: [FAdmin] DidVaitel (STEAM_0:1:74202541) Attempted to pick up a door_ram
L 12/18/2018 - 19:33:11: [FAdmin] DidVaitel (STEAM_0:1:74202541) Attempted to pick up a arrest_stick
L 12/18/2018 - 19:33:11: [FAdmin] DidVaitel (STEAM_0:1:74202541) Attempted to pick up a unarrest_stick
L 12/18/2018 - 19:33:11: [FAdmin] DidVaitel (STEAM_0:1:74202541) Attempted to pick up a stunstick
L 12/18/2018 - 19:33:11: [FAdmin] DidVaitel (STEAM_0:1:74202541) Attempted to pick up a weaponchecker
L 12/18/2018 - 19:33:24: [FAdmin] DidVaitel (STEAM_0:1:74202541) Attempted to switch noclip
L 12/18/2018 - 19:33:55: [FAdmin] DidVaitel (STEAM_0:1:74202541) Attempted to switch noclip
L 12/18/2018 - 19:34:04: "DidVaitel<3><STEAM_0:1:74202541><Citizen>" say "/conquest"

L 12/18/2018 - 19:37:46: "DidVaitel<3><STEAM_0:1:74202541><Citizen>" say "/anounce"

L 12/18/2018 - 19:38:30: "DidVaitel<3><STEAM_0:1:74202541><Citizen>" say "/conquest"

L 12/18/2018 - 19:39:30: "DidVaitel<3><STEAM_0:1:74202541><Citizen>" say "/conquest"

L 12/18/2018 - 19:39:43: "DidVaitel<3><STEAM_0:1:74202541><Citizen>" say "/conquest"

L 12/18/2018 - 19:39:51: "DidVaitel<3><STEAM_0:1:74202541><Citizen>" say "/conquest"

L 12/18/2018 - 19:40:04: "DidVaitel<3><STEAM_0:1:74202541><Citizen>" say "/conquest"

L 12/18/2018 - 19:41:21: [FAdmin] DidVaitel (STEAM_0:1:74202541) Attempted to switch noclip
L 12/18/2018 - 19:41:23: [FAdmin] DidVaitel (STEAM_0:1:74202541) Attempted to switch noclip
L 12/18/2018 - 19:44:46: "DidVaitel<3><STEAM_0:1:74202541><Citizen>" say "/conquest"

L 12/18/2018 - 19:45:14: [FAdmin] DidVaitel (STEAM_0:1:74202541) Attempted to switch noclip
L 12/18/2018 - 19:45:16: [FAdmin] DidVaitel (STEAM_0:1:74202541) Attempted to switch noclip
L 12/18/2018 - 19:45:21: "DidVaitel<3><STEAM_0:1:74202541><Citizen>" say "/conques"

L 12/18/2018 - 19:45:24: "DidVaitel<3><STEAM_0:1:74202541><Citizen>" say "/conquest"

L 12/18/2018 - 19:45:43: [FAdmin] DidVaitel (STEAM_0:1:74202541) Attempted to switch noclip
L 12/18/2018 - 19:45:44: [FAdmin] DidVaitel (STEAM_0:1:74202541) Attempted to switch noclip
L 12/18/2018 - 19:45:46: [FAdmin] DidVaitel (STEAM_0:1:74202541) Attempted to switch noclip
L 12/18/2018 - 19:45:49: [FAdmin] DidVaitel (STEAM_0:1:74202541) Attempted to switch noclip
L 12/18/2018 - 19:46:30: [FAdmin] Server succesfully shut down.
L 12/18/2018 - 19:46:30: [FAdmin] prop_physics(models/props/de_nuke/handtruck.mdl) Got removed
L 12/18/2018 - 19:46:30: [FAdmin] prop_physics(models/props_c17/door01_left.mdl) Got removed
L 12/18/2018 - 19:46:30: [FAdmin] prop_physics(models/props_c17/door01_left.mdl) Got removed
L 12/18/2018 - 19:46:30: [FAdmin] prop_physics(models/props_c17/door01_left.mdl) Got removed
L 12/18/2018 - 19:46:30: [FAdmin] prop_physics(models/props_c17/door01_left.mdl) Got removed
L 12/18/2018 - 19:46:30: [FAdmin] prop_physics(models/props_c17/door01_left.mdl) Got removed
L 12/18/2018 - 19:46:30: [FAdmin] prop_physics(models/props_c17/door01_left.mdl) Got removed
L 12/18/2018 - 19:46:30: [FAdmin] prop_physics(models/props_junk/pushcart01a.mdl) Got removed
L 12/18/2018 - 19:46:30: [FAdmin] prop_physics(models/props/de_nuke/handtruck.mdl) Got removed
L 12/18/2018 - 19:46:30: [FAdmin] prop_physics(models/props_c17/door01_left.mdl) Got removed
L 12/18/2018 - 19:46:30: [FAdmin] prop_physics(models/props_c17/door01_left.mdl) Got removed
L 12/18/2018 - 19:46:30: [FAdmin] prop_physics(models/props_junk/wood_crate001a_damaged.mdl) Got removed
L 12/18/2018 - 19:46:30: [FAdmin] prop_physics(models/props_junk/wood_crate001a_damaged.mdl) Got removed
L 12/18/2018 - 19:46:30: [FAdmin] prop_physics(models/props_junk/wood_crate001a_damaged.mdl) Got removed
L 12/18/2018 - 19:46:30: [FAdmin] prop_physics(models/props_junk/wood_crate001a_damaged.mdl) Got removed
L 12/18/2018 - 19:46:30: [FAdmin] prop_physics(models/props_junk/wood_crate001a_damaged.mdl) Got removed
L 12/18/2018 - 19:46:30: [FAdmin] prop_physics(models/sterling/flag.mdl) Got removed
L 12/18/2018 - 19:46:30: [FAdmin] prop_physics(models/sterling/flag.mdl) Got removed
L 12/18/2018 - 19:46:30: [FAdmin] prop_physics(models/sterling/flag.mdl) Got removed
L 12/18/2018 - 19:46:30: "DidVaitel<3><STEAM_0:1:74202541><>" disconnected (reason "Server shutting down")
L 12/18/2018 - 19:46:30: server_message: "quit"
L 12/18/2018 - 19:46:30: Log file closed.
