L 12/18/2018 - 19:46:39: Log file started (file "logs\L1218005.log") (game "F:\sup\steamapps\common\GarrysModDS\garrysmod") (version "7334")
L 12/18/2018 - 19:46:39: server_cvar: "sv_alltalk" "3"
L 12/18/2018 - 19:46:39: server_cvar: "sv_allowcslua" "1"
L 12/18/2018 - 19:46:39: server_cvar: "sv_airaccelerate" "1000"
L 12/18/2018 - 19:46:39: server_cvar: "sv_alltalk" "0"
L 12/18/2018 - 19:46:40: Connection to Steam servers successful.
L 12/18/2018 - 19:46:40:    Public IP is 31.130.42.81.
L 12/18/2018 - 19:46:40: Assigned anonymous gameserver Steam ID [A-1:2586420227(11587)].
L 12/18/2018 - 19:46:40: VAC secure mode is activated.
L 12/18/2018 - 19:47:00: "DidVaitel<2><STEAM_0:1:74202541><>" connected, address "192.168.1.101:27006"
L 12/18/2018 - 19:47:00: "DidVaitel<2><STEAM_0:1:74202541><>" STEAM USERID validated
L 12/18/2018 - 19:47:10: [FAdmin] DidVaitel (STEAM_0:1:74202541) is Authed
L 12/18/2018 - 19:47:10: [FAdmin] DidVaitel (STEAM_0:1:74202541) Spawned for the first time
L 12/18/2018 - 19:47:10: [FAdmin] DidVaitel (STEAM_0:1:74202541) Spawned
L 12/18/2018 - 19:47:10: "DidVaitel<2><STEAM_0:1:74202541><>" entered the game
L 12/18/2018 - 19:47:10: [FAdmin] DidVaitel (STEAM_0:1:74202541) Attempted to pick up a keys
L 12/18/2018 - 19:47:10: [FAdmin] DidVaitel (STEAM_0:1:74202541) Attempted to pick up a weapon_physcannon
L 12/18/2018 - 19:47:10: [FAdmin] DidVaitel (STEAM_0:1:74202541) Attempted to pick up a gmod_camera
L 12/18/2018 - 19:47:10: [FAdmin] DidVaitel (STEAM_0:1:74202541) Attempted to pick up a gmod_tool
L 12/18/2018 - 19:47:10: [FAdmin] DidVaitel (STEAM_0:1:74202541) Attempted to pick up a pocket
L 12/18/2018 - 19:47:10: [FAdmin] DidVaitel (STEAM_0:1:74202541) Attempted to pick up a weapon_physgun
L 12/18/2018 - 19:47:10: [FAdmin] DidVaitel (STEAM_0:1:74202541) Attempted to pick up a weapon_keypadchecker
L 12/18/2018 - 19:47:10: [FAdmin] DidVaitel (STEAM_0:1:74202541) Attempted to pick up a door_ram
L 12/18/2018 - 19:47:10: [FAdmin] DidVaitel (STEAM_0:1:74202541) Attempted to pick up a arrest_stick
L 12/18/2018 - 19:47:10: [FAdmin] DidVaitel (STEAM_0:1:74202541) Attempted to pick up a unarrest_stick
L 12/18/2018 - 19:47:10: [FAdmin] DidVaitel (STEAM_0:1:74202541) Attempted to pick up a stunstick
L 12/18/2018 - 19:47:10: [FAdmin] DidVaitel (STEAM_0:1:74202541) Attempted to pick up a weaponchecker
L 12/18/2018 - 19:48:04: [FAdmin] DidVaitel (STEAM_0:1:74202541) Attempted to switch noclip
L 12/18/2018 - 19:48:07: [FAdmin] DidVaitel (STEAM_0:1:74202541) Attempted to switch noclip
L 12/18/2018 - 19:48:27: [FAdmin] DidVaitel (STEAM_0:1:74202541) Attempted to switch noclip
L 12/18/2018 - 19:48:28: [FAdmin] DidVaitel (STEAM_0:1:74202541) Attempted to switch noclip
L 12/18/2018 - 19:50:06: [FAdmin] DidVaitel (STEAM_0:1:74202541) Attempted to switch noclip
L 12/18/2018 - 19:50:08: [FAdmin] DidVaitel (STEAM_0:1:74202541) Attempted to switch noclip
L 12/18/2018 - 19:55:23: [FAdmin] DidVaitel (STEAM_0:1:74202541) Attempted to switch noclip
L 12/18/2018 - 19:55:29: [FAdmin] DidVaitel (STEAM_0:1:74202541) Attempted to switch noclip
L 12/18/2018 - 19:55:33: "DidVaitel<2><STEAM_0:1:74202541><Citizen>" say "/conquest"

L 12/18/2018 - 19:55:47: [FAdmin] DidVaitel (STEAM_0:1:74202541) Attempted to switch noclip
L 12/18/2018 - 19:55:48: Lua Error: 
[ERROR] conquest/lua/conquest/server/sv_points.lua:70: attempt to concatenate a nil value
  1. PointCapturedMessage - addons/[server]_conquest/lua/conquest/server/sv_points.lua:70
   2. Tick - addons/[server]_conquest/lua/conquest/server/sv_main.lua:151
    3. unknown - addons/[server]_conquest/lua/conquest/server/sv_main.lua:275


L 12/18/2018 - 19:55:48: [FAdmin] DidVaitel (STEAM_0:1:74202541) Attempted to switch noclip
L 12/18/2018 - 19:55:50: [FAdmin] DidVaitel (STEAM_0:1:74202541) Attempted to switch noclip
L 12/18/2018 - 19:55:52: [FAdmin] DidVaitel (STEAM_0:1:74202541) Attempted to switch noclip
L 12/18/2018 - 19:56:15: [FAdmin] Server succesfully shut down.
L 12/18/2018 - 19:56:15: [FAdmin] prop_physics(models/props/de_nuke/handtruck.mdl) Got removed
L 12/18/2018 - 19:56:15: [FAdmin] prop_physics(models/props_c17/door01_left.mdl) Got removed
L 12/18/2018 - 19:56:15: [FAdmin] prop_physics(models/props_c17/door01_left.mdl) Got removed
L 12/18/2018 - 19:56:15: [FAdmin] prop_physics(models/props_c17/door01_left.mdl) Got removed
L 12/18/2018 - 19:56:15: [FAdmin] prop_physics(models/props_c17/door01_left.mdl) Got removed
L 12/18/2018 - 19:56:15: [FAdmin] prop_physics(models/props_c17/door01_left.mdl) Got removed
L 12/18/2018 - 19:56:15: [FAdmin] prop_physics(models/props_c17/door01_left.mdl) Got removed
L 12/18/2018 - 19:56:15: [FAdmin] prop_physics(models/props_junk/pushcart01a.mdl) Got removed
L 12/18/2018 - 19:56:15: [FAdmin] prop_physics(models/props/de_nuke/handtruck.mdl) Got removed
L 12/18/2018 - 19:56:15: [FAdmin] prop_physics(models/props_c17/door01_left.mdl) Got removed
L 12/18/2018 - 19:56:15: [FAdmin] prop_physics(models/props_c17/door01_left.mdl) Got removed
L 12/18/2018 - 19:56:15: [FAdmin] prop_physics(models/props_junk/wood_crate001a_damaged.mdl) Got removed
L 12/18/2018 - 19:56:15: [FAdmin] prop_physics(models/props_junk/wood_crate001a_damaged.mdl) Got removed
L 12/18/2018 - 19:56:15: [FAdmin] prop_physics(models/props_junk/wood_crate001a_damaged.mdl) Got removed
L 12/18/2018 - 19:56:15: [FAdmin] prop_physics(models/props_junk/wood_crate001a_damaged.mdl) Got removed
L 12/18/2018 - 19:56:15: [FAdmin] prop_physics(models/props_junk/wood_crate001a_damaged.mdl) Got removed
L 12/18/2018 - 19:56:15: [FAdmin] prop_physics(models/sterling/flag.mdl) Got removed
L 12/18/2018 - 19:56:15: [FAdmin] prop_physics(models/sterling/flag.mdl) Got removed
L 12/18/2018 - 19:56:15: [FAdmin] prop_physics(models/sterling/flag.mdl) Got removed
L 12/18/2018 - 19:56:15: [FAdmin] prop_physics(models/sterling/flag.mdl) Got removed
L 12/18/2018 - 19:56:15: "DidVaitel<2><STEAM_0:1:74202541><>" disconnected (reason "Server shutting down")
L 12/18/2018 - 19:56:16: server_message: "quit"
L 12/18/2018 - 19:56:16: Log file closed.
