L 12/16/2018 - 21:57:47: Log file started (file "logs\L1216008.log") (game "F:\sup\steamapps\common\GarrysModDS\garrysmod") (version "7334")
L 12/16/2018 - 21:57:47: server_cvar: "sv_alltalk" "3"
L 12/16/2018 - 21:57:47: server_cvar: "sv_allowcslua" "1"
L 12/16/2018 - 21:57:47: server_cvar: "sv_airaccelerate" "1000"
L 12/16/2018 - 21:57:47: server_cvar: "sv_alltalk" "0"
L 12/16/2018 - 21:57:48: Connection to Steam servers successful.
L 12/16/2018 - 21:57:48:    Public IP is 31.130.42.81.
L 12/16/2018 - 21:57:48: Assigned anonymous gameserver Steam ID [A-1:1672953863(11578)].
L 12/16/2018 - 21:57:49: VAC secure mode is activated.
L 12/16/2018 - 21:57:51: "DidVaitel<2><STEAM_0:1:74202541><>" connected, address "192.168.1.101:27006"
L 12/16/2018 - 21:57:52: "DidVaitel<2><STEAM_0:1:74202541><>" STEAM USERID validated
L 12/16/2018 - 21:58:01: [FAdmin] DidVaitel (STEAM_0:1:74202541) is Authed
L 12/16/2018 - 21:58:01: [FAdmin] DidVaitel (STEAM_0:1:74202541) Spawned for the first time
L 12/16/2018 - 21:58:01: [FAdmin] DidVaitel (STEAM_0:1:74202541) Spawned
L 12/16/2018 - 21:58:01: "DidVaitel<2><STEAM_0:1:74202541><>" entered the game
L 12/16/2018 - 21:58:01: [FAdmin] DidVaitel (STEAM_0:1:74202541) Attempted to pick up a keys
L 12/16/2018 - 21:58:01: [FAdmin] DidVaitel (STEAM_0:1:74202541) Attempted to pick up a weapon_physcannon
L 12/16/2018 - 21:58:01: [FAdmin] DidVaitel (STEAM_0:1:74202541) Attempted to pick up a gmod_camera
L 12/16/2018 - 21:58:01: [FAdmin] DidVaitel (STEAM_0:1:74202541) Attempted to pick up a gmod_tool
L 12/16/2018 - 21:58:01: [FAdmin] DidVaitel (STEAM_0:1:74202541) Attempted to pick up a pocket
L 12/16/2018 - 21:58:01: [FAdmin] DidVaitel (STEAM_0:1:74202541) Attempted to pick up a weapon_physgun
L 12/16/2018 - 21:58:01: [FAdmin] DidVaitel (STEAM_0:1:74202541) Attempted to pick up a weapon_keypadchecker
L 12/16/2018 - 21:58:01: [FAdmin] DidVaitel (STEAM_0:1:74202541) Attempted to pick up a door_ram
L 12/16/2018 - 21:58:01: [FAdmin] DidVaitel (STEAM_0:1:74202541) Attempted to pick up a arrest_stick
L 12/16/2018 - 21:58:01: [FAdmin] DidVaitel (STEAM_0:1:74202541) Attempted to pick up a unarrest_stick
L 12/16/2018 - 21:58:01: [FAdmin] DidVaitel (STEAM_0:1:74202541) Attempted to pick up a stunstick
L 12/16/2018 - 21:58:01: [FAdmin] DidVaitel (STEAM_0:1:74202541) Attempted to pick up a weaponchecker
L 12/16/2018 - 21:58:33: [FAdmin] Server succesfully shut down.
L 12/16/2018 - 21:58:33: [FAdmin] prop_physics(models/props/de_nuke/handtruck.mdl) Got removed
L 12/16/2018 - 21:58:33: [FAdmin] prop_physics(models/props_c17/door01_left.mdl) Got removed
L 12/16/2018 - 21:58:33: [FAdmin] prop_physics(models/props_c17/door01_left.mdl) Got removed
L 12/16/2018 - 21:58:33: [FAdmin] prop_physics(models/props_c17/door01_left.mdl) Got removed
L 12/16/2018 - 21:58:33: [FAdmin] prop_physics(models/props_c17/door01_left.mdl) Got removed
L 12/16/2018 - 21:58:33: [FAdmin] prop_physics(models/props_c17/door01_left.mdl) Got removed
L 12/16/2018 - 21:58:33: [FAdmin] prop_physics(models/props_c17/door01_left.mdl) Got removed
L 12/16/2018 - 21:58:33: [FAdmin] prop_physics(models/props_junk/pushcart01a.mdl) Got removed
L 12/16/2018 - 21:58:33: [FAdmin] prop_physics(models/props/de_nuke/handtruck.mdl) Got removed
L 12/16/2018 - 21:58:33: [FAdmin] prop_physics(models/props_c17/door01_left.mdl) Got removed
L 12/16/2018 - 21:58:33: [FAdmin] prop_physics(models/props_c17/door01_left.mdl) Got removed
L 12/16/2018 - 21:58:33: [FAdmin] prop_physics(models/props_junk/wood_crate001a_damaged.mdl) Got removed
L 12/16/2018 - 21:58:33: [FAdmin] prop_physics(models/props_junk/wood_crate001a_damaged.mdl) Got removed
L 12/16/2018 - 21:58:33: [FAdmin] prop_physics(models/props_junk/wood_crate001a_damaged.mdl) Got removed
L 12/16/2018 - 21:58:33: [FAdmin] prop_physics(models/props_junk/wood_crate001a_damaged.mdl) Got removed
L 12/16/2018 - 21:58:33: [FAdmin] prop_physics(models/props_junk/wood_crate001a_damaged.mdl) Got removed
L 12/16/2018 - 21:58:33: "DidVaitel<2><STEAM_0:1:74202541><>" disconnected (reason "Server shutting down")
L 12/16/2018 - 21:58:33: server_message: "quit"
L 12/16/2018 - 21:58:33: Log file closed.
