L 12/18/2018 - 20:03:44: Log file started (file "logs\L1218007.log") (game "F:\sup\steamapps\common\GarrysModDS\garrysmod") (version "7334")
L 12/18/2018 - 20:03:44: server_cvar: "sv_alltalk" "3"
L 12/18/2018 - 20:03:44: server_cvar: "sv_allowcslua" "1"
L 12/18/2018 - 20:03:44: server_cvar: "sv_airaccelerate" "1000"
L 12/18/2018 - 20:03:44: server_cvar: "sv_alltalk" "0"
L 12/18/2018 - 20:03:46: Connection to Steam servers successful.
L 12/18/2018 - 20:03:46:    Public IP is 31.130.42.81.
L 12/18/2018 - 20:03:46: Assigned anonymous gameserver Steam ID [A-1:2927919107(11587)].
L 12/18/2018 - 20:03:46: VAC secure mode is activated.
L 12/18/2018 - 20:08:15: "DidVaitel<2><STEAM_0:1:74202541><>" connected, address "192.168.1.101:27006"
L 12/18/2018 - 20:08:15: "DidVaitel<2><STEAM_0:1:74202541><>" STEAM USERID validated
L 12/18/2018 - 20:08:24: [FAdmin] DidVaitel (STEAM_0:1:74202541) is Authed
L 12/18/2018 - 20:08:25: [FAdmin] DidVaitel (STEAM_0:1:74202541) Spawned for the first time
L 12/18/2018 - 20:08:25: [FAdmin] DidVaitel (STEAM_0:1:74202541) Spawned
L 12/18/2018 - 20:08:25: "DidVaitel<2><STEAM_0:1:74202541><>" entered the game
L 12/18/2018 - 20:08:25: [FAdmin] DidVaitel (STEAM_0:1:74202541) Attempted to pick up a keys
L 12/18/2018 - 20:08:25: [FAdmin] DidVaitel (STEAM_0:1:74202541) Attempted to pick up a weapon_physcannon
L 12/18/2018 - 20:08:25: [FAdmin] DidVaitel (STEAM_0:1:74202541) Attempted to pick up a gmod_camera
L 12/18/2018 - 20:08:25: [FAdmin] DidVaitel (STEAM_0:1:74202541) Attempted to pick up a gmod_tool
L 12/18/2018 - 20:08:25: [FAdmin] DidVaitel (STEAM_0:1:74202541) Attempted to pick up a pocket
L 12/18/2018 - 20:08:25: [FAdmin] DidVaitel (STEAM_0:1:74202541) Attempted to pick up a weapon_physgun
L 12/18/2018 - 20:08:25: [FAdmin] DidVaitel (STEAM_0:1:74202541) Attempted to pick up a weapon_keypadchecker
L 12/18/2018 - 20:08:25: [FAdmin] DidVaitel (STEAM_0:1:74202541) Attempted to pick up a door_ram
L 12/18/2018 - 20:08:25: [FAdmin] DidVaitel (STEAM_0:1:74202541) Attempted to pick up a arrest_stick
L 12/18/2018 - 20:08:25: [FAdmin] DidVaitel (STEAM_0:1:74202541) Attempted to pick up a unarrest_stick
L 12/18/2018 - 20:08:25: [FAdmin] DidVaitel (STEAM_0:1:74202541) Attempted to pick up a stunstick
L 12/18/2018 - 20:08:25: [FAdmin] DidVaitel (STEAM_0:1:74202541) Attempted to pick up a weaponchecker
L 12/18/2018 - 20:08:35: [FAdmin] DidVaitel (STEAM_0:1:74202541) Attempted to switch noclip
L 12/18/2018 - 20:09:00: "DidVaitel<2><STEAM_0:1:74202541><Citizen>" say "/conquer"

L 12/18/2018 - 20:09:06: "DidVaitel<2><STEAM_0:1:74202541><Citizen>" say "/conquest"

L 12/18/2018 - 20:10:41: [FAdmin] DidVaitel (STEAM_0:1:74202541) Attempted to switch noclip
L 12/18/2018 - 20:11:54: [FAdmin] DidVaitel (STEAM_0:1:74202541) Attempted to switch noclip
L 12/18/2018 - 20:11:55: [FAdmin] DidVaitel (STEAM_0:1:74202541) Attempted to switch noclip
L 12/18/2018 - 20:12:04: [FAdmin] DidVaitel (STEAM_0:1:74202541) Attempted to switch noclip
L 12/18/2018 - 20:12:10: "DidVaitel<2><STEAM_0:1:74202541><Citizen>" say "/conquer"

L 12/18/2018 - 20:12:14: "DidVaitel<2><STEAM_0:1:74202541><Citizen>" say "/conquest"

L 12/18/2018 - 20:12:25: "DidVaitel<2><STEAM_0:1:74202541><Citizen>" say "/conquest"

L 12/18/2018 - 20:12:49: [FAdmin] DidVaitel (STEAM_0:1:74202541) Attempted to switch noclip
L 12/18/2018 - 20:12:54: [FAdmin] DidVaitel (STEAM_0:1:74202541) Attempted to switch noclip
L 12/18/2018 - 20:18:33: [FAdmin] DidVaitel (STEAM_0:1:74202541) Attempted to switch noclip
L 12/18/2018 - 20:18:38: [FAdmin] DidVaitel (STEAM_0:1:74202541) Attempted to switch noclip
L 12/18/2018 - 20:18:41: [FAdmin] DidVaitel (STEAM_0:1:74202541) Attempted to switch noclip
L 12/18/2018 - 20:18:44: "DidVaitel<2><STEAM_0:1:74202541><Citizen>" say "/conquest"

L 12/18/2018 - 20:18:54: Lua Error: 
[ERROR] conquest/lua/conquest/server/sv_points.lua:72: bad argument #1 to 'EmitSound' (string expected, got nil)
  1. EmitSound - [C]:-1
   2. PointCapturedMessage - addons/[server]_conquest/lua/conquest/server/sv_points.lua:72
    3. Tick - addons/[server]_conquest/lua/conquest/server/sv_main.lua:151
     4. unknown - addons/[server]_conquest/lua/conquest/server/sv_main.lua:275


L 12/18/2018 - 20:18:55: [FAdmin] DidVaitel (STEAM_0:1:74202541) Attempted to switch noclip
L 12/18/2018 - 20:19:15: [FAdmin] DidVaitel (STEAM_0:1:74202541) Attempted to switch noclip
L 12/18/2018 - 20:19:24: "DidVaitel<2><STEAM_0:1:74202541><Citizen>" say "/conquest"

L 12/18/2018 - 20:19:35: [FAdmin] DidVaitel (STEAM_0:1:74202541) Attempted to switch noclip
L 12/18/2018 - 20:19:36: [FAdmin] DidVaitel (STEAM_0:1:74202541) Attempted to switch noclip
L 12/18/2018 - 20:19:43: [FAdmin] Server succesfully shut down.
L 12/18/2018 - 20:19:43: [FAdmin] prop_physics(models/props/de_nuke/handtruck.mdl) Got removed
L 12/18/2018 - 20:19:43: [FAdmin] prop_physics(models/props_c17/door01_left.mdl) Got removed
L 12/18/2018 - 20:19:43: [FAdmin] prop_physics(models/props_c17/door01_left.mdl) Got removed
L 12/18/2018 - 20:19:43: [FAdmin] prop_physics(models/props_c17/door01_left.mdl) Got removed
L 12/18/2018 - 20:19:43: [FAdmin] prop_physics(models/props_c17/door01_left.mdl) Got removed
L 12/18/2018 - 20:19:43: [FAdmin] prop_physics(models/props_c17/door01_left.mdl) Got removed
L 12/18/2018 - 20:19:43: [FAdmin] prop_physics(models/props_c17/door01_left.mdl) Got removed
L 12/18/2018 - 20:19:43: [FAdmin] prop_physics(models/props_junk/pushcart01a.mdl) Got removed
L 12/18/2018 - 20:19:43: [FAdmin] prop_physics(models/props/de_nuke/handtruck.mdl) Got removed
L 12/18/2018 - 20:19:43: [FAdmin] prop_physics(models/props_c17/door01_left.mdl) Got removed
L 12/18/2018 - 20:19:43: [FAdmin] prop_physics(models/props_c17/door01_left.mdl) Got removed
L 12/18/2018 - 20:19:43: [FAdmin] prop_physics(models/props_junk/wood_crate001a_damaged.mdl) Got removed
L 12/18/2018 - 20:19:43: [FAdmin] prop_physics(models/props_junk/wood_crate001a_damaged.mdl) Got removed
L 12/18/2018 - 20:19:43: [FAdmin] prop_physics(models/props_junk/wood_crate001a_damaged.mdl) Got removed
L 12/18/2018 - 20:19:43: [FAdmin] prop_physics(models/props_junk/wood_crate001a_damaged.mdl) Got removed
L 12/18/2018 - 20:19:43: [FAdmin] prop_physics(models/props_junk/wood_crate001a_damaged.mdl) Got removed
L 12/18/2018 - 20:19:43: [FAdmin] prop_physics(models/sterling/flag.mdl) Got removed
L 12/18/2018 - 20:19:43: [FAdmin] prop_physics(models/sterling/flag.mdl) Got removed
L 12/18/2018 - 20:19:43: [FAdmin] prop_physics(models/sterling/flag.mdl) Got removed
L 12/18/2018 - 20:19:44: [FAdmin] prop_physics(models/sterling/flag.mdl) Got removed
L 12/18/2018 - 20:19:44: [FAdmin] prop_physics(models/sterling/flag.mdl) Got removed
L 12/18/2018 - 20:19:44: [FAdmin] prop_physics(models/sterling/flag.mdl) Got removed
L 12/18/2018 - 20:19:44: [FAdmin] prop_physics(models/sterling/flag.mdl) Got removed
L 12/18/2018 - 20:19:44: "DidVaitel<2><STEAM_0:1:74202541><>" disconnected (reason "Server shutting down")
L 12/18/2018 - 20:19:44: server_message: "quit"
L 12/18/2018 - 20:19:44: Log file closed.
