L 12/16/2018 - 21:48:18: Log file started (file "logs\L1216007.log") (game "F:\sup\steamapps\common\GarrysModDS\garrysmod") (version "7334")
L 12/16/2018 - 21:48:18: server_cvar: "sv_alltalk" "3"
L 12/16/2018 - 21:48:18: server_cvar: "sv_allowcslua" "1"
L 12/16/2018 - 21:48:18: server_cvar: "sv_airaccelerate" "1000"
L 12/16/2018 - 21:48:18: server_cvar: "sv_alltalk" "0"
L 12/16/2018 - 21:48:19: Connection to Steam servers successful.
L 12/16/2018 - 21:48:19:    Public IP is 31.130.42.81.
L 12/16/2018 - 21:48:19: Assigned anonymous gameserver Steam ID [A-1:1530381323(11578)].
L 12/16/2018 - 21:48:20: VAC secure mode is activated.
L 12/16/2018 - 21:48:21: "DidVaitel<2><STEAM_0:1:74202541><>" connected, address "192.168.1.101:27006"
L 12/16/2018 - 21:48:21: "DidVaitel<2><STEAM_0:1:74202541><>" STEAM USERID validated
L 12/16/2018 - 21:48:30: [FAdmin] DidVaitel (STEAM_0:1:74202541) is Authed
L 12/16/2018 - 21:48:30: [FAdmin] DidVaitel (STEAM_0:1:74202541) Spawned for the first time
L 12/16/2018 - 21:48:30: [FAdmin] DidVaitel (STEAM_0:1:74202541) Spawned
L 12/16/2018 - 21:48:30: "DidVaitel<2><STEAM_0:1:74202541><>" entered the game
L 12/16/2018 - 21:48:30: [FAdmin] DidVaitel (STEAM_0:1:74202541) Attempted to pick up a keys
L 12/16/2018 - 21:48:30: [FAdmin] DidVaitel (STEAM_0:1:74202541) Attempted to pick up a weapon_physcannon
L 12/16/2018 - 21:48:30: [FAdmin] DidVaitel (STEAM_0:1:74202541) Attempted to pick up a gmod_camera
L 12/16/2018 - 21:48:30: [FAdmin] DidVaitel (STEAM_0:1:74202541) Attempted to pick up a gmod_tool
L 12/16/2018 - 21:48:30: [FAdmin] DidVaitel (STEAM_0:1:74202541) Attempted to pick up a pocket
L 12/16/2018 - 21:48:30: [FAdmin] DidVaitel (STEAM_0:1:74202541) Attempted to pick up a weapon_physgun
L 12/16/2018 - 21:48:30: [FAdmin] DidVaitel (STEAM_0:1:74202541) Attempted to pick up a weapon_keypadchecker
L 12/16/2018 - 21:48:30: [FAdmin] DidVaitel (STEAM_0:1:74202541) Attempted to pick up a door_ram
L 12/16/2018 - 21:48:30: [FAdmin] DidVaitel (STEAM_0:1:74202541) Attempted to pick up a arrest_stick
L 12/16/2018 - 21:48:30: [FAdmin] DidVaitel (STEAM_0:1:74202541) Attempted to pick up a unarrest_stick
L 12/16/2018 - 21:48:30: [FAdmin] DidVaitel (STEAM_0:1:74202541) Attempted to pick up a stunstick
L 12/16/2018 - 21:48:30: [FAdmin] DidVaitel (STEAM_0:1:74202541) Attempted to pick up a weaponchecker
L 12/16/2018 - 21:49:01: "DidVaitel<2><STEAM_0:1:74202541><>" disconnected (reason "Disconnect by user.")
L 12/16/2018 - 21:49:01: [FAdmin] DidVaitel (STEAM_0:1:74202541) Disconnected
L 12/16/2018 - 21:49:02: "DidVaitel<3><STEAM_0:1:74202541><>" connected, address "192.168.1.101:27006"
L 12/16/2018 - 21:49:02: "DidVaitel<3><STEAM_0:1:74202541><>" STEAM USERID validated
L 12/16/2018 - 21:49:11: [FAdmin] DidVaitel (STEAM_0:1:74202541) is Authed
L 12/16/2018 - 21:49:11: [FAdmin] DidVaitel (STEAM_0:1:74202541) Spawned for the first time
L 12/16/2018 - 21:49:11: [FAdmin] DidVaitel (STEAM_0:1:74202541) Spawned
L 12/16/2018 - 21:49:11: "DidVaitel<3><STEAM_0:1:74202541><>" entered the game
L 12/16/2018 - 21:49:11: [FAdmin] DidVaitel (STEAM_0:1:74202541) Attempted to pick up a keys
L 12/16/2018 - 21:49:11: [FAdmin] DidVaitel (STEAM_0:1:74202541) Attempted to pick up a weapon_physcannon
L 12/16/2018 - 21:49:11: [FAdmin] DidVaitel (STEAM_0:1:74202541) Attempted to pick up a gmod_camera
L 12/16/2018 - 21:49:11: [FAdmin] DidVaitel (STEAM_0:1:74202541) Attempted to pick up a gmod_tool
L 12/16/2018 - 21:49:11: [FAdmin] DidVaitel (STEAM_0:1:74202541) Attempted to pick up a pocket
L 12/16/2018 - 21:49:11: [FAdmin] DidVaitel (STEAM_0:1:74202541) Attempted to pick up a weapon_physgun
L 12/16/2018 - 21:49:11: [FAdmin] DidVaitel (STEAM_0:1:74202541) Attempted to pick up a weapon_keypadchecker
L 12/16/2018 - 21:49:11: [FAdmin] DidVaitel (STEAM_0:1:74202541) Attempted to pick up a door_ram
L 12/16/2018 - 21:49:11: [FAdmin] DidVaitel (STEAM_0:1:74202541) Attempted to pick up a arrest_stick
L 12/16/2018 - 21:49:11: [FAdmin] DidVaitel (STEAM_0:1:74202541) Attempted to pick up a unarrest_stick
L 12/16/2018 - 21:49:11: [FAdmin] DidVaitel (STEAM_0:1:74202541) Attempted to pick up a stunstick
L 12/16/2018 - 21:49:11: [FAdmin] DidVaitel (STEAM_0:1:74202541) Attempted to pick up a weaponchecker
L 12/16/2018 - 21:50:21: "DidVaitel<3><STEAM_0:1:74202541><>" disconnected (reason "Disconnect by user.")
L 12/16/2018 - 21:50:21: [FAdmin] DidVaitel (STEAM_0:1:74202541) Disconnected
L 12/16/2018 - 21:50:22: "DidVaitel<4><STEAM_0:1:74202541><>" connected, address "192.168.1.101:27006"
L 12/16/2018 - 21:50:22: "DidVaitel<4><STEAM_0:1:74202541><>" STEAM USERID validated
L 12/16/2018 - 21:50:31: [FAdmin] DidVaitel (STEAM_0:1:74202541) is Authed
L 12/16/2018 - 21:50:31: [FAdmin] DidVaitel (STEAM_0:1:74202541) Spawned for the first time
L 12/16/2018 - 21:50:31: [FAdmin] DidVaitel (STEAM_0:1:74202541) Spawned
L 12/16/2018 - 21:50:31: "DidVaitel<4><STEAM_0:1:74202541><>" entered the game
L 12/16/2018 - 21:50:31: [FAdmin] DidVaitel (STEAM_0:1:74202541) Attempted to pick up a keys
L 12/16/2018 - 21:50:31: [FAdmin] DidVaitel (STEAM_0:1:74202541) Attempted to pick up a weapon_physcannon
L 12/16/2018 - 21:50:31: [FAdmin] DidVaitel (STEAM_0:1:74202541) Attempted to pick up a gmod_camera
L 12/16/2018 - 21:50:31: [FAdmin] DidVaitel (STEAM_0:1:74202541) Attempted to pick up a gmod_tool
L 12/16/2018 - 21:50:31: [FAdmin] DidVaitel (STEAM_0:1:74202541) Attempted to pick up a pocket
L 12/16/2018 - 21:50:31: [FAdmin] DidVaitel (STEAM_0:1:74202541) Attempted to pick up a weapon_physgun
L 12/16/2018 - 21:50:31: [FAdmin] DidVaitel (STEAM_0:1:74202541) Attempted to pick up a weapon_keypadchecker
L 12/16/2018 - 21:50:31: [FAdmin] DidVaitel (STEAM_0:1:74202541) Attempted to pick up a door_ram
L 12/16/2018 - 21:50:31: [FAdmin] DidVaitel (STEAM_0:1:74202541) Attempted to pick up a arrest_stick
L 12/16/2018 - 21:50:31: [FAdmin] DidVaitel (STEAM_0:1:74202541) Attempted to pick up a unarrest_stick
L 12/16/2018 - 21:50:31: [FAdmin] DidVaitel (STEAM_0:1:74202541) Attempted to pick up a stunstick
L 12/16/2018 - 21:50:31: [FAdmin] DidVaitel (STEAM_0:1:74202541) Attempted to pick up a weaponchecker
L 12/16/2018 - 21:51:05: "DidVaitel<4><STEAM_0:1:74202541><>" disconnected (reason "Disconnect by user.")
L 12/16/2018 - 21:51:05: [FAdmin] DidVaitel (STEAM_0:1:74202541) Disconnected
L 12/16/2018 - 21:52:07: "DidVaitel<5><STEAM_0:1:74202541><>" connected, address "192.168.1.101:27006"
L 12/16/2018 - 21:52:08: "DidVaitel<5><STEAM_0:1:74202541><>" STEAM USERID validated
L 12/16/2018 - 21:52:17: [FAdmin] DidVaitel (STEAM_0:1:74202541) is Authed
L 12/16/2018 - 21:52:17: [FAdmin] DidVaitel (STEAM_0:1:74202541) Spawned for the first time
L 12/16/2018 - 21:52:17: [FAdmin] DidVaitel (STEAM_0:1:74202541) Spawned
L 12/16/2018 - 21:52:17: "DidVaitel<5><STEAM_0:1:74202541><>" entered the game
L 12/16/2018 - 21:52:17: [FAdmin] DidVaitel (STEAM_0:1:74202541) Attempted to pick up a keys
L 12/16/2018 - 21:52:17: [FAdmin] DidVaitel (STEAM_0:1:74202541) Attempted to pick up a weapon_physcannon
L 12/16/2018 - 21:52:17: [FAdmin] DidVaitel (STEAM_0:1:74202541) Attempted to pick up a gmod_camera
L 12/16/2018 - 21:52:17: [FAdmin] DidVaitel (STEAM_0:1:74202541) Attempted to pick up a gmod_tool
L 12/16/2018 - 21:52:17: [FAdmin] DidVaitel (STEAM_0:1:74202541) Attempted to pick up a pocket
L 12/16/2018 - 21:52:17: [FAdmin] DidVaitel (STEAM_0:1:74202541) Attempted to pick up a weapon_physgun
L 12/16/2018 - 21:52:17: [FAdmin] DidVaitel (STEAM_0:1:74202541) Attempted to pick up a weapon_keypadchecker
L 12/16/2018 - 21:52:17: [FAdmin] DidVaitel (STEAM_0:1:74202541) Attempted to pick up a door_ram
L 12/16/2018 - 21:52:17: [FAdmin] DidVaitel (STEAM_0:1:74202541) Attempted to pick up a arrest_stick
L 12/16/2018 - 21:52:17: [FAdmin] DidVaitel (STEAM_0:1:74202541) Attempted to pick up a unarrest_stick
L 12/16/2018 - 21:52:17: [FAdmin] DidVaitel (STEAM_0:1:74202541) Attempted to pick up a stunstick
L 12/16/2018 - 21:52:17: [FAdmin] DidVaitel (STEAM_0:1:74202541) Attempted to pick up a weaponchecker
L 12/16/2018 - 21:52:34: [FAdmin] DidVaitel (STEAM_0:1:74202541) Spawned a models/mechanics/solid_steel/box_beam_16.mdl
L 12/16/2018 - 21:52:34: [FAdmin] DidVaitel (STEAM_0:1:74202541) Spawned a models/mechanics/solid_steel/box_beam_12.mdl
L 12/16/2018 - 21:52:34: [FAdmin] DidVaitel (STEAM_0:1:74202541) Spawned a models/hunter/blocks/cube8x8x8.mdl
L 12/16/2018 - 21:52:35: [FAdmin] prop_physics(models/hunter/blocks/cube8x8x8.mdl) Got removed
L 12/16/2018 - 21:52:35: [FAdmin] prop_physics(models/mechanics/solid_steel/box_beam_12.mdl) Got removed
L 12/16/2018 - 21:52:35: [FAdmin] prop_physics(models/mechanics/solid_steel/box_beam_16.mdl) Got removed
L 12/16/2018 - 21:57:41: [FAdmin] Server succesfully shut down.
L 12/16/2018 - 21:57:41: [FAdmin] prop_physics(models/props/de_nuke/handtruck.mdl) Got removed
L 12/16/2018 - 21:57:41: [FAdmin] prop_physics(models/props_c17/door01_left.mdl) Got removed
L 12/16/2018 - 21:57:41: [FAdmin] prop_physics(models/props_c17/door01_left.mdl) Got removed
L 12/16/2018 - 21:57:41: [FAdmin] prop_physics(models/props_c17/door01_left.mdl) Got removed
L 12/16/2018 - 21:57:41: [FAdmin] prop_physics(models/props_c17/door01_left.mdl) Got removed
L 12/16/2018 - 21:57:41: [FAdmin] prop_physics(models/props_c17/door01_left.mdl) Got removed
L 12/16/2018 - 21:57:41: [FAdmin] prop_physics(models/props_c17/door01_left.mdl) Got removed
L 12/16/2018 - 21:57:41: [FAdmin] prop_physics(models/props_junk/pushcart01a.mdl) Got removed
L 12/16/2018 - 21:57:41: [FAdmin] prop_physics(models/props/de_nuke/handtruck.mdl) Got removed
L 12/16/2018 - 21:57:41: [FAdmin] prop_physics(models/props_c17/door01_left.mdl) Got removed
L 12/16/2018 - 21:57:41: [FAdmin] prop_physics(models/props_c17/door01_left.mdl) Got removed
L 12/16/2018 - 21:57:41: [FAdmin] prop_physics(models/props_junk/wood_crate001a_damaged.mdl) Got removed
L 12/16/2018 - 21:57:41: [FAdmin] prop_physics(models/props_junk/wood_crate001a_damaged.mdl) Got removed
L 12/16/2018 - 21:57:41: [FAdmin] prop_physics(models/props_junk/wood_crate001a_damaged.mdl) Got removed
L 12/16/2018 - 21:57:41: [FAdmin] prop_physics(models/props_junk/wood_crate001a_damaged.mdl) Got removed
L 12/16/2018 - 21:57:41: [FAdmin] prop_physics(models/props_junk/wood_crate001a_damaged.mdl) Got removed
L 12/16/2018 - 21:57:41: "DidVaitel<5><STEAM_0:1:74202541><>" disconnected (reason "Server shutting down")
L 12/16/2018 - 21:57:41: server_message: "quit"
L 12/16/2018 - 21:57:41: Log file closed.
