L 12/14/2019 - 19:59:25: Log file started (file "logs\L1214000.log") (game "D:\sup\steamapps\common\GarrysModDS\garrysmod") (version "7671")
L 12/14/2019 - 19:59:25: server_cvar: "sv_alltalk" "3"
L 12/14/2019 - 19:59:25: server_cvar: "sv_allowcslua" "1"
L 12/14/2019 - 19:59:25: server_cvar: "sv_airaccelerate" "1000"
L 12/14/2019 - 19:59:25: server_cvar: "sv_alltalk" "0"
L 12/14/2019 - 19:59:28: Connection to Steam servers successful.
L 12/14/2019 - 19:59:28:    Public IP is 31.130.42.47.
L 12/14/2019 - 19:59:28: Assigned anonymous gameserver Steam ID [A-1:2598480901(13780)].
L 12/14/2019 - 19:59:28: VAC secure mode is activated.
L 12/14/2019 - 20:03:03: "COMPLΞX<2><STEAM_0:0:105635721><>" connected, address "31.130.42.47:27006"
L 12/14/2019 - 20:03:03: "COMPLΞX<2><STEAM_0:0:105635721><>" STEAM USERID validated
L 12/14/2019 - 20:03:23: [FAdmin] COMPLΞX (STEAM_0:0:105635721) is Authed
L 12/14/2019 - 20:03:23: [FAdmin] COMPLΞX (STEAM_0:0:105635721) Spawned for the first time
L 12/14/2019 - 20:03:23: [FAdmin] COMPLΞX (STEAM_0:0:105635721) Spawned
L 12/14/2019 - 20:03:24: "COMPLΞX<2><STEAM_0:0:105635721><>" entered the game
L 12/14/2019 - 20:03:24: [FAdmin] COMPLΞX (STEAM_0:0:105635721) Attempted to pick up a keys
L 12/14/2019 - 20:03:24: [FAdmin] COMPLΞX (STEAM_0:0:105635721) Attempted to pick up a weapon_physcannon
L 12/14/2019 - 20:03:24: [FAdmin] COMPLΞX (STEAM_0:0:105635721) Attempted to pick up a gmod_camera
L 12/14/2019 - 20:03:24: [FAdmin] COMPLΞX (STEAM_0:0:105635721) Attempted to pick up a gmod_tool
L 12/14/2019 - 20:03:24: [FAdmin] COMPLΞX (STEAM_0:0:105635721) Attempted to pick up a pocket
L 12/14/2019 - 20:03:24: [FAdmin] COMPLΞX (STEAM_0:0:105635721) Attempted to pick up a weapon_physgun
L 12/14/2019 - 20:03:24: [FAdmin] COMPLΞX (STEAM_0:0:105635721) Attempted to pick up a weapon_keypadchecker
L 12/14/2019 - 20:03:24: [FAdmin] COMPLΞX (STEAM_0:0:105635721) Attempted to pick up a door_ram
L 12/14/2019 - 20:03:24: [FAdmin] COMPLΞX (STEAM_0:0:105635721) Attempted to pick up a arrest_stick
L 12/14/2019 - 20:03:24: [FAdmin] COMPLΞX (STEAM_0:0:105635721) Attempted to pick up a unarrest_stick
L 12/14/2019 - 20:03:24: [FAdmin] COMPLΞX (STEAM_0:0:105635721) Attempted to pick up a stunstick
L 12/14/2019 - 20:03:24: [FAdmin] COMPLΞX (STEAM_0:0:105635721) Attempted to pick up a weaponchecker
L 12/14/2019 - 21:09:15: [FAdmin] Server succesfully shut down.
L 12/14/2019 - 21:09:15: [FAdmin] prop_physics(models/maxofs2d/companion_doll.mdl) Got removed
L 12/14/2019 - 21:09:15: [FAdmin] prop_physics(models/props_c17/furnituretable003a.mdl) Got removed
L 12/14/2019 - 21:09:15: [FAdmin] prop_physics(models/props_c17/furniturecouch002a.mdl) Got removed
L 12/14/2019 - 21:09:15: [FAdmin] prop_physics(models/props_c17/furniturecouch001a.mdl) Got removed
L 12/14/2019 - 21:09:15: "COMPLΞX<2><STEAM_0:0:105635721><>" disconnected (reason "Server shutting down")
L 12/14/2019 - 21:09:15: server_message: "quit"
L 12/14/2019 - 21:09:15: Log file closed.
