L 12/18/2018 - 19:25:10: Log file started (file "logs\L1218003.log") (game "F:\sup\steamapps\common\GarrysModDS\garrysmod") (version "7334")
L 12/18/2018 - 19:25:10: server_cvar: "sv_alltalk" "3"
L 12/18/2018 - 19:25:10: server_cvar: "sv_allowcslua" "1"
L 12/18/2018 - 19:25:10: server_cvar: "sv_airaccelerate" "1000"
L 12/18/2018 - 19:25:10: server_cvar: "sv_alltalk" "0"
L 12/18/2018 - 19:25:11: Connection to Steam servers successful.
L 12/18/2018 - 19:25:11:    Public IP is 31.130.42.81.
L 12/18/2018 - 19:25:11: Assigned anonymous gameserver Steam ID [A-1:2199316487(11587)].
L 12/18/2018 - 19:25:11: VAC secure mode is activated.
L 12/18/2018 - 19:26:57: "DidVaitel<2><STEAM_0:1:74202541><>" connected, address "192.168.1.101:27006"
L 12/18/2018 - 19:26:57: "DidVaitel<2><STEAM_0:1:74202541><>" STEAM USERID validated
L 12/18/2018 - 19:27:06: [FAdmin] DidVaitel (STEAM_0:1:74202541) is Authed
L 12/18/2018 - 19:27:06: [FAdmin] DidVaitel (STEAM_0:1:74202541) Spawned for the first time
L 12/18/2018 - 19:27:06: [FAdmin] DidVaitel (STEAM_0:1:74202541) Spawned
L 12/18/2018 - 19:27:06: "DidVaitel<2><STEAM_0:1:74202541><>" entered the game
L 12/18/2018 - 19:27:06: [FAdmin] DidVaitel (STEAM_0:1:74202541) Attempted to pick up a keys
L 12/18/2018 - 19:27:06: [FAdmin] DidVaitel (STEAM_0:1:74202541) Attempted to pick up a weapon_physcannon
L 12/18/2018 - 19:27:06: [FAdmin] DidVaitel (STEAM_0:1:74202541) Attempted to pick up a gmod_camera
L 12/18/2018 - 19:27:06: [FAdmin] DidVaitel (STEAM_0:1:74202541) Attempted to pick up a gmod_tool
L 12/18/2018 - 19:27:06: [FAdmin] DidVaitel (STEAM_0:1:74202541) Attempted to pick up a pocket
L 12/18/2018 - 19:27:06: [FAdmin] DidVaitel (STEAM_0:1:74202541) Attempted to pick up a weapon_physgun
L 12/18/2018 - 19:27:06: [FAdmin] DidVaitel (STEAM_0:1:74202541) Attempted to pick up a weapon_keypadchecker
L 12/18/2018 - 19:27:06: [FAdmin] DidVaitel (STEAM_0:1:74202541) Attempted to pick up a door_ram
L 12/18/2018 - 19:27:06: [FAdmin] DidVaitel (STEAM_0:1:74202541) Attempted to pick up a arrest_stick
L 12/18/2018 - 19:27:06: [FAdmin] DidVaitel (STEAM_0:1:74202541) Attempted to pick up a unarrest_stick
L 12/18/2018 - 19:27:06: [FAdmin] DidVaitel (STEAM_0:1:74202541) Attempted to pick up a stunstick
L 12/18/2018 - 19:27:06: [FAdmin] DidVaitel (STEAM_0:1:74202541) Attempted to pick up a weaponchecker
L 12/18/2018 - 19:27:42: "DidVaitel<2><STEAM_0:1:74202541><Citizen>" say "/conquest"

L 12/18/2018 - 19:28:37: "DidVaitel<2><STEAM_0:1:74202541><Citizen>" say "//conquest"

L 12/18/2018 - 19:28:43: "DidVaitel<2><STEAM_0:1:74202541><Citizen>" say "/conquest"

L 12/18/2018 - 19:30:10: "DidVaitel<2><STEAM_0:1:74202541><Citizen>" say "/conquest"

L 12/18/2018 - 19:30:38: [FAdmin] DidVaitel (STEAM_0:1:74202541) Attempted to switch noclip
L 12/18/2018 - 19:30:43: [FAdmin] DidVaitel (STEAM_0:1:74202541) Attempted to switch noclip
L 12/18/2018 - 19:30:50: "DidVaitel<2><STEAM_0:1:74202541><Citizen>" say "/conquest"

L 12/18/2018 - 19:31:04: "DidVaitel<2><STEAM_0:1:74202541><Citizen>" say "/conquest"

L 12/18/2018 - 19:31:34: [FAdmin] DidVaitel (STEAM_0:1:74202541) Attempted to switch noclip
L 12/18/2018 - 19:31:54: [FAdmin] Server succesfully shut down.
L 12/18/2018 - 19:31:54: [FAdmin] prop_physics(models/props/de_nuke/handtruck.mdl) Got removed
L 12/18/2018 - 19:31:54: [FAdmin] prop_physics(models/props_c17/door01_left.mdl) Got removed
L 12/18/2018 - 19:31:54: [FAdmin] prop_physics(models/props_c17/door01_left.mdl) Got removed
L 12/18/2018 - 19:31:54: [FAdmin] prop_physics(models/props_c17/door01_left.mdl) Got removed
L 12/18/2018 - 19:31:54: [FAdmin] prop_physics(models/props_c17/door01_left.mdl) Got removed
L 12/18/2018 - 19:31:54: [FAdmin] prop_physics(models/props_c17/door01_left.mdl) Got removed
L 12/18/2018 - 19:31:54: [FAdmin] prop_physics(models/props_c17/door01_left.mdl) Got removed
L 12/18/2018 - 19:31:54: [FAdmin] prop_physics(models/props_junk/pushcart01a.mdl) Got removed
L 12/18/2018 - 19:31:54: [FAdmin] prop_physics(models/props/de_nuke/handtruck.mdl) Got removed
L 12/18/2018 - 19:31:54: [FAdmin] prop_physics(models/props_c17/door01_left.mdl) Got removed
L 12/18/2018 - 19:31:54: [FAdmin] prop_physics(models/props_c17/door01_left.mdl) Got removed
L 12/18/2018 - 19:31:54: [FAdmin] prop_physics(models/props_junk/wood_crate001a_damaged.mdl) Got removed
L 12/18/2018 - 19:31:54: [FAdmin] prop_physics(models/props_junk/wood_crate001a_damaged.mdl) Got removed
L 12/18/2018 - 19:31:54: [FAdmin] prop_physics(models/props_junk/wood_crate001a_damaged.mdl) Got removed
L 12/18/2018 - 19:31:54: [FAdmin] prop_physics(models/props_junk/wood_crate001a_damaged.mdl) Got removed
L 12/18/2018 - 19:31:54: [FAdmin] prop_physics(models/props_junk/wood_crate001a_damaged.mdl) Got removed
L 12/18/2018 - 19:31:54: [FAdmin] prop_physics(models/sterling/flag.mdl) Got removed
L 12/18/2018 - 19:31:54: [FAdmin] prop_physics(models/sterling/flag.mdl) Got removed
L 12/18/2018 - 19:31:54: "DidVaitel<2><STEAM_0:1:74202541><>" disconnected (reason "Server shutting down")
L 12/18/2018 - 19:31:54: server_message: "quit"
L 12/18/2018 - 19:31:54: Log file closed.
