L 12/15/2018 - 13:13:39: Log file started (file "logs\L1215006.log") (game "F:\sup\steamapps\common\GarrysModDS\garrysmod") (version "7334")
L 12/15/2018 - 13:13:39: server_cvar: "sv_alltalk" "3"
L 12/15/2018 - 13:13:39: server_cvar: "sv_allowcslua" "1"
L 12/15/2018 - 13:13:39: server_cvar: "sv_airaccelerate" "1000"
L 12/15/2018 - 13:13:39: server_cvar: "sv_alltalk" "0"
L 12/15/2018 - 13:13:40: Connection to Steam servers successful.
L 12/15/2018 - 13:13:40:    Public IP is 31.130.42.81.
L 12/15/2018 - 13:13:40: Assigned anonymous gameserver Steam ID [A-1:2343517187(11567)].
L 12/15/2018 - 13:13:40: VAC secure mode is activated.
L 12/15/2018 - 13:14:31: "DidVaitel<2><STEAM_0:1:74202541><>" connected, address "192.168.1.102:27006"
L 12/15/2018 - 13:14:32: "DidVaitel<2><STEAM_0:1:74202541><>" STEAM USERID validated
L 12/15/2018 - 13:14:41: [FAdmin] DidVaitel (STEAM_0:1:74202541) is Authed
L 12/15/2018 - 13:14:41: [FAdmin] DidVaitel (STEAM_0:1:74202541) Spawned for the first time
L 12/15/2018 - 13:14:41: [FAdmin] DidVaitel (STEAM_0:1:74202541) Spawned
L 12/15/2018 - 13:14:41: "DidVaitel<2><STEAM_0:1:74202541><>" entered the game
L 12/15/2018 - 13:14:41: [FAdmin] DidVaitel (STEAM_0:1:74202541) Attempted to pick up a keys
L 12/15/2018 - 13:14:41: [FAdmin] DidVaitel (STEAM_0:1:74202541) Attempted to pick up a weapon_physcannon
L 12/15/2018 - 13:14:41: [FAdmin] DidVaitel (STEAM_0:1:74202541) Attempted to pick up a gmod_camera
L 12/15/2018 - 13:14:41: [FAdmin] DidVaitel (STEAM_0:1:74202541) Attempted to pick up a gmod_tool
L 12/15/2018 - 13:14:41: [FAdmin] DidVaitel (STEAM_0:1:74202541) Attempted to pick up a pocket
L 12/15/2018 - 13:14:41: [FAdmin] DidVaitel (STEAM_0:1:74202541) Attempted to pick up a weapon_physgun
L 12/15/2018 - 13:14:41: [FAdmin] DidVaitel (STEAM_0:1:74202541) Attempted to pick up a weapon_keypadchecker
L 12/15/2018 - 13:14:41: [FAdmin] DidVaitel (STEAM_0:1:74202541) Attempted to pick up a door_ram
L 12/15/2018 - 13:14:41: [FAdmin] DidVaitel (STEAM_0:1:74202541) Attempted to pick up a arrest_stick
L 12/15/2018 - 13:14:41: [FAdmin] DidVaitel (STEAM_0:1:74202541) Attempted to pick up a unarrest_stick
L 12/15/2018 - 13:14:41: [FAdmin] DidVaitel (STEAM_0:1:74202541) Attempted to pick up a stunstick
L 12/15/2018 - 13:14:41: [FAdmin] DidVaitel (STEAM_0:1:74202541) Attempted to pick up a weaponchecker
L 12/15/2018 - 13:18:49: "DexStop☭<3><STEAM_0:1:210354619><>" connected, address "91.215.193.224:27005"
L 12/15/2018 - 13:18:50: "DexStop☭<3><STEAM_0:1:210354619><>" STEAM USERID validated
L 12/15/2018 - 13:19:12: [FAdmin] DexStop☭ (STEAM_0:1:210354619) is Authed
L 12/15/2018 - 13:19:12: [FAdmin] DexStop☭ (STEAM_0:1:210354619) Spawned for the first time
L 12/15/2018 - 13:19:12: [FAdmin] DexStop☭ (STEAM_0:1:210354619) Spawned
L 12/15/2018 - 13:19:12: "DexStop☭<3><STEAM_0:1:210354619><>" entered the game
L 12/15/2018 - 13:19:12: [FAdmin] DexStop☭ (STEAM_0:1:210354619) Attempted to pick up a keys
L 12/15/2018 - 13:19:12: [FAdmin] DexStop☭ (STEAM_0:1:210354619) Attempted to pick up a weapon_physcannon
L 12/15/2018 - 13:19:12: [FAdmin] DexStop☭ (STEAM_0:1:210354619) Attempted to pick up a gmod_camera
L 12/15/2018 - 13:19:12: [FAdmin] DexStop☭ (STEAM_0:1:210354619) Attempted to pick up a gmod_tool
L 12/15/2018 - 13:19:12: [FAdmin] DexStop☭ (STEAM_0:1:210354619) Attempted to pick up a pocket
L 12/15/2018 - 13:19:12: [FAdmin] DexStop☭ (STEAM_0:1:210354619) Attempted to pick up a weapon_physgun
L 12/15/2018 - 13:19:48: "DexStop☭<3><STEAM_0:1:210354619><Citizen>" say "!menu"

L 12/15/2018 - 13:20:37: "DexStop☭<3><STEAM_0:1:210354619><Citizen>" say "!menu"

L 12/15/2018 - 13:20:50: "DidVaitel<2><STEAM_0:1:74202541><>" disconnected (reason "Disconnect by user.")
L 12/15/2018 - 13:20:50: [FAdmin] DidVaitel (STEAM_0:1:74202541) Disconnected
L 12/15/2018 - 13:20:50: "DidVaitel<4><STEAM_0:1:74202541><>" connected, address "192.168.1.102:27006"
L 12/15/2018 - 13:20:50: "DidVaitel<4><STEAM_0:1:74202541><>" STEAM USERID validated
L 12/15/2018 - 13:20:59: [FAdmin] DidVaitel (STEAM_0:1:74202541) is Authed
L 12/15/2018 - 13:20:59: [FAdmin] DidVaitel (STEAM_0:1:74202541) Spawned for the first time
L 12/15/2018 - 13:20:59: [FAdmin] DidVaitel (STEAM_0:1:74202541) Spawned
L 12/15/2018 - 13:20:59: "DidVaitel<4><STEAM_0:1:74202541><>" entered the game
L 12/15/2018 - 13:20:59: [FAdmin] DidVaitel (STEAM_0:1:74202541) Attempted to pick up a keys
L 12/15/2018 - 13:20:59: [FAdmin] DidVaitel (STEAM_0:1:74202541) Attempted to pick up a weapon_physcannon
L 12/15/2018 - 13:20:59: [FAdmin] DidVaitel (STEAM_0:1:74202541) Attempted to pick up a gmod_camera
L 12/15/2018 - 13:20:59: [FAdmin] DidVaitel (STEAM_0:1:74202541) Attempted to pick up a gmod_tool
L 12/15/2018 - 13:20:59: [FAdmin] DidVaitel (STEAM_0:1:74202541) Attempted to pick up a pocket
L 12/15/2018 - 13:20:59: [FAdmin] DidVaitel (STEAM_0:1:74202541) Attempted to pick up a weapon_physgun
L 12/15/2018 - 13:20:59: [FAdmin] DidVaitel (STEAM_0:1:74202541) Attempted to pick up a weapon_keypadchecker
L 12/15/2018 - 13:20:59: [FAdmin] DidVaitel (STEAM_0:1:74202541) Attempted to pick up a door_ram
L 12/15/2018 - 13:20:59: [FAdmin] DidVaitel (STEAM_0:1:74202541) Attempted to pick up a arrest_stick
L 12/15/2018 - 13:20:59: [FAdmin] DidVaitel (STEAM_0:1:74202541) Attempted to pick up a unarrest_stick
L 12/15/2018 - 13:20:59: [FAdmin] DidVaitel (STEAM_0:1:74202541) Attempted to pick up a stunstick
L 12/15/2018 - 13:20:59: [FAdmin] DidVaitel (STEAM_0:1:74202541) Attempted to pick up a weaponchecker
L 12/15/2018 - 13:21:51: [FAdmin] DidVaitel (STEAM_0:1:74202541) Attempted to switch noclip
L 12/15/2018 - 13:21:52: [FAdmin] DidVaitel (STEAM_0:1:74202541) Attempted to switch noclip
L 12/15/2018 - 13:22:16: [FAdmin] DexStop☭ (STEAM_0:1:210354619) Got killed silently
L 12/15/2018 - 13:22:17: [FAdmin] DidVaitel kicked table: 0x259b66b0 (чччччч)
L 12/15/2018 - 13:22:17: "DexStop☭<3><STEAM_0:1:210354619><>" disconnected (reason "Kicked by DidVaitel (чччччч)")
L 12/15/2018 - 13:22:17: [FAdmin] DexStop☭ (STEAM_0:1:210354619) Disconnected
L 12/15/2018 - 13:24:51: "DidVaitel<4><STEAM_0:1:74202541><>" disconnected (reason "Disconnect by user.")
L 12/15/2018 - 13:24:51: [FAdmin] DidVaitel (STEAM_0:1:74202541) Disconnected
L 12/15/2018 - 13:24:51: "DidVaitel<5><STEAM_0:1:74202541><>" connected, address "192.168.1.102:27006"
L 12/15/2018 - 13:24:52: "DidVaitel<5><STEAM_0:1:74202541><>" STEAM USERID validated
L 12/15/2018 - 13:25:01: [FAdmin] DidVaitel (STEAM_0:1:74202541) is Authed
L 12/15/2018 - 13:25:01: [FAdmin] DidVaitel (STEAM_0:1:74202541) Spawned for the first time
L 12/15/2018 - 13:25:01: [FAdmin] DidVaitel (STEAM_0:1:74202541) Spawned
L 12/15/2018 - 13:25:01: "DidVaitel<5><STEAM_0:1:74202541><>" entered the game
L 12/15/2018 - 13:25:01: [FAdmin] DidVaitel (STEAM_0:1:74202541) Attempted to pick up a keys
L 12/15/2018 - 13:25:01: [FAdmin] DidVaitel (STEAM_0:1:74202541) Attempted to pick up a weapon_physcannon
L 12/15/2018 - 13:25:01: [FAdmin] DidVaitel (STEAM_0:1:74202541) Attempted to pick up a gmod_camera
L 12/15/2018 - 13:25:01: [FAdmin] DidVaitel (STEAM_0:1:74202541) Attempted to pick up a gmod_tool
L 12/15/2018 - 13:25:01: [FAdmin] DidVaitel (STEAM_0:1:74202541) Attempted to pick up a pocket
L 12/15/2018 - 13:25:01: [FAdmin] DidVaitel (STEAM_0:1:74202541) Attempted to pick up a weapon_physgun
L 12/15/2018 - 13:25:01: [FAdmin] DidVaitel (STEAM_0:1:74202541) Attempted to pick up a weapon_keypadchecker
L 12/15/2018 - 13:25:01: [FAdmin] DidVaitel (STEAM_0:1:74202541) Attempted to pick up a door_ram
L 12/15/2018 - 13:25:01: [FAdmin] DidVaitel (STEAM_0:1:74202541) Attempted to pick up a arrest_stick
L 12/15/2018 - 13:25:01: [FAdmin] DidVaitel (STEAM_0:1:74202541) Attempted to pick up a unarrest_stick
L 12/15/2018 - 13:25:01: [FAdmin] DidVaitel (STEAM_0:1:74202541) Attempted to pick up a stunstick
L 12/15/2018 - 13:25:01: [FAdmin] DidVaitel (STEAM_0:1:74202541) Attempted to pick up a weaponchecker
L 12/15/2018 - 13:33:24: [FAdmin] DidVaitel (STEAM_0:1:74202541) Attempted to switch noclip
L 12/15/2018 - 13:35:46: "das tote Sonne<6><STEAM_0:1:223642482><>" connected, address "178.69.253.99:27005"
L 12/15/2018 - 13:35:47: "das tote Sonne<6><STEAM_0:1:223642482><>" STEAM USERID validated
L 12/15/2018 - 13:35:48: "das tote Sonne<6><STEAM_0:1:223642482><>" disconnected (reason "Disconnect by user.")
L 12/15/2018 - 13:37:14: "chillax<7><STEAM_0:1:74916598><>" connected, address "46.48.246.14:40151"
L 12/15/2018 - 13:37:14: "chillax<7><STEAM_0:1:74916598><>" STEAM USERID validated
L 12/15/2018 - 13:37:20: "chillax<7><STEAM_0:1:74916598><>" disconnected (reason "chillax timed out")
L 12/15/2018 - 13:39:47: "DidVaitel<5><STEAM_0:1:74202541><>" disconnected (reason "Disconnect by user.")
L 12/15/2018 - 13:39:47: [FAdmin] DidVaitel (STEAM_0:1:74202541) Disconnected
L 12/15/2018 - 13:45:12: Lua Error: 
[ERROR] addons/spawnmenutabs_controller/lua/autorun/tabs_controller.lua:234: attempt to index global 'vgui' (a nil value)
  1. unknown - addons/spawnmenutabs_controller/lua/autorun/tabs_controller.lua:234


L 12/15/2018 - 13:45:25: Lua Error: 
[ERROR] addons/spawnmenutabs_controller/lua/autorun/tabs_controller.lua:234: attempt to index global 'vgui' (a nil value)
  1. unknown - addons/spawnmenutabs_controller/lua/autorun/tabs_controller.lua:234


L 12/15/2018 - 13:46:26: "DidVaitel<8><STEAM_0:1:74202541><>" connected, address "192.168.1.102:27006"
L 12/15/2018 - 13:46:26: "DidVaitel<8><STEAM_0:1:74202541><>" STEAM USERID validated
L 12/15/2018 - 13:47:15: [FAdmin] DidVaitel (STEAM_0:1:74202541) is Authed
L 12/15/2018 - 13:47:15: [FAdmin] DidVaitel (STEAM_0:1:74202541) Spawned for the first time
L 12/15/2018 - 13:47:15: [FAdmin] DidVaitel (STEAM_0:1:74202541) Spawned
L 12/15/2018 - 13:47:15: "DidVaitel<8><STEAM_0:1:74202541><>" entered the game
L 12/15/2018 - 13:47:15: [FAdmin] DidVaitel (STEAM_0:1:74202541) Attempted to pick up a keys
L 12/15/2018 - 13:47:15: [FAdmin] DidVaitel (STEAM_0:1:74202541) Attempted to pick up a weapon_physcannon
L 12/15/2018 - 13:47:15: [FAdmin] DidVaitel (STEAM_0:1:74202541) Attempted to pick up a gmod_camera
L 12/15/2018 - 13:47:15: [FAdmin] DidVaitel (STEAM_0:1:74202541) Attempted to pick up a gmod_tool
L 12/15/2018 - 13:47:15: [FAdmin] DidVaitel (STEAM_0:1:74202541) Attempted to pick up a pocket
L 12/15/2018 - 13:47:15: [FAdmin] DidVaitel (STEAM_0:1:74202541) Attempted to pick up a weapon_physgun
L 12/15/2018 - 13:47:15: [FAdmin] DidVaitel (STEAM_0:1:74202541) Attempted to pick up a weapon_keypadchecker
L 12/15/2018 - 13:47:15: [FAdmin] DidVaitel (STEAM_0:1:74202541) Attempted to pick up a door_ram
L 12/15/2018 - 13:47:15: [FAdmin] DidVaitel (STEAM_0:1:74202541) Attempted to pick up a arrest_stick
L 12/15/2018 - 13:47:15: [FAdmin] DidVaitel (STEAM_0:1:74202541) Attempted to pick up a unarrest_stick
L 12/15/2018 - 13:47:15: [FAdmin] DidVaitel (STEAM_0:1:74202541) Attempted to pick up a stunstick
L 12/15/2018 - 13:47:15: [FAdmin] DidVaitel (STEAM_0:1:74202541) Attempted to pick up a weaponchecker
L 12/15/2018 - 13:51:27: Lua Error: 
[ERROR] addons/spawnmenutabs_controller/lua/autorun/tabs_controller.lua:551: 'end' expected (to close 'if' at line 309) near '<eof>'
  1. unknown - addons/spawnmenutabs_controller/lua/autorun/tabs_controller.lua:0


L 12/15/2018 - 13:54:01: "DidVaitel<8><STEAM_0:1:74202541><>" disconnected (reason "Disconnect by user.")
L 12/15/2018 - 13:54:01: [FAdmin] DidVaitel (STEAM_0:1:74202541) Disconnected
L 12/15/2018 - 16:05:44: "young nnm<9><STEAM_0:1:68129490><>" connected, address "176.56.24.17:27005"
L 12/15/2018 - 16:05:45: "young nnm<9><STEAM_0:1:68129490><>" STEAM USERID validated
L 12/15/2018 - 16:05:45: "young nnm<9><STEAM_0:1:68129490><>" disconnected (reason "Disconnect by user.")
L 12/15/2018 - 16:06:17: "young nnm<10><STEAM_0:1:68129490><>" connected, address "176.56.24.17:27005"
L 12/15/2018 - 16:06:17: "young nnm<10><STEAM_0:1:68129490><>" STEAM USERID validated
L 12/15/2018 - 16:06:27: "young nnm<10><STEAM_0:1:68129490><>" disconnected (reason "Map is missing")
L 12/15/2018 - 16:14:36: "young nnm<11><STEAM_0:1:68129490><>" connected, address "176.56.24.17:27005"
L 12/15/2018 - 16:14:36: "young nnm<11><STEAM_0:1:68129490><>" STEAM USERID validated
L 12/15/2018 - 16:14:44: "young nnm<11><STEAM_0:1:68129490><>" disconnected (reason "Map is missing")
L 12/15/2018 - 18:13:30: "DidVaitel<12><STEAM_0:1:74202541><>" connected, address "192.168.1.100:27006"
L 12/15/2018 - 18:13:30: "DidVaitel<12><STEAM_0:1:74202541><>" STEAM USERID validated
L 12/15/2018 - 18:14:26: [FAdmin] DidVaitel (STEAM_0:1:74202541) is Authed
L 12/15/2018 - 18:14:26: [FAdmin] DidVaitel (STEAM_0:1:74202541) Spawned for the first time
L 12/15/2018 - 18:14:26: [FAdmin] DidVaitel (STEAM_0:1:74202541) Spawned
L 12/15/2018 - 18:14:26: "DidVaitel<12><STEAM_0:1:74202541><>" entered the game
L 12/15/2018 - 18:14:26: [FAdmin] DidVaitel (STEAM_0:1:74202541) Attempted to pick up a keys
L 12/15/2018 - 18:14:26: [FAdmin] DidVaitel (STEAM_0:1:74202541) Attempted to pick up a weapon_physcannon
L 12/15/2018 - 18:14:26: [FAdmin] DidVaitel (STEAM_0:1:74202541) Attempted to pick up a gmod_camera
L 12/15/2018 - 18:14:26: [FAdmin] DidVaitel (STEAM_0:1:74202541) Attempted to pick up a gmod_tool
L 12/15/2018 - 18:14:26: [FAdmin] DidVaitel (STEAM_0:1:74202541) Attempted to pick up a pocket
L 12/15/2018 - 18:14:26: [FAdmin] DidVaitel (STEAM_0:1:74202541) Attempted to pick up a weapon_physgun
L 12/15/2018 - 18:14:26: [FAdmin] DidVaitel (STEAM_0:1:74202541) Attempted to pick up a weapon_keypadchecker
L 12/15/2018 - 18:14:26: [FAdmin] DidVaitel (STEAM_0:1:74202541) Attempted to pick up a door_ram
L 12/15/2018 - 18:14:26: [FAdmin] DidVaitel (STEAM_0:1:74202541) Attempted to pick up a arrest_stick
L 12/15/2018 - 18:14:26: [FAdmin] DidVaitel (STEAM_0:1:74202541) Attempted to pick up a unarrest_stick
L 12/15/2018 - 18:14:26: [FAdmin] DidVaitel (STEAM_0:1:74202541) Attempted to pick up a stunstick
L 12/15/2018 - 18:14:26: [FAdmin] DidVaitel (STEAM_0:1:74202541) Attempted to pick up a weaponchecker
L 12/15/2018 - 18:33:31: [FAdmin] Server succesfully shut down.
L 12/15/2018 - 18:33:31: [FAdmin] prop_physics(models/props/de_nuke/handtruck.mdl) Got removed
L 12/15/2018 - 18:33:31: [FAdmin] prop_physics(models/props_c17/door01_left.mdl) Got removed
L 12/15/2018 - 18:33:31: [FAdmin] prop_physics(models/props_c17/door01_left.mdl) Got removed
L 12/15/2018 - 18:33:31: [FAdmin] prop_physics(models/props_c17/door01_left.mdl) Got removed
L 12/15/2018 - 18:33:31: [FAdmin] prop_physics(models/props_c17/door01_left.mdl) Got removed
L 12/15/2018 - 18:33:31: [FAdmin] prop_physics(models/props_c17/door01_left.mdl) Got removed
L 12/15/2018 - 18:33:31: [FAdmin] prop_physics(models/props_c17/door01_left.mdl) Got removed
L 12/15/2018 - 18:33:31: [FAdmin] prop_physics(models/props_junk/pushcart01a.mdl) Got removed
L 12/15/2018 - 18:33:31: [FAdmin] prop_physics(models/props/de_nuke/handtruck.mdl) Got removed
L 12/15/2018 - 18:33:31: [FAdmin] prop_physics(models/props_c17/door01_left.mdl) Got removed
L 12/15/2018 - 18:33:31: [FAdmin] prop_physics(models/props_c17/door01_left.mdl) Got removed
L 12/15/2018 - 18:33:31: [FAdmin] prop_physics(models/props_junk/wood_crate001a_damaged.mdl) Got removed
L 12/15/2018 - 18:33:31: [FAdmin] prop_physics(models/props_junk/wood_crate001a_damaged.mdl) Got removed
L 12/15/2018 - 18:33:31: [FAdmin] prop_physics(models/props_junk/wood_crate001a_damaged.mdl) Got removed
L 12/15/2018 - 18:33:31: [FAdmin] prop_physics(models/props_junk/wood_crate001a_damaged.mdl) Got removed
L 12/15/2018 - 18:33:31: [FAdmin] prop_physics(models/props_junk/wood_crate001a_damaged.mdl) Got removed
L 12/15/2018 - 18:33:31: "DidVaitel<12><STEAM_0:1:74202541><>" disconnected (reason "Server shutting down")
L 12/15/2018 - 18:33:31: server_message: "quit"
L 12/15/2018 - 18:33:31: Log file closed.
