L 12/15/2018 - 11:55:44: Log file started (file "logs\L1215000.log") (game "F:\sup\steamapps\common\GarrysModDS\garrysmod") (version "7334")
L 12/15/2018 - 11:55:44: server_cvar: "sv_alltalk" "3"
L 12/15/2018 - 11:55:44: server_cvar: "sv_allowcslua" "1"
L 12/15/2018 - 11:55:44: server_cvar: "sv_airaccelerate" "1000"
L 12/15/2018 - 11:55:44: server_cvar: "sv_alltalk" "0"
L 12/15/2018 - 11:55:46: Connection to Steam servers successful.
L 12/15/2018 - 11:55:46:    Public IP is 31.130.42.81.
L 12/15/2018 - 11:55:46: Assigned anonymous gameserver Steam ID [A-1:716181515(11567)].
L 12/15/2018 - 11:55:46: VAC secure mode is activated.
L 12/15/2018 - 11:56:02: "DidVaitel<2><STEAM_0:1:74202541><>" connected, address "192.168.1.102:27006"
L 12/15/2018 - 11:56:03: "DidVaitel<2><STEAM_0:1:74202541><>" STEAM USERID validated
L 12/15/2018 - 11:56:20: [FAdmin] DidVaitel (STEAM_0:1:74202541) is Authed
L 12/15/2018 - 11:56:20: [FAdmin] DidVaitel (STEAM_0:1:74202541) Spawned for the first time
L 12/15/2018 - 11:56:20: [FAdmin] DidVaitel (STEAM_0:1:74202541) Spawned
L 12/15/2018 - 11:56:20: "DidVaitel<2><STEAM_0:1:74202541><>" entered the game
L 12/15/2018 - 11:56:20: [FAdmin] DidVaitel (STEAM_0:1:74202541) Attempted to pick up a keys
L 12/15/2018 - 11:56:20: [FAdmin] DidVaitel (STEAM_0:1:74202541) Attempted to pick up a weapon_physcannon
L 12/15/2018 - 11:56:20: [FAdmin] DidVaitel (STEAM_0:1:74202541) Attempted to pick up a gmod_camera
L 12/15/2018 - 11:56:20: [FAdmin] DidVaitel (STEAM_0:1:74202541) Attempted to pick up a gmod_tool
L 12/15/2018 - 11:56:20: [FAdmin] DidVaitel (STEAM_0:1:74202541) Attempted to pick up a pocket
L 12/15/2018 - 11:56:20: [FAdmin] DidVaitel (STEAM_0:1:74202541) Attempted to pick up a weapon_physgun
L 12/15/2018 - 11:56:20: [FAdmin] DidVaitel (STEAM_0:1:74202541) Attempted to pick up a weapon_keypadchecker
L 12/15/2018 - 11:56:20: [FAdmin] DidVaitel (STEAM_0:1:74202541) Attempted to pick up a door_ram
L 12/15/2018 - 11:56:20: [FAdmin] DidVaitel (STEAM_0:1:74202541) Attempted to pick up a arrest_stick
L 12/15/2018 - 11:56:20: [FAdmin] DidVaitel (STEAM_0:1:74202541) Attempted to pick up a unarrest_stick
L 12/15/2018 - 11:56:20: [FAdmin] DidVaitel (STEAM_0:1:74202541) Attempted to pick up a stunstick
L 12/15/2018 - 11:56:20: [FAdmin] DidVaitel (STEAM_0:1:74202541) Attempted to pick up a weaponchecker
L 12/15/2018 - 12:02:05: [FAdmin] Server succesfully shut down.
L 12/15/2018 - 12:02:05: [FAdmin] prop_physics(models/props/de_nuke/handtruck.mdl) Got removed
L 12/15/2018 - 12:02:05: [FAdmin] prop_physics(models/props_c17/door01_left.mdl) Got removed
L 12/15/2018 - 12:02:05: [FAdmin] prop_physics(models/props_c17/door01_left.mdl) Got removed
L 12/15/2018 - 12:02:05: [FAdmin] prop_physics(models/props_c17/door01_left.mdl) Got removed
L 12/15/2018 - 12:02:05: [FAdmin] prop_physics(models/props_c17/door01_left.mdl) Got removed
L 12/15/2018 - 12:02:05: [FAdmin] prop_physics(models/props_c17/door01_left.mdl) Got removed
L 12/15/2018 - 12:02:05: [FAdmin] prop_physics(models/props_c17/door01_left.mdl) Got removed
L 12/15/2018 - 12:02:05: [FAdmin] prop_physics(models/props_junk/pushcart01a.mdl) Got removed
L 12/15/2018 - 12:02:05: [FAdmin] prop_physics(models/props/de_nuke/handtruck.mdl) Got removed
L 12/15/2018 - 12:02:05: [FAdmin] prop_physics(models/props_c17/door01_left.mdl) Got removed
L 12/15/2018 - 12:02:05: [FAdmin] prop_physics(models/props_c17/door01_left.mdl) Got removed
L 12/15/2018 - 12:02:05: [FAdmin] prop_physics(models/props_junk/wood_crate001a_damaged.mdl) Got removed
L 12/15/2018 - 12:02:05: [FAdmin] prop_physics(models/props_junk/wood_crate001a_damaged.mdl) Got removed
L 12/15/2018 - 12:02:05: [FAdmin] prop_physics(models/props_junk/wood_crate001a_damaged.mdl) Got removed
L 12/15/2018 - 12:02:05: [FAdmin] prop_physics(models/props_junk/wood_crate001a_damaged.mdl) Got removed
L 12/15/2018 - 12:02:05: [FAdmin] prop_physics(models/props_junk/wood_crate001a_damaged.mdl) Got removed
L 12/15/2018 - 12:02:05: "DidVaitel<2><STEAM_0:1:74202541><>" disconnected (reason "Server shutting down")
L 12/15/2018 - 12:02:06: server_message: "quit"
L 12/15/2018 - 12:02:06: Log file closed.
