L 12/12/2018 - 00:37:03: Log file started (file "logs\L1212000.log") (game "F:\sup\steamapps\common\GarrysModDS\garrysmod") (version "7334")
L 12/12/2018 - 00:37:03: server_cvar: "sv_alltalk" "3"
L 12/12/2018 - 00:37:03: server_cvar: "sv_allowcslua" "1"
L 12/12/2018 - 00:37:03: server_cvar: "sv_airaccelerate" "1000"
L 12/12/2018 - 00:37:03: server_cvar: "sv_alltalk" "0"
L 12/12/2018 - 00:37:04: Connection to Steam servers successful.
L 12/12/2018 - 00:37:04:    Public IP is 31.130.42.81.
L 12/12/2018 - 00:37:04: Assigned anonymous gameserver Steam ID [A-1:2261406731(11547)].
L 12/12/2018 - 00:37:04: VAC secure mode is activated.
L 12/12/2018 - 00:37:14: Lua Error: 
[ERROR] addons/simple_discord_relay/lua/autorun/server/sv_discord_relay.lua:158: ')' expected (to close '(' at line 143) near '<eof>'
  1. unknown - addons/simple_discord_relay/lua/autorun/server/sv_discord_relay.lua:0


L 12/12/2018 - 00:37:17: "DidVaitel<2><STEAM_0:1:74202541><>" connected, address "192.168.1.102:27006"
L 12/12/2018 - 00:37:17: "DidVaitel<2><STEAM_0:1:74202541><>" STEAM USERID validated
L 12/12/2018 - 00:37:19: "Bot01<3><BOT><>" connected, address "none"
L 12/12/2018 - 00:37:19: [FAdmin] Bot01 (BOT) Spawned for the first time
L 12/12/2018 - 00:37:19: [FAdmin] Bot01 (BOT) Spawned
L 12/12/2018 - 00:37:19: "Bot01<3><BOT><>" entered the game
L 12/12/2018 - 00:37:19: [FAdmin] Bot01 (BOT) Attempted to pick up a keys
L 12/12/2018 - 00:37:19: [FAdmin] Bot01 (BOT) Attempted to pick up a weapon_physcannon
L 12/12/2018 - 00:37:19: [FAdmin] Bot01 (BOT) Attempted to pick up a gmod_camera
L 12/12/2018 - 00:37:19: [FAdmin] Bot01 (BOT) Attempted to pick up a gmod_tool
L 12/12/2018 - 00:37:19: [FAdmin] Bot01 (BOT) Attempted to pick up a pocket
L 12/12/2018 - 00:37:19: [FAdmin] Bot01 (BOT) Attempted to pick up a weapon_physgun
L 12/12/2018 - 00:37:30: Lua Error: [ERROR] Discord code 50006: Cannot send an empty message

L 12/12/2018 - 00:37:33: [FAdmin] DidVaitel (STEAM_0:1:74202541) is Authed
L 12/12/2018 - 00:37:33: [FAdmin] DidVaitel (STEAM_0:1:74202541) Spawned for the first time
L 12/12/2018 - 00:37:33: [FAdmin] DidVaitel (STEAM_0:1:74202541) Spawned
L 12/12/2018 - 00:37:33: "DidVaitel<2><STEAM_0:1:74202541><>" entered the game
L 12/12/2018 - 00:37:33: [FAdmin] DidVaitel (STEAM_0:1:74202541) Attempted to pick up a keys
L 12/12/2018 - 00:37:33: [FAdmin] DidVaitel (STEAM_0:1:74202541) Attempted to pick up a weapon_physcannon
L 12/12/2018 - 00:37:33: [FAdmin] DidVaitel (STEAM_0:1:74202541) Attempted to pick up a gmod_camera
L 12/12/2018 - 00:37:33: [FAdmin] DidVaitel (STEAM_0:1:74202541) Attempted to pick up a gmod_tool
L 12/12/2018 - 00:37:33: [FAdmin] DidVaitel (STEAM_0:1:74202541) Attempted to pick up a pocket
L 12/12/2018 - 00:37:33: [FAdmin] DidVaitel (STEAM_0:1:74202541) Attempted to pick up a weapon_physgun
L 12/12/2018 - 00:37:33: [FAdmin] DidVaitel (STEAM_0:1:74202541) Attempted to pick up a weapon_keypadchecker
L 12/12/2018 - 00:37:33: [FAdmin] DidVaitel (STEAM_0:1:74202541) Attempted to pick up a door_ram
L 12/12/2018 - 00:37:33: [FAdmin] DidVaitel (STEAM_0:1:74202541) Attempted to pick up a arrest_stick
L 12/12/2018 - 00:37:33: [FAdmin] DidVaitel (STEAM_0:1:74202541) Attempted to pick up a unarrest_stick
L 12/12/2018 - 00:37:33: [FAdmin] DidVaitel (STEAM_0:1:74202541) Attempted to pick up a stunstick
L 12/12/2018 - 00:37:33: [FAdmin] DidVaitel (STEAM_0:1:74202541) Attempted to pick up a weaponchecker
L 12/12/2018 - 00:37:58: [FAdmin] DidVaitel (STEAM_0:1:74202541) Gave himself a weapon_357
L 12/12/2018 - 00:37:58: [FAdmin] DidVaitel (STEAM_0:1:74202541) Attempted to pick up a weapon_357
L 12/12/2018 - 00:38:00: Lua Error: 
[ERROR] addons/simple_discord_relay/lua/autorun/server/sv_discord_relay.lua:150: attempt to index global 'text' (a nil value)
  1. fn - addons/simple_discord_relay/lua/autorun/server/sv_discord_relay.lua:150
   2. unknown - addons/ulxulib/lua/ulib/shared/hook.lua:109


L 12/12/2018 - 00:38:00: [FAdmin] Bot01 (BOT) Spawned
L 12/12/2018 - 00:38:00: [FAdmin] Bot01 (BOT) Attempted to pick up a keys
L 12/12/2018 - 00:38:00: [FAdmin] Bot01 (BOT) Attempted to pick up a weapon_physcannon
L 12/12/2018 - 00:38:00: [FAdmin] Bot01 (BOT) Attempted to pick up a gmod_camera
L 12/12/2018 - 00:38:00: [FAdmin] Bot01 (BOT) Attempted to pick up a gmod_tool
L 12/12/2018 - 00:38:00: [FAdmin] Bot01 (BOT) Attempted to pick up a pocket
L 12/12/2018 - 00:38:00: [FAdmin] Bot01 (BOT) Attempted to pick up a weapon_physgun
L 12/12/2018 - 00:38:23: [FAdmin] DidVaitel (STEAM_0:1:74202541) Gave himself a weapon_rpg
L 12/12/2018 - 00:38:23: [FAdmin] DidVaitel (STEAM_0:1:74202541) Attempted to pick up a weapon_rpg
L 12/12/2018 - 00:38:24: [FAdmin] Bot01 (BOT) Got killed by DidVaitel with a rpg_missile
L 12/12/2018 - 00:38:25: [FAdmin] Bot01 (BOT) Spawned
L 12/12/2018 - 00:38:25: [FAdmin] Bot01 (BOT) Attempted to pick up a keys
L 12/12/2018 - 00:38:25: [FAdmin] Bot01 (BOT) Attempted to pick up a weapon_physcannon
L 12/12/2018 - 00:38:25: [FAdmin] Bot01 (BOT) Attempted to pick up a gmod_camera
L 12/12/2018 - 00:38:25: [FAdmin] Bot01 (BOT) Attempted to pick up a gmod_tool
L 12/12/2018 - 00:38:25: [FAdmin] Bot01 (BOT) Attempted to pick up a pocket
L 12/12/2018 - 00:38:25: [FAdmin] Bot01 (BOT) Attempted to pick up a weapon_physgun
L 12/12/2018 - 00:38:38: [FAdmin] Bot01 (BOT) Got killed by DidVaitel with a rpg_missile
L 12/12/2018 - 00:38:39: [FAdmin] Bot01 (BOT) Spawned
L 12/12/2018 - 00:38:39: [FAdmin] Bot01 (BOT) Attempted to pick up a keys
L 12/12/2018 - 00:38:39: [FAdmin] Bot01 (BOT) Attempted to pick up a weapon_physcannon
L 12/12/2018 - 00:38:39: [FAdmin] Bot01 (BOT) Attempted to pick up a gmod_camera
L 12/12/2018 - 00:38:39: [FAdmin] Bot01 (BOT) Attempted to pick up a gmod_tool
L 12/12/2018 - 00:38:39: [FAdmin] Bot01 (BOT) Attempted to pick up a pocket
L 12/12/2018 - 00:38:39: [FAdmin] Bot01 (BOT) Attempted to pick up a weapon_physgun
L 12/12/2018 - 00:39:07: [FAdmin] Bot01 (BOT) Got killed by DidVaitel with a rpg_missile
L 12/12/2018 - 00:39:07: Lua Error: 
[ERROR] addons/simple_discord_relay/lua/autorun/server/sv_discord_relay.lua:153: Tried to use a NULL entity!
  1. GetClass - [C]:-1
   2. onsuccess - addons/simple_discord_relay/lua/autorun/server/sv_discord_relay.lua:153
    3. unknown - lua/includes/modules/http.lua:29


L 12/12/2018 - 00:39:08: [FAdmin] Bot01 (BOT) Spawned
L 12/12/2018 - 00:39:08: [FAdmin] Bot01 (BOT) Attempted to pick up a keys
L 12/12/2018 - 00:39:08: [FAdmin] Bot01 (BOT) Attempted to pick up a weapon_physcannon
L 12/12/2018 - 00:39:08: [FAdmin] Bot01 (BOT) Attempted to pick up a gmod_camera
L 12/12/2018 - 00:39:08: [FAdmin] Bot01 (BOT) Attempted to pick up a gmod_tool
L 12/12/2018 - 00:39:08: [FAdmin] Bot01 (BOT) Attempted to pick up a pocket
L 12/12/2018 - 00:39:08: [FAdmin] Bot01 (BOT) Attempted to pick up a weapon_physgun
L 12/12/2018 - 00:39:16: [FAdmin] DidVaitel (STEAM_0:1:74202541) Gave himself a weapon_shotgun
L 12/12/2018 - 00:39:16: [FAdmin] DidVaitel (STEAM_0:1:74202541) Attempted to pick up a weapon_shotgun
L 12/12/2018 - 00:39:21: [FAdmin] DidVaitel (STEAM_0:1:74202541) Gave himself a weapon_crossbow
L 12/12/2018 - 00:39:21: [FAdmin] DidVaitel (STEAM_0:1:74202541) Attempted to pick up a weapon_crossbow
L 12/12/2018 - 00:39:22: [FAdmin] Bot01 (BOT) Got killed by DidVaitel with a crossbow_bolt
L 12/12/2018 - 00:39:22: Lua Error: 
[ERROR] addons/simple_discord_relay/lua/autorun/server/sv_discord_relay.lua:153: bad argument #1 to '__concat' (string expected, got userdata)
  1. __concat - [C]:-1
   2. onsuccess - addons/simple_discord_relay/lua/autorun/server/sv_discord_relay.lua:153
    3. unknown - lua/includes/modules/http.lua:29


L 12/12/2018 - 00:39:23: [FAdmin] Bot01 (BOT) Spawned
L 12/12/2018 - 00:39:23: [FAdmin] Bot01 (BOT) Attempted to pick up a keys
L 12/12/2018 - 00:39:23: [FAdmin] Bot01 (BOT) Attempted to pick up a weapon_physcannon
L 12/12/2018 - 00:39:23: [FAdmin] Bot01 (BOT) Attempted to pick up a gmod_camera
L 12/12/2018 - 00:39:23: [FAdmin] Bot01 (BOT) Attempted to pick up a gmod_tool
L 12/12/2018 - 00:39:23: [FAdmin] Bot01 (BOT) Attempted to pick up a pocket
L 12/12/2018 - 00:39:23: [FAdmin] Bot01 (BOT) Attempted to pick up a weapon_physgun
L 12/12/2018 - 00:41:21: Lua Error: 
[ERROR] addons/simple_discord_relay/lua/autorun/server/sv_discord_relay.lua:154: ')' expected near '"> with "'
  1. unknown - addons/simple_discord_relay/lua/autorun/server/sv_discord_relay.lua:0


L 12/12/2018 - 00:42:15: [FAdmin] DidVaitel (STEAM_0:1:74202541) Attempted to switch noclip
L 12/12/2018 - 00:42:18: "Bot02<4><BOT><>" connected, address "none"
L 12/12/2018 - 00:42:18: [FAdmin] Bot02 (BOT) Spawned for the first time
L 12/12/2018 - 00:42:18: [FAdmin] Bot02 (BOT) Spawned
L 12/12/2018 - 00:42:18: "Bot02<4><BOT><>" entered the game
L 12/12/2018 - 00:42:18: [FAdmin] Bot02 (BOT) Attempted to pick up a keys
L 12/12/2018 - 00:42:18: [FAdmin] Bot02 (BOT) Attempted to pick up a weapon_physcannon
L 12/12/2018 - 00:42:18: [FAdmin] Bot02 (BOT) Attempted to pick up a gmod_camera
L 12/12/2018 - 00:42:18: [FAdmin] Bot02 (BOT) Attempted to pick up a gmod_tool
L 12/12/2018 - 00:42:18: [FAdmin] Bot02 (BOT) Attempted to pick up a pocket
L 12/12/2018 - 00:42:18: [FAdmin] Bot02 (BOT) Attempted to pick up a weapon_physgun
L 12/12/2018 - 00:42:36: [FAdmin] Bot02 (BOT) Got killed by DidVaitel with a crossbow_bolt
L 12/12/2018 - 00:42:37: [FAdmin] Bot02 (BOT) Spawned
L 12/12/2018 - 00:42:37: [FAdmin] Bot02 (BOT) Attempted to pick up a keys
L 12/12/2018 - 00:42:37: [FAdmin] Bot02 (BOT) Attempted to pick up a weapon_physcannon
L 12/12/2018 - 00:42:37: [FAdmin] Bot02 (BOT) Attempted to pick up a gmod_camera
L 12/12/2018 - 00:42:37: [FAdmin] Bot02 (BOT) Attempted to pick up a gmod_tool
L 12/12/2018 - 00:42:37: [FAdmin] Bot02 (BOT) Attempted to pick up a pocket
L 12/12/2018 - 00:42:37: [FAdmin] Bot02 (BOT) Attempted to pick up a weapon_physgun
L 12/12/2018 - 00:44:33: Lua Error: 
[ERROR] addons/simple_discord_relay/lua/autorun/server/sv_discord_relay.lua:5: '=' expected near 'DiscordRelay'
  1. unknown - addons/simple_discord_relay/lua/autorun/server/sv_discord_relay.lua:0


L 12/12/2018 - 01:03:34: Lua Error: 
[ERROR] addons/simple_discord_relay/lua/autorun/server/sv_discord_relay.lua:161: attempt to index global 'easynet' (a nil value)
  1. unknown - addons/simple_discord_relay/lua/autorun/server/sv_discord_relay.lua:161


L 12/12/2018 - 01:03:42: Lua Error: 
[ERROR] addons/simple_discord_relay/lua/autorun/server/sv_discord_relay.lua:161: attempt to index global 'easynet' (a nil value)
  1. unknown - addons/simple_discord_relay/lua/autorun/server/sv_discord_relay.lua:161


L 12/12/2018 - 01:03:46: [FAdmin] Server succesfully shut down.
L 12/12/2018 - 01:03:46: [FAdmin] prop_physics(models/props/de_nuke/handtruck.mdl) Got removed
L 12/12/2018 - 01:03:46: [FAdmin] prop_physics(models/props_c17/door01_left.mdl) Got removed
L 12/12/2018 - 01:03:46: [FAdmin] prop_physics(models/props_c17/door01_left.mdl) Got removed
L 12/12/2018 - 01:03:46: [FAdmin] prop_physics(models/props_c17/door01_left.mdl) Got removed
L 12/12/2018 - 01:03:46: [FAdmin] prop_physics(models/props_c17/door01_left.mdl) Got removed
L 12/12/2018 - 01:03:46: [FAdmin] prop_physics(models/props_c17/door01_left.mdl) Got removed
L 12/12/2018 - 01:03:46: [FAdmin] prop_physics(models/props_c17/door01_left.mdl) Got removed
L 12/12/2018 - 01:03:46: [FAdmin] prop_physics(models/props_junk/pushcart01a.mdl) Got removed
L 12/12/2018 - 01:03:46: [FAdmin] prop_physics(models/props/de_nuke/handtruck.mdl) Got removed
L 12/12/2018 - 01:03:46: [FAdmin] prop_physics(models/props_c17/door01_left.mdl) Got removed
L 12/12/2018 - 01:03:46: [FAdmin] prop_physics(models/props_c17/door01_left.mdl) Got removed
L 12/12/2018 - 01:03:46: [FAdmin] prop_physics(models/props_junk/wood_crate001a_damaged.mdl) Got removed
L 12/12/2018 - 01:03:46: [FAdmin] prop_physics(models/props_junk/wood_crate001a_damaged.mdl) Got removed
L 12/12/2018 - 01:03:46: [FAdmin] prop_physics(models/props_junk/wood_crate001a_damaged.mdl) Got removed
L 12/12/2018 - 01:03:46: [FAdmin] prop_physics(models/props_junk/wood_crate001a_damaged.mdl) Got removed
L 12/12/2018 - 01:03:46: [FAdmin] prop_physics(models/props_junk/wood_crate001a_damaged.mdl) Got removed
L 12/12/2018 - 01:03:46: "Bot02<4><BOT><>" disconnected (reason "Server shutting down")
L 12/12/2018 - 01:03:46: "Bot01<3><BOT><>" disconnected (reason "Server shutting down")
L 12/12/2018 - 01:03:46: "DidVaitel<2><STEAM_0:1:74202541><>" disconnected (reason "Server shutting down")
L 12/12/2018 - 01:03:46: server_message: "quit"
L 12/12/2018 - 01:03:46: Log file closed.
