L 12/27/2019 - 19:23:18: Log file started (file "logs\L1227002.log") (game "D:\sup\steamapps\common\GarrysModDS\garrysmod") (version "7671")
L 12/27/2019 - 19:23:18: server_cvar: "sv_alltalk" "3"
L 12/27/2019 - 19:23:18: server_cvar: "sv_allowcslua" "1"
L 12/27/2019 - 19:23:18: server_cvar: "sv_airaccelerate" "1000"
L 12/27/2019 - 19:23:18: server_cvar: "sv_alltalk" "0"
L 12/27/2019 - 19:23:19: Connection to Steam servers successful.
L 12/27/2019 - 19:23:19:    Public IP is 31.130.42.47.
L 12/27/2019 - 19:23:19: Assigned anonymous gameserver Steam ID [A-1:2580301825(13848)].
L 12/27/2019 - 19:23:19: VAC secure mode is activated.
L 12/27/2019 - 19:37:10: "DidVaitel<2><STEAM_0:1:74202541><>" connected, address "31.130.42.47:27006"
L 12/27/2019 - 19:37:10: "DidVaitel<2><STEAM_0:1:74202541><>" STEAM USERID validated
L 12/27/2019 - 19:37:11: "DidVaitel<2><STEAM_0:1:74202541><>" disconnected (reason "Disconnect by user.")
L 12/27/2019 - 19:37:12: "DidVaitel<3><STEAM_0:1:74202541><>" connected, address "31.130.42.47:27006"
L 12/27/2019 - 19:37:13: "DidVaitel<3><STEAM_0:1:74202541><>" STEAM USERID validated
L 12/27/2019 - 19:37:27: [FAdmin] DidVaitel (STEAM_0:1:74202541) is Authed
L 12/27/2019 - 19:37:27: [FAdmin] DidVaitel (STEAM_0:1:74202541) Spawned for the first time
L 12/27/2019 - 19:37:27: [FAdmin] DidVaitel (STEAM_0:1:74202541) Spawned
L 12/27/2019 - 19:37:28: "DidVaitel<3><STEAM_0:1:74202541><>" entered the game
L 12/27/2019 - 19:37:28: [FAdmin] DidVaitel (STEAM_0:1:74202541) Attempted to pick up a keys
L 12/27/2019 - 19:37:28: [FAdmin] DidVaitel (STEAM_0:1:74202541) Attempted to pick up a weapon_physcannon
L 12/27/2019 - 19:37:28: [FAdmin] DidVaitel (STEAM_0:1:74202541) Attempted to pick up a gmod_camera
L 12/27/2019 - 19:37:28: [FAdmin] DidVaitel (STEAM_0:1:74202541) Attempted to pick up a gmod_tool
L 12/27/2019 - 19:37:28: [FAdmin] DidVaitel (STEAM_0:1:74202541) Attempted to pick up a pocket
L 12/27/2019 - 19:37:28: [FAdmin] DidVaitel (STEAM_0:1:74202541) Attempted to pick up a weapon_physgun
L 12/27/2019 - 19:37:28: [FAdmin] DidVaitel (STEAM_0:1:74202541) Attempted to pick up a weapon_keypadchecker
L 12/27/2019 - 19:37:28: [FAdmin] DidVaitel (STEAM_0:1:74202541) Attempted to pick up a door_ram
L 12/27/2019 - 19:37:28: [FAdmin] DidVaitel (STEAM_0:1:74202541) Attempted to pick up a arrest_stick
L 12/27/2019 - 19:37:28: [FAdmin] DidVaitel (STEAM_0:1:74202541) Attempted to pick up a unarrest_stick
L 12/27/2019 - 19:37:28: [FAdmin] DidVaitel (STEAM_0:1:74202541) Attempted to pick up a stunstick
L 12/27/2019 - 19:37:28: [FAdmin] DidVaitel (STEAM_0:1:74202541) Attempted to pick up a weaponchecker
L 12/28/2019 - 00:08:57: Connection to Steam servers lost.  (Result = 3)
L 12/28/2019 - 00:09:02: Connection to Steam servers successful.
L 12/28/2019 - 00:09:02:    Public IP is 196.196.216.151.
L 12/28/2019 - 00:09:02: Assigned anonymous gameserver Steam ID [A-1:2580301825(13848)].
L 12/28/2019 - 00:09:03: VAC secure mode is activated.
L 12/28/2019 - 00:10:39: Connection to Steam servers lost.  (Result = 3)
L 12/28/2019 - 00:21:49: Connection to Steam servers successful.
L 12/28/2019 - 00:21:49:    Public IP is 31.130.42.47.
L 12/28/2019 - 00:21:49: Assigned anonymous gameserver Steam ID [A-1:2580301825(13848)].
L 12/28/2019 - 00:21:49: VAC secure mode is activated.
L 12/28/2019 - 02:51:54: "DidVaitel<3><STEAM_0:1:74202541><>" disconnected (reason "Disconnect by user.")
L 12/28/2019 - 02:51:54: [FAdmin] DidVaitel (STEAM_0:1:74202541) Disconnected
L 12/28/2019 - 02:52:49: "DidVaitel<4><STEAM_0:1:74202541><>" connected, address "31.130.42.47:27006"
L 12/28/2019 - 02:52:50: "DidVaitel<4><STEAM_0:1:74202541><>" STEAM USERID validated
L 12/28/2019 - 02:53:05: [FAdmin] DidVaitel (STEAM_0:1:74202541) is Authed
L 12/28/2019 - 02:53:05: [FAdmin] DidVaitel (STEAM_0:1:74202541) Spawned for the first time
L 12/28/2019 - 02:53:05: [FAdmin] DidVaitel (STEAM_0:1:74202541) Spawned
L 12/28/2019 - 02:53:05: "DidVaitel<4><STEAM_0:1:74202541><>" entered the game
L 12/28/2019 - 02:53:05: [FAdmin] DidVaitel (STEAM_0:1:74202541) Attempted to pick up a keys
L 12/28/2019 - 02:53:05: [FAdmin] DidVaitel (STEAM_0:1:74202541) Attempted to pick up a weapon_physcannon
L 12/28/2019 - 02:53:05: [FAdmin] DidVaitel (STEAM_0:1:74202541) Attempted to pick up a gmod_camera
L 12/28/2019 - 02:53:05: [FAdmin] DidVaitel (STEAM_0:1:74202541) Attempted to pick up a gmod_tool
L 12/28/2019 - 02:53:05: [FAdmin] DidVaitel (STEAM_0:1:74202541) Attempted to pick up a pocket
L 12/28/2019 - 02:53:05: [FAdmin] DidVaitel (STEAM_0:1:74202541) Attempted to pick up a weapon_physgun
L 12/28/2019 - 02:53:05: [FAdmin] DidVaitel (STEAM_0:1:74202541) Attempted to pick up a weapon_keypadchecker
L 12/28/2019 - 02:53:05: [FAdmin] DidVaitel (STEAM_0:1:74202541) Attempted to pick up a door_ram
L 12/28/2019 - 02:53:05: [FAdmin] DidVaitel (STEAM_0:1:74202541) Attempted to pick up a arrest_stick
L 12/28/2019 - 02:53:05: [FAdmin] DidVaitel (STEAM_0:1:74202541) Attempted to pick up a unarrest_stick
L 12/28/2019 - 02:53:05: [FAdmin] DidVaitel (STEAM_0:1:74202541) Attempted to pick up a stunstick
L 12/28/2019 - 02:53:05: [FAdmin] DidVaitel (STEAM_0:1:74202541) Attempted to pick up a weaponchecker
L 12/28/2019 - 02:55:37: [FAdmin] Server succesfully shut down.
L 12/28/2019 - 02:55:37: [FAdmin] prop_physics(models/maxofs2d/companion_doll.mdl) Got removed
L 12/28/2019 - 02:55:37: [FAdmin] prop_physics(models/props_c17/furnituretable003a.mdl) Got removed
L 12/28/2019 - 02:55:37: [FAdmin] prop_physics(models/props_c17/furniturecouch002a.mdl) Got removed
L 12/28/2019 - 02:55:37: [FAdmin] prop_physics(models/props_c17/furniturecouch001a.mdl) Got removed
L 12/28/2019 - 02:55:37: "DidVaitel<4><STEAM_0:1:74202541><>" disconnected (reason "Server shutting down")
L 12/28/2019 - 02:55:38: server_message: "quit"
L 12/28/2019 - 02:55:38: Log file closed.
