L 12/23/2018 - 15:48:41: Log file started (file "logs\L1223005.log") (game "F:\sup\steamapps\common\GarrysModDS\garrysmod") (version "7334")
L 12/23/2018 - 15:48:41: server_cvar: "sv_alltalk" "3"
L 12/23/2018 - 15:48:41: server_cvar: "sv_allowcslua" "1"
L 12/23/2018 - 15:48:41: server_cvar: "sv_airaccelerate" "1000"
L 12/23/2018 - 15:48:41: server_cvar: "sv_alltalk" "0"
L 12/23/2018 - 15:48:43: Connection to Steam servers successful.
L 12/23/2018 - 15:48:43:    Public IP is 31.130.42.81.
L 12/23/2018 - 15:48:43: Assigned anonymous gameserver Steam ID [A-1:3901310987(11620)].
L 12/23/2018 - 15:48:44: VAC secure mode is activated.
L 12/23/2018 - 15:49:56: "DidVaitel<2><STEAM_0:1:74202541><>" connected, address "192.168.1.102:27006"
L 12/23/2018 - 15:49:57: "DidVaitel<2><STEAM_0:1:74202541><>" STEAM USERID validated
L 12/23/2018 - 15:50:06: [FAdmin] DidVaitel (STEAM_0:1:74202541) is Authed
L 12/23/2018 - 15:50:06: [FAdmin] DidVaitel (STEAM_0:1:74202541) Spawned for the first time
L 12/23/2018 - 15:50:06: [FAdmin] DidVaitel (STEAM_0:1:74202541) Spawned
L 12/23/2018 - 15:50:06: "DidVaitel<2><STEAM_0:1:74202541><>" entered the game
L 12/23/2018 - 15:50:06: [FAdmin] DidVaitel (STEAM_0:1:74202541) Attempted to pick up a keys
L 12/23/2018 - 15:50:06: [FAdmin] DidVaitel (STEAM_0:1:74202541) Attempted to pick up a weapon_physcannon
L 12/23/2018 - 15:50:06: [FAdmin] DidVaitel (STEAM_0:1:74202541) Attempted to pick up a gmod_camera
L 12/23/2018 - 15:50:06: [FAdmin] DidVaitel (STEAM_0:1:74202541) Attempted to pick up a gmod_tool
L 12/23/2018 - 15:50:06: [FAdmin] DidVaitel (STEAM_0:1:74202541) Attempted to pick up a pocket
L 12/23/2018 - 15:50:06: [FAdmin] DidVaitel (STEAM_0:1:74202541) Attempted to pick up a weapon_physgun
L 12/23/2018 - 15:50:06: [FAdmin] DidVaitel (STEAM_0:1:74202541) Attempted to pick up a weapon_keypadchecker
L 12/23/2018 - 15:50:06: [FAdmin] DidVaitel (STEAM_0:1:74202541) Attempted to pick up a door_ram
L 12/23/2018 - 15:50:06: [FAdmin] DidVaitel (STEAM_0:1:74202541) Attempted to pick up a arrest_stick
L 12/23/2018 - 15:50:06: [FAdmin] DidVaitel (STEAM_0:1:74202541) Attempted to pick up a unarrest_stick
L 12/23/2018 - 15:50:06: [FAdmin] DidVaitel (STEAM_0:1:74202541) Attempted to pick up a stunstick
L 12/23/2018 - 15:50:06: [FAdmin] DidVaitel (STEAM_0:1:74202541) Attempted to pick up a weaponchecker
L 12/23/2018 - 15:52:04: [FAdmin] DidVaitel (STEAM_0:1:74202541) Attempted to switch noclip
L 12/23/2018 - 15:53:05: [FAdmin] Server succesfully shut down.
L 12/23/2018 - 15:53:05: [FAdmin] prop_physics(models/props/de_nuke/handtruck.mdl) Got removed
L 12/23/2018 - 15:53:05: [FAdmin] prop_physics(models/props_c17/door01_left.mdl) Got removed
L 12/23/2018 - 15:53:05: [FAdmin] prop_physics(models/props_c17/door01_left.mdl) Got removed
L 12/23/2018 - 15:53:05: [FAdmin] prop_physics(models/props_c17/door01_left.mdl) Got removed
L 12/23/2018 - 15:53:05: [FAdmin] prop_physics(models/props_c17/door01_left.mdl) Got removed
L 12/23/2018 - 15:53:05: [FAdmin] prop_physics(models/props_c17/door01_left.mdl) Got removed
L 12/23/2018 - 15:53:05: [FAdmin] prop_physics(models/props_c17/door01_left.mdl) Got removed
L 12/23/2018 - 15:53:05: [FAdmin] prop_physics(models/props_junk/pushcart01a.mdl) Got removed
L 12/23/2018 - 15:53:05: [FAdmin] prop_physics(models/props/de_nuke/handtruck.mdl) Got removed
L 12/23/2018 - 15:53:05: [FAdmin] prop_physics(models/props_c17/door01_left.mdl) Got removed
L 12/23/2018 - 15:53:05: [FAdmin] prop_physics(models/props_c17/door01_left.mdl) Got removed
L 12/23/2018 - 15:53:05: [FAdmin] prop_physics(models/props_junk/wood_crate001a_damaged.mdl) Got removed
L 12/23/2018 - 15:53:05: [FAdmin] prop_physics(models/props_junk/wood_crate001a_damaged.mdl) Got removed
L 12/23/2018 - 15:53:05: [FAdmin] prop_physics(models/props_junk/wood_crate001a_damaged.mdl) Got removed
L 12/23/2018 - 15:53:05: [FAdmin] prop_physics(models/props_junk/wood_crate001a_damaged.mdl) Got removed
L 12/23/2018 - 15:53:05: [FAdmin] prop_physics(models/props_junk/wood_crate001a_damaged.mdl) Got removed
L 12/23/2018 - 15:53:05: "DidVaitel<2><STEAM_0:1:74202541><>" disconnected (reason "Server shutting down")
L 12/23/2018 - 15:53:05: server_message: "quit"
L 12/23/2018 - 15:53:05: Log file closed.
