L 12/23/2018 - 19:22:22: Log file started (file "logs\L1223008.log") (game "F:\sup\steamapps\common\GarrysModDS\garrysmod") (version "7334")
L 12/23/2018 - 19:22:22: server_cvar: "sv_alltalk" "3"
L 12/23/2018 - 19:22:22: server_cvar: "sv_allowcslua" "1"
L 12/23/2018 - 19:22:22: server_cvar: "sv_airaccelerate" "1000"
L 12/23/2018 - 19:22:22: server_cvar: "sv_alltalk" "0"
L 12/23/2018 - 19:22:23: Connection to Steam servers successful.
L 12/23/2018 - 19:22:23:    Public IP is 31.130.42.81.
L 12/23/2018 - 19:22:23: Assigned anonymous gameserver Steam ID [A-1:1377164291(11622)].
L 12/23/2018 - 19:22:23: VAC secure mode is activated.
L 12/23/2018 - 19:22:27: [FAdmin] Server succesfully shut down.
L 12/23/2018 - 19:22:27: [FAdmin] prop_physics(models/props/de_nuke/handtruck.mdl) Got removed
L 12/23/2018 - 19:22:27: [FAdmin] prop_physics(models/props_c17/door01_left.mdl) Got removed
L 12/23/2018 - 19:22:27: [FAdmin] prop_physics(models/props_c17/door01_left.mdl) Got removed
L 12/23/2018 - 19:22:27: [FAdmin] prop_physics(models/props_c17/door01_left.mdl) Got removed
L 12/23/2018 - 19:22:27: [FAdmin] prop_physics(models/props_c17/door01_left.mdl) Got removed
L 12/23/2018 - 19:22:27: [FAdmin] prop_physics(models/props_c17/door01_left.mdl) Got removed
L 12/23/2018 - 19:22:27: [FAdmin] prop_physics(models/props_c17/door01_left.mdl) Got removed
L 12/23/2018 - 19:22:27: [FAdmin] prop_physics(models/props_junk/pushcart01a.mdl) Got removed
L 12/23/2018 - 19:22:27: [FAdmin] prop_physics(models/props/de_nuke/handtruck.mdl) Got removed
L 12/23/2018 - 19:22:27: [FAdmin] prop_physics(models/props_c17/door01_left.mdl) Got removed
L 12/23/2018 - 19:22:27: [FAdmin] prop_physics(models/props_c17/door01_left.mdl) Got removed
L 12/23/2018 - 19:22:27: [FAdmin] prop_physics(models/props_junk/wood_crate001a_damaged.mdl) Got removed
L 12/23/2018 - 19:22:27: [FAdmin] prop_physics(models/props_junk/wood_crate001a_damaged.mdl) Got removed
L 12/23/2018 - 19:22:27: [FAdmin] prop_physics(models/props_junk/wood_crate001a_damaged.mdl) Got removed
L 12/23/2018 - 19:22:27: [FAdmin] prop_physics(models/props_junk/wood_crate001a_damaged.mdl) Got removed
L 12/23/2018 - 19:22:27: [FAdmin] prop_physics(models/props_junk/wood_crate001a_damaged.mdl) Got removed
L 12/23/2018 - 19:22:28: server_message: "quit"
L 12/23/2018 - 19:22:28: Log file closed.
