L 12/23/2018 - 15:23:51: Log file started (file "logs\L1223003.log") (game "F:\sup\steamapps\common\GarrysModDS\garrysmod") (version "7334")
L 12/23/2018 - 15:23:51: server_cvar: "sv_alltalk" "3"
L 12/23/2018 - 15:23:51: server_cvar: "sv_allowcslua" "1"
L 12/23/2018 - 15:23:51: server_cvar: "sv_airaccelerate" "1000"
L 12/23/2018 - 15:23:51: server_cvar: "sv_alltalk" "0"
L 12/23/2018 - 15:23:52: Connection to Steam servers successful.
L 12/23/2018 - 15:23:52:    Public IP is 31.130.42.81.
L 12/23/2018 - 15:23:52: Assigned anonymous gameserver Steam ID [A-1:3082482695(11620)].
L 12/23/2018 - 15:23:53: VAC secure mode is activated.
L 12/23/2018 - 15:23:56: "DidVaitel<2><STEAM_0:1:74202541><>" connected, address "192.168.1.102:27006"
L 12/23/2018 - 15:23:56: "DidVaitel<2><STEAM_0:1:74202541><>" STEAM USERID validated
L 12/23/2018 - 15:24:06: [FAdmin] DidVaitel (STEAM_0:1:74202541) is Authed
L 12/23/2018 - 15:24:06: [FAdmin] DidVaitel (STEAM_0:1:74202541) Spawned for the first time
L 12/23/2018 - 15:24:06: [FAdmin] DidVaitel (STEAM_0:1:74202541) Spawned
L 12/23/2018 - 15:24:06: "DidVaitel<2><STEAM_0:1:74202541><>" entered the game
L 12/23/2018 - 15:24:06: [FAdmin] DidVaitel (STEAM_0:1:74202541) Attempted to pick up a keys
L 12/23/2018 - 15:24:06: [FAdmin] DidVaitel (STEAM_0:1:74202541) Attempted to pick up a weapon_physcannon
L 12/23/2018 - 15:24:06: [FAdmin] DidVaitel (STEAM_0:1:74202541) Attempted to pick up a gmod_camera
L 12/23/2018 - 15:24:06: [FAdmin] DidVaitel (STEAM_0:1:74202541) Attempted to pick up a gmod_tool
L 12/23/2018 - 15:24:06: [FAdmin] DidVaitel (STEAM_0:1:74202541) Attempted to pick up a pocket
L 12/23/2018 - 15:24:06: [FAdmin] DidVaitel (STEAM_0:1:74202541) Attempted to pick up a weapon_physgun
L 12/23/2018 - 15:24:06: [FAdmin] DidVaitel (STEAM_0:1:74202541) Attempted to pick up a weapon_keypadchecker
L 12/23/2018 - 15:24:06: [FAdmin] DidVaitel (STEAM_0:1:74202541) Attempted to pick up a door_ram
L 12/23/2018 - 15:24:06: [FAdmin] DidVaitel (STEAM_0:1:74202541) Attempted to pick up a arrest_stick
L 12/23/2018 - 15:24:06: [FAdmin] DidVaitel (STEAM_0:1:74202541) Attempted to pick up a unarrest_stick
L 12/23/2018 - 15:24:06: [FAdmin] DidVaitel (STEAM_0:1:74202541) Attempted to pick up a stunstick
L 12/23/2018 - 15:24:06: [FAdmin] DidVaitel (STEAM_0:1:74202541) Attempted to pick up a weaponchecker
L 12/23/2018 - 15:24:15: [FAdmin] DidVaitel (STEAM_0:1:74202541) Attempted to switch noclip
L 12/23/2018 - 15:25:30: Lua Error: 
[ERROR] conquest/lua/conquest/server/sv_main.lua:270: unexpected symbol near 'local'
  1. unknown - addons/[server]_conquest/lua/conquest/server/sv_main.lua:0


L 12/23/2018 - 15:25:30: Lua Error: 
[ERROR] conquest/lua/conquest/server/sv_main.lua:270: unexpected symbol near 'local'
  1. unknown - addons/[server]_conquest/lua/conquest/server/sv_main.lua:0


L 12/23/2018 - 15:27:08: [FAdmin] Server succesfully shut down.
L 12/23/2018 - 15:27:08: [FAdmin] prop_physics(models/props/de_nuke/handtruck.mdl) Got removed
L 12/23/2018 - 15:27:08: [FAdmin] prop_physics(models/props_c17/door01_left.mdl) Got removed
L 12/23/2018 - 15:27:08: [FAdmin] prop_physics(models/props_c17/door01_left.mdl) Got removed
L 12/23/2018 - 15:27:08: [FAdmin] prop_physics(models/props_c17/door01_left.mdl) Got removed
L 12/23/2018 - 15:27:08: [FAdmin] prop_physics(models/props_c17/door01_left.mdl) Got removed
L 12/23/2018 - 15:27:08: [FAdmin] prop_physics(models/props_c17/door01_left.mdl) Got removed
L 12/23/2018 - 15:27:08: [FAdmin] prop_physics(models/props_c17/door01_left.mdl) Got removed
L 12/23/2018 - 15:27:08: [FAdmin] prop_physics(models/props_junk/pushcart01a.mdl) Got removed
L 12/23/2018 - 15:27:08: [FAdmin] prop_physics(models/props/de_nuke/handtruck.mdl) Got removed
L 12/23/2018 - 15:27:08: [FAdmin] prop_physics(models/props_c17/door01_left.mdl) Got removed
L 12/23/2018 - 15:27:08: [FAdmin] prop_physics(models/props_c17/door01_left.mdl) Got removed
L 12/23/2018 - 15:27:08: [FAdmin] prop_physics(models/props_junk/wood_crate001a_damaged.mdl) Got removed
L 12/23/2018 - 15:27:08: [FAdmin] prop_physics(models/props_junk/wood_crate001a_damaged.mdl) Got removed
L 12/23/2018 - 15:27:08: [FAdmin] prop_physics(models/props_junk/wood_crate001a_damaged.mdl) Got removed
L 12/23/2018 - 15:27:08: [FAdmin] prop_physics(models/props_junk/wood_crate001a_damaged.mdl) Got removed
L 12/23/2018 - 15:27:08: [FAdmin] prop_physics(models/props_junk/wood_crate001a_damaged.mdl) Got removed
L 12/23/2018 - 15:27:08: "DidVaitel<2><STEAM_0:1:74202541><>" disconnected (reason "Server shutting down")
L 12/23/2018 - 15:27:08: server_message: "quit"
L 12/23/2018 - 15:27:08: Log file closed.
