L 12/28/2019 - 22:21:32: Log file started (file "logs\L1228001.log") (game "D:\sup\steamapps\common\GarrysModDS\garrysmod") (version "7671")
L 12/28/2019 - 22:21:32: server_cvar: "sv_alltalk" "3"
L 12/28/2019 - 22:21:32: server_cvar: "sv_allowcslua" "1"
L 12/28/2019 - 22:21:32: server_cvar: "sv_airaccelerate" "1000"
L 12/28/2019 - 22:21:32: server_cvar: "sv_alltalk" "0"
L 12/28/2019 - 22:21:33: Connection to Steam servers successful.
L 12/28/2019 - 22:21:33:    Public IP is 31.130.42.47.
L 12/28/2019 - 22:21:33: Assigned anonymous gameserver Steam ID [A-1:174997513(13855)].
L 12/28/2019 - 22:21:34: VAC secure mode is activated.
L 12/28/2019 - 22:30:32: "DidVaitel<2><STEAM_0:1:74202541><>" connected, address "31.130.42.47:27006"
L 12/28/2019 - 22:30:33: "DidVaitel<2><STEAM_0:1:74202541><>" STEAM USERID validated
L 12/28/2019 - 22:30:49: [FAdmin] DidVaitel (STEAM_0:1:74202541) is Authed
L 12/28/2019 - 22:30:49: [FAdmin] DidVaitel (STEAM_0:1:74202541) Spawned for the first time
L 12/28/2019 - 22:30:49: [FAdmin] DidVaitel (STEAM_0:1:74202541) Spawned
L 12/28/2019 - 22:30:49: "DidVaitel<2><STEAM_0:1:74202541><>" entered the game
L 12/28/2019 - 22:30:49: [FAdmin] DidVaitel (STEAM_0:1:74202541) Attempted to pick up a keys
L 12/28/2019 - 22:30:49: [FAdmin] DidVaitel (STEAM_0:1:74202541) Attempted to pick up a weapon_physcannon
L 12/28/2019 - 22:30:49: [FAdmin] DidVaitel (STEAM_0:1:74202541) Attempted to pick up a gmod_camera
L 12/28/2019 - 22:30:49: [FAdmin] DidVaitel (STEAM_0:1:74202541) Attempted to pick up a gmod_tool
L 12/28/2019 - 22:30:49: [FAdmin] DidVaitel (STEAM_0:1:74202541) Attempted to pick up a pocket
L 12/28/2019 - 22:30:49: [FAdmin] DidVaitel (STEAM_0:1:74202541) Attempted to pick up a weapon_physgun
L 12/28/2019 - 22:30:49: [FAdmin] DidVaitel (STEAM_0:1:74202541) Attempted to pick up a weapon_keypadchecker
L 12/28/2019 - 22:30:49: [FAdmin] DidVaitel (STEAM_0:1:74202541) Attempted to pick up a door_ram
L 12/28/2019 - 22:30:49: [FAdmin] DidVaitel (STEAM_0:1:74202541) Attempted to pick up a arrest_stick
L 12/28/2019 - 22:30:49: [FAdmin] DidVaitel (STEAM_0:1:74202541) Attempted to pick up a unarrest_stick
L 12/28/2019 - 22:30:49: [FAdmin] DidVaitel (STEAM_0:1:74202541) Attempted to pick up a stunstick
L 12/28/2019 - 22:30:49: [FAdmin] DidVaitel (STEAM_0:1:74202541) Attempted to pick up a weaponchecker
L 12/28/2019 - 22:31:21: [FAdmin] DidVaitel (STEAM_0:1:74202541) Attempted to use tool complex_employer_tool
L 12/28/2019 - 22:31:22: [FAdmin] DidVaitel (STEAM_0:1:74202541) Attempted to use tool complex_employer_tool
L 12/28/2019 - 22:31:25: [FAdmin] DidVaitel (STEAM_0:1:74202541) Attempted to use tool complex_employer_tool
L 12/28/2019 - 22:55:56: Lua Error: 
[ERROR] gamemodes/darkrp/gamemode/modules/base/sh_createitems.lua:893: attempt to index local 'cat' (a nil value)
  1. mergeCategories - gamemodes/darkrp/gamemode/modules/base/sh_createitems.lua:893
   2. fn - gamemodes/darkrp/gamemode/modules/base/sh_createitems.lua:905
    3. Call - addons/ulxulib/lua/ulib/shared/hook.lua:109
     4. Call - gamemodes/darkrp/gamemode/libraries/modificationloader.lua:149
      5. unknown - gamemodes/darkrp/gamemode/init.lua:111


L 12/28/2019 - 22:55:56: Lua Error: Couldn't Load Init Script: 'darkrp/gamemode/init.lua'

L 12/28/2019 - 22:56:10: [FAdmin] DidVaitel (STEAM_0:1:74202541) Attempted to use tool complex_employer_tool
L 12/28/2019 - 22:56:15: [FAdmin] Server succesfully shut down.
L 12/28/2019 - 22:56:15: [FAdmin] prop_physics(models/maxofs2d/companion_doll.mdl) Got removed
L 12/28/2019 - 22:56:15: [FAdmin] prop_physics(models/props_c17/furnituretable003a.mdl) Got removed
L 12/28/2019 - 22:56:15: [FAdmin] prop_physics(models/props_c17/furniturecouch002a.mdl) Got removed
L 12/28/2019 - 22:56:15: [FAdmin] prop_physics(models/props_c17/furniturecouch001a.mdl) Got removed
L 12/28/2019 - 22:56:15: "DidVaitel<2><STEAM_0:1:74202541><>" disconnected (reason "Server shutting down")
L 12/28/2019 - 22:56:15: server_message: "quit"
L 12/28/2019 - 22:56:15: Log file closed.
