L 12/24/2018 - 22:14:05: Log file started (file "logs\L1224008.log") (game "F:\sup\steamapps\common\GarrysModDS\garrysmod") (version "7334")
L 12/24/2018 - 22:14:05: server_cvar: "sv_alltalk" "3"
L 12/24/2018 - 22:14:05: server_cvar: "sv_allowcslua" "1"
L 12/24/2018 - 22:14:05: server_cvar: "sv_airaccelerate" "1000"
L 12/24/2018 - 22:14:05: server_cvar: "sv_alltalk" "0"
L 12/24/2018 - 22:14:06: Connection to Steam servers successful.
L 12/24/2018 - 22:14:06:    Public IP is 31.130.42.81.
L 12/24/2018 - 22:14:06: Assigned anonymous gameserver Steam ID [A-1:1323638795(11631)].
L 12/24/2018 - 22:14:07: VAC secure mode is activated.
L 12/24/2018 - 22:14:21: "DidVaitel<2><STEAM_0:1:74202541><>" connected, address "192.168.1.101:27006"
L 12/24/2018 - 22:14:21: "DidVaitel<2><STEAM_0:1:74202541><>" STEAM USERID validated
L 12/24/2018 - 22:14:31: [FAdmin] DidVaitel (STEAM_0:1:74202541) is Authed
L 12/24/2018 - 22:14:31: [FAdmin] DidVaitel (STEAM_0:1:74202541) Spawned for the first time
L 12/24/2018 - 22:14:31: [FAdmin] DidVaitel (STEAM_0:1:74202541) Spawned
L 12/24/2018 - 22:14:31: "DidVaitel<2><STEAM_0:1:74202541><>" entered the game
L 12/24/2018 - 22:14:31: [FAdmin] DidVaitel (STEAM_0:1:74202541) Attempted to pick up a keys
L 12/24/2018 - 22:14:31: [FAdmin] DidVaitel (STEAM_0:1:74202541) Attempted to pick up a weapon_physcannon
L 12/24/2018 - 22:14:31: [FAdmin] DidVaitel (STEAM_0:1:74202541) Attempted to pick up a gmod_camera
L 12/24/2018 - 22:14:31: [FAdmin] DidVaitel (STEAM_0:1:74202541) Attempted to pick up a gmod_tool
L 12/24/2018 - 22:14:31: [FAdmin] DidVaitel (STEAM_0:1:74202541) Attempted to pick up a pocket
L 12/24/2018 - 22:14:31: [FAdmin] DidVaitel (STEAM_0:1:74202541) Attempted to pick up a weapon_physgun
L 12/24/2018 - 22:14:31: [FAdmin] DidVaitel (STEAM_0:1:74202541) Attempted to pick up a weapon_keypadchecker
L 12/24/2018 - 22:14:31: [FAdmin] DidVaitel (STEAM_0:1:74202541) Attempted to pick up a door_ram
L 12/24/2018 - 22:14:31: [FAdmin] DidVaitel (STEAM_0:1:74202541) Attempted to pick up a arrest_stick
L 12/24/2018 - 22:14:31: [FAdmin] DidVaitel (STEAM_0:1:74202541) Attempted to pick up a unarrest_stick
L 12/24/2018 - 22:14:31: [FAdmin] DidVaitel (STEAM_0:1:74202541) Attempted to pick up a stunstick
L 12/24/2018 - 22:14:31: [FAdmin] DidVaitel (STEAM_0:1:74202541) Attempted to pick up a weaponchecker
L 12/24/2018 - 22:40:17: [FAdmin] DidVaitel (STEAM_0:1:74202541) Attempted to switch noclip
L 12/24/2018 - 22:48:18: Lua Error: 
[ERROR] conquest/lua/conquest/server/sv_main.lua:133: attempt to perform arithmetic on field 'isCapturing' (a nil value)
  1. unknown - addons/[server]_conquest/lua/conquest/server/sv_main.lua:133


L 12/24/2018 - 23:29:26: Lua Error: 
[ERROR] conquest/lua/conquest/server/sv_main.lua:132: attempt to index a nil value
  1. Tick - addons/[server]_conquest/lua/conquest/server/sv_main.lua:132
   2. unknown - addons/[server]_conquest/lua/entities/flag_entity/shared.lua:23


L 12/24/2018 - 23:29:26: Lua Error: 
[ERROR] conquest/lua/conquest/server/sv_main.lua:132: attempt to index a nil value
  1. Tick - addons/[server]_conquest/lua/conquest/server/sv_main.lua:132
   2. unknown - addons/[server]_conquest/lua/entities/flag_entity/shared.lua:23


L 12/24/2018 - 23:29:26: Lua Error: 
[ERROR] conquest/lua/conquest/server/sv_main.lua:132: attempt to index a nil value
  1. Tick - addons/[server]_conquest/lua/conquest/server/sv_main.lua:132
   2. unknown - addons/[server]_conquest/lua/entities/flag_entity/shared.lua:23


L 12/24/2018 - 23:29:26: Lua Error: 
[ERROR] conquest/lua/conquest/server/sv_main.lua:132: attempt to index a nil value
  1. Tick - addons/[server]_conquest/lua/conquest/server/sv_main.lua:132
   2. unknown - addons/[server]_conquest/lua/entities/flag_entity/shared.lua:23


L 12/24/2018 - 23:29:52: Lua Error: 
[ERROR] conquest/lua/conquest/server/sv_main.lua:126: attempt to index a nil value
  1. Tick - addons/[server]_conquest/lua/conquest/server/sv_main.lua:126
   2. unknown - addons/[server]_conquest/lua/entities/flag_entity/shared.lua:23


L 12/24/2018 - 23:29:52: Lua Error: 
[ERROR] conquest/lua/conquest/server/sv_main.lua:126: attempt to index a nil value
  1. Tick - addons/[server]_conquest/lua/conquest/server/sv_main.lua:126
   2. unknown - addons/[server]_conquest/lua/entities/flag_entity/shared.lua:23


L 12/24/2018 - 23:29:52: Lua Error: 
[ERROR] conquest/lua/conquest/server/sv_main.lua:126: attempt to index a nil value
  1. Tick - addons/[server]_conquest/lua/conquest/server/sv_main.lua:126
   2. unknown - addons/[server]_conquest/lua/entities/flag_entity/shared.lua:23


L 12/24/2018 - 23:29:52: Lua Error: 
[ERROR] conquest/lua/conquest/server/sv_main.lua:126: attempt to index a nil value
  1. Tick - addons/[server]_conquest/lua/conquest/server/sv_main.lua:126
   2. unknown - addons/[server]_conquest/lua/entities/flag_entity/shared.lua:23


L 12/24/2018 - 23:30:00: Lua Error: 
[ERROR] conquest/lua/conquest/server/sv_main.lua:127: attempt to index a nil value
  1. Tick - addons/[server]_conquest/lua/conquest/server/sv_main.lua:127
   2. unknown - addons/[server]_conquest/lua/entities/flag_entity/shared.lua:23


L 12/24/2018 - 23:30:00: Lua Error: 
[ERROR] conquest/lua/conquest/server/sv_main.lua:127: attempt to index a nil value
  1. Tick - addons/[server]_conquest/lua/conquest/server/sv_main.lua:127
   2. unknown - addons/[server]_conquest/lua/entities/flag_entity/shared.lua:23


L 12/24/2018 - 23:30:00: Lua Error: 
[ERROR] conquest/lua/conquest/server/sv_main.lua:127: attempt to index a nil value
  1. Tick - addons/[server]_conquest/lua/conquest/server/sv_main.lua:127
   2. unknown - addons/[server]_conquest/lua/entities/flag_entity/shared.lua:23


L 12/24/2018 - 23:30:00: Lua Error: 
[ERROR] conquest/lua/conquest/server/sv_main.lua:127: attempt to index a nil value
  1. Tick - addons/[server]_conquest/lua/conquest/server/sv_main.lua:127
   2. unknown - addons/[server]_conquest/lua/entities/flag_entity/shared.lua:23


L 12/24/2018 - 23:30:00: Lua Error: 
[ERROR] conquest/lua/conquest/server/sv_main.lua:127: attempt to index a nil value
  1. Tick - addons/[server]_conquest/lua/conquest/server/sv_main.lua:127
   2. unknown - addons/[server]_conquest/lua/entities/flag_entity/shared.lua:23


L 12/24/2018 - 23:30:00: Lua Error: 
[ERROR] conquest/lua/conquest/server/sv_main.lua:127: attempt to index a nil value
  1. Tick - addons/[server]_conquest/lua/conquest/server/sv_main.lua:127
   2. unknown - addons/[server]_conquest/lua/entities/flag_entity/shared.lua:23


L 12/24/2018 - 23:30:10: Lua Error: 
[ERROR] lua/includes/extensions/table.lua:679: bad argument #1 to 'pairs' (table expected, got nil)
  1. pairs - [C]:-1
   2. GetKeys - lua/includes/extensions/table.lua:679
    3. PrintTable - lua/includes/util.lua:62
     4. Tick - addons/[server]_conquest/lua/conquest/server/sv_main.lua:126
      5. unknown - addons/[server]_conquest/lua/entities/flag_entity/shared.lua:23


L 12/24/2018 - 23:30:10: Lua Error: 
[ERROR] lua/includes/extensions/table.lua:679: bad argument #1 to 'pairs' (table expected, got nil)
  1. pairs - [C]:-1
   2. GetKeys - lua/includes/extensions/table.lua:679
    3. PrintTable - lua/includes/util.lua:62
     4. Tick - addons/[server]_conquest/lua/conquest/server/sv_main.lua:126
      5. unknown - addons/[server]_conquest/lua/entities/flag_entity/shared.lua:23


L 12/24/2018 - 23:30:10: Lua Error: 
[ERROR] lua/includes/extensions/table.lua:679: bad argument #1 to 'pairs' (table expected, got nil)
  1. pairs - [C]:-1
   2. GetKeys - lua/includes/extensions/table.lua:679
    3. PrintTable - lua/includes/util.lua:62
     4. Tick - addons/[server]_conquest/lua/conquest/server/sv_main.lua:126
      5. unknown - addons/[server]_conquest/lua/entities/flag_entity/shared.lua:23


L 12/24/2018 - 23:30:10: Lua Error: 
[ERROR] lua/includes/extensions/table.lua:679: bad argument #1 to 'pairs' (table expected, got nil)
  1. pairs - [C]:-1
   2. GetKeys - lua/includes/extensions/table.lua:679
    3. PrintTable - lua/includes/util.lua:62
     4. Tick - addons/[server]_conquest/lua/conquest/server/sv_main.lua:126
      5. unknown - addons/[server]_conquest/lua/entities/flag_entity/shared.lua:23


L 12/24/2018 - 23:30:59: Lua Error: 
[ERROR] conquest/lua/conquest/server/sv_main.lua:127: attempt to index a nil value
  1. Tick - addons/[server]_conquest/lua/conquest/server/sv_main.lua:127
   2. unknown - addons/[server]_conquest/lua/entities/flag_entity/shared.lua:23


L 12/24/2018 - 23:30:59: Lua Error: 
[ERROR] conquest/lua/conquest/server/sv_main.lua:127: attempt to index a nil value
  1. Tick - addons/[server]_conquest/lua/conquest/server/sv_main.lua:127
   2. unknown - addons/[server]_conquest/lua/entities/flag_entity/shared.lua:23


L 12/24/2018 - 23:30:59: Lua Error: 
[ERROR] conquest/lua/conquest/server/sv_main.lua:127: attempt to index a nil value
  1. Tick - addons/[server]_conquest/lua/conquest/server/sv_main.lua:127
   2. unknown - addons/[server]_conquest/lua/entities/flag_entity/shared.lua:23


L 12/24/2018 - 23:30:59: Lua Error: 
[ERROR] conquest/lua/conquest/server/sv_main.lua:127: attempt to index a nil value
  1. Tick - addons/[server]_conquest/lua/conquest/server/sv_main.lua:127
   2. unknown - addons/[server]_conquest/lua/entities/flag_entity/shared.lua:23


L 12/24/2018 - 23:31:07: Lua Error: 
[ERROR] conquest/lua/conquest/server/sv_main.lua:127: attempt to index a nil value
  1. Tick - addons/[server]_conquest/lua/conquest/server/sv_main.lua:127
   2. unknown - addons/[server]_conquest/lua/entities/flag_entity/shared.lua:23


L 12/24/2018 - 23:31:07: Lua Error: 
[ERROR] conquest/lua/conquest/server/sv_main.lua:127: attempt to index a nil value
  1. Tick - addons/[server]_conquest/lua/conquest/server/sv_main.lua:127
   2. unknown - addons/[server]_conquest/lua/entities/flag_entity/shared.lua:23


L 12/24/2018 - 23:31:07: Lua Error: 
[ERROR] conquest/lua/conquest/server/sv_main.lua:127: attempt to index a nil value
  1. Tick - addons/[server]_conquest/lua/conquest/server/sv_main.lua:127
   2. unknown - addons/[server]_conquest/lua/entities/flag_entity/shared.lua:23


L 12/24/2018 - 23:31:07: Lua Error: 
[ERROR] conquest/lua/conquest/server/sv_main.lua:127: attempt to index a nil value
  1. Tick - addons/[server]_conquest/lua/conquest/server/sv_main.lua:127
   2. unknown - addons/[server]_conquest/lua/entities/flag_entity/shared.lua:23


L 12/24/2018 - 23:31:07: Lua Error: 
[ERROR] conquest/lua/conquest/server/sv_main.lua:127: attempt to index a nil value
  1. Tick - addons/[server]_conquest/lua/conquest/server/sv_main.lua:127
   2. unknown - addons/[server]_conquest/lua/entities/flag_entity/shared.lua:23


L 12/24/2018 - 23:31:15: Lua Error: 
[ERROR] conquest/lua/conquest/server/sv_main.lua:127: attempt to index a nil value
  1. Tick - addons/[server]_conquest/lua/conquest/server/sv_main.lua:127
   2. unknown - addons/[server]_conquest/lua/entities/flag_entity/shared.lua:23


L 12/24/2018 - 23:31:15: Lua Error: 
[ERROR] conquest/lua/conquest/server/sv_main.lua:127: attempt to index a nil value
  1. Tick - addons/[server]_conquest/lua/conquest/server/sv_main.lua:127
   2. unknown - addons/[server]_conquest/lua/entities/flag_entity/shared.lua:23


L 12/24/2018 - 23:31:15: Lua Error: 
[ERROR] conquest/lua/conquest/server/sv_main.lua:127: attempt to index a nil value
  1. Tick - addons/[server]_conquest/lua/conquest/server/sv_main.lua:127
   2. unknown - addons/[server]_conquest/lua/entities/flag_entity/shared.lua:23


L 12/24/2018 - 23:31:15: Lua Error: 
[ERROR] conquest/lua/conquest/server/sv_main.lua:127: attempt to index a nil value
  1. Tick - addons/[server]_conquest/lua/conquest/server/sv_main.lua:127
   2. unknown - addons/[server]_conquest/lua/entities/flag_entity/shared.lua:23


L 12/24/2018 - 23:31:15: Lua Error: 
[ERROR] conquest/lua/conquest/server/sv_main.lua:127: attempt to index a nil value
  1. Tick - addons/[server]_conquest/lua/conquest/server/sv_main.lua:127
   2. unknown - addons/[server]_conquest/lua/entities/flag_entity/shared.lua:23


L 12/24/2018 - 23:31:56: Lua Error: 
[ERROR] conquest/lua/conquest/server/sv_main.lua:127: attempt to index a nil value
  1. Tick - addons/[server]_conquest/lua/conquest/server/sv_main.lua:127
   2. unknown - addons/[server]_conquest/lua/entities/flag_entity/shared.lua:23


L 12/24/2018 - 23:31:56: Lua Error: 
[ERROR] conquest/lua/conquest/server/sv_main.lua:127: attempt to index a nil value
  1. Tick - addons/[server]_conquest/lua/conquest/server/sv_main.lua:127
   2. unknown - addons/[server]_conquest/lua/entities/flag_entity/shared.lua:23


L 12/24/2018 - 23:31:56: Lua Error: 
[ERROR] conquest/lua/conquest/server/sv_main.lua:127: attempt to index a nil value
  1. Tick - addons/[server]_conquest/lua/conquest/server/sv_main.lua:127
   2. unknown - addons/[server]_conquest/lua/entities/flag_entity/shared.lua:23


L 12/24/2018 - 23:31:56: Lua Error: 
[ERROR] conquest/lua/conquest/server/sv_main.lua:127: attempt to index a nil value
  1. Tick - addons/[server]_conquest/lua/conquest/server/sv_main.lua:127
   2. unknown - addons/[server]_conquest/lua/entities/flag_entity/shared.lua:23


L 12/24/2018 - 23:31:56: Lua Error: 
[ERROR] conquest/lua/conquest/server/sv_main.lua:127: attempt to index a nil value
  1. Tick - addons/[server]_conquest/lua/conquest/server/sv_main.lua:127
   2. unknown - addons/[server]_conquest/lua/entities/flag_entity/shared.lua:23


L 12/24/2018 - 23:31:56: Lua Error: 
[ERROR] conquest/lua/conquest/server/sv_main.lua:127: attempt to index a nil value
  1. Tick - addons/[server]_conquest/lua/conquest/server/sv_main.lua:127
   2. unknown - addons/[server]_conquest/lua/entities/flag_entity/shared.lua:23


L 12/24/2018 - 23:31:56: Lua Error: 
[ERROR] conquest/lua/conquest/server/sv_main.lua:127: attempt to index a nil value
  1. Tick - addons/[server]_conquest/lua/conquest/server/sv_main.lua:127
   2. unknown - addons/[server]_conquest/lua/entities/flag_entity/shared.lua:23


L 12/24/2018 - 23:31:56: Lua Error: 
[ERROR] conquest/lua/conquest/server/sv_main.lua:127: attempt to index a nil value
  1. Tick - addons/[server]_conquest/lua/conquest/server/sv_main.lua:127
   2. unknown - addons/[server]_conquest/lua/entities/flag_entity/shared.lua:23


L 12/24/2018 - 23:31:56: Lua Error: 
[ERROR] conquest/lua/conquest/server/sv_main.lua:127: attempt to index a nil value
  1. Tick - addons/[server]_conquest/lua/conquest/server/sv_main.lua:127
   2. unknown - addons/[server]_conquest/lua/entities/flag_entity/shared.lua:23


L 12/24/2018 - 23:31:56: Lua Error: 
[ERROR] conquest/lua/conquest/server/sv_main.lua:127: attempt to index a nil value
  1. Tick - addons/[server]_conquest/lua/conquest/server/sv_main.lua:127
   2. unknown - addons/[server]_conquest/lua/entities/flag_entity/shared.lua:23


L 12/24/2018 - 23:31:56: Lua Error: 
[ERROR] conquest/lua/conquest/server/sv_main.lua:127: attempt to index a nil value
  1. Tick - addons/[server]_conquest/lua/conquest/server/sv_main.lua:127
   2. unknown - addons/[server]_conquest/lua/entities/flag_entity/shared.lua:23


L 12/24/2018 - 23:32:14: Lua Error: 
[ERROR] conquest/lua/conquest/server/sv_main.lua:127: attempt to index a nil value
  1. Tick - addons/[server]_conquest/lua/conquest/server/sv_main.lua:127
   2. unknown - addons/[server]_conquest/lua/entities/flag_entity/shared.lua:23


L 12/24/2018 - 23:32:14: Lua Error: 
[ERROR] conquest/lua/conquest/server/sv_main.lua:127: attempt to index a nil value
  1. Tick - addons/[server]_conquest/lua/conquest/server/sv_main.lua:127
   2. unknown - addons/[server]_conquest/lua/entities/flag_entity/shared.lua:23


L 12/24/2018 - 23:32:14: Lua Error: 
[ERROR] conquest/lua/conquest/server/sv_main.lua:127: attempt to index a nil value
  1. Tick - addons/[server]_conquest/lua/conquest/server/sv_main.lua:127
   2. unknown - addons/[server]_conquest/lua/entities/flag_entity/shared.lua:23


L 12/24/2018 - 23:32:15: Lua Error: 
[ERROR] conquest/lua/conquest/server/sv_main.lua:127: attempt to index a nil value
  1. Tick - addons/[server]_conquest/lua/conquest/server/sv_main.lua:127
   2. unknown - addons/[server]_conquest/lua/entities/flag_entity/shared.lua:23


L 12/24/2018 - 23:33:04: Lua Error: 
[ERROR] conquest/lua/conquest/server/sv_main.lua:126: ')' expected near 'getJobTable'
  1. unknown - addons/[server]_conquest/lua/conquest/server/sv_main.lua:0


L 12/24/2018 - 23:33:04: Lua Error: 
[ERROR] conquest/lua/conquest/server/sv_main.lua:126: ')' expected near 'getJobTable'
  1. unknown - addons/[server]_conquest/lua/conquest/server/sv_main.lua:0


L 12/24/2018 - 23:33:09: Lua Error: 
[ERROR] conquest/lua/conquest/server/sv_main.lua:126: ')' expected near 'getJobTable'
  1. unknown - addons/[server]_conquest/lua/conquest/server/sv_main.lua:0


L 12/24/2018 - 23:33:13: Lua Error: 
[ERROR] conquest/lua/conquest/server/sv_main.lua:126: ')' expected near 'getJobTable'
  1. unknown - addons/[server]_conquest/lua/conquest/server/sv_main.lua:0


L 12/24/2018 - 23:33:27: Lua Error: 
[ERROR] conquest/lua/conquest/server/sv_main.lua:127: ')' expected near 'getJobTable'
  1. unknown - addons/[server]_conquest/lua/conquest/server/sv_main.lua:0


L 12/24/2018 - 23:33:32: Lua Error: 
[ERROR] conquest/lua/conquest/server/sv_main.lua:126: attempt to index a nil value
  1. Tick - addons/[server]_conquest/lua/conquest/server/sv_main.lua:126
   2. unknown - addons/[server]_conquest/lua/entities/flag_entity/shared.lua:23


L 12/24/2018 - 23:33:32: Lua Error: 
[ERROR] conquest/lua/conquest/server/sv_main.lua:126: attempt to index a nil value
  1. Tick - addons/[server]_conquest/lua/conquest/server/sv_main.lua:126
   2. unknown - addons/[server]_conquest/lua/entities/flag_entity/shared.lua:23


L 12/24/2018 - 23:33:32: Lua Error: 
[ERROR] conquest/lua/conquest/server/sv_main.lua:126: attempt to index a nil value
  1. Tick - addons/[server]_conquest/lua/conquest/server/sv_main.lua:126
   2. unknown - addons/[server]_conquest/lua/entities/flag_entity/shared.lua:23


L 12/24/2018 - 23:33:32: Lua Error: 
[ERROR] conquest/lua/conquest/server/sv_main.lua:126: attempt to index a nil value
  1. Tick - addons/[server]_conquest/lua/conquest/server/sv_main.lua:126
   2. unknown - addons/[server]_conquest/lua/entities/flag_entity/shared.lua:23


L 12/24/2018 - 23:33:32: Lua Error: 
[ERROR] conquest/lua/conquest/server/sv_main.lua:126: attempt to index a nil value
  1. Tick - addons/[server]_conquest/lua/conquest/server/sv_main.lua:126
   2. unknown - addons/[server]_conquest/lua/entities/flag_entity/shared.lua:23


L 12/24/2018 - 23:33:32: Lua Error: 
[ERROR] conquest/lua/conquest/server/sv_main.lua:126: attempt to index a nil value
  1. Tick - addons/[server]_conquest/lua/conquest/server/sv_main.lua:126
   2. unknown - addons/[server]_conquest/lua/entities/flag_entity/shared.lua:23


L 12/24/2018 - 23:33:32: Lua Error: 
[ERROR] conquest/lua/conquest/server/sv_main.lua:126: attempt to index a nil value
  1. Tick - addons/[server]_conquest/lua/conquest/server/sv_main.lua:126
   2. unknown - addons/[server]_conquest/lua/entities/flag_entity/shared.lua:23


L 12/24/2018 - 23:33:32: Lua Error: 
[ERROR] conquest/lua/conquest/server/sv_main.lua:126: attempt to index a nil value
  1. Tick - addons/[server]_conquest/lua/conquest/server/sv_main.lua:126
   2. unknown - addons/[server]_conquest/lua/entities/flag_entity/shared.lua:23


L 12/24/2018 - 23:33:32: Lua Error: 
[ERROR] conquest/lua/conquest/server/sv_main.lua:126: attempt to index a nil value
  1. Tick - addons/[server]_conquest/lua/conquest/server/sv_main.lua:126
   2. unknown - addons/[server]_conquest/lua/entities/flag_entity/shared.lua:23


L 12/24/2018 - 23:33:32: Lua Error: 
[ERROR] conquest/lua/conquest/server/sv_main.lua:126: attempt to index a nil value
  1. Tick - addons/[server]_conquest/lua/conquest/server/sv_main.lua:126
   2. unknown - addons/[server]_conquest/lua/entities/flag_entity/shared.lua:23


L 12/24/2018 - 23:33:32: Lua Error: 
[ERROR] conquest/lua/conquest/server/sv_main.lua:126: attempt to index a nil value
  1. Tick - addons/[server]_conquest/lua/conquest/server/sv_main.lua:126
   2. unknown - addons/[server]_conquest/lua/entities/flag_entity/shared.lua:23


L 12/24/2018 - 23:33:32: Lua Error: 
[ERROR] conquest/lua/conquest/server/sv_main.lua:126: attempt to index a nil value
  1. Tick - addons/[server]_conquest/lua/conquest/server/sv_main.lua:126
   2. unknown - addons/[server]_conquest/lua/entities/flag_entity/shared.lua:23


L 12/24/2018 - 23:33:32: Lua Error: 
[ERROR] conquest/lua/conquest/server/sv_main.lua:126: attempt to index a nil value
  1. Tick - addons/[server]_conquest/lua/conquest/server/sv_main.lua:126
   2. unknown - addons/[server]_conquest/lua/entities/flag_entity/shared.lua:23


L 12/24/2018 - 23:33:42: Lua Error: 
[ERROR] conquest/lua/conquest/server/sv_main.lua:127: ')' expected near 'getJobTable'
  1. unknown - addons/[server]_conquest/lua/conquest/server/sv_main.lua:0


L 12/24/2018 - 23:33:54: Lua Error: 
[ERROR] conquest/lua/conquest/server/sv_main.lua:128: ')' expected near 'getJobTable'
  1. unknown - addons/[server]_conquest/lua/conquest/server/sv_main.lua:0


L 12/24/2018 - 23:34:06: Lua Error: 
[ERROR] conquest/lua/conquest/server/sv_main.lua:128: ')' expected near 'getJobTable'
  1. unknown - addons/[server]_conquest/lua/conquest/server/sv_main.lua:0


L 12/24/2018 - 23:34:07: Lua Error: 
[ERROR] conquest/lua/conquest/server/sv_main.lua:126: attempt to index a nil value
  1. Tick - addons/[server]_conquest/lua/conquest/server/sv_main.lua:126
   2. unknown - addons/[server]_conquest/lua/entities/flag_entity/shared.lua:23


L 12/24/2018 - 23:34:07: Lua Error: 
[ERROR] conquest/lua/conquest/server/sv_main.lua:126: attempt to index a nil value
  1. Tick - addons/[server]_conquest/lua/conquest/server/sv_main.lua:126
   2. unknown - addons/[server]_conquest/lua/entities/flag_entity/shared.lua:23


L 12/24/2018 - 23:34:07: Lua Error: 
[ERROR] conquest/lua/conquest/server/sv_main.lua:126: attempt to index a nil value
  1. Tick - addons/[server]_conquest/lua/conquest/server/sv_main.lua:126
   2. unknown - addons/[server]_conquest/lua/entities/flag_entity/shared.lua:23


L 12/24/2018 - 23:34:07: Lua Error: 
[ERROR] conquest/lua/conquest/server/sv_main.lua:126: attempt to index a nil value
  1. Tick - addons/[server]_conquest/lua/conquest/server/sv_main.lua:126
   2. unknown - addons/[server]_conquest/lua/entities/flag_entity/shared.lua:23


L 12/24/2018 - 23:34:07: Lua Error: 
[ERROR] conquest/lua/conquest/server/sv_main.lua:126: attempt to index a nil value
  1. Tick - addons/[server]_conquest/lua/conquest/server/sv_main.lua:126
   2. unknown - addons/[server]_conquest/lua/entities/flag_entity/shared.lua:23


L 12/24/2018 - 23:34:07: Lua Error: 
[ERROR] conquest/lua/conquest/server/sv_main.lua:126: attempt to index a nil value
  1. Tick - addons/[server]_conquest/lua/conquest/server/sv_main.lua:126
   2. unknown - addons/[server]_conquest/lua/entities/flag_entity/shared.lua:23


L 12/24/2018 - 23:34:07: Lua Error: 
[ERROR] conquest/lua/conquest/server/sv_main.lua:126: attempt to index a nil value
  1. Tick - addons/[server]_conquest/lua/conquest/server/sv_main.lua:126
   2. unknown - addons/[server]_conquest/lua/entities/flag_entity/shared.lua:23


L 12/24/2018 - 23:34:15: Lua Error: 
[ERROR] conquest/lua/conquest/server/sv_main.lua:128: ')' expected near 'getJobTable'
  1. unknown - addons/[server]_conquest/lua/conquest/server/sv_main.lua:0


L 12/24/2018 - 23:34:16: Lua Error: 
[ERROR] conquest/lua/conquest/server/sv_main.lua:126: attempt to index a nil value
  1. Tick - addons/[server]_conquest/lua/conquest/server/sv_main.lua:126
   2. unknown - addons/[server]_conquest/lua/entities/flag_entity/shared.lua:23


L 12/24/2018 - 23:34:16: Lua Error: 
[ERROR] conquest/lua/conquest/server/sv_main.lua:126: attempt to index a nil value
  1. Tick - addons/[server]_conquest/lua/conquest/server/sv_main.lua:126
   2. unknown - addons/[server]_conquest/lua/entities/flag_entity/shared.lua:23


L 12/24/2018 - 23:34:16: Lua Error: 
[ERROR] conquest/lua/conquest/server/sv_main.lua:126: attempt to index a nil value
  1. Tick - addons/[server]_conquest/lua/conquest/server/sv_main.lua:126
   2. unknown - addons/[server]_conquest/lua/entities/flag_entity/shared.lua:23


L 12/24/2018 - 23:34:16: Lua Error: 
[ERROR] conquest/lua/conquest/server/sv_main.lua:126: attempt to index a nil value
  1. Tick - addons/[server]_conquest/lua/conquest/server/sv_main.lua:126
   2. unknown - addons/[server]_conquest/lua/entities/flag_entity/shared.lua:23


L 12/24/2018 - 23:34:16: Lua Error: 
[ERROR] conquest/lua/conquest/server/sv_main.lua:126: attempt to index a nil value
  1. Tick - addons/[server]_conquest/lua/conquest/server/sv_main.lua:126
   2. unknown - addons/[server]_conquest/lua/entities/flag_entity/shared.lua:23


L 12/24/2018 - 23:34:16: Lua Error: 
[ERROR] conquest/lua/conquest/server/sv_main.lua:126: attempt to index a nil value
  1. Tick - addons/[server]_conquest/lua/conquest/server/sv_main.lua:126
   2. unknown - addons/[server]_conquest/lua/entities/flag_entity/shared.lua:23


L 12/24/2018 - 23:34:52: Lua Error: 
[ERROR] conquest/lua/conquest/server/sv_main.lua:129: ')' expected near 'getJobTable'
  1. unknown - addons/[server]_conquest/lua/conquest/server/sv_main.lua:0


L 12/24/2018 - 23:34:57: Lua Error: 
[ERROR] conquest/lua/conquest/server/sv_main.lua:129: ')' expected near 'getJobTable'
  1. unknown - addons/[server]_conquest/lua/conquest/server/sv_main.lua:0


L 12/24/2018 - 23:34:57: Lua Error: 
[ERROR] conquest/lua/conquest/server/sv_main.lua:129: ')' expected near 'getJobTable'
  1. unknown - addons/[server]_conquest/lua/conquest/server/sv_main.lua:0


L 12/24/2018 - 23:35:02: Lua Error: 
[ERROR] conquest/lua/conquest/server/sv_main.lua:129: ')' expected near 'getJobTable'
  1. unknown - addons/[server]_conquest/lua/conquest/server/sv_main.lua:0


L 12/24/2018 - 23:35:06: Lua Error: 
[ERROR] conquest/lua/conquest/server/sv_main.lua:126: attempt to index a nil value
  1. Tick - addons/[server]_conquest/lua/conquest/server/sv_main.lua:126
   2. unknown - addons/[server]_conquest/lua/entities/flag_entity/shared.lua:23


L 12/24/2018 - 23:35:06: Lua Error: 
[ERROR] conquest/lua/conquest/server/sv_main.lua:126: attempt to index a nil value
  1. Tick - addons/[server]_conquest/lua/conquest/server/sv_main.lua:126
   2. unknown - addons/[server]_conquest/lua/entities/flag_entity/shared.lua:23


L 12/24/2018 - 23:35:06: Lua Error: 
[ERROR] conquest/lua/conquest/server/sv_main.lua:126: attempt to index a nil value
  1. Tick - addons/[server]_conquest/lua/conquest/server/sv_main.lua:126
   2. unknown - addons/[server]_conquest/lua/entities/flag_entity/shared.lua:23


L 12/24/2018 - 23:35:06: Lua Error: 
[ERROR] conquest/lua/conquest/server/sv_main.lua:126: attempt to index a nil value
  1. Tick - addons/[server]_conquest/lua/conquest/server/sv_main.lua:126
   2. unknown - addons/[server]_conquest/lua/entities/flag_entity/shared.lua:23


L 12/24/2018 - 23:35:07: Lua Error: 
[ERROR] conquest/lua/conquest/server/sv_main.lua:126: attempt to index a nil value
  1. Tick - addons/[server]_conquest/lua/conquest/server/sv_main.lua:126
   2. unknown - addons/[server]_conquest/lua/entities/flag_entity/shared.lua:23


L 12/24/2018 - 23:35:07: Lua Error: 
[ERROR] conquest/lua/conquest/server/sv_main.lua:126: attempt to index a nil value
  1. Tick - addons/[server]_conquest/lua/conquest/server/sv_main.lua:126
   2. unknown - addons/[server]_conquest/lua/entities/flag_entity/shared.lua:23


L 12/24/2018 - 23:35:07: Lua Error: 
[ERROR] conquest/lua/conquest/server/sv_main.lua:126: attempt to index a nil value
  1. Tick - addons/[server]_conquest/lua/conquest/server/sv_main.lua:126
   2. unknown - addons/[server]_conquest/lua/entities/flag_entity/shared.lua:23


L 12/24/2018 - 23:35:31: Lua Error: 
[ERROR] conquest/lua/conquest/server/sv_main.lua:126: attempt to index a nil value
  1. Tick - addons/[server]_conquest/lua/conquest/server/sv_main.lua:126
   2. unknown - addons/[server]_conquest/lua/entities/flag_entity/shared.lua:23


L 12/24/2018 - 23:35:31: Lua Error: 
[ERROR] conquest/lua/conquest/server/sv_main.lua:126: attempt to index a nil value
  1. Tick - addons/[server]_conquest/lua/conquest/server/sv_main.lua:126
   2. unknown - addons/[server]_conquest/lua/entities/flag_entity/shared.lua:23


L 12/24/2018 - 23:35:31: Lua Error: 
[ERROR] conquest/lua/conquest/server/sv_main.lua:126: attempt to index a nil value
  1. Tick - addons/[server]_conquest/lua/conquest/server/sv_main.lua:126
   2. unknown - addons/[server]_conquest/lua/entities/flag_entity/shared.lua:23


L 12/24/2018 - 23:35:31: Lua Error: 
[ERROR] conquest/lua/conquest/server/sv_main.lua:126: attempt to index a nil value
  1. Tick - addons/[server]_conquest/lua/conquest/server/sv_main.lua:126
   2. unknown - addons/[server]_conquest/lua/entities/flag_entity/shared.lua:23


L 12/24/2018 - 23:35:31: Lua Error: 
[ERROR] conquest/lua/conquest/server/sv_main.lua:126: attempt to index a nil value
  1. Tick - addons/[server]_conquest/lua/conquest/server/sv_main.lua:126
   2. unknown - addons/[server]_conquest/lua/entities/flag_entity/shared.lua:23


L 12/24/2018 - 23:35:31: Lua Error: 
[ERROR] conquest/lua/conquest/server/sv_main.lua:126: attempt to index a nil value
  1. Tick - addons/[server]_conquest/lua/conquest/server/sv_main.lua:126
   2. unknown - addons/[server]_conquest/lua/entities/flag_entity/shared.lua:23


L 12/24/2018 - 23:35:41: Lua Error: 
[ERROR] conquest/lua/conquest/server/sv_main.lua:130: ')' expected near 'getJobTable'
  1. unknown - addons/[server]_conquest/lua/conquest/server/sv_main.lua:0


L 12/24/2018 - 23:35:41: Lua Error: 
[ERROR] conquest/lua/conquest/server/sv_main.lua:126: attempt to index a nil value
  1. Tick - addons/[server]_conquest/lua/conquest/server/sv_main.lua:126
   2. unknown - addons/[server]_conquest/lua/entities/flag_entity/shared.lua:23


L 12/24/2018 - 23:35:41: Lua Error: 
[ERROR] conquest/lua/conquest/server/sv_main.lua:126: attempt to index a nil value
  1. Tick - addons/[server]_conquest/lua/conquest/server/sv_main.lua:126
   2. unknown - addons/[server]_conquest/lua/entities/flag_entity/shared.lua:23


L 12/24/2018 - 23:35:41: Lua Error: 
[ERROR] conquest/lua/conquest/server/sv_main.lua:126: attempt to index a nil value
  1. Tick - addons/[server]_conquest/lua/conquest/server/sv_main.lua:126
   2. unknown - addons/[server]_conquest/lua/entities/flag_entity/shared.lua:23


L 12/24/2018 - 23:35:41: Lua Error: 
[ERROR] conquest/lua/conquest/server/sv_main.lua:126: attempt to index a nil value
  1. Tick - addons/[server]_conquest/lua/conquest/server/sv_main.lua:126
   2. unknown - addons/[server]_conquest/lua/entities/flag_entity/shared.lua:23


L 12/24/2018 - 23:35:41: Lua Error: 
[ERROR] conquest/lua/conquest/server/sv_main.lua:126: attempt to index a nil value
  1. Tick - addons/[server]_conquest/lua/conquest/server/sv_main.lua:126
   2. unknown - addons/[server]_conquest/lua/entities/flag_entity/shared.lua:23


L 12/24/2018 - 23:35:41: Lua Error: 
[ERROR] conquest/lua/conquest/server/sv_main.lua:126: attempt to index a nil value
  1. Tick - addons/[server]_conquest/lua/conquest/server/sv_main.lua:126
   2. unknown - addons/[server]_conquest/lua/entities/flag_entity/shared.lua:23


L 12/24/2018 - 23:35:52: Lua Error: 
[ERROR] conquest/lua/conquest/server/sv_main.lua:129: ')' expected near 'getJobTable'
  1. unknown - addons/[server]_conquest/lua/conquest/server/sv_main.lua:0


L 12/24/2018 - 23:36:07: Lua Error: 
[ERROR] conquest/lua/conquest/server/sv_main.lua:126: attempt to index a nil value
  1. Tick - addons/[server]_conquest/lua/conquest/server/sv_main.lua:126
   2. unknown - addons/[server]_conquest/lua/entities/flag_entity/shared.lua:23


L 12/24/2018 - 23:36:07: Lua Error: 
[ERROR] conquest/lua/conquest/server/sv_main.lua:126: attempt to index a nil value
  1. Tick - addons/[server]_conquest/lua/conquest/server/sv_main.lua:126
   2. unknown - addons/[server]_conquest/lua/entities/flag_entity/shared.lua:23


L 12/24/2018 - 23:36:07: Lua Error: 
[ERROR] conquest/lua/conquest/server/sv_main.lua:126: attempt to index a nil value
  1. Tick - addons/[server]_conquest/lua/conquest/server/sv_main.lua:126
   2. unknown - addons/[server]_conquest/lua/entities/flag_entity/shared.lua:23


L 12/24/2018 - 23:36:07: Lua Error: 
[ERROR] conquest/lua/conquest/server/sv_main.lua:126: attempt to index a nil value
  1. Tick - addons/[server]_conquest/lua/conquest/server/sv_main.lua:126
   2. unknown - addons/[server]_conquest/lua/entities/flag_entity/shared.lua:23


L 12/24/2018 - 23:36:07: Lua Error: 
[ERROR] conquest/lua/conquest/server/sv_main.lua:126: attempt to index a nil value
  1. Tick - addons