L 12/28/2019 - 22:56:52: Log file started (file "logs\L1228003.log") (game "D:\sup\steamapps\common\GarrysModDS\garrysmod") (version "7671")
L 12/28/2019 - 22:56:52: server_cvar: "sv_alltalk" "3"
L 12/28/2019 - 22:56:52: server_cvar: "sv_allowcslua" "1"
L 12/28/2019 - 22:56:52: server_cvar: "sv_airaccelerate" "1000"
L 12/28/2019 - 22:56:52: server_cvar: "sv_alltalk" "0"
L 12/28/2019 - 22:56:54: Connection to Steam servers successful.
L 12/28/2019 - 22:56:54:    Public IP is 31.130.42.47.
L 12/28/2019 - 22:56:54: Assigned anonymous gameserver Steam ID [A-1:680221705(13855)].
L 12/28/2019 - 22:56:54: VAC secure mode is activated.
L 12/28/2019 - 22:57:38: Lua Error: 
[ERROR] gamemodes/darkrp/gamemode/modules/base/sh_createitems.lua:893: attempt to index local 'cat' (a nil value)
  1. mergeCategories - gamemodes/darkrp/gamemode/modules/base/sh_createitems.lua:893
   2. fn - gamemodes/darkrp/gamemode/modules/base/sh_createitems.lua:905
    3. Call - addons/ulxulib/lua/ulib/shared/hook.lua:109
     4. Call - gamemodes/darkrp/gamemode/libraries/modificationloader.lua:149
      5. unknown - gamemodes/darkrp/gamemode/init.lua:111


L 12/28/2019 - 22:57:38: Lua Error: Couldn't Load Init Script: 'darkrp/gamemode/init.lua'

L 12/28/2019 - 22:57:41: [FAdmin] Server succesfully shut down.
L 12/28/2019 - 22:57:41: [FAdmin] prop_physics(models/maxofs2d/companion_doll.mdl) Got removed
L 12/28/2019 - 22:57:41: [FAdmin] prop_physics(models/props_c17/furnituretable003a.mdl) Got removed
L 12/28/2019 - 22:57:41: [FAdmin] prop_physics(models/props_c17/furniturecouch002a.mdl) Got removed
L 12/28/2019 - 22:57:41: [FAdmin] prop_physics(models/props_c17/furniturecouch001a.mdl) Got removed
L 12/28/2019 - 22:57:41: server_message: "quit"
L 12/28/2019 - 22:57:41: Log file closed.
