L 12/28/2019 - 22:59:32: Log file started (file "logs\L1228005.log") (game "D:\sup\steamapps\common\GarrysModDS\garrysmod") (version "7671")
L 12/28/2019 - 22:59:32: server_cvar: "sv_alltalk" "3"
L 12/28/2019 - 22:59:32: server_cvar: "sv_allowcslua" "1"
L 12/28/2019 - 22:59:32: server_cvar: "sv_airaccelerate" "1000"
L 12/28/2019 - 22:59:32: server_cvar: "sv_alltalk" "0"
L 12/28/2019 - 22:59:32: "DidVaitel<2><STEAM_0:1:74202541><>" connected, address "31.130.42.47:27006"
L 12/28/2019 - 22:59:33: Connection to Steam servers successful.
L 12/28/2019 - 22:59:33:    Public IP is 31.130.42.47.
L 12/28/2019 - 22:59:33: Assigned anonymous gameserver Steam ID [A-1:749319169(13855)].
L 12/28/2019 - 22:59:33: VAC secure mode is activated.
L 12/28/2019 - 22:59:33: "DidVaitel<2><STEAM_0:1:74202541><>" STEAM USERID validated
L 12/28/2019 - 22:59:40: [FAdmin] DidVaitel (STEAM_0:1:74202541) is Authed
L 12/28/2019 - 22:59:40: [FAdmin] DidVaitel (STEAM_0:1:74202541) Spawned for the first time
L 12/28/2019 - 22:59:40: [FAdmin] DidVaitel (STEAM_0:1:74202541) Spawned
L 12/28/2019 - 22:59:40: "DidVaitel<2><STEAM_0:1:74202541><>" entered the game
L 12/28/2019 - 22:59:40: [FAdmin] DidVaitel (STEAM_0:1:74202541) Attempted to pick up a keys
L 12/28/2019 - 22:59:40: [FAdmin] DidVaitel (STEAM_0:1:74202541) Attempted to pick up a weapon_physcannon
L 12/28/2019 - 22:59:40: [FAdmin] DidVaitel (STEAM_0:1:74202541) Attempted to pick up a gmod_camera
L 12/28/2019 - 22:59:40: [FAdmin] DidVaitel (STEAM_0:1:74202541) Attempted to pick up a gmod_tool
L 12/28/2019 - 22:59:40: [FAdmin] DidVaitel (STEAM_0:1:74202541) Attempted to pick up a pocket
L 12/28/2019 - 22:59:40: [FAdmin] DidVaitel (STEAM_0:1:74202541) Attempted to pick up a weapon_physgun
L 12/28/2019 - 22:59:40: [FAdmin] DidVaitel (STEAM_0:1:74202541) Attempted to pick up a weapon_keypadchecker
L 12/28/2019 - 22:59:40: [FAdmin] DidVaitel (STEAM_0:1:74202541) Attempted to pick up a door_ram
L 12/28/2019 - 22:59:40: [FAdmin] DidVaitel (STEAM_0:1:74202541) Attempted to pick up a arrest_stick
L 12/28/2019 - 22:59:40: [FAdmin] DidVaitel (STEAM_0:1:74202541) Attempted to pick up a unarrest_stick
L 12/28/2019 - 22:59:40: [FAdmin] DidVaitel (STEAM_0:1:74202541) Attempted to pick up a stunstick
L 12/28/2019 - 22:59:40: [FAdmin] DidVaitel (STEAM_0:1:74202541) Attempted to pick up a weaponchecker
L 12/28/2019 - 22:59:50: [FAdmin] DidVaitel (STEAM_0:1:74202541) Attempted to use tool complex_employer_tool
L 12/28/2019 - 22:59:53: [FAdmin] DidVaitel (STEAM_0:1:74202541) Attempted to use tool complex_employer_tool
L 12/28/2019 - 22:59:56: [FAdmin] DidVaitel (STEAM_0:1:74202541) Attempted to use tool complex_employer_tool
L 12/28/2019 - 22:59:56: [FAdmin] DidVaitel (STEAM_0:1:74202541) Attempted to use tool complex_employer_tool
L 12/28/2019 - 22:59:57: [FAdmin] DidVaitel (STEAM_0:1:74202541) Attempted to use tool complex_employer_tool
L 12/28/2019 - 22:59:57: [FAdmin] DidVaitel (STEAM_0:1:74202541) Attempted to use tool complex_employer_tool
L 12/28/2019 - 22:59:57: [FAdmin] DidVaitel (STEAM_0:1:74202541) Attempted to use tool complex_employer_tool
L 12/28/2019 - 22:59:57: [FAdmin] DidVaitel (STEAM_0:1:74202541) Attempted to use tool complex_employer_tool
L 12/28/2019 - 22:59:59: [FAdmin] DidVaitel (STEAM_0:1:74202541) Attempted to use tool complex_employer_tool
L 12/28/2019 - 23:00:01: [FAdmin] DidVaitel (STEAM_0:1:74202541) Attempted to use tool complex_employer_tool
L 12/28/2019 - 23:00:10: [FAdmin] DidVaitel (STEAM_0:1:74202541) Attempted to use tool complex_employer_tool
L 12/28/2019 - 23:00:19: [FAdmin] DidVaitel (STEAM_0:1:74202541) Attempted to use tool complex_employer_tool
L 12/28/2019 - 23:00:24: [FAdmin] DidVaitel (STEAM_0:1:74202541) Attempted to use tool complex_employer_tool
L 12/28/2019 - 23:00:32: [FAdmin] DidVaitel (STEAM_0:1:74202541) Attempted to use tool complex_employer_tool
L 12/28/2019 - 23:00:38: [FAdmin] DidVaitel (STEAM_0:1:74202541) Attempted to use tool complex_employer_tool
L 12/28/2019 - 23:01:20: [FAdmin] DidVaitel (STEAM_0:1:74202541) Attempted to use tool complex_employer_tool
L 12/28/2019 - 23:02:39: [FAdmin] Server succesfully shut down.
L 12/28/2019 - 23:02:39: [FAdmin] prop_physics(models/maxofs2d/companion_doll.mdl) Got removed
L 12/28/2019 - 23:02:39: [FAdmin] prop_physics(models/props_c17/furnituretable003a.mdl) Got removed
L 12/28/2019 - 23:02:39: [FAdmin] prop_physics(models/props_c17/furniturecouch002a.mdl) Got removed
L 12/28/2019 - 23:02:39: [FAdmin] prop_physics(models/props_c17/furniturecouch001a.mdl) Got removed
L 12/28/2019 - 23:02:39: "DidVaitel<2><STEAM_0:1:74202541><>" disconnected (reason "Server shutting down")
L 12/28/2019 - 23:02:39: server_message: "quit"
L 12/28/2019 - 23:02:39: Log file closed.
